<?xml version="1.0" encoding="UTF-8" ?>
<<<<<<< HEAD
<testsuite errors="0" failures="0" hostname="Abdulais-MBP.fios-router.home" name="net.sf.freecol.AllTests" skipped="0" tests="430" time="13.449" timestamp="2018-05-08T23:08:31">
  <properties>
    <property name="java.vendor" value="Oracle Corporation" />
    <property name="miglayout-core.jar" value="jars/miglayout-core-4.2.jar" />
    <property name="sun.java.launcher" value="SUN_STANDARD" />
    <property name="env.XPC_SERVICE_NAME" value="org.eclipse.platform.ide.18036" />
    <property name="eclipse.pdebuild.templates" value="/Applications/Eclipse Java.app/Contents/Eclipse/plugins/org.eclipse.pde.build_3.9.100.v20150521-1524/templates//" />
    <property name="sun.management.compiler" value="HotSpot 64-Bit Tiered Compilers" />
    <property name="freecol.javadoc.dir" value="/Users/dibasy/Documents/Programs/Java Programs/COSC442-Final-Project/FreeCol/doc/javadoc" />
    <property name="os.name" value="Mac OS X" />
    <property name="sun.boot.class.path" value="/Library/Java/JavaVirtualMachines/jdk1.8.0_101.jdk/Contents/Home/jre/lib/resources.jar:/Library/Java/JavaVirtualMachines/jdk1.8.0_101.jdk/Contents/Home/jre/lib/rt.jar:/Library/Java/JavaVirtualMachines/jdk1.8.0_101.jdk/Contents/Home/jre/lib/sunrsasign.jar:/Library/Java/JavaVirtualMachines/jdk1.8.0_101.jdk/Contents/Home/jre/lib/jsse.jar:/Library/Java/JavaVirtualMachines/jdk1.8.0_101.jdk/Contents/Home/jre/lib/jce.jar:/Library/Java/JavaVirtualMachines/jdk1.8.0_101.jdk/Contents/Home/jre/lib/charsets.jar:/Library/Java/JavaVirtualMachines/jdk1.8.0_101.jdk/Contents/Home/jre/lib/jfr.jar:/Library/Java/JavaVirtualMachines/jdk1.8.0_101.jdk/Contents/Home/jre/classes" />
    <property name="env.TMPDIR" value="/var/folders/3s/s22bgs957x1bp98ykfm6b6xc0000gn/T/" />
    <property name="TODAY" value="May 8 2018" />
    <property name="java.vm.specification.vendor" value="Oracle Corporation" />
    <property name="ant.home" value="/Applications/Eclipse Java.app/Contents/Eclipse/plugins/org.apache.ant_1.9.6.v201510161327" />
    <property name="freecol.metaserver.jar.file" value="/Users/dibasy/Documents/Programs/Java Programs/COSC442-Final-Project/FreeCol/FreeCol-metaserver.jar" />
    <property name="java.runtime.version" value="1.8.0_101-b13" />
    <property name="env.Apple_PubSub_Socket_Render" value="/private/tmp/com.apple.launchd.baRXKYywbo/Render" />
    <property name="env.DISPLAY" value="/private/tmp/com.apple.launchd.1vsUOekAtJ/org.macosforge.xquartz:0" />
    <property name="user.name" value="dibasy" />
    <property name="env.USER" value="dibasy" />
    <property name="env.SHELL" value="/bin/bash" />
    <property name="env.__CF_USER_TEXT_ENCODING" value="0x1F5:0x0:0x0" />
    <property name="env.APP_ICON_653" value="../Resources/Eclipse.icns" />
    <property name="freecol.overview.file" value="/Users/dibasy/Documents/Programs/Java Programs/COSC442-Final-Project/FreeCol/src/overview.html" />
    <property name="ant.file.type.FreeCol" value="file" />
    <property name="freecol.release.dir" value="/Users/dibasy/Documents/Programs/Java Programs/COSC442-Final-Project/FreeCol/dist" />
    <property name="env.PATH" value="/usr/bin:/bin:/usr/sbin:/sbin" />
    <property name="user.language" value="en" />
    <property name="sun.boot.library.path" value="/Library/Java/JavaVirtualMachines/jdk1.8.0_101.jdk/Contents/Home/jre/lib" />
    <property name="ant.project.default-target" value="package" />
    <property name="env.XPC_FLAGS" value="0x0" />
    <property name="ant.project.name" value="FreeCol" />
    <property name="DSTAMP" value="20180508" />
    <property name="cortado.jar" value="jars/cortado-0.6.0.jar" />
    <property name="java.version" value="1.8.0_101" />
    <property name="user.timezone" value="" />
    <property name="freecol.name" value="freecol" />
    <property name="sun.arch.data.model" value="64" />
    <property name="http.nonProxyHosts" value="local|*.local|169.254/16|*.169.254/16" />
    <property name="java.endorsed.dirs" value="/Library/Java/JavaVirtualMachines/jdk1.8.0_101.jdk/Contents/Home/jre/lib/endorsed" />
    <property name="sun.cpu.isalist" value="" />
    <property name="sun.jnu.encoding" value="UTF-8" />
    <property name="file.encoding.pkg" value="sun.io" />
    <property name="file.separator" value="/" />
    <property name="java.specification.name" value="Java Platform API Specification" />
    <property name="java.class.version" value="52.0" />
    <property name="user.country" value="US" />
    <property name="java.home" value="/Library/Java/JavaVirtualMachines/jdk1.8.0_101.jdk/Contents/Home/jre" />
    <property name="java.vm.info" value="mixed mode" />
    <property name="env.LOGNAME" value="dibasy" />
    <property name="ant.file" value="/Users/dibasy/Documents/Programs/Java Programs/COSC442-Final-Project/FreeCol/build.xml" />
    <property name="os.version" value="10.13.4" />
    <property name="miglayout-swing.jar" value="jars/miglayout-swing-4.2.jar" />
    <property name="freecol.build.dir" value="/Users/dibasy/Documents/Programs/Java Programs/COSC442-Final-Project/FreeCol/build" />
    <property name="path.separator" value=":" />
    <property name="java.vm.version" value="25.101-b13" />
    <property name="java.target.version" value="1.8" />
    <property name="ant.library.dir" value="/Applications/Eclipse Java.app/Contents/Eclipse/plugins/org.apache.ant_1.9.6.v201510161327/lib" />
    <property name="java.awt.printerjob" value="sun.lwawt.macosx.CPrinterJob" />
    <property name="env.JAVA_STARTED_ON_FIRST_THREAD_765" value="1" />
    <property name="freecol.packaging.dir" value="/Users/dibasy/Documents/Programs/Java Programs/COSC442-Final-Project/FreeCol/packaging" />
    <property name="sun.io.unicode.encoding" value="UnicodeBig" />
    <property name="awt.toolkit" value="sun.lwawt.macosx.LWCToolkit" />
    <property name="socksNonProxyHosts" value="local|*.local|169.254/16|*.169.254/16" />
    <property name="ftp.nonProxyHosts" value="local|*.local|169.254/16|*.169.254/16" />
    <property name="ant.file.FreeCol" value="/Users/dibasy/Documents/Programs/Java Programs/COSC442-Final-Project/FreeCol/build.xml" />
    <property name="eclipse.pdebuild.scripts" value="/Applications/Eclipse Java.app/Contents/Eclipse/plugins/org.eclipse.pde.build_3.9.100.v20150521-1524/scripts//" />
    <property name="freecol.rules.dir" value="/Users/dibasy/Documents/Programs/Java Programs/COSC442-Final-Project/FreeCol/data/rules" />
    <property name="user.home" value="/Users/dibasy" />
    <property name="java.specification.vendor" value="Oracle Corporation" />
    <property name="test" value="AllTests" />
    <property name="java.vendor.url" value="http://java.oracle.com/" />
    <property name="java.library.path" value="/Users/dibasy/Library/Java/Extensions:/Library/Java/Extensions:/Network/Library/Java/Extensions:/System/Library/Java/Extensions:/usr/lib/java:." />
    <property name="gopherProxySet" value="false" />
    <property name="java.vm.vendor" value="Oracle Corporation" />
    <property name="java.runtime.name" value="Java(TM) SE Runtime Environment" />
    <property name="ant.version" value="Apache Ant(TM) version 1.9.6 compiled on June 29 2015" />
    <property name="java.class.path" value="/Users/dibasy/Documents/Programs/Java Programs/COSC442-Final-Project/FreeCol/build:/Users/dibasy/Documents/Programs/Java Programs/COSC442-Final-Project/FreeCol/test/lib/junit.jar:/Users/dibasy/Documents/Programs/Java Programs/COSC442-Final-Project/FreeCol/jars/miglayout-swing-4.2.jar:/Users/dibasy/Documents/Programs/Java Programs/COSC442-Final-Project/FreeCol/jars/miglayout-core-4.2.jar:/Users/dibasy/Documents/Programs/Java Programs/COSC442-Final-Project/FreeCol/jars/commons-cli-1.1.jar:/Users/dibasy/Documents/Programs/Java Programs/COSC442-Final-Project/FreeCol/jars/cortado-0.6.0.jar:/Users/dibasy/Documents/Programs/Java Programs/COSC442-Final-Project/FreeCol/jars/jogg-0.0.17.jar:/Users/dibasy/Documents/Programs/Java Programs/COSC442-Final-Project/FreeCol/jars/jorbis-0.0.17.jar:/Applications/Eclipse Java.app/Contents/Eclipse/plugins/org.apache.ant_1.9.6.v201510161327/lib/ant-launcher.jar:/Applications/Eclipse Java.app/Contents/Eclipse/plugins/org.apache.ant_1.9.6.v201510161327/lib/ant.jar:/Applications/Eclipse Java.app/Contents/Eclipse/plugins/org.apache.ant_1.9.6.v201510161327/lib/ant-junit.jar:/Applications/Eclipse Java.app/Contents/Eclipse/plugins/org.apache.ant_1.9.6.v201510161327/lib/ant-junit4.jar" />
    <property name="sun.java.command" value="org.apache.tools.ant.taskdefs.optional.junit.JUnitTestRunner net.sf.freecol.AllTests skipNonTests=false filtertrace=true haltOnError=false haltOnFailure=false formatter=org.apache.tools.ant.taskdefs.optional.junit.SummaryJUnitResultFormatter showoutput=false outputtoformatters=true logfailedtests=true threadid=0 logtestlistenerevents=false formatter=org.apache.tools.ant.taskdefs.optional.junit.XMLJUnitResultFormatter,/Users/dibasy/Documents/Programs/Java Programs/COSC442-Final-Project/FreeCol/build/report/xml/TEST-net.sf.freecol.AllTests.xml crashfile=/Users/dibasy/Documents/Programs/Java Programs/COSC442-Final-Project/FreeCol/junitvmwatcher2351918697325994514.properties propsfile=/Users/dibasy/Documents/Programs/Java Programs/COSC442-Final-Project/FreeCol/junit632641232660720922.properties" />
    <property name="TSTAMP" value="1908" />
    <property name="env.JAVA_MAIN_CLASS_765" value="org.eclipse.ant.internal.launching.remote.InternalAntRunner" />
    <property name="isOsMac" value="true" />
    <property name="java.vm.specification.name" value="Java Virtual Machine Specification" />
    <property name="env.JAVA_STARTED_ON_FIRST_THREAD_653" value="1" />
    <property name="java.vm.specification.version" value="1.8" />
    <property name="sun.os.patch.level" value="unknown" />
    <property name="sun.cpu.endian" value="little" />
    <property name="java.awt.headless" value="true" />
    <property name="env.HOME" value="/Users/dibasy" />
    <property name="env.ANT_HOME" value="/Applications/Eclipse Java.app/Contents/Eclipse/plugins/org.apache.ant_1.9.6.v201510161327" />
    <property name="java.io.tmpdir" value="/var/folders/3s/s22bgs957x1bp98ykfm6b6xc0000gn/T/" />
    <property name="eclipse.pdebuild.home" value="/Applications/Eclipse Java.app/Contents/Eclipse/plugins/org.eclipse.pde.build_3.9.100.v20150521-1524/.//" />
    <property name="freecol.src.dir" value="/Users/dibasy/Documents/Programs/Java Programs/COSC442-Final-Project/FreeCol/src" />
    <property name="java.vendor.url.bug" value="http://bugreport.sun.com/bugreport/" />
    <property name="env.SSH_AUTH_SOCK" value="/private/tmp/com.apple.launchd.0auEsgkAEs/Listeners" />
    <property name="java.awt.graphicsenv" value="sun.awt.CGraphicsEnvironment" />
    <property name="os.arch" value="x86_64" />
    <property name="java.ext.dirs" value="/Users/dibasy/Library/Java/Extensions:/Library/Java/JavaVirtualMachines/jdk1.8.0_101.jdk/Contents/Home/jre/lib/ext:/Library/Java/Extensions:/Network/Library/Java/Extensions:/System/Library/Java/Extensions:/usr/lib/java" />
    <property name="user.dir" value="/Users/dibasy/Documents/Programs/Java Programs/COSC442-Final-Project/FreeCol" />
    <property name="isOsUnixLike" value="true" />
    <property name="line.separator" value="&#xa;" />
    <property name="java.vm.name" value="Java HotSpot(TM) 64-Bit Server VM" />
    <property name="basedir" value="/Users/dibasy/Documents/Programs/Java Programs/COSC442-Final-Project/FreeCol" />
    <property name="ant.java.version" value="1.8" />
    <property name="freecol.jar.file" value="/Users/dibasy/Documents/Programs/Java Programs/COSC442-Final-Project/FreeCol/FreeCol.jar" />
    <property name="ant.core.lib" value="/Applications/Eclipse Java.app/Contents/Eclipse/plugins/org.apache.ant_1.9.6.v201510161327/lib/ant.jar" />
    <property name="cli.jar" value="jars/commons-cli-1.1.jar" />
    <property name="file.encoding" value="UTF-8" />
    <property name="freecol.data.dir" value="/Users/dibasy/Documents/Programs/Java Programs/COSC442-Final-Project/FreeCol/data" />
    <property name="freecol.doc.dir" value="/Users/dibasy/Documents/Programs/Java Programs/COSC442-Final-Project/FreeCol/doc" />
    <property name="java.specification.version" value="1.8" />
    <property name="ant.project.invoked-targets" value="testall" />
  </properties>
  <testcase classname="net.sf.freecol.common.i18n.CLDRTest" name="testRuleParsing" time="0.044" />
  <testcase classname="net.sf.freecol.common.i18n.CLDRTest" name="testPlurals" time="0.001" />
  <testcase classname="net.sf.freecol.common.i18n.MessagesTest" name="testReplaceArbitraryTag" time="0.017" />
  <testcase classname="net.sf.freecol.common.i18n.MessagesTest" name="testReplaceNumber" time="0.018" />
  <testcase classname="net.sf.freecol.common.i18n.MessagesTest" name="testReplaceChoicesGrammar" time="0.012" />
  <testcase classname="net.sf.freecol.common.i18n.MessagesTest" name="testMessageWithSpecialChars" time="0.011" />
  <testcase classname="net.sf.freecol.common.i18n.MessagesTest" name="testReplaceGarbage" time="0.016" />
  <testcase classname="net.sf.freecol.common.i18n.MessagesTest" name="testAbstractUnitDescription" time="0.009" />
  <testcase classname="net.sf.freecol.common.i18n.MessagesTest" name="testChangeLocaleSettings" time="0.031" />
  <testcase classname="net.sf.freecol.common.i18n.MessagesTest" name="testMessageString" time="0.006" />
  <testcase classname="net.sf.freecol.common.i18n.MessagesTest" name="testNestedChoices" time="0.009" />
  <testcase classname="net.sf.freecol.common.i18n.MessagesTest" name="testStringTemplates" time="0.098" />
  <testcase classname="net.sf.freecol.common.i18n.MessagesTest" name="testReplaceChoicesPlural" time="0.005" />
  <testcase classname="net.sf.freecol.common.i18n.MessagesTest" name="testUnitDescription" time="0.011" />
  <testcase classname="net.sf.freecol.common.i18n.MessagesTest" name="testREFMessages" time="0.008" />
  <testcase classname="net.sf.freecol.common.io.ModTest" name="testGetRuleSets" time="0.001" />
  <testcase classname="net.sf.freecol.common.io.ModTest" name="testGetAllMods" time="0.006" />
=======
<testsuite errors="0" failures="0" hostname="Dumpling" name="net.sf.freecol.AllTests" skipped="0" tests="430" time="22.322" timestamp="2018-05-14T16:21:55">
  <properties>
    <property name="java.vendor" value="Oracle Corporation" />
    <property name="env.USERDOMAIN_ROAMINGPROFILE" value="Dumpling" />
    <property name="sun.java.launcher" value="SUN_STANDARD" />
    <property name="miglayout-core.jar" value="jars/miglayout-core-4.2.jar" />
    <property name="sun.management.compiler" value="HotSpot 64-Bit Tiered Compilers" />
    <property name="env.PROMPT" value="$P$G" />
    <property name="freecol.javadoc.dir" value="E:\My Documents\GitHub\COSC442-Final-Project\FreeCol/doc/javadoc" />
    <property name="os.name" value="Windows 10" />
    <property name="env.FP_NO_HOST_CHECK" value="NO" />
    <property name="env.COMPUTERNAME" value="DUMPLING" />
    <property name="env.CommonProgramW6432" value="C:\Program Files\Common Files" />
    <property name="TODAY" value="May 14 2018" />
    <property name="env.ALLUSERSPROFILE" value="C:\ProgramData" />
    <property name="sun.desktop" value="windows" />
    <property name="java.vm.specification.vendor" value="Oracle Corporation" />
    <property name="ant.home" value="E:\Program Files\eclipse\plugins\org.apache.ant_1.10.1.v20170504-0840" />
    <property name="freecol.metaserver.jar.file" value="E:\My Documents\GitHub\COSC442-Final-Project\FreeCol/FreeCol-metaserver.jar" />
    <property name="java.runtime.version" value="9.0.1+11" />
    <property name="env.HOMEPATH" value="\Users\Kolbe" />
    <property name="user.name" value="Kolbe" />
    <property name="freecol.overview.file" value="E:\My Documents\GitHub\COSC442-Final-Project\FreeCol/src/overview.html" />
    <property name="ant.file.type.FreeCol" value="file" />
    <property name="freecol.release.dir" value="E:\My Documents\GitHub\COSC442-Final-Project\FreeCol/dist" />
    <property name="user.language" value="en" />
    <property name="env.windows_tracing_flags" value="3" />
    <property name="sun.boot.library.path" value="C:\Program Files\Java\jdk-9.0.1\bin" />
    <property name="env.NVM_HOME" value="C:\Users\Kolbe\AppData\Roaming\nvm" />
    <property name="ant.project.default-target" value="package" />
    <property name="ant.project.name" value="FreeCol" />
    <property name="DSTAMP" value="20180514" />
    <property name="cortado.jar" value="jars/cortado-0.6.0.jar" />
    <property name="java.vm.compressedOopsMode" value="32-bit" />
    <property name="java.version" value="9.0.1" />
    <property name="env.PROCESSOR_IDENTIFIER" value="Intel64 Family 6 Model 58 Stepping 9, GenuineIntel" />
    <property name="user.timezone" value="" />
    <property name="env.TEMP" value="C:\Users\Kolbe\AppData\Local\Temp" />
    <property name="env.asl.log" value="Destination=file" />
    <property name="freecol.name" value="freecol" />
    <property name="sun.arch.data.model" value="64" />
    <property name="file.encoding.pkg" value="sun.io" />
    <property name="sun.cpu.isalist" value="amd64" />
    <property name="env.HOMEDRIVE" value="C:" />
    <property name="sun.jnu.encoding" value="Cp1252" />
    <property name="file.separator" value="\" />
    <property name="isOsWindows" value="true" />
    <property name="java.specification.name" value="Java Platform API Specification" />
    <property name="java.class.version" value="53.0" />
    <property name="user.country" value="US" />
    <property name="build.classes.dir" value="E:\My Documents\GitHub\COSC442-Final-Project\FreeCol\src\net\sf\freecol" />
    <property name="java.home" value="C:\Program Files\Java\jdk-9.0.1" />
    <property name="env.PSModulePath" value="C:\WINDOWS\system32\WindowsPowerShell\v1.0\Modules\" />
    <property name="env.APPDATA" value="C:\Users\Kolbe\AppData\Roaming" />
    <property name="java.vm.info" value="mixed mode" />
    <property name="env.windows_tracing_logfile" value="C:\BVTBin\Tests\installpackage\csilogfile.log" />
    <property name="env.PUBLIC" value="C:\Users\Public" />
    <property name="env.ComSpec" value="C:\WINDOWS\system32\cmd.exe" />
    <property name="env.OS" value="Windows_NT" />
    <property name="env.CommonProgramFiles" value="C:\Program Files\Common Files" />
    <property name="os.version" value="10.0" />
    <property name="ant.file" value="E:\My Documents\GitHub\COSC442-Final-Project\FreeCol\build.xml" />
    <property name="env.MINITAB_LICENSE_FILE" value="C:\Program Files (x86)\Minitab\Minitab 17" />
    <property name="env.ProgramW6432" value="C:\Program Files" />
    <property name="miglayout-swing.jar" value="jars/miglayout-swing-4.2.jar" />
    <property name="env.INTEL_DEV_REDIST" value="C:\Program Files (x86)\Common Files\Intel\Shared Libraries\" />
    <property name="env.javac" value="C:\Program Files\Java\jdk1.8.0_20\bin\javac.exe" />
    <property name="freecol.build.dir" value="E:\My Documents\GitHub\COSC442-Final-Project\FreeCol/build" />
    <property name="env.AMDAPPSDKROOT" value="C:\Program Files (x86)\AMD APP\" />
    <property name="path.separator" value=";" />
    <property name="java.vm.version" value="9.0.1+11" />
    <property name="java.target.version" value="1.8" />
    <property name="user.variant" value="" />
    <property name="env.USERPROFILE" value="C:\Users\Kolbe" />
    <property name="ant.library.dir" value="E:\Program Files\eclipse\plugins\org.apache.ant_1.10.1.v20170504-0840\lib" />
    <property name="java.awt.printerjob" value="sun.awt.windows.WPrinterJob" />
    <property name="freecol.packaging.dir" value="E:\My Documents\GitHub\COSC442-Final-Project\FreeCol/packaging" />
    <property name="env.TMP" value="C:\Users\Kolbe\AppData\Local\Temp" />
    <property name="sun.io.unicode.encoding" value="UnicodeLittle" />
    <property name="awt.toolkit" value="sun.awt.windows.WToolkit" />
    <property name="_jacoco.agentFile" value="C:\Users\Kolbe\AppData\Local\Temp\jacocoagent3158558267805640937.jar" />
    <property name="user.script" value="" />
    <property name="ant.file.FreeCol" value="E:\My Documents\GitHub\COSC442-Final-Project\FreeCol\build.xml" />
    <property name="user.home" value="C:\Users\Kolbe" />
    <property name="freecol.rules.dir" value="E:\My Documents\GitHub\COSC442-Final-Project\FreeCol/data/rules" />
    <property name="env.ProgramData" value="C:\ProgramData" />
    <property name="env.ProgramFiles(x86)" value="C:\Program Files (x86)" />
    <property name="env.SESSIONNAME" value="Console" />
    <property name="test" value="AllTests" />
    <property name="java.specification.vendor" value="Oracle Corporation" />
    <property name="java.library.path" value="C:\Program Files\Java\jdk-9.0.1\bin;C:\WINDOWS\Sun\Java\bin;C:\WINDOWS\system32;C:\WINDOWS;C:\Program Files (x86)\Common Files\Intel\Shared Libraries\redist\ia32\mpirt;C:\Program Files (x86)\Common Files\Intel\Shared Libraries\redist\ia32\compiler;C:\ProgramData\Oracle\Java\javapath;C:\Program Files\Java\jdk1.8.0_20\bin;Path=C:\Program Files (x86)\Windows Resource Kits\Tools\;C:\Windows\System32;C:\Windows;C:\Windows\System32\wbem;C:\Windows\System32\WindowsPowerShell\v1.0\;C:\Program Files (x86)\Quarantine\;C:\Program Files\Perforce;C:\Program Files\Microsoft Network Monitor 3\;E:\My Documents\CSI 161;C:\Program Files (x86)\ATI Technologies\ATI.ACE\Core-Static;C:\Program Files (x86)\AMD\ATI.ACE\Core-Static;C:\Program Files (x86)\NVIDIA Corporation\PhysX\Common;C:\Windows\System32;C:\Windows;C:\Windows\System32\wbem;C:\Windows\System32\WindowsPowerShell\v1.0\;C:\Program Files (x86)\Skype\Phone\;C:\Strawberry\c\bin;C:\Strawberry\perl\site\bin;C:\Strawberry\perl\bin;C:\Program Files\PuTTY\;C:\Program Files (x86)\WinSCP\;C:\Program Files (x86)\QuickTime\QTSystem\;C:\Program Files\Git\cmd;C:\Program Files (x86)\MySQL\MySQL Utilities 1.6\;%NVM_HOME%;%NVM_SYMLINK%;C:\Users\Kolbe\AppData\Local\Programs\Python\Python36-32\Scripts\;C:\Users\Kolbe\AppData\Local\Programs\Python\Python36-32\;C:\Users\Kolbe\AppData\Local\.meteor\;C:\Users\Kolbe\AppData\Local\Microsoft\WindowsApps;C:\Users\Kolbe\AppData\Local\atom\bin;E:\MiKTeX 2.9\miktex\bin\x64\;C:\Users\Kolbe\AppData\Roaming\npm;E:\Program Files (x86)\Microsoft VS Code\Microsoft VS Code\bin;C:\Users\Kolbe\AppData\Local\Microsoft\WindowsApps;E:\Program Files\Microsoft VS Code\bin;C:\Users\Kolbe\AppData\Roaming\nvm;C:\Program Files\nodejs;." />
    <property name="env.NUMBER_OF_PROCESSORS" value="8" />
    <property name="java.vendor.url" value="http://java.oracle.com/" />
    <property name="java.vm.vendor" value="Oracle Corporation" />
    <property name="java.runtime.name" value="Java(TM) SE Runtime Environment" />
    <property name="java.class.path" value="E:\My Documents\GitHub\COSC442-Final-Project\FreeCol\build;E:\My Documents\GitHub\COSC442-Final-Project\FreeCol\test\lib\junit.jar;E:\My Documents\GitHub\COSC442-Final-Project\FreeCol\jars\miglayout-swing-4.2.jar;E:\My Documents\GitHub\COSC442-Final-Project\FreeCol\jars\miglayout-core-4.2.jar;E:\My Documents\GitHub\COSC442-Final-Project\FreeCol\jars\commons-cli-1.1.jar;E:\My Documents\GitHub\COSC442-Final-Project\FreeCol\jars\cortado-0.6.0.jar;E:\My Documents\GitHub\COSC442-Final-Project\FreeCol\jars\jogg-0.0.17.jar;E:\My Documents\GitHub\COSC442-Final-Project\FreeCol\jars\jorbis-0.0.17.jar;E:\Program Files\eclipse\plugins\org.apache.ant_1.10.1.v20170504-0840\lib\ant-launcher.jar;E:\Program Files\eclipse\plugins\org.apache.ant_1.10.1.v20170504-0840\lib\ant.jar;E:\Program Files\eclipse\plugins\org.apache.ant_1.10.1.v20170504-0840\lib\ant-junit.jar;E:\Program Files\eclipse\plugins\org.apache.ant_1.10.1.v20170504-0840\lib\ant-junit4.jar" />
    <property name="sun.java.command" value="org.apache.tools.ant.taskdefs.optional.junit.JUnitTestRunner net.sf.freecol.AllTests skipNonTests=false filtertrace=true haltOnError=false haltOnFailure=false formatter=org.apache.tools.ant.taskdefs.optional.junit.SummaryJUnitResultFormatter showoutput=false outputtoformatters=true logfailedtests=true threadid=0 logtestlistenerevents=false formatter=org.apache.tools.ant.taskdefs.optional.junit.XMLJUnitResultFormatter,E:\My Documents\GitHub\COSC442-Final-Project\FreeCol\build\report\xml\TEST-net.sf.freecol.AllTests.xml crashfile=E:\My Documents\GitHub\COSC442-Final-Project\FreeCol\junitvmwatcher12326411813592156795.properties propsfile=E:\My Documents\GitHub\COSC442-Final-Project\FreeCol\junit2639926112092430622.properties" />
    <property name="ant.version" value="Apache Ant(TM) version 1.10.1 compiled on February 2 2017" />
    <property name="TSTAMP" value="1221" />
    <property name="jar.classpath" value="jars/miglayout-swing-4.2.jar jars/miglayout-core-4.2.jar jars/commons-cli-1.1.jar jars/cortado-0.6.0.jar jars/jogg-0.0.17.jar jars/jorbis-0.0.17.jar" />
    <property name="jdk.debug" value="release" />
    <property name="java.vm.specification.name" value="Java Virtual Machine Specification" />
    <property name="env.windir" value="C:\WINDOWS" />
    <property name="env.LOGONSERVER" value="\\DUMPLING" />
    <property name="java.vm.specification.version" value="9" />
    <property name="env.PROCESSOR_ARCHITECTURE" value="AMD64" />
    <property name="sun.cpu.endian" value="little" />
    <property name="sun.os.patch.level" value="" />
    <property name="env.OneDrive" value="C:\Users\Kolbe\OneDrive" />
    <property name="java.awt.headless" value="true" />
    <property name="env.ANT_HOME" value="E:\Program Files\eclipse\plugins\org.apache.ant_1.10.1.v20170504-0840" />
    <property name="env.ProgramFiles" value="C:\Program Files" />
    <property name="env.PROCESSOR_REVISION" value="3a09" />
    <property name="java.io.tmpdir" value="C:\Users\Kolbe\AppData\Local\Temp\" />
    <property name="env.CommonProgramFiles(x86)" value="C:\Program Files (x86)\Common Files" />
    <property name="freecol.src.dir" value="E:\My Documents\GitHub\COSC442-Final-Project\FreeCol/src" />
    <property name="java.vendor.url.bug" value="http://bugreport.java.com/bugreport/" />
    <property name="env.SystemRoot" value="C:\WINDOWS" />
    <property name="os.arch" value="amd64" />
    <property name="java.awt.graphicsenv" value="sun.awt.Win32GraphicsEnvironment" />
    <property name="env.NVM_SYMLINK" value="C:\Program Files\nodejs" />
    <property name="user.dir" value="E:\My Documents\GitHub\COSC442-Final-Project\FreeCol" />
    <property name="env.LOCALAPPDATA" value="C:\Users\Kolbe\AppData\Local" />
    <property name="line.separator" value="&#xd;&#xa;" />
    <property name="java.vm.name" value="Java HotSpot(TM) 64-Bit Server VM" />
    <property name="env.PATHEXT" value=".COM;.EXE;.BAT;.CMD;.VBS;.VBE;.JS;.JSE;.WSF;.WSH;.MSC" />
    <property name="env.Path" value="C:\Program Files (x86)\Common Files\Intel\Shared Libraries\redist\ia32\mpirt;C:\Program Files (x86)\Common Files\Intel\Shared Libraries\redist\ia32\compiler;C:\ProgramData\Oracle\Java\javapath;C:\Program Files\Java\jdk1.8.0_20\bin;Path=C:\Program Files (x86)\Windows Resource Kits\Tools\;C:\Windows\System32;C:\Windows;C:\Windows\System32\wbem;C:\Windows\System32\WindowsPowerShell\v1.0\;C:\Program Files (x86)\Quarantine\;C:\Program Files\Perforce;C:\Program Files\Microsoft Network Monitor 3\;E:\My Documents\CSI 161;C:\Program Files (x86)\ATI Technologies\ATI.ACE\Core-Static;C:\Program Files (x86)\AMD\ATI.ACE\Core-Static;C:\Program Files (x86)\NVIDIA Corporation\PhysX\Common;C:\Windows\System32;C:\Windows;C:\Windows\System32\wbem;C:\Windows\System32\WindowsPowerShell\v1.0\;C:\Program Files (x86)\Skype\Phone\;C:\Strawberry\c\bin;C:\Strawberry\perl\site\bin;C:\Strawberry\perl\bin;C:\Program Files\PuTTY\;C:\Program Files (x86)\WinSCP\;C:\Program Files (x86)\QuickTime\QTSystem\;C:\Program Files\Git\cmd;C:\Program Files (x86)\MySQL\MySQL Utilities 1.6\;%NVM_HOME%;%NVM_SYMLINK%;C:\Users\Kolbe\AppData\Local\Programs\Python\Python36-32\Scripts\;C:\Users\Kolbe\AppData\Local\Programs\Python\Python36-32\;C:\Users\Kolbe\AppData\Local\.meteor\;C:\Users\Kolbe\AppData\Local\Microsoft\WindowsApps;C:\Users\Kolbe\AppData\Local\atom\bin;E:\MiKTeX 2.9\miktex\bin\x64\;C:\Users\Kolbe\AppData\Roaming\npm;E:\Program Files (x86)\Microsoft VS Code\Microsoft VS Code\bin;C:\Users\Kolbe\AppData\Local\Microsoft\WindowsApps;E:\Program Files\Microsoft VS Code\bin;C:\Users\Kolbe\AppData\Roaming\nvm;C:\Program Files\nodejs" />
    <property name="basedir" value="E:\My Documents\GitHub\COSC442-Final-Project\FreeCol" />
    <property name="ant.java.version" value="9" />
    <property name="ant.core.lib" value="E:\Program Files\eclipse\plugins\org.apache.ant_1.10.1.v20170504-0840\lib\ant.jar" />
    <property name="freecol.jar.file" value="E:\My Documents\GitHub\COSC442-Final-Project\FreeCol/FreeCol.jar" />
    <property name="env.USERNAME" value="Kolbe" />
    <property name="cli.jar" value="jars/commons-cli-1.1.jar" />
    <property name="env.SystemDrive" value="C:" />
    <property name="file.encoding" value="Cp1252" />
    <property name="freecol.data.dir" value="E:\My Documents\GitHub\COSC442-Final-Project\FreeCol/data" />
    <property name="env.USERDOMAIN" value="Dumpling" />
    <property name="freecol.doc.dir" value="E:\My Documents\GitHub\COSC442-Final-Project\FreeCol/doc" />
    <property name="java.specification.version" value="9" />
    <property name="ant.project.invoked-targets" value="package,testall" />
    <property name="env.PROCESSOR_LEVEL" value="6" />
  </properties>
  <testcase classname="net.sf.freecol.common.i18n.CLDRTest" name="testRuleParsing" time="0.044" />
  <testcase classname="net.sf.freecol.common.i18n.CLDRTest" name="testPlurals" time="0.003" />
  <testcase classname="net.sf.freecol.common.i18n.MessagesTest" name="testReplaceArbitraryTag" time="0.016" />
  <testcase classname="net.sf.freecol.common.i18n.MessagesTest" name="testReplaceNumber" time="0.015" />
  <testcase classname="net.sf.freecol.common.i18n.MessagesTest" name="testReplaceChoicesGrammar" time="0.013" />
  <testcase classname="net.sf.freecol.common.i18n.MessagesTest" name="testMessageWithSpecialChars" time="0.019" />
  <testcase classname="net.sf.freecol.common.i18n.MessagesTest" name="testReplaceGarbage" time="0.014" />
  <testcase classname="net.sf.freecol.common.i18n.MessagesTest" name="testAbstractUnitDescription" time="0.014" />
  <testcase classname="net.sf.freecol.common.i18n.MessagesTest" name="testChangeLocaleSettings" time="0.047" />
  <testcase classname="net.sf.freecol.common.i18n.MessagesTest" name="testMessageString" time="0.008" />
  <testcase classname="net.sf.freecol.common.i18n.MessagesTest" name="testNestedChoices" time="0.007" />
  <testcase classname="net.sf.freecol.common.i18n.MessagesTest" name="testStringTemplates" time="0.378" />
  <testcase classname="net.sf.freecol.common.i18n.MessagesTest" name="testReplaceChoicesPlural" time="0.008" />
  <testcase classname="net.sf.freecol.common.i18n.MessagesTest" name="testUnitDescription" time="0.014" />
  <testcase classname="net.sf.freecol.common.i18n.MessagesTest" name="testREFMessages" time="0.004" />
  <testcase classname="net.sf.freecol.common.io.ModTest" name="testGetRuleSets" time="0.004" />
  <testcase classname="net.sf.freecol.common.io.ModTest" name="testGetAllMods" time="0.012" />
>>>>>>> master
  <testcase classname="net.sf.freecol.common.option.OptionTest" name="testGameOptions" time="0.001" />
  <testcase classname="net.sf.freecol.common.option.OptionTest" name="testUnitListOption" time="0.0" />
  <testcase classname="net.sf.freecol.common.option.OptionTest" name="testInheritsEditable" time="0.0" />
  <testcase classname="net.sf.freecol.common.option.OptionTest" name="testCloneIntegerOption" time="0.0" />
<<<<<<< HEAD
  <testcase classname="net.sf.freecol.common.model.SpecificationTest" name="testExtendsDelete" time="0.037" />
  <testcase classname="net.sf.freecol.common.model.SpecificationTest" name="testLoadMods" time="0.015" />
  <testcase classname="net.sf.freecol.common.model.SpecificationTest" name="testExtends" time="0.026" />
  <testcase classname="net.sf.freecol.common.model.SpecificationTest" name="testModifiers" time="0.0" />
  <testcase classname="net.sf.freecol.common.model.SpecificationTest" name="testLoad" time="0.012" />
  <testcase classname="net.sf.freecol.common.model.SpecificationTest" name="testNationTypes" time="0.0" />
=======
  <testcase classname="net.sf.freecol.common.model.SpecificationTest" name="testExtendsDelete" time="0.099" />
  <testcase classname="net.sf.freecol.common.model.SpecificationTest" name="testLoadMods" time="0.051" />
  <testcase classname="net.sf.freecol.common.model.SpecificationTest" name="testExtends" time="0.078" />
  <testcase classname="net.sf.freecol.common.model.SpecificationTest" name="testModifiers" time="0.001" />
  <testcase classname="net.sf.freecol.common.model.SpecificationTest" name="testLoad" time="0.031" />
  <testcase classname="net.sf.freecol.common.model.SpecificationTest" name="testNationTypes" time="0.001" />
>>>>>>> master
  <testcase classname="net.sf.freecol.common.model.SpecificationTest" name="testGetDefaultUnitType" time="0.001" />
  <testcase classname="net.sf.freecol.common.model.SpecificationTest" name="testGoodsTypes" time="0.0" />
  <testcase classname="net.sf.freecol.common.model.SpecificationTest" name="testFoundingFathers" time="0.0" />
  <testcase classname="net.sf.freecol.common.model.SpecificationTest" name="testRequiredAbilitiesForRoles" time="0.001" />
  <testcase classname="net.sf.freecol.common.model.SpecificationTest" name="testNations" time="0.0" />
  <testcase classname="net.sf.freecol.common.model.SpecificationTest" name="testUnitAbilities" time="0.0" />
<<<<<<< HEAD
  <testcase classname="net.sf.freecol.common.model.BaseCostDeciderTest" name="testNavalUnitMoveToTileWithSettlement" time="0.024" />
  <testcase classname="net.sf.freecol.common.model.BaseCostDeciderTest" name="testInvalidMoveThroughTileWithSettlement" time="0.004" />
  <testcase classname="net.sf.freecol.common.model.BaseCostDeciderTest" name="testGetRemainingMovesAndNewTurn" time="0.002" />
  <testcase classname="net.sf.freecol.common.model.BaseCostDeciderTest" name="testGetCostLandLand" time="0.002" />
  <testcase classname="net.sf.freecol.common.model.BaseCostDeciderTest" name="testInvalidMoveOfLandUnitToAnOceanTile" time="0.002" />
  <testcase classname="net.sf.freecol.common.model.BaseCostDeciderTest" name="testInvalidMoveOfNavalUnitToALandTile" time="0.007" />
  <testcase classname="net.sf.freecol.common.model.BuildingTest" name="testStockade" time="0.012" />
  <testcase classname="net.sf.freecol.common.model.BuildingTest" name="testCottonClothProduction" time="0.008" />
  <testcase classname="net.sf.freecol.common.model.BuildingTest" name="testPasture" time="0.008" />
  <testcase classname="net.sf.freecol.common.model.BuildingTest" name="testCanBuildNext" time="0.005" />
  <testcase classname="net.sf.freecol.common.model.BuildingTest" name="testFortRequiresMinimumPopulation" time="0.005" />
  <testcase classname="net.sf.freecol.common.model.BuildingTest" name="testUnitProduction" time="0.014" />
  <testcase classname="net.sf.freecol.common.model.BuildingTest" name="testPrintingPressBonus" time="0.008" />
  <testcase classname="net.sf.freecol.common.model.BuildingTest" name="testCanAddToBuilding" time="0.013" />
  <testcase classname="net.sf.freecol.common.model.BuildingTest" name="testToolsMusketProduction" time="0.014" />
  <testcase classname="net.sf.freecol.common.model.BuildingTest" name="testFortressRequiresMinimumPopulation" time="0.006" />
  <testcase classname="net.sf.freecol.common.model.BuildingTest" name="testSerialize" time="0.012" />
  <testcase classname="net.sf.freecol.common.model.BuildingTest" name="testTownhallProduction" time="0.008" />
  <testcase classname="net.sf.freecol.common.model.BuildingTest" name="testChurch" time="0.016" />
  <testcase classname="net.sf.freecol.common.model.BuildingTest" name="testInitialColony" time="0.004" />
  <testcase classname="net.sf.freecol.common.model.BuildingTest" name="testStockadeRequiresMinimumPopulation" time="0.003" />
  <testcase classname="net.sf.freecol.common.model.BuildingTest" name="testNewspaperBonus" time="0.005" />
  <testcase classname="net.sf.freecol.common.model.BuildingTest" name="testCanAddToSchool" time="0.007" />
  <testcase classname="net.sf.freecol.common.model.ColonyTest" name="testCopyColony" time="0.011" />
  <testcase classname="net.sf.freecol.common.model.ColonyTest" name="testFoundColony" time="0.006" />
  <testcase classname="net.sf.freecol.common.model.ColonyTest" name="testTeaParty" time="0.004" />
  <testcase classname="net.sf.freecol.common.model.ColonyTest" name="testAddUnitToColony" time="0.009" />
  <testcase classname="net.sf.freecol.common.model.ColonyTest" name="testCurrentlyBuilding" time="0.002" />
  <testcase classname="net.sf.freecol.common.model.ColonyTest" name="testBuildQueueDoesNotAcceptBuildingDoubles" time="0.002" />
  <testcase classname="net.sf.freecol.common.model.ColonyTest" name="testBuildQueueAcceptsUnitDoubles" time="0.002" />
  <testcase classname="net.sf.freecol.common.model.ColonyTest" name="testUpkeep" time="0.003" />
  <testcase classname="net.sf.freecol.common.model.ColonyTest" name="testUnderSiege" time="0.002" />
  <testcase classname="net.sf.freecol.common.model.ColonyTest" name="testOccupationWithFood" time="0.002" />
  <testcase classname="net.sf.freecol.common.model.ColonyProductionTest" name="testNoHorsesOverProduction" time="0.001" />
  <testcase classname="net.sf.freecol.common.model.ColonyProductionTest" name="testBellNetProduction" time="0.002" />
  <testcase classname="net.sf.freecol.common.model.ColonyProductionTest" name="testProductionMap" time="0.0" />
  <testcase classname="net.sf.freecol.common.model.ColonyProductionTest" name="testProductionSoldier" time="0.003" />
  <testcase classname="net.sf.freecol.common.model.ColonyProductionTest" name="testConsumers" time="0.002" />
  <testcase classname="net.sf.freecol.common.model.ColonyProductionTest" name="testProductionPioneer" time="0.002" />
  <testcase classname="net.sf.freecol.common.model.ColonyProductionTest" name="testProduction" time="0.002" />
  <testcase classname="net.sf.freecol.common.model.ColonyProductionTest" name="testGetPotentialProduction" time="0.002" />
  <testcase classname="net.sf.freecol.common.model.CombatTest" name="testCaptureConvert" time="0.237" />
  <testcase classname="net.sf.freecol.common.model.CombatTest" name="testGalleonAttackedByPrivateer" time="0.002" />
  <testcase classname="net.sf.freecol.common.model.CombatTest" name="testDefendColonyWithUnarmedColonist" time="0.003" />
  <testcase classname="net.sf.freecol.common.model.CombatTest" name="testRegulars" time="0.077" />
  <testcase classname="net.sf.freecol.common.model.CombatTest" name="testSpanishAgainstNatives" time="0.002" />
  <testcase classname="net.sf.freecol.common.model.CombatTest" name="testColonistAttackedByVeteran" time="0.001" />
  <testcase classname="net.sf.freecol.common.model.CombatTest" name="testAttackIgnoresMovementPoints" time="0.001" />
  <testcase classname="net.sf.freecol.common.model.CombatTest" name="testAttackShipWithLandUnit" time="0.001" />
  <testcase classname="net.sf.freecol.common.model.CombatTest" name="testDefendColonyWithRevere" time="0.004" />
  <testcase classname="net.sf.freecol.common.model.CombatTest" name="testDefendSettlement" time="0.001" />
  <testcase classname="net.sf.freecol.common.model.DisasterTest" name="testDisastersPresent" time="0.001" />
  <testcase classname="net.sf.freecol.common.model.EuropeTest" name="testMissionary" time="0.0" />
  <testcase classname="net.sf.freecol.common.model.FoundingFatherTest" name="testAddAllFathers" time="0.003" />
  <testcase classname="net.sf.freecol.common.model.FoundingFatherTest" name="testAvailableTo" time="0.001" />
  <testcase classname="net.sf.freecol.common.model.FoundingFatherTest" name="testFeatures" time="0.0" />
  <testcase classname="net.sf.freecol.common.model.FoundingFatherTest" name="testBellsRequired" time="0.0" />
  <testcase classname="net.sf.freecol.common.model.GameTest" name="testGame" time="0.0" />
  <testcase classname="net.sf.freecol.common.model.GameTest" name="testTurn" time="0.0" />
  <testcase classname="net.sf.freecol.common.model.GameTest" name="testAddPlayer" time="0.0" />
  <testcase classname="net.sf.freecol.common.model.GoodsTest" name="testGetTakeSpace" time="0.001" />
  <testcase classname="net.sf.freecol.common.model.GoodsTest" name="testGetInputType" time="0.0" />
  <testcase classname="net.sf.freecol.common.model.GoodsTest" name="testSetGetAmount" time="0.001" />
  <testcase classname="net.sf.freecol.common.model.GoodsTest" name="testGoodsGameLocationIntInt" time="0.001" />
  <testcase classname="net.sf.freecol.common.model.GoodsTest" name="testToString" time="0.007" />
  <testcase classname="net.sf.freecol.common.model.GoodsTest" name="testBuildingMaterials" time="0.0" />
  <testcase classname="net.sf.freecol.common.model.GoodsTest" name="testIsFarmedGoods" time="0.0" />
  <testcase classname="net.sf.freecol.common.model.GoodsTest" name="testGetName" time="0.001" />
  <testcase classname="net.sf.freecol.common.model.GoodsTest" name="testSerialize" time="0.02" />
=======
  <testcase classname="net.sf.freecol.common.model.BaseCostDeciderTest" name="testNavalUnitMoveToTileWithSettlement" time="0.056" />
  <testcase classname="net.sf.freecol.common.model.BaseCostDeciderTest" name="testInvalidMoveThroughTileWithSettlement" time="0.006" />
  <testcase classname="net.sf.freecol.common.model.BaseCostDeciderTest" name="testGetRemainingMovesAndNewTurn" time="0.004" />
  <testcase classname="net.sf.freecol.common.model.BaseCostDeciderTest" name="testGetCostLandLand" time="0.003" />
  <testcase classname="net.sf.freecol.common.model.BaseCostDeciderTest" name="testInvalidMoveOfLandUnitToAnOceanTile" time="0.004" />
  <testcase classname="net.sf.freecol.common.model.BaseCostDeciderTest" name="testInvalidMoveOfNavalUnitToALandTile" time="0.004" />
  <testcase classname="net.sf.freecol.common.model.BuildingTest" name="testStockade" time="0.014" />
  <testcase classname="net.sf.freecol.common.model.BuildingTest" name="testCottonClothProduction" time="0.028" />
  <testcase classname="net.sf.freecol.common.model.BuildingTest" name="testPasture" time="0.022" />
  <testcase classname="net.sf.freecol.common.model.BuildingTest" name="testCanBuildNext" time="0.012" />
  <testcase classname="net.sf.freecol.common.model.BuildingTest" name="testFortRequiresMinimumPopulation" time="0.015" />
  <testcase classname="net.sf.freecol.common.model.BuildingTest" name="testUnitProduction" time="0.024" />
  <testcase classname="net.sf.freecol.common.model.BuildingTest" name="testPrintingPressBonus" time="0.019" />
  <testcase classname="net.sf.freecol.common.model.BuildingTest" name="testCanAddToBuilding" time="0.03" />
  <testcase classname="net.sf.freecol.common.model.BuildingTest" name="testToolsMusketProduction" time="0.022" />
  <testcase classname="net.sf.freecol.common.model.BuildingTest" name="testFortressRequiresMinimumPopulation" time="0.014" />
  <testcase classname="net.sf.freecol.common.model.BuildingTest" name="testSerialize" time="0.018" />
  <testcase classname="net.sf.freecol.common.model.BuildingTest" name="testTownhallProduction" time="0.012" />
  <testcase classname="net.sf.freecol.common.model.BuildingTest" name="testChurch" time="0.026" />
  <testcase classname="net.sf.freecol.common.model.BuildingTest" name="testInitialColony" time="0.004" />
  <testcase classname="net.sf.freecol.common.model.BuildingTest" name="testStockadeRequiresMinimumPopulation" time="0.007" />
  <testcase classname="net.sf.freecol.common.model.BuildingTest" name="testNewspaperBonus" time="0.012" />
  <testcase classname="net.sf.freecol.common.model.BuildingTest" name="testCanAddToSchool" time="0.02" />
  <testcase classname="net.sf.freecol.common.model.ColonyTest" name="testCopyColony" time="0.022" />
  <testcase classname="net.sf.freecol.common.model.ColonyTest" name="testFoundColony" time="0.014" />
  <testcase classname="net.sf.freecol.common.model.ColonyTest" name="testTeaParty" time="0.005" />
  <testcase classname="net.sf.freecol.common.model.ColonyTest" name="testAddUnitToColony" time="0.016" />
  <testcase classname="net.sf.freecol.common.model.ColonyTest" name="testCurrentlyBuilding" time="0.005" />
  <testcase classname="net.sf.freecol.common.model.ColonyTest" name="testBuildQueueDoesNotAcceptBuildingDoubles" time="0.005" />
  <testcase classname="net.sf.freecol.common.model.ColonyTest" name="testBuildQueueAcceptsUnitDoubles" time="0.005" />
  <testcase classname="net.sf.freecol.common.model.ColonyTest" name="testUpkeep" time="0.009" />
  <testcase classname="net.sf.freecol.common.model.ColonyTest" name="testUnderSiege" time="0.008" />
  <testcase classname="net.sf.freecol.common.model.ColonyTest" name="testOccupationWithFood" time="0.008" />
  <testcase classname="net.sf.freecol.common.model.ColonyProductionTest" name="testNoHorsesOverProduction" time="0.006" />
  <testcase classname="net.sf.freecol.common.model.ColonyProductionTest" name="testBellNetProduction" time="0.013" />
  <testcase classname="net.sf.freecol.common.model.ColonyProductionTest" name="testProductionMap" time="0.0" />
  <testcase classname="net.sf.freecol.common.model.ColonyProductionTest" name="testProductionSoldier" time="0.007" />
  <testcase classname="net.sf.freecol.common.model.ColonyProductionTest" name="testConsumers" time="0.007" />
  <testcase classname="net.sf.freecol.common.model.ColonyProductionTest" name="testProductionPioneer" time="0.004" />
  <testcase classname="net.sf.freecol.common.model.ColonyProductionTest" name="testProduction" time="0.007" />
  <testcase classname="net.sf.freecol.common.model.ColonyProductionTest" name="testGetPotentialProduction" time="0.005" />
  <testcase classname="net.sf.freecol.common.model.CombatTest" name="testCaptureConvert" time="0.428" />
  <testcase classname="net.sf.freecol.common.model.CombatTest" name="testGalleonAttackedByPrivateer" time="0.004" />
  <testcase classname="net.sf.freecol.common.model.CombatTest" name="testDefendColonyWithUnarmedColonist" time="0.005" />
  <testcase classname="net.sf.freecol.common.model.CombatTest" name="testRegulars" time="0.137" />
  <testcase classname="net.sf.freecol.common.model.CombatTest" name="testSpanishAgainstNatives" time="0.004" />
  <testcase classname="net.sf.freecol.common.model.CombatTest" name="testColonistAttackedByVeteran" time="0.002" />
  <testcase classname="net.sf.freecol.common.model.CombatTest" name="testAttackIgnoresMovementPoints" time="0.003" />
  <testcase classname="net.sf.freecol.common.model.CombatTest" name="testAttackShipWithLandUnit" time="0.003" />
  <testcase classname="net.sf.freecol.common.model.CombatTest" name="testDefendColonyWithRevere" time="0.005" />
  <testcase classname="net.sf.freecol.common.model.CombatTest" name="testDefendSettlement" time="0.004" />
  <testcase classname="net.sf.freecol.common.model.DisasterTest" name="testDisastersPresent" time="0.0" />
  <testcase classname="net.sf.freecol.common.model.EuropeTest" name="testMissionary" time="0.001" />
  <testcase classname="net.sf.freecol.common.model.FoundingFatherTest" name="testAddAllFathers" time="0.008" />
  <testcase classname="net.sf.freecol.common.model.FoundingFatherTest" name="testAvailableTo" time="0.004" />
  <testcase classname="net.sf.freecol.common.model.FoundingFatherTest" name="testFeatures" time="0.003" />
  <testcase classname="net.sf.freecol.common.model.FoundingFatherTest" name="testBellsRequired" time="0.001" />
  <testcase classname="net.sf.freecol.common.model.GameTest" name="testGame" time="0.002" />
  <testcase classname="net.sf.freecol.common.model.GameTest" name="testTurn" time="0.0" />
  <testcase classname="net.sf.freecol.common.model.GameTest" name="testAddPlayer" time="0.001" />
  <testcase classname="net.sf.freecol.common.model.GoodsTest" name="testGetTakeSpace" time="0.001" />
  <testcase classname="net.sf.freecol.common.model.GoodsTest" name="testGetInputType" time="0.0" />
  <testcase classname="net.sf.freecol.common.model.GoodsTest" name="testSetGetAmount" time="0.003" />
  <testcase classname="net.sf.freecol.common.model.GoodsTest" name="testGoodsGameLocationIntInt" time="0.002" />
  <testcase classname="net.sf.freecol.common.model.GoodsTest" name="testToString" time="0.006" />
  <testcase classname="net.sf.freecol.common.model.GoodsTest" name="testBuildingMaterials" time="0.0" />
  <testcase classname="net.sf.freecol.common.model.GoodsTest" name="testIsFarmedGoods" time="0.0" />
  <testcase classname="net.sf.freecol.common.model.GoodsTest" name="testGetName" time="0.002" />
  <testcase classname="net.sf.freecol.common.model.GoodsTest" name="testSerialize" time="0.089" />
>>>>>>> master
  <testcase classname="net.sf.freecol.common.model.GoodsTest" name="testGetOutputType" time="0.0" />
  <testcase classname="net.sf.freecol.common.model.GoodsTest" name="testMilitaryGoods" time="0.0" />
  <testcase classname="net.sf.freecol.common.model.GoodsTest" name="testTradeGoods" time="0.0" />
  <testcase classname="net.sf.freecol.common.model.GoodsTest" name="testProductionChain" time="0.0" />
<<<<<<< HEAD
  <testcase classname="net.sf.freecol.common.model.GoodsTest" name="testAdjustAmount" time="0.001" />
  <testcase classname="net.sf.freecol.common.model.GoodsTest" name="testSetOwner" time="0.001" />
  <testcase classname="net.sf.freecol.common.model.GoodsContainerTest" name="testContainer" time="0.003" />
  <testcase classname="net.sf.freecol.common.model.IndianSettlementTest" name="testAutomaticEquipBraves" time="0.001" />
  <testcase classname="net.sf.freecol.common.model.IndianSettlementTest" name="testSettlementDoesNotOwnWaterTiles" time="0.001" />
  <testcase classname="net.sf.freecol.common.model.IndianSettlementTest" name="testTradeGoodsWithSetlement" time="0.001" />
  <testcase classname="net.sf.freecol.common.model.IndividualFatherTest" name="testPaine" time="0.003" />
  <testcase classname="net.sf.freecol.common.model.IndividualFatherTest" name="testBolivar" time="0.002" />
  <testcase classname="net.sf.freecol.common.model.IndividualFatherTest" name="testBrebeuf" time="0.001" />
  <testcase classname="net.sf.freecol.common.model.IndividualFatherTest" name="testStuyvesant" time="0.002" />
  <testcase classname="net.sf.freecol.common.model.IndividualFatherTest" name="testBrewster" time="0.001" />
  <testcase classname="net.sf.freecol.common.model.IndividualFatherTest" name="testCortes" time="0.003" />
  <testcase classname="net.sf.freecol.common.model.IndividualFatherTest" name="testDeWitt" time="0.001" />
  <testcase classname="net.sf.freecol.common.model.IndividualFatherTest" name="testJefferson" time="0.002" />
  <testcase classname="net.sf.freecol.common.model.IndividualFatherTest" name="testMinuit" time="0.002" />
  <testcase classname="net.sf.freecol.common.model.IndividualFatherTest" name="testRevere" time="0.001" />
  <testcase classname="net.sf.freecol.common.model.IndividualFatherTest" name="testDeLasCasas" time="0.002" />
  <testcase classname="net.sf.freecol.common.model.LimitTest" name="testSuccessionLimits" time="0.003" />
  <testcase classname="net.sf.freecol.common.model.LimitTest" name="testWagonTrainLimit" time="0.003" />
  <testcase classname="net.sf.freecol.common.model.LimitTest" name="testOperand" time="0.0" />
  <testcase classname="net.sf.freecol.common.model.LimitTest" name="testIndependenceLimits" time="0.002" />
  <testcase classname="net.sf.freecol.common.model.MapTest" name="testSearchForColony" time="0.013" />
  <testcase classname="net.sf.freecol.common.model.MapTest" name="testCopy" time="0.005" />
  <testcase classname="net.sf.freecol.common.model.MapTest" name="testNoPathAvailableDueToUnitInTheWay" time="0.001" />
  <testcase classname="net.sf.freecol.common.model.MapTest" name="testGetAllTiles" time="0.001" />
  <testcase classname="net.sf.freecol.common.model.MapTest" name="testGetSurroundingTiles" time="0.001" />
  <testcase classname="net.sf.freecol.common.model.MapTest" name="testMapGameInt" time="0.0" />
  <testcase classname="net.sf.freecol.common.model.MapTest" name="testLatitude" time="0.001" />
  <testcase classname="net.sf.freecol.common.model.MapTest" name="testRandomDirection" time="0.001" />
  <testcase classname="net.sf.freecol.common.model.MapTest" name="testShortestPathObstructed" time="0.001" />
  <testcase classname="net.sf.freecol.common.model.MapTest" name="testFindPath" time="0.039" />
  <testcase classname="net.sf.freecol.common.model.MapTest" name="testMoveThroughTileWithEnemyUnit" time="0.0" />
  <testcase classname="net.sf.freecol.common.model.MapTest" name="testNoPathAvailableDueToColonyInTheWay" time="0.002" />
=======
  <testcase classname="net.sf.freecol.common.model.GoodsTest" name="testAdjustAmount" time="0.004" />
  <testcase classname="net.sf.freecol.common.model.GoodsTest" name="testSetOwner" time="0.002" />
  <testcase classname="net.sf.freecol.common.model.GoodsContainerTest" name="testContainer" time="0.007" />
  <testcase classname="net.sf.freecol.common.model.IndianSettlementTest" name="testAutomaticEquipBraves" time="0.002" />
  <testcase classname="net.sf.freecol.common.model.IndianSettlementTest" name="testSettlementDoesNotOwnWaterTiles" time="0.003" />
  <testcase classname="net.sf.freecol.common.model.IndianSettlementTest" name="testTradeGoodsWithSetlement" time="0.003" />
  <testcase classname="net.sf.freecol.common.model.IndividualFatherTest" name="testPaine" time="0.009" />
  <testcase classname="net.sf.freecol.common.model.IndividualFatherTest" name="testBolivar" time="0.009" />
  <testcase classname="net.sf.freecol.common.model.IndividualFatherTest" name="testBrebeuf" time="0.002" />
  <testcase classname="net.sf.freecol.common.model.IndividualFatherTest" name="testStuyvesant" time="0.005" />
  <testcase classname="net.sf.freecol.common.model.IndividualFatherTest" name="testBrewster" time="0.001" />
  <testcase classname="net.sf.freecol.common.model.IndividualFatherTest" name="testCortes" time="0.007" />
  <testcase classname="net.sf.freecol.common.model.IndividualFatherTest" name="testDeWitt" time="0.002" />
  <testcase classname="net.sf.freecol.common.model.IndividualFatherTest" name="testJefferson" time="0.005" />
  <testcase classname="net.sf.freecol.common.model.IndividualFatherTest" name="testMinuit" time="0.006" />
  <testcase classname="net.sf.freecol.common.model.IndividualFatherTest" name="testRevere" time="0.003" />
  <testcase classname="net.sf.freecol.common.model.IndividualFatherTest" name="testDeLasCasas" time="0.007" />
  <testcase classname="net.sf.freecol.common.model.LimitTest" name="testSuccessionLimits" time="0.008" />
  <testcase classname="net.sf.freecol.common.model.LimitTest" name="testWagonTrainLimit" time="0.009" />
  <testcase classname="net.sf.freecol.common.model.LimitTest" name="testOperand" time="0.0" />
  <testcase classname="net.sf.freecol.common.model.LimitTest" name="testIndependenceLimits" time="0.006" />
  <testcase classname="net.sf.freecol.common.model.MapTest" name="testSearchForColony" time="0.038" />
  <testcase classname="net.sf.freecol.common.model.MapTest" name="testCopy" time="0.017" />
  <testcase classname="net.sf.freecol.common.model.MapTest" name="testNoPathAvailableDueToUnitInTheWay" time="0.004" />
  <testcase classname="net.sf.freecol.common.model.MapTest" name="testGetAllTiles" time="0.001" />
  <testcase classname="net.sf.freecol.common.model.MapTest" name="testGetSurroundingTiles" time="0.002" />
  <testcase classname="net.sf.freecol.common.model.MapTest" name="testMapGameInt" time="0.001" />
  <testcase classname="net.sf.freecol.common.model.MapTest" name="testLatitude" time="0.002" />
  <testcase classname="net.sf.freecol.common.model.MapTest" name="testRandomDirection" time="0.002" />
  <testcase classname="net.sf.freecol.common.model.MapTest" name="testShortestPathObstructed" time="0.003" />
  <testcase classname="net.sf.freecol.common.model.MapTest" name="testFindPath" time="0.107" />
  <testcase classname="net.sf.freecol.common.model.MapTest" name="testMoveThroughTileWithEnemyUnit" time="0.002" />
  <testcase classname="net.sf.freecol.common.model.MapTest" name="testNoPathAvailableDueToColonyInTheWay" time="0.003" />
>>>>>>> master
  <testcase classname="net.sf.freecol.common.model.MapTest" name="testNoPathAvailableDueToCampInTheWay" time="0.002" />
  <testcase classname="net.sf.freecol.common.model.MapTest" name="testGetReverseDirection" time="0.0" />
  <testcase classname="net.sf.freecol.common.model.MarketTest" name="testSerialization" time="0.0" />
  <testcase classname="net.sf.freecol.common.model.MarketTest" name="testTransactionListeners" time="0.0" />
  <testcase classname="net.sf.freecol.common.model.MarketTest" name="testInitialMarket" time="0.001" />
<<<<<<< HEAD
  <testcase classname="net.sf.freecol.common.model.ModelMessageTest" name="testDefaultId" time="0.001" />
  <testcase classname="net.sf.freecol.common.model.ModelMessageTest" name="testHashCode" time="0.002" />
  <testcase classname="net.sf.freecol.common.model.ModelMessageTest" name="testModelMapSet2" time="0.001" />
  <testcase classname="net.sf.freecol.common.model.ModifierTest" name="testScope" time="0.0" />
=======
  <testcase classname="net.sf.freecol.common.model.ModelMessageTest" name="testDefaultId" time="0.002" />
  <testcase classname="net.sf.freecol.common.model.ModelMessageTest" name="testHashCode" time="0.003" />
  <testcase classname="net.sf.freecol.common.model.ModelMessageTest" name="testModelMapSet2" time="0.003" />
  <testcase classname="net.sf.freecol.common.model.ModifierTest" name="testScope" time="0.001" />
>>>>>>> master
  <testcase classname="net.sf.freecol.common.model.ModifierTest" name="testCombinedModifier" time="0.0" />
  <testcase classname="net.sf.freecol.common.model.ModifierTest" name="testPercentageModifier" time="0.0" />
  <testcase classname="net.sf.freecol.common.model.ModifierTest" name="testHashEquals" time="0.001" />
  <testcase classname="net.sf.freecol.common.model.ModifierTest" name="testAdditiveModifier" time="0.0" />
  <testcase classname="net.sf.freecol.common.model.ModifierTest" name="testTimeLimits" time="0.0" />
<<<<<<< HEAD
  <testcase classname="net.sf.freecol.common.model.ModifierTest" name="testCombinePercentageModifiers" time="0.001" />
  <testcase classname="net.sf.freecol.common.model.ModifierTest" name="testModifierUnknown" time="0.0" />
  <testcase classname="net.sf.freecol.common.model.ModifierTest" name="testCombineMultiplicativeModifiers" time="0.0" />
  <testcase classname="net.sf.freecol.common.model.ModifierTest" name="testMultiplicativeModifier" time="0.0" />
  <testcase classname="net.sf.freecol.common.model.ModifierTest" name="testIncrements" time="0.0" />
  <testcase classname="net.sf.freecol.common.model.ModifierTest" name="testCombineAdditiveModifiers" time="0.0" />
  <testcase classname="net.sf.freecol.common.model.MonarchTest" name="testTaxActionChoices" time="0.003" />
  <testcase classname="net.sf.freecol.common.model.MonarchTest" name="testSerialize" time="0.001" />
  <testcase classname="net.sf.freecol.common.model.MovementTest" name="testMoveAlongRoad" time="0.001" />
  <testcase classname="net.sf.freecol.common.model.MovementTest" name="testMoveAlongRiver" time="0.001" />
  <testcase classname="net.sf.freecol.common.model.MovementTest" name="testMoveFromPlainsToHills" time="0.0" />
  <testcase classname="net.sf.freecol.common.model.MovementTest" name="testMoveFromPlainsToPlains" time="0.002" />
  <testcase classname="net.sf.freecol.common.model.MovementTest" name="testScoutIndianSettlement" time="0.001" />
  <testcase classname="net.sf.freecol.common.model.MovementTest" name="testScoutColony" time="0.001" />
  <testcase classname="net.sf.freecol.common.model.NationTypeTest" name="testSettlementType" time="0.0" />
  <testcase classname="net.sf.freecol.common.model.NationTypeTest" name="testIsREF" time="0.0" />
  <testcase classname="net.sf.freecol.common.model.NationTypeTest" name="testisRef" time="0.0" />
  <testcase classname="net.sf.freecol.common.model.NationTypeTest" name="testAdvantagesThatOnlyApplyToPersons" time="0.001" />
  <testcase classname="net.sf.freecol.common.model.NationTypeTest" name="testHasType" time="0.0" />
  <testcase classname="net.sf.freecol.common.model.NationTypeTest" name="testStartingUnits" time="0.001" />
  <testcase classname="net.sf.freecol.common.model.PlayerTest" name="testAddAnotherPlayersUnit" time="0.001" />
  <testcase classname="net.sf.freecol.common.model.PlayerTest" name="testFreecolPlayers" time="0.002" />
  <testcase classname="net.sf.freecol.common.model.PlayerTest" name="testTension" time="0.0" />
  <testcase classname="net.sf.freecol.common.model.PlayerTest" name="testUnits" time="0.0" />
  <testcase classname="net.sf.freecol.common.model.PlayerTest" name="testClassicPlayers" time="0.001" />
  <testcase classname="net.sf.freecol.common.model.ProductionTypeTest" name="testOtherBuildings" time="0.0" />
  <testcase classname="net.sf.freecol.common.model.ProductionTypeTest" name="testRainForest" time="0.0" />
  <testcase classname="net.sf.freecol.common.model.ProductionTypeTest" name="testHorseProduction" time="0.0" />
  <testcase classname="net.sf.freecol.common.model.ProductionTypeTest" name="testSavannah" time="0.0" />
  <testcase classname="net.sf.freecol.common.model.ProductionTypeTest" name="testHills" time="0.0" />
  <testcase classname="net.sf.freecol.common.model.ProductionTypeTest" name="testMarsh" time="0.0" />
  <testcase classname="net.sf.freecol.common.model.ProductionTypeTest" name="testOcean" time="0.0" />
  <testcase classname="net.sf.freecol.common.model.ProductionTypeTest" name="testSwamp" time="0.0" />
  <testcase classname="net.sf.freecol.common.model.ProductionTypeTest" name="testCoatProduction" time="0.0" />
  <testcase classname="net.sf.freecol.common.model.ProductionTypeTest" name="testLake" time="0.0" />
  <testcase classname="net.sf.freecol.common.model.ProductionTypeTest" name="testHighSeas" time="0.0" />
  <testcase classname="net.sf.freecol.common.model.ProductionTypeTest" name="testPrairie" time="0.0" />
  <testcase classname="net.sf.freecol.common.model.ProductionTypeTest" name="testWetlandForest" time="0.0" />
  <testcase classname="net.sf.freecol.common.model.ProductionTypeTest" name="testGrassland" time="0.0" />
=======
  <testcase classname="net.sf.freecol.common.model.ModifierTest" name="testCombinePercentageModifiers" time="0.0" />
  <testcase classname="net.sf.freecol.common.model.ModifierTest" name="testModifierUnknown" time="0.0" />
  <testcase classname="net.sf.freecol.common.model.ModifierTest" name="testCombineMultiplicativeModifiers" time="0.0" />
  <testcase classname="net.sf.freecol.common.model.ModifierTest" name="testMultiplicativeModifier" time="0.001" />
  <testcase classname="net.sf.freecol.common.model.ModifierTest" name="testIncrements" time="0.0" />
  <testcase classname="net.sf.freecol.common.model.ModifierTest" name="testCombineAdditiveModifiers" time="0.0" />
  <testcase classname="net.sf.freecol.common.model.MonarchTest" name="testTaxActionChoices" time="0.007" />
  <testcase classname="net.sf.freecol.common.model.MonarchTest" name="testSerialize" time="0.002" />
  <testcase classname="net.sf.freecol.common.model.MovementTest" name="testMoveAlongRoad" time="0.003" />
  <testcase classname="net.sf.freecol.common.model.MovementTest" name="testMoveAlongRiver" time="0.003" />
  <testcase classname="net.sf.freecol.common.model.MovementTest" name="testMoveFromPlainsToHills" time="0.001" />
  <testcase classname="net.sf.freecol.common.model.MovementTest" name="testMoveFromPlainsToPlains" time="0.001" />
  <testcase classname="net.sf.freecol.common.model.MovementTest" name="testScoutIndianSettlement" time="0.002" />
  <testcase classname="net.sf.freecol.common.model.MovementTest" name="testScoutColony" time="0.003" />
  <testcase classname="net.sf.freecol.common.model.NationTypeTest" name="testSettlementType" time="0.0" />
  <testcase classname="net.sf.freecol.common.model.NationTypeTest" name="testIsREF" time="0.0" />
  <testcase classname="net.sf.freecol.common.model.NationTypeTest" name="testisRef" time="0.0" />
  <testcase classname="net.sf.freecol.common.model.NationTypeTest" name="testAdvantagesThatOnlyApplyToPersons" time="0.004" />
  <testcase classname="net.sf.freecol.common.model.NationTypeTest" name="testHasType" time="0.0" />
  <testcase classname="net.sf.freecol.common.model.NationTypeTest" name="testStartingUnits" time="0.002" />
  <testcase classname="net.sf.freecol.common.model.PlayerTest" name="testAddAnotherPlayersUnit" time="0.002" />
  <testcase classname="net.sf.freecol.common.model.PlayerTest" name="testFreecolPlayers" time="0.004" />
  <testcase classname="net.sf.freecol.common.model.PlayerTest" name="testTension" time="0.001" />
  <testcase classname="net.sf.freecol.common.model.PlayerTest" name="testUnits" time="0.002" />
  <testcase classname="net.sf.freecol.common.model.PlayerTest" name="testClassicPlayers" time="0.002" />
  <testcase classname="net.sf.freecol.common.model.ProductionTypeTest" name="testOtherBuildings" time="0.0" />
  <testcase classname="net.sf.freecol.common.model.ProductionTypeTest" name="testRainForest" time="0.001" />
  <testcase classname="net.sf.freecol.common.model.ProductionTypeTest" name="testHorseProduction" time="0.0" />
  <testcase classname="net.sf.freecol.common.model.ProductionTypeTest" name="testSavannah" time="0.001" />
  <testcase classname="net.sf.freecol.common.model.ProductionTypeTest" name="testHills" time="0.0" />
  <testcase classname="net.sf.freecol.common.model.ProductionTypeTest" name="testMarsh" time="0.0" />
  <testcase classname="net.sf.freecol.common.model.ProductionTypeTest" name="testOcean" time="0.0" />
  <testcase classname="net.sf.freecol.common.model.ProductionTypeTest" name="testSwamp" time="0.001" />
  <testcase classname="net.sf.freecol.common.model.ProductionTypeTest" name="testCoatProduction" time="0.0" />
  <testcase classname="net.sf.freecol.common.model.ProductionTypeTest" name="testLake" time="0.001" />
  <testcase classname="net.sf.freecol.common.model.ProductionTypeTest" name="testHighSeas" time="0.0" />
  <testcase classname="net.sf.freecol.common.model.ProductionTypeTest" name="testPrairie" time="0.001" />
  <testcase classname="net.sf.freecol.common.model.ProductionTypeTest" name="testWetlandForest" time="0.0" />
  <testcase classname="net.sf.freecol.common.model.ProductionTypeTest" name="testGrassland" time="0.001" />
>>>>>>> master
  <testcase classname="net.sf.freecol.common.model.ProductionTypeTest" name="testBroadleafForest" time="0.0" />
  <testcase classname="net.sf.freecol.common.model.ProductionTypeTest" name="testCrossProduction" time="0.0" />
  <testcase classname="net.sf.freecol.common.model.ProductionTypeTest" name="testGreatRiver" time="0.0" />
  <testcase classname="net.sf.freecol.common.model.ProductionTypeTest" name="testToolsProduction" time="0.0" />
  <testcase classname="net.sf.freecol.common.model.ProductionTypeTest" name="testMixedForest" time="0.0" />
  <testcase classname="net.sf.freecol.common.model.ProductionTypeTest" name="testBorealForest" time="0.0" />
  <testcase classname="net.sf.freecol.common.model.ProductionTypeTest" name="testBellProduction" time="0.0" />
  <testcase classname="net.sf.freecol.common.model.ProductionTypeTest" name="testClothProduction" time="0.0" />
  <testcase classname="net.sf.freecol.common.model.ProductionTypeTest" name="testMountains" time="0.0" />
<<<<<<< HEAD
  <testcase classname="net.sf.freecol.common.model.ProductionTypeTest" name="testArctic" time="0.0" />
  <testcase classname="net.sf.freecol.common.model.ProductionTypeTest" name="testConiferForest" time="0.0" />
  <testcase classname="net.sf.freecol.common.model.ProductionTypeTest" name="testDesert" time="0.001" />
=======
  <testcase classname="net.sf.freecol.common.model.ProductionTypeTest" name="testArctic" time="0.001" />
  <testcase classname="net.sf.freecol.common.model.ProductionTypeTest" name="testConiferForest" time="0.0" />
  <testcase classname="net.sf.freecol.common.model.ProductionTypeTest" name="testDesert" time="0.0" />
>>>>>>> master
  <testcase classname="net.sf.freecol.common.model.ProductionTypeTest" name="testHammerProduction" time="0.0" />
  <testcase classname="net.sf.freecol.common.model.ProductionTypeTest" name="testPlains" time="0.0" />
  <testcase classname="net.sf.freecol.common.model.ProductionTypeTest" name="testMusketProduction" time="0.0" />
  <testcase classname="net.sf.freecol.common.model.ProductionTypeTest" name="testCigarProduction" time="0.0" />
<<<<<<< HEAD
  <testcase classname="net.sf.freecol.common.model.ProductionTypeTest" name="testTundra" time="0.001" />
  <testcase classname="net.sf.freecol.common.model.ProductionTypeTest" name="testRumProduction" time="0.0" />
  <testcase classname="net.sf.freecol.common.model.ProductionTypeTest" name="testTropicalForest" time="0.0" />
  <testcase classname="net.sf.freecol.common.model.ProductionTypeTest" name="testScrubForest" time="0.0" />
  <testcase classname="net.sf.freecol.common.model.RandomRangeTest" name="testRandomRange" time="0.001" />
  <testcase classname="net.sf.freecol.common.model.RoleTest" name="testRoleComparator" time="0.0" />
  <testcase classname="net.sf.freecol.common.model.RoleTest" name="testMilitaryRoles" time="0.001" />
  <testcase classname="net.sf.freecol.common.model.RoleTest" name="testGoodsDifference" time="0.0" />
  <testcase classname="net.sf.freecol.common.model.RoleTest" name="testCompatibleRoles" time="0.0" />
  <testcase classname="net.sf.freecol.common.model.RoleTest" name="testGetRoleWithAbility" time="0.0" />
  <testcase classname="net.sf.freecol.common.model.SchoolTest" name="testEducationOption" time="0.003" />
  <testcase classname="net.sf.freecol.common.model.SchoolTest" name="testChangeTeachers" time="0.003" />
  <testcase classname="net.sf.freecol.common.model.SchoolTest" name="testUpgrades" time="0.0" />
=======
  <testcase classname="net.sf.freecol.common.model.ProductionTypeTest" name="testTundra" time="0.0" />
  <testcase classname="net.sf.freecol.common.model.ProductionTypeTest" name="testRumProduction" time="0.0" />
  <testcase classname="net.sf.freecol.common.model.ProductionTypeTest" name="testTropicalForest" time="0.0" />
  <testcase classname="net.sf.freecol.common.model.ProductionTypeTest" name="testScrubForest" time="0.0" />
  <testcase classname="net.sf.freecol.common.model.RandomRangeTest" name="testRandomRange" time="0.0" />
  <testcase classname="net.sf.freecol.common.model.RoleTest" name="testRoleComparator" time="0.0" />
  <testcase classname="net.sf.freecol.common.model.RoleTest" name="testMilitaryRoles" time="0.002" />
  <testcase classname="net.sf.freecol.common.model.RoleTest" name="testGoodsDifference" time="0.0" />
  <testcase classname="net.sf.freecol.common.model.RoleTest" name="testCompatibleRoles" time="0.001" />
  <testcase classname="net.sf.freecol.common.model.RoleTest" name="testGetRoleWithAbility" time="0.0" />
  <testcase classname="net.sf.freecol.common.model.SchoolTest" name="testEducationOption" time="0.009" />
  <testcase classname="net.sf.freecol.common.model.SchoolTest" name="testChangeTeachers" time="0.006" />
  <testcase classname="net.sf.freecol.common.model.SchoolTest" name="testUpgrades" time="0.001" />
>>>>>>> master
  <testcase classname="net.sf.freecol.common.model.ScopeTest" name="testEmptyScope" time="0.0" />
  <testcase classname="net.sf.freecol.common.model.ScopeTest" name="testMethodScope" time="0.0" />
  <testcase classname="net.sf.freecol.common.model.ScopeTest" name="testCombinedScope" time="0.0" />
  <testcase classname="net.sf.freecol.common.model.ScopeTest" name="testTypeScope" time="0.0" />
  <testcase classname="net.sf.freecol.common.model.ScopeTest" name="testAbilityScope" time="0.0" />
  <testcase classname="net.sf.freecol.common.model.ScopeTest" name="testEquality" time="0.0" />
  <testcase classname="net.sf.freecol.common.model.ScopeTest" name="testMatchesNull" time="0.0" />
<<<<<<< HEAD
  <testcase classname="net.sf.freecol.common.model.ScopeTest" name="testGameObjects" time="0.0" />
  <testcase classname="net.sf.freecol.common.model.SerializationTest" name="testMapAmerica" time="0.414" />
  <testcase classname="net.sf.freecol.common.model.SerializationTest" name="testSpecification" time="0.061" />
  <testcase classname="net.sf.freecol.common.model.SerializationTest" name="testValidation" time="0.135" />
  <testcase classname="net.sf.freecol.common.model.SerializationTest" name="testStringTemplate" time="0.006" />
  <testcase classname="net.sf.freecol.common.model.SerializationTest" name="testMapAfrica" time="0.165" />
  <testcase classname="net.sf.freecol.common.model.SerializationTest" name="testMapCaribbean" time="0.07" />
  <testcase classname="net.sf.freecol.common.model.SerializationTest" name="testDifficulty" time="0.022" />
  <testcase classname="net.sf.freecol.common.model.SerializationTest" name="testGeneratedLists" time="0.023" />
  <testcase classname="net.sf.freecol.common.model.SerializationTest" name="testMapAustralia" time="0.065" />
  <testcase classname="net.sf.freecol.common.model.SettlementTest" name="testColonyClaimsWater" time="0.001" />
  <testcase classname="net.sf.freecol.common.model.SettlementTest" name="testLineOfSight" time="0.001" />
  <testcase classname="net.sf.freecol.common.model.SettlementTest" name="testSettlementRadius" time="0.002" />
  <testcase classname="net.sf.freecol.common.model.SettlementTest" name="testCanImproveUnitMilitaryRole" time="0.005" />
  <testcase classname="net.sf.freecol.common.model.SettlementTest" name="testSettlementDoesNotClaimWater" time="0.001" />
  <testcase classname="net.sf.freecol.common.model.SettlementTest" name="testColonyRadius" time="0.001" />
  <testcase classname="net.sf.freecol.common.model.SoLTest" name="testSoL" time="0.003" />
  <testcase classname="net.sf.freecol.common.model.TileImprovementTest" name="testRiverWithExtras" time="0.0" />
  <testcase classname="net.sf.freecol.common.model.TileImprovementTest" name="testRiverNoExtras" time="0.0" />
  <testcase classname="net.sf.freecol.common.model.TileImprovementTest" name="testAllFrills" time="0.0" />
  <testcase classname="net.sf.freecol.common.model.TileImprovementTest" name="testOldStyle" time="0.001" />
  <testcase classname="net.sf.freecol.common.model.TileImprovementTest" name="testEquality" time="0.0" />
  <testcase classname="net.sf.freecol.common.model.TileItemContainerTest" name="testCopyFromWithEveryThing" time="0.001" />
  <testcase classname="net.sf.freecol.common.model.TileTest" name="testTileTypeChangeProduction" time="0.0" />
  <testcase classname="net.sf.freecol.common.model.TileTest" name="testDefenceModifiers" time="0.0" />
  <testcase classname="net.sf.freecol.common.model.TileTest" name="testPrimarySecondaryGoods" time="0.001" />
  <testcase classname="net.sf.freecol.common.model.TileTest" name="testPotential" time="0.001" />
  <testcase classname="net.sf.freecol.common.model.TileTest" name="testCopy" time="0.002" />
  <testcase classname="net.sf.freecol.common.model.TileTest" name="testImprovements" time="0.001" />
  <testcase classname="net.sf.freecol.common.model.TileTest" name="testMinerals" time="0.001" />
  <testcase classname="net.sf.freecol.common.model.TileTest" name="testMaximumPotential" time="0.001" />
  <testcase classname="net.sf.freecol.common.model.TileTest" name="testIsTileTypeAllowed" time="0.0" />
  <testcase classname="net.sf.freecol.common.model.TileTest" name="testGetWorkAmount" time="0.001" />
  <testcase classname="net.sf.freecol.common.model.TileTest" name="testGetBestDisembarkTile" time="0.002" />
  <testcase classname="net.sf.freecol.common.model.TileTest" name="testColonyImprovements" time="0.001" />
  <testcase classname="net.sf.freecol.common.model.TileTest" name="testConiferForest" time="0.003" />
  <testcase classname="net.sf.freecol.common.model.TileTest" name="testProductionModifiers" time="0.001" />
  <testcase classname="net.sf.freecol.common.model.TileTest" name="testZIndex" time="0.0" />
  <testcase classname="net.sf.freecol.common.model.TradeRouteTest" name="testTradeRoute" time="0.006" />
  <testcase classname="net.sf.freecol.common.model.UnitTest" name="testIsColonist" time="0.001" />
  <testcase classname="net.sf.freecol.common.model.UnitTest" name="testElement" time="0.002" />
  <testcase classname="net.sf.freecol.common.model.UnitTest" name="testUnitLosesExperienceWithRoleChange" time="0.001" />
  <testcase classname="net.sf.freecol.common.model.UnitTest" name="testUnitAvailability" time="0.0" />
  <testcase classname="net.sf.freecol.common.model.UnitTest" name="testOwnerChange" time="0.002" />
  <testcase classname="net.sf.freecol.common.model.UnitTest" name="testIndianDies" time="0.001" />
  <testcase classname="net.sf.freecol.common.model.UnitTest" name="testGetMovesAsString" time="0.001" />
  <testcase classname="net.sf.freecol.common.model.UnitTest" name="testCopy" time="0.001" />
  <testcase classname="net.sf.freecol.common.model.UnitTest" name="testDefaultRole" time="0.0" />
  <testcase classname="net.sf.freecol.common.model.UnitTest" name="testMissionary" time="0.002" />
  <testcase classname="net.sf.freecol.common.model.UnitTest" name="testUnitCanBuildColony" time="0.0" />
  <testcase classname="net.sf.freecol.common.model.UnitTest" name="testCarrierOwnerChange" time="0.0" />
  <testcase classname="net.sf.freecol.common.model.UnitTest" name="testTreasureTransportFee" time="0.001" />
  <testcase classname="net.sf.freecol.common.model.UnitTest" name="testFailedAddGoods" time="0.001" />
  <testcase classname="net.sf.freecol.common.model.UnitTest" name="testGetLineOfSight" time="0.001" />
  <testcase classname="net.sf.freecol.common.model.UnitTest" name="testCanAdd" time="0.0" />
  <testcase classname="net.sf.freecol.common.model.UnitTest" name="testUnitLocationAfterBuildingColony" time="0.001" />
  <testcase classname="net.sf.freecol.common.model.UnitTypeChangeTest" name="testEmptyScope" time="0.0" />
  <testcase classname="net.sf.freecol.common.model.UnitTypeChangeTest" name="testCreation" time="0.0" />
  <testcase classname="net.sf.freecol.common.model.UnitTypeChangeTest" name="testAbilityScope" time="0.0" />
  <testcase classname="net.sf.freecol.common.model.UnitTypeChangeTest" name="testEquality" time="0.0" />
  <testcase classname="net.sf.freecol.common.utils.UtilsTest" name="testComparator" time="0.0" />
  <testcase classname="net.sf.freecol.common.utils.UtilsTest" name="testGetPermutations" time="0.001" />
  <testcase classname="net.sf.freecol.common.sound.SoundTest" name="testSound" time="1.387" />
  <testcase classname="net.sf.freecol.common.sound.SoundTest" name="testClassic" time="3.313" />
  <testcase classname="net.sf.freecol.server.SaveLoadTest" name="testDelayedLoading" time="0.472" />
  <testcase classname="net.sf.freecol.server.SaveLoadTest" name="testImmediateLoading" time="0.345" />
  <testcase classname="net.sf.freecol.server.SaveLoadTest" name="testImport" time="0.353" />
  <testcase classname="net.sf.freecol.server.ai.AIColonyTest" name="testBuildersAllocation" time="0.098" />
  <testcase classname="net.sf.freecol.server.ai.AIColonyTest" name="testBestDefender" time="0.033" />
  <testcase classname="net.sf.freecol.server.ai.AIColonyTest" name="testBuildersAllocNoRawMatTiles" time="0.076" />
  <testcase classname="net.sf.freecol.server.ai.AIColonyTest" name="testExpertAllocColonyHasEnoughRawMat" time="0.041" />
  <testcase classname="net.sf.freecol.server.ai.ContactTest" name="testNativeMeetsEuropean" time="0.042" />
  <testcase classname="net.sf.freecol.server.ai.ContactTest" name="testNativeMeetsColony" time="0.041" />
  <testcase classname="net.sf.freecol.server.ai.ContactTest" name="testShipMeetsShip" time="0.037" />
  <testcase classname="net.sf.freecol.server.ai.ContactTest" name="testNativeMeetsNative" time="0.036" />
  <testcase classname="net.sf.freecol.server.ai.ContactTest" name="testNativeMeetsIndianSettlement" time="0.033" />
  <testcase classname="net.sf.freecol.server.ai.ContactTest" name="testEuropeanMeetsIndianSettlement" time="0.035" />
  <testcase classname="net.sf.freecol.server.ai.ContactTest" name="testEuropeanMeetsNative" time="0.036" />
  <testcase classname="net.sf.freecol.server.ai.ColonyPlanTest" name="testGetBestWorker" time="0.044" />
  <testcase classname="net.sf.freecol.server.ai.ColonyPlanTest" name="testBestImprovements" time="0.001" />
  <testcase classname="net.sf.freecol.server.ai.ColonyPlanTest" name="testNoBuildRawMatTiles" time="0.031" />
  <testcase classname="net.sf.freecol.server.ai.ColonyPlanTest" name="testReqLumberAndHammersForBuild" time="0.033" />
  <testcase classname="net.sf.freecol.server.ai.ColonyPlanTest" name="testReqOreAndToolsWithEnoughHammersForBuild" time="0.031" />
  <testcase classname="net.sf.freecol.server.ai.MissionAssignmentTest" name="testIsTargetValidForSeekAndDestroy" time="0.028" />
  <testcase classname="net.sf.freecol.server.ai.MissionAssignmentTest" name="testImpossibleConditionsForTargetSelection" time="0.028" />
  <testcase classname="net.sf.freecol.server.ai.MissionAssignmentTest" name="testSecureIndianSettlementMissionIgnoreNavalThreat" time="0.039" />
  <testcase classname="net.sf.freecol.server.ai.MissionAssignmentTest" name="testSecureIndianSettlementMission" time="0.037" />
  <testcase classname="net.sf.freecol.server.ai.MissionAssignmentTest" name="testAssignDefendSettlementMission" time="0.029" />
  <testcase classname="net.sf.freecol.server.ai.REFTest" name="testCreateREFPlayer" time="0.028" />
  <testcase classname="net.sf.freecol.server.ai.StandardAIPlayerTest" name="testEquipBravesNotEnoughReqGoods" time="0.028" />
  <testcase classname="net.sf.freecol.server.ai.StandardAIPlayerTest" name="testEquipBraves" time="0.025" />
  <testcase classname="net.sf.freecol.server.ai.TensionTest" name="testTension" time="0.028" />
  <testcase classname="net.sf.freecol.server.ai.mission.PioneeringMissionTest" name="testImprovementNoLongerValid" time="0.033" />
  <testcase classname="net.sf.freecol.server.ai.mission.PrivateerMissionTest" name="testIsMissionValid" time="0.025" />
  <testcase classname="net.sf.freecol.server.ai.mission.ScoutingMissionTest" name="testHorsesLost" time="0.027" />
  <testcase classname="net.sf.freecol.server.ai.mission.TransportMissionTest" name="testGetNextStopAlreadyAtDestination" time="0.029" />
  <testcase classname="net.sf.freecol.server.ai.mission.TransportMissionTest" name="testGetDefaultDestination" time="0.033" />
  <testcase classname="net.sf.freecol.server.ai.mission.TransportMissionTest" name="testWagonTrain" time="0.035" />
  <testcase classname="net.sf.freecol.server.ai.mission.TransportMissionTest" name="testGetNextStopIsColony" time="0.028" />
  <testcase classname="net.sf.freecol.server.ai.mission.TransportMissionTest" name="testGetNextStopIsEurope" time="0.036" />
  <testcase classname="net.sf.freecol.server.ai.mission.TransportMissionTest" name="testTransportMissionInvalidAfterCombatLost" time="0.042" />
  <testcase classname="net.sf.freecol.server.ai.mission.UnitSeekAndDestroyMissionTest" name="testCapturedUnitsLoseMission" time="0.024" />
  <testcase classname="net.sf.freecol.server.ai.mission.UnitSeekAndDestroyMissionTest" name="testDoNotPursueUnitsInColonies" time="0.03" />
  <testcase classname="net.sf.freecol.server.control.InGameControllerTest" name="testWarDeclarationAffectsSettlementAlarm" time="0.026" />
  <testcase classname="net.sf.freecol.server.control.InGameControllerTest" name="testArtilleryDemotedBySoldier" time="0.03" />
  <testcase classname="net.sf.freecol.server.control.InGameControllerTest" name="testPeaceTreatyFromWarStance" time="0.025" />
  <testcase classname="net.sf.freecol.server.control.InGameControllerTest" name="testScoutDiesNotLosesEquipment" time="0.027" />
  <testcase classname="net.sf.freecol.server.control.InGameControllerTest" name="testDragoonDemotedByBrave" time="0.033" />
  <testcase classname="net.sf.freecol.server.control.InGameControllerTest" name="testCeaseFireTreaty" time="0.023" />
  <testcase classname="net.sf.freecol.server.control.InGameControllerTest" name="testDeclarationOfWarFromPeace" time="0.024" />
  <testcase classname="net.sf.freecol.server.control.InGameControllerTest" name="testAttackColonyWithVeteran" time="0.041" />
  <testcase classname="net.sf.freecol.server.control.InGameControllerTest" name="testDragoonDemotedBySoldier" time="0.027" />
  <testcase classname="net.sf.freecol.server.control.InGameControllerTest" name="testAddFatherUnits" time="0.022" />
  <testcase classname="net.sf.freecol.server.control.InGameControllerTest" name="testDumpGoods" time="0.021" />
  <testcase classname="net.sf.freecol.server.control.InGameControllerTest" name="testAtackedNavalUnitIsDamaged" time="0.028" />
  <testcase classname="net.sf.freecol.server.control.InGameControllerTest" name="testLaSalle" time="0.029" />
  <testcase classname="net.sf.freecol.server.control.InGameControllerTest" name="testPocahontas" time="0.026" />
  <testcase classname="net.sf.freecol.server.control.InGameControllerTest" name="testPioneerDiesNotLosesEquipment" time="0.027" />
  <testcase classname="net.sf.freecol.server.control.InGameControllerTest" name="testPromotion" time="0.033" />
  <testcase classname="net.sf.freecol.server.control.InGameControllerTest" name="testClearSpecialty" time="0.028" />
  <testcase classname="net.sf.freecol.server.control.InGameControllerTest" name="testPeaceTreatyFromCeaseFireStance" time="0.026" />
  <testcase classname="net.sf.freecol.server.control.InGameControllerTest" name="testUnitLosesExperienceWithWorkChange" time="0.026" />
  <testcase classname="net.sf.freecol.server.control.InGameControllerTest" name="testEquipIndianNotEnoughReqGoods" time="0.022" />
  <testcase classname="net.sf.freecol.server.control.InGameControllerTest" name="testCashInTreasure" time="0.028" />
  <testcase classname="net.sf.freecol.server.control.InGameControllerTest" name="testAddFatherUpgrades" time="0.027" />
  <testcase classname="net.sf.freecol.server.control.InGameControllerTest" name="testUnitTypeChangeOnEnterColony" time="0.024" />
  <testcase classname="net.sf.freecol.server.control.InGameControllerTest" name="testSoldierDemotedBySoldier" time="0.028" />
  <testcase classname="net.sf.freecol.server.control.InGameControllerTest" name="testUnarmedAttack" time="0.026" />
  <testcase classname="net.sf.freecol.server.control.InGameControllerTest" name="testCarpenterHouseNationalAdvantage" time="0.025" />
  <testcase classname="net.sf.freecol.server.control.InGameControllerTest" name="testCreateMission" time="0.03" />
  <testcase classname="net.sf.freecol.server.control.InGameControllerTest" name="testDoAssignedWorkAmateurAndHardyPioneer" time="1.053" />
  <testcase classname="net.sf.freecol.server.control.InGameControllerTest" name="testEmbark" time="0.023" />
  <testcase classname="net.sf.freecol.server.control.InGameControllerTest" name="testVeteranSoldierDemotedBySoldier" time="0.025" />
  <testcase classname="net.sf.freecol.server.control.InGameControllerTest" name="testLoseColonyDefenceWithRevere" time="0.022" />
  <testcase classname="net.sf.freecol.server.control.InGameControllerTest" name="testBuildingBonus" time="0.023" />
  <testcase classname="net.sf.freecol.server.control.InGameControllerTest" name="testColonistDemotedBySoldier" time="0.027" />
  <testcase classname="net.sf.freecol.server.control.InGameControllerTest" name="testScoutDefeatedBySoldier" time="0.025" />
  <testcase classname="net.sf.freecol.server.control.InGameControllerTest" name="testAddFatherBuildingEvent" time="0.022" />
  <testcase classname="net.sf.freecol.server.control.InGameControllerTest" name="testAttackColonyWithBrave" time="0.056" />
  <testcase classname="net.sf.freecol.server.control.InGameControllerTest" name="testEquipIndian" time="0.018" />
  <testcase classname="net.sf.freecol.server.model.ServerBuildingTest" name="testMoveTeacherOutside" time="0.026" />
  <testcase classname="net.sf.freecol.server.model.ServerBuildingTest" name="testTeacherStoresProgress" time="0.021" />
  <testcase classname="net.sf.freecol.server.model.ServerBuildingTest" name="testCaseTwoTeachersWithDifferentExp" time="0.023" />
  <testcase classname="net.sf.freecol.server.model.ServerBuildingTest" name="testMoveTeacherInside" time="0.023" />
  <testcase classname="net.sf.freecol.server.model.ServerBuildingTest" name="testConcurrentUpgrade" time="0.023" />
  <testcase classname="net.sf.freecol.server.model.ServerBuildingTest" name="testTeachingOrder" time="0.024" />
  <testcase classname="net.sf.freecol.server.model.ServerBuildingTest" name="testTeachPettyCriminalsByMaster" time="0.021" />
  <testcase classname="net.sf.freecol.server.model.ServerBuildingTest" name="testTeachingDoublePromotion" time="0.023" />
  <testcase classname="net.sf.freecol.server.model.ServerBuildingTest" name="testUniversity" time="0.025" />
  <testcase classname="net.sf.freecol.server.model.ServerBuildingTest" name="testTwoTeachersSimple" time="0.026" />
  <testcase classname="net.sf.freecol.server.model.ServerBuildingTest" name="testTrackerBug1616384" time="0.024" />
  <testcase classname="net.sf.freecol.server.model.ServerBuildingTest" name="testSingleGuyTwoTeachers2" time="0.023" />
  <testcase classname="net.sf.freecol.server.model.ServerBuildingTest" name="testCollege" time="0.023" />
  <testcase classname="net.sf.freecol.server.model.ServerBuildingTest" name="testSingleGuyTwoTeachers" time="0.02" />
  <testcase classname="net.sf.freecol.server.model.ServerBuildingTest" name="testSonsOfLiberty" time="0.022" />
  <testcase classname="net.sf.freecol.server.model.ServerBuildingTest" name="testTwoTeachersOfSameKind" time="0.023" />
  <testcase classname="net.sf.freecol.server.model.ServerBuildingTest" name="testTeachPettyCriminals" time="0.021" />
  <testcase classname="net.sf.freecol.server.model.ServerBuildingTest" name="testProductionBonus" time="0.019" />
  <testcase classname="net.sf.freecol.server.model.ServerBuildingTest" name="testPartTraining" time="0.026" />
  <testcase classname="net.sf.freecol.server.model.ServerBuildingTest" name="testExpertTeaching" time="0.022" />
  <testcase classname="net.sf.freecol.server.model.ServerBuildingTest" name="testColonialRegular" time="0.021" />
  <testcase classname="net.sf.freecol.server.model.ServerBuildingTest" name="testTeachIndenturedServants" time="0.023" />
  <testcase classname="net.sf.freecol.server.model.ServerColonyTest" name="testEqualFoodProductionConsumptionCase" time="0.02" />
  <testcase classname="net.sf.freecol.server.model.ServerColonyTest" name="testDeathByStarvation" time="0.022" />
  <testcase classname="net.sf.freecol.server.model.ServerColonyTest" name="testBuildingCompletion" time="0.022" />
  <testcase classname="net.sf.freecol.server.model.ServerColonyTest" name="testInvalidCompletion" time="0.024" />
  <testcase classname="net.sf.freecol.server.model.ServerColonyTest" name="testAvoidStarvation" time="0.023" />
  <testcase classname="net.sf.freecol.server.model.ServerColonyTest" name="testNoBuildingMaterialsProductionWhenBuildingNothing" time="0.002" />
  <testcase classname="net.sf.freecol.server.model.ServerColonyTest" name="testFoodConsumption" time="0.019" />
  <testcase classname="net.sf.freecol.server.model.ServerColonyTest" name="testLibertyAndImmigration" time="0.022" />
  <testcase classname="net.sf.freecol.server.model.ServerIndianSettlementTest" name="testHorseBreedingNoFoodAvail" time="0.02" />
  <testcase classname="net.sf.freecol.server.model.ServerIndianSettlementTest" name="testPricing" time="0.022" />
  <testcase classname="net.sf.freecol.server.model.ServerIndianSettlementTest" name="testHorseBreeding" time="0.019" />
  <testcase classname="net.sf.freecol.server.model.ServerIndianSettlementTest" name="testFoodConsumption" time="0.022" />
  <testcase classname="net.sf.freecol.server.model.ServerPlayerTest" name="testCheckNoGameOverEnoughMoney" time="0.02" />
  <testcase classname="net.sf.freecol.server.model.ServerPlayerTest" name="testCheckGameOver1600Threshold" time="0.018" />
  <testcase classname="net.sf.freecol.server.model.ServerPlayerTest" name="testCheckNoGameOverHasColonistInNewWorld" time="0.019" />
  <testcase classname="net.sf.freecol.server.model.ServerPlayerTest" name="testHasExploredTile" time="0.027" />
  <testcase classname="net.sf.freecol.server.model.ServerPlayerTest" name="testBuyingMakesPricesRaise" time="0.019" />
  <testcase classname="net.sf.freecol.server.model.ServerPlayerTest" name="testCheckGameOverUnitsGoingToEurope" time="0.02" />
  <testcase classname="net.sf.freecol.server.model.ServerPlayerTest" name="testDutchMarket" time="0.038" />
  <testcase classname="net.sf.freecol.server.model.ServerPlayerTest" name="testCheckGameOverNoUnits" time="0.021" />
  <testcase classname="net.sf.freecol.server.model.ServerPlayerTest" name="testCheckGameOverUnitsGoingToNewWorld" time="0.02" />
  <testcase classname="net.sf.freecol.server.model.ServerPlayerTest" name="testSellingMakesPricesFall" time="0.017" />
  <testcase classname="net.sf.freecol.server.model.ServerPlayerTest" name="testMarketRecovery" time="0.038" />
  <testcase classname="net.sf.freecol.server.model.ServerPlayerTest" name="testLoadInColony" time="0.02" />
  <testcase classname="net.sf.freecol.server.model.ServerPlayerTest" name="testLoadInEurope" time="0.019" />
  <testcase classname="net.sf.freecol.server.model.ServerUnitTest" name="testDoAssignedWorkHardyPioneerPlowPlain" time="0.018" />
  <testcase classname="net.sf.freecol.server.model.ServerUnitTest" name="testColonyProfitFromEnhancement" time="0.019" />
  <testcase classname="net.sf.freecol.server.model.ServerUnitTest" name="testExposeResource" time="0.02" />
  <testcase classname="net.sf.freecol.server.model.ServerUnitTest" name="testDoAssignedWorkHardyPioneerBuildRoad" time="0.018" />
  <testcase classname="net.sf.freecol.server.model.ServerUnitTest" name="testUnitPromotionWorkingInWorkTile" time="0.02" />
  <testcase classname="net.sf.freecol.server.model.ServerUnitTest" name="testUnitGetsExperienceThroughWork" time="0.018" />
  <testcase classname="net.sf.freecol.server.model.ServerUnitTest" name="testUnitLumberDelivery" time="0.022" />
  <testcase classname="net.sf.freecol.server.model.ServerUnitTest" name="testToggleHorses" time="0.017" />
  <testcase classname="net.sf.freecol.server.generator.MapGeneratorTest" name="testSinglePlayerOnSmallMap" time="0.174" />
  <testcase classname="net.sf.freecol.server.generator.MapGeneratorTest" name="testImportMap" time="0.252" />
  <testcase classname="net.sf.freecol.server.generator.MapGeneratorTest" name="testRegions" time="0.109" />
  <testcase classname="net.sf.freecol.server.generator.MapGeneratorTest" name="testWithNoIndians" time="0.076" />
  <testcase classname="net.sf.freecol.server.generator.MapGeneratorTest" name="testIndianCapital" time="0.077" />
  <testcase classname="net.sf.freecol.server.generator.MapGeneratorTest" name="testMapGenerator" time="0.104" />
  <testcase classname="net.sf.freecol.client.gui.FontTest" name="testLogicalSerif" time="0.02" />
  <system-out><![CDATA[]]></system-out>
  <system-err><![CDATA[May 08, 2018 7:08:31 PM net.sf.freecol.common.model.Specification fixRoles
INFO: Loading role backward compatibility fragment: roles-compat.xml with roles: model.role.defaultmodel.role.scoutmodel.role.soldiermodel.role.dragoonmodel.role.pioneermodel.role.missionarymodel.role.infantrymodel.role.cavalrymodel.role.mountedBravemodel.role.armedBravemodel.role.nativeDragoon
May 08, 2018 7:08:31 PM net.sf.freecol.common.model.Specification checkDifficultyOptionGroup
INFO: Check group model.difficulty.immigration
May 08, 2018 7:08:31 PM net.sf.freecol.common.model.Specification checkDifficultyOptionGroup
INFO: Check group model.difficulty.natives
May 08, 2018 7:08:31 PM net.sf.freecol.common.model.Specification checkDifficultyOptionGroup
INFO: Check group model.difficulty.monarch
May 08, 2018 7:08:31 PM net.sf.freecol.common.model.Specification checkDifficultyOptionGroup
INFO: Check group model.difficulty.government
May 08, 2018 7:08:31 PM net.sf.freecol.common.model.Specification checkDifficultyOptionGroup
INFO: Check group model.difficulty.other
May 08, 2018 7:08:31 PM net.sf.freecol.common.model.Specification checkDifficultyOptionGroup
INFO: Check group model.difficulty.cheat
May 08, 2018 7:08:31 PM net.sf.freecol.common.model.Specification checkDifficultyUnitListOption
INFO: Added difficulty unit list option: model.option.immigrants
May 08, 2018 7:08:31 PM net.sf.freecol.common.model.Specification clean
INFO: Specification clean following load from InputStream complete, starting year=1492, season year=1600, ages=[1,109,309], seasons=2, 259 FreeColGameObjectTypes, 79 Abilities, 41 BuildingTypes, 14 Disasters, 9 EuropeanNationTypes, 2 Events, 25 FoundingFathers, 21 GoodsTypes, 8 IndianNationTypes, 60 Modifiers, 25 Nations, 65 Options, 16 Option Groups, 12 ResourceTypes, 11 Roles, 23 TileTypes, 6 TileImprovementTypes, 42 UnitTypes read.
May 08, 2018 7:08:31 PM net.sf.freecol.common.model.Specification checkDifficultyOptionGroup
INFO: Check group model.difficulty.immigration
May 08, 2018 7:08:31 PM net.sf.freecol.common.model.Specification checkDifficultyOptionGroup
INFO: Check group model.difficulty.natives
May 08, 2018 7:08:31 PM net.sf.freecol.common.model.Specification checkDifficultyOptionGroup
INFO: Check group model.difficulty.monarch
May 08, 2018 7:08:31 PM net.sf.freecol.common.model.Specification checkDifficultyOptionGroup
INFO: Check group model.difficulty.government
May 08, 2018 7:08:31 PM net.sf.freecol.common.model.Specification checkDifficultyOptionGroup
INFO: Check group model.difficulty.other
May 08, 2018 7:08:31 PM net.sf.freecol.common.model.Specification checkDifficultyOptionGroup
INFO: Check group model.difficulty.cheat
May 08, 2018 7:08:31 PM net.sf.freecol.common.model.Specification applyDifficultyLevel
INFO: Applying difficulty level model.difficulty.medium
May 08, 2018 7:08:31 PM net.sf.freecol.common.model.Specification fixRoles
INFO: Loading role backward compatibility fragment: roles-compat.xml with roles: model.role.defaultmodel.role.scoutmodel.role.soldiermodel.role.dragoonmodel.role.pioneermodel.role.missionarymodel.role.infantrymodel.role.cavalrymodel.role.mountedBravemodel.role.armedBravemodel.role.nativeDragoon
May 08, 2018 7:08:31 PM net.sf.freecol.common.model.Specification checkDifficultyOptionGroup
INFO: Check group model.difficulty.immigration
May 08, 2018 7:08:31 PM net.sf.freecol.common.model.Specification checkDifficultyOptionGroup
INFO: Check group model.difficulty.natives
May 08, 2018 7:08:31 PM net.sf.freecol.common.model.Specification checkDifficultyOptionGroup
INFO: Check group model.difficulty.monarch
May 08, 2018 7:08:31 PM net.sf.freecol.common.model.Specification checkDifficultyOptionGroup
INFO: Check group model.difficulty.government
May 08, 2018 7:08:31 PM net.sf.freecol.common.model.Specification checkDifficultyOptionGroup
INFO: Check group model.difficulty.other
May 08, 2018 7:08:31 PM net.sf.freecol.common.model.Specification checkDifficultyOptionGroup
INFO: Check group model.difficulty.cheat
May 08, 2018 7:08:31 PM net.sf.freecol.common.model.Specification checkDifficultyUnitListOption
INFO: Added difficulty unit list option: model.option.immigrants
May 08, 2018 7:08:31 PM net.sf.freecol.common.model.Specification clean
INFO: Specification clean following load from InputStream complete, starting year=1492, season year=1600, ages=[1,109,309], seasons=2, 247 FreeColGameObjectTypes, 78 Abilities, 41 BuildingTypes, 14 Disasters, 5 EuropeanNationTypes, 2 Events, 25 FoundingFathers, 21 GoodsTypes, 8 IndianNationTypes, 60 Modifiers, 17 Nations, 65 Options, 16 Option Groups, 12 ResourceTypes, 11 Roles, 23 TileTypes, 6 TileImprovementTypes, 42 UnitTypes read.
May 08, 2018 7:08:31 PM net.sf.freecol.common.model.Specification checkDifficultyOptionGroup
INFO: Check group model.difficulty.immigration
May 08, 2018 7:08:31 PM net.sf.freecol.common.model.Specification checkDifficultyOptionGroup
INFO: Check group model.difficulty.natives
May 08, 2018 7:08:31 PM net.sf.freecol.common.model.Specification checkDifficultyOptionGroup
INFO: Check group model.difficulty.monarch
May 08, 2018 7:08:31 PM net.sf.freecol.common.model.Specification checkDifficultyOptionGroup
INFO: Check group model.difficulty.government
May 08, 2018 7:08:31 PM net.sf.freecol.common.model.Specification checkDifficultyOptionGroup
INFO: Check group model.difficulty.other
May 08, 2018 7:08:31 PM net.sf.freecol.common.model.Specification checkDifficultyOptionGroup
INFO: Check group model.difficulty.cheat
May 08, 2018 7:08:31 PM net.sf.freecol.common.model.Specification applyDifficultyLevel
INFO: Applying difficulty level model.difficulty.medium
May 08, 2018 7:08:31 PM net.sf.freecol.common.i18n.Messages replaceChoices
WARNING: Unknown key or untagged choice: 'west=westward|east=eastward|default=into the wind', selector was 'whatever', trying 'default' instead
May 08, 2018 7:08:31 PM net.sf.freecol.common.i18n.Messages replaceChoices
WARNING: No tag found: {{}}abc   {{xyz}}def{{123|567}}
May 08, 2018 7:08:31 PM net.sf.freecol.common.i18n.Messages replaceChoices
WARNING: No tag found: {{}}abc   {{xyz}}def{{123|567}}
May 08, 2018 7:08:31 PM net.sf.freecol.common.i18n.Messages replaceChoices
WARNING: No tag found: {{}}abc   {{xyz}}def{{123|567}}
May 08, 2018 7:08:31 PM net.sf.freecol.common.model.Specification applyDifficultyLevel
INFO: Applying difficulty level model.difficulty.medium
May 08, 2018 7:08:31 PM net.sf.freecol.common.model.Specification applyDifficultyLevel
INFO: Applying difficulty level model.difficulty.medium
May 08, 2018 7:08:31 PM net.sf.freecol.common.util.LogBuilder log
INFO: In data/mods found mod: bryce classic_ui example misiulo weekSeasons plantForest markovoss convertUpgrade fourSeasons daySeasons hutzli monthSeasons
May 08, 2018 7:08:31 PM net.sf.freecol.common.model.Specification fixRoles
INFO: Loading role backward compatibility fragment: roles-compat.xml with roles: model.role.defaultmodel.role.scoutmodel.role.soldiermodel.role.dragoonmodel.role.pioneermodel.role.missionarymodel.role.infantrymodel.role.cavalrymodel.role.mountedBravemodel.role.armedBravemodel.role.nativeDragoon
May 08, 2018 7:08:31 PM net.sf.freecol.common.model.Specification checkDifficultyOptionGroup
INFO: Check group model.difficulty.immigration
May 08, 2018 7:08:31 PM net.sf.freecol.common.model.Specification checkDifficultyOptionGroup
INFO: Check group model.difficulty.natives
May 08, 2018 7:08:31 PM net.sf.freecol.common.model.Specification checkDifficultyOptionGroup
INFO: Check group model.difficulty.monarch
May 08, 2018 7:08:31 PM net.sf.freecol.common.model.Specification checkDifficultyOptionGroup
INFO: Check group model.difficulty.government
May 08, 2018 7:08:31 PM net.sf.freecol.common.model.Specification checkDifficultyOptionGroup
INFO: Check group model.difficulty.other
May 08, 2018 7:08:31 PM net.sf.freecol.common.model.Specification checkDifficultyOptionGroup
INFO: Check group model.difficulty.cheat
May 08, 2018 7:08:31 PM net.sf.freecol.common.model.Specification checkDifficultyUnitListOption
INFO: Added difficulty unit list option: model.option.immigrants
May 08, 2018 7:08:31 PM net.sf.freecol.common.model.Specification clean
INFO: Specification clean following load from InputStream complete, starting year=1492, season year=1600, ages=[1,109,309], seasons=2, 258 FreeColGameObjectTypes, 79 Abilities, 41 BuildingTypes, 14 Disasters, 9 EuropeanNationTypes, 2 Events, 25 FoundingFathers, 21 GoodsTypes, 8 IndianNationTypes, 60 Modifiers, 25 Nations, 65 Options, 16 Option Groups, 12 ResourceTypes, 11 Roles, 23 TileTypes, 6 TileImprovementTypes, 41 UnitTypes read.
May 08, 2018 7:08:31 PM net.sf.freecol.common.model.Specification fixRoles
INFO: Loading role backward compatibility fragment: roles-compat.xml with roles: model.role.defaultmodel.role.scoutmodel.role.soldiermodel.role.dragoonmodel.role.pioneermodel.role.missionarymodel.role.infantrymodel.role.cavalrymodel.role.mountedBravemodel.role.armedBravemodel.role.nativeDragoon
May 08, 2018 7:08:31 PM net.sf.freecol.common.model.Specification checkDifficultyOptionGroup
INFO: Check group model.difficulty.immigration
May 08, 2018 7:08:31 PM net.sf.freecol.common.model.Specification checkDifficultyOptionGroup
INFO: Check group model.difficulty.natives
May 08, 2018 7:08:31 PM net.sf.freecol.common.model.Specification checkDifficultyOptionGroup
INFO: Check group model.difficulty.monarch
May 08, 2018 7:08:31 PM net.sf.freecol.common.model.Specification checkDifficultyOptionGroup
INFO: Check group model.difficulty.government
May 08, 2018 7:08:31 PM net.sf.freecol.common.model.Specification checkDifficultyOptionGroup
INFO: Check group model.difficulty.other
May 08, 2018 7:08:31 PM net.sf.freecol.common.model.Specification checkDifficultyOptionGroup
INFO: Check group model.difficulty.cheat
May 08, 2018 7:08:31 PM net.sf.freecol.common.model.Specification checkDifficultyUnitListOption
INFO: Added difficulty unit list option: model.option.immigrants
May 08, 2018 7:08:31 PM net.sf.freecol.common.model.Specification clean
INFO: Specification clean following load from InputStream complete, starting year=1492, season year=1600, ages=[1,109,309], seasons=2, 259 FreeColGameObjectTypes, 79 Abilities, 41 BuildingTypes, 14 Disasters, 9 EuropeanNationTypes, 2 Events, 25 FoundingFathers, 21 GoodsTypes, 8 IndianNationTypes, 60 Modifiers, 25 Nations, 65 Options, 16 Option Groups, 12 ResourceTypes, 11 Roles, 23 TileTypes, 6 TileImprovementTypes, 42 UnitTypes read.
May 08, 2018 7:08:31 PM net.sf.freecol.common.model.Specification fixRoles
INFO: Loading role backward compatibility fragment: roles-compat.xml with roles: model.role.defaultmodel.role.scoutmodel.role.soldiermodel.role.dragoonmodel.role.pioneermodel.role.missionarymodel.role.infantrymodel.role.cavalrymodel.role.mountedBravemodel.role.armedBravemodel.role.nativeDragoon
May 08, 2018 7:08:31 PM net.sf.freecol.common.model.Specification checkDifficultyOptionGroup
INFO: Check group model.difficulty.immigration
May 08, 2018 7:08:31 PM net.sf.freecol.common.model.Specification checkDifficultyOptionGroup
INFO: Check group model.difficulty.natives
May 08, 2018 7:08:31 PM net.sf.freecol.common.model.Specification checkDifficultyOptionGroup
INFO: Check group model.difficulty.monarch
May 08, 2018 7:08:31 PM net.sf.freecol.common.model.Specification checkDifficultyOptionGroup
INFO: Check group model.difficulty.government
May 08, 2018 7:08:31 PM net.sf.freecol.common.model.Specification checkDifficultyOptionGroup
INFO: Check group model.difficulty.other
May 08, 2018 7:08:31 PM net.sf.freecol.common.model.Specification checkDifficultyOptionGroup
INFO: Check group model.difficulty.cheat
May 08, 2018 7:08:31 PM net.sf.freecol.common.model.Specification checkDifficultyUnitListOption
INFO: Added difficulty unit list option: model.option.immigrants
May 08, 2018 7:08:31 PM net.sf.freecol.common.model.Specification clean
INFO: Specification clean following load from InputStream complete, starting year=1492, season year=1600, ages=[1,109,309], seasons=2, 259 FreeColGameObjectTypes, 79 Abilities, 41 BuildingTypes, 14 Disasters, 9 EuropeanNationTypes, 2 Events, 25 FoundingFathers, 21 GoodsTypes, 8 IndianNationTypes, 60 Modifiers, 25 Nations, 65 Options, 16 Option Groups, 12 ResourceTypes, 11 Roles, 23 TileTypes, 6 TileImprovementTypes, 42 UnitTypes read.
May 08, 2018 7:08:31 PM net.sf.freecol.common.model.Specification loadMods
INFO: Loaded mod example
May 08, 2018 7:08:31 PM net.sf.freecol.common.model.Specification clean
INFO: Specification clean following mod loading complete, starting year=1492, season year=1600, ages=[1,109,309], seasons=2, 260 FreeColGameObjectTypes, 79 Abilities, 41 BuildingTypes, 14 Disasters, 9 EuropeanNationTypes, 2 Events, 25 FoundingFathers, 21 GoodsTypes, 8 IndianNationTypes, 60 Modifiers, 25 Nations, 65 Options, 16 Option Groups, 12 ResourceTypes, 11 Roles, 23 TileTypes, 6 TileImprovementTypes, 43 UnitTypes read.
May 08, 2018 7:08:31 PM net.sf.freecol.common.model.Specification fixRoles
INFO: Loading role backward compatibility fragment: roles-compat.xml with roles: model.role.defaultmodel.role.scoutmodel.role.soldiermodel.role.dragoonmodel.role.pioneermodel.role.missionarymodel.role.infantrymodel.role.cavalrymodel.role.mountedBravemodel.role.armedBravemodel.role.nativeDragoon
May 08, 2018 7:08:31 PM net.sf.freecol.common.model.Specification checkDifficultyOptionGroup
INFO: Check group model.difficulty.immigration
May 08, 2018 7:08:31 PM net.sf.freecol.common.model.Specification checkDifficultyOptionGroup
INFO: Check group model.difficulty.natives
May 08, 2018 7:08:31 PM net.sf.freecol.common.model.Specification checkDifficultyOptionGroup
INFO: Check group model.difficulty.monarch
May 08, 2018 7:08:31 PM net.sf.freecol.common.model.Specification checkDifficultyOptionGroup
INFO: Check group model.difficulty.government
May 08, 2018 7:08:31 PM net.sf.freecol.common.model.Specification checkDifficultyOptionGroup
INFO: Check group model.difficulty.other
May 08, 2018 7:08:31 PM net.sf.freecol.common.model.Specification checkDifficultyOptionGroup
INFO: Check group model.difficulty.cheat
May 08, 2018 7:08:31 PM net.sf.freecol.common.model.Specification checkDifficultyUnitListOption
INFO: Added difficulty unit list option: model.option.immigrants
May 08, 2018 7:08:31 PM net.sf.freecol.common.model.Specification clean
INFO: Specification clean following load from InputStream complete, starting year=1492, season year=1600, ages=[1,109,309], seasons=2, 260 FreeColGameObjectTypes, 79 Abilities, 41 BuildingTypes, 14 Disasters, 9 EuropeanNationTypes, 2 Events, 25 FoundingFathers, 21 GoodsTypes, 8 IndianNationTypes, 60 Modifiers, 25 Nations, 65 Options, 16 Option Groups, 12 ResourceTypes, 11 Roles, 23 TileTypes, 6 TileImprovementTypes, 43 UnitTypes read.
May 08, 2018 7:08:31 PM net.sf.freecol.common.model.Specification fixRoles
INFO: Loading role backward compatibility fragment: roles-compat.xml with roles: model.role.defaultmodel.role.scoutmodel.role.soldiermodel.role.dragoonmodel.role.pioneermodel.role.missionarymodel.role.infantrymodel.role.cavalrymodel.role.mountedBravemodel.role.armedBravemodel.role.nativeDragoon
May 08, 2018 7:08:31 PM net.sf.freecol.common.model.Specification checkDifficultyOptionGroup
INFO: Check group model.difficulty.immigration
May 08, 2018 7:08:31 PM net.sf.freecol.common.model.Specification checkDifficultyOptionGroup
INFO: Check group model.difficulty.natives
May 08, 2018 7:08:31 PM net.sf.freecol.common.model.Specification checkDifficultyOptionGroup
INFO: Check group model.difficulty.monarch
May 08, 2018 7:08:31 PM net.sf.freecol.common.model.Specification checkDifficultyOptionGroup
INFO: Check group model.difficulty.government
May 08, 2018 7:08:31 PM net.sf.freecol.common.model.Specification checkDifficultyOptionGroup
INFO: Check group model.difficulty.other
May 08, 2018 7:08:31 PM net.sf.freecol.common.model.Specification checkDifficultyOptionGroup
INFO: Check group model.difficulty.cheat
May 08, 2018 7:08:31 PM net.sf.freecol.common.model.Specification checkDifficultyUnitListOption
INFO: Added difficulty unit list option: model.option.immigrants
May 08, 2018 7:08:31 PM net.sf.freecol.common.model.Specification clean
INFO: Specification clean following load from InputStream complete, starting year=1492, season year=1600, ages=[1,109,309], seasons=2, 259 FreeColGameObjectTypes, 79 Abilities, 41 BuildingTypes, 14 Disasters, 9 EuropeanNationTypes, 2 Events, 25 FoundingFathers, 21 GoodsTypes, 8 IndianNationTypes, 60 Modifiers, 25 Nations, 65 Options, 16 Option Groups, 12 ResourceTypes, 11 Roles, 23 TileTypes, 6 TileImprovementTypes, 42 UnitTypes read.
May 08, 2018 7:08:31 PM net.sf.freecol.common.model.Specification fixRoles
INFO: Loading role backward compatibility fragment: roles-compat.xml with roles: model.role.defaultmodel.role.scoutmodel.role.soldiermodel.role.dragoonmodel.role.pioneermodel.role.missionarymodel.role.infantrymodel.role.cavalrymodel.role.mountedBravemodel.role.armedBravemodel.role.nativeDragoon
May 08, 2018 7:08:31 PM net.sf.freecol.common.model.Specification checkDifficultyOptionGroup
INFO: Check group model.difficulty.immigration
May 08, 2018 7:08:31 PM net.sf.freecol.common.model.Specification checkDifficultyOptionGroup
INFO: Check group model.difficulty.natives
May 08, 2018 7:08:31 PM net.sf.freecol.common.model.Specification checkDifficultyOptionGroup
INFO: Check group model.difficulty.monarch
May 08, 2018 7:08:31 PM net.sf.freecol.common.model.Specification checkDifficultyOptionGroup
INFO: Check group model.difficulty.government
May 08, 2018 7:08:31 PM net.sf.freecol.common.model.Specification checkDifficultyOptionGroup
INFO: Check group model.difficulty.other
May 08, 2018 7:08:31 PM net.sf.freecol.common.model.Specification checkDifficultyOptionGroup
INFO: Check group model.difficulty.cheat
May 08, 2018 7:08:31 PM net.sf.freecol.common.model.Specification checkDifficultyUnitListOption
INFO: Added difficulty unit list option: model.option.immigrants
May 08, 2018 7:08:31 PM net.sf.freecol.common.model.Specification clean
INFO: Specification clean following load from InputStream complete, starting year=1492, season year=1600, ages=[1,109,309], seasons=2, 259 FreeColGameObjectTypes, 79 Abilities, 41 BuildingTypes, 14 Disasters, 9 EuropeanNationTypes, 2 Events, 25 FoundingFathers, 21 GoodsTypes, 8 IndianNationTypes, 60 Modifiers, 25 Nations, 65 Options, 16 Option Groups, 12 ResourceTypes, 11 Roles, 23 TileTypes, 6 TileImprovementTypes, 42 UnitTypes read.
May 08, 2018 7:08:31 PM net.sf.freecol.common.model.Specification applyDifficultyLevel
INFO: Applying difficulty level model.difficulty.medium
May 08, 2018 7:08:31 PM net.sf.freecol.common.model.Specification applyDifficultyLevel
INFO: Applying difficulty level model.difficulty.medium
May 08, 2018 7:08:31 PM net.sf.freecol.common.model.Specification applyDifficultyLevel
INFO: Applying difficulty level model.difficulty.medium
May 08, 2018 7:08:31 PM net.sf.freecol.common.model.Specification applyDifficultyLevel
INFO: Applying difficulty level model.difficulty.medium
May 08, 2018 7:08:31 PM net.sf.freecol.common.model.Specification applyDifficultyLevel
INFO: Applying difficulty level model.difficulty.medium
May 08, 2018 7:08:31 PM net.sf.freecol.common.model.Specification applyDifficultyLevel
INFO: Applying difficulty level model.difficulty.medium
May 08, 2018 7:08:31 PM net.sf.freecol.common.model.Specification applyDifficultyLevel
INFO: Applying difficulty level model.difficulty.medium
May 08, 2018 7:08:31 PM net.sf.freecol.common.model.Specification applyDifficultyLevel
INFO: Applying difficulty level model.difficulty.medium
May 08, 2018 7:08:31 PM net.sf.freecol.common.model.Specification applyDifficultyLevel
INFO: Applying difficulty level model.difficulty.medium
May 08, 2018 7:08:31 PM net.sf.freecol.common.model.Specification applyDifficultyLevel
INFO: Applying difficulty level model.difficulty.medium
May 08, 2018 7:08:31 PM net.sf.freecol.common.model.Specification applyDifficultyLevel
INFO: Applying difficulty level model.difficulty.medium
May 08, 2018 7:08:31 PM net.sf.freecol.common.model.Unit setLocation
WARNING: Can not add [unit:798 dutch indianConvert 0/1] to building:794
May 08, 2018 7:08:31 PM net.sf.freecol.common.model.Unit setLocation
WARNING: Can not add [unit:798 dutch indianConvert 0/1] to building:795
May 08, 2018 7:08:31 PM net.sf.freecol.common.model.Unit setLocation
WARNING: Can not add [unit:798 dutch indianConvert 0/1] to building:793
May 08, 2018 7:08:31 PM net.sf.freecol.common.model.Specification applyDifficultyLevel
INFO: Applying difficulty level model.difficulty.medium
May 08, 2018 7:08:31 PM net.sf.freecol.common.model.Specification applyDifficultyLevel
INFO: Applying difficulty level model.difficulty.medium
May 08, 2018 7:08:31 PM net.sf.freecol.common.model.Specification applyDifficultyLevel
INFO: Applying difficulty level model.difficulty.medium
May 08, 2018 7:08:31 PM net.sf.freecol.common.model.Specification applyDifficultyLevel
INFO: Applying difficulty level model.difficulty.medium
May 08, 2018 7:08:31 PM net.sf.freecol.common.model.Specification applyDifficultyLevel
INFO: Applying difficulty level model.difficulty.medium
May 08, 2018 7:08:31 PM net.sf.freecol.common.model.Specification applyDifficultyLevel
INFO: Applying difficulty level model.difficulty.medium
May 08, 2018 7:08:31 PM net.sf.freecol.common.model.Specification applyDifficultyLevel
INFO: Applying difficulty level model.difficulty.medium
May 08, 2018 7:08:31 PM net.sf.freecol.common.model.Specification applyDifficultyLevel
INFO: Applying difficulty level model.difficulty.medium
May 08, 2018 7:08:31 PM net.sf.freecol.common.model.Specification applyDifficultyLevel
INFO: Applying difficulty level model.difficulty.medium
May 08, 2018 7:08:31 PM net.sf.freecol.common.model.Specification applyDifficultyLevel
INFO: Applying difficulty level model.difficulty.medium
May 08, 2018 7:08:31 PM net.sf.freecol.common.model.Specification applyDifficultyLevel
INFO: Applying difficulty level model.difficulty.medium
May 08, 2018 7:08:31 PM net.sf.freecol.common.model.Specification applyDifficultyLevel
INFO: Applying difficulty level model.difficulty.medium
May 08, 2018 7:08:31 PM net.sf.freecol.common.model.Specification applyDifficultyLevel
INFO: Applying difficulty level model.difficulty.medium
May 08, 2018 7:08:31 PM net.sf.freecol.common.model.Specification applyDifficultyLevel
INFO: Applying difficulty level model.difficulty.medium
May 08, 2018 7:08:31 PM net.sf.freecol.common.model.Specification applyDifficultyLevel
INFO: Applying difficulty level model.difficulty.medium
May 08, 2018 7:08:31 PM net.sf.freecol.common.model.Specification applyDifficultyLevel
INFO: Applying difficulty level model.difficulty.medium
May 08, 2018 7:08:31 PM net.sf.freecol.common.model.Specification applyDifficultyLevel
INFO: Applying difficulty level model.difficulty.medium
May 08, 2018 7:08:31 PM net.sf.freecol.common.model.Specification applyDifficultyLevel
INFO: Applying difficulty level model.difficulty.medium
May 08, 2018 7:08:31 PM net.sf.freecol.common.model.Specification applyDifficultyLevel
INFO: Applying difficulty level model.difficulty.medium
May 08, 2018 7:08:31 PM net.sf.freecol.common.model.Specification applyDifficultyLevel
INFO: Applying difficulty level model.difficulty.medium
May 08, 2018 7:08:31 PM net.sf.freecol.common.model.Specification applyDifficultyLevel
INFO: Applying difficulty level model.difficulty.medium
May 08, 2018 7:08:31 PM net.sf.freecol.common.model.Specification applyDifficultyLevel
INFO: Applying difficulty level model.difficulty.medium
May 08, 2018 7:08:31 PM net.sf.freecol.common.model.Specification applyDifficultyLevel
INFO: Applying difficulty level model.difficulty.medium
May 08, 2018 7:08:31 PM net.sf.freecol.common.model.Specification applyDifficultyLevel
INFO: Applying difficulty level model.difficulty.medium
May 08, 2018 7:08:31 PM net.sf.freecol.common.model.Specification applyDifficultyLevel
INFO: Applying difficulty level model.difficulty.medium
May 08, 2018 7:08:31 PM net.sf.freecol.common.model.Specification applyDifficultyLevel
INFO: Applying difficulty level model.difficulty.medium
May 08, 2018 7:08:31 PM net.sf.freecol.common.model.Specification applyDifficultyLevel
INFO: Applying difficulty level model.difficulty.medium
May 08, 2018 7:08:31 PM net.sf.freecol.common.model.Specification applyDifficultyLevel
INFO: Applying difficulty level model.difficulty.medium
May 08, 2018 7:08:31 PM net.sf.freecol.common.model.Specification applyDifficultyLevel
INFO: Applying difficulty level model.difficulty.medium
May 08, 2018 7:08:32 PM net.sf.freecol.common.FreeColSeed getFreeColSeed
INFO: Using seed: -3494432896171905321
May 08, 2018 7:08:32 PM net.sf.freecol.server.networking.Server sendToAll
INFO: Reap dead connection: [DummyConnection Server connection - model.nation.dutch]
May 08, 2018 7:08:32 PM net.sf.freecol.server.networking.Server sendToAll
INFO: Reap dead connection: [DummyConnection Server connection - model.nation.spanish]
May 08, 2018 7:08:32 PM net.sf.freecol.server.networking.Server sendToAll
INFO: Reap dead connection: [DummyConnection Server connection - model.nation.apache]
May 08, 2018 7:08:32 PM net.sf.freecol.server.networking.Server sendToAll
INFO: Reap dead connection: [DummyConnection Server connection - model.nation.inca]
May 08, 2018 7:08:32 PM net.sf.freecol.server.networking.Server sendToAll
INFO: Reap dead connection: [DummyConnection Server connection - model.nation.aztec]
May 08, 2018 7:08:32 PM net.sf.freecol.server.networking.Server sendToAll
INFO: Reap dead connection: [DummyConnection Server connection - model.nation.cherokee]
May 08, 2018 7:08:32 PM net.sf.freecol.server.networking.Server sendToAll
INFO: Reap dead connection: [DummyConnection Server connection - model.nation.french]
May 08, 2018 7:08:32 PM net.sf.freecol.server.networking.Server sendToAll
INFO: Reap dead connection: [DummyConnection Server connection - model.nation.iroquois]
May 08, 2018 7:08:32 PM net.sf.freecol.server.networking.Server sendToAll
INFO: Reap dead connection: [DummyConnection Server connection - model.nation.english]
May 08, 2018 7:08:32 PM net.sf.freecol.server.networking.Server sendToAll
INFO: Reap dead connection: [DummyConnection Server connection - model.nation.tupi]
May 08, 2018 7:08:32 PM net.sf.freecol.server.networking.Server sendToAll
INFO: Reap dead connection: [DummyConnection Server connection - model.nation.sioux]
May 08, 2018 7:08:32 PM net.sf.freecol.server.networking.Server sendToAll
INFO: Reap dead connection: [DummyConnection Server connection - model.nation.arawak]
May 08, 2018 7:08:32 PM net.sf.freecol.common.util.LogBuilder log
INFO: Combat attacker=unit:268-veteranSoldier-soldier [Modifier model.modifier.offence (model.source.baseOffence) ADDITIVE 0.0 index=10] [Modifier model.modifier.offence (model.role.soldier) ADDITIVE 2.0 index=30] [Modifier model.modifier.offence (model.unit.veteranSoldier) PERCENTAGE 50.0 index=40] [Modifier model.modifier.attackBonus (model.source.attackBonus) PERCENTAGE 50.0 index=50] = 4.5 defender=unit:250-brave [Modifier model.modifier.defence (model.source.baseDefence) ADDITIVE 1.0 index=10] [Modifier model.modifier.defence (model.settlement.inca.capital) PERCENTAGE 200.0 index=50] = 3.0 odds=0.6 random(1.0)=0.0 great=true Attack WIN SLAUGHTER_UNIT CAPTURE_CONVERT
May 08, 2018 7:08:32 PM net.sf.freecol.common.util.LogBuilder log
INFO: Destroying: goodsContainer:251 unit:250
May 08, 2018 7:08:32 PM net.sf.freecol.common.model.Specification applyDifficultyLevel
INFO: Applying difficulty level model.difficulty.medium
May 08, 2018 7:08:32 PM net.sf.freecol.common.model.Specification applyDifficultyLevel
INFO: Applying difficulty level model.difficulty.medium
May 08, 2018 7:08:32 PM net.sf.freecol.common.model.Specification applyDifficultyLevel
INFO: Applying difficulty level model.difficulty.medium
May 08, 2018 7:08:32 PM net.sf.freecol.common.FreeColSeed getFreeColSeed
INFO: Using seed: -5355742390273879080
May 08, 2018 7:08:32 PM net.sf.freecol.server.networking.Server sendToAll
INFO: Reap dead connection: [DummyConnection Server connection - model.nation.tupi]
May 08, 2018 7:08:32 PM net.sf.freecol.server.networking.Server sendToAll
INFO: Reap dead connection: [DummyConnection Server connection - model.nation.english]
May 08, 2018 7:08:32 PM net.sf.freecol.server.networking.Server sendToAll
INFO: Reap dead connection: [DummyConnection Server connection - model.nation.spanish]
May 08, 2018 7:08:32 PM net.sf.freecol.server.networking.Server sendToAll
INFO: Reap dead connection: [DummyConnection Server connection - model.nation.arawak]
May 08, 2018 7:08:32 PM net.sf.freecol.server.networking.Server sendToAll
INFO: Reap dead connection: [DummyConnection Server connection - model.nation.inca]
May 08, 2018 7:08:32 PM net.sf.freecol.server.networking.Server sendToAll
INFO: Reap dead connection: [DummyConnection Server connection - model.nation.dutch]
May 08, 2018 7:08:32 PM net.sf.freecol.server.networking.Server sendToAll
INFO: Reap dead connection: [DummyConnection Server connection - model.nation.french]
May 08, 2018 7:08:32 PM net.sf.freecol.server.networking.Server sendToAll
INFO: Reap dead connection: [DummyConnection Server connection - model.nation.cherokee]
May 08, 2018 7:08:32 PM net.sf.freecol.server.networking.Server sendToAll
INFO: Reap dead connection: [DummyConnection Server connection - model.nation.sioux]
May 08, 2018 7:08:32 PM net.sf.freecol.server.networking.Server sendToAll
INFO: Reap dead connection: [DummyConnection Server connection - model.nation.apache]
May 08, 2018 7:08:32 PM net.sf.freecol.server.networking.Server sendToAll
INFO: Reap dead connection: [DummyConnection Server connection - model.nation.aztec]
May 08, 2018 7:08:32 PM net.sf.freecol.server.networking.Server sendToAll
INFO: Reap dead connection: [DummyConnection Server connection - model.nation.iroquois]
May 08, 2018 7:08:32 PM net.sf.freecol.common.util.LogBuilder log
INFO: Combat attacker=unit:347-kingsRegular-cavalry [Modifier model.modifier.offence (model.source.baseOffence) ADDITIVE 0.0 index=10] [Modifier model.modifier.offence (model.unit.kingsRegular) ADDITIVE 4.0 index=20] [Modifier model.modifier.offence (model.role.cavalry) ADDITIVE 3.0 index=30] [Modifier model.modifier.attackBonus (model.source.attackBonus) PERCENTAGE 50.0 index=50] = 10.5 defender=unit:348-colonialRegular-dragoon [Modifier model.modifier.defence (model.source.baseDefence) ADDITIVE 1.0 index=10] [Modifier model.modifier.defence (model.unit.colonialRegular) ADDITIVE 3.0 index=20] [Modifier model.modifier.defence (model.role.dragoon) ADDITIVE 2.0 index=30] = 6.0 odds=0.6363636363636364 random(1.0)=0.8500000238418579 great=false Attack LOSE LOSE_EQUIP
May 08, 2018 7:08:32 PM net.sf.freecol.server.model.ServerPlayer csChangeStance
INFO: Stance modification Louis XV PEACE -> WAR wrt Louis XIV
May 08, 2018 7:08:32 PM net.sf.freecol.server.model.ServerPlayer csChangeStance
INFO: Stance modification Louis XIV PEACE -> WAR wrt Louis XV (symmetric)
May 08, 2018 7:08:32 PM net.sf.freecol.common.util.LogBuilder log
INFO: Combat attacker=unit:348-colonialRegular-dragoon [Modifier model.modifier.offence (model.source.baseOffence) ADDITIVE 0.0 index=10] [Modifier model.modifier.offence (model.unit.colonialRegular) ADDITIVE 3.0 index=20] [Modifier model.modifier.offence (model.role.dragoon) ADDITIVE 3.0 index=30] [Modifier model.modifier.attackBonus (model.source.attackBonus) PERCENTAGE 50.0 index=50] = 9.0 defender=unit:347-kingsRegular-infantry [Modifier model.modifier.defence (model.source.baseDefence) ADDITIVE 1.0 index=10] [Modifier model.modifier.defence (model.unit.kingsRegular) ADDITIVE 4.0 index=20] [Modifier model.modifier.defence (model.role.infantry) ADDITIVE 1.0 index=30] = 6.0 odds=0.6 random(1.0)=0.20000000298023224 great=false Attack WIN SLAUGHTER_UNIT
May 08, 2018 7:08:32 PM net.sf.freecol.common.util.LogBuilder log
INFO: Combat attacker=unit:349-kingsRegular-cavalry [Modifier model.modifier.offence (model.source.baseOffence) ADDITIVE 0.0 index=10] [Modifier model.modifier.offence (model.unit.kingsRegular) ADDITIVE 4.0 index=20] [Modifier model.modifier.offence (model.role.cavalry) ADDITIVE 3.0 index=30] [Modifier model.modifier.attackBonus (model.source.attackBonus) PERCENTAGE 50.0 index=50] = 10.5 defender=unit:348-colonialRegular-dragoon [Modifier model.modifier.defence (model.source.baseDefence) ADDITIVE 1.0 index=10] [Modifier model.modifier.defence (model.unit.colonialRegular) ADDITIVE 3.0 index=20] [Modifier model.modifier.defence (model.role.dragoon) ADDITIVE 2.0 index=30] = 6.0 odds=0.6363636363636364 random(1.0)=0.20000000298023224 great=false Attack WIN LOSE_EQUIP
May 08, 2018 7:08:32 PM net.sf.freecol.common.util.LogBuilder log
INFO: Combat attacker=unit:349-kingsRegular-cavalry [Modifier model.modifier.offence (model.source.baseOffence) ADDITIVE 0.0 index=10] [Modifier model.modifier.offence (model.unit.kingsRegular) ADDITIVE 4.0 index=20] [Modifier model.modifier.offence (model.role.cavalry) ADDITIVE 3.0 index=30] [Modifier model.modifier.attackBonus (model.source.attackBonus) PERCENTAGE 50.0 index=50] = 10.5 defender=unit:348-colonialRegular-soldier [Modifier model.modifier.defence (model.source.baseDefence) ADDITIVE 1.0 index=10] [Modifier model.modifier.defence (model.unit.colonialRegular) ADDITIVE 3.0 index=20] [Modifier model.modifier.defence (model.role.soldier) ADDITIVE 1.0 index=30] = 5.0 odds=0.6774193548387096 random(1.0)=0.20000000298023224 great=false Attack WIN LOSE_EQUIP DEMOTE_UNIT
May 08, 2018 7:08:32 PM net.sf.freecol.common.util.LogBuilder log
INFO: Combat attacker=unit:349-kingsRegular-cavalry [Modifier model.modifier.offence (model.source.baseOffence) ADDITIVE 0.0 index=10] [Modifier model.modifier.offence (model.unit.kingsRegular) ADDITIVE 4.0 index=20] [Modifier model.modifier.offence (model.role.cavalry) ADDITIVE 3.0 index=30] [Modifier model.modifier.attackBonus (model.source.attackBonus) PERCENTAGE 50.0 index=50] = 10.5 defender=unit:348-veteranSoldier [Modifier model.modifier.defence (model.source.baseDefence) ADDITIVE 1.0 index=10] [Modifier model.modifier.defence (model.unit.veteranSoldier) PERCENTAGE 50.0 index=40] = 1.5 odds=0.875 random(1.0)=0.20000000298023224 great=false Attack WIN CAPTURE_UNIT
May 08, 2018 7:08:32 PM net.sf.freecol.common.model.Specification applyDifficultyLevel
INFO: Applying difficulty level model.difficulty.medium
May 08, 2018 7:08:32 PM net.sf.freecol.common.model.Specification applyDifficultyLevel
INFO: Applying difficulty level model.difficulty.medium
May 08, 2018 7:08:32 PM net.sf.freecol.common.model.Specification applyDifficultyLevel
INFO: Applying difficulty level model.difficulty.medium
May 08, 2018 7:08:32 PM net.sf.freecol.common.model.Specification applyDifficultyLevel
INFO: Applying difficulty level model.difficulty.medium
May 08, 2018 7:08:32 PM net.sf.freecol.common.model.Specification applyDifficultyLevel
INFO: Applying difficulty level model.difficulty.medium
May 08, 2018 7:08:32 PM net.sf.freecol.common.model.Specification applyDifficultyLevel
INFO: Applying difficulty level model.difficulty.medium
May 08, 2018 7:08:32 PM net.sf.freecol.common.model.Specification applyDifficultyLevel
INFO: Applying difficulty level model.difficulty.medium
May 08, 2018 7:08:32 PM net.sf.freecol.common.model.Specification applyDifficultyLevel
INFO: Applying difficulty level model.difficulty.medium
May 08, 2018 7:08:32 PM net.sf.freecol.common.model.Specification applyDifficultyLevel
INFO: Applying difficulty level model.difficulty.medium
May 08, 2018 7:08:32 PM net.sf.freecol.common.model.Specification applyDifficultyLevel
INFO: Applying difficulty level model.difficulty.medium
May 08, 2018 7:08:32 PM net.sf.freecol.common.model.Specification applyDifficultyLevel
INFO: Applying difficulty level model.difficulty.medium
May 08, 2018 7:08:32 PM net.sf.freecol.common.model.Specification applyDifficultyLevel
INFO: Applying difficulty level model.difficulty.medium
May 08, 2018 7:08:32 PM net.sf.freecol.common.model.Specification applyDifficultyLevel
INFO: Applying difficulty level model.difficulty.medium
May 08, 2018 7:08:32 PM net.sf.freecol.common.model.Specification applyDifficultyLevel
INFO: Applying difficulty level model.difficulty.medium
May 08, 2018 7:08:32 PM net.sf.freecol.common.model.Specification applyDifficultyLevel
INFO: Applying difficulty level model.difficulty.medium
May 08, 2018 7:08:32 PM net.sf.freecol.common.model.Specification applyDifficultyLevel
INFO: Applying difficulty level model.difficulty.medium
May 08, 2018 7:08:32 PM net.sf.freecol.common.model.Specification applyDifficultyLevel
INFO: Applying difficulty level model.difficulty.medium
May 08, 2018 7:08:32 PM net.sf.freecol.common.model.Specification applyDifficultyLevel
INFO: Applying difficulty level model.difficulty.medium
May 08, 2018 7:08:32 PM net.sf.freecol.common.model.Specification applyDifficultyLevel
INFO: Applying difficulty level model.difficulty.medium
May 08, 2018 7:08:32 PM net.sf.freecol.common.model.Specification applyDifficultyLevel
INFO: Applying difficulty level model.difficulty.medium
May 08, 2018 7:08:32 PM net.sf.freecol.common.model.Specification applyDifficultyLevel
INFO: Applying difficulty level model.difficulty.medium
May 08, 2018 7:08:32 PM net.sf.freecol.common.model.Specification applyDifficultyLevel
INFO: Applying difficulty level model.difficulty.medium
May 08, 2018 7:08:32 PM net.sf.freecol.common.model.Specification applyDifficultyLevel
INFO: Applying difficulty level model.difficulty.medium
May 08, 2018 7:08:32 PM net.sf.freecol.common.model.Specification applyDifficultyLevel
INFO: Applying difficulty level model.difficulty.medium
May 08, 2018 7:08:32 PM net.sf.freecol.common.model.Specification applyDifficultyLevel
INFO: Applying difficulty level model.difficulty.medium
May 08, 2018 7:08:32 PM net.sf.freecol.common.model.Specification applyDifficultyLevel
INFO: Applying difficulty level model.difficulty.medium
May 08, 2018 7:08:32 PM net.sf.freecol.common.model.Specification applyDifficultyLevel
INFO: Applying difficulty level model.difficulty.medium
May 08, 2018 7:08:32 PM net.sf.freecol.common.model.Specification applyDifficultyLevel
INFO: Applying difficulty level model.difficulty.medium
May 08, 2018 7:08:32 PM net.sf.freecol.common.model.Specification applyDifficultyLevel
INFO: Applying difficulty level model.difficulty.medium
May 08, 2018 7:08:32 PM net.sf.freecol.common.model.Specification applyDifficultyLevel
INFO: Applying difficulty level model.difficulty.medium
May 08, 2018 7:08:32 PM net.sf.freecol.common.model.Specification applyDifficultyLevel
INFO: Applying difficulty level model.difficulty.medium
May 08, 2018 7:08:32 PM net.sf.freecol.common.model.Specification applyDifficultyLevel
INFO: Applying difficulty level model.difficulty.medium
May 08, 2018 7:08:32 PM net.sf.freecol.common.model.Specification applyDifficultyLevel
INFO: Applying difficulty level model.difficulty.medium
May 08, 2018 7:08:32 PM net.sf.freecol.common.model.Specification applyDifficultyLevel
INFO: Applying difficulty level model.difficulty.medium
May 08, 2018 7:08:32 PM net.sf.freecol.common.model.Specification applyDifficultyLevel
INFO: Applying difficulty level model.difficulty.medium
May 08, 2018 7:08:32 PM net.sf.freecol.common.model.Specification applyDifficultyLevel
INFO: Applying difficulty level model.difficulty.medium
May 08, 2018 7:08:32 PM net.sf.freecol.common.model.Specification applyDifficultyLevel
INFO: Applying difficulty level model.difficulty.medium
May 08, 2018 7:08:32 PM net.sf.freecol.common.model.Specification applyDifficultyLevel
INFO: Applying difficulty level model.difficulty.medium
May 08, 2018 7:08:32 PM net.sf.freecol.common.model.Specification applyDifficultyLevel
INFO: Applying difficulty level model.difficulty.medium
May 08, 2018 7:08:32 PM net.sf.freecol.common.model.Specification applyDifficultyLevel
INFO: Applying difficulty level model.difficulty.medium
May 08, 2018 7:08:32 PM net.sf.freecol.common.model.Specification applyDifficultyLevel
INFO: Applying difficulty level model.difficulty.medium
May 08, 2018 7:08:32 PM net.sf.freecol.common.model.Specification applyDifficultyLevel
INFO: Applying difficulty level model.difficulty.medium
May 08, 2018 7:08:32 PM net.sf.freecol.common.model.Specification applyDifficultyLevel
INFO: Applying difficulty level model.difficulty.medium
May 08, 2018 7:08:32 PM net.sf.freecol.common.model.Specification applyDifficultyLevel
INFO: Applying difficulty level model.difficulty.medium
May 08, 2018 7:08:32 PM net.sf.freecol.common.model.Specification applyDifficultyLevel
INFO: Applying difficulty level model.difficulty.medium
May 08, 2018 7:08:32 PM net.sf.freecol.common.model.Specification applyDifficultyLevel
INFO: Applying difficulty level model.difficulty.medium
May 08, 2018 7:08:32 PM net.sf.freecol.common.model.Specification applyDifficultyLevel
INFO: Applying difficulty level model.difficulty.medium
May 08, 2018 7:08:32 PM net.sf.freecol.common.model.Specification applyDifficultyLevel
INFO: Applying difficulty level model.difficulty.medium
May 08, 2018 7:08:32 PM net.sf.freecol.common.model.Specification applyDifficultyLevel
INFO: Applying difficulty level model.difficulty.medium
May 08, 2018 7:08:32 PM net.sf.freecol.common.model.Specification applyDifficultyLevel
INFO: Applying difficulty level model.difficulty.medium
May 08, 2018 7:08:32 PM net.sf.freecol.common.model.Specification applyDifficultyLevel
INFO: Applying difficulty level model.difficulty.medium
May 08, 2018 7:08:32 PM net.sf.freecol.common.model.Specification applyDifficultyLevel
INFO: Applying difficulty level model.difficulty.medium
May 08, 2018 7:08:32 PM net.sf.freecol.common.model.Specification applyDifficultyLevel
INFO: Applying difficulty level model.difficulty.medium
May 08, 2018 7:08:32 PM net.sf.freecol.common.model.Specification applyDifficultyLevel
INFO: Applying difficulty level model.difficulty.medium
May 08, 2018 7:08:32 PM net.sf.freecol.common.model.Specification applyDifficultyLevel
INFO: Applying difficulty level model.difficulty.medium
May 08, 2018 7:08:32 PM net.sf.freecol.common.model.Specification applyDifficultyLevel
INFO: Applying difficulty level model.difficulty.medium
May 08, 2018 7:08:32 PM net.sf.freecol.common.model.Specification applyDifficultyLevel
INFO: Applying difficulty level model.difficulty.medium
May 08, 2018 7:08:32 PM net.sf.freecol.common.model.Specification applyDifficultyLevel
INFO: Applying difficulty level model.difficulty.medium
May 08, 2018 7:08:32 PM net.sf.freecol.common.model.Specification applyDifficultyLevel
INFO: Applying difficulty level model.difficulty.medium
May 08, 2018 7:08:32 PM net.sf.freecol.common.model.Specification applyDifficultyLevel
INFO: Applying difficulty level model.difficulty.medium
May 08, 2018 7:08:32 PM net.sf.freecol.common.model.Specification applyDifficultyLevel
INFO: Applying difficulty level model.difficulty.medium
May 08, 2018 7:08:32 PM net.sf.freecol.common.model.Specification applyDifficultyLevel
INFO: Applying difficulty level model.difficulty.medium
May 08, 2018 7:08:32 PM net.sf.freecol.common.model.Specification applyDifficultyLevel
INFO: Applying difficulty level model.difficulty.medium
May 08, 2018 7:08:32 PM net.sf.freecol.common.model.Specification applyDifficultyLevel
INFO: Applying difficulty level model.difficulty.medium
May 08, 2018 7:08:32 PM net.sf.freecol.common.model.Specification applyDifficultyLevel
INFO: Applying difficulty level model.difficulty.veryEasy
May 08, 2018 7:08:32 PM net.sf.freecol.common.model.Specification applyDifficultyLevel
INFO: Applying difficulty level model.difficulty.easy
May 08, 2018 7:08:32 PM net.sf.freecol.common.model.Specification applyDifficultyLevel
INFO: Applying difficulty level model.difficulty.medium
May 08, 2018 7:08:32 PM net.sf.freecol.common.model.Specification applyDifficultyLevel
INFO: Applying difficulty level model.difficulty.hard
May 08, 2018 7:08:32 PM net.sf.freecol.common.model.Specification applyDifficultyLevel
INFO: Applying difficulty level model.difficulty.veryHard
May 08, 2018 7:08:32 PM net.sf.freecol.common.model.Specification applyDifficultyLevel
INFO: Applying difficulty level model.difficulty.custom
May 08, 2018 7:08:32 PM net.sf.freecol.common.model.Specification applyDifficultyLevel
INFO: Applying difficulty level model.difficulty.medium
May 08, 2018 7:08:32 PM net.sf.freecol.common.model.Specification applyDifficultyLevel
INFO: Applying difficulty level model.difficulty.medium
May 08, 2018 7:08:32 PM net.sf.freecol.common.model.Specification applyDifficultyLevel
INFO: Applying difficulty level model.difficulty.medium
May 08, 2018 7:08:32 PM net.sf.freecol.common.model.Specification applyDifficultyLevel
INFO: Applying difficulty level model.difficulty.medium
May 08, 2018 7:08:32 PM net.sf.freecol.common.util.LogBuilder log
INFO: Destroying: unit:775
May 08, 2018 7:08:32 PM net.sf.freecol.common.model.Specification applyDifficultyLevel
INFO: Applying difficulty level model.difficulty.medium
May 08, 2018 7:08:32 PM net.sf.freecol.common.model.Specification applyDifficultyLevel
INFO: Applying difficulty level model.difficulty.medium
May 08, 2018 7:08:32 PM net.sf.freecol.common.model.Specification applyDifficultyLevel
INFO: Applying difficulty level model.difficulty.medium
May 08, 2018 7:08:32 PM net.sf.freecol.common.model.Specification applyDifficultyLevel
INFO: Applying difficulty level model.difficulty.medium
May 08, 2018 7:08:32 PM net.sf.freecol.common.model.Specification applyDifficultyLevel
INFO: Applying difficulty level model.difficulty.medium
May 08, 2018 7:08:32 PM net.sf.freecol.common.model.Specification applyDifficultyLevel
INFO: Applying difficulty level model.difficulty.medium
May 08, 2018 7:08:32 PM net.sf.freecol.common.FreeColSeed getFreeColSeed
INFO: Using seed: -8802524534896726713
May 08, 2018 7:08:33 PM net.sf.freecol.server.networking.Server sendToAll
INFO: Reap dead connection: [DummyConnection Server connection - model.nation.sioux]
May 08, 2018 7:08:33 PM net.sf.freecol.server.networking.Server sendToAll
INFO: Reap dead connection: [DummyConnection Server connection - model.nation.iroquois]
May 08, 2018 7:08:33 PM net.sf.freecol.server.networking.Server sendToAll
INFO: Reap dead connection: [DummyConnection Server connection - model.nation.inca]
May 08, 2018 7:08:33 PM net.sf.freecol.server.networking.Server sendToAll
INFO: Reap dead connection: [DummyConnection Server connection - model.nation.dutch]
May 08, 2018 7:08:33 PM net.sf.freecol.server.networking.Server sendToAll
INFO: Reap dead connection: [DummyConnection Server connection - model.nation.arawak]
May 08, 2018 7:08:33 PM net.sf.freecol.server.networking.Server sendToAll
INFO: Reap dead connection: [DummyConnection Server connection - model.nation.english]
May 08, 2018 7:08:33 PM net.sf.freecol.server.networking.Server sendToAll
INFO: Reap dead connection: [DummyConnection Server connection - model.nation.apache]
May 08, 2018 7:08:33 PM net.sf.freecol.server.networking.Server sendToAll
INFO: Reap dead connection: [DummyConnection Server connection - model.nation.spanish]
May 08, 2018 7:08:33 PM net.sf.freecol.server.networking.Server sendToAll
INFO: Reap dead connection: [DummyConnection Server connection - model.nation.tupi]
May 08, 2018 7:08:33 PM net.sf.freecol.server.networking.Server sendToAll
INFO: Reap dead connection: [DummyConnection Server connection - model.nation.aztec]
May 08, 2018 7:08:33 PM net.sf.freecol.server.networking.Server sendToAll
INFO: Reap dead connection: [DummyConnection Server connection - model.nation.french]
May 08, 2018 7:08:33 PM net.sf.freecol.server.networking.Server sendToAll
INFO: Reap dead connection: [DummyConnection Server connection - model.nation.cherokee]
May 08, 2018 7:08:33 PM net.sf.freecol.common.model.Specification applyDifficultyLevel
INFO: Applying difficulty level model.difficulty.medium
May 08, 2018 7:08:33 PM net.sf.freecol.common.model.Specification fixRoles
INFO: Loading role backward compatibility fragment: roles-compat.xml with roles: model.role.defaultmodel.role.scoutmodel.role.soldiermodel.role.dragoonmodel.role.pioneermodel.role.missionarymodel.role.infantrymodel.role.cavalrymodel.role.mountedBravemodel.role.armedBravemodel.role.nativeDragoon
May 08, 2018 7:08:33 PM net.sf.freecol.common.model.Specification checkDifficultyOptionGroup
INFO: Check group model.difficulty.immigration
May 08, 2018 7:08:33 PM net.sf.freecol.common.model.Specification checkDifficultyOptionGroup
INFO: Check group model.difficulty.natives
May 08, 2018 7:08:33 PM net.sf.freecol.common.model.Specification checkDifficultyOptionGroup
INFO: Check group model.difficulty.monarch
May 08, 2018 7:08:33 PM net.sf.freecol.common.model.Specification checkDifficultyOptionGroup
INFO: Check group model.difficulty.government
May 08, 2018 7:08:33 PM net.sf.freecol.common.model.Specification checkDifficultyOptionGroup
INFO: Check group model.difficulty.other
May 08, 2018 7:08:33 PM net.sf.freecol.common.model.Specification checkDifficultyOptionGroup
INFO: Check group model.difficulty.cheat
May 08, 2018 7:08:33 PM net.sf.freecol.common.model.Specification checkDifficultyUnitListOption
INFO: Added difficulty unit list option: model.option.immigrants
May 08, 2018 7:08:33 PM net.sf.freecol.common.model.Specification clean
INFO: Specification clean following load from InputStream complete, starting year=1492, season year=1600, ages=[1,109,309], seasons=2, 247 FreeColGameObjectTypes, 78 Abilities, 41 BuildingTypes, 14 Disasters, 5 EuropeanNationTypes, 2 Events, 25 FoundingFathers, 21 GoodsTypes, 8 IndianNationTypes, 60 Modifiers, 17 Nations, 65 Options, 16 Option Groups, 12 ResourceTypes, 11 Roles, 23 TileTypes, 6 TileImprovementTypes, 42 UnitTypes read.
May 08, 2018 7:08:33 PM net.sf.freecol.common.model.Specification applyDifficultyLevel
INFO: Applying difficulty level model.difficulty.veryEasy
May 08, 2018 7:08:33 PM net.sf.freecol.common.model.Specification checkDifficultyOptionGroup
INFO: Check group model.difficulty.immigration
May 08, 2018 7:08:33 PM net.sf.freecol.common.model.Specification checkDifficultyOptionGroup
INFO: Check group model.difficulty.natives
May 08, 2018 7:08:33 PM net.sf.freecol.common.model.Specification checkDifficultyOptionGroup
INFO: Check group model.difficulty.monarch
May 08, 2018 7:08:33 PM net.sf.freecol.common.model.Specification checkDifficultyOptionGroup
INFO: Check group model.difficulty.government
May 08, 2018 7:08:33 PM net.sf.freecol.common.model.Specification checkDifficultyOptionGroup
INFO: Check group model.difficulty.other
May 08, 2018 7:08:33 PM net.sf.freecol.common.model.Specification checkDifficultyOptionGroup
INFO: Check group model.difficulty.cheat
May 08, 2018 7:08:33 PM net.sf.freecol.common.model.Specification applyDifficultyLevel
INFO: Applying difficulty level model.difficulty.veryEasy
May 08, 2018 7:08:33 PM net.sf.freecol.common.model.Specification clean
INFO: Specification clean following load from InputStream complete, starting year=1492, season year=1600, ages=[1,109,309], seasons=2, 241 FreeColGameObjectTypes, 78 Abilities, 41 BuildingTypes, 14 Disasters, 5 EuropeanNationTypes, 2 Events, 25 FoundingFathers, 21 GoodsTypes, 8 IndianNationTypes, 60 Modifiers, 17 Nations, 112 Options, 22 Option Groups, 12 ResourceTypes, 11 Roles, 23 TileTypes, 6 TileImprovementTypes, 42 UnitTypes read.
May 08, 2018 7:08:33 PM net.sf.freecol.common.model.Specification fixRoles
INFO: Loading role backward compatibility fragment: roles-compat.xml with roles: model.role.defaultmodel.role.scoutmodel.role.soldiermodel.role.dragoonmodel.role.pioneermodel.role.missionarymodel.role.infantrymodel.role.cavalrymodel.role.mountedBravemodel.role.armedBravemodel.role.nativeDragoon
May 08, 2018 7:08:33 PM net.sf.freecol.common.model.Specification checkDifficultyOptionGroup
INFO: Check group model.difficulty.immigration
May 08, 2018 7:08:33 PM net.sf.freecol.common.model.Specification checkDifficultyOptionGroup
INFO: Check group model.difficulty.natives
May 08, 2018 7:08:33 PM net.sf.freecol.common.model.Specification checkDifficultyOptionGroup
INFO: Check group model.difficulty.monarch
May 08, 2018 7:08:33 PM net.sf.freecol.common.model.Specification checkDifficultyOptionGroup
INFO: Check group model.difficulty.government
May 08, 2018 7:08:33 PM net.sf.freecol.common.model.Specification checkDifficultyOptionGroup
INFO: Check group model.difficulty.other
May 08, 2018 7:08:33 PM net.sf.freecol.common.model.Specification checkDifficultyOptionGroup
INFO: Check group model.difficulty.cheat
May 08, 2018 7:08:33 PM net.sf.freecol.common.model.Specification checkDifficultyUnitListOption
INFO: Added difficulty unit list option: model.option.immigrants
May 08, 2018 7:08:33 PM net.sf.freecol.common.model.Specification clean
INFO: Specification clean following load from InputStream complete, starting year=1492, season year=1600, ages=[1,109,309], seasons=2, 247 FreeColGameObjectTypes, 78 Abilities, 41 BuildingTypes, 14 Disasters, 5 EuropeanNationTypes, 2 Events, 25 FoundingFathers, 21 GoodsTypes, 8 IndianNationTypes, 60 Modifiers, 17 Nations, 65 Options, 16 Option Groups, 12 ResourceTypes, 11 Roles, 23 TileTypes, 6 TileImprovementTypes, 42 UnitTypes read.
May 08, 2018 7:08:33 PM net.sf.freecol.common.model.Specification applyDifficultyLevel
INFO: Applying difficulty level model.difficulty.veryEasy
May 08, 2018 7:08:33 PM net.sf.freecol.common.model.Specification checkDifficultyOptionGroup
INFO: Check group model.difficulty.immigration
May 08, 2018 7:08:33 PM net.sf.freecol.common.model.Specification checkDifficultyOptionGroup
INFO: Check group model.difficulty.natives
May 08, 2018 7:08:33 PM net.sf.freecol.common.model.Specification checkDifficultyOptionGroup
INFO: Check group model.difficulty.monarch
May 08, 2018 7:08:33 PM net.sf.freecol.common.model.Specification checkDifficultyOptionGroup
INFO: Check group model.difficulty.government
May 08, 2018 7:08:33 PM net.sf.freecol.common.model.Specification checkDifficultyOptionGroup
INFO: Check group model.difficulty.other
May 08, 2018 7:08:33 PM net.sf.freecol.common.model.Specification checkDifficultyOptionGroup
INFO: Check group model.difficulty.cheat
May 08, 2018 7:08:33 PM net.sf.freecol.common.model.Specification applyDifficultyLevel
INFO: Applying difficulty level model.difficulty.veryEasy
May 08, 2018 7:08:33 PM net.sf.freecol.common.model.Specification clean
INFO: Specification clean following load from InputStream complete, starting year=1492, season year=1600, ages=[1,109,309], seasons=2, 241 FreeColGameObjectTypes, 78 Abilities, 41 BuildingTypes, 14 Disasters, 5 EuropeanNationTypes, 2 Events, 25 FoundingFathers, 21 GoodsTypes, 8 IndianNationTypes, 60 Modifiers, 17 Nations, 112 Options, 22 Option Groups, 12 ResourceTypes, 11 Roles, 23 TileTypes, 6 TileImprovementTypes, 42 UnitTypes read.
May 08, 2018 7:08:33 PM net.sf.freecol.common.model.Specification applyDifficultyLevel
INFO: Applying difficulty level model.difficulty.medium
May 08, 2018 7:08:33 PM net.sf.freecol.common.model.Specification applyDifficultyLevel
INFO: Applying difficulty level model.difficulty.medium
May 08, 2018 7:08:33 PM net.sf.freecol.common.model.Specification applyDifficultyLevel
INFO: Applying difficulty level model.difficulty.medium
May 08, 2018 7:08:33 PM net.sf.freecol.common.util.LogBuilder log
INFO: Destroying: goodsContainer:776 goodsContainer:778 unit:777 indianSettlement:775
May 08, 2018 7:08:33 PM net.sf.freecol.common.util.LogBuilder log
INFO: Destroying: goodsContainer:782 goodsContainer:784 unit:783 indianSettlement:781
May 08, 2018 7:08:33 PM net.sf.freecol.common.util.LogBuilder log
INFO: Destroying: goodsContainer:786 goodsContainer:788 unit:787 indianSettlement:785
May 08, 2018 7:08:33 PM net.sf.freecol.common.util.LogBuilder log
INFO: Destroying: goodsContainer:790 goodsContainer:792 unit:791 indianSettlement:789
May 08, 2018 7:08:33 PM net.sf.freecol.common.model.Specification applyDifficultyLevel
INFO: Applying difficulty level model.difficulty.medium
May 08, 2018 7:08:33 PM net.sf.freecol.common.model.Specification applyDifficultyLevel
INFO: Applying difficulty level model.difficulty.medium
May 08, 2018 7:08:33 PM net.sf.freecol.common.model.Specification applyDifficultyLevel
INFO: Applying difficulty level model.difficulty.medium
May 08, 2018 7:08:33 PM net.sf.freecol.common.model.Specification applyDifficultyLevel
INFO: Applying difficulty level model.difficulty.medium
May 08, 2018 7:08:33 PM net.sf.freecol.common.model.Specification applyDifficultyLevel
INFO: Applying difficulty level model.difficulty.medium
May 08, 2018 7:08:33 PM net.sf.freecol.common.model.Specification applyDifficultyLevel
INFO: Applying difficulty level model.difficulty.medium
May 08, 2018 7:08:33 PM net.sf.freecol.common.util.LogBuilder log
INFO: Destroying: tileImprovement:799
May 08, 2018 7:08:33 PM net.sf.freecol.common.model.Specification applyDifficultyLevel
INFO: Applying difficulty level model.difficulty.medium
May 08, 2018 7:08:33 PM net.sf.freecol.common.model.Specification applyDifficultyLevel
INFO: Applying difficulty level model.difficulty.medium
May 08, 2018 7:08:33 PM net.sf.freecol.common.model.Specification applyDifficultyLevel
INFO: Applying difficulty level model.difficulty.medium
May 08, 2018 7:08:33 PM net.sf.freecol.common.util.LogBuilder log
INFO: Destroying: tileImprovement:780
May 08, 2018 7:08:33 PM net.sf.freecol.common.model.Specification applyDifficultyLevel
INFO: Applying difficulty level model.difficulty.medium
May 08, 2018 7:08:33 PM net.sf.freecol.common.model.Specification applyDifficultyLevel
INFO: Applying difficulty level model.difficulty.medium
May 08, 2018 7:08:33 PM net.sf.freecol.common.model.Specification applyDifficultyLevel
INFO: Applying difficulty level model.difficulty.medium
May 08, 2018 7:08:33 PM net.sf.freecol.common.model.Specification applyDifficultyLevel
INFO: Applying difficulty level model.difficulty.medium
May 08, 2018 7:08:33 PM net.sf.freecol.common.model.Specification applyDifficultyLevel
INFO: Applying difficulty level model.difficulty.medium
May 08, 2018 7:08:33 PM net.sf.freecol.common.model.Specification applyDifficultyLevel
INFO: Applying difficulty level model.difficulty.medium
May 08, 2018 7:08:33 PM net.sf.freecol.common.model.Specification applyDifficultyLevel
INFO: Applying difficulty level model.difficulty.medium
May 08, 2018 7:08:33 PM net.sf.freecol.common.util.LogBuilder log
INFO: Destroying: tileImprovement:804
May 08, 2018 7:08:33 PM net.sf.freecol.common.model.Specification applyDifficultyLevel
INFO: Applying difficulty level model.difficulty.medium
May 08, 2018 7:08:33 PM net.sf.freecol.common.model.Specification applyDifficultyLevel
INFO: Applying difficulty level model.difficulty.medium
May 08, 2018 7:08:33 PM net.sf.freecol.common.model.Unit setLocation
WARNING: Can not add [unit:775 dutch merchantman 5/5] to tile:573
May 08, 2018 7:08:33 PM net.sf.freecol.common.model.Specification applyDifficultyLevel
INFO: Applying difficulty level model.difficulty.medium
May 08, 2018 7:08:33 PM net.sf.freecol.common.model.Unit setLocation
WARNING: Can not add [unit:775 dutch merchantman 5/5] to tile:573
May 08, 2018 7:08:33 PM net.sf.freecol.common.model.Specification applyDifficultyLevel
INFO: Applying difficulty level model.difficulty.medium
May 08, 2018 7:08:33 PM net.sf.freecol.common.model.Specification applyDifficultyLevel
INFO: Applying difficulty level model.difficulty.medium
May 08, 2018 7:08:33 PM net.sf.freecol.common.model.Specification applyDifficultyLevel
INFO: Applying difficulty level model.difficulty.medium
May 08, 2018 7:08:33 PM net.sf.freecol.common.model.Specification applyDifficultyLevel
INFO: Applying difficulty level model.difficulty.medium
May 08, 2018 7:08:33 PM net.sf.freecol.common.util.LogBuilder log
INFO: Destroying: goodsContainer:782 unit:781
May 08, 2018 7:08:33 PM net.sf.freecol.common.model.Specification applyDifficultyLevel
INFO: Applying difficulty level model.difficulty.medium
May 08, 2018 7:08:33 PM net.sf.freecol.common.model.Specification applyDifficultyLevel
INFO: Applying difficulty level model.difficulty.medium
May 08, 2018 7:08:33 PM net.sf.freecol.common.model.Unit setLocation
WARNING: Can not add [unit:775 dutch merchantman 5/5] to tile:573
May 08, 2018 7:08:33 PM net.sf.freecol.common.model.Specification applyDifficultyLevel
INFO: Applying difficulty level model.difficulty.medium
May 08, 2018 7:08:33 PM net.sf.freecol.common.model.Specification applyDifficultyLevel
INFO: Applying difficulty level model.difficulty.medium
May 08, 2018 7:08:33 PM net.sf.freecol.common.model.Unit setLocation
WARNING: Can not add [unit:777 dutch galleon 6/6] to tile:629
May 08, 2018 7:08:33 PM net.sf.freecol.common.model.Specification applyDifficultyLevel
INFO: Applying difficulty level model.difficulty.medium
May 08, 2018 7:08:33 PM net.sf.freecol.common.model.Specification applyDifficultyLevel
INFO: Applying difficulty level model.difficulty.medium
May 08, 2018 7:08:33 PM net.sf.freecol.common.model.Specification applyDifficultyLevel
INFO: Applying difficulty level model.difficulty.veryEasy
May 08, 2018 7:08:33 PM net.sf.freecol.common.model.Specification applyDifficultyLevel
INFO: Applying difficulty level model.difficulty.easy
May 08, 2018 7:08:33 PM net.sf.freecol.common.model.Specification applyDifficultyLevel
INFO: Applying difficulty level model.difficulty.medium
May 08, 2018 7:08:33 PM net.sf.freecol.common.model.Specification applyDifficultyLevel
INFO: Applying difficulty level model.difficulty.hard
May 08, 2018 7:08:33 PM net.sf.freecol.common.model.Specification applyDifficultyLevel
INFO: Applying difficulty level model.difficulty.veryHard
May 08, 2018 7:08:33 PM net.sf.freecol.common.model.Specification applyDifficultyLevel
INFO: Applying difficulty level model.difficulty.veryEasy
May 08, 2018 7:08:33 PM net.sf.freecol.common.model.Specification applyDifficultyLevel
INFO: Applying difficulty level model.difficulty.easy
May 08, 2018 7:08:33 PM net.sf.freecol.common.model.Specification applyDifficultyLevel
INFO: Applying difficulty level model.difficulty.medium
May 08, 2018 7:08:33 PM net.sf.freecol.common.model.Specification applyDifficultyLevel
INFO: Applying difficulty level model.difficulty.hard
May 08, 2018 7:08:33 PM net.sf.freecol.common.model.Specification applyDifficultyLevel
INFO: Applying difficulty level model.difficulty.veryHard
May 08, 2018 7:08:33 PM net.sf.freecol.common.model.Specification applyDifficultyLevel
INFO: Applying difficulty level model.difficulty.medium
May 08, 2018 7:08:33 PM net.sf.freecol.common.model.Specification applyDifficultyLevel
INFO: Applying difficulty level model.difficulty.medium
May 08, 2018 7:08:33 PM net.sf.freecol.common.model.Unit setLocation
WARNING: Can not add [unit:775 dutch frigate 6/6] to tile:574
May 08, 2018 7:08:33 PM net.sf.freecol.common.model.Specification applyDifficultyLevel
INFO: Applying difficulty level model.difficulty.medium
May 08, 2018 7:08:33 PM net.sf.freecol.common.model.Specification applyDifficultyLevel
INFO: Applying difficulty level model.difficulty.medium
May 08, 2018 7:08:33 PM net.sf.freecol.common.model.Specification applyDifficultyLevel
INFO: Applying difficulty level model.difficulty.medium
May 08, 2018 7:08:33 PM net.sf.freecol.common.model.Specification applyDifficultyLevel
INFO: Applying difficulty level model.difficulty.medium
May 08, 2018 7:08:33 PM net.sf.freecol.common.model.Specification applyDifficultyLevel
INFO: Applying difficulty level model.difficulty.medium
May 08, 2018 7:08:34 PM net.sf.freecol.common.resources.FontResource <init>
INFO: Loaded font: Serif from: urn:font:Serif-PLAIN-12
May 08, 2018 7:08:34 PM net.sf.freecol.common.resources.FontResource <init>
INFO: Loaded font: Dialog from: urn:font:Dialog-PLAIN-12
May 08, 2018 7:08:34 PM net.sf.freecol.common.resources.FontResource <init>
INFO: Loaded font: ShadowedBlack from: file:/Users/dibasy/Documents/Programs/Java%20Programs/COSC442-Final-Project/FreeCol/data/base/resources/fonts/ShadowedBlack.ttf
May 08, 2018 7:08:34 PM net.sf.freecol.common.util.LogBuilder log
INFO: Resource mapping, data/base/resources.properties loaded, data/base/resources_en.properties not found
May 08, 2018 7:08:34 PM net.sf.freecol.common.resources.ResourceManager setBaseMapping
INFO: setBaseMapping net.sf.freecol.common.resources.ResourceMapping@cd3fee8
May 08, 2018 7:08:34 PM net.sf.freecol.common.util.LogBuilder log
INFO: Resource mapping, data/base/resources.properties loaded, data/base/resources_en.properties not found
May 08, 2018 7:08:34 PM net.sf.freecol.common.resources.ResourceManager setBaseMapping
INFO: setBaseMapping net.sf.freecol.common.resources.ResourceMapping@703580bf
May 08, 2018 7:08:34 PM net.sf.freecol.common.util.LogBuilder log
INFO: Resource mapping, data/rules/freecol/resources.properties loaded, data/rules/freecol/resources_en.properties not found
May 08, 2018 7:08:35 PM net.sf.freecol.common.util.LogBuilder log
INFO: Resource mapping, data/rules/classic/resources.properties loaded, data/rules/classic/resources_en.properties not found
May 08, 2018 7:08:35 PM net.sf.freecol.common.resources.ResourceManager setTcMapping
INFO: setTcMapping net.sf.freecol.common.resources.ResourceMapping@1622f1b
May 08, 2018 7:08:38 PM net.sf.freecol.common.FreeColSeed getFreeColSeed
INFO: Using seed: 6390473244641216053
May 08, 2018 7:08:38 PM net.sf.freecol.common.model.LandMap <init>
INFO: Using land generator model.option.landGeneratorType.classic
May 08, 2018 7:08:38 PM net.sf.freecol.common.util.LogBuilder log
INFO: Destroying: tileImprovement:4281
May 08, 2018 7:08:38 PM net.sf.freecol.common.util.LogBuilder log
INFO: Destroying: tileImprovement:4283
May 08, 2018 7:08:38 PM net.sf.freecol.common.util.LogBuilder log
INFO: Destroying: tileImprovement:4285
May 08, 2018 7:08:38 PM net.sf.freecol.common.util.LogBuilder log
INFO: Destroying: tileImprovement:4287
May 08, 2018 7:08:38 PM net.sf.freecol.common.util.LogBuilder log
INFO: Destroying: tileImprovement:4289
May 08, 2018 7:08:38 PM net.sf.freecol.common.util.LogBuilder log
INFO: Destroying: tileImprovement:4291
May 08, 2018 7:08:38 PM net.sf.freecol.common.util.LogBuilder log
INFO: Destroying: tileImprovement:4293
May 08, 2018 7:08:38 PM net.sf.freecol.common.util.LogBuilder log
INFO: Destroying: tileImprovement:4295
May 08, 2018 7:08:38 PM net.sf.freecol.common.util.LogBuilder log
INFO: Destroying: tileImprovement:4297
May 08, 2018 7:08:38 PM net.sf.freecol.common.util.LogBuilder log
INFO: Destroying: tileImprovement:4299
May 08, 2018 7:08:38 PM net.sf.freecol.common.util.LogBuilder log
INFO: Destroying: tileImprovement:4301
May 08, 2018 7:08:38 PM net.sf.freecol.common.util.LogBuilder log
INFO: Destroying: tileImprovement:4303
May 08, 2018 7:08:38 PM net.sf.freecol.common.util.LogBuilder log
INFO: Destroying: tileImprovement:4271
May 08, 2018 7:08:38 PM net.sf.freecol.common.util.LogBuilder log
INFO: Destroying: tileImprovement:4469
May 08, 2018 7:08:38 PM net.sf.freecol.common.util.LogBuilder log
INFO: Destroying: tileImprovement:4470
May 08, 2018 7:08:38 PM net.sf.freecol.common.util.LogBuilder log
INFO: Destroying: tileImprovement:4471
May 08, 2018 7:08:38 PM net.sf.freecol.common.util.LogBuilder log
INFO: Destroying: tileImprovement:4472
May 08, 2018 7:08:38 PM net.sf.freecol.common.util.LogBuilder log
INFO: Destroying: tileImprovement:4473
May 08, 2018 7:08:38 PM net.sf.freecol.common.util.LogBuilder log
INFO: Destroying: tileImprovement:4474
May 08, 2018 7:08:38 PM net.sf.freecol.common.util.LogBuilder log
INFO: Destroying: tileImprovement:4475
May 08, 2018 7:08:38 PM net.sf.freecol.common.util.LogBuilder log
INFO: Destroying: tileImprovement:4515
May 08, 2018 7:08:38 PM net.sf.freecol.common.util.LogBuilder log
INFO: Destroying: tileImprovement:4517
May 08, 2018 7:08:38 PM net.sf.freecol.common.util.LogBuilder log
INFO: Destroying: tileImprovement:4519
May 08, 2018 7:08:38 PM net.sf.freecol.common.util.LogBuilder log
INFO: Destroying: tileImprovement:4521
May 08, 2018 7:08:38 PM net.sf.freecol.common.util.LogBuilder log
INFO: Destroying: tileImprovement:4523
May 08, 2018 7:08:38 PM net.sf.freecol.common.util.LogBuilder log
INFO: Destroying: tileImprovement:4525
May 08, 2018 7:08:38 PM net.sf.freecol.common.util.LogBuilder log
INFO: Destroying: tileImprovement:4527
May 08, 2018 7:08:38 PM net.sf.freecol.common.util.LogBuilder log
INFO: Destroying: tileImprovement:4529
May 08, 2018 7:08:38 PM net.sf.freecol.common.util.LogBuilder log
INFO: Destroying: tileImprovement:4505
May 08, 2018 7:08:38 PM net.sf.freecol.common.util.LogBuilder log
INFO: Destroying: tileImprovement:4507
May 08, 2018 7:08:38 PM net.sf.freecol.common.util.LogBuilder log
INFO: Destroying: tileImprovement:4509
May 08, 2018 7:08:38 PM net.sf.freecol.common.util.LogBuilder log
INFO: Destroying: tileImprovement:4511
May 08, 2018 7:08:38 PM net.sf.freecol.common.util.LogBuilder log
INFO: Destroying: tileImprovement:4513
May 08, 2018 7:08:38 PM net.sf.freecol.common.util.LogBuilder log
INFO: Destroying: tileImprovement:4556
May 08, 2018 7:08:38 PM net.sf.freecol.common.util.LogBuilder log
INFO: Destroying: tileImprovement:4557
May 08, 2018 7:08:38 PM net.sf.freecol.common.util.LogBuilder log
INFO: Destroying: tileImprovement:4558
May 08, 2018 7:08:38 PM net.sf.freecol.common.util.LogBuilder log
INFO: Destroying: tileImprovement:4559
May 08, 2018 7:08:38 PM net.sf.freecol.common.util.LogBuilder log
INFO: Destroying: tileImprovement:4560
May 08, 2018 7:08:38 PM net.sf.freecol.common.util.LogBuilder log
INFO: Destroying: tileImprovement:4561
May 08, 2018 7:08:38 PM net.sf.freecol.common.util.LogBuilder log
INFO: Destroying: tileImprovement:4562
May 08, 2018 7:08:38 PM net.sf.freecol.common.util.LogBuilder log
INFO: Destroying: tileImprovement:4563
May 08, 2018 7:08:38 PM net.sf.freecol.common.util.LogBuilder log
INFO: Destroying: tileImprovement:4419
May 08, 2018 7:08:38 PM net.sf.freecol.common.util.LogBuilder log
INFO: Destroying: tileImprovement:4421
May 08, 2018 7:08:38 PM net.sf.freecol.common.util.LogBuilder log
INFO: Destroying: tileImprovement:4423
May 08, 2018 7:08:38 PM net.sf.freecol.common.util.LogBuilder log
INFO: Destroying: tileImprovement:4425
May 08, 2018 7:08:38 PM net.sf.freecol.common.util.LogBuilder log
INFO: Destroying: tileImprovement:4427
May 08, 2018 7:08:38 PM net.sf.freecol.common.util.LogBuilder log
INFO: Destroying: tileImprovement:4429
May 08, 2018 7:08:38 PM net.sf.freecol.common.util.LogBuilder log
INFO: Destroying: tileImprovement:4431
May 08, 2018 7:08:38 PM net.sf.freecol.common.util.LogBuilder log
INFO: Destroying: tileImprovement:4433
May 08, 2018 7:08:38 PM net.sf.freecol.common.util.LogBuilder log
INFO: Destroying: tileImprovement:4435
May 08, 2018 7:08:38 PM net.sf.freecol.common.util.LogBuilder log
INFO: Destroying: tileImprovement:4437
May 08, 2018 7:08:38 PM net.sf.freecol.common.util.LogBuilder log
INFO: Destroying: tileImprovement:4439
May 08, 2018 7:08:38 PM net.sf.freecol.common.util.LogBuilder log
INFO: Destroying: tileImprovement:4441
May 08, 2018 7:08:38 PM net.sf.freecol.common.util.LogBuilder log
INFO: Destroying: tileImprovement:4443
May 08, 2018 7:08:38 PM net.sf.freecol.common.util.LogBuilder log
INFO: Destroying: tileImprovement:4445
May 08, 2018 7:08:38 PM net.sf.freecol.common.util.LogBuilder log
INFO: Destroying: tileImprovement:4447
May 08, 2018 7:08:38 PM net.sf.freecol.common.util.LogBuilder log
INFO: Destroying: tileImprovement:4449
May 08, 2018 7:08:38 PM net.sf.freecol.common.util.LogBuilder log
INFO: Destroying: tileImprovement:4451
May 08, 2018 7:08:38 PM net.sf.freecol.common.util.LogBuilder log
INFO: Destroying: tileImprovement:4453
May 08, 2018 7:08:38 PM net.sf.freecol.common.util.LogBuilder log
INFO: Destroying: tileImprovement:4455
May 08, 2018 7:08:38 PM net.sf.freecol.common.util.LogBuilder log
INFO: Destroying: tileImprovement:4544
May 08, 2018 7:08:38 PM net.sf.freecol.common.util.LogBuilder log
INFO: Destroying: tileImprovement:4546
May 08, 2018 7:08:38 PM net.sf.freecol.common.util.LogBuilder log
INFO: Destroying: tileImprovement:4705
May 08, 2018 7:08:38 PM net.sf.freecol.common.util.LogBuilder log
INFO: Destroying: tileImprovement:4707
May 08, 2018 7:08:38 PM net.sf.freecol.common.util.LogBuilder log
INFO: Destroying: tileImprovement:4709
May 08, 2018 7:08:38 PM net.sf.freecol.common.util.LogBuilder log
INFO: Destroying: tileImprovement:4711
May 08, 2018 7:08:38 PM net.sf.freecol.common.util.LogBuilder log
INFO: Destroying: tileImprovement:4713
May 08, 2018 7:08:38 PM net.sf.freecol.common.util.LogBuilder log
INFO: Destroying: tileImprovement:4715
May 08, 2018 7:08:38 PM net.sf.freecol.common.util.LogBuilder log
INFO: Destroying: tileImprovement:4488
May 08, 2018 7:08:38 PM net.sf.freecol.common.util.LogBuilder log
INFO: Destroying: tileImprovement:4490
May 08, 2018 7:08:38 PM net.sf.freecol.common.util.LogBuilder log
INFO: Destroying: tileImprovement:4492
May 08, 2018 7:08:38 PM net.sf.freecol.common.util.LogBuilder log
INFO: Destroying: tileImprovement:4494
May 08, 2018 7:08:38 PM net.sf.freecol.common.util.LogBuilder log
INFO: Destroying: tileImprovement:4496
May 08, 2018 7:08:38 PM net.sf.freecol.common.util.LogBuilder log
INFO: Destroying: tileImprovement:4498
May 08, 2018 7:08:38 PM net.sf.freecol.common.util.LogBuilder log
INFO: Destroying: tileImprovement:4463
May 08, 2018 7:08:38 PM net.sf.freecol.common.util.LogBuilder log
INFO: Destroying: tileImprovement:4464
May 08, 2018 7:08:38 PM net.sf.freecol.common.util.LogBuilder log
INFO: Destroying: tileImprovement:4465
May 08, 2018 7:08:38 PM net.sf.freecol.common.util.LogBuilder log
INFO: Destroying: tileImprovement:4466
May 08, 2018 7:08:38 PM net.sf.freecol.common.util.LogBuilder log
INFO: Destroying: tileImprovement:4467
May 08, 2018 7:08:38 PM net.sf.freecol.common.util.LogBuilder log
INFO: Destroying: tileImprovement:4468
May 08, 2018 7:08:38 PM net.sf.freecol.common.util.LogBuilder log
INFO: Destroying: tileImprovement:4660
May 08, 2018 7:08:38 PM net.sf.freecol.common.util.LogBuilder log
INFO: Destroying: tileImprovement:4661
May 08, 2018 7:08:38 PM net.sf.freecol.common.util.LogBuilder log
INFO: Destroying: tileImprovement:4662
May 08, 2018 7:08:38 PM net.sf.freecol.common.util.LogBuilder log
INFO: Destroying: tileImprovement:4613
May 08, 2018 7:08:38 PM net.sf.freecol.common.util.LogBuilder log
INFO: Destroying: tileImprovement:4615
May 08, 2018 7:08:38 PM net.sf.freecol.common.util.LogBuilder log
INFO: Destroying: tileImprovement:4617
May 08, 2018 7:08:38 PM net.sf.freecol.common.util.LogBuilder log
INFO: Destroying: tileImprovement:4619
May 08, 2018 7:08:38 PM net.sf.freecol.common.util.LogBuilder log
INFO: Destroying: tileImprovement:4621
May 08, 2018 7:08:38 PM net.sf.freecol.common.util.LogBuilder log
INFO: Destroying: tileImprovement:4623
May 08, 2018 7:08:38 PM net.sf.freecol.common.util.LogBuilder log
INFO: Destroying: tileImprovement:4625
May 08, 2018 7:08:38 PM net.sf.freecol.common.util.LogBuilder log
INFO: Destroying: tileImprovement:4627
May 08, 2018 7:08:38 PM net.sf.freecol.common.util.LogBuilder log
INFO: Destroying: tileImprovement:4629
May 08, 2018 7:08:38 PM net.sf.freecol.common.util.LogBuilder log
INFO: Destroying: tileImprovement:4631
May 08, 2018 7:08:38 PM net.sf.freecol.common.util.LogBuilder log
INFO: Destroying: tileImprovement:4633
May 08, 2018 7:08:38 PM net.sf.freecol.common.util.LogBuilder log
INFO: Destroying: tileImprovement:4635
May 08, 2018 7:08:38 PM net.sf.freecol.common.util.LogBuilder log
INFO: Destroying: tileImprovement:4637
May 08, 2018 7:08:38 PM net.sf.freecol.common.util.LogBuilder log
INFO: Destroying: tileImprovement:4639
May 08, 2018 7:08:38 PM net.sf.freecol.common.util.LogBuilder log
INFO: Destroying: tileImprovement:4641
May 08, 2018 7:08:38 PM net.sf.freecol.common.util.LogBuilder log
INFO: Destroying: tileImprovement:4593
May 08, 2018 7:08:38 PM net.sf.freecol.common.util.LogBuilder log
INFO: Destroying: tileImprovement:4595
May 08, 2018 7:08:38 PM net.sf.freecol.common.util.LogBuilder log
INFO: Destroying: tileImprovement:4597
May 08, 2018 7:08:38 PM net.sf.freecol.common.util.LogBuilder log
INFO: Destroying: tileImprovement:4599
May 08, 2018 7:08:38 PM net.sf.freecol.common.util.LogBuilder log
INFO: Destroying: tileImprovement:4601
May 08, 2018 7:08:38 PM net.sf.freecol.common.util.LogBuilder log
INFO: Destroying: tileImprovement:4603
May 08, 2018 7:08:38 PM net.sf.freecol.common.util.LogBuilder log
INFO: Destroying: tileImprovement:4605
May 08, 2018 7:08:38 PM net.sf.freecol.common.util.LogBuilder log
INFO: Destroying: tileImprovement:4607
May 08, 2018 7:08:38 PM net.sf.freecol.common.util.LogBuilder log
INFO: Destroying: tileImprovement:4609
May 08, 2018 7:08:38 PM net.sf.freecol.common.util.LogBuilder log
INFO: Destroying: tileImprovement:4611
May 08, 2018 7:08:38 PM net.sf.freecol.common.util.LogBuilder log
INFO: Destroying: tileImprovement:4823
May 08, 2018 7:08:38 PM net.sf.freecol.common.util.LogBuilder log
INFO: Destroying: tileImprovement:4824
May 08, 2018 7:08:38 PM net.sf.freecol.common.util.LogBuilder log
INFO: Destroying: tileImprovement:4825
May 08, 2018 7:08:38 PM net.sf.freecol.common.util.LogBuilder log
INFO: Destroying: tileImprovement:4826
May 08, 2018 7:08:38 PM net.sf.freecol.common.util.LogBuilder log
INFO: Destroying: tileImprovement:4827
May 08, 2018 7:08:38 PM net.sf.freecol.common.util.LogBuilder log
INFO: Destroying: tileImprovement:4828
May 08, 2018 7:08:38 PM net.sf.freecol.common.util.LogBuilder log
INFO: Destroying: tileImprovement:4829
May 08, 2018 7:08:38 PM net.sf.freecol.common.util.LogBuilder log
INFO: Destroying: tileImprovement:4830
May 08, 2018 7:08:38 PM net.sf.freecol.common.util.LogBuilder log
INFO: Destroying: tileImprovement:4831
May 08, 2018 7:08:38 PM net.sf.freecol.common.util.LogBuilder log
INFO: Destroying: tileImprovement:4832
May 08, 2018 7:08:38 PM net.sf.freecol.common.util.LogBuilder log
INFO: Destroying: tileImprovement:4833
May 08, 2018 7:08:38 PM net.sf.freecol.common.util.LogBuilder log
INFO: Destroying: tileImprovement:4834
May 08, 2018 7:08:38 PM net.sf.freecol.common.util.LogBuilder log
INFO: Destroying: tileImprovement:4835
May 08, 2018 7:08:38 PM net.sf.freecol.common.util.LogBuilder log
INFO: Destroying: tileImprovement:4836
May 08, 2018 7:08:38 PM net.sf.freecol.common.util.LogBuilder log
INFO: Destroying: tileImprovement:4837
May 08, 2018 7:08:38 PM net.sf.freecol.common.util.LogBuilder log
INFO: Destroying: tileImprovement:4383
May 08, 2018 7:08:38 PM net.sf.freecol.common.util.LogBuilder log
INFO: Destroying: tileImprovement:4385
May 08, 2018 7:08:38 PM net.sf.freecol.common.util.LogBuilder log
INFO: Destroying: tileImprovement:4387
May 08, 2018 7:08:38 PM net.sf.freecol.common.util.LogBuilder log
INFO: Destroying: tileImprovement:4389
May 08, 2018 7:08:38 PM net.sf.freecol.common.util.LogBuilder log
INFO: Destroying: tileImprovement:4391
May 08, 2018 7:08:38 PM net.sf.freecol.common.util.LogBuilder log
INFO: Destroying: tileImprovement:4759
May 08, 2018 7:08:38 PM net.sf.freecol.common.util.LogBuilder log
INFO: Destroying: tileImprovement:4760
May 08, 2018 7:08:38 PM net.sf.freecol.common.util.LogBuilder log
INFO: Destroying: tileImprovement:4761
May 08, 2018 7:08:38 PM net.sf.freecol.common.util.LogBuilder log
INFO: Destroying: tileImprovement:4762
May 08, 2018 7:08:38 PM net.sf.freecol.common.util.LogBuilder log
INFO: Destroying: tileImprovement:4763
May 08, 2018 7:08:38 PM net.sf.freecol.common.util.LogBuilder log
INFO: Destroying: tileImprovement:4333
May 08, 2018 7:08:38 PM net.sf.freecol.common.util.LogBuilder log
INFO: Destroying: tileImprovement:4335
May 08, 2018 7:08:38 PM net.sf.freecol.common.util.LogBuilder log
INFO: Destroying: tileImprovement:4337
May 08, 2018 7:08:38 PM net.sf.freecol.common.util.LogBuilder log
INFO: Destroying: tileImprovement:4339
May 08, 2018 7:08:38 PM net.sf.freecol.common.util.LogBuilder log
INFO: Destroying: tileImprovement:4341
May 08, 2018 7:08:38 PM net.sf.freecol.common.util.LogBuilder log
INFO: Destroying: tileImprovement:4343
May 08, 2018 7:08:38 PM net.sf.freecol.common.util.LogBuilder log
INFO: Destroying: tileImprovement:4345
May 08, 2018 7:08:38 PM net.sf.freecol.common.util.LogBuilder log
INFO: Destroying: tileImprovement:4347
May 08, 2018 7:08:38 PM net.sf.freecol.common.util.LogBuilder log
INFO: Destroying: tileImprovement:4349
May 08, 2018 7:08:38 PM net.sf.freecol.common.util.LogBuilder log
INFO: Destroying: tileImprovement:4351
May 08, 2018 7:08:38 PM net.sf.freecol.common.util.LogBuilder log
INFO: Destroying: tileImprovement:4353
May 08, 2018 7:08:38 PM net.sf.freecol.common.util.LogBuilder log
INFO: Destroying: tileImprovement:4355
May 08, 2018 7:08:38 PM net.sf.freecol.common.util.LogBuilder log
INFO: Destroying: tileImprovement:4357
May 08, 2018 7:08:38 PM net.sf.freecol.common.util.LogBuilder log
INFO: Destroying: tileImprovement:4359
May 08, 2018 7:08:38 PM net.sf.freecol.common.util.LogBuilder log
INFO: Destroying: tileImprovement:4361
May 08, 2018 7:08:38 PM net.sf.freecol.common.util.LogBuilder log
INFO: Destroying: tileImprovement:4363
May 08, 2018 7:08:38 PM net.sf.freecol.common.util.LogBuilder log
INFO: Destroying: tileImprovement:4307
May 08, 2018 7:08:38 PM net.sf.freecol.common.util.LogBuilder log
INFO: Destroying: tileImprovement:4273
May 08, 2018 7:08:38 PM net.sf.freecol.common.util.LogBuilder log
INFO: Destroying: tileImprovement:4275
May 08, 2018 7:08:38 PM net.sf.freecol.common.util.LogBuilder log
INFO: Destroying: tileImprovement:4277
May 08, 2018 7:08:38 PM net.sf.freecol.common.util.LogBuilder log
INFO: Destroying: tileImprovement:4279
May 08, 2018 7:08:38 PM net.sf.freecol.common.util.LogBuilder log
INFO: Destroying: tileImprovement:4398
May 08, 2018 7:08:38 PM net.sf.freecol.common.util.LogBuilder log
INFO: Destroying: tileImprovement:4400
May 08, 2018 7:08:38 PM net.sf.freecol.common.util.LogBuilder log
INFO: Destroying: tileImprovement:4402
May 08, 2018 7:08:38 PM net.sf.freecol.common.util.LogBuilder log
INFO: Destroying: tileImprovement:4576
May 08, 2018 7:08:38 PM net.sf.freecol.common.util.LogBuilder log
INFO: Destroying: tileImprovement:4578
May 08, 2018 7:08:38 PM net.sf.freecol.common.util.LogBuilder log
INFO: Destroying: tileImprovement:4580
May 08, 2018 7:08:38 PM net.sf.freecol.common.util.LogBuilder log
INFO: Destroying: tileImprovement:4582
May 08, 2018 7:08:38 PM net.sf.freecol.common.util.LogBuilder log
INFO: Destroying: tileImprovement:4571
May 08, 2018 7:08:38 PM net.sf.freecol.common.util.LogBuilder log
INFO: Destroying: tileImprovement:4572
May 08, 2018 7:08:38 PM net.sf.freecol.common.util.LogBuilder log
INFO: Destroying: tileImprovement:4573
May 08, 2018 7:08:38 PM net.sf.freecol.common.util.LogBuilder log
INFO: Destroying: tileImprovement:4574
May 08, 2018 7:08:38 PM net.sf.freecol.common.util.LogBuilder log
INFO: Destroying: tileImprovement:4575
May 08, 2018 7:08:38 PM net.sf.freecol.server.networking.Server sendToAll
INFO: Reap dead connection: [DummyConnection Server connection - model.nation.tupi]
May 08, 2018 7:08:38 PM net.sf.freecol.server.networking.Server sendToAll
INFO: Reap dead connection: [DummyConnection Server connection - model.nation.dutch]
May 08, 2018 7:08:38 PM net.sf.freecol.server.networking.Server sendToAll
INFO: Reap dead connection: [DummyConnection Server connection - model.nation.inca]
May 08, 2018 7:08:38 PM net.sf.freecol.server.networking.Server sendToAll
INFO: Reap dead connection: [DummyConnection Server connection - model.nation.cherokee]
May 08, 2018 7:08:38 PM net.sf.freecol.server.networking.Server sendToAll
INFO: Reap dead connection: [DummyConnection Server connection - model.nation.french]
May 08, 2018 7:08:38 PM net.sf.freecol.server.networking.Server sendToAll
INFO: Reap dead connection: [DummyConnection Server connection - model.nation.spanish]
May 08, 2018 7:08:38 PM net.sf.freecol.server.networking.Server sendToAll
INFO: Reap dead connection: [DummyConnection Server connection - model.nation.sioux]
May 08, 2018 7:08:38 PM net.sf.freecol.server.networking.Server sendToAll
INFO: Reap dead connection: [DummyConnection Server connection - model.nation.iroquois]
May 08, 2018 7:08:38 PM net.sf.freecol.server.networking.Server sendToAll
INFO: Reap dead connection: [DummyConnection Server connection - model.nation.apache]
May 08, 2018 7:08:38 PM net.sf.freecol.server.networking.Server sendToAll
INFO: Reap dead connection: [DummyConnection Server connection - model.nation.arawak]
May 08, 2018 7:08:38 PM net.sf.freecol.server.networking.Server sendToAll
INFO: Reap dead connection: [DummyConnection Server connection - model.nation.english]
May 08, 2018 7:08:38 PM net.sf.freecol.server.networking.Server sendToAll
INFO: Reap dead connection: [DummyConnection Server connection - model.nation.aztec]
May 08, 2018 7:08:38 PM net.sf.freecol.common.FreeColSeed getFreeColSeed
INFO: Using seed: 2222286690913378553
May 08, 2018 7:08:38 PM net.sf.freecol.server.FreeColServer readGame
INFO: Found savegame version 13
May 08, 2018 7:08:38 PM net.sf.freecol.common.model.Game readChild
INFO: Loading specification.
May 08, 2018 7:08:38 PM net.sf.freecol.common.model.Specification checkDifficultyOptionGroup
INFO: Check group model.difficulty.immigration
May 08, 2018 7:08:38 PM net.sf.freecol.common.model.Specification checkDifficultyOptionGroup
INFO: Check group model.difficulty.natives
May 08, 2018 7:08:38 PM net.sf.freecol.common.model.Specification checkDifficultyOptionGroup
INFO: Check group model.difficulty.monarch
May 08, 2018 7:08:38 PM net.sf.freecol.common.model.Specification checkDifficultyOptionGroup
INFO: Check group model.difficulty.government
May 08, 2018 7:08:38 PM net.sf.freecol.common.model.Specification checkDifficultyOptionGroup
INFO: Check group model.difficulty.other
May 08, 2018 7:08:38 PM net.sf.freecol.common.model.Specification checkDifficultyOptionGroup
INFO: Check group model.difficulty.cheat
May 08, 2018 7:08:38 PM net.sf.freecol.common.model.Specification applyDifficultyLevel
INFO: Applying difficulty level model.difficulty.medium
May 08, 2018 7:08:38 PM net.sf.freecol.common.model.Specification clean
INFO: Specification clean following load from stream complete, starting year=1492, season year=1600, ages=[1,109,309], seasons=2, 253 FreeColGameObjectTypes, 79 Abilities, 41 BuildingTypes, 14 Disasters, 9 EuropeanNationTypes, 2 Events, 25 FoundingFathers, 21 GoodsTypes, 8 IndianNationTypes, 59 Modifiers, 25 Nations, 161 Options, 23 Option Groups, 12 ResourceTypes, 11 Roles, 23 TileTypes, 6 TileImprovementTypes, 42 UnitTypes read.
May 08, 2018 7:08:38 PM net.sf.freecol.server.FreeColServer loadGame
INFO: Game integrity test succeeded.
May 08, 2018 7:08:38 PM net.sf.freecol.server.FreeColServer loadGame
INFO: AI integrity test succeeded
May 08, 2018 7:08:38 PM net.sf.freecol.common.FreeColSeed getFreeColSeed
INFO: Using seed: 2236641436586738422
May 08, 2018 7:08:38 PM net.sf.freecol.common.model.LandMap <init>
INFO: Using land generator model.option.landGeneratorType.classic
May 08, 2018 7:08:38 PM net.sf.freecol.common.util.LogBuilder log
INFO: Destroying: tileImprovement:4343
May 08, 2018 7:08:38 PM net.sf.freecol.common.util.LogBuilder log
INFO: Destroying: tileImprovement:4345
May 08, 2018 7:08:38 PM net.sf.freecol.common.util.LogBuilder log
INFO: Destroying: tileImprovement:4347
May 08, 2018 7:08:38 PM net.sf.freecol.common.util.LogBuilder log
INFO: Destroying: tileImprovement:4349
May 08, 2018 7:08:38 PM net.sf.freecol.common.util.LogBuilder log
INFO: Destroying: tileImprovement:4351
May 08, 2018 7:08:38 PM net.sf.freecol.common.util.LogBuilder log
INFO: Destroying: tileImprovement:4353
May 08, 2018 7:08:38 PM net.sf.freecol.common.util.LogBuilder log
INFO: Destroying: tileImprovement:4404
May 08, 2018 7:08:38 PM net.sf.freecol.common.util.LogBuilder log
INFO: Destroying: tileImprovement:4406
May 08, 2018 7:08:38 PM net.sf.freecol.common.util.LogBuilder log
INFO: Destroying: tileImprovement:4408
May 08, 2018 7:08:38 PM net.sf.freecol.common.util.LogBuilder log
INFO: Destroying: tileImprovement:4410
May 08, 2018 7:08:38 PM net.sf.freecol.common.util.LogBuilder log
INFO: Destroying: tileImprovement:4469
May 08, 2018 7:08:38 PM net.sf.freecol.common.util.LogBuilder log
INFO: Destroying: tileImprovement:4471
May 08, 2018 7:08:38 PM net.sf.freecol.common.util.LogBuilder log
INFO: Destroying: tileImprovement:4473
May 08, 2018 7:08:38 PM net.sf.freecol.common.util.LogBuilder log
INFO: Destroying: tileImprovement:4475
May 08, 2018 7:08:38 PM net.sf.freecol.common.util.LogBuilder log
INFO: Destroying: tileImprovement:4457
May 08, 2018 7:08:38 PM net.sf.freecol.common.util.LogBuilder log
INFO: Destroying: tileImprovement:4459
May 08, 2018 7:08:38 PM net.sf.freecol.common.util.LogBuilder log
INFO: Destroying: tileImprovement:4461
May 08, 2018 7:08:38 PM net.sf.freecol.common.util.LogBuilder log
INFO: Destroying: tileImprovement:4463
May 08, 2018 7:08:38 PM net.sf.freecol.common.util.LogBuilder log
INFO: Destroying: tileImprovement:4465
May 08, 2018 7:08:38 PM net.sf.freecol.common.util.LogBuilder log
INFO: Destroying: tileImprovement:4467
May 08, 2018 7:08:38 PM net.sf.freecol.common.util.LogBuilder log
INFO: Destroying: tileImprovement:4498
May 08, 2018 7:08:38 PM net.sf.freecol.common.util.LogBuilder log
INFO: Destroying: tileImprovement:4499
May 08, 2018 7:08:38 PM net.sf.freecol.common.util.LogBuilder log
INFO: Destroying: tileImprovement:4500
May 08, 2018 7:08:38 PM net.sf.freecol.common.util.LogBuilder log
INFO: Destroying: tileImprovement:4501
May 08, 2018 7:08:38 PM net.sf.freecol.common.util.LogBuilder log
INFO: Destroying: tileImprovement:4485
May 08, 2018 7:08:38 PM net.sf.freecol.common.util.LogBuilder log
INFO: Destroying: tileImprovement:4486
May 08, 2018 7:08:38 PM net.sf.freecol.common.util.LogBuilder log
INFO: Destroying: tileImprovement:4423
May 08, 2018 7:08:38 PM net.sf.freecol.common.util.LogBuilder log
INFO: Destroying: tileImprovement:4425
May 08, 2018 7:08:38 PM net.sf.freecol.common.util.LogBuilder log
INFO: Destroying: tileImprovement:4427
May 08, 2018 7:08:38 PM net.sf.freecol.common.util.LogBuilder log
INFO: Destroying: tileImprovement:4429
May 08, 2018 7:08:38 PM net.sf.freecol.common.util.LogBuilder log
INFO: Destroying: tileImprovement:4513
May 08, 2018 7:08:38 PM net.sf.freecol.common.util.LogBuilder log
INFO: Destroying: tileImprovement:4515
May 08, 2018 7:08:38 PM net.sf.freecol.common.util.LogBuilder log
INFO: Destroying: tileImprovement:4517
May 08, 2018 7:08:38 PM net.sf.freecol.common.util.LogBuilder log
INFO: Destroying: tileImprovement:4519
May 08, 2018 7:08:38 PM net.sf.freecol.common.util.LogBuilder log
INFO: Destroying: tileImprovement:4521
May 08, 2018 7:08:38 PM net.sf.freecol.common.util.LogBuilder log
INFO: Destroying: tileImprovement:4523
May 08, 2018 7:08:38 PM net.sf.freecol.common.util.LogBuilder log
INFO: Destroying: tileImprovement:4507
May 08, 2018 7:08:38 PM net.sf.freecol.common.util.LogBuilder log
INFO: Destroying: tileImprovement:4508
May 08, 2018 7:08:38 PM net.sf.freecol.common.util.LogBuilder log
INFO: Destroying: tileImprovement:4509
May 08, 2018 7:08:38 PM net.sf.freecol.common.util.LogBuilder log
INFO: Destroying: tileImprovement:4510
May 08, 2018 7:08:38 PM net.sf.freecol.common.util.LogBuilder log
INFO: Destroying: tileImprovement:4511
May 08, 2018 7:08:38 PM net.sf.freecol.common.util.LogBuilder log
INFO: Destroying: tileImprovement:4512
May 08, 2018 7:08:38 PM net.sf.freecol.common.util.LogBuilder log
INFO: Destroying: tileImprovement:4357
May 08, 2018 7:08:38 PM net.sf.freecol.common.util.LogBuilder log
INFO: Destroying: tileImprovement:4359
May 08, 2018 7:08:38 PM net.sf.freecol.common.util.LogBuilder log
INFO: Destroying: tileImprovement:4361
May 08, 2018 7:08:38 PM net.sf.freecol.common.util.LogBuilder log
INFO: Destroying: tileImprovement:4363
May 08, 2018 7:08:38 PM net.sf.freecol.common.util.LogBuilder log
INFO: Destroying: tileImprovement:4365
May 08, 2018 7:08:38 PM net.sf.freecol.common.util.LogBuilder log
INFO: Destroying: tileImprovement:4367
May 08, 2018 7:08:38 PM net.sf.freecol.common.util.LogBuilder log
INFO: Destroying: tileImprovement:4369
May 08, 2018 7:08:38 PM net.sf.freecol.common.util.LogBuilder log
INFO: Destroying: tileImprovement:4371
May 08, 2018 7:08:38 PM net.sf.freecol.common.util.LogBuilder log
INFO: Destroying: tileImprovement:4373
May 08, 2018 7:08:38 PM net.sf.freecol.common.util.LogBuilder log
INFO: Destroying: tileImprovement:4375
May 08, 2018 7:08:38 PM net.sf.freecol.common.util.LogBuilder log
INFO: Destroying: tileImprovement:4377
May 08, 2018 7:08:38 PM net.sf.freecol.common.util.LogBuilder log
INFO: Destroying: tileImprovement:4379
May 08, 2018 7:08:38 PM net.sf.freecol.common.util.LogBuilder log
INFO: Destroying: tileImprovement:4381
May 08, 2018 7:08:38 PM net.sf.freecol.common.util.LogBuilder log
INFO: Destroying: tileImprovement:4383
May 08, 2018 7:08:38 PM net.sf.freecol.common.util.LogBuilder log
INFO: Destroying: tileImprovement:4385
May 08, 2018 7:08:38 PM net.sf.freecol.common.util.LogBuilder log
INFO: Destroying: tileImprovement:4387
May 08, 2018 7:08:38 PM net.sf.freecol.common.util.LogBuilder log
INFO: Destroying: tileImprovement:4389
May 08, 2018 7:08:38 PM net.sf.freecol.common.util.LogBuilder log
INFO: Destroying: tileImprovement:4391
May 08, 2018 7:08:38 PM net.sf.freecol.common.util.LogBuilder log
INFO: Destroying: tileImprovement:4270
May 08, 2018 7:08:38 PM net.sf.freecol.common.util.LogBuilder log
INFO: Destroying: tileImprovement:4272
May 08, 2018 7:08:38 PM net.sf.freecol.common.util.LogBuilder log
INFO: Destroying: tileImprovement:4274
May 08, 2018 7:08:38 PM net.sf.freecol.common.util.LogBuilder log
INFO: Destroying: tileImprovement:4413
May 08, 2018 7:08:38 PM net.sf.freecol.common.util.LogBuilder log
INFO: Destroying: tileImprovement:4415
May 08, 2018 7:08:38 PM net.sf.freecol.common.util.LogBuilder log
INFO: Destroying: tileImprovement:4417
May 08, 2018 7:08:38 PM net.sf.freecol.common.util.LogBuilder log
INFO: Destroying: tileImprovement:4419
May 08, 2018 7:08:38 PM net.sf.freecol.common.util.LogBuilder log
INFO: Destroying: tileImprovement:4421
May 08, 2018 7:08:38 PM net.sf.freecol.common.util.LogBuilder log
INFO: Destroying: tileImprovement:4571
May 08, 2018 7:08:38 PM net.sf.freecol.common.util.LogBuilder log
INFO: Destroying: tileImprovement:4572
May 08, 2018 7:08:38 PM net.sf.freecol.common.util.LogBuilder log
INFO: Destroying: tileImprovement:4573
May 08, 2018 7:08:38 PM net.sf.freecol.common.util.LogBuilder log
INFO: Destroying: tileImprovement:4574
May 08, 2018 7:08:38 PM net.sf.freecol.common.util.LogBuilder log
INFO: Destroying: tileImprovement:4558
May 08, 2018 7:08:38 PM net.sf.freecol.common.util.LogBuilder log
INFO: Destroying: tileImprovement:4560
May 08, 2018 7:08:38 PM net.sf.freecol.common.util.LogBuilder log
INFO: Destroying: tileImprovement:4562
May 08, 2018 7:08:38 PM net.sf.freecol.common.util.LogBuilder log
INFO: Destroying: tileImprovement:4655
May 08, 2018 7:08:38 PM net.sf.freecol.common.util.LogBuilder log
INFO: Destroying: tileImprovement:4657
May 08, 2018 7:08:38 PM net.sf.freecol.common.util.LogBuilder log
INFO: Destroying: tileImprovement:4659
May 08, 2018 7:08:38 PM net.sf.freecol.common.util.LogBuilder log
INFO: Destroying: tileImprovement:4661
May 08, 2018 7:08:38 PM net.sf.freecol.common.util.LogBuilder log
INFO: Destroying: tileImprovement:4646
May 08, 2018 7:08:38 PM net.sf.freecol.common.util.LogBuilder log
INFO: Destroying: tileImprovement:4647
May 08, 2018 7:08:38 PM net.sf.freecol.common.util.LogBuilder log
INFO: Destroying: tileImprovement:4648
May 08, 2018 7:08:38 PM net.sf.freecol.common.util.LogBuilder log
INFO: Destroying: tileImprovement:4649
May 08, 2018 7:08:38 PM net.sf.freecol.common.util.LogBuilder log
INFO: Destroying: tileImprovement:4650
May 08, 2018 7:08:38 PM net.sf.freecol.common.util.LogBuilder log
INFO: Destroying: tileImprovement:4301
May 08, 2018 7:08:38 PM net.sf.freecol.common.util.LogBuilder log
INFO: Destroying: tileImprovement:4303
May 08, 2018 7:08:38 PM net.sf.freecol.common.util.LogBuilder log
INFO: Destroying: tileImprovement:4305
May 08, 2018 7:08:38 PM net.sf.freecol.common.util.LogBuilder log
INFO: Destroying: tileImprovement:4623
May 08, 2018 7:08:38 PM net.sf.freecol.common.util.LogBuilder log
INFO: Destroying: tileImprovement:4625
May 08, 2018 7:08:38 PM net.sf.freecol.common.util.LogBuilder log
INFO: Destroying: tileImprovement:4627
May 08, 2018 7:08:38 PM net.sf.freecol.common.util.LogBuilder log
INFO: Destroying: tileImprovement:4592
May 08, 2018 7:08:38 PM net.sf.freecol.common.util.LogBuilder log
INFO: Destroying: tileImprovement:4594
May 08, 2018 7:08:38 PM net.sf.freecol.common.util.LogBuilder log
INFO: Destroying: tileImprovement:4586
May 08, 2018 7:08:38 PM net.sf.freecol.common.util.LogBuilder log
INFO: Destroying: tileImprovement:4587
May 08, 2018 7:08:38 PM net.sf.freecol.common.util.LogBuilder log
INFO: Destroying: tileImprovement:4588
May 08, 2018 7:08:38 PM net.sf.freecol.common.util.LogBuilder log
INFO: Destroying: tileImprovement:4589
May 08, 2018 7:08:38 PM net.sf.freecol.common.util.LogBuilder log
INFO: Destroying: tileImprovement:4590
May 08, 2018 7:08:38 PM net.sf.freecol.common.util.LogBuilder log
INFO: Destroying: tileImprovement:4591
May 08, 2018 7:08:38 PM net.sf.freecol.common.util.LogBuilder log
INFO: Destroying: tileImprovement:4634
May 08, 2018 7:08:38 PM net.sf.freecol.common.util.LogBuilder log
INFO: Destroying: tileImprovement:4636
May 08, 2018 7:08:38 PM net.sf.freecol.common.util.LogBuilder log
INFO: Destroying: tileImprovement:4638
May 08, 2018 7:08:38 PM net.sf.freecol.common.util.LogBuilder log
INFO: Destroying: tileImprovement:4640
May 08, 2018 7:08:38 PM net.sf.freecol.common.util.LogBuilder log
INFO: Destroying: tileImprovement:4642
May 08, 2018 7:08:38 PM net.sf.freecol.common.util.LogBuilder log
INFO: Destroying: tileImprovement:4631
May 08, 2018 7:08:38 PM net.sf.freecol.common.util.LogBuilder log
INFO: Destroying: tileImprovement:4632
May 08, 2018 7:08:38 PM net.sf.freecol.common.util.LogBuilder log
INFO: Destroying: tileImprovement:4633
May 08, 2018 7:08:38 PM net.sf.freecol.common.util.LogBuilder log
INFO: Destroying: tileImprovement:4727
May 08, 2018 7:08:38 PM net.sf.freecol.common.util.LogBuilder log
INFO: Destroying: tileImprovement:4729
May 08, 2018 7:08:38 PM net.sf.freecol.common.util.LogBuilder log
INFO: Destroying: tileImprovement:4731
May 08, 2018 7:08:38 PM net.sf.freecol.common.util.LogBuilder log
INFO: Destroying: tileImprovement:4733
May 08, 2018 7:08:38 PM net.sf.freecol.common.util.LogBuilder log
INFO: Destroying: tileImprovement:4735
May 08, 2018 7:08:38 PM net.sf.freecol.common.util.LogBuilder log
INFO: Destroying: tileImprovement:4723
May 08, 2018 7:08:38 PM net.sf.freecol.common.util.LogBuilder log
INFO: Destroying: tileImprovement:4687
May 08, 2018 7:08:38 PM net.sf.freecol.common.util.LogBuilder log
INFO: Destroying: tileImprovement:4688
May 08, 2018 7:08:38 PM net.sf.freecol.common.util.LogBuilder log
INFO: Destroying: tileImprovement:4689
May 08, 2018 7:08:38 PM net.sf.freecol.common.util.LogBuilder log
INFO: Destroying: tileImprovement:4651
May 08, 2018 7:08:38 PM net.sf.freecol.common.util.LogBuilder log
INFO: Destroying: tileImprovement:4653
May 08, 2018 7:08:38 PM net.sf.freecol.common.util.LogBuilder log
INFO: Destroying: tileImprovement:4699
May 08, 2018 7:08:38 PM net.sf.freecol.common.util.LogBuilder log
INFO: Destroying: tileImprovement:4700
May 08, 2018 7:08:38 PM net.sf.freecol.common.util.LogBuilder log
INFO: Destroying: tileImprovement:4701
May 08, 2018 7:08:38 PM net.sf.freecol.common.util.LogBuilder log
INFO: Destroying: tileImprovement:4702
May 08, 2018 7:08:38 PM net.sf.freecol.common.util.LogBuilder log
INFO: Destroying: tileImprovement:4815
May 08, 2018 7:08:38 PM net.sf.freecol.common.util.LogBuilder log
INFO: Destroying: tileImprovement:4805
May 08, 2018 7:08:38 PM net.sf.freecol.common.util.LogBuilder log
INFO: Destroying: tileImprovement:4806
May 08, 2018 7:08:38 PM net.sf.freecol.common.util.LogBuilder log
INFO: Destroying: tileImprovement:4807
May 08, 2018 7:08:38 PM net.sf.freecol.common.util.LogBuilder log
INFO: Destroying: tileImprovement:4808
May 08, 2018 7:08:38 PM net.sf.freecol.common.util.LogBuilder log
INFO: Destroying: tileImprovement:4809
May 08, 2018 7:08:38 PM net.sf.freecol.common.util.LogBuilder log
INFO: Destroying: tileImprovement:4810
May 08, 2018 7:08:38 PM net.sf.freecol.common.util.LogBuilder log
INFO: Destroying: tileImprovement:4530
May 08, 2018 7:08:38 PM net.sf.freecol.common.util.LogBuilder log
INFO: Destroying: tileImprovement:4532
May 08, 2018 7:08:38 PM net.sf.freecol.common.util.LogBuilder log
INFO: Destroying: tileImprovement:4534
May 08, 2018 7:08:38 PM net.sf.freecol.common.util.LogBuilder log
INFO: Destroying: tileImprovement:4536
May 08, 2018 7:08:38 PM net.sf.freecol.common.util.LogBuilder log
INFO: Destroying: tileImprovement:4669
May 08, 2018 7:08:38 PM net.sf.freecol.common.util.LogBuilder log
INFO: Destroying: tileImprovement:4671
May 08, 2018 7:08:38 PM net.sf.freecol.common.util.LogBuilder log
INFO: Destroying: tileImprovement:4673
May 08, 2018 7:08:38 PM net.sf.freecol.common.util.LogBuilder log
INFO: Destroying: tileImprovement:4854
May 08, 2018 7:08:38 PM net.sf.freecol.common.util.LogBuilder log
INFO: Destroying: tileImprovement:4856
May 08, 2018 7:08:38 PM net.sf.freecol.common.util.LogBuilder log
INFO: Destroying: tileImprovement:4852
May 08, 2018 7:08:38 PM net.sf.freecol.common.util.LogBuilder log
INFO: Destroying: tileImprovement:4335
May 08, 2018 7:08:38 PM net.sf.freecol.common.util.LogBuilder log
INFO: Destroying: tileImprovement:4337
May 08, 2018 7:08:38 PM net.sf.freecol.common.util.LogBuilder log
INFO: Destroying: tileImprovement:4339
May 08, 2018 7:08:38 PM net.sf.freecol.common.util.LogBuilder log
INFO: Destroying: tileImprovement:4341
May 08, 2018 7:08:38 PM net.sf.freecol.common.util.LogBuilder log
INFO: Destroying: tileImprovement:4444
May 08, 2018 7:08:38 PM net.sf.freecol.common.util.LogBuilder log
INFO: Destroying: tileImprovement:4445
May 08, 2018 7:08:38 PM net.sf.freecol.common.util.LogBuilder log
INFO: Destroying: tileImprovement:4446
May 08, 2018 7:08:38 PM net.sf.freecol.common.util.LogBuilder log
INFO: Destroying: tileImprovement:4447
May 08, 2018 7:08:38 PM net.sf.freecol.common.util.LogBuilder log
INFO: Destroying: tileImprovement:4448
May 08, 2018 7:08:38 PM net.sf.freecol.common.util.LogBuilder log
INFO: Destroying: tileImprovement:4449
May 08, 2018 7:08:38 PM net.sf.freecol.common.util.LogBuilder log
INFO: Destroying: tileImprovement:4526
May 08, 2018 7:08:38 PM net.sf.freecol.common.util.LogBuilder log
INFO: Destroying: tileImprovement:4528
May 08, 2018 7:08:38 PM net.sf.freecol.common.util.LogBuilder log
INFO: Destroying: tileImprovement:4865
May 08, 2018 7:08:38 PM net.sf.freecol.common.util.LogBuilder log
INFO: Destroying: tileImprovement:4866
May 08, 2018 7:08:38 PM net.sf.freecol.common.util.LogBuilder log
INFO: Destroying: tileImprovement:4867
May 08, 2018 7:08:38 PM net.sf.freecol.common.util.LogBuilder log
INFO: Destroying: tileImprovement:4868
May 08, 2018 7:08:38 PM net.sf.freecol.server.networking.Server sendToAll
INFO: Reap dead connection: [DummyConnection Server connection - model.nation.english]
May 08, 2018 7:08:38 PM net.sf.freecol.server.networking.Server sendToAll
INFO: Reap dead connection: [DummyConnection Server connection - model.nation.sioux]
May 08, 2018 7:08:38 PM net.sf.freecol.server.networking.Server sendToAll
INFO: Reap dead connection: [DummyConnection Server connection - model.nation.arawak]
May 08, 2018 7:08:38 PM net.sf.freecol.server.networking.Server sendToAll
INFO: Reap dead connection: [DummyConnection Server connection - model.nation.inca]
May 08, 2018 7:08:38 PM net.sf.freecol.server.networking.Server sendToAll
INFO: Reap dead connection: [DummyConnection Server connection - model.nation.apache]
May 08, 2018 7:08:38 PM net.sf.freecol.server.networking.Server sendToAll
INFO: Reap dead connection: [DummyConnection Server connection - model.nation.aztec]
May 08, 2018 7:08:38 PM net.sf.freecol.server.networking.Server sendToAll
INFO: Reap dead connection: [DummyConnection Server connection - model.nation.iroquois]
May 08, 2018 7:08:38 PM net.sf.freecol.server.networking.Server sendToAll
INFO: Reap dead connection: [DummyConnection Server connection - model.nation.cherokee]
May 08, 2018 7:08:38 PM net.sf.freecol.server.networking.Server sendToAll
INFO: Reap dead connection: [DummyConnection Server connection - model.nation.tupi]
May 08, 2018 7:08:38 PM net.sf.freecol.server.networking.Server sendToAll
INFO: Reap dead connection: [DummyConnection Server connection - model.nation.dutch]
May 08, 2018 7:08:38 PM net.sf.freecol.server.networking.Server sendToAll
INFO: Reap dead connection: [DummyConnection Server connection - model.nation.spanish]
May 08, 2018 7:08:38 PM net.sf.freecol.server.networking.Server sendToAll
INFO: Reap dead connection: [DummyConnection Server connection - model.nation.french]
May 08, 2018 7:08:38 PM net.sf.freecol.server.FreeColServer readGame
INFO: Found savegame version 13
May 08, 2018 7:08:38 PM net.sf.freecol.common.model.Game readChild
INFO: Loading specification.
May 08, 2018 7:08:39 PM net.sf.freecol.common.model.Specification checkDifficultyOptionGroup
INFO: Check group model.difficulty.immigration
May 08, 2018 7:08:39 PM net.sf.freecol.common.model.Specification checkDifficultyOptionGroup
INFO: Check group model.difficulty.natives
May 08, 2018 7:08:39 PM net.sf.freecol.common.model.Specification checkDifficultyOptionGroup
INFO: Check group model.difficulty.monarch
May 08, 2018 7:08:39 PM net.sf.freecol.common.model.Specification checkDifficultyOptionGroup
INFO: Check group model.difficulty.government
May 08, 2018 7:08:39 PM net.sf.freecol.common.model.Specification checkDifficultyOptionGroup
INFO: Check group model.difficulty.other
May 08, 2018 7:08:39 PM net.sf.freecol.common.model.Specification checkDifficultyOptionGroup
INFO: Check group model.difficulty.cheat
May 08, 2018 7:08:39 PM net.sf.freecol.common.model.Specification applyDifficultyLevel
INFO: Applying difficulty level model.difficulty.medium
May 08, 2018 7:08:39 PM net.sf.freecol.common.model.Specification clean
INFO: Specification clean following load from stream complete, starting year=1492, season year=1600, ages=[1,109,309], seasons=2, 253 FreeColGameObjectTypes, 79 Abilities, 41 BuildingTypes, 14 Disasters, 9 EuropeanNationTypes, 2 Events, 25 FoundingFathers, 21 GoodsTypes, 8 IndianNationTypes, 59 Modifiers, 25 Nations, 161 Options, 23 Option Groups, 12 ResourceTypes, 11 Roles, 23 TileTypes, 6 TileImprovementTypes, 42 UnitTypes read.
May 08, 2018 7:08:39 PM net.sf.freecol.server.FreeColServer loadGame
INFO: Game integrity test succeeded.
May 08, 2018 7:08:39 PM net.sf.freecol.server.FreeColServer loadGame
INFO: AI integrity test succeeded
May 08, 2018 7:08:39 PM net.sf.freecol.common.FreeColSeed getFreeColSeed
INFO: Using seed: 3469212685551173978
May 08, 2018 7:08:39 PM net.sf.freecol.common.model.LandMap <init>
INFO: Using land generator model.option.landGeneratorType.classic
May 08, 2018 7:08:39 PM net.sf.freecol.common.util.LogBuilder log
INFO: Destroying: tileImprovement:4348
May 08, 2018 7:08:39 PM net.sf.freecol.common.util.LogBuilder log
INFO: Destroying: tileImprovement:4350
May 08, 2018 7:08:39 PM net.sf.freecol.common.util.LogBuilder log
INFO: Destroying: tileImprovement:4352
May 08, 2018 7:08:39 PM net.sf.freecol.common.util.LogBuilder log
INFO: Destroying: tileImprovement:4340
May 08, 2018 7:08:39 PM net.sf.freecol.common.util.LogBuilder log
INFO: Destroying: tileImprovement:4297
May 08, 2018 7:08:39 PM net.sf.freecol.common.util.LogBuilder log
INFO: Destroying: tileImprovement:4299
May 08, 2018 7:08:39 PM net.sf.freecol.common.util.LogBuilder log
INFO: Destroying: tileImprovement:4301
May 08, 2018 7:08:39 PM net.sf.freecol.common.util.LogBuilder log
INFO: Destroying: tileImprovement:4303
May 08, 2018 7:08:39 PM net.sf.freecol.common.util.LogBuilder log
INFO: Destroying: tileImprovement:4305
May 08, 2018 7:08:39 PM net.sf.freecol.common.util.LogBuilder log
INFO: Destroying: tileImprovement:4307
May 08, 2018 7:08:39 PM net.sf.freecol.common.util.LogBuilder log
INFO: Destroying: tileImprovement:4309
May 08, 2018 7:08:39 PM net.sf.freecol.common.util.LogBuilder log
INFO: Destroying: tileImprovement:4311
May 08, 2018 7:08:39 PM net.sf.freecol.common.util.LogBuilder log
INFO: Destroying: tileImprovement:4313
May 08, 2018 7:08:39 PM net.sf.freecol.common.util.LogBuilder log
INFO: Destroying: tileImprovement:4315
May 08, 2018 7:08:39 PM net.sf.freecol.common.util.LogBuilder log
INFO: Destroying: tileImprovement:4271
May 08, 2018 7:08:39 PM net.sf.freecol.common.util.LogBuilder log
INFO: Destroying: tileImprovement:4417
May 08, 2018 7:08:39 PM net.sf.freecol.common.util.LogBuilder log
INFO: Destroying: tileImprovement:4419
May 08, 2018 7:08:39 PM net.sf.freecol.common.util.LogBuilder log
INFO: Destroying: tileImprovement:4421
May 08, 2018 7:08:39 PM net.sf.freecol.common.util.LogBuilder log
INFO: Destroying: tileImprovement:4423
May 08, 2018 7:08:39 PM net.sf.freecol.common.util.LogBuilder log
INFO: Destroying: tileImprovement:4425
May 08, 2018 7:08:39 PM net.sf.freecol.common.util.LogBuilder log
INFO: Destroying: tileImprovement:4427
May 08, 2018 7:08:39 PM net.sf.freecol.common.util.LogBuilder log
INFO: Destroying: tileImprovement:4429
May 08, 2018 7:08:39 PM net.sf.freecol.common.util.LogBuilder log
INFO: Destroying: tileImprovement:4450
May 08, 2018 7:08:39 PM net.sf.freecol.common.util.LogBuilder log
INFO: Destroying: tileImprovement:4451
May 08, 2018 7:08:39 PM net.sf.freecol.common.util.LogBuilder log
INFO: Destroying: tileImprovement:4452
May 08, 2018 7:08:39 PM net.sf.freecol.common.util.LogBuilder log
INFO: Destroying: tileImprovement:4453
May 08, 2018 7:08:39 PM net.sf.freecol.common.util.LogBuilder log
INFO: Destroying: tileImprovement:4454
May 08, 2018 7:08:39 PM net.sf.freecol.common.util.LogBuilder log
INFO: Destroying: tileImprovement:4331
May 08, 2018 7:08:39 PM net.sf.freecol.common.util.LogBuilder log
INFO: Destroying: tileImprovement:4333
May 08, 2018 7:08:39 PM net.sf.freecol.common.util.LogBuilder log
INFO: Destroying: tileImprovement:4335
May 08, 2018 7:08:39 PM net.sf.freecol.common.util.LogBuilder log
INFO: Destroying: tileImprovement:4337
May 08, 2018 7:08:39 PM net.sf.freecol.common.util.LogBuilder log
INFO: Destroying: tileImprovement:4475
May 08, 2018 7:08:39 PM net.sf.freecol.common.util.LogBuilder log
INFO: Destroying: tileImprovement:4476
May 08, 2018 7:08:39 PM net.sf.freecol.common.util.LogBuilder log
INFO: Destroying: tileImprovement:4477
May 08, 2018 7:08:39 PM net.sf.freecol.common.util.LogBuilder log
INFO: Destroying: tileImprovement:4478
May 08, 2018 7:08:39 PM net.sf.freecol.common.util.LogBuilder log
INFO: Destroying: tileImprovement:4479
May 08, 2018 7:08:39 PM net.sf.freecol.common.util.LogBuilder log
INFO: Destroying: tileImprovement:4480
May 08, 2018 7:08:39 PM net.sf.freecol.common.util.LogBuilder log
INFO: Destroying: tileImprovement:4464
May 08, 2018 7:08:39 PM net.sf.freecol.common.util.LogBuilder log
INFO: Destroying: tileImprovement:4466
May 08, 2018 7:08:39 PM net.sf.freecol.common.util.LogBuilder log
INFO: Destroying: tileImprovement:4407
May 08, 2018 7:08:39 PM net.sf.freecol.common.util.LogBuilder log
INFO: Destroying: tileImprovement:4409
May 08, 2018 7:08:39 PM net.sf.freecol.common.util.LogBuilder log
INFO: Destroying: tileImprovement:4411
May 08, 2018 7:08:39 PM net.sf.freecol.common.util.LogBuilder log
INFO: Destroying: tileImprovement:4413
May 08, 2018 7:08:39 PM net.sf.freecol.common.util.LogBuilder log
INFO: Destroying: tileImprovement:4415
May 08, 2018 7:08:39 PM net.sf.freecol.common.util.LogBuilder log
INFO: Destroying: tileImprovement:4474
May 08, 2018 7:08:39 PM net.sf.freecol.common.util.LogBuilder log
INFO: Destroying: tileImprovement:4610
May 08, 2018 7:08:39 PM net.sf.freecol.common.util.LogBuilder log
INFO: Destroying: tileImprovement:4612
May 08, 2018 7:08:39 PM net.sf.freecol.common.util.LogBuilder log
INFO: Destroying: tileImprovement:4614
May 08, 2018 7:08:39 PM net.sf.freecol.common.util.LogBuilder log
INFO: Destroying: tileImprovement:4616
May 08, 2018 7:08:39 PM net.sf.freecol.common.util.LogBuilder log
INFO: Destroying: tileImprovement:4618
May 08, 2018 7:08:39 PM net.sf.freecol.common.util.LogBuilder log
INFO: Destroying: tileImprovement:4620
May 08, 2018 7:08:39 PM net.sf.freecol.common.util.LogBuilder log
INFO: Destroying: tileImprovement:4622
May 08, 2018 7:08:39 PM net.sf.freecol.common.util.LogBuilder log
INFO: Destroying: tileImprovement:4624
May 08, 2018 7:08:39 PM net.sf.freecol.common.util.LogBuilder log
INFO: Destroying: tileImprovement:4626
May 08, 2018 7:08:39 PM net.sf.freecol.common.util.LogBuilder log
INFO: Destroying: tileImprovement:4628
May 08, 2018 7:08:39 PM net.sf.freecol.common.util.LogBuilder log
INFO: Destroying: tileImprovement:4630
May 08, 2018 7:08:39 PM net.sf.freecol.common.util.LogBuilder log
INFO: Destroying: tileImprovement:4632
May 08, 2018 7:08:39 PM net.sf.freecol.common.util.LogBuilder log
INFO: Destroying: tileImprovement:4634
May 08, 2018 7:08:39 PM net.sf.freecol.common.util.LogBuilder log
INFO: Destroying: tileImprovement:4636
May 08, 2018 7:08:39 PM net.sf.freecol.common.util.LogBuilder log
INFO: Destroying: tileImprovement:4638
May 08, 2018 7:08:39 PM net.sf.freecol.common.util.LogBuilder log
INFO: Destroying: tileImprovement:4640
May 08, 2018 7:08:39 PM net.sf.freecol.common.util.LogBuilder log
INFO: Destroying: tileImprovement:4642
May 08, 2018 7:08:39 PM net.sf.freecol.common.util.LogBuilder log
INFO: Destroying: tileImprovement:4644
May 08, 2018 7:08:39 PM net.sf.freecol.common.util.LogBuilder log
INFO: Destroying: tileImprovement:4646
May 08, 2018 7:08:39 PM net.sf.freecol.common.util.LogBuilder log
INFO: Destroying: tileImprovement:4648
May 08, 2018 7:08:39 PM net.sf.freecol.common.util.LogBuilder log
INFO: Destroying: tileImprovement:4462
May 08, 2018 7:08:39 PM net.sf.freecol.common.util.LogBuilder log
INFO: Destroying: tileImprovement:4575
May 08, 2018 7:08:39 PM net.sf.freecol.common.util.LogBuilder log
INFO: Destroying: tileImprovement:4576
May 08, 2018 7:08:39 PM net.sf.freecol.common.util.LogBuilder log
INFO: Destroying: tileImprovement:4508
May 08, 2018 7:08:39 PM net.sf.freecol.common.util.LogBuilder log
INFO: Destroying: tileImprovement:4655
May 08, 2018 7:08:39 PM net.sf.freecol.common.util.LogBuilder log
INFO: Destroying: tileImprovement:4656
May 08, 2018 7:08:39 PM net.sf.freecol.common.util.LogBuilder log
INFO: Destroying: tileImprovement:4657
May 08, 2018 7:08:39 PM net.sf.freecol.common.util.LogBuilder log
INFO: Destroying: tileImprovement:4658
May 08, 2018 7:08:39 PM net.sf.freecol.common.util.LogBuilder log
INFO: Destroying: tileImprovement:4659
May 08, 2018 7:08:39 PM net.sf.freecol.common.util.LogBuilder log
INFO: Destroying: tileImprovement:4660
May 08, 2018 7:08:39 PM net.sf.freecol.common.util.LogBuilder log
INFO: Destroying: tileImprovement:4661
May 08, 2018 7:08:39 PM net.sf.freecol.common.util.LogBuilder log
INFO: Destroying: tileImprovement:4662
May 08, 2018 7:08:39 PM net.sf.freecol.common.util.LogBuilder log
INFO: Destroying: tileImprovement:4663
May 08, 2018 7:08:39 PM net.sf.freecol.common.util.LogBuilder log
INFO: Destroying: tileImprovement:4664
May 08, 2018 7:08:39 PM net.sf.freecol.common.util.LogBuilder log
INFO: Destroying: tileImprovement:4665
May 08, 2018 7:08:39 PM net.sf.freecol.common.util.LogBuilder log
INFO: Destroying: tileImprovement:4666
May 08, 2018 7:08:39 PM net.sf.freecol.common.util.LogBuilder log
INFO: Destroying: tileImprovement:4667
May 08, 2018 7:08:39 PM net.sf.freecol.common.util.LogBuilder log
INFO: Destroying: tileImprovement:4668
May 08, 2018 7:08:39 PM net.sf.freecol.common.util.LogBuilder log
INFO: Destroying: tileImprovement:4669
May 08, 2018 7:08:39 PM net.sf.freecol.common.util.LogBuilder log
INFO: Destroying: tileImprovement:4670
May 08, 2018 7:08:39 PM net.sf.freecol.common.util.LogBuilder log
INFO: Destroying: tileImprovement:4589
May 08, 2018 7:08:39 PM net.sf.freecol.common.util.LogBuilder log
INFO: Destroying: tileImprovement:4591
May 08, 2018 7:08:39 PM net.sf.freecol.common.util.LogBuilder log
INFO: Destroying: tileImprovement:4593
May 08, 2018 7:08:39 PM net.sf.freecol.common.util.LogBuilder log
INFO: Destroying: tileImprovement:4595
May 08, 2018 7:08:39 PM net.sf.freecol.common.util.LogBuilder log
INFO: Destroying: tileImprovement:4597
May 08, 2018 7:08:39 PM net.sf.freecol.common.util.LogBuilder log
INFO: Destroying: tileImprovement:4599
May 08, 2018 7:08:39 PM net.sf.freecol.common.util.LogBuilder log
INFO: Destroying: tileImprovement:4601
May 08, 2018 7:08:39 PM net.sf.freecol.common.util.LogBuilder log
INFO: Destroying: tileImprovement:4603
May 08, 2018 7:08:39 PM net.sf.freecol.common.util.LogBuilder log
INFO: Destroying: tileImprovement:4605
May 08, 2018 7:08:39 PM net.sf.freecol.common.util.LogBuilder log
INFO: Destroying: tileImprovement:4607
May 08, 2018 7:08:39 PM net.sf.freecol.common.util.LogBuilder log
INFO: Destroying: tileImprovement:4584
May 08, 2018 7:08:39 PM net.sf.freecol.common.util.LogBuilder log
INFO: Destroying: tileImprovement:4585
May 08, 2018 7:08:39 PM net.sf.freecol.common.util.LogBuilder log
INFO: Destroying: tileImprovement:4586
May 08, 2018 7:08:39 PM net.sf.freecol.common.util.LogBuilder log
INFO: Destroying: tileImprovement:4587
May 08, 2018 7:08:39 PM net.sf.freecol.common.util.LogBuilder log
INFO: Destroying: tileImprovement:4588
May 08, 2018 7:08:39 PM net.sf.freecol.common.util.LogBuilder log
INFO: Destroying: tileImprovement:4790
May 08, 2018 7:08:39 PM net.sf.freecol.common.util.LogBuilder log
INFO: Destroying: tileImprovement:4792
May 08, 2018 7:08:39 PM net.sf.freecol.common.util.LogBuilder log
INFO: Destroying: tileImprovement:4794
May 08, 2018 7:08:39 PM net.sf.freecol.common.util.LogBuilder log
INFO: Destroying: tileImprovement:4780
May 08, 2018 7:08:39 PM net.sf.freecol.common.util.LogBuilder log
INFO: Destroying: tileImprovement:4781
May 08, 2018 7:08:39 PM net.sf.freecol.common.util.LogBuilder log
INFO: Destroying: tileImprovement:4782
May 08, 2018 7:08:39 PM net.sf.freecol.common.util.LogBuilder log
INFO: Destroying: tileImprovement:4783
May 08, 2018 7:08:39 PM net.sf.freecol.common.util.LogBuilder log
INFO: Destroying: tileImprovement:4784
May 08, 2018 7:08:39 PM net.sf.freecol.common.util.LogBuilder log
INFO: Destroying: tileImprovement:4785
May 08, 2018 7:08:39 PM net.sf.freecol.common.util.LogBuilder log
INFO: Destroying: tileImprovement:4786
May 08, 2018 7:08:39 PM net.sf.freecol.common.util.LogBuilder log
INFO: Destroying: tileImprovement:4787
May 08, 2018 7:08:39 PM net.sf.freecol.common.util.LogBuilder log
INFO: Destroying: tileImprovement:4788
May 08, 2018 7:08:39 PM net.sf.freecol.common.util.LogBuilder log
INFO: Destroying: tileImprovement:4789
May 08, 2018 7:08:39 PM net.sf.freecol.common.util.LogBuilder log
INFO: Destroying: tileImprovement:4327
May 08, 2018 7:08:39 PM net.sf.freecol.common.util.LogBuilder log
INFO: Destroying: tileImprovement:4329
May 08, 2018 7:08:39 PM net.sf.freecol.common.util.LogBuilder log
INFO: Destroying: tileImprovement:4517
May 08, 2018 7:08:39 PM net.sf.freecol.common.util.LogBuilder log
INFO: Destroying: tileImprovement:4518
May 08, 2018 7:08:39 PM net.sf.freecol.common.util.LogBuilder log
INFO: Destroying: tileImprovement:4519
May 08, 2018 7:08:39 PM net.sf.freecol.common.util.LogBuilder log
INFO: Destroying: tileImprovement:4520
May 08, 2018 7:08:39 PM net.sf.freecol.common.util.LogBuilder log
INFO: Destroying: tileImprovement:4277
May 08, 2018 7:08:39 PM net.sf.freecol.common.util.LogBuilder log
INFO: Destroying: tileImprovement:4279
May 08, 2018 7:08:39 PM net.sf.freecol.common.util.LogBuilder log
INFO: Destroying: tileImprovement:4281
May 08, 2018 7:08:39 PM net.sf.freecol.common.util.LogBuilder log
INFO: Destroying: tileImprovement:4283
May 08, 2018 7:08:39 PM net.sf.freecol.common.util.LogBuilder log
INFO: Destroying: tileImprovement:4285
May 08, 2018 7:08:39 PM net.sf.freecol.common.util.LogBuilder log
INFO: Destroying: tileImprovement:4287
May 08, 2018 7:08:39 PM net.sf.freecol.common.util.LogBuilder log
INFO: Destroying: tileImprovement:4289
May 08, 2018 7:08:39 PM net.sf.freecol.common.util.LogBuilder log
INFO: Destroying: tileImprovement:4291
May 08, 2018 7:08:39 PM net.sf.freecol.common.util.LogBuilder log
INFO: Destroying: tileImprovement:4293
May 08, 2018 7:08:39 PM net.sf.freecol.common.util.LogBuilder log
INFO: Destroying: tileImprovement:4295
May 08, 2018 7:08:39 PM net.sf.freecol.common.util.LogBuilder log
INFO: Destroying: tileImprovement:4444
May 08, 2018 7:08:39 PM net.sf.freecol.common.util.LogBuilder log
INFO: Destroying: tileImprovement:4445
May 08, 2018 7:08:39 PM net.sf.freecol.common.util.LogBuilder log
INFO: Destroying: tileImprovement:4446
May 08, 2018 7:08:39 PM net.sf.freecol.common.util.LogBuilder log
INFO: Destroying: tileImprovement:4447
May 08, 2018 7:08:39 PM net.sf.freecol.common.util.LogBuilder log
INFO: Destroying: tileImprovement:4448
May 08, 2018 7:08:39 PM net.sf.freecol.common.util.LogBuilder log
INFO: Destroying: tileImprovement:4449
May 08, 2018 7:08:39 PM net.sf.freecol.common.util.LogBuilder log
INFO: Destroying: tileImprovement:4362
May 08, 2018 7:08:39 PM net.sf.freecol.common.util.LogBuilder log
INFO: Destroying: tileImprovement:4364
May 08, 2018 7:08:39 PM net.sf.freecol.common.util.LogBuilder log
INFO: Destroying: tileImprovement:4366
May 08, 2018 7:08:39 PM net.sf.freecol.common.util.LogBuilder log
INFO: Destroying: tileImprovement:4368
May 08, 2018 7:08:39 PM net.sf.freecol.common.util.LogBuilder log
INFO: Destroying: tileImprovement:4370
May 08, 2018 7:08:39 PM net.sf.freecol.common.util.LogBuilder log
INFO: Destroying: tileImprovement:4372
May 08, 2018 7:08:39 PM net.sf.freecol.common.util.LogBuilder log
INFO: Destroying: tileImprovement:4358
May 08, 2018 7:08:39 PM net.sf.freecol.common.util.LogBuilder log
INFO: Destroying: tileImprovement:4359
May 08, 2018 7:08:39 PM net.sf.freecol.common.util.LogBuilder log
INFO: Destroying: tileImprovement:4360
May 08, 2018 7:08:39 PM net.sf.freecol.common.util.LogBuilder log
INFO: Destroying: tileImprovement:4361
May 08, 2018 7:08:39 PM net.sf.freecol.common.util.LogBuilder log
INFO: Destroying: tileImprovement:4529
May 08, 2018 7:08:39 PM net.sf.freecol.common.util.LogBuilder log
INFO: Destroying: tileImprovement:4531
May 08, 2018 7:08:39 PM net.sf.freecol.common.util.LogBuilder log
INFO: Destroying: tileImprovement:4533
May 08, 2018 7:08:39 PM net.sf.freecol.common.util.LogBuilder log
INFO: Destroying: tileImprovement:4535
May 08, 2018 7:08:39 PM net.sf.freecol.common.util.LogBuilder log
INFO: Destroying: tileImprovement:4375
May 08, 2018 7:08:39 PM net.sf.freecol.common.util.LogBuilder log
INFO: Destroying: tileImprovement:4377
May 08, 2018 7:08:39 PM net.sf.freecol.common.util.LogBuilder log
INFO: Destroying: tileImprovement:4379
May 08, 2018 7:08:39 PM net.sf.freecol.common.util.LogBuilder log
INFO: Destroying: tileImprovement:4381
May 08, 2018 7:08:39 PM net.sf.freecol.common.util.LogBuilder log
INFO: Destroying: tileImprovement:4858
May 08, 2018 7:08:39 PM net.sf.freecol.common.util.LogBuilder log
INFO: Destroying: tileImprovement:4860
May 08, 2018 7:08:39 PM net.sf.freecol.common.util.LogBuilder log
INFO: Destroying: tileImprovement:4862
May 08, 2018 7:08:39 PM net.sf.freecol.common.util.LogBuilder log
INFO: Destroying: tileImprovement:4864
May 08, 2018 7:08:39 PM net.sf.freecol.common.util.LogBuilder log
INFO: Destroying: tileImprovement:4848
May 08, 2018 7:08:39 PM net.sf.freecol.common.util.LogBuilder log
INFO: Destroying: tileImprovement:4849
May 08, 2018 7:08:39 PM net.sf.freecol.common.util.LogBuilder log
INFO: Destroying: tileImprovement:4850
May 08, 2018 7:08:39 PM net.sf.freecol.common.util.LogBuilder log
INFO: Destroying: tileImprovement:4851
May 08, 2018 7:08:39 PM net.sf.freecol.common.util.LogBuilder log
INFO: Destroying: tileImprovement:4852
May 08, 2018 7:08:39 PM net.sf.freecol.common.util.LogBuilder log
INFO: Destroying: tileImprovement:4853
May 08, 2018 7:08:39 PM net.sf.freecol.common.util.LogBuilder log
INFO: Destroying: tileImprovement:4854
May 08, 2018 7:08:39 PM net.sf.freecol.common.util.LogBuilder log
INFO: Destroying: tileImprovement:4855
May 08, 2018 7:08:39 PM net.sf.freecol.common.util.LogBuilder log
INFO: Destroying: tileImprovement:4856
May 08, 2018 7:08:39 PM net.sf.freecol.common.util.LogBuilder log
INFO: Destroying: tileImprovement:4857
May 08, 2018 7:08:39 PM net.sf.freecol.common.util.LogBuilder log
INFO: Destroying: tileImprovement:4688
May 08, 2018 7:08:39 PM net.sf.freecol.common.util.LogBuilder log
INFO: Destroying: tileImprovement:4690
May 08, 2018 7:08:39 PM net.sf.freecol.common.util.LogBuilder log
INFO: Destroying: tileImprovement:4692
May 08, 2018 7:08:39 PM net.sf.freecol.common.util.LogBuilder log
INFO: Destroying: tileImprovement:4694
May 08, 2018 7:08:39 PM net.sf.freecol.common.util.LogBuilder log
INFO: Destroying: tileImprovement:4696
May 08, 2018 7:08:39 PM net.sf.freecol.common.util.LogBuilder log
INFO: Destroying: tileImprovement:4682
May 08, 2018 7:08:39 PM net.sf.freecol.common.util.LogBuilder log
INFO: Destroying: tileImprovement:4877
May 08, 2018 7:08:39 PM net.sf.freecol.common.util.LogBuilder log
INFO: Destroying: tileImprovement:4879
May 08, 2018 7:08:39 PM net.sf.freecol.common.util.LogBuilder log
INFO: Destroying: tileImprovement:4881
May 08, 2018 7:08:39 PM net.sf.freecol.common.util.LogBuilder log
INFO: Destroying: tileImprovement:4883
May 08, 2018 7:08:39 PM net.sf.freecol.common.util.LogBuilder log
INFO: Destroying: tileImprovement:4885
May 08, 2018 7:08:39 PM net.sf.freecol.common.util.LogBuilder log
INFO: Destroying: tileImprovement:4887
May 08, 2018 7:08:39 PM net.sf.freecol.common.util.LogBuilder log
INFO: Destroying: tileImprovement:4822
May 08, 2018 7:08:39 PM net.sf.freecol.common.util.LogBuilder log
INFO: Destroying: tileImprovement:4824
May 08, 2018 7:08:39 PM net.sf.freecol.common.util.LogBuilder log
INFO: Destroying: tileImprovement:4826
May 08, 2018 7:08:39 PM net.sf.freecol.common.util.LogBuilder log
INFO: Destroying: tileImprovement:4828
May 08, 2018 7:08:39 PM net.sf.freecol.common.util.LogBuilder log
INFO: Destroying: tileImprovement:4830
May 08, 2018 7:08:39 PM net.sf.freecol.common.util.LogBuilder log
INFO: Destroying: tileImprovement:4832
May 08, 2018 7:08:39 PM net.sf.freecol.common.util.LogBuilder log
INFO: Destroying: tileImprovement:5009
May 08, 2018 7:08:39 PM net.sf.freecol.common.util.LogBuilder log
INFO: Destroying: tileImprovement:5001
May 08, 2018 7:08:39 PM net.sf.freecol.common.util.LogBuilder log
INFO: Destroying: tileImprovement:5002
May 08, 2018 7:08:39 PM net.sf.freecol.common.util.LogBuilder log
INFO: Destroying: tileImprovement:5003
May 08, 2018 7:08:39 PM net.sf.freecol.common.util.LogBuilder log
INFO: Destroying: tileImprovement:5004
May 08, 2018 7:08:39 PM net.sf.freecol.common.util.LogBuilder log
INFO: Destroying: tileImprovement:5005
May 08, 2018 7:08:39 PM net.sf.freecol.common.util.LogBuilder log
INFO: Destroying: tileImprovement:5006
May 08, 2018 7:08:39 PM net.sf.freecol.common.util.LogBuilder log
INFO: Destroying: tileImprovement:4776
May 08, 2018 7:08:39 PM net.sf.freecol.common.util.LogBuilder log
INFO: Destroying: tileImprovement:4766
May 08, 2018 7:08:39 PM net.sf.freecol.common.util.LogBuilder log
INFO: Destroying: tileImprovement:4768
May 08, 2018 7:08:39 PM net.sf.freecol.common.util.LogBuilder log
INFO: Destroying: tileImprovement:4770
May 08, 2018 7:08:39 PM net.sf.freecol.common.util.LogBuilder log
INFO: Destroying: tileImprovement:4772
May 08, 2018 7:08:39 PM net.sf.freecol.common.util.LogBuilder log
INFO: Destroying: tileImprovement:4774
May 08, 2018 7:08:39 PM net.sf.freecol.common.util.LogBuilder log
INFO: Destroying: tileImprovement:5047
May 08, 2018 7:08:39 PM net.sf.freecol.server.networking.Server sendToAll
INFO: Reap dead connection: [DummyConnection Server connection - model.nation.dutch]
May 08, 2018 7:08:39 PM net.sf.freecol.server.networking.Server sendToAll
INFO: Reap dead connection: [DummyConnection Server connection - model.nation.apache]
May 08, 2018 7:08:39 PM net.sf.freecol.server.networking.Server sendToAll
INFO: Reap dead connection: [DummyConnection Server connection - model.nation.tupi]
May 08, 2018 7:08:39 PM net.sf.freecol.server.networking.Server sendToAll
INFO: Reap dead connection: [DummyConnection Server connection - model.nation.sioux]
May 08, 2018 7:08:39 PM net.sf.freecol.server.networking.Server sendToAll
INFO: Reap dead connection: [DummyConnection Server connection - model.nation.french]
May 08, 2018 7:08:39 PM net.sf.freecol.server.networking.Server sendToAll
INFO: Reap dead connection: [DummyConnection Server connection - model.nation.spanish]
May 08, 2018 7:08:39 PM net.sf.freecol.server.networking.Server sendToAll
INFO: Reap dead connection: [DummyConnection Server connection - model.nation.inca]
May 08, 2018 7:08:39 PM net.sf.freecol.server.networking.Server sendToAll
INFO: Reap dead connection: [DummyConnection Server connection - model.nation.cherokee]
May 08, 2018 7:08:39 PM net.sf.freecol.server.networking.Server sendToAll
INFO: Reap dead connection: [DummyConnection Server connection - model.nation.english]
May 08, 2018 7:08:39 PM net.sf.freecol.server.networking.Server sendToAll
INFO: Reap dead connection: [DummyConnection Server connection - model.nation.iroquois]
May 08, 2018 7:08:39 PM net.sf.freecol.server.networking.Server sendToAll
INFO: Reap dead connection: [DummyConnection Server connection - model.nation.arawak]
May 08, 2018 7:08:39 PM net.sf.freecol.server.networking.Server sendToAll
INFO: Reap dead connection: [DummyConnection Server connection - model.nation.aztec]
May 08, 2018 7:08:39 PM net.sf.freecol.common.FreeColSeed getFreeColSeed
INFO: Using seed: 7662366550468761018
May 08, 2018 7:08:39 PM net.sf.freecol.server.FreeColServer readGame
INFO: Found savegame version 13
May 08, 2018 7:08:39 PM net.sf.freecol.common.model.Game readChild
INFO: Reloading specification.
May 08, 2018 7:08:39 PM net.sf.freecol.common.model.Specification checkDifficultyOptionGroup
INFO: Check group model.difficulty.immigration
May 08, 2018 7:08:39 PM net.sf.freecol.common.model.Specification checkDifficultyOptionGroup
INFO: Check group model.difficulty.natives
May 08, 2018 7:08:39 PM net.sf.freecol.common.model.Specification checkDifficultyOptionGroup
INFO: Check group model.difficulty.monarch
May 08, 2018 7:08:39 PM net.sf.freecol.common.model.Specification checkDifficultyOptionGroup
INFO: Check group model.difficulty.government
May 08, 2018 7:08:39 PM net.sf.freecol.common.model.Specification checkDifficultyOptionGroup
INFO: Check group model.difficulty.other
May 08, 2018 7:08:39 PM net.sf.freecol.common.model.Specification checkDifficultyOptionGroup
INFO: Check group model.difficulty.cheat
May 08, 2018 7:08:39 PM net.sf.freecol.common.model.Specification applyDifficultyLevel
INFO: Applying difficulty level model.difficulty.medium
May 08, 2018 7:08:39 PM net.sf.freecol.common.model.Specification clean
INFO: Specification clean following load from stream complete, starting year=1492, season year=1600, ages=[1,109,309], seasons=2, 253 FreeColGameObjectTypes, 79 Abilities, 41 BuildingTypes, 14 Disasters, 9 EuropeanNationTypes, 2 Events, 25 FoundingFathers, 21 GoodsTypes, 8 IndianNationTypes, 59 Modifiers, 25 Nations, 161 Options, 23 Option Groups, 12 ResourceTypes, 11 Roles, 23 TileTypes, 6 TileImprovementTypes, 42 UnitTypes read.
May 08, 2018 7:08:39 PM net.sf.freecol.server.FreeColServer readGame
INFO: Imported file test/data/test.fsg
May 08, 2018 7:08:39 PM net.sf.freecol.server.networking.Server sendToAll
INFO: Reap dead connection: [DummyConnection Server connection - model.nation.sioux]
May 08, 2018 7:08:39 PM net.sf.freecol.server.networking.Server sendToAll
INFO: Reap dead connection: [DummyConnection Server connection - model.nation.french]
May 08, 2018 7:08:39 PM net.sf.freecol.server.networking.Server sendToAll
INFO: Reap dead connection: [DummyConnection Server connection - model.nation.apache]
May 08, 2018 7:08:39 PM net.sf.freecol.server.networking.Server sendToAll
INFO: Reap dead connection: [DummyConnection Server connection - model.nation.spanish]
May 08, 2018 7:08:39 PM net.sf.freecol.server.networking.Server sendToAll
INFO: Reap dead connection: [DummyConnection Server connection - model.nation.dutch]
May 08, 2018 7:08:39 PM net.sf.freecol.server.networking.Server sendToAll
INFO: Reap dead connection: [DummyConnection Server connection - model.nation.arawak]
May 08, 2018 7:08:39 PM net.sf.freecol.server.networking.Server sendToAll
INFO: Reap dead connection: [DummyConnection Server connection - model.nation.aztec]
May 08, 2018 7:08:39 PM net.sf.freecol.server.networking.Server sendToAll
INFO: Reap dead connection: [DummyConnection Server connection - model.nation.english]
May 08, 2018 7:08:39 PM net.sf.freecol.server.networking.Server sendToAll
INFO: Reap dead connection: [DummyConnection Server connection - model.nation.tupi]
May 08, 2018 7:08:39 PM net.sf.freecol.server.networking.Server sendToAll
INFO: Reap dead connection: [DummyConnection Server connection - model.nation.inca]
May 08, 2018 7:08:39 PM net.sf.freecol.server.networking.Server sendToAll
INFO: Reap dead connection: [DummyConnection Server connection - model.nation.iroquois]
May 08, 2018 7:08:39 PM net.sf.freecol.server.networking.Server sendToAll
INFO: Reap dead connection: [DummyConnection Server connection - model.nation.cherokee]
May 08, 2018 7:08:39 PM net.sf.freecol.common.model.Specification applyDifficultyLevel
INFO: Applying difficulty level model.difficulty.medium
May 08, 2018 7:08:39 PM net.sf.freecol.common.FreeColSeed getFreeColSeed
INFO: Using seed: 6339738170366254257
May 08, 2018 7:08:39 PM net.sf.freecol.server.networking.Server sendToAll
INFO: Reap dead connection: [DummyConnection Server connection - model.nation.sioux]
May 08, 2018 7:08:39 PM net.sf.freecol.server.networking.Server sendToAll
INFO: Reap dead connection: [DummyConnection Server connection - model.nation.arawak]
May 08, 2018 7:08:39 PM net.sf.freecol.server.networking.Server sendToAll
INFO: Reap dead connection: [DummyConnection Server connection - model.nation.english]
May 08, 2018 7:08:39 PM net.sf.freecol.server.networking.Server sendToAll
INFO: Reap dead connection: [DummyConnection Server connection - model.nation.dutch]
May 08, 2018 7:08:39 PM net.sf.freecol.server.networking.Server sendToAll
INFO: Reap dead connection: [DummyConnection Server connection - model.nation.iroquois]
May 08, 2018 7:08:39 PM net.sf.freecol.server.networking.Server sendToAll
INFO: Reap dead connection: [DummyConnection Server connection - model.nation.apache]
May 08, 2018 7:08:39 PM net.sf.freecol.server.networking.Server sendToAll
INFO: Reap dead connection: [DummyConnection Server connection - model.nation.aztec]
May 08, 2018 7:08:39 PM net.sf.freecol.server.networking.Server sendToAll
INFO: Reap dead connection: [DummyConnection Server connection - model.nation.tupi]
May 08, 2018 7:08:39 PM net.sf.freecol.server.networking.Server sendToAll
INFO: Reap dead connection: [DummyConnection Server connection - model.nation.spanish]
May 08, 2018 7:08:39 PM net.sf.freecol.server.networking.Server sendToAll
INFO: Reap dead connection: [DummyConnection Server connection - model.nation.french]
May 08, 2018 7:08:39 PM net.sf.freecol.server.networking.Server sendToAll
INFO: Reap dead connection: [DummyConnection Server connection - model.nation.cherokee]
May 08, 2018 7:08:39 PM net.sf.freecol.server.networking.Server sendToAll
INFO: Reap dead connection: [DummyConnection Server connection - model.nation.inca]
May 08, 2018 7:08:39 PM net.sf.freecol.common.model.Specification applyDifficultyLevel
INFO: Applying difficulty level model.difficulty.medium
May 08, 2018 7:08:39 PM net.sf.freecol.common.FreeColSeed getFreeColSeed
INFO: Using seed: -8784134655749818089
May 08, 2018 7:08:39 PM net.sf.freecol.server.networking.Server sendToAll
INFO: Reap dead connection: [DummyConnection Server connection - model.nation.english]
May 08, 2018 7:08:39 PM net.sf.freecol.server.networking.Server sendToAll
INFO: Reap dead connection: [DummyConnection Server connection - model.nation.spanish]
May 08, 2018 7:08:39 PM net.sf.freecol.server.networking.Server sendToAll
INFO: Reap dead connection: [DummyConnection Server connection - model.nation.cherokee]
May 08, 2018 7:08:39 PM net.sf.freecol.server.networking.Server sendToAll
INFO: Reap dead connection: [DummyConnection Server connection - model.nation.dutch]
May 08, 2018 7:08:39 PM net.sf.freecol.server.networking.Server sendToAll
INFO: Reap dead connection: [DummyConnection Server connection - model.nation.arawak]
May 08, 2018 7:08:39 PM net.sf.freecol.server.networking.Server sendToAll
INFO: Reap dead connection: [DummyConnection Server connection - model.nation.tupi]
May 08, 2018 7:08:39 PM net.sf.freecol.server.networking.Server sendToAll
INFO: Reap dead connection: [DummyConnection Server connection - model.nation.aztec]
May 08, 2018 7:08:39 PM net.sf.freecol.server.networking.Server sendToAll
INFO: Reap dead connection: [DummyConnection Server connection - model.nation.inca]
May 08, 2018 7:08:39 PM net.sf.freecol.server.networking.Server sendToAll
INFO: Reap dead connection: [DummyConnection Server connection - model.nation.french]
May 08, 2018 7:08:39 PM net.sf.freecol.server.networking.Server sendToAll
INFO: Reap dead connection: [DummyConnection Server connection - model.nation.sioux]
May 08, 2018 7:08:39 PM net.sf.freecol.server.networking.Server sendToAll
INFO: Reap dead connection: [DummyConnection Server connection - model.nation.iroquois]
May 08, 2018 7:08:39 PM net.sf.freecol.server.networking.Server sendToAll
INFO: Reap dead connection: [DummyConnection Server connection - model.nation.apache]
May 08, 2018 7:08:39 PM net.sf.freecol.common.model.Specification applyDifficultyLevel
INFO: Applying difficulty level model.difficulty.medium
May 08, 2018 7:08:39 PM net.sf.freecol.common.FreeColSeed getFreeColSeed
INFO: Using seed: -7139760733718303453
May 08, 2018 7:08:39 PM net.sf.freecol.server.networking.Server sendToAll
INFO: Reap dead connection: [DummyConnection Server connection - model.nation.french]
May 08, 2018 7:08:39 PM net.sf.freecol.server.networking.Server sendToAll
INFO: Reap dead connection: [DummyConnection Server connection - model.nation.apache]
May 08, 2018 7:08:39 PM net.sf.freecol.server.networking.Server sendToAll
INFO: Reap dead connection: [DummyConnection Server connection - model.nation.aztec]
May 08, 2018 7:08:39 PM net.sf.freecol.server.networking.Server sendToAll
INFO: Reap dead connection: [DummyConnection Server connection - model.nation.dutch]
May 08, 2018 7:08:39 PM net.sf.freecol.server.networking.Server sendToAll
INFO: Reap dead connection: [DummyConnection Server connection - model.nation.cherokee]
May 08, 2018 7:08:39 PM net.sf.freecol.server.networking.Server sendToAll
INFO: Reap dead connection: [DummyConnection Server connection - model.nation.english]
May 08, 2018 7:08:39 PM net.sf.freecol.server.networking.Server sendToAll
INFO: Reap dead connection: [DummyConnection Server connection - model.nation.tupi]
May 08, 2018 7:08:39 PM net.sf.freecol.server.networking.Server sendToAll
INFO: Reap dead connection: [DummyConnection Server connection - model.nation.arawak]
May 08, 2018 7:08:39 PM net.sf.freecol.server.networking.Server sendToAll
INFO: Reap dead connection: [DummyConnection Server connection - model.nation.inca]
May 08, 2018 7:08:39 PM net.sf.freecol.server.networking.Server sendToAll
INFO: Reap dead connection: [DummyConnection Server connection - model.nation.iroquois]
May 08, 2018 7:08:39 PM net.sf.freecol.server.networking.Server sendToAll
INFO: Reap dead connection: [DummyConnection Server connection - model.nation.sioux]
May 08, 2018 7:08:39 PM net.sf.freecol.server.networking.Server sendToAll
INFO: Reap dead connection: [DummyConnection Server connection - model.nation.spanish]
May 08, 2018 7:08:39 PM net.sf.freecol.common.model.Specification applyDifficultyLevel
INFO: Applying difficulty level model.difficulty.medium
May 08, 2018 7:08:39 PM net.sf.freecol.common.FreeColSeed getFreeColSeed
INFO: Using seed: -3029681055890331495
May 08, 2018 7:08:39 PM net.sf.freecol.server.networking.Server sendToAll
INFO: Reap dead connection: [DummyConnection Server connection - model.nation.english]
May 08, 2018 7:08:39 PM net.sf.freecol.server.networking.Server sendToAll
INFO: Reap dead connection: [DummyConnection Server connection - model.nation.inca]
May 08, 2018 7:08:39 PM net.sf.freecol.server.networking.Server sendToAll
INFO: Reap dead connection: [DummyConnection Server connection - model.nation.french]
May 08, 2018 7:08:39 PM net.sf.freecol.server.networking.Server sendToAll
INFO: Reap dead connection: [DummyConnection Server connection - model.nation.arawak]
May 08, 2018 7:08:39 PM net.sf.freecol.server.networking.Server sendToAll
INFO: Reap dead connection: [DummyConnection Server connection - model.nation.spanish]
May 08, 2018 7:08:39 PM net.sf.freecol.server.networking.Server sendToAll
INFO: Reap dead connection: [DummyConnection Server connection - model.nation.cherokee]
May 08, 2018 7:08:39 PM net.sf.freecol.server.networking.Server sendToAll
INFO: Reap dead connection: [DummyConnection Server connection - model.nation.tupi]
May 08, 2018 7:08:39 PM net.sf.freecol.server.networking.Server sendToAll
INFO: Reap dead connection: [DummyConnection Server connection - model.nation.iroquois]
May 08, 2018 7:08:39 PM net.sf.freecol.server.networking.Server sendToAll
INFO: Reap dead connection: [DummyConnection Server connection - model.nation.aztec]
May 08, 2018 7:08:39 PM net.sf.freecol.server.networking.Server sendToAll
INFO: Reap dead connection: [DummyConnection Server connection - model.nation.sioux]
May 08, 2018 7:08:39 PM net.sf.freecol.server.networking.Server sendToAll
INFO: Reap dead connection: [DummyConnection Server connection - model.nation.dutch]
May 08, 2018 7:08:39 PM net.sf.freecol.server.networking.Server sendToAll
INFO: Reap dead connection: [DummyConnection Server connection - model.nation.apache]
May 08, 2018 7:08:39 PM net.sf.freecol.common.model.Specification applyDifficultyLevel
INFO: Applying difficulty level model.difficulty.medium
May 08, 2018 7:08:39 PM net.sf.freecol.common.FreeColSeed getFreeColSeed
INFO: Using seed: 6855546701106555628
May 08, 2018 7:08:39 PM net.sf.freecol.server.networking.Server sendToAll
INFO: Reap dead connection: [DummyConnection Server connection - model.nation.iroquois]
May 08, 2018 7:08:39 PM net.sf.freecol.server.networking.Server sendToAll
INFO: Reap dead connection: [DummyConnection Server connection - model.nation.english]
May 08, 2018 7:08:39 PM net.sf.freecol.server.networking.Server sendToAll
INFO: Reap dead connection: [DummyConnection Server connection - model.nation.cherokee]
May 08, 2018 7:08:39 PM net.sf.freecol.server.networking.Server sendToAll
INFO: Reap dead connection: [DummyConnection Server connection - model.nation.dutch]
May 08, 2018 7:08:39 PM net.sf.freecol.server.networking.Server sendToAll
INFO: Reap dead connection: [DummyConnection Server connection - model.nation.arawak]
May 08, 2018 7:08:39 PM net.sf.freecol.server.networking.Server sendToAll
INFO: Reap dead connection: [DummyConnection Server connection - model.nation.apache]
May 08, 2018 7:08:39 PM net.sf.freecol.server.networking.Server sendToAll
INFO: Reap dead connection: [DummyConnection Server connection - model.nation.aztec]
May 08, 2018 7:08:39 PM net.sf.freecol.server.networking.Server sendToAll
INFO: Reap dead connection: [DummyConnection Server connection - model.nation.spanish]
May 08, 2018 7:08:39 PM net.sf.freecol.server.networking.Server sendToAll
INFO: Reap dead connection: [DummyConnection Server connection - model.nation.inca]
May 08, 2018 7:08:39 PM net.sf.freecol.server.networking.Server sendToAll
INFO: Reap dead connection: [DummyConnection Server connection - model.nation.tupi]
May 08, 2018 7:08:39 PM net.sf.freecol.server.networking.Server sendToAll
INFO: Reap dead connection: [DummyConnection Server connection - model.nation.french]
May 08, 2018 7:08:39 PM net.sf.freecol.server.networking.Server sendToAll
INFO: Reap dead connection: [DummyConnection Server connection - model.nation.sioux]
May 08, 2018 7:08:39 PM net.sf.freecol.server.model.ServerPlayer csChangeStance
INFO: Stance modification Louis XIV UNCONTACTED -> PEACE wrt Geronimo
May 08, 2018 7:08:39 PM net.sf.freecol.server.model.ServerPlayer csChangeStance
INFO: Stance modification Geronimo UNCONTACTED -> PEACE wrt Louis XIV (symmetric)
May 08, 2018 7:08:39 PM net.sf.freecol.common.model.Specification applyDifficultyLevel
INFO: Applying difficulty level model.difficulty.medium
May 08, 2018 7:08:39 PM net.sf.freecol.common.FreeColSeed getFreeColSeed
INFO: Using seed: 407141896601814651
May 08, 2018 7:08:39 PM net.sf.freecol.server.networking.Server sendToAll
INFO: Reap dead connection: [DummyConnection Server connection - model.nation.english]
May 08, 2018 7:08:39 PM net.sf.freecol.server.networking.Server sendToAll
INFO: Reap dead connection: [DummyConnection Server connection - model.nation.inca]
May 08, 2018 7:08:39 PM net.sf.freecol.server.networking.Server sendToAll
INFO: Reap dead connection: [DummyConnection Server connection - model.nation.tupi]
May 08, 2018 7:08:39 PM net.sf.freecol.server.networking.Server sendToAll
INFO: Reap dead connection: [DummyConnection Server connection - model.nation.aztec]
May 08, 2018 7:08:39 PM net.sf.freecol.server.networking.Server sendToAll
INFO: Reap dead connection: [DummyConnection Server connection - model.nation.iroquois]
May 08, 2018 7:08:39 PM net.sf.freecol.server.networking.Server sendToAll
INFO: Reap dead connection: [DummyConnection Server connection - model.nation.french]
May 08, 2018 7:08:39 PM net.sf.freecol.server.networking.Server sendToAll
INFO: Reap dead connection: [DummyConnection Server connection - model.nation.dutch]
May 08, 2018 7:08:39 PM net.sf.freecol.server.networking.Server sendToAll
INFO: Reap dead connection: [DummyConnection Server connection - model.nation.cherokee]
May 08, 2018 7:08:39 PM net.sf.freecol.server.networking.Server sendToAll
INFO: Reap dead connection: [DummyConnection Server connection - model.nation.arawak]
May 08, 2018 7:08:39 PM net.sf.freecol.server.networking.Server sendToAll
INFO: Reap dead connection: [DummyConnection Server connection - model.nation.apache]
May 08, 2018 7:08:39 PM net.sf.freecol.server.networking.Server sendToAll
INFO: Reap dead connection: [DummyConnection Server connection - model.nation.sioux]
May 08, 2018 7:08:39 PM net.sf.freecol.server.networking.Server sendToAll
INFO: Reap dead connection: [DummyConnection Server connection - model.nation.spanish]
May 08, 2018 7:08:39 PM net.sf.freecol.server.model.ServerPlayer csChangeStance
INFO: Stance modification William I UNCONTACTED -> PEACE wrt Geronimo
May 08, 2018 7:08:39 PM net.sf.freecol.server.model.ServerPlayer csChangeStance
INFO: Stance modification Geronimo UNCONTACTED -> PEACE wrt William I (symmetric)
May 08, 2018 7:08:39 PM net.sf.freecol.common.model.Specification applyDifficultyLevel
INFO: Applying difficulty level model.difficulty.medium
May 08, 2018 7:08:39 PM net.sf.freecol.common.FreeColSeed getFreeColSeed
INFO: Using seed: -7618036000551239495
May 08, 2018 7:08:39 PM net.sf.freecol.server.networking.Server sendToAll
INFO: Reap dead connection: [DummyConnection Server connection - model.nation.tupi]
May 08, 2018 7:08:39 PM net.sf.freecol.server.networking.Server sendToAll
INFO: Reap dead connection: [DummyConnection Server connection - model.nation.iroquois]
May 08, 2018 7:08:39 PM net.sf.freecol.server.networking.Server sendToAll
INFO: Reap dead connection: [DummyConnection Server connection - model.nation.sioux]
May 08, 2018 7:08:39 PM net.sf.freecol.server.networking.Server sendToAll
INFO: Reap dead connection: [DummyConnection Server connection - model.nation.apache]
May 08, 2018 7:08:39 PM net.sf.freecol.server.networking.Server sendToAll
INFO: Reap dead connection: [DummyConnection Server connection - model.nation.arawak]
May 08, 2018 7:08:39 PM net.sf.freecol.server.networking.Server sendToAll
INFO: Reap dead connection: [DummyConnection Server connection - model.nation.english]
May 08, 2018 7:08:39 PM net.sf.freecol.server.networking.Server sendToAll
INFO: Reap dead connection: [DummyConnection Server connection - model.nation.dutch]
May 08, 2018 7:08:39 PM net.sf.freecol.server.networking.Server sendToAll
INFO: Reap dead connection: [DummyConnection Server connection - model.nation.inca]
May 08, 2018 7:08:39 PM net.sf.freecol.server.networking.Server sendToAll
INFO: Reap dead connection: [DummyConnection Server connection - model.nation.cherokee]
May 08, 2018 7:08:39 PM net.sf.freecol.server.networking.Server sendToAll
INFO: Reap dead connection: [DummyConnection Server connection - model.nation.french]
May 08, 2018 7:08:39 PM net.sf.freecol.server.networking.Server sendToAll
INFO: Reap dead connection: [DummyConnection Server connection - model.nation.aztec]
May 08, 2018 7:08:39 PM net.sf.freecol.server.networking.Server sendToAll
INFO: Reap dead connection: [DummyConnection Server connection - model.nation.spanish]
May 08, 2018 7:08:39 PM net.sf.freecol.common.model.Specification applyDifficultyLevel
INFO: Applying difficulty level model.difficulty.medium
May 08, 2018 7:08:39 PM net.sf.freecol.common.FreeColSeed getFreeColSeed
INFO: Using seed: -6245231867745134644
May 08, 2018 7:08:39 PM net.sf.freecol.server.networking.Server sendToAll
INFO: Reap dead connection: [DummyConnection Server connection - model.nation.apache]
May 08, 2018 7:08:39 PM net.sf.freecol.server.networking.Server sendToAll
INFO: Reap dead connection: [DummyConnection Server connection - model.nation.french]
May 08, 2018 7:08:39 PM net.sf.freecol.server.networking.Server sendToAll
INFO: Reap dead connection: [DummyConnection Server connection - model.nation.tupi]
May 08, 2018 7:08:39 PM net.sf.freecol.server.networking.Server sendToAll
INFO: Reap dead connection: [DummyConnection Server connection - model.nation.arawak]
May 08, 2018 7:08:39 PM net.sf.freecol.server.networking.Server sendToAll
INFO: Reap dead connection: [DummyConnection Server connection - model.nation.inca]
May 08, 2018 7:08:39 PM net.sf.freecol.server.networking.Server sendToAll
INFO: Reap dead connection: [DummyConnection Server connection - model.nation.spanish]
May 08, 2018 7:08:39 PM net.sf.freecol.server.networking.Server sendToAll
INFO: Reap dead connection: [DummyConnection Server connection - model.nation.sioux]
May 08, 2018 7:08:39 PM net.sf.freecol.server.networking.Server sendToAll
INFO: Reap dead connection: [DummyConnection Server connection - model.nation.cherokee]
May 08, 2018 7:08:39 PM net.sf.freecol.server.networking.Server sendToAll
INFO: Reap dead connection: [DummyConnection Server connection - model.nation.iroquois]
May 08, 2018 7:08:39 PM net.sf.freecol.server.networking.Server sendToAll
INFO: Reap dead connection: [DummyConnection Server connection - model.nation.aztec]
May 08, 2018 7:08:39 PM net.sf.freecol.server.networking.Server sendToAll
INFO: Reap dead connection: [DummyConnection Server connection - model.nation.dutch]
May 08, 2018 7:08:39 PM net.sf.freecol.server.networking.Server sendToAll
INFO: Reap dead connection: [DummyConnection Server connection - model.nation.english]
May 08, 2018 7:08:39 PM net.sf.freecol.common.model.Specification applyDifficultyLevel
INFO: Applying difficulty level model.difficulty.medium
May 08, 2018 7:08:39 PM net.sf.freecol.common.FreeColSeed getFreeColSeed
INFO: Using seed: 6156023177578312231
May 08, 2018 7:08:39 PM net.sf.freecol.server.networking.Server sendToAll
INFO: Reap dead connection: [DummyConnection Server connection - model.nation.inca]
May 08, 2018 7:08:39 PM net.sf.freecol.server.networking.Server sendToAll
INFO: Reap dead connection: [DummyConnection Server connection - model.nation.aztec]
May 08, 2018 7:08:39 PM net.sf.freecol.server.networking.Server sendToAll
INFO: Reap dead connection: [DummyConnection Server connection - model.nation.tupi]
May 08, 2018 7:08:39 PM net.sf.freecol.server.networking.Server sendToAll
INFO: Reap dead connection: [DummyConnection Server connection - model.nation.dutch]
May 08, 2018 7:08:39 PM net.sf.freecol.server.networking.Server sendToAll
INFO: Reap dead connection: [DummyConnection Server connection - model.nation.french]
May 08, 2018 7:08:39 PM net.sf.freecol.server.networking.Server sendToAll
INFO: Reap dead connection: [DummyConnection Server connection - model.nation.cherokee]
May 08, 2018 7:08:39 PM net.sf.freecol.server.networking.Server sendToAll
INFO: Reap dead connection: [DummyConnection Server connection - model.nation.english]
May 08, 2018 7:08:39 PM net.sf.freecol.server.networking.Server sendToAll
INFO: Reap dead connection: [DummyConnection Server connection - model.nation.iroquois]
May 08, 2018 7:08:39 PM net.sf.freecol.server.networking.Server sendToAll
INFO: Reap dead connection: [DummyConnection Server connection - model.nation.arawak]
May 08, 2018 7:08:39 PM net.sf.freecol.server.networking.Server sendToAll
INFO: Reap dead connection: [DummyConnection Server connection - model.nation.spanish]
May 08, 2018 7:08:39 PM net.sf.freecol.server.networking.Server sendToAll
INFO: Reap dead connection: [DummyConnection Server connection - model.nation.apache]
May 08, 2018 7:08:39 PM net.sf.freecol.server.networking.Server sendToAll
INFO: Reap dead connection: [DummyConnection Server connection - model.nation.sioux]
May 08, 2018 7:08:39 PM net.sf.freecol.common.model.Specification applyDifficultyLevel
INFO: Applying difficulty level model.difficulty.medium
May 08, 2018 7:08:39 PM net.sf.freecol.common.FreeColSeed getFreeColSeed
INFO: Using seed: -4365834383319786469
May 08, 2018 7:08:39 PM net.sf.freecol.server.networking.Server sendToAll
INFO: Reap dead connection: [DummyConnection Server connection - model.nation.arawak]
May 08, 2018 7:08:39 PM net.sf.freecol.server.networking.Server sendToAll
INFO: Reap dead connection: [DummyConnection Server connection - model.nation.cherokee]
May 08, 2018 7:08:39 PM net.sf.freecol.server.networking.Server sendToAll
INFO: Reap dead connection: [DummyConnection Server connection - model.nation.tupi]
May 08, 2018 7:08:39 PM net.sf.freecol.server.networking.Server sendToAll
INFO: Reap dead connection: [DummyConnection Server connection - model.nation.english]
May 08, 2018 7:08:39 PM net.sf.freecol.server.networking.Server sendToAll
INFO: Reap dead connection: [DummyConnection Server connection - model.nation.aztec]
May 08, 2018 7:08:39 PM net.sf.freecol.server.networking.Server sendToAll
INFO: Reap dead connection: [DummyConnection Server connection - model.nation.spanish]
May 08, 2018 7:08:39 PM net.sf.freecol.server.networking.Server sendToAll
INFO: Reap dead connection: [DummyConnection Server connection - model.nation.french]
May 08, 2018 7:08:39 PM net.sf.freecol.server.networking.Server sendToAll
INFO: Reap dead connection: [DummyConnection Server connection - model.nation.apache]
May 08, 2018 7:08:39 PM net.sf.freecol.server.networking.Server sendToAll
INFO: Reap dead connection: [DummyConnection Server connection - model.nation.iroquois]
May 08, 2018 7:08:39 PM net.sf.freecol.server.networking.Server sendToAll
INFO: Reap dead connection: [DummyConnection Server connection - model.nation.dutch]
May 08, 2018 7:08:39 PM net.sf.freecol.server.networking.Server sendToAll
INFO: Reap dead connection: [DummyConnection Server connection - model.nation.sioux]
May 08, 2018 7:08:39 PM net.sf.freecol.server.networking.Server sendToAll
INFO: Reap dead connection: [DummyConnection Server connection - model.nation.inca]
May 08, 2018 7:08:39 PM net.sf.freecol.server.model.ServerPlayer csChangeStance
INFO: Stance modification William I UNCONTACTED -> PEACE wrt Segoyewatha
May 08, 2018 7:08:39 PM net.sf.freecol.server.model.ServerPlayer csChangeStance
INFO: Stance modification Segoyewatha UNCONTACTED -> PEACE wrt William I (symmetric)
May 08, 2018 7:08:39 PM net.sf.freecol.common.model.Specification applyDifficultyLevel
INFO: Applying difficulty level model.difficulty.medium
May 08, 2018 7:08:39 PM net.sf.freecol.common.FreeColSeed getFreeColSeed
INFO: Using seed: 2777427330582088417
May 08, 2018 7:08:39 PM net.sf.freecol.server.networking.Server sendToAll
INFO: Reap dead connection: [DummyConnection Server connection - model.nation.english]
May 08, 2018 7:08:39 PM net.sf.freecol.server.networking.Server sendToAll
INFO: Reap dead connection: [DummyConnection Server connection - model.nation.apache]
May 08, 2018 7:08:39 PM net.sf.freecol.server.networking.Server sendToAll
INFO: Reap dead connection: [DummyConnection Server connection - model.nation.iroquois]
May 08, 2018 7:08:39 PM net.sf.freecol.server.networking.Server sendToAll
INFO: Reap dead connection: [DummyConnection Server connection - model.nation.sioux]
May 08, 2018 7:08:39 PM net.sf.freecol.server.networking.Server sendToAll
INFO: Reap dead connection: [DummyConnection Server connection - model.nation.aztec]
May 08, 2018 7:08:39 PM net.sf.freecol.server.networking.Server sendToAll
INFO: Reap dead connection: [DummyConnection Server connection - model.nation.spanish]
May 08, 2018 7:08:39 PM net.sf.freecol.server.networking.Server sendToAll
INFO: Reap dead connection: [DummyConnection Server connection - model.nation.dutch]
May 08, 2018 7:08:39 PM net.sf.freecol.server.networking.Server sendToAll
INFO: Reap dead connection: [DummyConnection Server connection - model.nation.inca]
May 08, 2018 7:08:39 PM net.sf.freecol.server.networking.Server sendToAll
INFO: Reap dead connection: [DummyConnection Server connection - model.nation.tupi]
May 08, 2018 7:08:39 PM net.sf.freecol.server.networking.Server sendToAll
INFO: Reap dead connection: [DummyConnection Server connection - model.nation.french]
May 08, 2018 7:08:39 PM net.sf.freecol.server.networking.Server sendToAll
INFO: Reap dead connection: [DummyConnection Server connection - model.nation.arawak]
May 08, 2018 7:08:39 PM net.sf.freecol.server.networking.Server sendToAll
INFO: Reap dead connection: [DummyConnection Server connection - model.nation.cherokee]
May 08, 2018 7:08:39 PM net.sf.freecol.server.model.ServerPlayer csChangeStance
INFO: Stance modification William I UNCONTACTED -> PEACE wrt Segoyewatha
May 08, 2018 7:08:39 PM net.sf.freecol.server.model.ServerPlayer csChangeStance
INFO: Stance modification Segoyewatha UNCONTACTED -> PEACE wrt William I (symmetric)
May 08, 2018 7:08:39 PM net.sf.freecol.common.model.Specification applyDifficultyLevel
INFO: Applying difficulty level model.difficulty.medium
May 08, 2018 7:08:39 PM net.sf.freecol.common.FreeColSeed getFreeColSeed
INFO: Using seed: -6885021227599296405
May 08, 2018 7:08:39 PM net.sf.freecol.server.networking.Server sendToAll
INFO: Reap dead connection: [DummyConnection Server connection - model.nation.sioux]
May 08, 2018 7:08:39 PM net.sf.freecol.server.networking.Server sendToAll
INFO: Reap dead connection: [DummyConnection Server connection - model.nation.spanish]
May 08, 2018 7:08:39 PM net.sf.freecol.server.networking.Server sendToAll
INFO: Reap dead connection: [DummyConnection Server connection - model.nation.inca]
May 08, 2018 7:08:39 PM net.sf.freecol.server.networking.Server sendToAll
INFO: Reap dead connection: [DummyConnection Server connection - model.nation.apache]
May 08, 2018 7:08:39 PM net.sf.freecol.server.networking.Server sendToAll
INFO: Reap dead connection: [DummyConnection Server connection - model.nation.cherokee]
May 08, 2018 7:08:39 PM net.sf.freecol.server.networking.Server sendToAll
INFO: Reap dead connection: [DummyConnection Server connection - model.nation.tupi]
May 08, 2018 7:08:39 PM net.sf.freecol.server.networking.Server sendToAll
INFO: Reap dead connection: [DummyConnection Server connection - model.nation.dutch]
May 08, 2018 7:08:39 PM net.sf.freecol.server.networking.Server sendToAll
INFO: Reap dead connection: [DummyConnection Server connection - model.nation.iroquois]
May 08, 2018 7:08:39 PM net.sf.freecol.server.networking.Server sendToAll
INFO: Reap dead connection: [DummyConnection Server connection - model.nation.french]
May 08, 2018 7:08:39 PM net.sf.freecol.server.networking.Server sendToAll
INFO: Reap dead connection: [DummyConnection Server connection - model.nation.arawak]
May 08, 2018 7:08:39 PM net.sf.freecol.server.networking.Server sendToAll
INFO: Reap dead connection: [DummyConnection Server connection - model.nation.aztec]
May 08, 2018 7:08:39 PM net.sf.freecol.server.networking.Server sendToAll
INFO: Reap dead connection: [DummyConnection Server connection - model.nation.english]
May 08, 2018 7:08:39 PM net.sf.freecol.common.model.Specification applyDifficultyLevel
INFO: Applying difficulty level model.difficulty.medium
May 08, 2018 7:08:39 PM net.sf.freecol.common.model.Specification applyDifficultyLevel
INFO: Applying difficulty level model.difficulty.medium
May 08, 2018 7:08:39 PM net.sf.freecol.common.model.Specification applyDifficultyLevel
INFO: Applying difficulty level model.difficulty.medium
May 08, 2018 7:08:39 PM net.sf.freecol.common.FreeColSeed getFreeColSeed
INFO: Using seed: 2901899412838900721
May 08, 2018 7:08:39 PM net.sf.freecol.server.networking.Server sendToAll
INFO: Reap dead connection: [DummyConnection Server connection - model.nation.spanish]
May 08, 2018 7:08:39 PM net.sf.freecol.server.networking.Server sendToAll
INFO: Reap dead connection: [DummyConnection Server connection - model.nation.sioux]
May 08, 2018 7:08:39 PM net.sf.freecol.server.networking.Server sendToAll
INFO: Reap dead connection: [DummyConnection Server connection - model.nation.dutch]
May 08, 2018 7:08:39 PM net.sf.freecol.server.networking.Server sendToAll
INFO: Reap dead connection: [DummyConnection Server connection - model.nation.iroquois]
May 08, 2018 7:08:39 PM net.sf.freecol.server.networking.Server sendToAll
INFO: Reap dead connection: [DummyConnection Server connection - model.nation.french]
May 08, 2018 7:08:39 PM net.sf.freecol.server.networking.Server sendToAll
INFO: Reap dead connection: [DummyConnection Server connection - model.nation.inca]
May 08, 2018 7:08:39 PM net.sf.freecol.server.networking.Server sendToAll
INFO: Reap dead connection: [DummyConnection Server connection - model.nation.english]
May 08, 2018 7:08:39 PM net.sf.freecol.server.networking.Server sendToAll
INFO: Reap dead connection: [DummyConnection Server connection - model.nation.apache]
May 08, 2018 7:08:39 PM net.sf.freecol.server.networking.Server sendToAll
INFO: Reap dead connection: [DummyConnection Server connection - model.nation.cherokee]
May 08, 2018 7:08:39 PM net.sf.freecol.server.networking.Server sendToAll
INFO: Reap dead connection: [DummyConnection Server connection - model.nation.tupi]
May 08, 2018 7:08:39 PM net.sf.freecol.server.networking.Server sendToAll
INFO: Reap dead connection: [DummyConnection Server connection - model.nation.arawak]
May 08, 2018 7:08:39 PM net.sf.freecol.server.networking.Server sendToAll
INFO: Reap dead connection: [DummyConnection Server connection - model.nation.aztec]
May 08, 2018 7:08:39 PM net.sf.freecol.common.model.Specification applyDifficultyLevel
INFO: Applying difficulty level model.difficulty.medium
May 08, 2018 7:08:39 PM net.sf.freecol.common.FreeColSeed getFreeColSeed
INFO: Using seed: 7536900671363215499
May 08, 2018 7:08:40 PM net.sf.freecol.server.networking.Server sendToAll
INFO: Reap dead connection: [DummyConnection Server connection - model.nation.english]
May 08, 2018 7:08:40 PM net.sf.freecol.server.networking.Server sendToAll
INFO: Reap dead connection: [DummyConnection Server connection - model.nation.iroquois]
May 08, 2018 7:08:40 PM net.sf.freecol.server.networking.Server sendToAll
INFO: Reap dead connection: [DummyConnection Server connection - model.nation.tupi]
May 08, 2018 7:08:40 PM net.sf.freecol.server.networking.Server sendToAll
INFO: Reap dead connection: [DummyConnection Server connection - model.nation.arawak]
May 08, 2018 7:08:40 PM net.sf.freecol.server.networking.Server sendToAll
INFO: Reap dead connection: [DummyConnection Server connection - model.nation.apache]
May 08, 2018 7:08:40 PM net.sf.freecol.server.networking.Server sendToAll
INFO: Reap dead connection: [DummyConnection Server connection - model.nation.spanish]
May 08, 2018 7:08:40 PM net.sf.freecol.server.networking.Server sendToAll
INFO: Reap dead connection: [DummyConnection Server connection - model.nation.french]
May 08, 2018 7:08:40 PM net.sf.freecol.server.networking.Server sendToAll
INFO: Reap dead connection: [DummyConnection Server connection - model.nation.dutch]
May 08, 2018 7:08:40 PM net.sf.freecol.server.networking.Server sendToAll
INFO: Reap dead connection: [DummyConnection Server connection - model.nation.aztec]
May 08, 2018 7:08:40 PM net.sf.freecol.server.networking.Server sendToAll
INFO: Reap dead connection: [DummyConnection Server connection - model.nation.cherokee]
May 08, 2018 7:08:40 PM net.sf.freecol.server.networking.Server sendToAll
INFO: Reap dead connection: [DummyConnection Server connection - model.nation.sioux]
May 08, 2018 7:08:40 PM net.sf.freecol.server.networking.Server sendToAll
INFO: Reap dead connection: [DummyConnection Server connection - model.nation.inca]
May 08, 2018 7:08:40 PM net.sf.freecol.common.model.Specification applyDifficultyLevel
INFO: Applying difficulty level model.difficulty.medium
May 08, 2018 7:08:40 PM net.sf.freecol.common.FreeColSeed getFreeColSeed
INFO: Using seed: 2527659640283234857
May 08, 2018 7:08:40 PM net.sf.freecol.server.networking.Server sendToAll
INFO: Reap dead connection: [DummyConnection Server connection - model.nation.french]
May 08, 2018 7:08:40 PM net.sf.freecol.server.networking.Server sendToAll
INFO: Reap dead connection: [DummyConnection Server connection - model.nation.aztec]
May 08, 2018 7:08:40 PM net.sf.freecol.server.networking.Server sendToAll
INFO: Reap dead connection: [DummyConnection Server connection - model.nation.english]
May 08, 2018 7:08:40 PM net.sf.freecol.server.networking.Server sendToAll
INFO: Reap dead connection: [DummyConnection Server connection - model.nation.cherokee]
May 08, 2018 7:08:40 PM net.sf.freecol.server.networking.Server sendToAll
INFO: Reap dead connection: [DummyConnection Server connection - model.nation.dutch]
May 08, 2018 7:08:40 PM net.sf.freecol.server.networking.Server sendToAll
INFO: Reap dead connection: [DummyConnection Server connection - model.nation.iroquois]
May 08, 2018 7:08:40 PM net.sf.freecol.server.networking.Server sendToAll
INFO: Reap dead connection: [DummyConnection Server connection - model.nation.sioux]
May 08, 2018 7:08:40 PM net.sf.freecol.server.networking.Server sendToAll
INFO: Reap dead connection: [DummyConnection Server connection - model.nation.arawak]
May 08, 2018 7:08:40 PM net.sf.freecol.server.networking.Server sendToAll
INFO: Reap dead connection: [DummyConnection Server connection - model.nation.apache]
May 08, 2018 7:08:40 PM net.sf.freecol.server.networking.Server sendToAll
INFO: Reap dead connection: [DummyConnection Server connection - model.nation.spanish]
May 08, 2018 7:08:40 PM net.sf.freecol.server.networking.Server sendToAll
INFO: Reap dead connection: [DummyConnection Server connection - model.nation.tupi]
May 08, 2018 7:08:40 PM net.sf.freecol.server.networking.Server sendToAll
INFO: Reap dead connection: [DummyConnection Server connection - model.nation.inca]
May 08, 2018 7:08:40 PM net.sf.freecol.common.model.Specification applyDifficultyLevel
INFO: Applying difficulty level model.difficulty.medium
May 08, 2018 7:08:40 PM net.sf.freecol.common.FreeColSeed getFreeColSeed
INFO: Using seed: -7200490658353191562
May 08, 2018 7:08:40 PM net.sf.freecol.server.networking.Server sendToAll
INFO: Reap dead connection: [DummyConnection Server connection - model.nation.french]
May 08, 2018 7:08:40 PM net.sf.freecol.server.networking.Server sendToAll
INFO: Reap dead connection: [DummyConnection Server connection - model.nation.arawak]
May 08, 2018 7:08:40 PM net.sf.freecol.server.networking.Server sendToAll
INFO: Reap dead connection: [DummyConnection Server connection - model.nation.sioux]
May 08, 2018 7:08:40 PM net.sf.freecol.server.networking.Server sendToAll
INFO: Reap dead connection: [DummyConnection Server connection - model.nation.spanish]
May 08, 2018 7:08:40 PM net.sf.freecol.server.networking.Server sendToAll
INFO: Reap dead connection: [DummyConnection Server connection - model.nation.aztec]
May 08, 2018 7:08:40 PM net.sf.freecol.server.networking.Server sendToAll
INFO: Reap dead connection: [DummyConnection Server connection - model.nation.tupi]
May 08, 2018 7:08:40 PM net.sf.freecol.server.networking.Server sendToAll
INFO: Reap dead connection: [DummyConnection Server connection - model.nation.apache]
May 08, 2018 7:08:40 PM net.sf.freecol.server.networking.Server sendToAll
INFO: Reap dead connection: [DummyConnection Server connection - model.nation.inca]
May 08, 2018 7:08:40 PM net.sf.freecol.server.networking.Server sendToAll
INFO: Reap dead connection: [DummyConnection Server connection - model.nation.dutch]
May 08, 2018 7:08:40 PM net.sf.freecol.server.networking.Server sendToAll
INFO: Reap dead connection: [DummyConnection Server connection - model.nation.iroquois]
May 08, 2018 7:08:40 PM net.sf.freecol.server.networking.Server sendToAll
INFO: Reap dead connection: [DummyConnection Server connection - model.nation.cherokee]
May 08, 2018 7:08:40 PM net.sf.freecol.server.networking.Server sendToAll
INFO: Reap dead connection: [DummyConnection Server connection - model.nation.english]
May 08, 2018 7:08:40 PM net.sf.freecol.common.model.Specification applyDifficultyLevel
INFO: Applying difficulty level model.difficulty.medium
May 08, 2018 7:08:40 PM net.sf.freecol.common.FreeColSeed getFreeColSeed
INFO: Using seed: -2317816326761196159
May 08, 2018 7:08:40 PM net.sf.freecol.server.networking.Server sendToAll
INFO: Reap dead connection: [DummyConnection Server connection - model.nation.english]
May 08, 2018 7:08:40 PM net.sf.freecol.server.networking.Server sendToAll
INFO: Reap dead connection: [DummyConnection Server connection - model.nation.arawak]
May 08, 2018 7:08:40 PM net.sf.freecol.server.networking.Server sendToAll
INFO: Reap dead connection: [DummyConnection Server connection - model.nation.inca]
May 08, 2018 7:08:40 PM net.sf.freecol.server.networking.Server sendToAll
INFO: Reap dead connection: [DummyConnection Server connection - model.nation.sioux]
May 08, 2018 7:08:40 PM net.sf.freecol.server.networking.Server sendToAll
INFO: Reap dead connection: [DummyConnection Server connection - model.nation.dutch]
May 08, 2018 7:08:40 PM net.sf.freecol.server.networking.Server sendToAll
INFO: Reap dead connection: [DummyConnection Server connection - model.nation.french]
May 08, 2018 7:08:40 PM net.sf.freecol.server.networking.Server sendToAll
INFO: Reap dead connection: [DummyConnection Server connection - model.nation.iroquois]
May 08, 2018 7:08:40 PM net.sf.freecol.server.networking.Server sendToAll
INFO: Reap dead connection: [DummyConnection Server connection - model.nation.spanish]
May 08, 2018 7:08:40 PM net.sf.freecol.server.networking.Server sendToAll
INFO: Reap dead connection: [DummyConnection Server connection - model.nation.tupi]
May 08, 2018 7:08:40 PM net.sf.freecol.server.networking.Server sendToAll
INFO: Reap dead connection: [DummyConnection Server connection - model.nation.apache]
May 08, 2018 7:08:40 PM net.sf.freecol.server.networking.Server sendToAll
INFO: Reap dead connection: [DummyConnection Server connection - model.nation.aztec]
May 08, 2018 7:08:40 PM net.sf.freecol.server.networking.Server sendToAll
INFO: Reap dead connection: [DummyConnection Server connection - model.nation.cherokee]
May 08, 2018 7:08:40 PM net.sf.freecol.common.model.Specification applyDifficultyLevel
INFO: Applying difficulty level model.difficulty.medium
May 08, 2018 7:08:40 PM net.sf.freecol.common.FreeColSeed getFreeColSeed
INFO: Using seed: 6821891215280966562
May 08, 2018 7:08:40 PM net.sf.freecol.server.networking.Server sendToAll
INFO: Reap dead connection: [DummyConnection Server connection - model.nation.cherokee]
May 08, 2018 7:08:40 PM net.sf.freecol.server.networking.Server sendToAll
INFO: Reap dead connection: [DummyConnection Server connection - model.nation.sioux]
May 08, 2018 7:08:40 PM net.sf.freecol.server.networking.Server sendToAll
INFO: Reap dead connection: [DummyConnection Server connection - model.nation.iroquois]
May 08, 2018 7:08:40 PM net.sf.freecol.server.networking.Server sendToAll
INFO: Reap dead connection: [DummyConnection Server connection - model.nation.inca]
May 08, 2018 7:08:40 PM net.sf.freecol.server.networking.Server sendToAll
INFO: Reap dead connection: [DummyConnection Server connection - model.nation.tupi]
May 08, 2018 7:08:40 PM net.sf.freecol.server.networking.Server sendToAll
INFO: Reap dead connection: [DummyConnection Server connection - model.nation.spanish]
May 08, 2018 7:08:40 PM net.sf.freecol.server.networking.Server sendToAll
INFO: Reap dead connection: [DummyConnection Server connection - model.nation.french]
May 08, 2018 7:08:40 PM net.sf.freecol.server.networking.Server sendToAll
INFO: Reap dead connection: [DummyConnection Server connection - model.nation.aztec]
May 08, 2018 7:08:40 PM net.sf.freecol.server.networking.Server sendToAll
INFO: Reap dead connection: [DummyConnection Server connection - model.nation.dutch]
May 08, 2018 7:08:40 PM net.sf.freecol.server.networking.Server sendToAll
INFO: Reap dead connection: [DummyConnection Server connection - model.nation.english]
May 08, 2018 7:08:40 PM net.sf.freecol.server.networking.Server sendToAll
INFO: Reap dead connection: [DummyConnection Server connection - model.nation.apache]
May 08, 2018 7:08:40 PM net.sf.freecol.server.networking.Server sendToAll
INFO: Reap dead connection: [DummyConnection Server connection - model.nation.arawak]
May 08, 2018 7:08:40 PM net.sf.freecol.common.model.Specification applyDifficultyLevel
INFO: Applying difficulty level model.difficulty.medium
May 08, 2018 7:08:40 PM net.sf.freecol.common.FreeColSeed getFreeColSeed
INFO: Using seed: -8790726898267874329
May 08, 2018 7:08:40 PM net.sf.freecol.server.networking.Server sendToAll
INFO: Reap dead connection: [DummyConnection Server connection - model.nation.spanish]
May 08, 2018 7:08:40 PM net.sf.freecol.server.networking.Server sendToAll
INFO: Reap dead connection: [DummyConnection Server connection - model.nation.sioux]
May 08, 2018 7:08:40 PM net.sf.freecol.server.networking.Server sendToAll
INFO: Reap dead connection: [DummyConnection Server connection - model.nation.dutch]
May 08, 2018 7:08:40 PM net.sf.freecol.server.networking.Server sendToAll
INFO: Reap dead connection: [DummyConnection Server connection - model.nation.french]
May 08, 2018 7:08:40 PM net.sf.freecol.server.networking.Server sendToAll
INFO: Reap dead connection: [DummyConnection Server connection - model.nation.arawak]
May 08, 2018 7:08:40 PM net.sf.freecol.server.networking.Server sendToAll
INFO: Reap dead connection: [DummyConnection Server connection - model.nation.cherokee]
May 08, 2018 7:08:40 PM net.sf.freecol.server.networking.Server sendToAll
INFO: Reap dead connection: [DummyConnection Server connection - model.nation.tupi]
May 08, 2018 7:08:40 PM net.sf.freecol.server.networking.Server sendToAll
INFO: Reap dead connection: [DummyConnection Server connection - model.nation.aztec]
May 08, 2018 7:08:40 PM net.sf.freecol.server.networking.Server sendToAll
INFO: Reap dead connection: [DummyConnection Server connection - model.nation.inca]
May 08, 2018 7:08:40 PM net.sf.freecol.server.networking.Server sendToAll
INFO: Reap dead connection: [DummyConnection Server connection - model.nation.apache]
May 08, 2018 7:08:40 PM net.sf.freecol.server.networking.Server sendToAll
INFO: Reap dead connection: [DummyConnection Server connection - model.nation.iroquois]
May 08, 2018 7:08:40 PM net.sf.freecol.server.networking.Server sendToAll
INFO: Reap dead connection: [DummyConnection Server connection - model.nation.english]
May 08, 2018 7:08:40 PM net.sf.freecol.common.model.Specification applyDifficultyLevel
INFO: Applying difficulty level model.difficulty.medium
May 08, 2018 7:08:40 PM net.sf.freecol.common.FreeColSeed getFreeColSeed
INFO: Using seed: 6205396747442953406
May 08, 2018 7:08:40 PM net.sf.freecol.server.networking.Server sendToAll
INFO: Reap dead connection: [DummyConnection Server connection - model.nation.sioux]
May 08, 2018 7:08:40 PM net.sf.freecol.server.networking.Server sendToAll
INFO: Reap dead connection: [DummyConnection Server connection - model.nation.french]
May 08, 2018 7:08:40 PM net.sf.freecol.server.networking.Server sendToAll
INFO: Reap dead connection: [DummyConnection Server connection - model.nation.iroquois]
May 08, 2018 7:08:40 PM net.sf.freecol.server.networking.Server sendToAll
INFO: Reap dead connection: [DummyConnection Server connection - model.nation.cherokee]
May 08, 2018 7:08:40 PM net.sf.freecol.server.networking.Server sendToAll
INFO: Reap dead connection: [DummyConnection Server connection - model.nation.apache]
May 08, 2018 7:08:40 PM net.sf.freecol.server.networking.Server sendToAll
INFO: Reap dead connection: [DummyConnection Server connection - model.nation.aztec]
May 08, 2018 7:08:40 PM net.sf.freecol.server.networking.Server sendToAll
INFO: Reap dead connection: [DummyConnection Server connection - model.nation.inca]
May 08, 2018 7:08:40 PM net.sf.freecol.server.networking.Server sendToAll
INFO: Reap dead connection: [DummyConnection Server connection - model.nation.english]
May 08, 2018 7:08:40 PM net.sf.freecol.server.networking.Server sendToAll
INFO: Reap dead connection: [DummyConnection Server connection - model.nation.spanish]
May 08, 2018 7:08:40 PM net.sf.freecol.server.networking.Server sendToAll
INFO: Reap dead connection: [DummyConnection Server connection - model.nation.tupi]
May 08, 2018 7:08:40 PM net.sf.freecol.server.networking.Server sendToAll
INFO: Reap dead connection: [DummyConnection Server connection - model.nation.arawak]
May 08, 2018 7:08:40 PM net.sf.freecol.server.networking.Server sendToAll
INFO: Reap dead connection: [DummyConnection Server connection - model.nation.dutch]
May 08, 2018 7:08:40 PM net.sf.freecol.common.model.Specification applyDifficultyLevel
INFO: Applying difficulty level model.difficulty.medium
May 08, 2018 7:08:40 PM net.sf.freecol.common.FreeColSeed getFreeColSeed
INFO: Using seed: 1747740513010152754
May 08, 2018 7:08:40 PM net.sf.freecol.server.networking.Server sendToAll
INFO: Reap dead connection: [DummyConnection Server connection - model.nation.cherokee]
May 08, 2018 7:08:40 PM net.sf.freecol.server.networking.Server sendToAll
INFO: Reap dead connection: [DummyConnection Server connection - model.nation.inca]
May 08, 2018 7:08:40 PM net.sf.freecol.server.networking.Server sendToAll
INFO: Reap dead connection: [DummyConnection Server connection - model.nation.aztec]
May 08, 2018 7:08:40 PM net.sf.freecol.server.networking.Server sendToAll
INFO: Reap dead connection: [DummyConnection Server connection - model.nation.french]
May 08, 2018 7:08:40 PM net.sf.freecol.server.networking.Server sendToAll
INFO: Reap dead connection: [DummyConnection Server connection - model.nation.spanish]
May 08, 2018 7:08:40 PM net.sf.freecol.server.networking.Server sendToAll
INFO: Reap dead connection: [DummyConnection Server connection - model.nation.iroquois]
May 08, 2018 7:08:40 PM net.sf.freecol.server.networking.Server sendToAll
INFO: Reap dead connection: [DummyConnection Server connection - model.nation.tupi]
May 08, 2018 7:08:40 PM net.sf.freecol.server.networking.Server sendToAll
INFO: Reap dead connection: [DummyConnection Server connection - model.nation.sioux]
May 08, 2018 7:08:40 PM net.sf.freecol.server.networking.Server sendToAll
INFO: Reap dead connection: [DummyConnection Server connection - model.nation.dutch]
May 08, 2018 7:08:40 PM net.sf.freecol.server.networking.Server sendToAll
INFO: Reap dead connection: [DummyConnection Server connection - model.nation.english]
May 08, 2018 7:08:40 PM net.sf.freecol.server.networking.Server sendToAll
INFO: Reap dead connection: [DummyConnection Server connection - model.nation.apache]
May 08, 2018 7:08:40 PM net.sf.freecol.server.networking.Server sendToAll
INFO: Reap dead connection: [DummyConnection Server connection - model.nation.arawak]
May 08, 2018 7:08:40 PM net.sf.freecol.common.model.Specification applyDifficultyLevel
INFO: Applying difficulty level model.difficulty.medium
May 08, 2018 7:08:40 PM net.sf.freecol.common.FreeColSeed getFreeColSeed
INFO: Using seed: 7854022052717214562
May 08, 2018 7:08:40 PM net.sf.freecol.server.networking.Server sendToAll
INFO: Reap dead connection: [DummyConnection Server connection - model.nation.iroquois]
May 08, 2018 7:08:40 PM net.sf.freecol.server.networking.Server sendToAll
INFO: Reap dead connection: [DummyConnection Server connection - model.nation.tupi]
May 08, 2018 7:08:40 PM net.sf.freecol.server.networking.Server sendToAll
INFO: Reap dead connection: [DummyConnection Server connection - model.nation.spanish]
May 08, 2018 7:08:40 PM net.sf.freecol.server.networking.Server sendToAll
INFO: Reap dead connection: [DummyConnection Server connection - model.nation.dutch]
May 08, 2018 7:08:40 PM net.sf.freecol.server.networking.Server sendToAll
INFO: Reap dead connection: [DummyConnection Server connection - model.nation.french]
May 08, 2018 7:08:40 PM net.sf.freecol.server.networking.Server sendToAll
INFO: Reap dead connection: [DummyConnection Server connection - model.nation.arawak]
May 08, 2018 7:08:40 PM net.sf.freecol.server.networking.Server sendToAll
INFO: Reap dead connection: [DummyConnection Server connection - model.nation.sioux]
May 08, 2018 7:08:40 PM net.sf.freecol.server.networking.Server sendToAll
INFO: Reap dead connection: [DummyConnection Server connection - model.nation.inca]
May 08, 2018 7:08:40 PM net.sf.freecol.server.networking.Server sendToAll
INFO: Reap dead connection: [DummyConnection Server connection - model.nation.aztec]
May 08, 2018 7:08:40 PM net.sf.freecol.server.networking.Server sendToAll
INFO: Reap dead connection: [DummyConnection Server connection - model.nation.english]
May 08, 2018 7:08:40 PM net.sf.freecol.server.networking.Server sendToAll
INFO: Reap dead connection: [DummyConnection Server connection - model.nation.apache]
May 08, 2018 7:08:40 PM net.sf.freecol.server.networking.Server sendToAll
INFO: Reap dead connection: [DummyConnection Server connection - model.nation.cherokee]
May 08, 2018 7:08:40 PM net.sf.freecol.common.model.Specification applyDifficultyLevel
INFO: Applying difficulty level model.difficulty.medium
May 08, 2018 7:08:40 PM net.sf.freecol.common.FreeColSeed getFreeColSeed
INFO: Using seed: 5032451932169129743
May 08, 2018 7:08:40 PM net.sf.freecol.server.networking.Server sendToAll
INFO: Reap dead connection: [DummyConnection Server connection - model.nation.cherokee]
May 08, 2018 7:08:40 PM net.sf.freecol.server.networking.Server sendToAll
INFO: Reap dead connection: [DummyConnection Server connection - model.nation.apache]
May 08, 2018 7:08:40 PM net.sf.freecol.server.networking.Server sendToAll
INFO: Reap dead connection: [DummyConnection Server connection - model.nation.iroquois]
May 08, 2018 7:08:40 PM net.sf.freecol.server.networking.Server sendToAll
INFO: Reap dead connection: [DummyConnection Server connection - model.nation.dutch]
May 08, 2018 7:08:40 PM net.sf.freecol.server.networking.Server sendToAll
INFO: Reap dead connection: [DummyConnection Server connection - model.nation.aztec]
May 08, 2018 7:08:40 PM net.sf.freecol.server.networking.Server sendToAll
INFO: Reap dead connection: [DummyConnection Server connection - model.nation.arawak]
May 08, 2018 7:08:40 PM net.sf.freecol.server.networking.Server sendToAll
INFO: Reap dead connection: [DummyConnection Server connection - model.nation.english]
May 08, 2018 7:08:40 PM net.sf.freecol.server.networking.Server sendToAll
INFO: Reap dead connection: [DummyConnection Server connection - model.nation.sioux]
May 08, 2018 7:08:40 PM net.sf.freecol.server.networking.Server sendToAll
INFO: Reap dead connection: [DummyConnection Server connection - model.nation.french]
May 08, 2018 7:08:40 PM net.sf.freecol.server.networking.Server sendToAll
INFO: Reap dead connection: [DummyConnection Server connection - model.nation.inca]
May 08, 2018 7:08:40 PM net.sf.freecol.server.networking.Server sendToAll
INFO: Reap dead connection: [DummyConnection Server connection - model.nation.spanish]
May 08, 2018 7:08:40 PM net.sf.freecol.server.networking.Server sendToAll
INFO: Reap dead connection: [DummyConnection Server connection - model.nation.tupi]
May 08, 2018 7:08:40 PM net.sf.freecol.common.model.Specification applyDifficultyLevel
INFO: Applying difficulty level model.difficulty.medium
May 08, 2018 7:08:40 PM net.sf.freecol.common.FreeColSeed getFreeColSeed
INFO: Using seed: 7794133994079228248
May 08, 2018 7:08:40 PM net.sf.freecol.server.networking.Server sendToAll
INFO: Reap dead connection: [DummyConnection Server connection - model.nation.dutch]
May 08, 2018 7:08:40 PM net.sf.freecol.server.networking.Server sendToAll
INFO: Reap dead connection: [DummyConnection Server connection - model.nation.spanish]
May 08, 2018 7:08:40 PM net.sf.freecol.server.networking.Server sendToAll
INFO: Reap dead connection: [DummyConnection Server connection - model.nation.aztec]
May 08, 2018 7:08:40 PM net.sf.freecol.server.networking.Server sendToAll
INFO: Reap dead connection: [DummyConnection Server connection - model.nation.cherokee]
May 08, 2018 7:08:40 PM net.sf.freecol.server.networking.Server sendToAll
INFO: Reap dead connection: [DummyConnection Server connection - model.nation.inca]
May 08, 2018 7:08:40 PM net.sf.freecol.server.networking.Server sendToAll
INFO: Reap dead connection: [DummyConnection Server connection - model.nation.sioux]
May 08, 2018 7:08:40 PM net.sf.freecol.server.networking.Server sendToAll
INFO: Reap dead connection: [DummyConnection Server connection - model.nation.iroquois]
May 08, 2018 7:08:40 PM net.sf.freecol.server.networking.Server sendToAll
INFO: Reap dead connection: [DummyConnection Server connection - model.nation.tupi]
May 08, 2018 7:08:40 PM net.sf.freecol.server.networking.Server sendToAll
INFO: Reap dead connection: [DummyConnection Server connection - model.nation.arawak]
May 08, 2018 7:08:40 PM net.sf.freecol.server.networking.Server sendToAll
INFO: Reap dead connection: [DummyConnection Server connection - model.nation.english]
May 08, 2018 7:08:40 PM net.sf.freecol.server.networking.Server sendToAll
INFO: Reap dead connection: [DummyConnection Server connection - model.nation.apache]
May 08, 2018 7:08:40 PM net.sf.freecol.server.networking.Server sendToAll
INFO: Reap dead connection: [DummyConnection Server connection - model.nation.french]
May 08, 2018 7:08:40 PM net.sf.freecol.common.model.Specification applyDifficultyLevel
INFO: Applying difficulty level model.difficulty.medium
May 08, 2018 7:08:40 PM net.sf.freecol.common.FreeColSeed getFreeColSeed
INFO: Using seed: -8285766979534782685
May 08, 2018 7:08:40 PM net.sf.freecol.server.networking.Server sendToAll
INFO: Reap dead connection: [DummyConnection Server connection - model.nation.iroquois]
May 08, 2018 7:08:40 PM net.sf.freecol.server.networking.Server sendToAll
INFO: Reap dead connection: [DummyConnection Server connection - model.nation.tupi]
May 08, 2018 7:08:40 PM net.sf.freecol.server.networking.Server sendToAll
INFO: Reap dead connection: [DummyConnection Server connection - model.nation.aztec]
May 08, 2018 7:08:40 PM net.sf.freecol.server.networking.Server sendToAll
INFO: Reap dead connection: [DummyConnection Server connection - model.nation.cherokee]
May 08, 2018 7:08:40 PM net.sf.freecol.server.networking.Server sendToAll
INFO: Reap dead connection: [DummyConnection Server connection - model.nation.french]
May 08, 2018 7:08:40 PM net.sf.freecol.server.networking.Server sendToAll
INFO: Reap dead connection: [DummyConnection Server connection - model.nation.sioux]
May 08, 2018 7:08:40 PM net.sf.freecol.server.networking.Server sendToAll
INFO: Reap dead connection: [DummyConnection Server connection - model.nation.spanish]
May 08, 2018 7:08:40 PM net.sf.freecol.server.networking.Server sendToAll
INFO: Reap dead connection: [DummyConnection Server connection - model.nation.dutch]
May 08, 2018 7:08:40 PM net.sf.freecol.server.networking.Server sendToAll
INFO: Reap dead connection: [DummyConnection Server connection - model.nation.english]
May 08, 2018 7:08:40 PM net.sf.freecol.server.networking.Server sendToAll
INFO: Reap dead connection: [DummyConnection Server connection - model.nation.apache]
May 08, 2018 7:08:40 PM net.sf.freecol.server.networking.Server sendToAll
INFO: Reap dead connection: [DummyConnection Server connection - model.nation.arawak]
May 08, 2018 7:08:40 PM net.sf.freecol.server.networking.Server sendToAll
INFO: Reap dead connection: [DummyConnection Server connection - model.nation.inca]
May 08, 2018 7:08:40 PM net.sf.freecol.common.model.Specification applyDifficultyLevel
INFO: Applying difficulty level model.difficulty.medium
May 08, 2018 7:08:40 PM net.sf.freecol.common.FreeColSeed getFreeColSeed
INFO: Using seed: 528673362038407456
May 08, 2018 7:08:40 PM net.sf.freecol.server.networking.Server sendToAll
INFO: Reap dead connection: [DummyConnection Server connection - model.nation.french]
May 08, 2018 7:08:40 PM net.sf.freecol.server.networking.Server sendToAll
INFO: Reap dead connection: [DummyConnection Server connection - model.nation.apache]
May 08, 2018 7:08:40 PM net.sf.freecol.server.networking.Server sendToAll
INFO: Reap dead connection: [DummyConnection Server connection - model.nation.spanish]
May 08, 2018 7:08:40 PM net.sf.freecol.server.networking.Server sendToAll
INFO: Reap dead connection: [DummyConnection Server connection - model.nation.tupi]
May 08, 2018 7:08:40 PM net.sf.freecol.server.networking.Server sendToAll
INFO: Reap dead connection: [DummyConnection Server connection - model.nation.sioux]
May 08, 2018 7:08:40 PM net.sf.freecol.server.networking.Server sendToAll
INFO: Reap dead connection: [DummyConnection Server connection - model.nation.cherokee]
May 08, 2018 7:08:40 PM net.sf.freecol.server.networking.Server sendToAll
INFO: Reap dead connection: [DummyConnection Server connection - model.nation.inca]
May 08, 2018 7:08:40 PM net.sf.freecol.server.networking.Server sendToAll
INFO: Reap dead connection: [DummyConnection Server connection - model.nation.aztec]
May 08, 2018 7:08:40 PM net.sf.freecol.server.networking.Server sendToAll
INFO: Reap dead connection: [DummyConnection Server connection - model.nation.iroquois]
May 08, 2018 7:08:40 PM net.sf.freecol.server.networking.Server sendToAll
INFO: Reap dead connection: [DummyConnection Server connection - model.nation.dutch]
May 08, 2018 7:08:40 PM net.sf.freecol.server.networking.Server sendToAll
INFO: Reap dead connection: [DummyConnection Server connection - model.nation.arawak]
May 08, 2018 7:08:40 PM net.sf.freecol.server.networking.Server sendToAll
INFO: Reap dead connection: [DummyConnection Server connection - model.nation.english]
May 08, 2018 7:08:40 PM net.sf.freecol.common.model.Specification applyDifficultyLevel
INFO: Applying difficulty level model.difficulty.medium
May 08, 2018 7:08:40 PM net.sf.freecol.common.FreeColSeed getFreeColSeed
INFO: Using seed: -6164974912032943494
May 08, 2018 7:08:40 PM net.sf.freecol.server.networking.Server sendToAll
INFO: Reap dead connection: [DummyConnection Server connection - model.nation.tupi]
May 08, 2018 7:08:40 PM net.sf.freecol.server.networking.Server sendToAll
INFO: Reap dead connection: [DummyConnection Server connection - model.nation.apache]
May 08, 2018 7:08:40 PM net.sf.freecol.server.networking.Server sendToAll
INFO: Reap dead connection: [DummyConnection Server connection - model.nation.cherokee]
May 08, 2018 7:08:40 PM net.sf.freecol.server.networking.Server sendToAll
INFO: Reap dead connection: [DummyConnection Server connection - model.nation.arawak]
May 08, 2018 7:08:40 PM net.sf.freecol.server.networking.Server sendToAll
INFO: Reap dead connection: [DummyConnection Server connection - model.nation.spanish]
May 08, 2018 7:08:40 PM net.sf.freecol.server.networking.Server sendToAll
INFO: Reap dead connection: [DummyConnection Server connection - model.nation.iroquois]
May 08, 2018 7:08:40 PM net.sf.freecol.server.networking.Server sendToAll
INFO: Reap dead connection: [DummyConnection Server connection - model.nation.inca]
May 08, 2018 7:08:40 PM net.sf.freecol.server.networking.Server sendToAll
INFO: Reap dead connection: [DummyConnection Server connection - model.nation.sioux]
May 08, 2018 7:08:40 PM net.sf.freecol.server.networking.Server sendToAll
INFO: Reap dead connection: [DummyConnection Server connection - model.nation.dutch]
May 08, 2018 7:08:40 PM net.sf.freecol.server.networking.Server sendToAll
INFO: Reap dead connection: [DummyConnection Server connection - model.nation.aztec]
May 08, 2018 7:08:40 PM net.sf.freecol.server.networking.Server sendToAll
INFO: Reap dead connection: [DummyConnection Server connection - model.nation.french]
May 08, 2018 7:08:40 PM net.sf.freecol.server.networking.Server sendToAll
INFO: Reap dead connection: [DummyConnection Server connection - model.nation.english]
May 08, 2018 7:08:40 PM net.sf.freecol.common.model.Specification applyDifficultyLevel
INFO: Applying difficulty level model.difficulty.medium
May 08, 2018 7:08:40 PM net.sf.freecol.common.FreeColSeed getFreeColSeed
INFO: Using seed: 1281848040222857869
May 08, 2018 7:08:40 PM net.sf.freecol.server.networking.Server sendToAll
INFO: Reap dead connection: [DummyConnection Server connection - model.nation.iroquois]
May 08, 2018 7:08:40 PM net.sf.freecol.server.networking.Server sendToAll
INFO: Reap dead connection: [DummyConnection Server connection - model.nation.tupi]
May 08, 2018 7:08:40 PM net.sf.freecol.server.networking.Server sendToAll
INFO: Reap dead connection: [DummyConnection Server connection - model.nation.apache]
May 08, 2018 7:08:40 PM net.sf.freecol.server.networking.Server sendToAll
INFO: Reap dead connection: [DummyConnection Server connection - model.nation.dutch]
May 08, 2018 7:08:40 PM net.sf.freecol.server.networking.Server sendToAll
INFO: Reap dead connection: [DummyConnection Server connection - model.nation.english]
May 08, 2018 7:08:40 PM net.sf.freecol.server.networking.Server sendToAll
INFO: Reap dead connection: [DummyConnection Server connection - model.nation.inca]
May 08, 2018 7:08:40 PM net.sf.freecol.server.networking.Server sendToAll
INFO: Reap dead connection: [DummyConnection Server connection - model.nation.spanish]
May 08, 2018 7:08:40 PM net.sf.freecol.server.networking.Server sendToAll
INFO: Reap dead connection: [DummyConnection Server connection - model.nation.cherokee]
May 08, 2018 7:08:40 PM net.sf.freecol.server.networking.Server sendToAll
INFO: Reap dead connection: [DummyConnection Server connection - model.nation.sioux]
May 08, 2018 7:08:40 PM net.sf.freecol.server.networking.Server sendToAll
INFO: Reap dead connection: [DummyConnection Server connection - model.nation.arawak]
May 08, 2018 7:08:40 PM net.sf.freecol.server.networking.Server sendToAll
INFO: Reap dead connection: [DummyConnection Server connection - model.nation.aztec]
May 08, 2018 7:08:40 PM net.sf.freecol.server.networking.Server sendToAll
INFO: Reap dead connection: [DummyConnection Server connection - model.nation.french]
May 08, 2018 7:08:40 PM net.sf.freecol.common.model.Specification applyDifficultyLevel
INFO: Applying difficulty level model.difficulty.medium
May 08, 2018 7:08:40 PM net.sf.freecol.common.FreeColSeed getFreeColSeed
INFO: Using seed: -2028407738714888118
May 08, 2018 7:08:40 PM net.sf.freecol.server.networking.Server sendToAll
INFO: Reap dead connection: [DummyConnection Server connection - model.nation.tupi]
May 08, 2018 7:08:40 PM net.sf.freecol.server.networking.Server sendToAll
INFO: Reap dead connection: [DummyConnection Server connection - model.nation.aztec]
May 08, 2018 7:08:40 PM net.sf.freecol.server.networking.Server sendToAll
INFO: Reap dead connection: [DummyConnection Server connection - model.nation.spanish]
May 08, 2018 7:08:40 PM net.sf.freecol.server.networking.Server sendToAll
INFO: Reap dead connection: [DummyConnection Server connection - model.nation.cherokee]
May 08, 2018 7:08:40 PM net.sf.freecol.server.networking.Server sendToAll
INFO: Reap dead connection: [DummyConnection Server connection - model.nation.iroquois]
May 08, 2018 7:08:40 PM net.sf.freecol.server.networking.Server sendToAll
INFO: Reap dead connection: [DummyConnection Server connection - model.nation.dutch]
May 08, 2018 7:08:40 PM net.sf.freecol.server.networking.Server sendToAll
INFO: Reap dead connection: [DummyConnection Server connection - model.nation.french]
May 08, 2018 7:08:40 PM net.sf.freecol.server.networking.Server sendToAll
INFO: Reap dead connection: [DummyConnection Server connection - model.nation.inca]
May 08, 2018 7:08:40 PM net.sf.freecol.server.networking.Server sendToAll
INFO: Reap dead connection: [DummyConnection Server connection - model.nation.arawak]
May 08, 2018 7:08:40 PM net.sf.freecol.server.networking.Server sendToAll
INFO: Reap dead connection: [DummyConnection Server connection - model.nation.sioux]
May 08, 2018 7:08:40 PM net.sf.freecol.server.networking.Server sendToAll
INFO: Reap dead connection: [DummyConnection Server connection - model.nation.english]
May 08, 2018 7:08:40 PM net.sf.freecol.server.networking.Server sendToAll
INFO: Reap dead connection: [DummyConnection Server connection - model.nation.apache]
May 08, 2018 7:08:40 PM net.sf.freecol.common.model.Specification applyDifficultyLevel
INFO: Applying difficulty level model.difficulty.medium
May 08, 2018 7:08:40 PM net.sf.freecol.common.FreeColSeed getFreeColSeed
INFO: Using seed: 5184362110593739850
May 08, 2018 7:08:40 PM net.sf.freecol.server.networking.Server sendToAll
INFO: Reap dead connection: [DummyConnection Server connection - model.nation.dutch]
May 08, 2018 7:08:40 PM net.sf.freecol.server.networking.Server sendToAll
INFO: Reap dead connection: [DummyConnection Server connection - model.nation.iroquois]
May 08, 2018 7:08:40 PM net.sf.freecol.server.networking.Server sendToAll
INFO: Reap dead connection: [DummyConnection Server connection - model.nation.arawak]
May 08, 2018 7:08:40 PM net.sf.freecol.server.networking.Server sendToAll
INFO: Reap dead connection: [DummyConnection Server connection - model.nation.apache]
May 08, 2018 7:08:40 PM net.sf.freecol.server.networking.Server sendToAll
INFO: Reap dead connection: [DummyConnection Server connection - model.nation.inca]
May 08, 2018 7:08:40 PM net.sf.freecol.server.networking.Server sendToAll
INFO: Reap dead connection: [DummyConnection Server connection - model.nation.tupi]
May 08, 2018 7:08:40 PM net.sf.freecol.server.networking.Server sendToAll
INFO: Reap dead connection: [DummyConnection Server connection - model.nation.french]
May 08, 2018 7:08:40 PM net.sf.freecol.server.networking.Server sendToAll
INFO: Reap dead connection: [DummyConnection Server connection - model.nation.english]
May 08, 2018 7:08:40 PM net.sf.freecol.server.networking.Server sendToAll
INFO: Reap dead connection: [DummyConnection Server connection - model.nation.aztec]
May 08, 2018 7:08:40 PM net.sf.freecol.server.networking.Server sendToAll
INFO: Reap dead connection: [DummyConnection Server connection - model.nation.spanish]
May 08, 2018 7:08:40 PM net.sf.freecol.server.networking.Server sendToAll
INFO: Reap dead connection: [DummyConnection Server connection - model.nation.cherokee]
May 08, 2018 7:08:40 PM net.sf.freecol.server.networking.Server sendToAll
INFO: Reap dead connection: [DummyConnection Server connection - model.nation.sioux]
May 08, 2018 7:08:40 PM net.sf.freecol.common.networking.DOMMessage clientError
WARNING: Received message: move out of turn from player: model.nation.dutch
May 08, 2018 7:08:40 PM net.sf.freecol.server.ai.AIMessage checkError
WARNING: AIMessage.move error, messageId: server.reject message: Received message: move out of turn from player: model.nation.dutch
May 08, 2018 7:08:40 PM net.sf.freecol.common.model.Specification applyDifficultyLevel
INFO: Applying difficulty level model.difficulty.medium
May 08, 2018 7:08:40 PM net.sf.freecol.common.FreeColSeed getFreeColSeed
INFO: Using seed: 4242803753008394662
May 08, 2018 7:08:40 PM net.sf.freecol.server.networking.Server sendToAll
INFO: Reap dead connection: [DummyConnection Server connection - model.nation.iroquois]
May 08, 2018 7:08:40 PM net.sf.freecol.server.networking.Server sendToAll
INFO: Reap dead connection: [DummyConnection Server connection - model.nation.tupi]
May 08, 2018 7:08:40 PM net.sf.freecol.server.networking.Server sendToAll
INFO: Reap dead connection: [DummyConnection Server connection - model.nation.sioux]
May 08, 2018 7:08:40 PM net.sf.freecol.server.networking.Server sendToAll
INFO: Reap dead connection: [DummyConnection Server connection - model.nation.apache]
May 08, 2018 7:08:40 PM net.sf.freecol.server.networking.Server sendToAll
INFO: Reap dead connection: [DummyConnection Server connection - model.nation.english]
May 08, 2018 7:08:40 PM net.sf.freecol.server.networking.Server sendToAll
INFO: Reap dead connection: [DummyConnection Server connection - model.nation.aztec]
May 08, 2018 7:08:40 PM net.sf.freecol.server.networking.Server sendToAll
INFO: Reap dead connection: [DummyConnection Server connection - model.nation.dutch]
May 08, 2018 7:08:40 PM net.sf.freecol.server.networking.Server sendToAll
INFO: Reap dead connection: [DummyConnection Server connection - model.nation.cherokee]
May 08, 2018 7:08:40 PM net.sf.freecol.server.networking.Server sendToAll
INFO: Reap dead connection: [DummyConnection Server connection - model.nation.french]
May 08, 2018 7:08:40 PM net.sf.freecol.server.networking.Server sendToAll
INFO: Reap dead connection: [DummyConnection Server connection - model.nation.inca]
May 08, 2018 7:08:40 PM net.sf.freecol.server.networking.Server sendToAll
INFO: Reap dead connection: [DummyConnection Server connection - model.nation.arawak]
May 08, 2018 7:08:40 PM net.sf.freecol.server.networking.Server sendToAll
INFO: Reap dead connection: [DummyConnection Server connection - model.nation.spanish]
May 08, 2018 7:08:40 PM net.sf.freecol.common.networking.DOMMessage clientError
WARNING: Received message: move out of turn from player: model.nation.dutch
May 08, 2018 7:08:40 PM net.sf.freecol.server.ai.AIMessage checkError
WARNING: AIMessage.move error, messageId: server.reject message: Received message: move out of turn from player: model.nation.dutch
May 08, 2018 7:08:40 PM net.sf.freecol.common.model.Specification applyDifficultyLevel
INFO: Applying difficulty level model.difficulty.medium
May 08, 2018 7:08:40 PM net.sf.freecol.common.FreeColSeed getFreeColSeed
INFO: Using seed: 9144727750972016065
May 08, 2018 7:08:40 PM net.sf.freecol.server.networking.Server sendToAll
INFO: Reap dead connection: [DummyConnection Server connection - model.nation.cherokee]
May 08, 2018 7:08:40 PM net.sf.freecol.server.networking.Server sendToAll
INFO: Reap dead connection: [DummyConnection Server connection - model.nation.spanish]
May 08, 2018 7:08:40 PM net.sf.freecol.server.networking.Server sendToAll
INFO: Reap dead connection: [DummyConnection Server connection - model.nation.inca]
May 08, 2018 7:08:40 PM net.sf.freecol.server.networking.Server sendToAll
INFO: Reap dead connection: [DummyConnection Server connection - model.nation.iroquois]
May 08, 2018 7:08:40 PM net.sf.freecol.server.networking.Server sendToAll
INFO: Reap dead connection: [DummyConnection Server connection - model.nation.tupi]
May 08, 2018 7:08:40 PM net.sf.freecol.server.networking.Server sendToAll
INFO: Reap dead connection: [DummyConnection Server connection - model.nation.french]
May 08, 2018 7:08:40 PM net.sf.freecol.server.networking.Server sendToAll
INFO: Reap dead connection: [DummyConnection Server connection - model.nation.aztec]
May 08, 2018 7:08:40 PM net.sf.freecol.server.networking.Server sendToAll
INFO: Reap dead connection: [DummyConnection Server connection - model.nation.english]
May 08, 2018 7:08:40 PM net.sf.freecol.server.networking.Server sendToAll
INFO: Reap dead connection: [DummyConnection Server connection - model.nation.sioux]
May 08, 2018 7:08:40 PM net.sf.freecol.server.networking.Server sendToAll
INFO: Reap dead connection: [DummyConnection Server connection - model.nation.apache]
May 08, 2018 7:08:40 PM net.sf.freecol.server.networking.Server sendToAll
INFO: Reap dead connection: [DummyConnection Server connection - model.nation.dutch]
May 08, 2018 7:08:40 PM net.sf.freecol.server.networking.Server sendToAll
INFO: Reap dead connection: [DummyConnection Server connection - model.nation.arawak]
May 08, 2018 7:08:40 PM net.sf.freecol.common.networking.DOMMessage clientError
WARNING: Received message: move out of turn from player: model.nation.dutch
May 08, 2018 7:08:40 PM net.sf.freecol.server.ai.AIMessage checkError
WARNING: AIMessage.move error, messageId: server.reject message: Received message: move out of turn from player: model.nation.dutch
May 08, 2018 7:08:40 PM net.sf.freecol.common.model.Specification applyDifficultyLevel
INFO: Applying difficulty level model.difficulty.medium
May 08, 2018 7:08:40 PM net.sf.freecol.common.FreeColSeed getFreeColSeed
INFO: Using seed: -4198927160426216055
May 08, 2018 7:08:40 PM net.sf.freecol.server.networking.Server sendToAll
INFO: Reap dead connection: [DummyConnection Server connection - model.nation.iroquois]
May 08, 2018 7:08:40 PM net.sf.freecol.server.networking.Server sendToAll
INFO: Reap dead connection: [DummyConnection Server connection - model.nation.sioux]
May 08, 2018 7:08:40 PM net.sf.freecol.server.networking.Server sendToAll
INFO: Reap dead connection: [DummyConnection Server connection - model.nation.apache]
May 08, 2018 7:08:40 PM net.sf.freecol.server.networking.Server sendToAll
INFO: Reap dead connection: [DummyConnection Server connection - model.nation.spanish]
May 08, 2018 7:08:40 PM net.sf.freecol.server.networking.Server sendToAll
INFO: Reap dead connection: [DummyConnection Server connection - model.nation.tupi]
May 08, 2018 7:08:40 PM net.sf.freecol.server.networking.Server sendToAll
INFO: Reap dead connection: [DummyConnection Server connection - model.nation.french]
May 08, 2018 7:08:40 PM net.sf.freecol.server.networking.Server sendToAll
INFO: Reap dead connection: [DummyConnection Server connection - model.nation.aztec]
May 08, 2018 7:08:40 PM net.sf.freecol.server.networking.Server sendToAll
INFO: Reap dead connection: [DummyConnection Server connection - model.nation.arawak]
May 08, 2018 7:08:40 PM net.sf.freecol.server.networking.Server sendToAll
INFO: Reap dead connection: [DummyConnection Server connection - model.nation.cherokee]
May 08, 2018 7:08:40 PM net.sf.freecol.server.networking.Server sendToAll
INFO: Reap dead connection: [DummyConnection Server connection - model.nation.inca]
May 08, 2018 7:08:40 PM net.sf.freecol.server.networking.Server sendToAll
INFO: Reap dead connection: [DummyConnection Server connection - model.nation.dutch]
May 08, 2018 7:08:40 PM net.sf.freecol.server.networking.Server sendToAll
INFO: Reap dead connection: [DummyConnection Server connection - model.nation.english]
May 08, 2018 7:08:40 PM net.sf.freecol.common.util.LogBuilder log
INFO: Combat attacker=unit:250-privateer [Modifier model.modifier.offence (model.source.baseOffence) ADDITIVE 8.0 index=10] [Modifier model.modifier.attackBonus (model.source.attackBonus) PERCENTAGE 50.0 index=50] = 12.0 defender=unit:247-galleon [Modifier model.modifier.defence (model.source.baseDefence) ADDITIVE 10.0 index=10] = 10.0 odds=0.5454545454545454 random(1.0)=0.5254545211791992 great=false Attack WIN DAMAGE_SHIP_ATTACK
May 08, 2018 7:08:40 PM net.sf.freecol.common.util.LogBuilder log
INFO: Destroying: unit:249
May 08, 2018 7:08:40 PM net.sf.freecol.common.model.Specification applyDifficultyLevel
INFO: Applying difficulty level model.difficulty.medium
May 08, 2018 7:08:40 PM net.sf.freecol.common.FreeColSeed getFreeColSeed
INFO: Using seed: 6744365611530988392
May 08, 2018 7:08:40 PM net.sf.freecol.server.networking.Server sendToAll
INFO: Reap dead connection: [DummyConnection Server connection - model.nation.sioux]
May 08, 2018 7:08:40 PM net.sf.freecol.server.networking.Server sendToAll
INFO: Reap dead connection: [DummyConnection Server connection - model.nation.apache]
May 08, 2018 7:08:40 PM net.sf.freecol.server.networking.Server sendToAll
INFO: Reap dead connection: [DummyConnection Server connection - model.nation.dutch]
May 08, 2018 7:08:40 PM net.sf.freecol.server.networking.Server sendToAll
INFO: Reap dead connection: [DummyConnection Server connection - model.nation.aztec]
May 08, 2018 7:08:40 PM net.sf.freecol.server.networking.Server sendToAll
INFO: Reap dead connection: [DummyConnection Server connection - model.nation.tupi]
May 08, 2018 7:08:40 PM net.sf.freecol.server.networking.Server sendToAll
INFO: Reap dead connection: [DummyConnection Server connection - model.nation.iroquois]
May 08, 2018 7:08:40 PM net.sf.freecol.server.networking.Server sendToAll
INFO: Reap dead connection: [DummyConnection Server connection - model.nation.english]
May 08, 2018 7:08:40 PM net.sf.freecol.server.networking.Server sendToAll
INFO: Reap dead connection: [DummyConnection Server connection - model.nation.inca]
May 08, 2018 7:08:40 PM net.sf.freecol.server.networking.Server sendToAll
INFO: Reap dead connection: [DummyConnection Server connection - model.nation.arawak]
May 08, 2018 7:08:40 PM net.sf.freecol.server.networking.Server sendToAll
INFO: Reap dead connection: [DummyConnection Server connection - model.nation.french]
May 08, 2018 7:08:40 PM net.sf.freecol.server.networking.Server sendToAll
INFO: Reap dead connection: [DummyConnection Server connection - model.nation.spanish]
May 08, 2018 7:08:40 PM net.sf.freecol.server.networking.Server sendToAll
INFO: Reap dead connection: [DummyConnection Server connection - model.nation.cherokee]
May 08, 2018 7:08:40 PM net.sf.freecol.common.model.Specification applyDifficultyLevel
INFO: Applying difficulty level model.difficulty.medium
May 08, 2018 7:08:40 PM net.sf.freecol.common.FreeColSeed getFreeColSeed
INFO: Using seed: -7171115465683473488
May 08, 2018 7:08:40 PM net.sf.freecol.server.networking.Server sendToAll
INFO: Reap dead connection: [DummyConnection Server connection - model.nation.dutch]
May 08, 2018 7:08:40 PM net.sf.freecol.server.networking.Server sendToAll
INFO: Reap dead connection: [DummyConnection Server connection - model.nation.sioux]
May 08, 2018 7:08:40 PM net.sf.freecol.server.networking.Server sendToAll
INFO: Reap dead connection: [DummyConnection Server connection - model.nation.inca]
May 08, 2018 7:08:40 PM net.sf.freecol.server.networking.Server sendToAll
INFO: Reap dead connection: [DummyConnection Server connection - model.nation.cherokee]
May 08, 2018 7:08:40 PM net.sf.freecol.server.networking.Server sendToAll
INFO: Reap dead connection: [DummyConnection Server connection - model.nation.iroquois]
May 08, 2018 7:08:40 PM net.sf.freecol.server.networking.Server sendToAll
INFO: Reap dead connection: [DummyConnection Server connection - model.nation.apache]
May 08, 2018 7:08:40 PM net.sf.freecol.server.networking.Server sendToAll
INFO: Reap dead connection: [DummyConnection Server connection - model.nation.french]
May 08, 2018 7:08:40 PM net.sf.freecol.server.networking.Server sendToAll
INFO: Reap dead connection: [DummyConnection Server connection - model.nation.tupi]
May 08, 2018 7:08:40 PM net.sf.freecol.server.networking.Server sendToAll
INFO: Reap dead connection: [DummyConnection Server connection - model.nation.arawak]
May 08, 2018 7:08:40 PM net.sf.freecol.server.networking.Server sendToAll
INFO: Reap dead connection: [DummyConnection Server connection - model.nation.spanish]
May 08, 2018 7:08:40 PM net.sf.freecol.server.networking.Server sendToAll
INFO: Reap dead connection: [DummyConnection Server connection - model.nation.aztec]
May 08, 2018 7:08:40 PM net.sf.freecol.server.networking.Server sendToAll
INFO: Reap dead connection: [DummyConnection Server connection - model.nation.english]
May 08, 2018 7:08:40 PM net.sf.freecol.common.model.Specification applyDifficultyLevel
INFO: Applying difficulty level model.difficulty.medium
May 08, 2018 7:08:40 PM net.sf.freecol.common.FreeColSeed getFreeColSeed
INFO: Using seed: 7436705809206109658
May 08, 2018 7:08:40 PM net.sf.freecol.server.networking.Server sendToAll
INFO: Reap dead connection: [DummyConnection Server connection - model.nation.dutch]
May 08, 2018 7:08:40 PM net.sf.freecol.server.networking.Server sendToAll
INFO: Reap dead connection: [DummyConnection Server connection - model.nation.apache]
May 08, 2018 7:08:40 PM net.sf.freecol.server.networking.Server sendToAll
INFO: Reap dead connection: [DummyConnection Server connection - model.nation.french]
May 08, 2018 7:08:40 PM net.sf.freecol.server.networking.Server sendToAll
INFO: Reap dead connection: [DummyConnection Server connection - model.nation.iroquois]
May 08, 2018 7:08:40 PM net.sf.freecol.server.networking.Server sendToAll
INFO: Reap dead connection: [DummyConnection Server connection - model.nation.tupi]
May 08, 2018 7:08:40 PM net.sf.freecol.server.networking.Server sendToAll
INFO: Reap dead connection: [DummyConnection Server connection - model.nation.sioux]
May 08, 2018 7:08:40 PM net.sf.freecol.server.networking.Server sendToAll
INFO: Reap dead connection: [DummyConnection Server connection - model.nation.spanish]
May 08, 2018 7:08:40 PM net.sf.freecol.server.networking.Server sendToAll
INFO: Reap dead connection: [DummyConnection Server connection - model.nation.arawak]
May 08, 2018 7:08:40 PM net.sf.freecol.server.networking.Server sendToAll
INFO: Reap dead connection: [DummyConnection Server connection - model.nation.inca]
May 08, 2018 7:08:40 PM net.sf.freecol.server.networking.Server sendToAll
INFO: Reap dead connection: [DummyConnection Server connection - model.nation.aztec]
May 08, 2018 7:08:40 PM net.sf.freecol.server.networking.Server sendToAll
INFO: Reap dead connection: [DummyConnection Server connection - model.nation.english]
May 08, 2018 7:08:40 PM net.sf.freecol.server.networking.Server sendToAll
INFO: Reap dead connection: [DummyConnection Server connection - model.nation.cherokee]
May 08, 2018 7:08:40 PM net.sf.freecol.server.model.ServerPlayer csChangeStance
INFO: Stance modification William I PEACE -> WAR wrt Atahualpa
May 08, 2018 7:08:40 PM net.sf.freecol.server.model.ServerPlayer csChangeStance
INFO: Stance modification Atahualpa PEACE -> WAR wrt William I (symmetric)
May 08, 2018 7:08:40 PM net.sf.freecol.common.model.Specification applyDifficultyLevel
INFO: Applying difficulty level model.difficulty.medium
May 08, 2018 7:08:40 PM net.sf.freecol.common.FreeColSeed getFreeColSeed
INFO: Using seed: -4978202164995941927
May 08, 2018 7:08:40 PM net.sf.freecol.server.networking.Server sendToAll
INFO: Reap dead connection: [DummyConnection Server connection - model.nation.inca]
May 08, 2018 7:08:40 PM net.sf.freecol.server.networking.Server sendToAll
INFO: Reap dead connection: [DummyConnection Server connection - model.nation.english]
May 08, 2018 7:08:40 PM net.sf.freecol.server.networking.Server sendToAll
INFO: Reap dead connection: [DummyConnection Server connection - model.nation.spanish]
May 08, 2018 7:08:40 PM net.sf.freecol.server.networking.Server sendToAll
INFO: Reap dead connection: [DummyConnection Server connection - model.nation.tupi]
May 08, 2018 7:08:40 PM net.sf.freecol.server.networking.Server sendToAll
INFO: Reap dead connection: [DummyConnection Server connection - model.nation.french]
May 08, 2018 7:08:40 PM net.sf.freecol.server.networking.Server sendToAll
INFO: Reap dead connection: [DummyConnection Server connection - model.nation.arawak]
May 08, 2018 7:08:40 PM net.sf.freecol.server.networking.Server sendToAll
INFO: Reap dead connection: [DummyConnection Server connection - model.nation.dutch]
May 08, 2018 7:08:40 PM net.sf.freecol.server.networking.Server sendToAll
INFO: Reap dead connection: [DummyConnection Server connection - model.nation.cherokee]
May 08, 2018 7:08:40 PM net.sf.freecol.server.networking.Server sendToAll
INFO: Reap dead connection: [DummyConnection Server connection - model.nation.aztec]
May 08, 2018 7:08:40 PM net.sf.freecol.server.networking.Server sendToAll
INFO: Reap dead connection: [DummyConnection Server connection - model.nation.iroquois]
May 08, 2018 7:08:40 PM net.sf.freecol.server.networking.Server sendToAll
INFO: Reap dead connection: [DummyConnection Server connection - model.nation.apache]
May 08, 2018 7:08:40 PM net.sf.freecol.server.networking.Server sendToAll
INFO: Reap dead connection: [DummyConnection Server connection - model.nation.sioux]
May 08, 2018 7:08:40 PM net.sf.freecol.server.model.ServerPlayer csChangeStance
INFO: Stance modification William I UNCONTACTED -> WAR wrt Louis XIV
May 08, 2018 7:08:40 PM net.sf.freecol.server.model.ServerPlayer csChangeStance
INFO: Stance modification Louis XIV UNCONTACTED -> WAR wrt William I (symmetric)
May 08, 2018 7:08:40 PM net.sf.freecol.common.util.LogBuilder log
INFO: Combat attacker=unit:247-artillery [Modifier model.modifier.offence (model.source.baseOffence) ADDITIVE 7.0 index=10] [Modifier model.modifier.artilleryInTheOpen (model.source.artilleryInTheOpen) PERCENTAGE -75.0 index=50] [Modifier model.modifier.attackBonus (model.source.attackBonus) PERCENTAGE 50.0 index=50] = 2.625 defender=unit:248-freeColonist-soldier [Modifier model.modifier.defence (model.source.baseDefence) ADDITIVE 1.0 index=10] [Modifier model.modifier.defence (model.role.soldier) ADDITIVE 1.0 index=30] = 2.0 odds=0.5675675675675675 random(1.0)=0.5875675678253174 great=false Attack LOSE DEMOTE_UNIT
May 08, 2018 7:08:40 PM net.sf.freecol.common.util.LogBuilder log
INFO: Combat attacker=unit:247-damagedArtillery [Modifier model.modifier.offence (model.source.baseOffence) ADDITIVE 5.0 index=10] [Modifier model.modifier.artilleryInTheOpen (model.source.artilleryInTheOpen) PERCENTAGE -75.0 index=50] [Modifier model.modifier.attackBonus (model.source.attackBonus) PERCENTAGE 50.0 index=50] = 1.875 defender=unit:248-freeColonist-soldier [Modifier model.modifier.defence (model.source.baseDefence) ADDITIVE 1.0 index=10] [Modifier model.modifier.defence (model.role.soldier) ADDITIVE 1.0 index=30] = 2.0 odds=0.4838709677419355 random(1.0)=0.503870964050293 great=false Attack LOSE SLAUGHTER_UNIT
May 08, 2018 7:08:40 PM net.sf.freecol.common.util.LogBuilder log
INFO: Destroying: unit:247
May 08, 2018 7:08:40 PM net.sf.freecol.common.model.Specification applyDifficultyLevel
INFO: Applying difficulty level model.difficulty.medium
May 08, 2018 7:08:40 PM net.sf.freecol.common.FreeColSeed getFreeColSeed
INFO: Using seed: 4279849511520775571
May 08, 2018 7:08:40 PM net.sf.freecol.server.networking.Server sendToAll
INFO: Reap dead connection: [DummyConnection Server connection - model.nation.apache]
May 08, 2018 7:08:40 PM net.sf.freecol.server.networking.Server sendToAll
INFO: Reap dead connection: [DummyConnection Server connection - model.nation.tupi]
May 08, 2018 7:08:40 PM net.sf.freecol.server.networking.Server sendToAll
INFO: Reap dead connection: [DummyConnection Server connection - model.nation.aztec]
May 08, 2018 7:08:40 PM net.sf.freecol.server.networking.Server sendToAll
INFO: Reap dead connection: [DummyConnection Server connection - model.nation.iroquois]
May 08, 2018 7:08:40 PM net.sf.freecol.server.networking.Server sendToAll
INFO: Reap dead connection: [DummyConnection Server connection - model.nation.dutch]
May 08, 2018 7:08:40 PM net.sf.freecol.server.networking.Server sendToAll
INFO: Reap dead connection: [DummyConnection Server connection - model.nation.inca]
May 08, 2018 7:08:40 PM net.sf.freecol.server.networking.Server sendToAll
INFO: Reap dead connection: [DummyConnection Server connection - model.nation.arawak]
May 08, 2018 7:08:40 PM net.sf.freecol.server.networking.Server sendToAll
INFO: Reap dead connection: [DummyConnection Server connection - model.nation.english]
May 08, 2018 7:08:40 PM net.sf.freecol.server.networking.Server sendToAll
INFO: Reap dead connection: [DummyConnection Server connection - model.nation.sioux]
May 08, 2018 7:08:40 PM net.sf.freecol.server.networking.Server sendToAll
INFO: Reap dead connection: [DummyConnection Server connection - model.nation.french]
May 08, 2018 7:08:40 PM net.sf.freecol.server.networking.Server sendToAll
INFO: Reap dead connection: [DummyConnection Server connection - model.nation.cherokee]
May 08, 2018 7:08:40 PM net.sf.freecol.server.networking.Server sendToAll
INFO: Reap dead connection: [DummyConnection Server connection - model.nation.spanish]
May 08, 2018 7:08:40 PM net.sf.freecol.server.model.ServerPlayer csChangeStance
INFO: Stance modification William I WAR -> PEACE wrt Louis XIV
May 08, 2018 7:08:40 PM net.sf.freecol.server.model.ServerPlayer csChangeStance
INFO: Stance modification Louis XIV WAR -> PEACE wrt William I (symmetric)
May 08, 2018 7:08:40 PM net.sf.freecol.common.model.Specification applyDifficultyLevel
INFO: Applying difficulty level model.difficulty.medium
May 08, 2018 7:08:40 PM net.sf.freecol.common.FreeColSeed getFreeColSeed
INFO: Using seed: 277560949129439718
May 08, 2018 7:08:40 PM net.sf.freecol.server.networking.Server sendToAll
INFO: Reap dead connection: [DummyConnection Server connection - model.nation.french]
May 08, 2018 7:08:40 PM net.sf.freecol.server.networking.Server sendToAll
INFO: Reap dead connection: [DummyConnection Server connection - model.nation.cherokee]
May 08, 2018 7:08:40 PM net.sf.freecol.server.networking.Server sendToAll
INFO: Reap dead connection: [DummyConnection Server connection - model.nation.sioux]
May 08, 2018 7:08:40 PM net.sf.freecol.server.networking.Server sendToAll
INFO: Reap dead connection: [DummyConnection Server connection - model.nation.aztec]
May 08, 2018 7:08:40 PM net.sf.freecol.server.networking.Server sendToAll
INFO: Reap dead connection: [DummyConnection Server connection - model.nation.spanish]
May 08, 2018 7:08:40 PM net.sf.freecol.server.networking.Server sendToAll
INFO: Reap dead connection: [DummyConnection Server connection - model.nation.dutch]
May 08, 2018 7:08:40 PM net.sf.freecol.server.networking.Server sendToAll
INFO: Reap dead connection: [DummyConnection Server connection - model.nation.english]
May 08, 2018 7:08:40 PM net.sf.freecol.server.networking.Server sendToAll
INFO: Reap dead connection: [DummyConnection Server connection - model.nation.tupi]
May 08, 2018 7:08:40 PM net.sf.freecol.server.networking.Server sendToAll
INFO: Reap dead connection: [DummyConnection Server connection - model.nation.iroquois]
May 08, 2018 7:08:40 PM net.sf.freecol.server.networking.Server sendToAll
INFO: Reap dead connection: [DummyConnection Server connection - model.nation.arawak]
May 08, 2018 7:08:40 PM net.sf.freecol.server.networking.Server sendToAll
INFO: Reap dead connection: [DummyConnection Server connection - model.nation.apache]
May 08, 2018 7:08:40 PM net.sf.freecol.server.networking.Server sendToAll
INFO: Reap dead connection: [DummyConnection Server connection - model.nation.inca]
May 08, 2018 7:08:40 PM net.sf.freecol.server.model.ServerPlayer csChangeStance
INFO: Stance modification William I UNCONTACTED -> WAR wrt Louis XIV
May 08, 2018 7:08:40 PM net.sf.freecol.server.model.ServerPlayer csChangeStance
INFO: Stance modification Louis XIV UNCONTACTED -> WAR wrt William I (symmetric)
May 08, 2018 7:08:40 PM net.sf.freecol.common.util.LogBuilder log
INFO: Combat attacker=unit:248-veteranSoldier-soldier [Modifier model.modifier.offence (model.source.baseOffence) ADDITIVE 0.0 index=10] [Modifier model.modifier.offence (model.role.soldier) ADDITIVE 2.0 index=30] [Modifier model.modifier.offence (model.unit.veteranSoldier) PERCENTAGE 50.0 index=40] [Modifier model.modifier.attackBonus (model.source.attackBonus) PERCENTAGE 50.0 index=50] = 4.5 defender=unit:247-freeColonist-scout [Modifier model.modifier.defence (model.source.baseDefence) ADDITIVE 1.0 index=10] [Modifier model.modifier.defence (model.role.scout) ADDITIVE 1.0 index=30] = 2.0 odds=0.6923076923076923 random(1.0)=0.6723076701164246 great=false Attack WIN SLAUGHTER_UNIT
May 08, 2018 7:08:40 PM net.sf.freecol.common.util.LogBuilder log
INFO: Destroying: unit:247
May 08, 2018 7:08:40 PM net.sf.freecol.common.model.Specification applyDifficultyLevel
INFO: Applying difficulty level model.difficulty.medium
May 08, 2018 7:08:40 PM net.sf.freecol.common.FreeColSeed getFreeColSeed
INFO: Using seed: -2883128667026447925
May 08, 2018 7:08:40 PM net.sf.freecol.server.networking.Server sendToAll
INFO: Reap dead connection: [DummyConnection Server connection - model.nation.inca]
May 08, 2018 7:08:40 PM net.sf.freecol.server.networking.Server sendToAll
INFO: Reap dead connection: [DummyConnection Server connection - model.nation.sioux]
May 08, 2018 7:08:40 PM net.sf.freecol.server.networking.Server sendToAll
INFO: Reap dead connection: [DummyConnection Server connection - model.nation.spanish]
May 08, 2018 7:08:40 PM net.sf.freecol.server.networking.Server sendToAll
INFO: Reap dead connection: [DummyConnection Server connection - model.nation.dutch]
May 08, 2018 7:08:40 PM net.sf.freecol.server.networking.Server sendToAll
INFO: Reap dead connection: [DummyConnection Server connection - model.nation.tupi]
May 08, 2018 7:08:40 PM net.sf.freecol.server.networking.Server sendToAll
INFO: Reap dead connection: [DummyConnection Server connection - model.nation.arawak]
May 08, 2018 7:08:40 PM net.sf.freecol.server.networking.Server sendToAll
INFO: Reap dead connection: [DummyConnection Server connection - model.nation.cherokee]
May 08, 2018 7:08:40 PM net.sf.freecol.server.networking.Server sendToAll
INFO: Reap dead connection: [DummyConnection Server connection - model.nation.english]
May 08, 2018 7:08:40 PM net.sf.freecol.server.networking.Server sendToAll
INFO: Reap dead connection: [DummyConnection Server connection - model.nation.apache]
May 08, 2018 7:08:40 PM net.sf.freecol.server.networking.Server sendToAll
INFO: Reap dead connection: [DummyConnection Server connection - model.nation.french]
May 08, 2018 7:08:40 PM net.sf.freecol.server.networking.Server sendToAll
INFO: Reap dead connection: [DummyConnection Server connection - model.nation.iroquois]
May 08, 2018 7:08:40 PM net.sf.freecol.server.networking.Server sendToAll
INFO: Reap dead connection: [DummyConnection Server connection - model.nation.aztec]
May 08, 2018 7:08:40 PM net.sf.freecol.server.model.ServerPlayer csChangeStance
INFO: Stance modification William I UNCONTACTED -> WAR wrt Atahualpa
May 08, 2018 7:08:40 PM net.sf.freecol.server.model.ServerPlayer csChangeStance
INFO: Stance modification Atahualpa UNCONTACTED -> WAR wrt William I (symmetric)
May 08, 2018 7:08:40 PM net.sf.freecol.common.util.LogBuilder log
INFO: Combat attacker=unit:259-freeColonist-dragoon [Modifier model.modifier.offence (model.source.baseOffence) ADDITIVE 0.0 index=10] [Modifier model.modifier.offence (model.role.dragoon) ADDITIVE 3.0 index=30] [Modifier model.modifier.attackBonus (model.source.attackBonus) PERCENTAGE 50.0 index=50] = 4.5 defender=unit:260-brave [Modifier model.modifier.defence (model.source.baseDefence) ADDITIVE 1.0 index=10] = 1.0 odds=0.8181818181818182 random(1.0)=0.8381817936897278 great=false Attack LOSE CAPTURE_EQUIP
May 08, 2018 7:08:40 PM net.sf.freecol.common.util.LogBuilder log
INFO: Combat attacker=unit:259-freeColonist-soldier [Modifier model.modifier.offence (model.source.baseOffence) ADDITIVE 0.0 index=10] [Modifier model.modifier.offence (model.role.soldier) ADDITIVE 2.0 index=30] [Modifier model.modifier.attackBonus (model.source.attackBonus) PERCENTAGE 50.0 index=50] = 3.0 defender=unit:260-brave-mountedBrave [Modifier model.modifier.defence (model.source.baseDefence) ADDITIVE 1.0 index=10] [Modifier model.modifier.defence (model.role.mountedBrave) ADDITIVE 1.0 index=30] = 2.0 odds=0.6 random(1.0)=0.6200000047683716 great=false Attack LOSE CAPTURE_EQUIP
May 08, 2018 7:08:40 PM net.sf.freecol.common.util.LogBuilder log
INFO: Combat attacker=unit:259-freeColonist [Modifier model.modifier.offence (model.source.baseOffence) ADDITIVE 0.0 index=10] [Modifier model.modifier.attackBonus (model.source.attackBonus) PERCENTAGE 50.0 index=50] = 0.0 defender=unit:260-brave-nativeDragoon [Modifier model.modifier.defence (model.source.baseDefence) ADDITIVE 1.0 index=10] [Modifier model.modifier.defence (model.role.nativeDragoon) ADDITIVE 2.0 index=30] = 3.0 odds=0.0 random(1.0)=0.019999999552965164 great=false Attack LOSE SLAUGHTER_UNIT
May 08, 2018 7:08:40 PM net.sf.freecol.common.util.LogBuilder log
INFO: Destroying: unit:259
May 08, 2018 7:08:40 PM net.sf.freecol.common.model.Specification applyDifficultyLevel
INFO: Applying difficulty level model.difficulty.medium
May 08, 2018 7:08:40 PM net.sf.freecol.common.FreeColSeed getFreeColSeed
INFO: Using seed: -9110463936294854747
May 08, 2018 7:08:40 PM net.sf.freecol.server.networking.Server sendToAll
INFO: Reap dead connection: [DummyConnection Server connection - model.nation.iroquois]
May 08, 2018 7:08:40 PM net.sf.freecol.server.networking.Server sendToAll
INFO: Reap dead connection: [DummyConnection Server connection - model.nation.arawak]
May 08, 2018 7:08:40 PM net.sf.freecol.server.networking.Server sendToAll
INFO: Reap dead connection: [DummyConnection Server connection - model.nation.english]
May 08, 2018 7:08:40 PM net.sf.freecol.server.networking.Server sendToAll
INFO: Reap dead connection: [DummyConnection Server connection - model.nation.inca]
May 08, 2018 7:08:40 PM net.sf.freecol.server.networking.Server sendToAll
INFO: Reap dead connection: [DummyConnection Server connection - model.nation.cherokee]
May 08, 2018 7:08:40 PM net.sf.freecol.server.networking.Server sendToAll
INFO: Reap dead connection: [DummyConnection Server connection - model.nation.sioux]
May 08, 2018 7:08:40 PM net.sf.freecol.server.networking.Server sendToAll
INFO: Reap dead connection: [DummyConnection Server connection - model.nation.dutch]
May 08, 2018 7:08:40 PM net.sf.freecol.server.networking.Server sendToAll
INFO: Reap dead connection: [DummyConnection Server connection - model.nation.french]
May 08, 2018 7:08:40 PM net.sf.freecol.server.networking.Server sendToAll
INFO: Reap dead connection: [DummyConnection Server connection - model.nation.apache]
May 08, 2018 7:08:40 PM net.sf.freecol.server.networking.Server sendToAll
INFO: Reap dead connection: [DummyConnection Server connection - model.nation.tupi]
May 08, 2018 7:08:40 PM net.sf.freecol.server.networking.Server sendToAll
INFO: Reap dead connection: [DummyConnection Server connection - model.nation.aztec]
May 08, 2018 7:08:40 PM net.sf.freecol.server.networking.Server sendToAll
INFO: Reap dead connection: [DummyConnection Server connection - model.nation.spanish]
May 08, 2018 7:08:40 PM net.sf.freecol.server.model.ServerPlayer csChangeStance
INFO: Stance modification William I WAR -> CEASE_FIRE wrt Louis XIV
May 08, 2018 7:08:40 PM net.sf.freecol.server.model.ServerPlayer csChangeStance
INFO: Stance modification Louis XIV WAR -> CEASE_FIRE wrt William I (symmetric)
May 08, 2018 7:08:40 PM net.sf.freecol.common.model.Specification applyDifficultyLevel
INFO: Applying difficulty level model.difficulty.medium
May 08, 2018 7:08:40 PM net.sf.freecol.common.FreeColSeed getFreeColSeed
INFO: Using seed: -2522389236688937853
May 08, 2018 7:08:40 PM net.sf.freecol.server.networking.Server sendToAll
INFO: Reap dead connection: [DummyConnection Server connection - model.nation.dutch]
May 08, 2018 7:08:40 PM net.sf.freecol.server.networking.Server sendToAll
INFO: Reap dead connection: [DummyConnection Server connection - model.nation.inca]
May 08, 2018 7:08:40 PM net.sf.freecol.server.networking.Server sendToAll
INFO: Reap dead connection: [DummyConnection Server connection - model.nation.cherokee]
May 08, 2018 7:08:40 PM net.sf.freecol.server.networking.Server sendToAll
INFO: Reap dead connection: [DummyConnection Server connection - model.nation.english]
May 08, 2018 7:08:40 PM net.sf.freecol.server.networking.Server sendToAll
INFO: Reap dead connection: [DummyConnection Server connection - model.nation.spanish]
May 08, 2018 7:08:40 PM net.sf.freecol.server.networking.Server sendToAll
INFO: Reap dead connection: [DummyConnection Server connection - model.nation.apache]
May 08, 2018 7:08:40 PM net.sf.freecol.server.networking.Server sendToAll
INFO: Reap dead connection: [DummyConnection Server connection - model.nation.aztec]
May 08, 2018 7:08:40 PM net.sf.freecol.server.networking.Server sendToAll
INFO: Reap dead connection: [DummyConnection Server connection - model.nation.tupi]
May 08, 2018 7:08:40 PM net.sf.freecol.server.networking.Server sendToAll
INFO: Reap dead connection: [DummyConnection Server connection - model.nation.sioux]
May 08, 2018 7:08:40 PM net.sf.freecol.server.networking.Server sendToAll
INFO: Reap dead connection: [DummyConnection Server connection - model.nation.arawak]
May 08, 2018 7:08:40 PM net.sf.freecol.server.networking.Server sendToAll
INFO: Reap dead connection: [DummyConnection Server connection - model.nation.iroquois]
May 08, 2018 7:08:40 PM net.sf.freecol.server.networking.Server sendToAll
INFO: Reap dead connection: [DummyConnection Server connection - model.nation.french]
May 08, 2018 7:08:40 PM net.sf.freecol.server.model.ServerPlayer csChangeStance
INFO: Stance modification Louis XIV PEACE -> WAR wrt William I
May 08, 2018 7:08:40 PM net.sf.freecol.server.model.ServerPlayer csChangeStance
INFO: Stance modification William I PEACE -> WAR wrt Louis XIV (symmetric)
May 08, 2018 7:08:40 PM net.sf.freecol.common.model.Specification applyDifficultyLevel
INFO: Applying difficulty level model.difficulty.medium
May 08, 2018 7:08:40 PM net.sf.freecol.common.FreeColSeed getFreeColSeed
INFO: Using seed: -8516144174606269533
May 08, 2018 7:08:40 PM net.sf.freecol.server.networking.Server sendToAll
INFO: Reap dead connection: [DummyConnection Server connection - model.nation.apache]
May 08, 2018 7:08:40 PM net.sf.freecol.server.networking.Server sendToAll
INFO: Reap dead connection: [DummyConnection Server connection - model.nation.tupi]
May 08, 2018 7:08:40 PM net.sf.freecol.server.networking.Server sendToAll
INFO: Reap dead connection: [DummyConnection Server connection - model.nation.dutch]
May 08, 2018 7:08:40 PM net.sf.freecol.server.networking.Server sendToAll
INFO: Reap dead connection: [DummyConnection Server connection - model.nation.aztec]
May 08, 2018 7:08:40 PM net.sf.freecol.server.networking.Server sendToAll
INFO: Reap dead connection: [DummyConnection Server connection - model.nation.iroquois]
May 08, 2018 7:08:40 PM net.sf.freecol.server.networking.Server sendToAll
INFO: Reap dead connection: [DummyConnection Server connection - model.nation.spanish]
May 08, 2018 7:08:40 PM net.sf.freecol.server.networking.Server sendToAll
INFO: Reap dead connection: [DummyConnection Server connection - model.nation.arawak]
May 08, 2018 7:08:40 PM net.sf.freecol.server.networking.Server sendToAll
INFO: Reap dead connection: [DummyConnection Server connection - model.nation.english]
May 08, 2018 7:08:40 PM net.sf.freecol.server.networking.Server sendToAll
INFO: Reap dead connection: [DummyConnection Server connection - model.nation.inca]
May 08, 2018 7:08:40 PM net.sf.freecol.server.networking.Server sendToAll
INFO: Reap dead connection: [DummyConnection Server connection - model.nation.cherokee]
May 08, 2018 7:08:40 PM net.sf.freecol.server.networking.Server sendToAll
INFO: Reap dead connection: [DummyConnection Server connection - model.nation.sioux]
May 08, 2018 7:08:40 PM net.sf.freecol.server.networking.Server sendToAll
INFO: Reap dead connection: [DummyConnection Server connection - model.nation.french]
May 08, 2018 7:08:40 PM net.sf.freecol.server.model.ServerPlayer csChangeStance
INFO: Stance modification Louis XIV UNCONTACTED -> WAR wrt William I
May 08, 2018 7:08:40 PM net.sf.freecol.server.model.ServerPlayer csChangeStance
INFO: Stance modification William I UNCONTACTED -> WAR wrt Louis XIV (symmetric)
May 08, 2018 7:08:40 PM net.sf.freecol.common.util.LogBuilder log
INFO: Combat attacker=unit:272-veteranSoldier-dragoon [Modifier model.modifier.offence (model.source.baseOffence) ADDITIVE 0.0 index=10] [Modifier model.modifier.offence (model.role.dragoon) ADDITIVE 3.0 index=30] [Modifier model.modifier.offence (model.unit.veteranSoldier) PERCENTAGE 50.0 index=40] [Modifier model.modifier.attackBonus (model.source.attackBonus) PERCENTAGE 50.0 index=50] = 6.75 defender=unit:271-veteranSoldier-dragoon [Modifier model.modifier.defence (model.source.baseDefence) ADDITIVE 1.0 index=10] [Modifier model.modifier.defence (model.role.dragoon) ADDITIVE 2.0 index=30] [Modifier model.modifier.defence (model.unit.veteranSoldier) PERCENTAGE 50.0 index=40] [Modifier model.modifier.defence (model.settlement.colony) PERCENTAGE 50.0 index=50] = 6.75 odds=0.5 random(1.0)=0.47999998927116394 great=false Attack WIN LOSE_EQUIP
May 08, 2018 7:08:40 PM net.sf.freecol.common.util.LogBuilder log
INFO: Combat attacker=unit:272-veteranSoldier-dragoon [Modifier model.modifier.offence (model.source.baseOffence) ADDITIVE 0.0 index=10] [Modifier model.modifier.offence (model.role.dragoon) ADDITIVE 3.0 index=30] [Modifier model.modifier.offence (model.unit.veteranSoldier) PERCENTAGE 50.0 index=40] [Modifier model.modifier.attackBonus (model.source.attackBonus) PERCENTAGE 50.0 index=50] = 6.75 defender=unit:271-veteranSoldier-soldier [Modifier model.modifier.defence (model.source.baseDefence) ADDITIVE 1.0 index=10] [Modifier model.modifier.defence (model.role.soldier) ADDITIVE 1.0 index=30] [Modifier model.modifier.defence (model.unit.veteranSoldier) PERCENTAGE 50.0 index=40] [Modifier model.modifier.defence (model.settlement.colony) PERCENTAGE 50.0 index=50] = 4.5 odds=0.6 random(1.0)=0.6200000047683716 great=false Attack LOSE LOSE_EQUIP
May 08, 2018 7:08:40 PM net.sf.freecol.common.util.LogBuilder log
INFO: Combat attacker=unit:272-veteranSoldier-soldier [Modifier model.modifier.offence (model.source.baseOffence) ADDITIVE 0.0 index=10] [Modifier model.modifier.offence (model.role.soldier) ADDITIVE 2.0 index=30] [Modifier model.modifier.offence (model.unit.veteranSoldier) PERCENTAGE 50.0 index=40] [Modifier model.modifier.attackBonus (model.source.attackBonus) PERCENTAGE 50.0 index=50] = 4.5 defender=unit:271-veteranSoldier-soldier [Modifier model.modifier.defence (model.source.baseDefence) ADDITIVE 1.0 index=10] [Modifier model.modifier.defence (model.role.soldier) ADDITIVE 1.0 index=30] [Modifier model.modifier.defence (model.unit.veteranSoldier) PERCENTAGE 50.0 index=40] [Modifier model.modifier.defence (model.settlement.colony) PERCENTAGE 50.0 index=50] = 4.5 odds=0.5 random(1.0)=0.47999998927116394 great=false Attack WIN LOSE_EQUIP
May 08, 2018 7:08:40 PM net.sf.freecol.common.util.LogBuilder log
INFO: Combat attacker=unit:272-veteranSoldier-soldier [Modifier model.modifier.offence (model.source.baseOffence) ADDITIVE 0.0 index=10] [Modifier model.modifier.offence (model.role.soldier) ADDITIVE 2.0 index=30] [Modifier model.modifier.offence (model.unit.veteranSoldier) PERCENTAGE 50.0 index=40] [Modifier model.modifier.attackBonus (model.source.attackBonus) PERCENTAGE 50.0 index=50] = 4.5 defender=unit:271-veteranSoldier [Modifier model.modifier.defence (model.source.baseDefence) ADDITIVE 1.0 index=10] [Modifier model.modifier.defence (model.unit.veteranSoldier) PERCENTAGE 50.0 index=40] [Modifier model.modifier.defence (model.settlement.colony) PERCENTAGE 50.0 index=50] = 2.25 odds=0.6666666666666666 random(1.0)=0.6466666460037231 great=false Attack WIN CAPTURE_COLONY
May 08, 2018 7:08:40 PM net.sf.freecol.common.model.Specification applyDifficultyLevel
INFO: Applying difficulty level model.difficulty.medium
May 08, 2018 7:08:40 PM net.sf.freecol.common.FreeColSeed getFreeColSeed
INFO: Using seed: 2092241800694338356
May 08, 2018 7:08:40 PM net.sf.freecol.server.networking.Server sendToAll
INFO: Reap dead connection: [DummyConnection Server connection - model.nation.inca]
May 08, 2018 7:08:40 PM net.sf.freecol.server.networking.Server sendToAll
INFO: Reap dead connection: [DummyConnection Server connection - model.nation.french]
May 08, 2018 7:08:40 PM net.sf.freecol.server.networking.Server sendToAll
INFO: Reap dead connection: [DummyConnection Server connection - model.nation.dutch]
May 08, 2018 7:08:40 PM net.sf.freecol.server.networking.Server sendToAll
INFO: Reap dead connection: [DummyConnection Server connection - model.nation.tupi]
May 08, 2018 7:08:40 PM net.sf.freecol.server.networking.Server sendToAll
INFO: Reap dead connection: [DummyConnection Server connection - model.nation.english]
May 08, 2018 7:08:40 PM net.sf.freecol.server.networking.Server sendToAll
INFO: Reap dead connection: [DummyConnection Server connection - model.nation.arawak]
May 08, 2018 7:08:40 PM net.sf.freecol.server.networking.Server sendToAll
INFO: Reap dead connection: [DummyConnection Server connection - model.nation.spanish]
May 08, 2018 7:08:40 PM net.sf.freecol.server.networking.Server sendToAll
INFO: Reap dead connection: [DummyConnection Server connection - model.nation.cherokee]
May 08, 2018 7:08:40 PM net.sf.freecol.server.networking.Server sendToAll
INFO: Reap dead connection: [DummyConnection Server connection - model.nation.sioux]
May 08, 2018 7:08:40 PM net.sf.freecol.server.networking.Server sendToAll
INFO: Reap dead connection: [DummyConnection Server connection - model.nation.aztec]
May 08, 2018 7:08:40 PM net.sf.freecol.server.networking.Server sendToAll
INFO: Reap dead connection: [DummyConnection Server connection - model.nation.iroquois]
May 08, 2018 7:08:40 PM net.sf.freecol.server.networking.Server sendToAll
INFO: Reap dead connection: [DummyConnection Server connection - model.nation.apache]
May 08, 2018 7:08:40 PM net.sf.freecol.server.model.ServerPlayer csChangeStance
INFO: Stance modification William I UNCONTACTED -> WAR wrt Louis XIV
May 08, 2018 7:08:40 PM net.sf.freecol.server.model.ServerPlayer csChangeStance
INFO: Stance modification Louis XIV UNCONTACTED -> WAR wrt William I (symmetric)
May 08, 2018 7:08:40 PM net.sf.freecol.common.util.LogBuilder log
INFO: Combat attacker=unit:247-freeColonist-dragoon [Modifier model.modifier.offence (model.source.baseOffence) ADDITIVE 0.0 index=10] [Modifier model.modifier.offence (model.role.dragoon) ADDITIVE 3.0 index=30] [Modifier model.modifier.attackBonus (model.source.attackBonus) PERCENTAGE 50.0 index=50] = 4.5 defender=unit:248-freeColonist-soldier [Modifier model.modifier.defence (model.source.baseDefence) ADDITIVE 1.0 index=10] [Modifier model.modifier.defence (model.role.soldier) ADDITIVE 1.0 index=30] = 2.0 odds=0.6923076923076923 random(1.0)=0.7123076915740967 great=false Attack LOSE LOSE_EQUIP
May 08, 2018 7:08:40 PM net.sf.freecol.common.util.LogBuilder log
INFO: Combat attacker=unit:247-freeColonist-soldier [Modifier model.modifier.offence (model.source.baseOffence) ADDITIVE 0.0 index=10] [Modifier model.modifier.offence (model.role.soldier) ADDITIVE 2.0 index=30] [Modifier model.modifier.attackBonus (model.source.attackBonus) PERCENTAGE 50.0 index=50] = 3.0 defender=unit:248-freeColonist-soldier [Modifier model.modifier.defence (model.source.baseDefence) ADDITIVE 1.0 index=10] [Modifier model.modifier.defence (model.role.soldier) ADDITIVE 1.0 index=30] = 2.0 odds=0.6 random(1.0)=0.6200000047683716 great=false Attack LOSE LOSE_EQUIP
May 08, 2018 7:08:40 PM net.sf.freecol.common.util.LogBuilder log
INFO: Combat attacker=unit:248-freeColonist-soldier [Modifier model.modifier.offence (model.source.baseOffence) ADDITIVE 0.0 index=10] [Modifier model.modifier.offence (model.role.soldier) ADDITIVE 2.0 index=30] [Modifier model.modifier.attackBonus (model.source.attackBonus) PERCENTAGE 50.0 index=50] = 3.0 defender=unit:247-freeColonist [Modifier model.modifier.defence (model.source.baseDefence) ADDITIVE 1.0 index=10] = 1.0 odds=0.75 random(1.0)=0.7300000190734863 great=false Attack WIN CAPTURE_UNIT
May 08, 2018 7:08:40 PM net.sf.freecol.common.model.Specification applyDifficultyLevel
INFO: Applying difficulty level model.difficulty.medium
May 08, 2018 7:08:40 PM net.sf.freecol.common.FreeColSeed getFreeColSeed
INFO: Using seed: 7430033714196876193
May 08, 2018 7:08:40 PM net.sf.freecol.server.networking.Server sendToAll
INFO: Reap dead connection: [DummyConnection Server connection - model.nation.english]
May 08, 2018 7:08:40 PM net.sf.freecol.server.networking.Server sendToAll
INFO: Reap dead connection: [DummyConnection Server connection - model.nation.french]
May 08, 2018 7:08:40 PM net.sf.freecol.server.networking.Server sendToAll
INFO: Reap dead connection: [DummyConnection Server connection - model.nation.sioux]
May 08, 2018 7:08:40 PM net.sf.freecol.server.networking.Server sendToAll
INFO: Reap dead connection: [DummyConnection Server connection - model.nation.spanish]
May 08, 2018 7:08:40 PM net.sf.freecol.server.networking.Server sendToAll
INFO: Reap dead connection: [DummyConnection Server connection - model.nation.iroquois]
May 08, 2018 7:08:40 PM net.sf.freecol.server.networking.Server sendToAll
INFO: Reap dead connection: [DummyConnection Server connection - model.nation.tupi]
May 08, 2018 7:08:40 PM net.sf.freecol.server.networking.Server sendToAll
INFO: Reap dead connection: [DummyConnection Server connection - model.nation.arawak]
May 08, 2018 7:08:40 PM net.sf.freecol.server.networking.Server sendToAll
INFO: Reap dead connection: [DummyConnection Server connection - model.nation.apache]
May 08, 2018 7:08:40 PM net.sf.freecol.server.networking.Server sendToAll
INFO: Reap dead connection: [DummyConnection Server connection - model.nation.aztec]
May 08, 2018 7:08:40 PM net.sf.freecol.server.networking.Server sendToAll
INFO: Reap dead connection: [DummyConnection Server connection - model.nation.inca]
May 08, 2018 7:08:40 PM net.sf.freecol.server.networking.Server sendToAll
INFO: Reap dead connection: [DummyConnection Server connection - model.nation.cherokee]
May 08, 2018 7:08:40 PM net.sf.freecol.server.networking.Server sendToAll
INFO: Reap dead connection: [DummyConnection Server connection - model.nation.dutch]
May 08, 2018 7:08:40 PM net.sf.freecol.common.model.Specification applyDifficultyLevel
INFO: Applying difficulty level model.difficulty.medium
May 08, 2018 7:08:40 PM net.sf.freecol.common.FreeColSeed getFreeColSeed
INFO: Using seed: -1729109176207341445
May 08, 2018 7:08:40 PM net.sf.freecol.server.networking.Server sendToAll
INFO: Reap dead connection: [DummyConnection Server connection - model.nation.sioux]
May 08, 2018 7:08:40 PM net.sf.freecol.server.networking.Server sendToAll
INFO: Reap dead connection: [DummyConnection Server connection - model.nation.tupi]
May 08, 2018 7:08:40 PM net.sf.freecol.server.networking.Server sendToAll
INFO: Reap dead connection: [DummyConnection Server connection - model.nation.arawak]
May 08, 2018 7:08:40 PM net.sf.freecol.server.networking.Server sendToAll
INFO: Reap dead connection: [DummyConnection Server connection - model.nation.inca]
May 08, 2018 7:08:40 PM net.sf.freecol.server.networking.Server sendToAll
INFO: Reap dead connection: [DummyConnection Server connection - model.nation.cherokee]
May 08, 2018 7:08:40 PM net.sf.freecol.server.networking.Server sendToAll
INFO: Reap dead connection: [DummyConnection Server connection - model.nation.spanish]
May 08, 2018 7:08:40 PM net.sf.freecol.server.networking.Server sendToAll
INFO: Reap dead connection: [DummyConnection Server connection - model.nation.french]
May 08, 2018 7:08:40 PM net.sf.freecol.server.networking.Server sendToAll
INFO: Reap dead connection: [DummyConnection Server connection - model.nation.iroquois]
May 08, 2018 7:08:40 PM net.sf.freecol.server.networking.Server sendToAll
INFO: Reap dead connection: [DummyConnection Server connection - model.nation.apache]
May 08, 2018 7:08:40 PM net.sf.freecol.server.networking.Server sendToAll
INFO: Reap dead connection: [DummyConnection Server connection - model.nation.dutch]
May 08, 2018 7:08:40 PM net.sf.freecol.server.networking.Server sendToAll
INFO: Reap dead connection: [DummyConnection Server connection - model.nation.aztec]
May 08, 2018 7:08:40 PM net.sf.freecol.server.networking.Server sendToAll
INFO: Reap dead connection: [DummyConnection Server connection - model.nation.english]
May 08, 2018 7:08:40 PM net.sf.freecol.common.networking.DOMMessage clientError
WARNING: Too few goods
May 08, 2018 7:08:40 PM net.sf.freecol.common.model.Specification applyDifficultyLevel
INFO: Applying difficulty level model.difficulty.medium
May 08, 2018 7:08:40 PM net.sf.freecol.common.FreeColSeed getFreeColSeed
INFO: Using seed: 2706863092018620534
May 08, 2018 7:08:40 PM net.sf.freecol.server.networking.Server sendToAll
INFO: Reap dead connection: [DummyConnection Server connection - model.nation.aztec]
May 08, 2018 7:08:40 PM net.sf.freecol.server.networking.Server sendToAll
INFO: Reap dead connection: [DummyConnection Server connection - model.nation.arawak]
May 08, 2018 7:08:40 PM net.sf.freecol.server.networking.Server sendToAll
INFO: Reap dead connection: [DummyConnection Server connection - model.nation.apache]
May 08, 2018 7:08:40 PM net.sf.freecol.server.networking.Server sendToAll
INFO: Reap dead connection: [DummyConnection Server connection - model.nation.iroquois]
May 08, 2018 7:08:40 PM net.sf.freecol.server.networking.Server sendToAll
INFO: Reap dead connection: [DummyConnection Server connection - model.nation.inca]
May 08, 2018 7:08:40 PM net.sf.freecol.server.networking.Server sendToAll
INFO: Reap dead connection: [DummyConnection Server connection - model.nation.dutch]
May 08, 2018 7:08:40 PM net.sf.freecol.server.networking.Server sendToAll
INFO: Reap dead connection: [DummyConnection Server connection - model.nation.english]
May 08, 2018 7:08:40 PM net.sf.freecol.server.networking.Server sendToAll
INFO: Reap dead connection: [DummyConnection Server connection - model.nation.sioux]
May 08, 2018 7:08:40 PM net.sf.freecol.server.networking.Server sendToAll
INFO: Reap dead connection: [DummyConnection Server connection - model.nation.french]
May 08, 2018 7:08:40 PM net.sf.freecol.server.networking.Server sendToAll
INFO: Reap dead connection: [DummyConnection Server connection - model.nation.spanish]
May 08, 2018 7:08:40 PM net.sf.freecol.server.networking.Server sendToAll
INFO: Reap dead connection: [DummyConnection Server connection - model.nation.cherokee]
May 08, 2018 7:08:40 PM net.sf.freecol.server.networking.Server sendToAll
INFO: Reap dead connection: [DummyConnection Server connection - model.nation.tupi]
May 08, 2018 7:08:40 PM net.sf.freecol.server.model.ServerPlayer csChangeStance
INFO: Stance modification Louis XIV UNCONTACTED -> WAR wrt William I
May 08, 2018 7:08:40 PM net.sf.freecol.server.model.ServerPlayer csChangeStance
INFO: Stance modification William I UNCONTACTED -> WAR wrt Louis XIV (symmetric)
May 08, 2018 7:08:40 PM net.sf.freecol.common.util.LogBuilder log
INFO: Combat attacker=unit:249-privateer [Modifier model.modifier.offence (model.source.baseOffence) ADDITIVE 8.0 index=10] [Modifier model.modifier.attackBonus (model.source.attackBonus) PERCENTAGE 50.0 index=50] = 12.0 defender=unit:247-galleon [Modifier model.modifier.defence (model.source.baseDefence) ADDITIVE 10.0 index=10] [Modifier model.modifier.cargoPenalty (model.source.cargoPenalty) PERCENTAGE -12.5 index=50] = 8.75 odds=0.5783132530120482 random(1.0)=0.558313250541687 great=false Attack WIN LOOT_SHIP DAMAGE_SHIP_ATTACK
May 08, 2018 7:08:40 PM net.sf.freecol.common.networking.DOMMessage clientError
WARNING: Received message: lootCargo out of turn from player: model.nation.french
May 08, 2018 7:08:40 PM net.sf.freecol.server.ai.AIMessage checkError
WARNING: AIMessage.lootCargo error, messageId: server.reject message: Received message: lootCargo out of turn from player: model.nation.french
May 08, 2018 7:08:41 PM net.sf.freecol.common.model.Specification applyDifficultyLevel
INFO: Applying difficulty level model.difficulty.medium
May 08, 2018 7:08:41 PM net.sf.freecol.common.FreeColSeed getFreeColSeed
INFO: Using seed: 2901593071923475340
May 08, 2018 7:08:41 PM net.sf.freecol.server.networking.Server sendToAll
INFO: Reap dead connection: [DummyConnection Server connection - model.nation.iroquois]
May 08, 2018 7:08:41 PM net.sf.freecol.server.networking.Server sendToAll
INFO: Reap dead connection: [DummyConnection Server connection - model.nation.cherokee]
May 08, 2018 7:08:41 PM net.sf.freecol.server.networking.Server sendToAll
INFO: Reap dead connection: [DummyConnection Server connection - model.nation.tupi]
May 08, 2018 7:08:41 PM net.sf.freecol.server.networking.Server sendToAll
INFO: Reap dead connection: [DummyConnection Server connection - model.nation.sioux]
May 08, 2018 7:08:41 PM net.sf.freecol.server.networking.Server sendToAll
INFO: Reap dead connection: [DummyConnection Server connection - model.nation.french]
May 08, 2018 7:08:41 PM net.sf.freecol.server.networking.Server sendToAll
INFO: Reap dead connection: [DummyConnection Server connection - model.nation.inca]
May 08, 2018 7:08:41 PM net.sf.freecol.server.networking.Server sendToAll
INFO: Reap dead connection: [DummyConnection Server connection - model.nation.spanish]
May 08, 2018 7:08:41 PM net.sf.freecol.server.networking.Server sendToAll
INFO: Reap dead connection: [DummyConnection Server connection - model.nation.dutch]
May 08, 2018 7:08:41 PM net.sf.freecol.server.networking.Server sendToAll
INFO: Reap dead connection: [DummyConnection Server connection - model.nation.apache]
May 08, 2018 7:08:41 PM net.sf.freecol.server.networking.Server sendToAll
INFO: Reap dead connection: [DummyConnection Server connection - model.nation.aztec]
May 08, 2018 7:08:41 PM net.sf.freecol.server.networking.Server sendToAll
INFO: Reap dead connection: [DummyConnection Server connection - model.nation.english]
May 08, 2018 7:08:41 PM net.sf.freecol.server.networking.Server sendToAll
INFO: Reap dead connection: [DummyConnection Server connection - model.nation.arawak]
May 08, 2018 7:08:41 PM net.sf.freecol.common.model.Specification applyDifficultyLevel
INFO: Applying difficulty level model.difficulty.medium
May 08, 2018 7:08:41 PM net.sf.freecol.common.FreeColSeed getFreeColSeed
INFO: Using seed: -2868888640633568638
May 08, 2018 7:08:41 PM net.sf.freecol.server.networking.Server sendToAll
INFO: Reap dead connection: [DummyConnection Server connection - model.nation.inca]
May 08, 2018 7:08:41 PM net.sf.freecol.server.networking.Server sendToAll
INFO: Reap dead connection: [DummyConnection Server connection - model.nation.french]
May 08, 2018 7:08:41 PM net.sf.freecol.server.networking.Server sendToAll
INFO: Reap dead connection: [DummyConnection Server connection - model.nation.english]
May 08, 2018 7:08:41 PM net.sf.freecol.server.networking.Server sendToAll
INFO: Reap dead connection: [DummyConnection Server connection - model.nation.dutch]
May 08, 2018 7:08:41 PM net.sf.freecol.server.networking.Server sendToAll
INFO: Reap dead connection: [DummyConnection Server connection - model.nation.tupi]
May 08, 2018 7:08:41 PM net.sf.freecol.server.networking.Server sendToAll
INFO: Reap dead connection: [DummyConnection Server connection - model.nation.cherokee]
May 08, 2018 7:08:41 PM net.sf.freecol.server.networking.Server sendToAll
INFO: Reap dead connection: [DummyConnection Server connection - model.nation.arawak]
May 08, 2018 7:08:41 PM net.sf.freecol.server.networking.Server sendToAll
INFO: Reap dead connection: [DummyConnection Server connection - model.nation.apache]
May 08, 2018 7:08:41 PM net.sf.freecol.server.networking.Server sendToAll
INFO: Reap dead connection: [DummyConnection Server connection - model.nation.sioux]
May 08, 2018 7:08:41 PM net.sf.freecol.server.networking.Server sendToAll
INFO: Reap dead connection: [DummyConnection Server connection - model.nation.spanish]
May 08, 2018 7:08:41 PM net.sf.freecol.server.networking.Server sendToAll
INFO: Reap dead connection: [DummyConnection Server connection - model.nation.iroquois]
May 08, 2018 7:08:41 PM net.sf.freecol.server.networking.Server sendToAll
INFO: Reap dead connection: [DummyConnection Server connection - model.nation.aztec]
May 08, 2018 7:08:41 PM net.sf.freecol.server.model.ServerPlayer csChangeStance
INFO: Stance modification Guaira PEACE -> WAR wrt William I
May 08, 2018 7:08:41 PM net.sf.freecol.server.model.ServerPlayer csChangeStance
INFO: Stance modification William I PEACE -> WAR wrt Guaira (symmetric)
May 08, 2018 7:08:41 PM net.sf.freecol.server.model.ServerPlayer csChangeStance
INFO: Stance modification William I WAR -> PEACE wrt Guaira
May 08, 2018 7:08:41 PM net.sf.freecol.server.model.ServerPlayer csChangeStance
INFO: Stance modification Guaira WAR -> PEACE wrt William I (symmetric)
May 08, 2018 7:08:41 PM net.sf.freecol.common.model.Specification applyDifficultyLevel
INFO: Applying difficulty level model.difficulty.medium
May 08, 2018 7:08:41 PM net.sf.freecol.common.FreeColSeed getFreeColSeed
INFO: Using seed: 1460976834521362575
May 08, 2018 7:08:41 PM net.sf.freecol.server.networking.Server sendToAll
INFO: Reap dead connection: [DummyConnection Server connection - model.nation.aztec]
May 08, 2018 7:08:41 PM net.sf.freecol.server.networking.Server sendToAll
INFO: Reap dead connection: [DummyConnection Server connection - model.nation.french]
May 08, 2018 7:08:41 PM net.sf.freecol.server.networking.Server sendToAll
INFO: Reap dead connection: [DummyConnection Server connection - model.nation.inca]
May 08, 2018 7:08:41 PM net.sf.freecol.server.networking.Server sendToAll
INFO: Reap dead connection: [DummyConnection Server connection - model.nation.arawak]
May 08, 2018 7:08:41 PM net.sf.freecol.server.networking.Server sendToAll
INFO: Reap dead connection: [DummyConnection Server connection - model.nation.english]
May 08, 2018 7:08:41 PM net.sf.freecol.server.networking.Server sendToAll
INFO: Reap dead connection: [DummyConnection Server connection - model.nation.iroquois]
May 08, 2018 7:08:41 PM net.sf.freecol.server.networking.Server sendToAll
INFO: Reap dead connection: [DummyConnection Server connection - model.nation.dutch]
May 08, 2018 7:08:41 PM net.sf.freecol.server.networking.Server sendToAll
INFO: Reap dead connection: [DummyConnection Server connection - model.nation.spanish]
May 08, 2018 7:08:41 PM net.sf.freecol.server.networking.Server sendToAll
INFO: Reap dead connection: [DummyConnection Server connection - model.nation.tupi]
May 08, 2018 7:08:41 PM net.sf.freecol.server.networking.Server sendToAll
INFO: Reap dead connection: [DummyConnection Server connection - model.nation.sioux]
May 08, 2018 7:08:41 PM net.sf.freecol.server.networking.Server sendToAll
INFO: Reap dead connection: [DummyConnection Server connection - model.nation.apache]
May 08, 2018 7:08:41 PM net.sf.freecol.server.networking.Server sendToAll
INFO: Reap dead connection: [DummyConnection Server connection - model.nation.cherokee]
May 08, 2018 7:08:41 PM net.sf.freecol.common.util.LogBuilder log
INFO: Combat attacker=unit:248-veteranSoldier-dragoon [Modifier model.modifier.offence (model.source.baseOffence) ADDITIVE 0.0 index=10] [Modifier model.modifier.offence (model.role.dragoon) ADDITIVE 3.0 index=30] [Modifier model.modifier.offence (model.unit.veteranSoldier) PERCENTAGE 50.0 index=40] [Modifier model.modifier.attackBonus (model.source.attackBonus) PERCENTAGE 50.0 index=50] [Modifier model.modifier.bigMovementPenalty (model.source.movementPenalty) PERCENTAGE -66.0 index=50] = 2.2950000762939453 defender=unit:247-freeColonist-pioneer.5 [Modifier model.modifier.defence (model.source.baseDefence) ADDITIVE 1.0 index=10] = 1.0 odds=0.6965098704565885 random(1.0)=0.6765098571777344 great=false Attack WIN SLAUGHTER_UNIT
May 08, 2018 7:08:41 PM net.sf.freecol.common.util.LogBuilder log
INFO: Destroying: unit:247
May 08, 2018 7:08:41 PM net.sf.freecol.server.model.ServerPlayer csChangeStance
INFO: Stance modification Louis XIV UNCONTACTED -> WAR wrt William I
May 08, 2018 7:08:41 PM net.sf.freecol.server.model.ServerPlayer csChangeStance
INFO: Stance modification William I UNCONTACTED -> WAR wrt Louis XIV (symmetric)
May 08, 2018 7:08:41 PM net.sf.freecol.common.model.Specification applyDifficultyLevel
INFO: Applying difficulty level model.difficulty.medium
May 08, 2018 7:08:41 PM net.sf.freecol.common.FreeColSeed getFreeColSeed
INFO: Using seed: 3218219101274247478
May 08, 2018 7:08:41 PM net.sf.freecol.server.networking.Server sendToAll
INFO: Reap dead connection: [DummyConnection Server connection - model.nation.iroquois]
May 08, 2018 7:08:41 PM net.sf.freecol.server.networking.Server sendToAll
INFO: Reap dead connection: [DummyConnection Server connection - model.nation.english]
May 08, 2018 7:08:41 PM net.sf.freecol.server.networking.Server sendToAll
INFO: Reap dead connection: [DummyConnection Server connection - model.nation.aztec]
May 08, 2018 7:08:41 PM net.sf.freecol.server.networking.Server sendToAll
INFO: Reap dead connection: [DummyConnection Server connection - model.nation.cherokee]
May 08, 2018 7:08:41 PM net.sf.freecol.server.networking.Server sendToAll
INFO: Reap dead connection: [DummyConnection Server connection - model.nation.apache]
May 08, 2018 7:08:41 PM net.sf.freecol.server.networking.Server sendToAll
INFO: Reap dead connection: [DummyConnection Server connection - model.nation.dutch]
May 08, 2018 7:08:41 PM net.sf.freecol.server.networking.Server sendToAll
INFO: Reap dead connection: [DummyConnection Server connection - model.nation.arawak]
May 08, 2018 7:08:41 PM net.sf.freecol.server.networking.Server sendToAll
INFO: Reap dead connection: [DummyConnection Server connection - model.nation.inca]
May 08, 2018 7:08:41 PM net.sf.freecol.server.networking.Server sendToAll
INFO: Reap dead connection: [DummyConnection Server connection - model.nation.spanish]
May 08, 2018 7:08:41 PM net.sf.freecol.server.networking.Server sendToAll
INFO: Reap dead connection: [DummyConnection Server connection - model.nation.tupi]
May 08, 2018 7:08:41 PM net.sf.freecol.server.networking.Server sendToAll
INFO: Reap dead connection: [DummyConnection Server connection - model.nation.french]
May 08, 2018 7:08:41 PM net.sf.freecol.server.networking.Server sendToAll
INFO: Reap dead connection: [DummyConnection Server connection - model.nation.sioux]
May 08, 2018 7:08:41 PM net.sf.freecol.server.model.ServerPlayer csChangeStance
INFO: Stance modification William I UNCONTACTED -> WAR wrt Louis XIV
May 08, 2018 7:08:41 PM net.sf.freecol.server.model.ServerPlayer csChangeStance
INFO: Stance modification Louis XIV UNCONTACTED -> WAR wrt William I (symmetric)
May 08, 2018 7:08:41 PM net.sf.freecol.common.util.LogBuilder log
INFO: Combat attacker=unit:247-pettyCriminal-soldier [Modifier model.modifier.offence (model.source.baseOffence) ADDITIVE 0.0 index=10] [Modifier model.modifier.offence (model.role.soldier) ADDITIVE 2.0 index=30] [Modifier model.modifier.attackBonus (model.source.attackBonus) PERCENTAGE 50.0 index=50] = 3.0 defender=unit:248-freeColonist-soldier [Modifier model.modifier.defence (model.source.baseDefence) ADDITIVE 1.0 index=10] [Modifier model.modifier.defence (model.role.soldier) ADDITIVE 1.0 index=30] = 2.0 odds=0.6 random(1.0)=0.5799999833106995 great=false Attack WIN LOSE_EQUIP PROMOTE_UNIT
May 08, 2018 7:08:41 PM net.sf.freecol.common.util.LogBuilder log
INFO: Combat attacker=unit:247-indenturedServant-soldier [Modifier model.modifier.offence (model.source.baseOffence) ADDITIVE 0.0 index=10] [Modifier model.modifier.offence (model.role.soldier) ADDITIVE 2.0 index=30] [Modifier model.modifier.attackBonus (model.source.attackBonus) PERCENTAGE 50.0 index=50] = 3.0 defender=unit:248-freeColonist-soldier [Modifier model.modifier.defence (model.source.baseDefence) ADDITIVE 1.0 index=10] [Modifier model.modifier.defence (model.role.soldier) ADDITIVE 1.0 index=30] = 2.0 odds=0.6 random(1.0)=0.5799999833106995 great=false Attack WIN LOSE_EQUIP PROMOTE_UNIT
May 08, 2018 7:08:41 PM net.sf.freecol.common.util.LogBuilder log
INFO: Combat attacker=unit:247-freeColonist-soldier [Modifier model.modifier.offence (model.source.baseOffence) ADDITIVE 0.0 index=10] [Modifier model.modifier.offence (model.role.soldier) ADDITIVE 2.0 index=30] [Modifier model.modifier.attackBonus (model.source.attackBonus) PERCENTAGE 50.0 index=50] = 3.0 defender=unit:248-freeColonist-soldier [Modifier model.modifier.defence (model.source.baseDefence) ADDITIVE 1.0 index=10] [Modifier model.modifier.defence (model.role.soldier) ADDITIVE 1.0 index=30] = 2.0 odds=0.6 random(1.0)=0.5799999833106995 great=false Attack WIN LOSE_EQUIP PROMOTE_UNIT
May 08, 2018 7:08:41 PM net.sf.freecol.common.util.LogBuilder log
INFO: Combat attacker=unit:247-veteranSoldier-soldier [Modifier model.modifier.offence (model.source.baseOffence) ADDITIVE 0.0 index=10] [Modifier model.modifier.offence (model.role.soldier) ADDITIVE 2.0 index=30] [Modifier model.modifier.offence (model.unit.veteranSoldier) PERCENTAGE 50.0 index=40] [Modifier model.modifier.attackBonus (model.source.attackBonus) PERCENTAGE 50.0 index=50] = 4.5 defender=unit:248-freeColonist-soldier [Modifier model.modifier.defence (model.source.baseDefence) ADDITIVE 1.0 index=10] [Modifier model.modifier.defence (model.role.soldier) ADDITIVE 1.0 index=30] = 2.0 odds=0.6923076923076923 random(1.0)=0.6723076701164246 great=false Attack WIN LOSE_EQUIP PROMOTE_UNIT
May 08, 2018 7:08:41 PM net.sf.freecol.common.util.LogBuilder log
INFO: Combat attacker=unit:247-colonialRegular-soldier [Modifier model.modifier.offence (model.source.baseOffence) ADDITIVE 0.0 index=10] [Modifier model.modifier.offence (model.unit.colonialRegular) ADDITIVE 3.0 index=20] [Modifier model.modifier.offence (model.role.soldier) ADDITIVE 2.0 index=30] [Modifier model.modifier.attackBonus (model.source.attackBonus) PERCENTAGE 50.0 index=50] = 7.5 defender=unit:248-freeColonist-soldier [Modifier model.modifier.defence (model.source.baseDefence) ADDITIVE 1.0 index=10] [Modifier model.modifier.defence (model.role.soldier) ADDITIVE 1.0 index=30] = 2.0 odds=0.7894736842105263 random(1.0)=0.769473671913147 great=false Attack WIN LOSE_EQUIP
May 08, 2018 7:08:41 PM net.sf.freecol.common.model.Specification applyDifficultyLevel
INFO: Applying difficulty level model.difficulty.medium
May 08, 2018 7:08:41 PM net.sf.freecol.common.FreeColSeed getFreeColSeed
INFO: Using seed: 4466233101153185224
May 08, 2018 7:08:41 PM net.sf.freecol.server.networking.Server sendToAll
INFO: Reap dead connection: [DummyConnection Server connection - model.nation.english]
May 08, 2018 7:08:41 PM net.sf.freecol.server.networking.Server sendToAll
INFO: Reap dead connection: [DummyConnection Server connection - model.nation.french]
May 08, 2018 7:08:41 PM net.sf.freecol.server.networking.Server sendToAll
INFO: Reap dead connection: [DummyConnection Server connection - model.nation.apache]
May 08, 2018 7:08:41 PM net.sf.freecol.server.networking.Server sendToAll
INFO: Reap dead connection: [DummyConnection Server connection - model.nation.aztec]
May 08, 2018 7:08:41 PM net.sf.freecol.server.networking.Server sendToAll
INFO: Reap dead connection: [DummyConnection Server connection - model.nation.spanish]
May 08, 2018 7:08:41 PM net.sf.freecol.server.networking.Server sendToAll
INFO: Reap dead connection: [DummyConnection Server connection - model.nation.dutch]
May 08, 2018 7:08:41 PM net.sf.freecol.server.networking.Server sendToAll
INFO: Reap dead connection: [DummyConnection Server connection - model.nation.inca]
May 08, 2018 7:08:41 PM net.sf.freecol.server.networking.Server sendToAll
INFO: Reap dead connection: [DummyConnection Server connection - model.nation.sioux]
May 08, 2018 7:08:41 PM net.sf.freecol.server.networking.Server sendToAll
INFO: Reap dead connection: [DummyConnection Server connection - model.nation.iroquois]
May 08, 2018 7:08:41 PM net.sf.freecol.server.networking.Server sendToAll
INFO: Reap dead connection: [DummyConnection Server connection - model.nation.tupi]
May 08, 2018 7:08:41 PM net.sf.freecol.server.networking.Server sendToAll
INFO: Reap dead connection: [DummyConnection Server connection - model.nation.cherokee]
May 08, 2018 7:08:41 PM net.sf.freecol.server.networking.Server sendToAll
INFO: Reap dead connection: [DummyConnection Server connection - model.nation.arawak]
May 08, 2018 7:08:41 PM net.sf.freecol.common.networking.DOMMessage clientError
WARNING: Can not clear speciality of a teacher.
May 08, 2018 7:08:41 PM net.sf.freecol.common.model.Specification applyDifficultyLevel
INFO: Applying difficulty level model.difficulty.medium
May 08, 2018 7:08:41 PM net.sf.freecol.common.FreeColSeed getFreeColSeed
INFO: Using seed: 4268969262529784938
May 08, 2018 7:08:41 PM net.sf.freecol.server.networking.Server sendToAll
INFO: Reap dead connection: [DummyConnection Server connection - model.nation.dutch]
May 08, 2018 7:08:41 PM net.sf.freecol.server.networking.Server sendToAll
INFO: Reap dead connection: [DummyConnection Server connection - model.nation.spanish]
May 08, 2018 7:08:41 PM net.sf.freecol.server.networking.Server sendToAll
INFO: Reap dead connection: [DummyConnection Server connection - model.nation.tupi]
May 08, 2018 7:08:41 PM net.sf.freecol.server.networking.Server sendToAll
INFO: Reap dead connection: [DummyConnection Server connection - model.nation.french]
May 08, 2018 7:08:41 PM net.sf.freecol.server.networking.Server sendToAll
INFO: Reap dead connection: [DummyConnection Server connection - model.nation.arawak]
May 08, 2018 7:08:41 PM net.sf.freecol.server.networking.Server sendToAll
INFO: Reap dead connection: [DummyConnection Server connection - model.nation.aztec]
May 08, 2018 7:08:41 PM net.sf.freecol.server.networking.Server sendToAll
INFO: Reap dead connection: [DummyConnection Server connection - model.nation.inca]
May 08, 2018 7:08:41 PM net.sf.freecol.server.networking.Server sendToAll
INFO: Reap dead connection: [DummyConnection Server connection - model.nation.cherokee]
May 08, 2018 7:08:41 PM net.sf.freecol.server.networking.Server sendToAll
INFO: Reap dead connection: [DummyConnection Server connection - model.nation.english]
May 08, 2018 7:08:41 PM net.sf.freecol.server.networking.Server sendToAll
INFO: Reap dead connection: [DummyConnection Server connection - model.nation.apache]
May 08, 2018 7:08:41 PM net.sf.freecol.server.networking.Server sendToAll
INFO: Reap dead connection: [DummyConnection Server connection - model.nation.iroquois]
May 08, 2018 7:08:41 PM net.sf.freecol.server.networking.Server sendToAll
INFO: Reap dead connection: [DummyConnection Server connection - model.nation.sioux]
May 08, 2018 7:08:41 PM net.sf.freecol.server.model.ServerPlayer csChangeStance
INFO: Stance modification William I CEASE_FIRE -> PEACE wrt Louis XIV
May 08, 2018 7:08:41 PM net.sf.freecol.server.model.ServerPlayer csChangeStance
INFO: Stance modification Louis XIV CEASE_FIRE -> PEACE wrt William I (symmetric)
May 08, 2018 7:08:41 PM net.sf.freecol.common.model.Specification applyDifficultyLevel
INFO: Applying difficulty level model.difficulty.medium
May 08, 2018 7:08:41 PM net.sf.freecol.common.FreeColSeed getFreeColSeed
INFO: Using seed: 404980836546661123
May 08, 2018 7:08:41 PM net.sf.freecol.server.networking.Server sendToAll
INFO: Reap dead connection: [DummyConnection Server connection - model.nation.apache]
May 08, 2018 7:08:41 PM net.sf.freecol.server.networking.Server sendToAll
INFO: Reap dead connection: [DummyConnection Server connection - model.nation.cherokee]
May 08, 2018 7:08:41 PM net.sf.freecol.server.networking.Server sendToAll
INFO: Reap dead connection: [DummyConnection Server connection - model.nation.dutch]
May 08, 2018 7:08:41 PM net.sf.freecol.server.networking.Server sendToAll
INFO: Reap dead connection: [DummyConnection Server connection - model.nation.iroquois]
May 08, 2018 7:08:41 PM net.sf.freecol.server.networking.Server sendToAll
INFO: Reap dead connection: [DummyConnection Server connection - model.nation.arawak]
May 08, 2018 7:08:41 PM net.sf.freecol.server.networking.Server sendToAll
INFO: Reap dead connection: [DummyConnection Server connection - model.nation.aztec]
May 08, 2018 7:08:41 PM net.sf.freecol.server.networking.Server sendToAll
INFO: Reap dead connection: [DummyConnection Server connection - model.nation.inca]
May 08, 2018 7:08:41 PM net.sf.freecol.server.networking.Server sendToAll
INFO: Reap dead connection: [DummyConnection Server connection - model.nation.tupi]
May 08, 2018 7:08:41 PM net.sf.freecol.server.networking.Server sendToAll
INFO: Reap dead connection: [DummyConnection Server connection - model.nation.french]
May 08, 2018 7:08:41 PM net.sf.freecol.server.networking.Server sendToAll
INFO: Reap dead connection: [DummyConnection Server connection - model.nation.sioux]
May 08, 2018 7:08:41 PM net.sf.freecol.server.networking.Server sendToAll
INFO: Reap dead connection: [DummyConnection Server connection - model.nation.spanish]
May 08, 2018 7:08:41 PM net.sf.freecol.server.networking.Server sendToAll
INFO: Reap dead connection: [DummyConnection Server connection - model.nation.english]
May 08, 2018 7:08:41 PM net.sf.freecol.common.model.Specification applyDifficultyLevel
INFO: Applying difficulty level model.difficulty.medium
May 08, 2018 7:08:41 PM net.sf.freecol.common.FreeColSeed getFreeColSeed
INFO: Using seed: 6877151512451049737
May 08, 2018 7:08:41 PM net.sf.freecol.server.networking.Server sendToAll
INFO: Reap dead connection: [DummyConnection Server connection - model.nation.sioux]
May 08, 2018 7:08:41 PM net.sf.freecol.server.networking.Server sendToAll
INFO: Reap dead connection: [DummyConnection Server connection - model.nation.cherokee]
May 08, 2018 7:08:41 PM net.sf.freecol.server.networking.Server sendToAll
INFO: Reap dead connection: [DummyConnection Server connection - model.nation.apache]
May 08, 2018 7:08:41 PM net.sf.freecol.server.networking.Server sendToAll
INFO: Reap dead connection: [DummyConnection Server connection - model.nation.spanish]
May 08, 2018 7:08:41 PM net.sf.freecol.server.networking.Server sendToAll
INFO: Reap dead connection: [DummyConnection Server connection - model.nation.iroquois]
May 08, 2018 7:08:41 PM net.sf.freecol.server.networking.Server sendToAll
INFO: Reap dead connection: [DummyConnection Server connection - model.nation.dutch]
May 08, 2018 7:08:41 PM net.sf.freecol.server.networking.Server sendToAll
INFO: Reap dead connection: [DummyConnection Server connection - model.nation.english]
May 08, 2018 7:08:41 PM net.sf.freecol.server.networking.Server sendToAll
INFO: Reap dead connection: [DummyConnection Server connection - model.nation.inca]
May 08, 2018 7:08:41 PM net.sf.freecol.server.networking.Server sendToAll
INFO: Reap dead connection: [DummyConnection Server connection - model.nation.french]
May 08, 2018 7:08:41 PM net.sf.freecol.server.networking.Server sendToAll
INFO: Reap dead connection: [DummyConnection Server connection - model.nation.aztec]
May 08, 2018 7:08:41 PM net.sf.freecol.server.networking.Server sendToAll
INFO: Reap dead connection: [DummyConnection Server connection - model.nation.tupi]
May 08, 2018 7:08:41 PM net.sf.freecol.server.networking.Server sendToAll
INFO: Reap dead connection: [DummyConnection Server connection - model.nation.arawak]
May 08, 2018 7:08:41 PM net.sf.freecol.common.model.Specification applyDifficultyLevel
INFO: Applying difficulty level model.difficulty.medium
May 08, 2018 7:08:41 PM net.sf.freecol.common.FreeColSeed getFreeColSeed
INFO: Using seed: 7926855960929388710
May 08, 2018 7:08:41 PM net.sf.freecol.server.networking.Server sendToAll
INFO: Reap dead connection: [DummyConnection Server connection - model.nation.dutch]
May 08, 2018 7:08:41 PM net.sf.freecol.server.networking.Server sendToAll
INFO: Reap dead connection: [DummyConnection Server connection - model.nation.aztec]
May 08, 2018 7:08:41 PM net.sf.freecol.server.networking.Server sendToAll
INFO: Reap dead connection: [DummyConnection Server connection - model.nation.arawak]
May 08, 2018 7:08:41 PM net.sf.freecol.server.networking.Server sendToAll
INFO: Reap dead connection: [DummyConnection Server connection - model.nation.apache]
May 08, 2018 7:08:41 PM net.sf.freecol.server.networking.Server sendToAll
INFO: Reap dead connection: [DummyConnection Server connection - model.nation.inca]
May 08, 2018 7:08:41 PM net.sf.freecol.server.networking.Server sendToAll
INFO: Reap dead connection: [DummyConnection Server connection - model.nation.sioux]
May 08, 2018 7:08:41 PM net.sf.freecol.server.networking.Server sendToAll
INFO: Reap dead connection: [DummyConnection Server connection - model.nation.english]
May 08, 2018 7:08:41 PM net.sf.freecol.server.networking.Server sendToAll
INFO: Reap dead connection: [DummyConnection Server connection - model.nation.iroquois]
May 08, 2018 7:08:41 PM net.sf.freecol.server.networking.Server sendToAll
INFO: Reap dead connection: [DummyConnection Server connection - model.nation.spanish]
May 08, 2018 7:08:41 PM net.sf.freecol.server.networking.Server sendToAll
INFO: Reap dead connection: [DummyConnection Server connection - model.nation.tupi]
May 08, 2018 7:08:41 PM net.sf.freecol.server.networking.Server sendToAll
INFO: Reap dead connection: [DummyConnection Server connection - model.nation.french]
May 08, 2018 7:08:41 PM net.sf.freecol.server.networking.Server sendToAll
INFO: Reap dead connection: [DummyConnection Server connection - model.nation.cherokee]
May 08, 2018 7:08:41 PM net.sf.freecol.common.model.Unit setLocation
WARNING: Can not add [unit:249 dutch treasureTrain 1/1] to tile:629
May 08, 2018 7:08:41 PM net.sf.freecol.common.util.LogBuilder log
INFO: Destroying: unit:249
May 08, 2018 7:08:41 PM net.sf.freecol.common.model.Unit setLocation
WARNING: Can not add [unit:250 dutch treasureTrain 1/1] to tile:629
May 08, 2018 7:08:41 PM net.sf.freecol.common.model.Specification applyDifficultyLevel
INFO: Applying difficulty level model.difficulty.medium
May 08, 2018 7:08:41 PM net.sf.freecol.common.FreeColSeed getFreeColSeed
INFO: Using seed: 5892281041483375321
May 08, 2018 7:08:41 PM net.sf.freecol.server.networking.Server sendToAll
INFO: Reap dead connection: [DummyConnection Server connection - model.nation.arawak]
May 08, 2018 7:08:41 PM net.sf.freecol.server.networking.Server sendToAll
INFO: Reap dead connection: [DummyConnection Server connection - model.nation.tupi]
May 08, 2018 7:08:41 PM net.sf.freecol.server.networking.Server sendToAll
INFO: Reap dead connection: [DummyConnection Server connection - model.nation.aztec]
May 08, 2018 7:08:41 PM net.sf.freecol.server.networking.Server sendToAll
INFO: Reap dead connection: [DummyConnection Server connection - model.nation.dutch]
May 08, 2018 7:08:41 PM net.sf.freecol.server.networking.Server sendToAll
INFO: Reap dead connection: [DummyConnection Server connection - model.nation.inca]
May 08, 2018 7:08:41 PM net.sf.freecol.server.networking.Server sendToAll
INFO: Reap dead connection: [DummyConnection Server connection - model.nation.french]
May 08, 2018 7:08:41 PM net.sf.freecol.server.networking.Server sendToAll
INFO: Reap dead connection: [DummyConnection Server connection - model.nation.cherokee]
May 08, 2018 7:08:41 PM net.sf.freecol.server.networking.Server sendToAll
INFO: Reap dead connection: [DummyConnection Server connection - model.nation.english]
May 08, 2018 7:08:41 PM net.sf.freecol.server.networking.Server sendToAll
INFO: Reap dead connection: [DummyConnection Server connection - model.nation.apache]
May 08, 2018 7:08:41 PM net.sf.freecol.server.networking.Server sendToAll
INFO: Reap dead connection: [DummyConnection Server connection - model.nation.spanish]
May 08, 2018 7:08:41 PM net.sf.freecol.server.networking.Server sendToAll
INFO: Reap dead connection: [DummyConnection Server connection - model.nation.iroquois]
May 08, 2018 7:08:41 PM net.sf.freecol.server.networking.Server sendToAll
INFO: Reap dead connection: [DummyConnection Server connection - model.nation.sioux]
May 08, 2018 7:08:41 PM net.sf.freecol.common.model.Specification applyDifficultyLevel
INFO: Applying difficulty level model.difficulty.medium
May 08, 2018 7:08:41 PM net.sf.freecol.common.FreeColSeed getFreeColSeed
INFO: Using seed: 3506369453248175947
May 08, 2018 7:08:41 PM net.sf.freecol.server.networking.Server sendToAll
INFO: Reap dead connection: [DummyConnection Server connection - model.nation.sioux]
May 08, 2018 7:08:41 PM net.sf.freecol.server.networking.Server sendToAll
INFO: Reap dead connection: [DummyConnection Server connection - model.nation.iroquois]
May 08, 2018 7:08:41 PM net.sf.freecol.server.networking.Server sendToAll
INFO: Reap dead connection: [DummyConnection Server connection - model.nation.dutch]
May 08, 2018 7:08:41 PM net.sf.freecol.server.networking.Server sendToAll
INFO: Reap dead connection: [DummyConnection Server connection - model.nation.spanish]
May 08, 2018 7:08:41 PM net.sf.freecol.server.networking.Server sendToAll
INFO: Reap dead connection: [DummyConnection Server connection - model.nation.apache]
May 08, 2018 7:08:41 PM net.sf.freecol.server.networking.Server sendToAll
INFO: Reap dead connection: [DummyConnection Server connection - model.nation.cherokee]
May 08, 2018 7:08:41 PM net.sf.freecol.server.networking.Server sendToAll
INFO: Reap dead connection: [DummyConnection Server connection - model.nation.aztec]
May 08, 2018 7:08:41 PM net.sf.freecol.server.networking.Server sendToAll
INFO: Reap dead connection: [DummyConnection Server connection - model.nation.tupi]
May 08, 2018 7:08:41 PM net.sf.freecol.server.networking.Server sendToAll
INFO: Reap dead connection: [DummyConnection Server connection - model.nation.french]
May 08, 2018 7:08:41 PM net.sf.freecol.server.networking.Server sendToAll
INFO: Reap dead connection: [DummyConnection Server connection - model.nation.inca]
May 08, 2018 7:08:41 PM net.sf.freecol.server.networking.Server sendToAll
INFO: Reap dead connection: [DummyConnection Server connection - model.nation.arawak]
May 08, 2018 7:08:41 PM net.sf.freecol.server.networking.Server sendToAll
INFO: Reap dead connection: [DummyConnection Server connection - model.nation.english]
May 08, 2018 7:08:41 PM net.sf.freecol.common.model.Specification applyDifficultyLevel
INFO: Applying difficulty level model.difficulty.medium
May 08, 2018 7:08:41 PM net.sf.freecol.common.FreeColSeed getFreeColSeed
INFO: Using seed: 6393346202083697953
May 08, 2018 7:08:41 PM net.sf.freecol.server.networking.Server sendToAll
INFO: Reap dead connection: [DummyConnection Server connection - model.nation.sioux]
May 08, 2018 7:08:41 PM net.sf.freecol.server.networking.Server sendToAll
INFO: Reap dead connection: [DummyConnection Server connection - model.nation.apache]
May 08, 2018 7:08:41 PM net.sf.freecol.server.networking.Server sendToAll
INFO: Reap dead connection: [DummyConnection Server connection - model.nation.iroquois]
May 08, 2018 7:08:41 PM net.sf.freecol.server.networking.Server sendToAll
INFO: Reap dead connection: [DummyConnection Server connection - model.nation.cherokee]
May 08, 2018 7:08:41 PM net.sf.freecol.server.networking.Server sendToAll
INFO: Reap dead connection: [DummyConnection Server connection - model.nation.dutch]
May 08, 2018 7:08:41 PM net.sf.freecol.server.networking.Server sendToAll
INFO: Reap dead connection: [DummyConnection Server connection - model.nation.arawak]
May 08, 2018 7:08:41 PM net.sf.freecol.server.networking.Server sendToAll
INFO: Reap dead connection: [DummyConnection Server connection - model.nation.spanish]
May 08, 2018 7:08:41 PM net.sf.freecol.server.networking.Server sendToAll
INFO: Reap dead connection: [DummyConnection Server connection - model.nation.english]
May 08, 2018 7:08:41 PM net.sf.freecol.server.networking.Server sendToAll
INFO: Reap dead connection: [DummyConnection Server connection - model.nation.aztec]
May 08, 2018 7:08:41 PM net.sf.freecol.server.networking.Server sendToAll
INFO: Reap dead connection: [DummyConnection Server connection - model.nation.tupi]
May 08, 2018 7:08:41 PM net.sf.freecol.server.networking.Server sendToAll
INFO: Reap dead connection: [DummyConnection Server connection - model.nation.french]
May 08, 2018 7:08:41 PM net.sf.freecol.server.networking.Server sendToAll
INFO: Reap dead connection: [DummyConnection Server connection - model.nation.inca]
May 08, 2018 7:08:41 PM net.sf.freecol.server.model.ServerPlayer csChangeStance
INFO: Stance modification William I UNCONTACTED -> WAR wrt Louis XIV
May 08, 2018 7:08:41 PM net.sf.freecol.server.model.ServerPlayer csChangeStance
INFO: Stance modification Louis XIV UNCONTACTED -> WAR wrt William I (symmetric)
May 08, 2018 7:08:41 PM net.sf.freecol.common.util.LogBuilder log
INFO: Combat attacker=unit:247-freeColonist-soldier [Modifier model.modifier.offence (model.source.baseOffence) ADDITIVE 0.0 index=10] [Modifier model.modifier.offence (model.role.soldier) ADDITIVE 2.0 index=30] [Modifier model.modifier.attackBonus (model.source.attackBonus) PERCENTAGE 50.0 index=50] = 3.0 defender=unit:248-freeColonist-soldier [Modifier model.modifier.defence (model.source.baseDefence) ADDITIVE 1.0 index=10] [Modifier model.modifier.defence (model.role.soldier) ADDITIVE 1.0 index=30] = 2.0 odds=0.6 random(1.0)=0.6200000047683716 great=false Attack LOSE LOSE_EQUIP
May 08, 2018 7:08:41 PM net.sf.freecol.common.util.LogBuilder log
INFO: Combat attacker=unit:247-freeColonist [Modifier model.modifier.offence (model.source.baseOffence) ADDITIVE 0.0 index=10] [Modifier model.modifier.attackBonus (model.source.attackBonus) PERCENTAGE 50.0 index=50] = 0.0 defender=unit:248-freeColonist-soldier [Modifier model.modifier.defence (model.source.baseDefence) ADDITIVE 1.0 index=10] [Modifier model.modifier.defence (model.role.soldier) ADDITIVE 1.0 index=30] = 2.0 odds=0.0 random(1.0)=0.019999999552965164 great=false Attack LOSE CAPTURE_UNIT
May 08, 2018 7:08:41 PM net.sf.freecol.common.model.Specification applyDifficultyLevel
INFO: Applying difficulty level model.difficulty.medium
May 08, 2018 7:08:41 PM net.sf.freecol.common.FreeColSeed getFreeColSeed
INFO: Using seed: -2840469866506101096
May 08, 2018 7:08:41 PM net.sf.freecol.server.networking.Server sendToAll
INFO: Reap dead connection: [DummyConnection Server connection - model.nation.iroquois]
May 08, 2018 7:08:41 PM net.sf.freecol.server.networking.Server sendToAll
INFO: Reap dead connection: [DummyConnection Server connection - model.nation.apache]
May 08, 2018 7:08:41 PM net.sf.freecol.server.networking.Server sendToAll
INFO: Reap dead connection: [DummyConnection Server connection - model.nation.aztec]
May 08, 2018 7:08:41 PM net.sf.freecol.server.networking.Server sendToAll
INFO: Reap dead connection: [DummyConnection Server connection - model.nation.tupi]
May 08, 2018 7:08:41 PM net.sf.freecol.server.networking.Server sendToAll
INFO: Reap dead connection: [DummyConnection Server connection - model.nation.dutch]
May 08, 2018 7:08:41 PM net.sf.freecol.server.networking.Server sendToAll
INFO: Reap dead connection: [DummyConnection Server connection - model.nation.inca]
May 08, 2018 7:08:41 PM net.sf.freecol.server.networking.Server sendToAll
INFO: Reap dead connection: [DummyConnection Server connection - model.nation.cherokee]
May 08, 2018 7:08:41 PM net.sf.freecol.server.networking.Server sendToAll
INFO: Reap dead connection: [DummyConnection Server connection - model.nation.sioux]
May 08, 2018 7:08:41 PM net.sf.freecol.server.networking.Server sendToAll
INFO: Reap dead connection: [DummyConnection Server connection - model.nation.french]
May 08, 2018 7:08:41 PM net.sf.freecol.server.networking.Server sendToAll
INFO: Reap dead connection: [DummyConnection Server connection - model.nation.english]
May 08, 2018 7:08:41 PM net.sf.freecol.server.networking.Server sendToAll
INFO: Reap dead connection: [DummyConnection Server connection - model.nation.spanish]
May 08, 2018 7:08:41 PM net.sf.freecol.server.networking.Server sendToAll
INFO: Reap dead connection: [DummyConnection Server connection - model.nation.arawak]
May 08, 2018 7:08:41 PM net.sf.freecol.server.model.ServerPlayer csChangeStance
INFO: Stance modification Louis XIV UNCONTACTED -> WAR wrt William I
May 08, 2018 7:08:41 PM net.sf.freecol.server.model.ServerPlayer csChangeStance
INFO: Stance modification William I UNCONTACTED -> WAR wrt Louis XIV (symmetric)
May 08, 2018 7:08:41 PM net.sf.freecol.common.util.LogBuilder log
INFO: Combat attacker=unit:248-veteranSoldier-soldier [Modifier model.modifier.offence (model.source.baseOffence) ADDITIVE 0.0 index=10] [Modifier model.modifier.offence (model.role.soldier) ADDITIVE 2.0 index=30] [Modifier model.modifier.offence (model.unit.veteranSoldier) PERCENTAGE 50.0 index=40] [Modifier model.modifier.attackBonus (model.source.attackBonus) PERCENTAGE 50.0 index=50] = 4.5 defender=unit:247-colonialRegular-soldier [Modifier model.modifier.defence (model.source.baseDefence) ADDITIVE 1.0 index=10] [Modifier model.modifier.defence (model.unit.colonialRegular) ADDITIVE 3.0 index=20] [Modifier model.modifier.defence (model.role.soldier) ADDITIVE 1.0 index=30] = 5.0 odds=0.47368421052631576 random(1.0)=0.4536842107772827 great=false Attack WIN LOSE_EQUIP DEMOTE_UNIT
May 08, 2018 7:08:41 PM net.sf.freecol.common.util.LogBuilder log
INFO: Combat attacker=unit:248-veteranSoldier-soldier [Modifier model.modifier.offence (model.source.baseOffence) ADDITIVE 0.0 index=10] [Modifier model.modifier.offence (model.role.soldier) ADDITIVE 2.0 index=30] [Modifier model.modifier.offence (model.unit.veteranSoldier) PERCENTAGE 50.0 index=40] [Modifier model.modifier.attackBonus (model.source.attackBonus) PERCENTAGE 50.0 index=50] = 4.5 defender=unit:247-veteranSoldier [Modifier model.modifier.defence (model.source.baseDefence) ADDITIVE 1.0 index=10] [Modifier model.modifier.defence (model.unit.veteranSoldier) PERCENTAGE 50.0 index=40] = 1.5 odds=0.75 random(1.0)=0.7300000190734863 great=false Attack WIN CAPTURE_UNIT
May 08, 2018 7:08:41 PM net.sf.freecol.common.model.Specification applyDifficultyLevel
INFO: Applying difficulty level model.difficulty.medium
May 08, 2018 7:08:41 PM net.sf.freecol.common.FreeColSeed getFreeColSeed
INFO: Using seed: 4524368217887917586
May 08, 2018 7:08:41 PM net.sf.freecol.server.networking.Server sendToAll
INFO: Reap dead connection: [DummyConnection Server connection - model.nation.iroquois]
May 08, 2018 7:08:41 PM net.sf.freecol.server.networking.Server sendToAll
INFO: Reap dead connection: [DummyConnection Server connection - model.nation.sioux]
May 08, 2018 7:08:41 PM net.sf.freecol.server.networking.Server sendToAll
INFO: Reap dead connection: [DummyConnection Server connection - model.nation.english]
May 08, 2018 7:08:41 PM net.sf.freecol.server.networking.Server sendToAll
INFO: Reap dead connection: [DummyConnection Server connection - model.nation.apache]
May 08, 2018 7:08:41 PM net.sf.freecol.server.networking.Server sendToAll
INFO: Reap dead connection: [DummyConnection Server connection - model.nation.inca]
May 08, 2018 7:08:41 PM net.sf.freecol.server.networking.Server sendToAll
INFO: Reap dead connection: [DummyConnection Server connection - model.nation.spanish]
May 08, 2018 7:08:41 PM net.sf.freecol.server.networking.Server sendToAll
INFO: Reap dead connection: [DummyConnection Server connection - model.nation.arawak]
May 08, 2018 7:08:41 PM net.sf.freecol.server.networking.Server sendToAll
INFO: Reap dead connection: [DummyConnection Server connection - model.nation.cherokee]
May 08, 2018 7:08:41 PM net.sf.freecol.server.networking.Server sendToAll
INFO: Reap dead connection: [DummyConnection Server connection - model.nation.tupi]
May 08, 2018 7:08:41 PM net.sf.freecol.server.networking.Server sendToAll
INFO: Reap dead connection: [DummyConnection Server connection - model.nation.dutch]
May 08, 2018 7:08:41 PM net.sf.freecol.server.networking.Server sendToAll
INFO: Reap dead connection: [DummyConnection Server connection - model.nation.aztec]
May 08, 2018 7:08:41 PM net.sf.freecol.server.networking.Server sendToAll
INFO: Reap dead connection: [DummyConnection Server connection - model.nation.french]
May 08, 2018 7:08:41 PM net.sf.freecol.server.ai.AIUnit dispose
WARNING: Disposing of unit:271 but owner is null!
May 08, 2018 7:08:41 PM net.sf.freecol.server.ai.AIUnit dispose
WARNING: Disposing of unit:270 but owner is null!
May 08, 2018 7:08:41 PM net.sf.freecol.common.model.Specification applyDifficultyLevel
INFO: Applying difficulty level model.difficulty.medium
May 08, 2018 7:08:41 PM net.sf.freecol.common.FreeColSeed getFreeColSeed
INFO: Using seed: 1728874064126961323
May 08, 2018 7:08:41 PM net.sf.freecol.server.networking.Server sendToAll
INFO: Reap dead connection: [DummyConnection Server connection - model.nation.english]
May 08, 2018 7:08:41 PM net.sf.freecol.server.networking.Server sendToAll
INFO: Reap dead connection: [DummyConnection Server connection - model.nation.arawak]
May 08, 2018 7:08:41 PM net.sf.freecol.server.networking.Server sendToAll
INFO: Reap dead connection: [DummyConnection Server connection - model.nation.apache]
May 08, 2018 7:08:41 PM net.sf.freecol.server.networking.Server sendToAll
INFO: Reap dead connection: [DummyConnection Server connection - model.nation.tupi]
May 08, 2018 7:08:41 PM net.sf.freecol.server.networking.Server sendToAll
INFO: Reap dead connection: [DummyConnection Server connection - model.nation.spanish]
May 08, 2018 7:08:41 PM net.sf.freecol.server.networking.Server sendToAll
INFO: Reap dead connection: [DummyConnection Server connection - model.nation.french]
May 08, 2018 7:08:41 PM net.sf.freecol.server.networking.Server sendToAll
INFO: Reap dead connection: [DummyConnection Server connection - model.nation.aztec]
May 08, 2018 7:08:41 PM net.sf.freecol.server.networking.Server sendToAll
INFO: Reap dead connection: [DummyConnection Server connection - model.nation.cherokee]
May 08, 2018 7:08:41 PM net.sf.freecol.server.networking.Server sendToAll
INFO: Reap dead connection: [DummyConnection Server connection - model.nation.sioux]
May 08, 2018 7:08:41 PM net.sf.freecol.server.networking.Server sendToAll
INFO: Reap dead connection: [DummyConnection Server connection - model.nation.dutch]
May 08, 2018 7:08:41 PM net.sf.freecol.server.networking.Server sendToAll
INFO: Reap dead connection: [DummyConnection Server connection - model.nation.iroquois]
May 08, 2018 7:08:41 PM net.sf.freecol.server.networking.Server sendToAll
INFO: Reap dead connection: [DummyConnection Server connection - model.nation.inca]
May 08, 2018 7:08:41 PM net.sf.freecol.server.model.ServerPlayer csChangeStance
INFO: Stance modification William I UNCONTACTED -> PEACE wrt Guaira
May 08, 2018 7:08:41 PM net.sf.freecol.server.model.ServerPlayer csChangeStance
INFO: Stance modification Guaira UNCONTACTED -> PEACE wrt William I (symmetric)
May 08, 2018 7:08:41 PM net.sf.freecol.common.util.LogBuilder log
INFO: Destroying: unit:253
May 08, 2018 7:08:41 PM net.sf.freecol.server.model.ServerPlayer csChangeStance
INFO: Stance modification Louis XIV UNCONTACTED -> PEACE wrt Guaira
May 08, 2018 7:08:41 PM net.sf.freecol.server.model.ServerPlayer csChangeStance
INFO: Stance modification Guaira UNCONTACTED -> PEACE wrt Louis XIV (symmetric)
May 08, 2018 7:08:41 PM net.sf.freecol.common.model.Specification applyDifficultyLevel
INFO: Applying difficulty level model.difficulty.medium
May 08, 2018 7:08:41 PM net.sf.freecol.common.FreeColSeed getFreeColSeed
INFO: Using seed: 1721487994839743299
May 08, 2018 7:08:41 PM net.sf.freecol.server.networking.Server sendToAll
INFO: Reap dead connection: [DummyConnection Server connection - model.nation.english]
May 08, 2018 7:08:41 PM net.sf.freecol.server.networking.Server sendToAll
INFO: Reap dead connection: [DummyConnection Server connection - model.nation.tupi]
May 08, 2018 7:08:41 PM net.sf.freecol.server.networking.Server sendToAll
INFO: Reap dead connection: [DummyConnection Server connection - model.nation.dutch]
May 08, 2018 7:08:41 PM net.sf.freecol.server.networking.Server sendToAll
INFO: Reap dead connection: [DummyConnection Server connection - model.nation.french]
May 08, 2018 7:08:41 PM net.sf.freecol.server.networking.Server sendToAll
INFO: Reap dead connection: [DummyConnection Server connection - model.nation.apache]
May 08, 2018 7:08:41 PM net.sf.freecol.server.networking.Server sendToAll
INFO: Reap dead connection: [DummyConnection Server connection - model.nation.arawak]
May 08, 2018 7:08:41 PM net.sf.freecol.server.networking.Server sendToAll
INFO: Reap dead connection: [DummyConnection Server connection - model.nation.aztec]
May 08, 2018 7:08:41 PM net.sf.freecol.server.networking.Server sendToAll
INFO: Reap dead connection: [DummyConnection Server connection - model.nation.spanish]
May 08, 2018 7:08:41 PM net.sf.freecol.server.networking.Server sendToAll
INFO: Reap dead connection: [DummyConnection Server connection - model.nation.iroquois]
May 08, 2018 7:08:41 PM net.sf.freecol.server.networking.Server sendToAll
INFO: Reap dead connection: [DummyConnection Server connection - model.nation.cherokee]
May 08, 2018 7:08:41 PM net.sf.freecol.server.networking.Server sendToAll
INFO: Reap dead connection: [DummyConnection Server connection - model.nation.sioux]
May 08, 2018 7:08:41 PM net.sf.freecol.server.networking.Server sendToAll
INFO: Reap dead connection: [DummyConnection Server connection - model.nation.inca]
May 08, 2018 7:08:41 PM net.sf.freecol.common.model.Specification applyDifficultyLevel
INFO: Applying difficulty level model.difficulty.medium
May 08, 2018 7:08:41 PM net.sf.freecol.common.FreeColSeed getFreeColSeed
INFO: Using seed: 3962206303347717845
May 08, 2018 7:08:41 PM net.sf.freecol.server.networking.Server sendToAll
INFO: Reap dead connection: [DummyConnection Server connection - model.nation.tupi]
May 08, 2018 7:08:41 PM net.sf.freecol.server.networking.Server sendToAll
INFO: Reap dead connection: [DummyConnection Server connection - model.nation.spanish]
May 08, 2018 7:08:41 PM net.sf.freecol.server.networking.Server sendToAll
INFO: Reap dead connection: [DummyConnection Server connection - model.nation.english]
May 08, 2018 7:08:41 PM net.sf.freecol.server.networking.Server sendToAll
INFO: Reap dead connection: [DummyConnection Server connection - model.nation.aztec]
May 08, 2018 7:08:41 PM net.sf.freecol.server.networking.Server sendToAll
INFO: Reap dead connection: [DummyConnection Server connection - model.nation.iroquois]
May 08, 2018 7:08:41 PM net.sf.freecol.server.networking.Server sendToAll
INFO: Reap dead connection: [DummyConnection Server connection - model.nation.sioux]
May 08, 2018 7:08:41 PM net.sf.freecol.server.networking.Server sendToAll
INFO: Reap dead connection: [DummyConnection Server connection - model.nation.cherokee]
May 08, 2018 7:08:41 PM net.sf.freecol.server.networking.Server sendToAll
INFO: Reap dead connection: [DummyConnection Server connection - model.nation.dutch]
May 08, 2018 7:08:41 PM net.sf.freecol.server.networking.Server sendToAll
INFO: Reap dead connection: [DummyConnection Server connection - model.nation.inca]
May 08, 2018 7:08:41 PM net.sf.freecol.server.networking.Server sendToAll
INFO: Reap dead connection: [DummyConnection Server connection - model.nation.french]
May 08, 2018 7:08:41 PM net.sf.freecol.server.networking.Server sendToAll
INFO: Reap dead connection: [DummyConnection Server connection - model.nation.apache]
May 08, 2018 7:08:41 PM net.sf.freecol.server.networking.Server sendToAll
INFO: Reap dead connection: [DummyConnection Server connection - model.nation.arawak]
May 08, 2018 7:08:41 PM net.sf.freecol.common.model.Specification applyDifficultyLevel
INFO: Applying difficulty level model.difficulty.medium
May 08, 2018 7:08:41 PM net.sf.freecol.common.FreeColSeed getFreeColSeed
INFO: Using seed: -8872952083836240748
May 08, 2018 7:08:41 PM net.sf.freecol.server.networking.Server sendToAll
INFO: Reap dead connection: [DummyConnection Server connection - model.nation.tupi]
May 08, 2018 7:08:41 PM net.sf.freecol.server.networking.Server sendToAll
INFO: Reap dead connection: [DummyConnection Server connection - model.nation.inca]
May 08, 2018 7:08:41 PM net.sf.freecol.server.networking.Server sendToAll
INFO: Reap dead connection: [DummyConnection Server connection - model.nation.cherokee]
May 08, 2018 7:08:41 PM net.sf.freecol.server.networking.Server sendToAll
INFO: Reap dead connection: [DummyConnection Server connection - model.nation.arawak]
May 08, 2018 7:08:41 PM net.sf.freecol.server.networking.Server sendToAll
INFO: Reap dead connection: [DummyConnection Server connection - model.nation.english]
May 08, 2018 7:08:41 PM net.sf.freecol.server.networking.Server sendToAll
INFO: Reap dead connection: [DummyConnection Server connection - model.nation.aztec]
May 08, 2018 7:08:41 PM net.sf.freecol.server.networking.Server sendToAll
INFO: Reap dead connection: [DummyConnection Server connection - model.nation.iroquois]
May 08, 2018 7:08:41 PM net.sf.freecol.server.networking.Server sendToAll
INFO: Reap dead connection: [DummyConnection Server connection - model.nation.french]
May 08, 2018 7:08:41 PM net.sf.freecol.server.networking.Server sendToAll
INFO: Reap dead connection: [DummyConnection Server connection - model.nation.sioux]
May 08, 2018 7:08:41 PM net.sf.freecol.server.networking.Server sendToAll
INFO: Reap dead connection: [DummyConnection Server connection - model.nation.spanish]
May 08, 2018 7:08:41 PM net.sf.freecol.server.networking.Server sendToAll
INFO: Reap dead connection: [DummyConnection Server connection - model.nation.apache]
May 08, 2018 7:08:41 PM net.sf.freecol.server.networking.Server sendToAll
INFO: Reap dead connection: [DummyConnection Server connection - model.nation.dutch]
May 08, 2018 7:08:41 PM net.sf.freecol.common.model.Specification applyDifficultyLevel
INFO: Applying difficulty level model.difficulty.medium
May 08, 2018 7:08:41 PM net.sf.freecol.common.FreeColSeed getFreeColSeed
INFO: Using seed: -6279423063128295402
May 08, 2018 7:08:41 PM net.sf.freecol.server.networking.Server sendToAll
INFO: Reap dead connection: [DummyConnection Server connection - model.nation.apache]
May 08, 2018 7:08:41 PM net.sf.freecol.server.networking.Server sendToAll
INFO: Reap dead connection: [DummyConnection Server connection - model.nation.iroquois]
May 08, 2018 7:08:41 PM net.sf.freecol.server.networking.Server sendToAll
INFO: Reap dead connection: [DummyConnection Server connection - model.nation.tupi]
May 08, 2018 7:08:41 PM net.sf.freecol.server.networking.Server sendToAll
INFO: Reap dead connection: [DummyConnection Server connection - model.nation.spanish]
May 08, 2018 7:08:41 PM net.sf.freecol.server.networking.Server sendToAll
INFO: Reap dead connection: [DummyConnection Server connection - model.nation.sioux]
May 08, 2018 7:08:41 PM net.sf.freecol.server.networking.Server sendToAll
INFO: Reap dead connection: [DummyConnection Server connection - model.nation.inca]
May 08, 2018 7:08:41 PM net.sf.freecol.server.networking.Server sendToAll
INFO: Reap dead connection: [DummyConnection Server connection - model.nation.french]
May 08, 2018 7:08:41 PM net.sf.freecol.server.networking.Server sendToAll
INFO: Reap dead connection: [DummyConnection Server connection - model.nation.english]
May 08, 2018 7:08:41 PM net.sf.freecol.server.networking.Server sendToAll
INFO: Reap dead connection: [DummyConnection Server connection - model.nation.dutch]
May 08, 2018 7:08:41 PM net.sf.freecol.server.networking.Server sendToAll
INFO: Reap dead connection: [DummyConnection Server connection - model.nation.arawak]
May 08, 2018 7:08:41 PM net.sf.freecol.server.networking.Server sendToAll
INFO: Reap dead connection: [DummyConnection Server connection - model.nation.aztec]
May 08, 2018 7:08:41 PM net.sf.freecol.server.networking.Server sendToAll
INFO: Reap dead connection: [DummyConnection Server connection - model.nation.cherokee]
May 08, 2018 7:08:41 PM net.sf.freecol.common.model.Specification applyDifficultyLevel
INFO: Applying difficulty level model.difficulty.medium
May 08, 2018 7:08:41 PM net.sf.freecol.common.FreeColSeed getFreeColSeed
INFO: Using seed: -2825512139722476447
May 08, 2018 7:08:41 PM net.sf.freecol.server.networking.Server sendToAll
INFO: Reap dead connection: [DummyConnection Server connection - model.nation.dutch]
May 08, 2018 7:08:41 PM net.sf.freecol.server.networking.Server sendToAll
INFO: Reap dead connection: [DummyConnection Server connection - model.nation.apache]
May 08, 2018 7:08:41 PM net.sf.freecol.server.networking.Server sendToAll
INFO: Reap dead connection: [DummyConnection Server connection - model.nation.iroquois]
May 08, 2018 7:08:41 PM net.sf.freecol.server.networking.Server sendToAll
INFO: Reap dead connection: [DummyConnection Server connection - model.nation.english]
May 08, 2018 7:08:41 PM net.sf.freecol.server.networking.Server sendToAll
INFO: Reap dead connection: [DummyConnection Server connection - model.nation.french]
May 08, 2018 7:08:41 PM net.sf.freecol.server.networking.Server sendToAll
INFO: Reap dead connection: [DummyConnection Server connection - model.nation.cherokee]
May 08, 2018 7:08:41 PM net.sf.freecol.server.networking.Server sendToAll
INFO: Reap dead connection: [DummyConnection Server connection - model.nation.spanish]
May 08, 2018 7:08:41 PM net.sf.freecol.server.networking.Server sendToAll
INFO: Reap dead connection: [DummyConnection Server connection - model.nation.tupi]
May 08, 2018 7:08:41 PM net.sf.freecol.server.networking.Server sendToAll
INFO: Reap dead connection: [DummyConnection Server connection - model.nation.sioux]
May 08, 2018 7:08:41 PM net.sf.freecol.server.networking.Server sendToAll
INFO: Reap dead connection: [DummyConnection Server connection - model.nation.arawak]
May 08, 2018 7:08:41 PM net.sf.freecol.server.networking.Server sendToAll
INFO: Reap dead connection: [DummyConnection Server connection - model.nation.inca]
May 08, 2018 7:08:41 PM net.sf.freecol.server.networking.Server sendToAll
INFO: Reap dead connection: [DummyConnection Server connection - model.nation.aztec]
May 08, 2018 7:08:41 PM net.sf.freecol.common.model.Specification applyDifficultyLevel
INFO: Applying difficulty level model.difficulty.medium
May 08, 2018 7:08:41 PM net.sf.freecol.common.FreeColSeed getFreeColSeed
INFO: Using seed: 7055858587892090496
May 08, 2018 7:08:41 PM net.sf.freecol.server.networking.Server sendToAll
INFO: Reap dead connection: [DummyConnection Server connection - model.nation.english]
May 08, 2018 7:08:41 PM net.sf.freecol.server.networking.Server sendToAll
INFO: Reap dead connection: [DummyConnection Server connection - model.nation.tupi]
May 08, 2018 7:08:41 PM net.sf.freecol.server.networking.Server sendToAll
INFO: Reap dead connection: [DummyConnection Server connection - model.nation.dutch]
May 08, 2018 7:08:41 PM net.sf.freecol.server.networking.Server sendToAll
INFO: Reap dead connection: [DummyConnection Server connection - model.nation.aztec]
May 08, 2018 7:08:41 PM net.sf.freecol.server.networking.Server sendToAll
INFO: Reap dead connection: [DummyConnection Server connection - model.nation.apache]
May 08, 2018 7:08:41 PM net.sf.freecol.server.networking.Server sendToAll
INFO: Reap dead connection: [DummyConnection Server connection - model.nation.spanish]
May 08, 2018 7:08:41 PM net.sf.freecol.server.networking.Server sendToAll
INFO: Reap dead connection: [DummyConnection Server connection - model.nation.sioux]
May 08, 2018 7:08:41 PM net.sf.freecol.server.networking.Server sendToAll
INFO: Reap dead connection: [DummyConnection Server connection - model.nation.inca]
May 08, 2018 7:08:41 PM net.sf.freecol.server.networking.Server sendToAll
INFO: Reap dead connection: [DummyConnection Server connection - model.nation.cherokee]
May 08, 2018 7:08:41 PM net.sf.freecol.server.networking.Server sendToAll
INFO: Reap dead connection: [DummyConnection Server connection - model.nation.iroquois]
May 08, 2018 7:08:41 PM net.sf.freecol.server.networking.Server sendToAll
INFO: Reap dead connection: [DummyConnection Server connection - model.nation.french]
May 08, 2018 7:08:41 PM net.sf.freecol.server.networking.Server sendToAll
INFO: Reap dead connection: [DummyConnection Server connection - model.nation.arawak]
May 08, 2018 7:08:41 PM net.sf.freecol.common.model.Specification applyDifficultyLevel
INFO: Applying difficulty level model.difficulty.medium
May 08, 2018 7:08:41 PM net.sf.freecol.common.FreeColSeed getFreeColSeed
INFO: Using seed: -2838945917899376142
May 08, 2018 7:08:41 PM net.sf.freecol.server.networking.Server sendToAll
INFO: Reap dead connection: [DummyConnection Server connection - model.nation.iroquois]
May 08, 2018 7:08:41 PM net.sf.freecol.server.networking.Server sendToAll
INFO: Reap dead connection: [DummyConnection Server connection - model.nation.french]
May 08, 2018 7:08:41 PM net.sf.freecol.server.networking.Server sendToAll
INFO: Reap dead connection: [DummyConnection Server connection - model.nation.english]
May 08, 2018 7:08:41 PM net.sf.freecol.server.networking.Server sendToAll
INFO: Reap dead connection: [DummyConnection Server connection - model.nation.inca]
May 08, 2018 7:08:41 PM net.sf.freecol.server.networking.Server sendToAll
INFO: Reap dead connection: [DummyConnection Server connection - model.nation.apache]
May 08, 2018 7:08:41 PM net.sf.freecol.server.networking.Server sendToAll
INFO: Reap dead connection: [DummyConnection Server connection - model.nation.spanish]
May 08, 2018 7:08:41 PM net.sf.freecol.server.networking.Server sendToAll
INFO: Reap dead connection: [DummyConnection Server connection - model.nation.cherokee]
May 08, 2018 7:08:41 PM net.sf.freecol.server.networking.Server sendToAll
INFO: Reap dead connection: [DummyConnection Server connection - model.nation.dutch]
May 08, 2018 7:08:41 PM net.sf.freecol.server.networking.Server sendToAll
INFO: Reap dead connection: [DummyConnection Server connection - model.nation.tupi]
May 08, 2018 7:08:41 PM net.sf.freecol.server.networking.Server sendToAll
INFO: Reap dead connection: [DummyConnection Server connection - model.nation.arawak]
May 08, 2018 7:08:41 PM net.sf.freecol.server.networking.Server sendToAll
INFO: Reap dead connection: [DummyConnection Server connection - model.nation.sioux]
May 08, 2018 7:08:41 PM net.sf.freecol.server.networking.Server sendToAll
INFO: Reap dead connection: [DummyConnection Server connection - model.nation.aztec]
May 08, 2018 7:08:41 PM net.sf.freecol.common.model.Specification applyDifficultyLevel
INFO: Applying difficulty level model.difficulty.medium
May 08, 2018 7:08:41 PM net.sf.freecol.common.FreeColSeed getFreeColSeed
INFO: Using seed: 7782623395234625783
May 08, 2018 7:08:41 PM net.sf.freecol.server.networking.Server sendToAll
INFO: Reap dead connection: [DummyConnection Server connection - model.nation.dutch]
May 08, 2018 7:08:41 PM net.sf.freecol.server.networking.Server sendToAll
INFO: Reap dead connection: [DummyConnection Server connection - model.nation.french]
May 08, 2018 7:08:41 PM net.sf.freecol.server.networking.Server sendToAll
INFO: Reap dead connection: [DummyConnection Server connection - model.nation.inca]
May 08, 2018 7:08:41 PM net.sf.freecol.server.networking.Server sendToAll
INFO: Reap dead connection: [DummyConnection Server connection - model.nation.cherokee]
May 08, 2018 7:08:41 PM net.sf.freecol.server.networking.Server sendToAll
INFO: Reap dead connection: [DummyConnection Server connection - model.nation.tupi]
May 08, 2018 7:08:41 PM net.sf.freecol.server.networking.Server sendToAll
INFO: Reap dead connection: [DummyConnection Server connection - model.nation.sioux]
May 08, 2018 7:08:41 PM net.sf.freecol.server.networking.Server sendToAll
INFO: Reap dead connection: [DummyConnection Server connection - model.nation.iroquois]
May 08, 2018 7:08:41 PM net.sf.freecol.server.networking.Server sendToAll
INFO: Reap dead connection: [DummyConnection Server connection - model.nation.english]
May 08, 2018 7:08:41 PM net.sf.freecol.server.networking.Server sendToAll
INFO: Reap dead connection: [DummyConnection Server connection - model.nation.apache]
May 08, 2018 7:08:41 PM net.sf.freecol.server.networking.Server sendToAll
INFO: Reap dead connection: [DummyConnection Server connection - model.nation.aztec]
May 08, 2018 7:08:41 PM net.sf.freecol.server.networking.Server sendToAll
INFO: Reap dead connection: [DummyConnection Server connection - model.nation.arawak]
May 08, 2018 7:08:41 PM net.sf.freecol.server.networking.Server sendToAll
INFO: Reap dead connection: [DummyConnection Server connection - model.nation.spanish]
May 08, 2018 7:08:41 PM net.sf.freecol.common.model.Specification applyDifficultyLevel
INFO: Applying difficulty level model.difficulty.medium
May 08, 2018 7:08:41 PM net.sf.freecol.common.FreeColSeed getFreeColSeed
INFO: Using seed: 8073048279395520096
May 08, 2018 7:08:41 PM net.sf.freecol.server.networking.Server sendToAll
INFO: Reap dead connection: [DummyConnection Server connection - model.nation.apache]
May 08, 2018 7:08:41 PM net.sf.freecol.server.networking.Server sendToAll
INFO: Reap dead connection: [DummyConnection Server connection - model.nation.sioux]
May 08, 2018 7:08:41 PM net.sf.freecol.server.networking.Server sendToAll
INFO: Reap dead connection: [DummyConnection Server connection - model.nation.cherokee]
May 08, 2018 7:08:41 PM net.sf.freecol.server.networking.Server sendToAll
INFO: Reap dead connection: [DummyConnection Server connection - model.nation.iroquois]
May 08, 2018 7:08:41 PM net.sf.freecol.server.networking.Server sendToAll
INFO: Reap dead connection: [DummyConnection Server connection - model.nation.french]
May 08, 2018 7:08:41 PM net.sf.freecol.server.networking.Server sendToAll
INFO: Reap dead connection: [DummyConnection Server connection - model.nation.spanish]
May 08, 2018 7:08:41 PM net.sf.freecol.server.networking.Server sendToAll
INFO: Reap dead connection: [DummyConnection Server connection - model.nation.dutch]
May 08, 2018 7:08:41 PM net.sf.freecol.server.networking.Server sendToAll
INFO: Reap dead connection: [DummyConnection Server connection - model.nation.english]
May 08, 2018 7:08:41 PM net.sf.freecol.server.networking.Server sendToAll
INFO: Reap dead connection: [DummyConnection Server connection - model.nation.aztec]
May 08, 2018 7:08:41 PM net.sf.freecol.server.networking.Server sendToAll
INFO: Reap dead connection: [DummyConnection Server connection - model.nation.tupi]
May 08, 2018 7:08:41 PM net.sf.freecol.server.networking.Server sendToAll
INFO: Reap dead connection: [DummyConnection Server connection - model.nation.arawak]
May 08, 2018 7:08:41 PM net.sf.freecol.server.networking.Server sendToAll
INFO: Reap dead connection: [DummyConnection Server connection - model.nation.inca]
May 08, 2018 7:08:41 PM net.sf.freecol.common.model.Specification applyDifficultyLevel
INFO: Applying difficulty level model.difficulty.medium
May 08, 2018 7:08:41 PM net.sf.freecol.common.FreeColSeed getFreeColSeed
INFO: Using seed: 5465099747858956914
May 08, 2018 7:08:41 PM net.sf.freecol.server.networking.Server sendToAll
INFO: Reap dead connection: [DummyConnection Server connection - model.nation.english]
May 08, 2018 7:08:41 PM net.sf.freecol.server.networking.Server sendToAll
INFO: Reap dead connection: [DummyConnection Server connection - model.nation.inca]
May 08, 2018 7:08:41 PM net.sf.freecol.server.networking.Server sendToAll
INFO: Reap dead connection: [DummyConnection Server connection - model.nation.dutch]
May 08, 2018 7:08:41 PM net.sf.freecol.server.networking.Server sendToAll
INFO: Reap dead connection: [DummyConnection Server connection - model.nation.iroquois]
May 08, 2018 7:08:41 PM net.sf.freecol.server.networking.Server sendToAll
INFO: Reap dead connection: [DummyConnection Server connection - model.nation.cherokee]
May 08, 2018 7:08:41 PM net.sf.freecol.server.networking.Server sendToAll
INFO: Reap dead connection: [DummyConnection Server connection - model.nation.tupi]
May 08, 2018 7:08:41 PM net.sf.freecol.server.networking.Server sendToAll
INFO: Reap dead connection: [DummyConnection Server connection - model.nation.sioux]
May 08, 2018 7:08:41 PM net.sf.freecol.server.networking.Server sendToAll
INFO: Reap dead connection: [DummyConnection Server connection - model.nation.spanish]
May 08, 2018 7:08:41 PM net.sf.freecol.server.networking.Server sendToAll
INFO: Reap dead connection: [DummyConnection Server connection - model.nation.french]
May 08, 2018 7:08:41 PM net.sf.freecol.server.networking.Server sendToAll
INFO: Reap dead connection: [DummyConnection Server connection - model.nation.arawak]
May 08, 2018 7:08:41 PM net.sf.freecol.server.networking.Server sendToAll
INFO: Reap dead connection: [DummyConnection Server connection - model.nation.apache]
May 08, 2018 7:08:41 PM net.sf.freecol.server.networking.Server sendToAll
INFO: Reap dead connection: [DummyConnection Server connection - model.nation.aztec]
May 08, 2018 7:08:41 PM net.sf.freecol.common.model.Specification applyDifficultyLevel
INFO: Applying difficulty level model.difficulty.medium
May 08, 2018 7:08:41 PM net.sf.freecol.common.FreeColSeed getFreeColSeed
INFO: Using seed: -932940319478487035
May 08, 2018 7:08:41 PM net.sf.freecol.server.networking.Server sendToAll
INFO: Reap dead connection: [DummyConnection Server connection - model.nation.tupi]
May 08, 2018 7:08:41 PM net.sf.freecol.server.networking.Server sendToAll
INFO: Reap dead connection: [DummyConnection Server connection - model.nation.sioux]
May 08, 2018 7:08:41 PM net.sf.freecol.server.networking.Server sendToAll
INFO: Reap dead connection: [DummyConnection Server connection - model.nation.dutch]
May 08, 2018 7:08:41 PM net.sf.freecol.server.networking.Server sendToAll
INFO: Reap dead connection: [DummyConnection Server connection - model.nation.inca]
May 08, 2018 7:08:41 PM net.sf.freecol.server.networking.Server sendToAll
INFO: Reap dead connection: [DummyConnection Server connection - model.nation.french]
May 08, 2018 7:08:41 PM net.sf.freecol.server.networking.Server sendToAll
INFO: Reap dead connection: [DummyConnection Server connection - model.nation.apache]
May 08, 2018 7:08:41 PM net.sf.freecol.server.networking.Server sendToAll
INFO: Reap dead connection: [DummyConnection Server connection - model.nation.aztec]
May 08, 2018 7:08:41 PM net.sf.freecol.server.networking.Server sendToAll
INFO: Reap dead connection: [DummyConnection Server connection - model.nation.cherokee]
May 08, 2018 7:08:41 PM net.sf.freecol.server.networking.Server sendToAll
INFO: Reap dead connection: [DummyConnection Server connection - model.nation.iroquois]
May 08, 2018 7:08:41 PM net.sf.freecol.server.networking.Server sendToAll
INFO: Reap dead connection: [DummyConnection Server connection - model.nation.spanish]
May 08, 2018 7:08:41 PM net.sf.freecol.server.networking.Server sendToAll
INFO: Reap dead connection: [DummyConnection Server connection - model.nation.arawak]
May 08, 2018 7:08:41 PM net.sf.freecol.server.networking.Server sendToAll
INFO: Reap dead connection: [DummyConnection Server connection - model.nation.english]
May 08, 2018 7:08:41 PM net.sf.freecol.common.model.Specification applyDifficultyLevel
INFO: Applying difficulty level model.difficulty.medium
May 08, 2018 7:08:41 PM net.sf.freecol.common.FreeColSeed getFreeColSeed
INFO: Using seed: -7374756709289871645
May 08, 2018 7:08:41 PM net.sf.freecol.server.networking.Server sendToAll
INFO: Reap dead connection: [DummyConnection Server connection - model.nation.tupi]
May 08, 2018 7:08:41 PM net.sf.freecol.server.networking.Server sendToAll
INFO: Reap dead connection: [DummyConnection Server connection - model.nation.dutch]
May 08, 2018 7:08:41 PM net.sf.freecol.server.networking.Server sendToAll
INFO: Reap dead connection: [DummyConnection Server connection - model.nation.sioux]
May 08, 2018 7:08:41 PM net.sf.freecol.server.networking.Server sendToAll
INFO: Reap dead connection: [DummyConnection Server connection - model.nation.apache]
May 08, 2018 7:08:41 PM net.sf.freecol.server.networking.Server sendToAll
INFO: Reap dead connection: [DummyConnection Server connection - model.nation.iroquois]
May 08, 2018 7:08:41 PM net.sf.freecol.server.networking.Server sendToAll
INFO: Reap dead connection: [DummyConnection Server connection - model.nation.english]
May 08, 2018 7:08:41 PM net.sf.freecol.server.networking.Server sendToAll
INFO: Reap dead connection: [DummyConnection Server connection - model.nation.cherokee]
May 08, 2018 7:08:41 PM net.sf.freecol.server.networking.Server sendToAll
INFO: Reap dead connection: [DummyConnection Server connection - model.nation.arawak]
May 08, 2018 7:08:41 PM net.sf.freecol.server.networking.Server sendToAll
INFO: Reap dead connection: [DummyConnection Server connection - model.nation.inca]
May 08, 2018 7:08:41 PM net.sf.freecol.server.networking.Server sendToAll
INFO: Reap dead connection: [DummyConnection Server connection - model.nation.french]
May 08, 2018 7:08:41 PM net.sf.freecol.server.networking.Server sendToAll
INFO: Reap dead connection: [DummyConnection Server connection - model.nation.aztec]
May 08, 2018 7:08:41 PM net.sf.freecol.server.networking.Server sendToAll
INFO: Reap dead connection: [DummyConnection Server connection - model.nation.spanish]
May 08, 2018 7:08:41 PM net.sf.freecol.common.model.Specification applyDifficultyLevel
INFO: Applying difficulty level model.difficulty.medium
May 08, 2018 7:08:41 PM net.sf.freecol.common.FreeColSeed getFreeColSeed
INFO: Using seed: 8466764716355192388
May 08, 2018 7:08:41 PM net.sf.freecol.server.networking.Server sendToAll
INFO: Reap dead connection: [DummyConnection Server connection - model.nation.aztec]
May 08, 2018 7:08:41 PM net.sf.freecol.server.networking.Server sendToAll
INFO: Reap dead connection: [DummyConnection Server connection - model.nation.tupi]
May 08, 2018 7:08:41 PM net.sf.freecol.server.networking.Server sendToAll
INFO: Reap dead connection: [DummyConnection Server connection - model.nation.apache]
May 08, 2018 7:08:41 PM net.sf.freecol.server.networking.Server sendToAll
INFO: Reap dead connection: [DummyConnection Server connection - model.nation.sioux]
May 08, 2018 7:08:41 PM net.sf.freecol.server.networking.Server sendToAll
INFO: Reap dead connection: [DummyConnection Server connection - model.nation.spanish]
May 08, 2018 7:08:41 PM net.sf.freecol.server.networking.Server sendToAll
INFO: Reap dead connection: [DummyConnection Server connection - model.nation.arawak]
May 08, 2018 7:08:41 PM net.sf.freecol.server.networking.Server sendToAll
INFO: Reap dead connection: [DummyConnection Server connection - model.nation.iroquois]
May 08, 2018 7:08:41 PM net.sf.freecol.server.networking.Server sendToAll
INFO: Reap dead connection: [DummyConnection Server connection - model.nation.dutch]
May 08, 2018 7:08:41 PM net.sf.freecol.server.networking.Server sendToAll
INFO: Reap dead connection: [DummyConnection Server connection - model.nation.inca]
May 08, 2018 7:08:41 PM net.sf.freecol.server.networking.Server sendToAll
INFO: Reap dead connection: [DummyConnection Server connection - model.nation.english]
May 08, 2018 7:08:41 PM net.sf.freecol.server.networking.Server sendToAll
INFO: Reap dead connection: [DummyConnection Server connection - model.nation.cherokee]
May 08, 2018 7:08:41 PM net.sf.freecol.server.networking.Server sendToAll
INFO: Reap dead connection: [DummyConnection Server connection - model.nation.french]
May 08, 2018 7:08:41 PM net.sf.freecol.common.model.Specification applyDifficultyLevel
INFO: Applying difficulty level model.difficulty.medium
May 08, 2018 7:08:41 PM net.sf.freecol.common.FreeColSeed getFreeColSeed
INFO: Using seed: 8849505579639241473
May 08, 2018 7:08:41 PM net.sf.freecol.server.networking.Server sendToAll
INFO: Reap dead connection: [DummyConnection Server connection - model.nation.dutch]
May 08, 2018 7:08:41 PM net.sf.freecol.server.networking.Server sendToAll
INFO: Reap dead connection: [DummyConnection Server connection - model.nation.spanish]
May 08, 2018 7:08:41 PM net.sf.freecol.server.networking.Server sendToAll
INFO: Reap dead connection: [DummyConnection Server connection - model.nation.cherokee]
May 08, 2018 7:08:41 PM net.sf.freecol.server.networking.Server sendToAll
INFO: Reap dead connection: [DummyConnection Server connection - model.nation.inca]
May 08, 2018 7:08:41 PM net.sf.freecol.server.networking.Server sendToAll
INFO: Reap dead connection: [DummyConnection Server connection - model.nation.english]
May 08, 2018 7:08:41 PM net.sf.freecol.server.networking.Server sendToAll
INFO: Reap dead connection: [DummyConnection Server connection - model.nation.tupi]
May 08, 2018 7:08:41 PM net.sf.freecol.server.networking.Server sendToAll
INFO: Reap dead connection: [DummyConnection Server connection - model.nation.aztec]
May 08, 2018 7:08:41 PM net.sf.freecol.server.networking.Server sendToAll
INFO: Reap dead connection: [DummyConnection Server connection - model.nation.iroquois]
May 08, 2018 7:08:41 PM net.sf.freecol.server.networking.Server sendToAll
INFO: Reap dead connection: [DummyConnection Server connection - model.nation.french]
May 08, 2018 7:08:41 PM net.sf.freecol.server.networking.Server sendToAll
INFO: Reap dead connection: [DummyConnection Server connection - model.nation.apache]
May 08, 2018 7:08:41 PM net.sf.freecol.server.networking.Server sendToAll
INFO: Reap dead connection: [DummyConnection Server connection - model.nation.arawak]
May 08, 2018 7:08:41 PM net.sf.freecol.server.networking.Server sendToAll
INFO: Reap dead connection: [DummyConnection Server connection - model.nation.sioux]
May 08, 2018 7:08:41 PM net.sf.freecol.common.model.Specification applyDifficultyLevel
INFO: Applying difficulty level model.difficulty.medium
May 08, 2018 7:08:41 PM net.sf.freecol.common.FreeColSeed getFreeColSeed
INFO: Using seed: -73983262432468305
May 08, 2018 7:08:41 PM net.sf.freecol.server.networking.Server sendToAll
INFO: Reap dead connection: [DummyConnection Server connection - model.nation.inca]
May 08, 2018 7:08:41 PM net.sf.freecol.server.networking.Server sendToAll
INFO: Reap dead connection: [DummyConnection Server connection - model.nation.english]
May 08, 2018 7:08:41 PM net.sf.freecol.server.networking.Server sendToAll
INFO: Reap dead connection: [DummyConnection Server connection - model.nation.aztec]
May 08, 2018 7:08:41 PM net.sf.freecol.server.networking.Server sendToAll
INFO: Reap dead connection: [DummyConnection Server connection - model.nation.spanish]
May 08, 2018 7:08:41 PM net.sf.freecol.server.networking.Server sendToAll
INFO: Reap dead connection: [DummyConnection Server connection - model.nation.french]
May 08, 2018 7:08:41 PM net.sf.freecol.server.networking.Server sendToAll
INFO: Reap dead connection: [DummyConnection Server connection - model.nation.apache]
May 08, 2018 7:08:41 PM net.sf.freecol.server.networking.Server sendToAll
INFO: Reap dead connection: [DummyConnection Server connection - model.nation.iroquois]
May 08, 2018 7:08:41 PM net.sf.freecol.server.networking.Server sendToAll
INFO: Reap dead connection: [DummyConnection Server connection - model.nation.sioux]
May 08, 2018 7:08:41 PM net.sf.freecol.server.networking.Server sendToAll
INFO: Reap dead connection: [DummyConnection Server connection - model.nation.tupi]
May 08, 2018 7:08:41 PM net.sf.freecol.server.networking.Server sendToAll
INFO: Reap dead connection: [DummyConnection Server connection - model.nation.dutch]
May 08, 2018 7:08:41 PM net.sf.freecol.server.networking.Server sendToAll
INFO: Reap dead connection: [DummyConnection Server connection - model.nation.arawak]
May 08, 2018 7:08:41 PM net.sf.freecol.server.networking.Server sendToAll
INFO: Reap dead connection: [DummyConnection Server connection - model.nation.cherokee]
May 08, 2018 7:08:41 PM net.sf.freecol.common.model.Specification applyDifficultyLevel
INFO: Applying difficulty level model.difficulty.medium
May 08, 2018 7:08:41 PM net.sf.freecol.common.FreeColSeed getFreeColSeed
INFO: Using seed: -7955317749028006449
May 08, 2018 7:08:41 PM net.sf.freecol.server.networking.Server sendToAll
INFO: Reap dead connection: [DummyConnection Server connection - model.nation.apache]
May 08, 2018 7:08:41 PM net.sf.freecol.server.networking.Server sendToAll
INFO: Reap dead connection: [DummyConnection Server connection - model.nation.inca]
May 08, 2018 7:08:41 PM net.sf.freecol.server.networking.Server sendToAll
INFO: Reap dead connection: [DummyConnection Server connection - model.nation.cherokee]
May 08, 2018 7:08:41 PM net.sf.freecol.server.networking.Server sendToAll
INFO: Reap dead connection: [DummyConnection Server connection - model.nation.iroquois]
May 08, 2018 7:08:41 PM net.sf.freecol.server.networking.Server sendToAll
INFO: Reap dead connection: [DummyConnection Server connection - model.nation.spanish]
May 08, 2018 7:08:41 PM net.sf.freecol.server.networking.Server sendToAll
INFO: Reap dead connection: [DummyConnection Server connection - model.nation.sioux]
May 08, 2018 7:08:41 PM net.sf.freecol.server.networking.Server sendToAll
INFO: Reap dead connection: [DummyConnection Server connection - model.nation.aztec]
May 08, 2018 7:08:41 PM net.sf.freecol.server.networking.Server sendToAll
INFO: Reap dead connection: [DummyConnection Server connection - model.nation.french]
May 08, 2018 7:08:41 PM net.sf.freecol.server.networking.Server sendToAll
INFO: Reap dead connection: [DummyConnection Server connection - model.nation.english]
May 08, 2018 7:08:41 PM net.sf.freecol.server.networking.Server sendToAll
INFO: Reap dead connection: [DummyConnection Server connection - model.nation.tupi]
May 08, 2018 7:08:41 PM net.sf.freecol.server.networking.Server sendToAll
INFO: Reap dead connection: [DummyConnection Server connection - model.nation.dutch]
May 08, 2018 7:08:41 PM net.sf.freecol.server.networking.Server sendToAll
INFO: Reap dead connection: [DummyConnection Server connection - model.nation.arawak]
May 08, 2018 7:08:41 PM net.sf.freecol.common.model.Specification applyDifficultyLevel
INFO: Applying difficulty level model.difficulty.medium
May 08, 2018 7:08:41 PM net.sf.freecol.common.FreeColSeed getFreeColSeed
INFO: Using seed: 1578676523156232453
May 08, 2018 7:08:41 PM net.sf.freecol.server.networking.Server sendToAll
INFO: Reap dead connection: [DummyConnection Server connection - model.nation.arawak]
May 08, 2018 7:08:41 PM net.sf.freecol.server.networking.Server sendToAll
INFO: Reap dead connection: [DummyConnection Server connection - model.nation.inca]
May 08, 2018 7:08:41 PM net.sf.freecol.server.networking.Server sendToAll
INFO: Reap dead connection: [DummyConnection Server connection - model.nation.spanish]
May 08, 2018 7:08:41 PM net.sf.freecol.server.networking.Server sendToAll
INFO: Reap dead connection: [DummyConnection Server connection - model.nation.iroquois]
May 08, 2018 7:08:41 PM net.sf.freecol.server.networking.Server sendToAll
INFO: Reap dead connection: [DummyConnection Server connection - model.nation.english]
May 08, 2018 7:08:41 PM net.sf.freecol.server.networking.Server sendToAll
INFO: Reap dead connection: [DummyConnection Server connection - model.nation.aztec]
May 08, 2018 7:08:41 PM net.sf.freecol.server.networking.Server sendToAll
INFO: Reap dead connection: [DummyConnection Server connection - model.nation.apache]
May 08, 2018 7:08:41 PM net.sf.freecol.server.networking.Server sendToAll
INFO: Reap dead connection: [DummyConnection Server connection - model.nation.cherokee]
May 08, 2018 7:08:41 PM net.sf.freecol.server.networking.Server sendToAll
INFO: Reap dead connection: [DummyConnection Server connection - model.nation.dutch]
May 08, 2018 7:08:41 PM net.sf.freecol.server.networking.Server sendToAll
INFO: Reap dead connection: [DummyConnection Server connection - model.nation.tupi]
May 08, 2018 7:08:41 PM net.sf.freecol.server.networking.Server sendToAll
INFO: Reap dead connection: [DummyConnection Server connection - model.nation.sioux]
May 08, 2018 7:08:41 PM net.sf.freecol.server.networking.Server sendToAll
INFO: Reap dead connection: [DummyConnection Server connection - model.nation.french]
May 08, 2018 7:08:41 PM net.sf.freecol.common.model.Specification applyDifficultyLevel
INFO: Applying difficulty level model.difficulty.medium
May 08, 2018 7:08:41 PM net.sf.freecol.common.FreeColSeed getFreeColSeed
INFO: Using seed: -8775520630957107727
May 08, 2018 7:08:41 PM net.sf.freecol.server.networking.Server sendToAll
INFO: Reap dead connection: [DummyConnection Server connection - model.nation.tupi]
May 08, 2018 7:08:41 PM net.sf.freecol.server.networking.Server sendToAll
INFO: Reap dead connection: [DummyConnection Server connection - model.nation.cherokee]
May 08, 2018 7:08:41 PM net.sf.freecol.server.networking.Server sendToAll
INFO: Reap dead connection: [DummyConnection Server connection - model.nation.english]
May 08, 2018 7:08:41 PM net.sf.freecol.server.networking.Server sendToAll
INFO: Reap dead connection: [DummyConnection Server connection - model.nation.french]
May 08, 2018 7:08:41 PM net.sf.freecol.server.networking.Server sendToAll
INFO: Reap dead connection: [DummyConnection Server connection - model.nation.inca]
May 08, 2018 7:08:41 PM net.sf.freecol.server.networking.Server sendToAll
INFO: Reap dead connection: [DummyConnection Server connection - model.nation.apache]
May 08, 2018 7:08:41 PM net.sf.freecol.server.networking.Server sendToAll
INFO: Reap dead connection: [DummyConnection Server connection - model.nation.spanish]
May 08, 2018 7:08:41 PM net.sf.freecol.server.networking.Server sendToAll
INFO: Reap dead connection: [DummyConnection Server connection - model.nation.iroquois]
May 08, 2018 7:08:41 PM net.sf.freecol.server.networking.Server sendToAll
INFO: Reap dead connection: [DummyConnection Server connection - model.nation.sioux]
May 08, 2018 7:08:41 PM net.sf.freecol.server.networking.Server sendToAll
INFO: Reap dead connection: [DummyConnection Server connection - model.nation.arawak]
May 08, 2018 7:08:41 PM net.sf.freecol.server.networking.Server sendToAll
INFO: Reap dead connection: [DummyConnection Server connection - model.nation.aztec]
May 08, 2018 7:08:41 PM net.sf.freecol.server.networking.Server sendToAll
INFO: Reap dead connection: [DummyConnection Server connection - model.nation.dutch]
May 08, 2018 7:08:41 PM net.sf.freecol.common.model.Specification applyDifficultyLevel
INFO: Applying difficulty level model.difficulty.medium
May 08, 2018 7:08:41 PM net.sf.freecol.common.FreeColSeed getFreeColSeed
INFO: Using seed: 4127357200768976438
May 08, 2018 7:08:41 PM net.sf.freecol.server.networking.Server sendToAll
INFO: Reap dead connection: [DummyConnection Server connection - model.nation.iroquois]
May 08, 2018 7:08:41 PM net.sf.freecol.server.networking.Server sendToAll
INFO: Reap dead connection: [DummyConnection Server connection - model.nation.spanish]
May 08, 2018 7:08:41 PM net.sf.freecol.server.networking.Server sendToAll
INFO: Reap dead connection: [DummyConnection Server connection - model.nation.cherokee]
May 08, 2018 7:08:41 PM net.sf.freecol.server.networking.Server sendToAll
INFO: Reap dead connection: [DummyConnection Server connection - model.nation.english]
May 08, 2018 7:08:41 PM net.sf.freecol.server.networking.Server sendToAll
INFO: Reap dead connection: [DummyConnection Server connection - model.nation.arawak]
May 08, 2018 7:08:41 PM net.sf.freecol.server.networking.Server sendToAll
INFO: Reap dead connection: [DummyConnection Server connection - model.nation.apache]
May 08, 2018 7:08:41 PM net.sf.freecol.server.networking.Server sendToAll
INFO: Reap dead connection: [DummyConnection Server connection - model.nation.inca]
May 08, 2018 7:08:41 PM net.sf.freecol.server.networking.Server sendToAll
INFO: Reap dead connection: [DummyConnection Server connection - model.nation.aztec]
May 08, 2018 7:08:41 PM net.sf.freecol.server.networking.Server sendToAll
INFO: Reap dead connection: [DummyConnection Server connection - model.nation.dutch]
May 08, 2018 7:08:41 PM net.sf.freecol.server.networking.Server sendToAll
INFO: Reap dead connection: [DummyConnection Server connection - model.nation.sioux]
May 08, 2018 7:08:41 PM net.sf.freecol.server.networking.Server sendToAll
INFO: Reap dead connection: [DummyConnection Server connection - model.nation.tupi]
May 08, 2018 7:08:41 PM net.sf.freecol.server.networking.Server sendToAll
INFO: Reap dead connection: [DummyConnection Server connection - model.nation.french]
May 08, 2018 7:08:41 PM net.sf.freecol.common.model.Specification applyDifficultyLevel
INFO: Applying difficulty level model.difficulty.medium
May 08, 2018 7:08:41 PM net.sf.freecol.common.FreeColSeed getFreeColSeed
INFO: Using seed: 286665375689739848
May 08, 2018 7:08:41 PM net.sf.freecol.server.networking.Server sendToAll
INFO: Reap dead connection: [DummyConnection Server connection - model.nation.apache]
May 08, 2018 7:08:41 PM net.sf.freecol.server.networking.Server sendToAll
INFO: Reap dead connection: [DummyConnection Server connection - model.nation.dutch]
May 08, 2018 7:08:41 PM net.sf.freecol.server.networking.Server sendToAll
INFO: Reap dead connection: [DummyConnection Server connection - model.nation.inca]
May 08, 2018 7:08:41 PM net.sf.freecol.server.networking.Server sendToAll
INFO: Reap dead connection: [DummyConnection Server connection - model.nation.spanish]
May 08, 2018 7:08:41 PM net.sf.freecol.server.networking.Server sendToAll
INFO: Reap dead connection: [DummyConnection Server connection - model.nation.tupi]
May 08, 2018 7:08:41 PM net.sf.freecol.server.networking.Server sendToAll
INFO: Reap dead connection: [DummyConnection Server connection - model.nation.arawak]
May 08, 2018 7:08:41 PM net.sf.freecol.server.networking.Server sendToAll
INFO: Reap dead connection: [DummyConnection Server connection - model.nation.french]
May 08, 2018 7:08:41 PM net.sf.freecol.server.networking.Server sendToAll
INFO: Reap dead connection: [DummyConnection Server connection - model.nation.cherokee]
May 08, 2018 7:08:41 PM net.sf.freecol.server.networking.Server sendToAll
INFO: Reap dead connection: [DummyConnection Server connection - model.nation.sioux]
May 08, 2018 7:08:41 PM net.sf.freecol.server.networking.Server sendToAll
INFO: Reap dead connection: [DummyConnection Server connection - model.nation.english]
May 08, 2018 7:08:41 PM net.sf.freecol.server.networking.Server sendToAll
INFO: Reap dead connection: [DummyConnection Server connection - model.nation.aztec]
May 08, 2018 7:08:41 PM net.sf.freecol.server.networking.Server sendToAll
INFO: Reap dead connection: [DummyConnection Server connection - model.nation.iroquois]
May 08, 2018 7:08:41 PM net.sf.freecol.common.model.Specification applyDifficultyLevel
INFO: Applying difficulty level model.difficulty.medium
May 08, 2018 7:08:41 PM net.sf.freecol.common.FreeColSeed getFreeColSeed
INFO: Using seed: -4618979874073001062
May 08, 2018 7:08:41 PM net.sf.freecol.server.networking.Server sendToAll
INFO: Reap dead connection: [DummyConnection Server connection - model.nation.spanish]
May 08, 2018 7:08:41 PM net.sf.freecol.server.networking.Server sendToAll
INFO: Reap dead connection: [DummyConnection Server connection - model.nation.cherokee]
May 08, 2018 7:08:41 PM net.sf.freecol.server.networking.Server sendToAll
INFO: Reap dead connection: [DummyConnection Server connection - model.nation.arawak]
May 08, 2018 7:08:41 PM net.sf.freecol.server.networking.Server sendToAll
INFO: Reap dead connection: [DummyConnection Server connection - model.nation.dutch]
May 08, 2018 7:08:41 PM net.sf.freecol.server.networking.Server sendToAll
INFO: Reap dead connection: [DummyConnection Server connection - model.nation.apache]
May 08, 2018 7:08:41 PM net.sf.freecol.server.networking.Server sendToAll
INFO: Reap dead connection: [DummyConnection Server connection - model.nation.tupi]
May 08, 2018 7:08:41 PM net.sf.freecol.server.networking.Server sendToAll
INFO: Reap dead connection: [DummyConnection Server connection - model.nation.sioux]
May 08, 2018 7:08:41 PM net.sf.freecol.server.networking.Server sendToAll
INFO: Reap dead connection: [DummyConnection Server connection - model.nation.english]
May 08, 2018 7:08:41 PM net.sf.freecol.server.networking.Server sendToAll
INFO: Reap dead connection: [DummyConnection Server connection - model.nation.french]
May 08, 2018 7:08:41 PM net.sf.freecol.server.networking.Server sendToAll
INFO: Reap dead connection: [DummyConnection Server connection - model.nation.inca]
May 08, 2018 7:08:41 PM net.sf.freecol.server.networking.Server sendToAll
INFO: Reap dead connection: [DummyConnection Server connection - model.nation.iroquois]
May 08, 2018 7:08:41 PM net.sf.freecol.server.networking.Server sendToAll
INFO: Reap dead connection: [DummyConnection Server connection - model.nation.aztec]
May 08, 2018 7:08:41 PM net.sf.freecol.common.model.Specification applyDifficultyLevel
INFO: Applying difficulty level model.difficulty.medium
May 08, 2018 7:08:41 PM net.sf.freecol.common.FreeColSeed getFreeColSeed
INFO: Using seed: 6413845448291888767
May 08, 2018 7:08:41 PM net.sf.freecol.server.networking.Server sendToAll
INFO: Reap dead connection: [DummyConnection Server connection - model.nation.dutch]
May 08, 2018 7:08:41 PM net.sf.freecol.server.networking.Server sendToAll
INFO: Reap dead connection: [DummyConnection Server connection - model.nation.english]
May 08, 2018 7:08:41 PM net.sf.freecol.server.networking.Server sendToAll
INFO: Reap dead connection: [DummyConnection Server connection - model.nation.cherokee]
May 08, 2018 7:08:41 PM net.sf.freecol.server.networking.Server sendToAll
INFO: Reap dead connection: [DummyConnection Server connection - model.nation.tupi]
May 08, 2018 7:08:41 PM net.sf.freecol.server.networking.Server sendToAll
INFO: Reap dead connection: [DummyConnection Server connection - model.nation.inca]
May 08, 2018 7:08:41 PM net.sf.freecol.server.networking.Server sendToAll
INFO: Reap dead connection: [DummyConnection Server connection - model.nation.aztec]
May 08, 2018 7:08:41 PM net.sf.freecol.server.networking.Server sendToAll
INFO: Reap dead connection: [DummyConnection Server connection - model.nation.iroquois]
May 08, 2018 7:08:41 PM net.sf.freecol.server.networking.Server sendToAll
INFO: Reap dead connection: [DummyConnection Server connection - model.nation.apache]
May 08, 2018 7:08:41 PM net.sf.freecol.server.networking.Server sendToAll
INFO: Reap dead connection: [DummyConnection Server connection - model.nation.spanish]
May 08, 2018 7:08:41 PM net.sf.freecol.server.networking.Server sendToAll
INFO: Reap dead connection: [DummyConnection Server connection - model.nation.french]
May 08, 2018 7:08:41 PM net.sf.freecol.server.networking.Server sendToAll
INFO: Reap dead connection: [DummyConnection Server connection - model.nation.sioux]
May 08, 2018 7:08:41 PM net.sf.freecol.server.networking.Server sendToAll
INFO: Reap dead connection: [DummyConnection Server connection - model.nation.arawak]
May 08, 2018 7:08:41 PM net.sf.freecol.common.model.Specification applyDifficultyLevel
INFO: Applying difficulty level model.difficulty.medium
May 08, 2018 7:08:41 PM net.sf.freecol.common.FreeColSeed getFreeColSeed
INFO: Using seed: 4212092236990714987
May 08, 2018 7:08:41 PM net.sf.freecol.server.networking.Server sendToAll
INFO: Reap dead connection: [DummyConnection Server connection - model.nation.iroquois]
May 08, 2018 7:08:41 PM net.sf.freecol.server.networking.Server sendToAll
INFO: Reap dead connection: [DummyConnection Server connection - model.nation.tupi]
May 08, 2018 7:08:41 PM net.sf.freecol.server.networking.Server sendToAll
INFO: Reap dead connection: [DummyConnection Server connection - model.nation.english]
May 08, 2018 7:08:41 PM net.sf.freecol.server.networking.Server sendToAll
INFO: Reap dead connection: [DummyConnection Server connection - model.nation.arawak]
May 08, 2018 7:08:41 PM net.sf.freecol.server.networking.Server sendToAll
INFO: Reap dead connection: [DummyConnection Server connection - model.nation.inca]
May 08, 2018 7:08:41 PM net.sf.freecol.server.networking.Server sendToAll
INFO: Reap dead connection: [DummyConnection Server connection - model.nation.aztec]
May 08, 2018 7:08:41 PM net.sf.freecol.server.networking.Server sendToAll
INFO: Reap dead connection: [DummyConnection Server connection - model.nation.apache]
May 08, 2018 7:08:41 PM net.sf.freecol.server.networking.Server sendToAll
INFO: Reap dead connection: [DummyConnection Server connection - model.nation.french]
May 08, 2018 7:08:41 PM net.sf.freecol.server.networking.Server sendToAll
INFO: Reap dead connection: [DummyConnection Server connection - model.nation.spanish]
May 08, 2018 7:08:41 PM net.sf.freecol.server.networking.Server sendToAll
INFO: Reap dead connection: [DummyConnection Server connection - model.nation.sioux]
May 08, 2018 7:08:41 PM net.sf.freecol.server.networking.Server sendToAll
INFO: Reap dead connection: [DummyConnection Server connection - model.nation.dutch]
May 08, 2018 7:08:41 PM net.sf.freecol.server.networking.Server sendToAll
INFO: Reap dead connection: [DummyConnection Server connection - model.nation.cherokee]
May 08, 2018 7:08:41 PM net.sf.freecol.common.model.Specification applyDifficultyLevel
INFO: Applying difficulty level model.difficulty.medium
May 08, 2018 7:08:41 PM net.sf.freecol.common.FreeColSeed getFreeColSeed
INFO: Using seed: 858150036263622755
May 08, 2018 7:08:41 PM net.sf.freecol.server.networking.Server sendToAll
INFO: Reap dead connection: [DummyConnection Server connection - model.nation.tupi]
May 08, 2018 7:08:41 PM net.sf.freecol.server.networking.Server sendToAll
INFO: Reap dead connection: [DummyConnection Server connection - model.nation.iroquois]
May 08, 2018 7:08:41 PM net.sf.freecol.server.networking.Server sendToAll
INFO: Reap dead connection: [DummyConnection Server connection - model.nation.cherokee]
May 08, 2018 7:08:41 PM net.sf.freecol.server.networking.Server sendToAll
INFO: Reap dead connection: [DummyConnection Server connection - model.nation.sioux]
May 08, 2018 7:08:41 PM net.sf.freecol.server.networking.Server sendToAll
INFO: Reap dead connection: [DummyConnection Server connection - model.nation.arawak]
May 08, 2018 7:08:41 PM net.sf.freecol.server.networking.Server sendToAll
INFO: Reap dead connection: [DummyConnection Server connection - model.nation.aztec]
May 08, 2018 7:08:41 PM net.sf.freecol.server.networking.Server sendToAll
INFO: Reap dead connection: [DummyConnection Server connection - model.nation.french]
May 08, 2018 7:08:41 PM net.sf.freecol.server.networking.Server sendToAll
INFO: Reap dead connection: [DummyConnection Server connection - model.nation.english]
May 08, 2018 7:08:41 PM net.sf.freecol.server.networking.Server sendToAll
INFO: Reap dead connection: [DummyConnection Server connection - model.nation.spanish]
May 08, 2018 7:08:41 PM net.sf.freecol.server.networking.Server sendToAll
INFO: Reap dead connection: [DummyConnection Server connection - model.nation.dutch]
May 08, 2018 7:08:41 PM net.sf.freecol.server.networking.Server sendToAll
INFO: Reap dead connection: [DummyConnection Server connection - model.nation.inca]
May 08, 2018 7:08:41 PM net.sf.freecol.server.networking.Server sendToAll
INFO: Reap dead connection: [DummyConnection Server connection - model.nation.apache]
May 08, 2018 7:08:41 PM net.sf.freecol.common.model.Specification applyDifficultyLevel
INFO: Applying difficulty level model.difficulty.medium
May 08, 2018 7:08:41 PM net.sf.freecol.common.FreeColSeed getFreeColSeed
INFO: Using seed: 4723951032003840620
May 08, 2018 7:08:41 PM net.sf.freecol.server.networking.Server sendToAll
INFO: Reap dead connection: [DummyConnection Server connection - model.nation.apache]
May 08, 2018 7:08:41 PM net.sf.freecol.server.networking.Server sendToAll
INFO: Reap dead connection: [DummyConnection Server connection - model.nation.sioux]
May 08, 2018 7:08:41 PM net.sf.freecol.server.networking.Server sendToAll
INFO: Reap dead connection: [DummyConnection Server connection - model.nation.spanish]
May 08, 2018 7:08:41 PM net.sf.freecol.server.networking.Server sendToAll
INFO: Reap dead connection: [DummyConnection Server connection - model.nation.tupi]
May 08, 2018 7:08:41 PM net.sf.freecol.server.networking.Server sendToAll
INFO: Reap dead connection: [DummyConnection Server connection - model.nation.iroquois]
May 08, 2018 7:08:41 PM net.sf.freecol.server.networking.Server sendToAll
INFO: Reap dead connection: [DummyConnection Server connection - model.nation.french]
May 08, 2018 7:08:41 PM net.sf.freecol.server.networking.Server sendToAll
INFO: Reap dead connection: [DummyConnection Server connection - model.nation.english]
May 08, 2018 7:08:41 PM net.sf.freecol.server.networking.Server sendToAll
INFO: Reap dead connection: [DummyConnection Server connection - model.nation.inca]
May 08, 2018 7:08:41 PM net.sf.freecol.server.networking.Server sendToAll
INFO: Reap dead connection: [DummyConnection Server connection - model.nation.dutch]
May 08, 2018 7:08:41 PM net.sf.freecol.server.networking.Server sendToAll
INFO: Reap dead connection: [DummyConnection Server connection - model.nation.arawak]
May 08, 2018 7:08:41 PM net.sf.freecol.server.networking.Server sendToAll
INFO: Reap dead connection: [DummyConnection Server connection - model.nation.aztec]
May 08, 2018 7:08:41 PM net.sf.freecol.server.networking.Server sendToAll
INFO: Reap dead connection: [DummyConnection Server connection - model.nation.cherokee]
May 08, 2018 7:08:41 PM net.sf.freecol.common.model.Specification applyDifficultyLevel
INFO: Applying difficulty level model.difficulty.medium
May 08, 2018 7:08:41 PM net.sf.freecol.common.FreeColSeed getFreeColSeed
INFO: Using seed: -7396559732961814578
May 08, 2018 7:08:41 PM net.sf.freecol.server.networking.Server sendToAll
INFO: Reap dead connection: [DummyConnection Server connection - model.nation.tupi]
May 08, 2018 7:08:41 PM net.sf.freecol.server.networking.Server sendToAll
INFO: Reap dead connection: [DummyConnection Server connection - model.nation.arawak]
May 08, 2018 7:08:41 PM net.sf.freecol.server.networking.Server sendToAll
INFO: Reap dead connection: [DummyConnection Server connection - model.nation.iroquois]
May 08, 2018 7:08:41 PM net.sf.freecol.server.networking.Server sendToAll
INFO: Reap dead connection: [DummyConnection Server connection - model.nation.french]
May 08, 2018 7:08:41 PM net.sf.freecol.server.networking.Server sendToAll
INFO: Reap dead connection: [DummyConnection Server connection - model.nation.cherokee]
May 08, 2018 7:08:41 PM net.sf.freecol.server.networking.Server sendToAll
INFO: Reap dead connection: [DummyConnection Server connection - model.nation.english]
May 08, 2018 7:08:41 PM net.sf.freecol.server.networking.Server sendToAll
INFO: Reap dead connection: [DummyConnection Server connection - model.nation.inca]
May 08, 2018 7:08:41 PM net.sf.freecol.server.networking.Server sendToAll
INFO: Reap dead connection: [DummyConnection Server connection - model.nation.spanish]
May 08, 2018 7:08:41 PM net.sf.freecol.server.networking.Server sendToAll
INFO: Reap dead connection: [DummyConnection Server connection - model.nation.sioux]
May 08, 2018 7:08:41 PM net.sf.freecol.server.networking.Server sendToAll
INFO: Reap dead connection: [DummyConnection Server connection - model.nation.apache]
May 08, 2018 7:08:41 PM net.sf.freecol.server.networking.Server sendToAll
INFO: Reap dead connection: [DummyConnection Server connection - model.nation.dutch]
May 08, 2018 7:08:41 PM net.sf.freecol.server.networking.Server sendToAll
INFO: Reap dead connection: [DummyConnection Server connection - model.nation.aztec]
May 08, 2018 7:08:41 PM net.sf.freecol.common.model.Specification applyDifficultyLevel
INFO: Applying difficulty level model.difficulty.medium
May 08, 2018 7:08:41 PM net.sf.freecol.common.FreeColSeed getFreeColSeed
INFO: Using seed: -7837703341520786629
May 08, 2018 7:08:41 PM net.sf.freecol.server.networking.Server sendToAll
INFO: Reap dead connection: [DummyConnection Server connection - model.nation.cherokee]
May 08, 2018 7:08:41 PM net.sf.freecol.server.networking.Server sendToAll
INFO: Reap dead connection: [DummyConnection Server connection - model.nation.iroquois]
May 08, 2018 7:08:41 PM net.sf.freecol.server.networking.Server sendToAll
INFO: Reap dead connection: [DummyConnection Server connection - model.nation.dutch]
May 08, 2018 7:08:41 PM net.sf.freecol.server.networking.Server sendToAll
INFO: Reap dead connection: [DummyConnection Server connection - model.nation.spanish]
May 08, 2018 7:08:41 PM net.sf.freecol.server.networking.Server sendToAll
INFO: Reap dead connection: [DummyConnection Server connection - model.nation.tupi]
May 08, 2018 7:08:41 PM net.sf.freecol.server.networking.Server sendToAll
INFO: Reap dead connection: [DummyConnection Server connection - model.nation.sioux]
May 08, 2018 7:08:41 PM net.sf.freecol.server.networking.Server sendToAll
INFO: Reap dead connection: [DummyConnection Server connection - model.nation.apache]
May 08, 2018 7:08:41 PM net.sf.freecol.server.networking.Server sendToAll
INFO: Reap dead connection: [DummyConnection Server connection - model.nation.aztec]
May 08, 2018 7:08:41 PM net.sf.freecol.server.networking.Server sendToAll
INFO: Reap dead connection: [DummyConnection Server connection - model.nation.french]
May 08, 2018 7:08:41 PM net.sf.freecol.server.networking.Server sendToAll
INFO: Reap dead connection: [DummyConnection Server connection - model.nation.english]
May 08, 2018 7:08:41 PM net.sf.freecol.server.networking.Server sendToAll
INFO: Reap dead connection: [DummyConnection Server connection - model.nation.inca]
May 08, 2018 7:08:41 PM net.sf.freecol.server.networking.Server sendToAll
INFO: Reap dead connection: [DummyConnection Server connection - model.nation.arawak]
May 08, 2018 7:08:41 PM net.sf.freecol.common.model.Specification applyDifficultyLevel
INFO: Applying difficulty level model.difficulty.medium
May 08, 2018 7:08:41 PM net.sf.freecol.common.FreeColSeed getFreeColSeed
INFO: Using seed: 9159523120760596781
May 08, 2018 7:08:41 PM net.sf.freecol.server.networking.Server sendToAll
INFO: Reap dead connection: [DummyConnection Server connection - model.nation.dutch]
May 08, 2018 7:08:41 PM net.sf.freecol.server.networking.Server sendToAll
INFO: Reap dead connection: [DummyConnection Server connection - model.nation.arawak]
May 08, 2018 7:08:41 PM net.sf.freecol.server.networking.Server sendToAll
INFO: Reap dead connection: [DummyConnection Server connection - model.nation.inca]
May 08, 2018 7:08:41 PM net.sf.freecol.server.networking.Server sendToAll
INFO: Reap dead connection: [DummyConnection Server connection - model.nation.spanish]
May 08, 2018 7:08:41 PM net.sf.freecol.server.networking.Server sendToAll
INFO: Reap dead connection: [DummyConnection Server connection - model.nation.tupi]
May 08, 2018 7:08:41 PM net.sf.freecol.server.networking.Server sendToAll
INFO: Reap dead connection: [DummyConnection Server connection - model.nation.iroquois]
May 08, 2018 7:08:41 PM net.sf.freecol.server.networking.Server sendToAll
INFO: Reap dead connection: [DummyConnection Server connection - model.nation.sioux]
May 08, 2018 7:08:41 PM net.sf.freecol.server.networking.Server sendToAll
INFO: Reap dead connection: [DummyConnection Server connection - model.nation.apache]
May 08, 2018 7:08:41 PM net.sf.freecol.server.networking.Server sendToAll
INFO: Reap dead connection: [DummyConnection Server connection - model.nation.english]
May 08, 2018 7:08:41 PM net.sf.freecol.server.networking.Server sendToAll
INFO: Reap dead connection: [DummyConnection Server connection - model.nation.aztec]
May 08, 2018 7:08:41 PM net.sf.freecol.server.networking.Server sendToAll
INFO: Reap dead connection: [DummyConnection Server connection - model.nation.cherokee]
May 08, 2018 7:08:41 PM net.sf.freecol.server.networking.Server sendToAll
INFO: Reap dead connection: [DummyConnection Server connection - model.nation.french]
May 08, 2018 7:08:41 PM net.sf.freecol.common.model.Specification applyDifficultyLevel
INFO: Applying difficulty level model.difficulty.medium
May 08, 2018 7:08:41 PM net.sf.freecol.common.FreeColSeed getFreeColSeed
INFO: Using seed: 1447563679109436530
May 08, 2018 7:08:42 PM net.sf.freecol.server.networking.Server sendToAll
INFO: Reap dead connection: [DummyConnection Server connection - model.nation.aztec]
May 08, 2018 7:08:42 PM net.sf.freecol.server.networking.Server sendToAll
INFO: Reap dead connection: [DummyConnection Server connection - model.nation.apache]
May 08, 2018 7:08:42 PM net.sf.freecol.server.networking.Server sendToAll
INFO: Reap dead connection: [DummyConnection Server connection - model.nation.tupi]
May 08, 2018 7:08:42 PM net.sf.freecol.server.networking.Server sendToAll
INFO: Reap dead connection: [DummyConnection Server connection - model.nation.cherokee]
May 08, 2018 7:08:42 PM net.sf.freecol.server.networking.Server sendToAll
INFO: Reap dead connection: [DummyConnection Server connection - model.nation.english]
May 08, 2018 7:08:42 PM net.sf.freecol.server.networking.Server sendToAll
INFO: Reap dead connection: [DummyConnection Server connection - model.nation.spanish]
May 08, 2018 7:08:42 PM net.sf.freecol.server.networking.Server sendToAll
INFO: Reap dead connection: [DummyConnection Server connection - model.nation.french]
May 08, 2018 7:08:42 PM net.sf.freecol.server.networking.Server sendToAll
INFO: Reap dead connection: [DummyConnection Server connection - model.nation.inca]
May 08, 2018 7:08:42 PM net.sf.freecol.server.networking.Server sendToAll
INFO: Reap dead connection: [DummyConnection Server connection - model.nation.arawak]
May 08, 2018 7:08:42 PM net.sf.freecol.server.networking.Server sendToAll
INFO: Reap dead connection: [DummyConnection Server connection - model.nation.sioux]
May 08, 2018 7:08:42 PM net.sf.freecol.server.networking.Server sendToAll
INFO: Reap dead connection: [DummyConnection Server connection - model.nation.dutch]
May 08, 2018 7:08:42 PM net.sf.freecol.server.networking.Server sendToAll
INFO: Reap dead connection: [DummyConnection Server connection - model.nation.iroquois]
May 08, 2018 7:08:42 PM net.sf.freecol.common.model.Specification applyDifficultyLevel
INFO: Applying difficulty level model.difficulty.medium
May 08, 2018 7:08:42 PM net.sf.freecol.common.FreeColSeed getFreeColSeed
INFO: Using seed: -5687536831384462127
May 08, 2018 7:08:42 PM net.sf.freecol.server.networking.Server sendToAll
INFO: Reap dead connection: [DummyConnection Server connection - model.nation.apache]
May 08, 2018 7:08:42 PM net.sf.freecol.server.networking.Server sendToAll
INFO: Reap dead connection: [DummyConnection Server connection - model.nation.inca]
May 08, 2018 7:08:42 PM net.sf.freecol.server.networking.Server sendToAll
INFO: Reap dead connection: [DummyConnection Server connection - model.nation.aztec]
May 08, 2018 7:08:42 PM net.sf.freecol.server.networking.Server sendToAll
INFO: Reap dead connection: [DummyConnection Server connection - model.nation.cherokee]
May 08, 2018 7:08:42 PM net.sf.freecol.server.networking.Server sendToAll
INFO: Reap dead connection: [DummyConnection Server connection - model.nation.sioux]
May 08, 2018 7:08:42 PM net.sf.freecol.server.networking.Server sendToAll
INFO: Reap dead connection: [DummyConnection Server connection - model.nation.english]
May 08, 2018 7:08:42 PM net.sf.freecol.server.networking.Server sendToAll
INFO: Reap dead connection: [DummyConnection Server connection - model.nation.spanish]
May 08, 2018 7:08:42 PM net.sf.freecol.server.networking.Server sendToAll
INFO: Reap dead connection: [DummyConnection Server connection - model.nation.tupi]
May 08, 2018 7:08:42 PM net.sf.freecol.server.networking.Server sendToAll
INFO: Reap dead connection: [DummyConnection Server connection - model.nation.dutch]
May 08, 2018 7:08:42 PM net.sf.freecol.server.networking.Server sendToAll
INFO: Reap dead connection: [DummyConnection Server connection - model.nation.arawak]
May 08, 2018 7:08:42 PM net.sf.freecol.server.networking.Server sendToAll
INFO: Reap dead connection: [DummyConnection Server connection - model.nation.iroquois]
May 08, 2018 7:08:42 PM net.sf.freecol.server.networking.Server sendToAll
INFO: Reap dead connection: [DummyConnection Server connection - model.nation.french]
May 08, 2018 7:08:42 PM net.sf.freecol.common.model.Specification applyDifficultyLevel
INFO: Applying difficulty level model.difficulty.medium
May 08, 2018 7:08:42 PM net.sf.freecol.common.FreeColSeed getFreeColSeed
INFO: Using seed: 7791286951783971170
May 08, 2018 7:08:42 PM net.sf.freecol.server.networking.Server sendToAll
INFO: Reap dead connection: [DummyConnection Server connection - model.nation.tupi]
May 08, 2018 7:08:42 PM net.sf.freecol.server.networking.Server sendToAll
INFO: Reap dead connection: [DummyConnection Server connection - model.nation.sioux]
May 08, 2018 7:08:42 PM net.sf.freecol.server.networking.Server sendToAll
INFO: Reap dead connection: [DummyConnection Server connection - model.nation.apache]
May 08, 2018 7:08:42 PM net.sf.freecol.server.networking.Server sendToAll
INFO: Reap dead connection: [DummyConnection Server connection - model.nation.iroquois]
May 08, 2018 7:08:42 PM net.sf.freecol.server.networking.Server sendToAll
INFO: Reap dead connection: [DummyConnection Server connection - model.nation.french]
May 08, 2018 7:08:42 PM net.sf.freecol.server.networking.Server sendToAll
INFO: Reap dead connection: [DummyConnection Server connection - model.nation.arawak]
May 08, 2018 7:08:42 PM net.sf.freecol.server.networking.Server sendToAll
INFO: Reap dead connection: [DummyConnection Server connection - model.nation.english]
May 08, 2018 7:08:42 PM net.sf.freecol.server.networking.Server sendToAll
INFO: Reap dead connection: [DummyConnection Server connection - model.nation.aztec]
May 08, 2018 7:08:42 PM net.sf.freecol.server.networking.Server sendToAll
INFO: Reap dead connection: [DummyConnection Server connection - model.nation.dutch]
May 08, 2018 7:08:42 PM net.sf.freecol.server.networking.Server sendToAll
INFO: Reap dead connection: [DummyConnection Server connection - model.nation.inca]
May 08, 2018 7:08:42 PM net.sf.freecol.server.networking.Server sendToAll
INFO: Reap dead connection: [DummyConnection Server connection - model.nation.cherokee]
May 08, 2018 7:08:42 PM net.sf.freecol.server.networking.Server sendToAll
INFO: Reap dead connection: [DummyConnection Server connection - model.nation.spanish]
May 08, 2018 7:08:42 PM net.sf.freecol.common.model.Specification applyDifficultyLevel
INFO: Applying difficulty level model.difficulty.medium
May 08, 2018 7:08:42 PM net.sf.freecol.common.FreeColSeed getFreeColSeed
INFO: Using seed: -443738758681104104
May 08, 2018 7:08:42 PM net.sf.freecol.server.networking.Server sendToAll
INFO: Reap dead connection: [DummyConnection Server connection - model.nation.arawak]
May 08, 2018 7:08:42 PM net.sf.freecol.server.networking.Server sendToAll
INFO: Reap dead connection: [DummyConnection Server connection - model.nation.inca]
May 08, 2018 7:08:42 PM net.sf.freecol.server.networking.Server sendToAll
INFO: Reap dead connection: [DummyConnection Server connection - model.nation.cherokee]
May 08, 2018 7:08:42 PM net.sf.freecol.server.networking.Server sendToAll
INFO: Reap dead connection: [DummyConnection Server connection - model.nation.apache]
May 08, 2018 7:08:42 PM net.sf.freecol.server.networking.Server sendToAll
INFO: Reap dead connection: [DummyConnection Server connection - model.nation.tupi]
May 08, 2018 7:08:42 PM net.sf.freecol.server.networking.Server sendToAll
INFO: Reap dead connection: [DummyConnection Server connection - model.nation.sioux]
May 08, 2018 7:08:42 PM net.sf.freecol.server.networking.Server sendToAll
INFO: Reap dead connection: [DummyConnection Server connection - model.nation.french]
May 08, 2018 7:08:42 PM net.sf.freecol.server.networking.Server sendToAll
INFO: Reap dead connection: [DummyConnection Server connection - model.nation.english]
May 08, 2018 7:08:42 PM net.sf.freecol.server.networking.Server sendToAll
INFO: Reap dead connection: [DummyConnection Server connection - model.nation.dutch]
May 08, 2018 7:08:42 PM net.sf.freecol.server.networking.Server sendToAll
INFO: Reap dead connection: [DummyConnection Server connection - model.nation.spanish]
May 08, 2018 7:08:42 PM net.sf.freecol.server.networking.Server sendToAll
INFO: Reap dead connection: [DummyConnection Server connection - model.nation.iroquois]
May 08, 2018 7:08:42 PM net.sf.freecol.server.networking.Server sendToAll
INFO: Reap dead connection: [DummyConnection Server connection - model.nation.aztec]
May 08, 2018 7:08:42 PM net.sf.freecol.common.model.Specification applyDifficultyLevel
INFO: Applying difficulty level model.difficulty.medium
May 08, 2018 7:08:42 PM net.sf.freecol.common.FreeColSeed getFreeColSeed
INFO: Using seed: 2314270081905135460
May 08, 2018 7:08:42 PM net.sf.freecol.server.networking.Server sendToAll
INFO: Reap dead connection: [DummyConnection Server connection - model.nation.apache]
May 08, 2018 7:08:42 PM net.sf.freecol.server.networking.Server sendToAll
INFO: Reap dead connection: [DummyConnection Server connection - model.nation.cherokee]
May 08, 2018 7:08:42 PM net.sf.freecol.server.networking.Server sendToAll
INFO: Reap dead connection: [DummyConnection Server connection - model.nation.arawak]
May 08, 2018 7:08:42 PM net.sf.freecol.server.networking.Server sendToAll
INFO: Reap dead connection: [DummyConnection Server connection - model.nation.french]
May 08, 2018 7:08:42 PM net.sf.freecol.server.networking.Server sendToAll
INFO: Reap dead connection: [DummyConnection Server connection - model.nation.sioux]
May 08, 2018 7:08:42 PM net.sf.freecol.server.networking.Server sendToAll
INFO: Reap dead connection: [DummyConnection Server connection - model.nation.spanish]
May 08, 2018 7:08:42 PM net.sf.freecol.server.networking.Server sendToAll
INFO: Reap dead connection: [DummyConnection Server connection - model.nation.iroquois]
May 08, 2018 7:08:42 PM net.sf.freecol.server.networking.Server sendToAll
INFO: Reap dead connection: [DummyConnection Server connection - model.nation.english]
May 08, 2018 7:08:42 PM net.sf.freecol.server.networking.Server sendToAll
INFO: Reap dead connection: [DummyConnection Server connection - model.nation.tupi]
May 08, 2018 7:08:42 PM net.sf.freecol.server.networking.Server sendToAll
INFO: Reap dead connection: [DummyConnection Server connection - model.nation.dutch]
May 08, 2018 7:08:42 PM net.sf.freecol.server.networking.Server sendToAll
INFO: Reap dead connection: [DummyConnection Server connection - model.nation.aztec]
May 08, 2018 7:08:42 PM net.sf.freecol.server.networking.Server sendToAll
INFO: Reap dead connection: [DummyConnection Server connection - model.nation.inca]
May 08, 2018 7:08:42 PM net.sf.freecol.common.model.Specification applyDifficultyLevel
INFO: Applying difficulty level model.difficulty.medium
May 08, 2018 7:08:42 PM net.sf.freecol.common.FreeColSeed getFreeColSeed
INFO: Using seed: 303792815804216224
May 08, 2018 7:08:42 PM net.sf.freecol.server.networking.Server sendToAll
INFO: Reap dead connection: [DummyConnection Server connection - model.nation.tupi]
May 08, 2018 7:08:42 PM net.sf.freecol.server.networking.Server sendToAll
INFO: Reap dead connection: [DummyConnection Server connection - model.nation.dutch]
May 08, 2018 7:08:42 PM net.sf.freecol.server.networking.Server sendToAll
INFO: Reap dead connection: [DummyConnection Server connection - model.nation.cherokee]
May 08, 2018 7:08:42 PM net.sf.freecol.server.networking.Server sendToAll
INFO: Reap dead connection: [DummyConnection Server connection - model.nation.english]
May 08, 2018 7:08:42 PM net.sf.freecol.server.networking.Server sendToAll
INFO: Reap dead connection: [DummyConnection Server connection - model.nation.french]
May 08, 2018 7:08:42 PM net.sf.freecol.server.networking.Server sendToAll
INFO: Reap dead connection: [DummyConnection Server connection - model.nation.spanish]
May 08, 2018 7:08:42 PM net.sf.freecol.server.networking.Server sendToAll
INFO: Reap dead connection: [DummyConnection Server connection - model.nation.arawak]
May 08, 2018 7:08:42 PM net.sf.freecol.server.networking.Server sendToAll
INFO: Reap dead connection: [DummyConnection Server connection - model.nation.sioux]
May 08, 2018 7:08:42 PM net.sf.freecol.server.networking.Server sendToAll
INFO: Reap dead connection: [DummyConnection Server connection - model.nation.iroquois]
May 08, 2018 7:08:42 PM net.sf.freecol.server.networking.Server sendToAll
INFO: Reap dead connection: [DummyConnection Server connection - model.nation.aztec]
May 08, 2018 7:08:42 PM net.sf.freecol.server.networking.Server sendToAll
INFO: Reap dead connection: [DummyConnection Server connection - model.nation.inca]
May 08, 2018 7:08:42 PM net.sf.freecol.server.networking.Server sendToAll
INFO: Reap dead connection: [DummyConnection Server connection - model.nation.apache]
May 08, 2018 7:08:42 PM net.sf.freecol.common.model.Specification applyDifficultyLevel
INFO: Applying difficulty level model.difficulty.medium
May 08, 2018 7:08:42 PM net.sf.freecol.common.FreeColSeed getFreeColSeed
INFO: Using seed: -947582324886270704
May 08, 2018 7:08:42 PM net.sf.freecol.server.networking.Server sendToAll
INFO: Reap dead connection: [DummyConnection Server connection - model.nation.arawak]
May 08, 2018 7:08:42 PM net.sf.freecol.server.networking.Server sendToAll
INFO: Reap dead connection: [DummyConnection Server connection - model.nation.tupi]
May 08, 2018 7:08:42 PM net.sf.freecol.server.networking.Server sendToAll
INFO: Reap dead connection: [DummyConnection Server connection - model.nation.english]
May 08, 2018 7:08:42 PM net.sf.freecol.server.networking.Server sendToAll
INFO: Reap dead connection: [DummyConnection Server connection - model.nation.iroquois]
May 08, 2018 7:08:42 PM net.sf.freecol.server.networking.Server sendToAll
INFO: Reap dead connection: [DummyConnection Server connection - model.nation.inca]
May 08, 2018 7:08:42 PM net.sf.freecol.server.networking.Server sendToAll
INFO: Reap dead connection: [DummyConnection Server connection - model.nation.sioux]
May 08, 2018 7:08:42 PM net.sf.freecol.server.networking.Server sendToAll
INFO: Reap dead connection: [DummyConnection Server connection - model.nation.dutch]
May 08, 2018 7:08:42 PM net.sf.freecol.server.networking.Server sendToAll
INFO: Reap dead connection: [DummyConnection Server connection - model.nation.french]
May 08, 2018 7:08:42 PM net.sf.freecol.server.networking.Server sendToAll
INFO: Reap dead connection: [DummyConnection Server connection - model.nation.spanish]
May 08, 2018 7:08:42 PM net.sf.freecol.server.networking.Server sendToAll
INFO: Reap dead connection: [DummyConnection Server connection - model.nation.aztec]
May 08, 2018 7:08:42 PM net.sf.freecol.server.networking.Server sendToAll
INFO: Reap dead connection: [DummyConnection Server connection - model.nation.cherokee]
May 08, 2018 7:08:42 PM net.sf.freecol.server.networking.Server sendToAll
INFO: Reap dead connection: [DummyConnection Server connection - model.nation.apache]
May 08, 2018 7:08:42 PM net.sf.freecol.common.model.Specification applyDifficultyLevel
INFO: Applying difficulty level model.difficulty.medium
May 08, 2018 7:08:42 PM net.sf.freecol.common.FreeColSeed getFreeColSeed
INFO: Using seed: -7530321200391444113
May 08, 2018 7:08:42 PM net.sf.freecol.server.networking.Server sendToAll
INFO: Reap dead connection: [DummyConnection Server connection - model.nation.cherokee]
May 08, 2018 7:08:42 PM net.sf.freecol.server.networking.Server sendToAll
INFO: Reap dead connection: [DummyConnection Server connection - model.nation.arawak]
May 08, 2018 7:08:42 PM net.sf.freecol.server.networking.Server sendToAll
INFO: Reap dead connection: [DummyConnection Server connection - model.nation.english]
May 08, 2018 7:08:42 PM net.sf.freecol.server.networking.Server sendToAll
INFO: Reap dead connection: [DummyConnection Server connection - model.nation.french]
May 08, 2018 7:08:42 PM net.sf.freecol.server.networking.Server sendToAll
INFO: Reap dead connection: [DummyConnection Server connection - model.nation.apache]
May 08, 2018 7:08:42 PM net.sf.freecol.server.networking.Server sendToAll
INFO: Reap dead connection: [DummyConnection Server connection - model.nation.dutch]
May 08, 2018 7:08:42 PM net.sf.freecol.server.networking.Server sendToAll
INFO: Reap dead connection: [DummyConnection Server connection - model.nation.tupi]
May 08, 2018 7:08:42 PM net.sf.freecol.server.networking.Server sendToAll
INFO: Reap dead connection: [DummyConnection Server connection - model.nation.inca]
May 08, 2018 7:08:42 PM net.sf.freecol.server.networking.Server sendToAll
INFO: Reap dead connection: [DummyConnection Server connection - model.nation.spanish]
May 08, 2018 7:08:42 PM net.sf.freecol.server.networking.Server sendToAll
INFO: Reap dead connection: [DummyConnection Server connection - model.nation.sioux]
May 08, 2018 7:08:42 PM net.sf.freecol.server.networking.Server sendToAll
INFO: Reap dead connection: [DummyConnection Server connection - model.nation.aztec]
May 08, 2018 7:08:42 PM net.sf.freecol.server.networking.Server sendToAll
INFO: Reap dead connection: [DummyConnection Server connection - model.nation.iroquois]
May 08, 2018 7:08:42 PM net.sf.freecol.common.model.Specification applyDifficultyLevel
INFO: Applying difficulty level model.difficulty.medium
May 08, 2018 7:08:42 PM net.sf.freecol.common.FreeColSeed getFreeColSeed
INFO: Using seed: -6764149104003381475
May 08, 2018 7:08:42 PM net.sf.freecol.server.networking.Server sendToAll
INFO: Reap dead connection: [DummyConnection Server connection - model.nation.inca]
May 08, 2018 7:08:42 PM net.sf.freecol.server.networking.Server sendToAll
INFO: Reap dead connection: [DummyConnection Server connection - model.nation.iroquois]
May 08, 2018 7:08:42 PM net.sf.freecol.server.networking.Server sendToAll
INFO: Reap dead connection: [DummyConnection Server connection - model.nation.aztec]
May 08, 2018 7:08:42 PM net.sf.freecol.server.networking.Server sendToAll
INFO: Reap dead connection: [DummyConnection Server connection - model.nation.cherokee]
May 08, 2018 7:08:42 PM net.sf.freecol.server.networking.Server sendToAll
INFO: Reap dead connection: [DummyConnection Server connection - model.nation.tupi]
May 08, 2018 7:08:42 PM net.sf.freecol.server.networking.Server sendToAll
INFO: Reap dead connection: [DummyConnection Server connection - model.nation.french]
May 08, 2018 7:08:42 PM net.sf.freecol.server.networking.Server sendToAll
INFO: Reap dead connection: [DummyConnection Server connection - model.nation.spanish]
May 08, 2018 7:08:42 PM net.sf.freecol.server.networking.Server sendToAll
INFO: Reap dead connection: [DummyConnection Server connection - model.nation.apache]
May 08, 2018 7:08:42 PM net.sf.freecol.server.networking.Server sendToAll
INFO: Reap dead connection: [DummyConnection Server connection - model.nation.english]
May 08, 2018 7:08:42 PM net.sf.freecol.server.networking.Server sendToAll
INFO: Reap dead connection: [DummyConnection Server connection - model.nation.dutch]
May 08, 2018 7:08:42 PM net.sf.freecol.server.networking.Server sendToAll
INFO: Reap dead connection: [DummyConnection Server connection - model.nation.arawak]
May 08, 2018 7:08:42 PM net.sf.freecol.server.networking.Server sendToAll
INFO: Reap dead connection: [DummyConnection Server connection - model.nation.sioux]
May 08, 2018 7:08:42 PM net.sf.freecol.common.model.Specification applyDifficultyLevel
INFO: Applying difficulty level model.difficulty.medium
May 08, 2018 7:08:42 PM net.sf.freecol.common.FreeColSeed getFreeColSeed
INFO: Using seed: 2370202326984825382
May 08, 2018 7:08:42 PM net.sf.freecol.server.networking.Server sendToAll
INFO: Reap dead connection: [DummyConnection Server connection - model.nation.inca]
May 08, 2018 7:08:42 PM net.sf.freecol.server.networking.Server sendToAll
INFO: Reap dead connection: [DummyConnection Server connection - model.nation.english]
May 08, 2018 7:08:42 PM net.sf.freecol.server.networking.Server sendToAll
INFO: Reap dead connection: [DummyConnection Server connection - model.nation.tupi]
May 08, 2018 7:08:42 PM net.sf.freecol.server.networking.Server sendToAll
INFO: Reap dead connection: [DummyConnection Server connection - model.nation.iroquois]
May 08, 2018 7:08:42 PM net.sf.freecol.server.networking.Server sendToAll
INFO: Reap dead connection: [DummyConnection Server connection - model.nation.french]
May 08, 2018 7:08:42 PM net.sf.freecol.server.networking.Server sendToAll
INFO: Reap dead connection: [DummyConnection Server connection - model.nation.apache]
May 08, 2018 7:08:42 PM net.sf.freecol.server.networking.Server sendToAll
INFO: Reap dead connection: [DummyConnection Server connection - model.nation.cherokee]
May 08, 2018 7:08:42 PM net.sf.freecol.server.networking.Server sendToAll
INFO: Reap dead connection: [DummyConnection Server connection - model.nation.dutch]
May 08, 2018 7:08:42 PM net.sf.freecol.server.networking.Server sendToAll
INFO: Reap dead connection: [DummyConnection Server connection - model.nation.arawak]
May 08, 2018 7:08:42 PM net.sf.freecol.server.networking.Server sendToAll
INFO: Reap dead connection: [DummyConnection Server connection - model.nation.sioux]
May 08, 2018 7:08:42 PM net.sf.freecol.server.networking.Server sendToAll
INFO: Reap dead connection: [DummyConnection Server connection - model.nation.aztec]
May 08, 2018 7:08:42 PM net.sf.freecol.server.networking.Server sendToAll
INFO: Reap dead connection: [DummyConnection Server connection - model.nation.spanish]
May 08, 2018 7:08:42 PM net.sf.freecol.common.model.Specification applyDifficultyLevel
INFO: Applying difficulty level model.difficulty.medium
May 08, 2018 7:08:42 PM net.sf.freecol.common.FreeColSeed getFreeColSeed
INFO: Using seed: 9066575682456209137
May 08, 2018 7:08:42 PM net.sf.freecol.server.networking.Server sendToAll
INFO: Reap dead connection: [DummyConnection Server connection - model.nation.tupi]
May 08, 2018 7:08:42 PM net.sf.freecol.server.networking.Server sendToAll
INFO: Reap dead connection: [DummyConnection Server connection - model.nation.dutch]
May 08, 2018 7:08:42 PM net.sf.freecol.server.networking.Server sendToAll
INFO: Reap dead connection: [DummyConnection Server connection - model.nation.arawak]
May 08, 2018 7:08:42 PM net.sf.freecol.server.networking.Server sendToAll
INFO: Reap dead connection: [DummyConnection Server connection - model.nation.spanish]
May 08, 2018 7:08:42 PM net.sf.freecol.server.networking.Server sendToAll
INFO: Reap dead connection: [DummyConnection Server connection - model.nation.sioux]
May 08, 2018 7:08:42 PM net.sf.freecol.server.networking.Server sendToAll
INFO: Reap dead connection: [DummyConnection Server connection - model.nation.iroquois]
May 08, 2018 7:08:42 PM net.sf.freecol.server.networking.Server sendToAll
INFO: Reap dead connection: [DummyConnection Server connection - model.nation.inca]
May 08, 2018 7:08:42 PM net.sf.freecol.server.networking.Server sendToAll
INFO: Reap dead connection: [DummyConnection Server connection - model.nation.english]
May 08, 2018 7:08:42 PM net.sf.freecol.server.networking.Server sendToAll
INFO: Reap dead connection: [DummyConnection Server connection - model.nation.aztec]
May 08, 2018 7:08:42 PM net.sf.freecol.server.networking.Server sendToAll
INFO: Reap dead connection: [DummyConnection Server connection - model.nation.cherokee]
May 08, 2018 7:08:42 PM net.sf.freecol.server.networking.Server sendToAll
INFO: Reap dead connection: [DummyConnection Server connection - model.nation.french]
May 08, 2018 7:08:42 PM net.sf.freecol.server.networking.Server sendToAll
INFO: Reap dead connection: [DummyConnection Server connection - model.nation.apache]
May 08, 2018 7:08:42 PM net.sf.freecol.common.model.Specification applyDifficultyLevel
INFO: Applying difficulty level model.difficulty.medium
May 08, 2018 7:08:42 PM net.sf.freecol.common.FreeColSeed getFreeColSeed
INFO: Using seed: -3465838291203431484
May 08, 2018 7:08:42 PM net.sf.freecol.server.networking.Server sendToAll
INFO: Reap dead connection: [DummyConnection Server connection - model.nation.cherokee]
May 08, 2018 7:08:42 PM net.sf.freecol.server.networking.Server sendToAll
INFO: Reap dead connection: [DummyConnection Server connection - model.nation.tupi]
May 08, 2018 7:08:42 PM net.sf.freecol.server.networking.Server sendToAll
INFO: Reap dead connection: [DummyConnection Server connection - model.nation.iroquois]
May 08, 2018 7:08:42 PM net.sf.freecol.server.networking.Server sendToAll
INFO: Reap dead connection: [DummyConnection Server connection - model.nation.aztec]
May 08, 2018 7:08:42 PM net.sf.freecol.server.networking.Server sendToAll
INFO: Reap dead connection: [DummyConnection Server connection - model.nation.inca]
May 08, 2018 7:08:42 PM net.sf.freecol.server.networking.Server sendToAll
INFO: Reap dead connection: [DummyConnection Server connection - model.nation.apache]
May 08, 2018 7:08:42 PM net.sf.freecol.server.networking.Server sendToAll
INFO: Reap dead connection: [DummyConnection Server connection - model.nation.dutch]
May 08, 2018 7:08:42 PM net.sf.freecol.server.networking.Server sendToAll
INFO: Reap dead connection: [DummyConnection Server connection - model.nation.sioux]
May 08, 2018 7:08:42 PM net.sf.freecol.server.networking.Server sendToAll
INFO: Reap dead connection: [DummyConnection Server connection - model.nation.french]
May 08, 2018 7:08:42 PM net.sf.freecol.server.networking.Server sendToAll
INFO: Reap dead connection: [DummyConnection Server connection - model.nation.arawak]
May 08, 2018 7:08:42 PM net.sf.freecol.server.networking.Server sendToAll
INFO: Reap dead connection: [DummyConnection Server connection - model.nation.english]
May 08, 2018 7:08:42 PM net.sf.freecol.server.networking.Server sendToAll
INFO: Reap dead connection: [DummyConnection Server connection - model.nation.spanish]
May 08, 2018 7:08:42 PM net.sf.freecol.common.model.Specification applyDifficultyLevel
INFO: Applying difficulty level model.difficulty.medium
May 08, 2018 7:08:42 PM net.sf.freecol.common.FreeColSeed getFreeColSeed
INFO: Using seed: 5342001014569358606
May 08, 2018 7:08:42 PM net.sf.freecol.server.networking.Server sendToAll
INFO: Reap dead connection: [DummyConnection Server connection - model.nation.sioux]
May 08, 2018 7:08:42 PM net.sf.freecol.server.networking.Server sendToAll
INFO: Reap dead connection: [DummyConnection Server connection - model.nation.arawak]
May 08, 2018 7:08:42 PM net.sf.freecol.server.networking.Server sendToAll
INFO: Reap dead connection: [DummyConnection Server connection - model.nation.iroquois]
May 08, 2018 7:08:42 PM net.sf.freecol.server.networking.Server sendToAll
INFO: Reap dead connection: [DummyConnection Server connection - model.nation.tupi]
May 08, 2018 7:08:42 PM net.sf.freecol.server.networking.Server sendToAll
INFO: Reap dead connection: [DummyConnection Server connection - model.nation.dutch]
May 08, 2018 7:08:42 PM net.sf.freecol.server.networking.Server sendToAll
INFO: Reap dead connection: [DummyConnection Server connection - model.nation.english]
May 08, 2018 7:08:42 PM net.sf.freecol.server.networking.Server sendToAll
INFO: Reap dead connection: [DummyConnection Server connection - model.nation.apache]
May 08, 2018 7:08:42 PM net.sf.freecol.server.networking.Server sendToAll
INFO: Reap dead connection: [DummyConnection Server connection - model.nation.french]
May 08, 2018 7:08:42 PM net.sf.freecol.server.networking.Server sendToAll
INFO: Reap dead connection: [DummyConnection Server connection - model.nation.spanish]
May 08, 2018 7:08:42 PM net.sf.freecol.server.networking.Server sendToAll
INFO: Reap dead connection: [DummyConnection Server connection - model.nation.aztec]
May 08, 2018 7:08:42 PM net.sf.freecol.server.networking.Server sendToAll
INFO: Reap dead connection: [DummyConnection Server connection - model.nation.inca]
May 08, 2018 7:08:42 PM net.sf.freecol.server.networking.Server sendToAll
INFO: Reap dead connection: [DummyConnection Server connection - model.nation.cherokee]
May 08, 2018 7:08:42 PM net.sf.freecol.common.model.Specification applyDifficultyLevel
INFO: Applying difficulty level model.difficulty.medium
May 08, 2018 7:08:42 PM net.sf.freecol.common.FreeColSeed getFreeColSeed
INFO: Using seed: 6498964114991314073
May 08, 2018 7:08:42 PM net.sf.freecol.server.networking.Server sendToAll
INFO: Reap dead connection: [DummyConnection Server connection - model.nation.tupi]
May 08, 2018 7:08:42 PM net.sf.freecol.server.networking.Server sendToAll
INFO: Reap dead connection: [DummyConnection Server connection - model.nation.sioux]
May 08, 2018 7:08:42 PM net.sf.freecol.server.networking.Server sendToAll
INFO: Reap dead connection: [DummyConnection Server connection - model.nation.dutch]
May 08, 2018 7:08:42 PM net.sf.freecol.server.networking.Server sendToAll
INFO: Reap dead connection: [DummyConnection Server connection - model.nation.cherokee]
May 08, 2018 7:08:42 PM net.sf.freecol.server.networking.Server sendToAll
INFO: Reap dead connection: [DummyConnection Server connection - model.nation.inca]
May 08, 2018 7:08:42 PM net.sf.freecol.server.networking.Server sendToAll
INFO: Reap dead connection: [DummyConnection Server connection - model.nation.spanish]
May 08, 2018 7:08:42 PM net.sf.freecol.server.networking.Server sendToAll
INFO: Reap dead connection: [DummyConnection Server connection - model.nation.iroquois]
May 08, 2018 7:08:42 PM net.sf.freecol.server.networking.Server sendToAll
INFO: Reap dead connection: [DummyConnection Server connection - model.nation.apache]
May 08, 2018 7:08:42 PM net.sf.freecol.server.networking.Server sendToAll
INFO: Reap dead connection: [DummyConnection Server connection - model.nation.arawak]
May 08, 2018 7:08:42 PM net.sf.freecol.server.networking.Server sendToAll
INFO: Reap dead connection: [DummyConnection Server connection - model.nation.aztec]
May 08, 2018 7:08:42 PM net.sf.freecol.server.networking.Server sendToAll
INFO: Reap dead connection: [DummyConnection Server connection - model.nation.english]
May 08, 2018 7:08:42 PM net.sf.freecol.server.networking.Server sendToAll
INFO: Reap dead connection: [DummyConnection Server connection - model.nation.french]
May 08, 2018 7:08:42 PM net.sf.freecol.common.model.Specification applyDifficultyLevel
INFO: Applying difficulty level model.difficulty.medium
May 08, 2018 7:08:42 PM net.sf.freecol.common.FreeColSeed getFreeColSeed
INFO: Using seed: 729389701915291561
May 08, 2018 7:08:42 PM net.sf.freecol.server.networking.Server sendToAll
INFO: Reap dead connection: [DummyConnection Server connection - model.nation.sioux]
May 08, 2018 7:08:42 PM net.sf.freecol.server.networking.Server sendToAll
INFO: Reap dead connection: [DummyConnection Server connection - model.nation.inca]
May 08, 2018 7:08:42 PM net.sf.freecol.server.networking.Server sendToAll
INFO: Reap dead connection: [DummyConnection Server connection - model.nation.french]
May 08, 2018 7:08:42 PM net.sf.freecol.server.networking.Server sendToAll
INFO: Reap dead connection: [DummyConnection Server connection - model.nation.tupi]
May 08, 2018 7:08:42 PM net.sf.freecol.server.networking.Server sendToAll
INFO: Reap dead connection: [DummyConnection Server connection - model.nation.dutch]
May 08, 2018 7:08:42 PM net.sf.freecol.server.networking.Server sendToAll
INFO: Reap dead connection: [DummyConnection Server connection - model.nation.cherokee]
May 08, 2018 7:08:42 PM net.sf.freecol.server.networking.Server sendToAll
INFO: Reap dead connection: [DummyConnection Server connection - model.nation.arawak]
May 08, 2018 7:08:42 PM net.sf.freecol.server.networking.Server sendToAll
INFO: Reap dead connection: [DummyConnection Server connection - model.nation.iroquois]
May 08, 2018 7:08:42 PM net.sf.freecol.server.networking.Server sendToAll
INFO: Reap dead connection: [DummyConnection Server connection - model.nation.aztec]
May 08, 2018 7:08:42 PM net.sf.freecol.server.networking.Server sendToAll
INFO: Reap dead connection: [DummyConnection Server connection - model.nation.english]
May 08, 2018 7:08:42 PM net.sf.freecol.server.networking.Server sendToAll
INFO: Reap dead connection: [DummyConnection Server connection - model.nation.apache]
May 08, 2018 7:08:42 PM net.sf.freecol.server.networking.Server sendToAll
INFO: Reap dead connection: [DummyConnection Server connection - model.nation.spanish]
May 08, 2018 7:08:42 PM net.sf.freecol.common.model.Specification applyDifficultyLevel
INFO: Applying difficulty level model.difficulty.medium
May 08, 2018 7:08:42 PM net.sf.freecol.common.FreeColSeed getFreeColSeed
INFO: Using seed: -7378707435569292820
May 08, 2018 7:08:42 PM net.sf.freecol.server.networking.Server sendToAll
INFO: Reap dead connection: [DummyConnection Server connection - model.nation.french]
May 08, 2018 7:08:42 PM net.sf.freecol.server.networking.Server sendToAll
INFO: Reap dead connection: [DummyConnection Server connection - model.nation.spanish]
May 08, 2018 7:08:42 PM net.sf.freecol.server.networking.Server sendToAll
INFO: Reap dead connection: [DummyConnection Server connection - model.nation.cherokee]
May 08, 2018 7:08:42 PM net.sf.freecol.server.networking.Server sendToAll
INFO: Reap dead connection: [DummyConnection Server connection - model.nation.dutch]
May 08, 2018 7:08:42 PM net.sf.freecol.server.networking.Server sendToAll
INFO: Reap dead connection: [DummyConnection Server connection - model.nation.aztec]
May 08, 2018 7:08:42 PM net.sf.freecol.server.networking.Server sendToAll
INFO: Reap dead connection: [DummyConnection Server connection - model.nation.iroquois]
May 08, 2018 7:08:42 PM net.sf.freecol.server.networking.Server sendToAll
INFO: Reap dead connection: [DummyConnection Server connection - model.nation.apache]
May 08, 2018 7:08:42 PM net.sf.freecol.server.networking.Server sendToAll
INFO: Reap dead connection: [DummyConnection Server connection - model.nation.inca]
May 08, 2018 7:08:42 PM net.sf.freecol.server.networking.Server sendToAll
INFO: Reap dead connection: [DummyConnection Server connection - model.nation.english]
May 08, 2018 7:08:42 PM net.sf.freecol.server.networking.Server sendToAll
INFO: Reap dead connection: [DummyConnection Server connection - model.nation.tupi]
May 08, 2018 7:08:42 PM net.sf.freecol.server.networking.Server sendToAll
INFO: Reap dead connection: [DummyConnection Server connection - model.nation.sioux]
May 08, 2018 7:08:42 PM net.sf.freecol.server.networking.Server sendToAll
INFO: Reap dead connection: [DummyConnection Server connection - model.nation.arawak]
May 08, 2018 7:08:42 PM net.sf.freecol.common.model.Specification applyDifficultyLevel
INFO: Applying difficulty level model.difficulty.medium
May 08, 2018 7:08:42 PM net.sf.freecol.common.FreeColSeed getFreeColSeed
INFO: Using seed: 5447166829309402156
May 08, 2018 7:08:42 PM net.sf.freecol.server.networking.Server sendToAll
INFO: Reap dead connection: [DummyConnection Server connection - model.nation.spanish]
May 08, 2018 7:08:42 PM net.sf.freecol.server.networking.Server sendToAll
INFO: Reap dead connection: [DummyConnection Server connection - model.nation.dutch]
May 08, 2018 7:08:42 PM net.sf.freecol.server.networking.Server sendToAll
INFO: Reap dead connection: [DummyConnection Server connection - model.nation.sioux]
May 08, 2018 7:08:42 PM net.sf.freecol.server.networking.Server sendToAll
INFO: Reap dead connection: [DummyConnection Server connection - model.nation.aztec]
May 08, 2018 7:08:42 PM net.sf.freecol.server.networking.Server sendToAll
INFO: Reap dead connection: [DummyConnection Server connection - model.nation.cherokee]
May 08, 2018 7:08:42 PM net.sf.freecol.server.networking.Server sendToAll
INFO: Reap dead connection: [DummyConnection Server connection - model.nation.iroquois]
May 08, 2018 7:08:42 PM net.sf.freecol.server.networking.Server sendToAll
INFO: Reap dead connection: [DummyConnection Server connection - model.nation.french]
May 08, 2018 7:08:42 PM net.sf.freecol.server.networking.Server sendToAll
INFO: Reap dead connection: [DummyConnection Server connection - model.nation.arawak]
May 08, 2018 7:08:42 PM net.sf.freecol.server.networking.Server sendToAll
INFO: Reap dead connection: [DummyConnection Server connection - model.nation.tupi]
May 08, 2018 7:08:42 PM net.sf.freecol.server.networking.Server sendToAll
INFO: Reap dead connection: [DummyConnection Server connection - model.nation.apache]
May 08, 2018 7:08:42 PM net.sf.freecol.server.networking.Server sendToAll
INFO: Reap dead connection: [DummyConnection Server connection - model.nation.inca]
May 08, 2018 7:08:42 PM net.sf.freecol.server.networking.Server sendToAll
INFO: Reap dead connection: [DummyConnection Server connection - model.nation.english]
May 08, 2018 7:08:42 PM net.sf.freecol.common.model.Specification applyDifficultyLevel
INFO: Applying difficulty level model.difficulty.medium
May 08, 2018 7:08:42 PM net.sf.freecol.common.FreeColSeed getFreeColSeed
INFO: Using seed: 8230443987743153548
May 08, 2018 7:08:42 PM net.sf.freecol.server.networking.Server sendToAll
INFO: Reap dead connection: [DummyConnection Server connection - model.nation.iroquois]
May 08, 2018 7:08:42 PM net.sf.freecol.server.networking.Server sendToAll
INFO: Reap dead connection: [DummyConnection Server connection - model.nation.english]
May 08, 2018 7:08:42 PM net.sf.freecol.server.networking.Server sendToAll
INFO: Reap dead connection: [DummyConnection Server connection - model.nation.cherokee]
May 08, 2018 7:08:42 PM net.sf.freecol.server.networking.Server sendToAll
INFO: Reap dead connection: [DummyConnection Server connection - model.nation.dutch]
May 08, 2018 7:08:42 PM net.sf.freecol.server.networking.Server sendToAll
INFO: Reap dead connection: [DummyConnection Server connection - model.nation.sioux]
May 08, 2018 7:08:42 PM net.sf.freecol.server.networking.Server sendToAll
INFO: Reap dead connection: [DummyConnection Server connection - model.nation.french]
May 08, 2018 7:08:42 PM net.sf.freecol.server.networking.Server sendToAll
INFO: Reap dead connection: [DummyConnection Server connection - model.nation.spanish]
May 08, 2018 7:08:42 PM net.sf.freecol.server.networking.Server sendToAll
INFO: Reap dead connection: [DummyConnection Server connection - model.nation.apache]
May 08, 2018 7:08:42 PM net.sf.freecol.server.networking.Server sendToAll
INFO: Reap dead connection: [DummyConnection Server connection - model.nation.arawak]
May 08, 2018 7:08:42 PM net.sf.freecol.server.networking.Server sendToAll
INFO: Reap dead connection: [DummyConnection Server connection - model.nation.tupi]
May 08, 2018 7:08:42 PM net.sf.freecol.server.networking.Server sendToAll
INFO: Reap dead connection: [DummyConnection Server connection - model.nation.inca]
May 08, 2018 7:08:42 PM net.sf.freecol.server.networking.Server sendToAll
INFO: Reap dead connection: [DummyConnection Server connection - model.nation.aztec]
May 08, 2018 7:08:42 PM net.sf.freecol.common.model.Specification applyDifficultyLevel
INFO: Applying difficulty level model.difficulty.medium
May 08, 2018 7:08:42 PM net.sf.freecol.common.FreeColSeed getFreeColSeed
INFO: Using seed: 214991192794144967
May 08, 2018 7:08:42 PM net.sf.freecol.server.networking.Server sendToAll
INFO: Reap dead connection: [DummyConnection Server connection - model.nation.tupi]
May 08, 2018 7:08:42 PM net.sf.freecol.server.networking.Server sendToAll
INFO: Reap dead connection: [DummyConnection Server connection - model.nation.spanish]
May 08, 2018 7:08:42 PM net.sf.freecol.server.networking.Server sendToAll
INFO: Reap dead connection: [DummyConnection Server connection - model.nation.iroquois]
May 08, 2018 7:08:42 PM net.sf.freecol.server.networking.Server sendToAll
INFO: Reap dead connection: [DummyConnection Server connection - model.nation.apache]
May 08, 2018 7:08:42 PM net.sf.freecol.server.networking.Server sendToAll
INFO: Reap dead connection: [DummyConnection Server connection - model.nation.arawak]
May 08, 2018 7:08:42 PM net.sf.freecol.server.networking.Server sendToAll
INFO: Reap dead connection: [DummyConnection Server connection - model.nation.inca]
May 08, 2018 7:08:42 PM net.sf.freecol.server.networking.Server sendToAll
INFO: Reap dead connection: [DummyConnection Server connection - model.nation.dutch]
May 08, 2018 7:08:42 PM net.sf.freecol.server.networking.Server sendToAll
INFO: Reap dead connection: [DummyConnection Server connection - model.nation.sioux]
May 08, 2018 7:08:42 PM net.sf.freecol.server.networking.Server sendToAll
INFO: Reap dead connection: [DummyConnection Server connection - model.nation.french]
May 08, 2018 7:08:42 PM net.sf.freecol.server.networking.Server sendToAll
INFO: Reap dead connection: [DummyConnection Server connection - model.nation.english]
May 08, 2018 7:08:42 PM net.sf.freecol.server.networking.Server sendToAll
INFO: Reap dead connection: [DummyConnection Server connection - model.nation.aztec]
May 08, 2018 7:08:42 PM net.sf.freecol.server.networking.Server sendToAll
INFO: Reap dead connection: [DummyConnection Server connection - model.nation.cherokee]
May 08, 2018 7:08:42 PM net.sf.freecol.common.model.Specification applyDifficultyLevel
INFO: Applying difficulty level model.difficulty.medium
May 08, 2018 7:08:42 PM net.sf.freecol.common.FreeColSeed getFreeColSeed
INFO: Using seed: -6522751777724228415
May 08, 2018 7:08:42 PM net.sf.freecol.server.networking.Server sendToAll
INFO: Reap dead connection: [DummyConnection Server connection - model.nation.spanish]
May 08, 2018 7:08:42 PM net.sf.freecol.server.networking.Server sendToAll
INFO: Reap dead connection: [DummyConnection Server connection - model.nation.tupi]
May 08, 2018 7:08:42 PM net.sf.freecol.server.networking.Server sendToAll
INFO: Reap dead connection: [DummyConnection Server connection - model.nation.french]
May 08, 2018 7:08:42 PM net.sf.freecol.server.networking.Server sendToAll
INFO: Reap dead connection: [DummyConnection Server connection - model.nation.arawak]
May 08, 2018 7:08:42 PM net.sf.freecol.server.networking.Server sendToAll
INFO: Reap dead connection: [DummyConnection Server connection - model.nation.aztec]
May 08, 2018 7:08:42 PM net.sf.freecol.server.networking.Server sendToAll
INFO: Reap dead connection: [DummyConnection Server connection - model.nation.sioux]
May 08, 2018 7:08:42 PM net.sf.freecol.server.networking.Server sendToAll
INFO: Reap dead connection: [DummyConnection Server connection - model.nation.english]
May 08, 2018 7:08:42 PM net.sf.freecol.server.networking.Server sendToAll
INFO: Reap dead connection: [DummyConnection Server connection - model.nation.apache]
May 08, 2018 7:08:42 PM net.sf.freecol.server.networking.Server sendToAll
INFO: Reap dead connection: [DummyConnection Server connection - model.nation.dutch]
May 08, 2018 7:08:42 PM net.sf.freecol.server.networking.Server sendToAll
INFO: Reap dead connection: [DummyConnection Server connection - model.nation.iroquois]
May 08, 2018 7:08:42 PM net.sf.freecol.server.networking.Server sendToAll
INFO: Reap dead connection: [DummyConnection Server connection - model.nation.inca]
May 08, 2018 7:08:42 PM net.sf.freecol.server.networking.Server sendToAll
INFO: Reap dead connection: [DummyConnection Server connection - model.nation.cherokee]
May 08, 2018 7:08:42 PM net.sf.freecol.common.model.Specification applyDifficultyLevel
INFO: Applying difficulty level model.difficulty.medium
May 08, 2018 7:08:42 PM net.sf.freecol.common.FreeColSeed getFreeColSeed
INFO: Using seed: -1604002649812233624
May 08, 2018 7:08:42 PM net.sf.freecol.server.networking.Server sendToAll
INFO: Reap dead connection: [DummyConnection Server connection - model.nation.dutch]
May 08, 2018 7:08:42 PM net.sf.freecol.server.networking.Server sendToAll
INFO: Reap dead connection: [DummyConnection Server connection - model.nation.tupi]
May 08, 2018 7:08:42 PM net.sf.freecol.server.networking.Server sendToAll
INFO: Reap dead connection: [DummyConnection Server connection - model.nation.arawak]
May 08, 2018 7:08:42 PM net.sf.freecol.server.networking.Server sendToAll
INFO: Reap dead connection: [DummyConnection Server connection - model.nation.cherokee]
May 08, 2018 7:08:42 PM net.sf.freecol.server.networking.Server sendToAll
INFO: Reap dead connection: [DummyConnection Server connection - model.nation.iroquois]
May 08, 2018 7:08:42 PM net.sf.freecol.server.networking.Server sendToAll
INFO: Reap dead connection: [DummyConnection Server connection - model.nation.french]
May 08, 2018 7:08:42 PM net.sf.freecol.server.networking.Server sendToAll
INFO: Reap dead connection: [DummyConnection Server connection - model.nation.english]
May 08, 2018 7:08:42 PM net.sf.freecol.server.networking.Server sendToAll
INFO: Reap dead connection: [DummyConnection Server connection - model.nation.sioux]
May 08, 2018 7:08:42 PM net.sf.freecol.server.networking.Server sendToAll
INFO: Reap dead connection: [DummyConnection Server connection - model.nation.apache]
May 08, 2018 7:08:42 PM net.sf.freecol.server.networking.Server sendToAll
INFO: Reap dead connection: [DummyConnection Server connection - model.nation.aztec]
May 08, 2018 7:08:42 PM net.sf.freecol.server.networking.Server sendToAll
INFO: Reap dead connection: [DummyConnection Server connection - model.nation.inca]
May 08, 2018 7:08:42 PM net.sf.freecol.server.networking.Server sendToAll
INFO: Reap dead connection: [DummyConnection Server connection - model.nation.spanish]
May 08, 2018 7:08:42 PM net.sf.freecol.common.model.Specification applyDifficultyLevel
INFO: Applying difficulty level model.difficulty.medium
May 08, 2018 7:08:42 PM net.sf.freecol.common.FreeColSeed getFreeColSeed
INFO: Using seed: -7308090002364127553
May 08, 2018 7:08:42 PM net.sf.freecol.server.networking.Server sendToAll
INFO: Reap dead connection: [DummyConnection Server connection - model.nation.spanish]
May 08, 2018 7:08:42 PM net.sf.freecol.server.networking.Server sendToAll
INFO: Reap dead connection: [DummyConnection Server connection - model.nation.iroquois]
May 08, 2018 7:08:42 PM net.sf.freecol.server.networking.Server sendToAll
INFO: Reap dead connection: [DummyConnection Server connection - model.nation.inca]
May 08, 2018 7:08:42 PM net.sf.freecol.server.networking.Server sendToAll
INFO: Reap dead connection: [DummyConnection Server connection - model.nation.apache]
May 08, 2018 7:08:42 PM net.sf.freecol.server.networking.Server sendToAll
INFO: Reap dead connection: [DummyConnection Server connection - model.nation.cherokee]
May 08, 2018 7:08:42 PM net.sf.freecol.server.networking.Server sendToAll
INFO: Reap dead connection: [DummyConnection Server connection - model.nation.sioux]
May 08, 2018 7:08:42 PM net.sf.freecol.server.networking.Server sendToAll
INFO: Reap dead connection: [DummyConnection Server connection - model.nation.tupi]
May 08, 2018 7:08:42 PM net.sf.freecol.server.networking.Server sendToAll
INFO: Reap dead connection: [DummyConnection Server connection - model.nation.english]
May 08, 2018 7:08:42 PM net.sf.freecol.server.networking.Server sendToAll
INFO: Reap dead connection: [DummyConnection Server connection - model.nation.arawak]
May 08, 2018 7:08:42 PM net.sf.freecol.server.networking.Server sendToAll
INFO: Reap dead connection: [DummyConnection Server connection - model.nation.dutch]
May 08, 2018 7:08:42 PM net.sf.freecol.server.networking.Server sendToAll
INFO: Reap dead connection: [DummyConnection Server connection - model.nation.french]
May 08, 2018 7:08:42 PM net.sf.freecol.server.networking.Server sendToAll
INFO: Reap dead connection: [DummyConnection Server connection - model.nation.aztec]
May 08, 2018 7:08:42 PM net.sf.freecol.common.model.Specification applyDifficultyLevel
INFO: Applying difficulty level model.difficulty.medium
May 08, 2018 7:08:42 PM net.sf.freecol.common.FreeColSeed getFreeColSeed
INFO: Using seed: -3943739968508125099
May 08, 2018 7:08:42 PM net.sf.freecol.server.networking.Server sendToAll
INFO: Reap dead connection: [DummyConnection Server connection - model.nation.iroquois]
May 08, 2018 7:08:42 PM net.sf.freecol.server.networking.Server sendToAll
INFO: Reap dead connection: [DummyConnection Server connection - model.nation.arawak]
May 08, 2018 7:08:42 PM net.sf.freecol.server.networking.Server sendToAll
INFO: Reap dead connection: [DummyConnection Server connection - model.nation.apache]
May 08, 2018 7:08:42 PM net.sf.freecol.server.networking.Server sendToAll
INFO: Reap dead connection: [DummyConnection Server connection - model.nation.spanish]
May 08, 2018 7:08:42 PM net.sf.freecol.server.networking.Server sendToAll
INFO: Reap dead connection: [DummyConnection Server connection - model.nation.sioux]
May 08, 2018 7:08:42 PM net.sf.freecol.server.networking.Server sendToAll
INFO: Reap dead connection: [DummyConnection Server connection - model.nation.tupi]
May 08, 2018 7:08:42 PM net.sf.freecol.server.networking.Server sendToAll
INFO: Reap dead connection: [DummyConnection Server connection - model.nation.english]
May 08, 2018 7:08:42 PM net.sf.freecol.server.networking.Server sendToAll
INFO: Reap dead connection: [DummyConnection Server connection - model.nation.cherokee]
May 08, 2018 7:08:42 PM net.sf.freecol.server.networking.Server sendToAll
INFO: Reap dead connection: [DummyConnection Server connection - model.nation.inca]
May 08, 2018 7:08:42 PM net.sf.freecol.server.networking.Server sendToAll
INFO: Reap dead connection: [DummyConnection Server connection - model.nation.aztec]
May 08, 2018 7:08:42 PM net.sf.freecol.server.networking.Server sendToAll
INFO: Reap dead connection: [DummyConnection Server connection - model.nation.dutch]
May 08, 2018 7:08:42 PM net.sf.freecol.server.networking.Server sendToAll
INFO: Reap dead connection: [DummyConnection Server connection - model.nation.french]
May 08, 2018 7:08:42 PM net.sf.freecol.common.model.Specification applyDifficultyLevel
INFO: Applying difficulty level model.difficulty.medium
May 08, 2018 7:08:42 PM net.sf.freecol.common.FreeColSeed getFreeColSeed
INFO: Using seed: -329847808560648560
May 08, 2018 7:08:42 PM net.sf.freecol.server.networking.Server sendToAll
INFO: Reap dead connection: [DummyConnection Server connection - model.nation.tupi]
May 08, 2018 7:08:42 PM net.sf.freecol.server.networking.Server sendToAll
INFO: Reap dead connection: [DummyConnection Server connection - model.nation.apache]
May 08, 2018 7:08:42 PM net.sf.freecol.server.networking.Server sendToAll
INFO: Reap dead connection: [DummyConnection Server connection - model.nation.english]
May 08, 2018 7:08:42 PM net.sf.freecol.server.networking.Server sendToAll
INFO: Reap dead connection: [DummyConnection Server connection - model.nation.sioux]
May 08, 2018 7:08:42 PM net.sf.freecol.server.networking.Server sendToAll
INFO: Reap dead connection: [DummyConnection Server connection - model.nation.aztec]
May 08, 2018 7:08:42 PM net.sf.freecol.server.networking.Server sendToAll
INFO: Reap dead connection: [DummyConnection Server connection - model.nation.french]
May 08, 2018 7:08:42 PM net.sf.freecol.server.networking.Server sendToAll
INFO: Reap dead connection: [DummyConnection Server connection - model.nation.inca]
May 08, 2018 7:08:42 PM net.sf.freecol.server.networking.Server sendToAll
INFO: Reap dead connection: [DummyConnection Server connection - model.nation.iroquois]
May 08, 2018 7:08:42 PM net.sf.freecol.server.networking.Server sendToAll
INFO: Reap dead connection: [DummyConnection Server connection - model.nation.spanish]
May 08, 2018 7:08:42 PM net.sf.freecol.server.networking.Server sendToAll
INFO: Reap dead connection: [DummyConnection Server connection - model.nation.cherokee]
May 08, 2018 7:08:42 PM net.sf.freecol.server.networking.Server sendToAll
INFO: Reap dead connection: [DummyConnection Server connection - model.nation.dutch]
May 08, 2018 7:08:42 PM net.sf.freecol.server.networking.Server sendToAll
INFO: Reap dead connection: [DummyConnection Server connection - model.nation.arawak]
May 08, 2018 7:08:42 PM net.sf.freecol.common.model.Specification applyDifficultyLevel
INFO: Applying difficulty level model.difficulty.medium
May 08, 2018 7:08:42 PM net.sf.freecol.common.FreeColSeed getFreeColSeed
INFO: Using seed: 9187411125789927372
May 08, 2018 7:08:42 PM net.sf.freecol.server.networking.Server sendToAll
INFO: Reap dead connection: [DummyConnection Server connection - model.nation.sioux]
May 08, 2018 7:08:42 PM net.sf.freecol.server.networking.Server sendToAll
INFO: Reap dead connection: [DummyConnection Server connection - model.nation.french]
May 08, 2018 7:08:42 PM net.sf.freecol.server.networking.Server sendToAll
INFO: Reap dead connection: [DummyConnection Server connection - model.nation.cherokee]
May 08, 2018 7:08:42 PM net.sf.freecol.server.networking.Server sendToAll
INFO: Reap dead connection: [DummyConnection Server connection - model.nation.iroquois]
May 08, 2018 7:08:42 PM net.sf.freecol.server.networking.Server sendToAll
INFO: Reap dead connection: [DummyConnection Server connection - model.nation.spanish]
May 08, 2018 7:08:42 PM net.sf.freecol.server.networking.Server sendToAll
INFO: Reap dead connection: [DummyConnection Server connection - model.nation.tupi]
May 08, 2018 7:08:42 PM net.sf.freecol.server.networking.Server sendToAll
INFO: Reap dead connection: [DummyConnection Server connection - model.nation.english]
May 08, 2018 7:08:42 PM net.sf.freecol.server.networking.Server sendToAll
INFO: Reap dead connection: [DummyConnection Server connection - model.nation.aztec]
May 08, 2018 7:08:42 PM net.sf.freecol.server.networking.Server sendToAll
INFO: Reap dead connection: [DummyConnection Server connection - model.nation.apache]
May 08, 2018 7:08:42 PM net.sf.freecol.server.networking.Server sendToAll
INFO: Reap dead connection: [DummyConnection Server connection - model.nation.dutch]
May 08, 2018 7:08:42 PM net.sf.freecol.server.networking.Server sendToAll
INFO: Reap dead connection: [DummyConnection Server connection - model.nation.arawak]
May 08, 2018 7:08:42 PM net.sf.freecol.server.networking.Server sendToAll
INFO: Reap dead connection: [DummyConnection Server connection - model.nation.inca]
May 08, 2018 7:08:42 PM net.sf.freecol.common.networking.DOMMessage clientError
WARNING: Naval unit unit:250 can not embark.
May 08, 2018 7:08:42 PM net.sf.freecol.common.networking.DOMMessage clientError
WARNING: Carrier: unit:248 can not carry unit:252: CAPACITY_EXCEEDED
May 08, 2018 7:08:42 PM net.sf.freecol.common.model.Specification applyDifficultyLevel
INFO: Applying difficulty level model.difficulty.medium
May 08, 2018 7:08:42 PM net.sf.freecol.common.FreeColSeed getFreeColSeed
INFO: Using seed: 2830586645706713935
May 08, 2018 7:08:42 PM net.sf.freecol.server.networking.Server sendToAll
INFO: Reap dead connection: [DummyConnection Server connection - model.nation.apache]
May 08, 2018 7:08:42 PM net.sf.freecol.server.networking.Server sendToAll
INFO: Reap dead connection: [DummyConnection Server connection - model.nation.dutch]
May 08, 2018 7:08:42 PM net.sf.freecol.server.networking.Server sendToAll
INFO: Reap dead connection: [DummyConnection Server connection - model.nation.arawak]
May 08, 2018 7:08:42 PM net.sf.freecol.server.networking.Server sendToAll
INFO: Reap dead connection: [DummyConnection Server connection - model.nation.tupi]
May 08, 2018 7:08:42 PM net.sf.freecol.server.networking.Server sendToAll
INFO: Reap dead connection: [DummyConnection Server connection - model.nation.french]
May 08, 2018 7:08:42 PM net.sf.freecol.server.networking.Server sendToAll
INFO: Reap dead connection: [DummyConnection Server connection - model.nation.english]
May 08, 2018 7:08:42 PM net.sf.freecol.server.networking.Server sendToAll
INFO: Reap dead connection: [DummyConnection Server connection - model.nation.iroquois]
May 08, 2018 7:08:42 PM net.sf.freecol.server.networking.Server sendToAll
INFO: Reap dead connection: [DummyConnection Server connection - model.nation.sioux]
May 08, 2018 7:08:42 PM net.sf.freecol.server.networking.Server sendToAll
INFO: Reap dead connection: [DummyConnection Server connection - model.nation.inca]
May 08, 2018 7:08:42 PM net.sf.freecol.server.networking.Server sendToAll
INFO: Reap dead connection: [DummyConnection Server connection - model.nation.aztec]
May 08, 2018 7:08:42 PM net.sf.freecol.server.networking.Server sendToAll
INFO: Reap dead connection: [DummyConnection Server connection - model.nation.cherokee]
May 08, 2018 7:08:42 PM net.sf.freecol.server.networking.Server sendToAll
INFO: Reap dead connection: [DummyConnection Server connection - model.nation.spanish]
May 08, 2018 7:08:42 PM net.sf.freecol.server.model.ServerPlayer csChangeStance
INFO: Stance modification William I UNCONTACTED -> WAR wrt Louis XIV
May 08, 2018 7:08:42 PM net.sf.freecol.server.model.ServerPlayer csChangeStance
INFO: Stance modification Louis XIV UNCONTACTED -> WAR wrt William I (symmetric)
May 08, 2018 7:08:42 PM net.sf.freecol.common.util.LogBuilder log
INFO: Combat attacker=unit:247-veteranSoldier-soldier [Modifier model.modifier.offence (model.source.baseOffence) ADDITIVE 0.0 index=10] [Modifier model.modifier.offence (model.role.soldier) ADDITIVE 2.0 index=30] [Modifier model.modifier.offence (model.unit.veteranSoldier) PERCENTAGE 50.0 index=40] [Modifier model.modifier.attackBonus (model.source.attackBonus) PERCENTAGE 50.0 index=50] = 4.5 defender=unit:248-freeColonist-soldier [Modifier model.modifier.defence (model.source.baseDefence) ADDITIVE 1.0 index=10] [Modifier model.modifier.defence (model.role.soldier) ADDITIVE 1.0 index=30] = 2.0 odds=0.6923076923076923 random(1.0)=0.7123076915740967 great=false Attack LOSE LOSE_EQUIP
May 08, 2018 7:08:42 PM net.sf.freecol.common.util.LogBuilder log
INFO: Combat attacker=unit:247-veteranSoldier [Modifier model.modifier.offence (model.source.baseOffence) ADDITIVE 0.0 index=10] [Modifier model.modifier.offence (model.unit.veteranSoldier) PERCENTAGE 50.0 index=40] [Modifier model.modifier.attackBonus (model.source.attackBonus) PERCENTAGE 50.0 index=50] = 0.0 defender=unit:248-freeColonist-soldier [Modifier model.modifier.defence (model.source.baseDefence) ADDITIVE 1.0 index=10] [Modifier model.modifier.defence (model.role.soldier) ADDITIVE 1.0 index=30] = 2.0 odds=0.0 random(1.0)=0.019999999552965164 great=false Attack LOSE CAPTURE_UNIT
May 08, 2018 7:08:42 PM net.sf.freecol.common.model.Specification applyDifficultyLevel
INFO: Applying difficulty level model.difficulty.medium
May 08, 2018 7:08:42 PM net.sf.freecol.common.FreeColSeed getFreeColSeed
INFO: Using seed: -8176889891267512788
May 08, 2018 7:08:42 PM net.sf.freecol.server.networking.Server sendToAll
INFO: Reap dead connection: [DummyConnection Server connection - model.nation.english]
May 08, 2018 7:08:42 PM net.sf.freecol.server.networking.Server sendToAll
INFO: Reap dead connection: [DummyConnection Server connection - model.nation.spanish]
May 08, 2018 7:08:42 PM net.sf.freecol.server.networking.Server sendToAll
INFO: Reap dead connection: [DummyConnection Server connection - model.nation.sioux]
May 08, 2018 7:08:42 PM net.sf.freecol.server.networking.Server sendToAll
INFO: Reap dead connection: [DummyConnection Server connection - model.nation.tupi]
May 08, 2018 7:08:42 PM net.sf.freecol.server.networking.Server sendToAll
INFO: Reap dead connection: [DummyConnection Server connection - model.nation.apache]
May 08, 2018 7:08:42 PM net.sf.freecol.server.networking.Server sendToAll
INFO: Reap dead connection: [DummyConnection Server connection - model.nation.french]
May 08, 2018 7:08:42 PM net.sf.freecol.server.networking.Server sendToAll
INFO: Reap dead connection: [DummyConnection Server connection - model.nation.cherokee]
May 08, 2018 7:08:42 PM net.sf.freecol.server.networking.Server sendToAll
INFO: Reap dead connection: [DummyConnection Server connection - model.nation.dutch]
May 08, 2018 7:08:42 PM net.sf.freecol.server.networking.Server sendToAll
INFO: Reap dead connection: [DummyConnection Server connection - model.nation.inca]
May 08, 2018 7:08:42 PM net.sf.freecol.server.networking.Server sendToAll
INFO: Reap dead connection: [DummyConnection Server connection - model.nation.arawak]
May 08, 2018 7:08:42 PM net.sf.freecol.server.networking.Server sendToAll
INFO: Reap dead connection: [DummyConnection Server connection - model.nation.iroquois]
May 08, 2018 7:08:42 PM net.sf.freecol.server.networking.Server sendToAll
INFO: Reap dead connection: [DummyConnection Server connection - model.nation.aztec]
May 08, 2018 7:08:42 PM net.sf.freecol.server.model.ServerPlayer csChangeStance
INFO: Stance modification William I UNCONTACTED -> WAR wrt Atahualpa
May 08, 2018 7:08:42 PM net.sf.freecol.server.model.ServerPlayer csChangeStance
INFO: Stance modification Atahualpa UNCONTACTED -> WAR wrt William I (symmetric)
May 08, 2018 7:08:42 PM net.sf.freecol.common.util.LogBuilder log
INFO: Combat attacker=unit:271-brave-nativeDragoon [Modifier model.modifier.offence (model.source.baseOffence) ADDITIVE 1.0 index=10] [Modifier model.modifier.offence (model.role.nativeDragoon) ADDITIVE 3.0 index=30] [Modifier model.modifier.attackBonus (model.source.attackBonus) PERCENTAGE 50.0 index=50] = 6.0 defender=unit:270-freeColonist [Modifier model.modifier.defence (model.source.baseDefence) ADDITIVE 1.0 index=10] [Modifier model.modifier.defence (model.role.soldier) ADDITIVE 1.0 index=30] [Modifier model.modifier.defence (model.settlement.colony) PERCENTAGE 50.0 index=50] = 3.0 odds=0.6666666666666666 random(1.0)=0.6466666460037231 great=false Attack WIN AUTOEQUIP_UNIT LOSE_AUTOEQUIP
May 08, 2018 7:08:42 PM net.sf.freecol.common.model.Specification applyDifficultyLevel
INFO: Applying difficulty level model.difficulty.medium
May 08, 2018 7:08:42 PM net.sf.freecol.common.FreeColSeed getFreeColSeed
INFO: Using seed: -6037833219149571509
May 08, 2018 7:08:42 PM net.sf.freecol.server.networking.Server sendToAll
INFO: Reap dead connection: [DummyConnection Server connection - model.nation.arawak]
May 08, 2018 7:08:42 PM net.sf.freecol.server.networking.Server sendToAll
INFO: Reap dead connection: [DummyConnection Server connection - model.nation.tupi]
May 08, 2018 7:08:42 PM net.sf.freecol.server.networking.Server sendToAll
INFO: Reap dead connection: [DummyConnection Server connection - model.nation.iroquois]
May 08, 2018 7:08:42 PM net.sf.freecol.server.networking.Server sendToAll
INFO: Reap dead connection: [DummyConnection Server connection - model.nation.apache]
May 08, 2018 7:08:42 PM net.sf.freecol.server.networking.Server sendToAll
INFO: Reap dead connection: [DummyConnection Server connection - model.nation.spanish]
May 08, 2018 7:08:42 PM net.sf.freecol.server.networking.Server sendToAll
INFO: Reap dead connection: [DummyConnection Server connection - model.nation.cherokee]
May 08, 2018 7:08:42 PM net.sf.freecol.server.networking.Server sendToAll
INFO: Reap dead connection: [DummyConnection Server connection - model.nation.inca]
May 08, 2018 7:08:42 PM net.sf.freecol.server.networking.Server sendToAll
INFO: Reap dead connection: [DummyConnection Server connection - model.nation.aztec]
May 08, 2018 7:08:42 PM net.sf.freecol.server.networking.Server sendToAll
INFO: Reap dead connection: [DummyConnection Server connection - model.nation.dutch]
May 08, 2018 7:08:42 PM net.sf.freecol.server.networking.Server sendToAll
INFO: Reap dead connection: [DummyConnection Server connection - model.nation.french]
May 08, 2018 7:08:42 PM net.sf.freecol.server.networking.Server sendToAll
INFO: Reap dead connection: [DummyConnection Server connection - model.nation.sioux]
May 08, 2018 7:08:42 PM net.sf.freecol.server.networking.Server sendToAll
INFO: Reap dead connection: [DummyConnection Server connection - model.nation.english]
May 08, 2018 7:08:42 PM net.sf.freecol.common.model.Specification applyDifficultyLevel
INFO: Applying difficulty level model.difficulty.medium
May 08, 2018 7:08:42 PM net.sf.freecol.common.FreeColSeed getFreeColSeed
INFO: Using seed: -9193247461985579389
May 08, 2018 7:08:42 PM net.sf.freecol.server.networking.Server sendToAll
INFO: Reap dead connection: [DummyConnection Server connection - model.nation.aztec]
May 08, 2018 7:08:42 PM net.sf.freecol.server.networking.Server sendToAll
INFO: Reap dead connection: [DummyConnection Server connection - model.nation.iroquois]
May 08, 2018 7:08:42 PM net.sf.freecol.server.networking.Server sendToAll
INFO: Reap dead connection: [DummyConnection Server connection - model.nation.apache]
May 08, 2018 7:08:42 PM net.sf.freecol.server.networking.Server sendToAll
INFO: Reap dead connection: [DummyConnection Server connection - model.nation.arawak]
May 08, 2018 7:08:42 PM net.sf.freecol.server.networking.Server sendToAll
INFO: Reap dead connection: [DummyConnection Server connection - model.nation.inca]
May 08, 2018 7:08:42 PM net.sf.freecol.server.networking.Server sendToAll
INFO: Reap dead connection: [DummyConnection Server connection - model.nation.spanish]
May 08, 2018 7:08:42 PM net.sf.freecol.server.networking.Server sendToAll
INFO: Reap dead connection: [DummyConnection Server connection - model.nation.french]
May 08, 2018 7:08:42 PM net.sf.freecol.server.networking.Server sendToAll
INFO: Reap dead connection: [DummyConnection Server connection - model.nation.tupi]
May 08, 2018 7:08:42 PM net.sf.freecol.server.networking.Server sendToAll
INFO: Reap dead connection: [DummyConnection Server connection - model.nation.english]
May 08, 2018 7:08:42 PM net.sf.freecol.server.networking.Server sendToAll
INFO: Reap dead connection: [DummyConnection Server connection - model.nation.cherokee]
May 08, 2018 7:08:42 PM net.sf.freecol.server.networking.Server sendToAll
INFO: Reap dead connection: [DummyConnection Server connection - model.nation.sioux]
May 08, 2018 7:08:42 PM net.sf.freecol.server.networking.Server sendToAll
INFO: Reap dead connection: [DummyConnection Server connection - model.nation.dutch]
May 08, 2018 7:08:42 PM net.sf.freecol.server.model.ServerPlayer csChangeStance
INFO: Stance modification William I UNCONTACTED -> WAR wrt Louis XIV
May 08, 2018 7:08:42 PM net.sf.freecol.server.model.ServerPlayer csChangeStance
INFO: Stance modification Louis XIV UNCONTACTED -> WAR wrt William I (symmetric)
May 08, 2018 7:08:42 PM net.sf.freecol.common.util.LogBuilder log
INFO: Combat attacker=unit:247-freeColonist [Modifier model.modifier.offence (model.source.baseOffence) ADDITIVE 0.0 index=10] [Modifier model.modifier.attackBonus (model.source.attackBonus) PERCENTAGE 50.0 index=50] = 0.0 defender=unit:248-freeColonist-soldier [Modifier model.modifier.defence (model.source.baseDefence) ADDITIVE 1.0 index=10] [Modifier model.modifier.defence (model.role.soldier) ADDITIVE 1.0 index=30] = 2.0 odds=0.0 random(1.0)=0.019999999552965164 great=false Attack LOSE CAPTURE_UNIT
May 08, 2018 7:08:42 PM net.sf.freecol.common.model.Specification applyDifficultyLevel
INFO: Applying difficulty level model.difficulty.medium
May 08, 2018 7:08:42 PM net.sf.freecol.common.FreeColSeed getFreeColSeed
INFO: Using seed: 5875115752473426381
May 08, 2018 7:08:42 PM net.sf.freecol.server.networking.Server sendToAll
INFO: Reap dead connection: [DummyConnection Server connection - model.nation.iroquois]
May 08, 2018 7:08:42 PM net.sf.freecol.server.networking.Server sendToAll
INFO: Reap dead connection: [DummyConnection Server connection - model.nation.spanish]
May 08, 2018 7:08:42 PM net.sf.freecol.server.networking.Server sendToAll
INFO: Reap dead connection: [DummyConnection Server connection - model.nation.arawak]
May 08, 2018 7:08:42 PM net.sf.freecol.server.networking.Server sendToAll
INFO: Reap dead connection: [DummyConnection Server connection - model.nation.english]
May 08, 2018 7:08:42 PM net.sf.freecol.server.networking.Server sendToAll
INFO: Reap dead connection: [DummyConnection Server connection - model.nation.tupi]
May 08, 2018 7:08:42 PM net.sf.freecol.server.networking.Server sendToAll
INFO: Reap dead connection: [DummyConnection Server connection - model.nation.inca]
May 08, 2018 7:08:42 PM net.sf.freecol.server.networking.Server sendToAll
INFO: Reap dead connection: [DummyConnection Server connection - model.nation.dutch]
May 08, 2018 7:08:42 PM net.sf.freecol.server.networking.Server sendToAll
INFO: Reap dead connection: [DummyConnection Server connection - model.nation.french]
May 08, 2018 7:08:42 PM net.sf.freecol.server.networking.Server sendToAll
INFO: Reap dead connection: [DummyConnection Server connection - model.nation.cherokee]
May 08, 2018 7:08:42 PM net.sf.freecol.server.networking.Server sendToAll
INFO: Reap dead connection: [DummyConnection Server connection - model.nation.sioux]
May 08, 2018 7:08:42 PM net.sf.freecol.server.networking.Server sendToAll
INFO: Reap dead connection: [DummyConnection Server connection - model.nation.apache]
May 08, 2018 7:08:42 PM net.sf.freecol.server.networking.Server sendToAll
INFO: Reap dead connection: [DummyConnection Server connection - model.nation.aztec]
May 08, 2018 7:08:42 PM net.sf.freecol.server.model.ServerPlayer csChangeStance
INFO: Stance modification William I UNCONTACTED -> WAR wrt Louis XIV
May 08, 2018 7:08:42 PM net.sf.freecol.server.model.ServerPlayer csChangeStance
INFO: Stance modification Louis XIV UNCONTACTED -> WAR wrt William I (symmetric)
May 08, 2018 7:08:42 PM net.sf.freecol.common.util.LogBuilder log
INFO: Combat attacker=unit:247-freeColonist-scout [Modifier model.modifier.offence (model.source.baseOffence) ADDITIVE 0.0 index=10] [Modifier model.modifier.offence (model.role.scout) ADDITIVE 1.0 index=30] [Modifier model.modifier.attackBonus (model.source.attackBonus) PERCENTAGE 50.0 index=50] = 1.5 defender=unit:248-freeColonist-soldier [Modifier model.modifier.defence (model.source.baseDefence) ADDITIVE 1.0 index=10] [Modifier model.modifier.defence (model.role.soldier) ADDITIVE 1.0 index=30] = 2.0 odds=0.42857142857142855 random(1.0)=0.44857141375541687 great=false Attack LOSE SLAUGHTER_UNIT
May 08, 2018 7:08:42 PM net.sf.freecol.common.util.LogBuilder log
INFO: Destroying: unit:247
May 08, 2018 7:08:42 PM net.sf.freecol.common.model.Specification applyDifficultyLevel
INFO: Applying difficulty level model.difficulty.medium
May 08, 2018 7:08:42 PM net.sf.freecol.common.FreeColSeed getFreeColSeed
INFO: Using seed: -4542391384237591893
May 08, 2018 7:08:42 PM net.sf.freecol.server.networking.Server sendToAll
INFO: Reap dead connection: [DummyConnection Server connection - model.nation.french]
May 08, 2018 7:08:42 PM net.sf.freecol.server.networking.Server sendToAll
INFO: Reap dead connection: [DummyConnection Server connection - model.nation.spanish]
May 08, 2018 7:08:42 PM net.sf.freecol.server.networking.Server sendToAll
INFO: Reap dead connection: [DummyConnection Server connection - model.nation.arawak]
May 08, 2018 7:08:42 PM net.sf.freecol.server.networking.Server sendToAll
INFO: Reap dead connection: [DummyConnection Server connection - model.nation.iroquois]
May 08, 2018 7:08:42 PM net.sf.freecol.server.networking.Server sendToAll
INFO: Reap dead connection: [DummyConnection Server connection - model.nation.apache]
May 08, 2018 7:08:42 PM net.sf.freecol.server.networking.Server sendToAll
INFO: Reap dead connection: [DummyConnection Server connection - model.nation.sioux]
May 08, 2018 7:08:42 PM net.sf.freecol.server.networking.Server sendToAll
INFO: Reap dead connection: [DummyConnection Server connection - model.nation.dutch]
May 08, 2018 7:08:42 PM net.sf.freecol.server.networking.Server sendToAll
INFO: Reap dead connection: [DummyConnection Server connection - model.nation.english]
May 08, 2018 7:08:42 PM net.sf.freecol.server.networking.Server sendToAll
INFO: Reap dead connection: [DummyConnection Server connection - model.nation.cherokee]
May 08, 2018 7:08:42 PM net.sf.freecol.server.networking.Server sendToAll
INFO: Reap dead connection: [DummyConnection Server connection - model.nation.inca]
May 08, 2018 7:08:42 PM net.sf.freecol.server.networking.Server sendToAll
INFO: Reap dead connection: [DummyConnection Server connection - model.nation.aztec]
May 08, 2018 7:08:42 PM net.sf.freecol.server.networking.Server sendToAll
INFO: Reap dead connection: [DummyConnection Server connection - model.nation.tupi]
May 08, 2018 7:08:42 PM net.sf.freecol.common.model.Specification applyDifficultyLevel
INFO: Applying difficulty level model.difficulty.medium
May 08, 2018 7:08:42 PM net.sf.freecol.common.FreeColSeed getFreeColSeed
INFO: Using seed: -6684605095958124232
May 08, 2018 7:08:42 PM net.sf.freecol.server.networking.Server sendToAll
INFO: Reap dead connection: [DummyConnection Server connection - model.nation.inca]
May 08, 2018 7:08:42 PM net.sf.freecol.server.networking.Server sendToAll
INFO: Reap dead connection: [DummyConnection Server connection - model.nation.french]
May 08, 2018 7:08:42 PM net.sf.freecol.server.networking.Server sendToAll
INFO: Reap dead connection: [DummyConnection Server connection - model.nation.iroquois]
May 08, 2018 7:08:42 PM net.sf.freecol.server.networking.Server sendToAll
INFO: Reap dead connection: [DummyConnection Server connection - model.nation.aztec]
May 08, 2018 7:08:42 PM net.sf.freecol.server.networking.Server sendToAll
INFO: Reap dead connection: [DummyConnection Server connection - model.nation.tupi]
May 08, 2018 7:08:42 PM net.sf.freecol.server.networking.Server sendToAll
INFO: Reap dead connection: [DummyConnection Server connection - model.nation.arawak]
May 08, 2018 7:08:42 PM net.sf.freecol.server.networking.Server sendToAll
INFO: Reap dead connection: [DummyConnection Server connection - model.nation.cherokee]
May 08, 2018 7:08:42 PM net.sf.freecol.server.networking.Server sendToAll
INFO: Reap dead connection: [DummyConnection Server connection - model.nation.apache]
May 08, 2018 7:08:42 PM net.sf.freecol.server.networking.Server sendToAll
INFO: Reap dead connection: [DummyConnection Server connection - model.nation.spanish]
May 08, 2018 7:08:42 PM net.sf.freecol.server.networking.Server sendToAll
INFO: Reap dead connection: [DummyConnection Server connection - model.nation.sioux]
May 08, 2018 7:08:42 PM net.sf.freecol.server.networking.Server sendToAll
INFO: Reap dead connection: [DummyConnection Server connection - model.nation.dutch]
May 08, 2018 7:08:42 PM net.sf.freecol.server.networking.Server sendToAll
INFO: Reap dead connection: [DummyConnection Server connection - model.nation.english]
May 08, 2018 7:08:42 PM net.sf.freecol.server.model.ServerPlayer csChangeStance
INFO: Stance modification William I UNCONTACTED -> WAR wrt Atahualpa
May 08, 2018 7:08:42 PM net.sf.freecol.server.model.ServerPlayer csChangeStance
INFO: Stance modification Atahualpa UNCONTACTED -> WAR wrt William I (symmetric)
May 08, 2018 7:08:42 PM net.sf.freecol.common.util.LogBuilder log
INFO: Combat attacker=unit:272-brave-nativeDragoon [Modifier model.modifier.offence (model.source.baseOffence) ADDITIVE 1.0 index=10] [Modifier model.modifier.offence (model.role.nativeDragoon) ADDITIVE 3.0 index=30] [Modifier model.modifier.attackBonus (model.source.attackBonus) PERCENTAGE 50.0 index=50] = 6.0 defender=unit:271-veteranSoldier-dragoon [Modifier model.modifier.defence (model.source.baseDefence) ADDITIVE 1.0 index=10] [Modifier model.modifier.defence (model.role.dragoon) ADDITIVE 2.0 index=30] [Modifier model.modifier.defence (model.unit.veteranSoldier) PERCENTAGE 50.0 index=40] [Modifier model.modifier.defence (model.settlement.colony) PERCENTAGE 50.0 index=50] = 6.75 odds=0.47058823529411764 random(1.0)=0.4505882263183594 great=false Attack WIN LOSE_EQUIP
May 08, 2018 7:08:42 PM net.sf.freecol.common.util.LogBuilder log
INFO: Combat attacker=unit:272-brave-nativeDragoon [Modifier model.modifier.offence (model.source.baseOffence) ADDITIVE 1.0 index=10] [Modifier model.modifier.offence (model.role.nativeDragoon) ADDITIVE 3.0 index=30] [Modifier model.modifier.attackBonus (model.source.attackBonus) PERCENTAGE 50.0 index=50] = 6.0 defender=unit:271-veteranSoldier-soldier [Modifier model.modifier.defence (model.source.baseDefence) ADDITIVE 1.0 index=10] [Modifier model.modifier.defence (model.role.soldier) ADDITIVE 1.0 index=30] [Modifier model.modifier.defence (model.unit.veteranSoldier) PERCENTAGE 50.0 index=40] [Modifier model.modifier.defence (model.settlement.colony) PERCENTAGE 50.0 index=50] = 4.5 odds=0.5714285714285714 random(1.0)=0.5514285564422607 great=false Attack WIN LOSE_EQUIP
May 08, 2018 7:08:42 PM net.sf.freecol.common.util.LogBuilder log
INFO: Combat attacker=unit:272-brave-nativeDragoon [Modifier model.modifier.offence (model.source.baseOffence) ADDITIVE 1.0 index=10] [Modifier model.modifier.offence (model.role.nativeDragoon) ADDITIVE 3.0 index=30] [Modifier model.modifier.attackBonus (model.source.attackBonus) PERCENTAGE 50.0 index=50] = 6.0 defender=unit:271-veteranSoldier [Modifier model.modifier.defence (model.source.baseDefence) ADDITIVE 1.0 index=10] [Modifier model.modifier.defence (model.unit.veteranSoldier) PERCENTAGE 50.0 index=40] [Modifier model.modifier.defence (model.settlement.colony) PERCENTAGE 50.0 index=50] = 2.25 odds=0.7272727272727273 random(1.0)=0.7072727084159851 great=false Attack WIN SLAUGHTER_UNIT
May 08, 2018 7:08:42 PM net.sf.freecol.common.util.LogBuilder log
INFO: Destroying: unit:271
May 08, 2018 7:08:42 PM net.sf.freecol.common.util.LogBuilder log
INFO: Combat attacker=unit:272-brave-nativeDragoon [Modifier model.modifier.offence (model.source.baseOffence) ADDITIVE 1.0 index=10] [Modifier model.modifier.offence (model.role.nativeDragoon) ADDITIVE 3.0 index=30] [Modifier model.modifier.attackBonus (model.source.attackBonus) PERCENTAGE 50.0 index=50] = 6.0 defender=unit:270-freeColonist [Modifier model.modifier.defence (model.source.baseDefence) ADDITIVE 1.0 index=10] [Modifier model.modifier.defence (model.settlement.colony) PERCENTAGE 50.0 index=50] = 1.5 odds=0.8 random(1.0)=0.7799999713897705 great=false Attack WIN PILLAGE_COLONY
May 08, 2018 7:08:42 PM net.sf.freecol.common.util.LogBuilder log
INFO: Destroying: building:274
May 08, 2018 7:08:42 PM net.sf.freecol.common.util.LogBuilder log
INFO: Combat attacker=unit:272-brave-nativeDragoon [Modifier model.modifier.offence (model.source.baseOffence) ADDITIVE 1.0 index=10] [Modifier model.modifier.offence (model.role.nativeDragoon) ADDITIVE 3.0 index=30] [Modifier model.modifier.attackBonus (model.source.attackBonus) PERCENTAGE 50.0 index=50] = 6.0 defender=unit:270-freeColonist [Modifier model.modifier.defence (model.source.baseDefence) ADDITIVE 1.0 index=10] [Modifier model.modifier.defence (model.settlement.colony) PERCENTAGE 50.0 index=50] = 1.5 odds=0.8 random(1.0)=0.7799999713897705 great=false Attack WIN PILLAGE_COLONY
May 08, 2018 7:08:42 PM net.sf.freecol.common.util.LogBuilder log
INFO: Combat attacker=unit:272-brave-nativeDragoon [Modifier model.modifier.offence (model.source.baseOffence) ADDITIVE 1.0 index=10] [Modifier model.modifier.offence (model.role.nativeDragoon) ADDITIVE 3.0 index=30] [Modifier model.modifier.attackBonus (model.source.attackBonus) PERCENTAGE 50.0 index=50] = 6.0 defender=unit:270-freeColonist [Modifier model.modifier.defence (model.source.baseDefence) ADDITIVE 1.0 index=10] [Modifier model.modifier.defence (model.settlement.colony) PERCENTAGE 50.0 index=50] = 1.5 odds=0.8 random(1.0)=0.7799999713897705 great=false Attack WIN PILLAGE_COLONY
May 08, 2018 7:08:42 PM net.sf.freecol.common.util.LogBuilder log
INFO: Combat attacker=unit:272-brave-nativeDragoon [Modifier model.modifier.offence (model.source.baseOffence) ADDITIVE 1.0 index=10] [Modifier model.modifier.offence (model.role.nativeDragoon) ADDITIVE 3.0 index=30] [Modifier model.modifier.attackBonus (model.source.attackBonus) PERCENTAGE 50.0 index=50] = 6.0 defender=unit:270-freeColonist [Modifier model.modifier.defence (model.source.baseDefence) ADDITIVE 1.0 index=10] [Modifier model.modifier.defence (model.settlement.colony) PERCENTAGE 50.0 index=50] = 1.5 odds=0.8 random(1.0)=0.7799999713897705 great=false Attack WIN PILLAGE_COLONY
May 08, 2018 7:08:42 PM net.sf.freecol.common.util.LogBuilder log
INFO: Combat attacker=unit:272-brave-nativeDragoon [Modifier model.modifier.offence (model.source.baseOffence) ADDITIVE 1.0 index=10] [Modifier model.modifier.offence (model.role.nativeDragoon) ADDITIVE 3.0 index=30] [Modifier model.modifier.attackBonus (model.source.attackBonus) PERCENTAGE 50.0 index=50] = 6.0 defender=unit:270-freeColonist [Modifier model.modifier.defence (model.source.baseDefence) ADDITIVE 1.0 index=10] [Modifier model.modifier.defence (model.settlement.colony) PERCENTAGE 50.0 index=50] = 1.5 odds=0.8 random(1.0)=0.7799999713897705 great=false Attack WIN SLAUGHTER_UNIT DESTROY_COLONY
May 08, 2018 7:08:42 PM net.sf.freecol.common.util.LogBuilder log
INFO: Destroying: unit:270
May 08, 2018 7:08:42 PM net.sf.freecol.common.util.LogBuilder log
INFO: Destroying: colonyTile:249 colonyTile:250 colonyTile:251 colonyTile:252 colonyTile:253 colonyTile:254 colonyTile:255 colonyTile:256 colonyTile:257 building:258 building:260 building:259 building:262 building:266 building:267 building:261 building:263 building:264 building:265 goodsContainer:248 colony:247
May 08, 2018 7:08:42 PM net.sf.freecol.common.model.Specification applyDifficultyLevel
INFO: Applying difficulty level model.difficulty.medium
May 08, 2018 7:08:42 PM net.sf.freecol.common.FreeColSeed getFreeColSeed
INFO: Using seed: -361490780478977959
May 08, 2018 7:08:42 PM net.sf.freecol.server.networking.Server sendToAll
INFO: Reap dead connection: [DummyConnection Server connection - model.nation.spanish]
May 08, 2018 7:08:42 PM net.sf.freecol.server.networking.Server sendToAll
INFO: Reap dead connection: [DummyConnection Server connection - model.nation.sioux]
May 08, 2018 7:08:42 PM net.sf.freecol.server.networking.Server sendToAll
INFO: Reap dead connection: [DummyConnection Server connection - model.nation.cherokee]
May 08, 2018 7:08:42 PM net.sf.freecol.server.networking.Server sendToAll
INFO: Reap dead connection: [DummyConnection Server connection - model.nation.aztec]
May 08, 2018 7:08:42 PM net.sf.freecol.server.networking.Server sendToAll
INFO: Reap dead connection: [DummyConnection Server connection - model.nation.dutch]
May 08, 2018 7:08:42 PM net.sf.freecol.server.networking.Server sendToAll
INFO: Reap dead connection: [DummyConnection Server connection - model.nation.arawak]
May 08, 2018 7:08:42 PM net.sf.freecol.server.networking.Server sendToAll
INFO: Reap dead connection: [DummyConnection Server connection - model.nation.iroquois]
May 08, 2018 7:08:42 PM net.sf.freecol.server.networking.Server sendToAll
INFO: Reap dead connection: [DummyConnection Server connection - model.nation.tupi]
May 08, 2018 7:08:42 PM net.sf.freecol.server.networking.Server sendToAll
INFO: Reap dead connection: [DummyConnection Server connection - model.nation.french]
May 08, 2018 7:08:42 PM net.sf.freecol.server.networking.Server sendToAll
INFO: Reap dead connection: [DummyConnection Server connection - model.nation.english]
May 08, 2018 7:08:42 PM net.sf.freecol.server.networking.Server sendToAll
INFO: Reap dead connection: [DummyConnection Server connection - model.nation.apache]
May 08, 2018 7:08:42 PM net.sf.freecol.server.networking.Server sendToAll
INFO: Reap dead connection: [DummyConnection Server connection - model.nation.inca]
May 08, 2018 7:08:42 PM net.sf.freecol.common.model.Specification applyDifficultyLevel
INFO: Applying difficulty level model.difficulty.medium
May 08, 2018 7:08:42 PM net.sf.freecol.common.FreeColSeed getFreeColSeed
INFO: Using seed: -3900492047621685173
May 08, 2018 7:08:42 PM net.sf.freecol.server.networking.Server sendToAll
INFO: Reap dead connection: [DummyConnection Server connection - model.nation.english]
May 08, 2018 7:08:42 PM net.sf.freecol.server.networking.Server sendToAll
INFO: Reap dead connection: [DummyConnection Server connection - model.nation.arawak]
May 08, 2018 7:08:42 PM net.sf.freecol.server.networking.Server sendToAll
INFO: Reap dead connection: [DummyConnection Server connection - model.nation.iroquois]
May 08, 2018 7:08:42 PM net.sf.freecol.server.networking.Server sendToAll
INFO: Reap dead connection: [DummyConnection Server connection - model.nation.dutch]
May 08, 2018 7:08:42 PM net.sf.freecol.server.networking.Server sendToAll
INFO: Reap dead connection: [DummyConnection Server connection - model.nation.aztec]
May 08, 2018 7:08:42 PM net.sf.freecol.server.networking.Server sendToAll
INFO: Reap dead connection: [DummyConnection Server connection - model.nation.apache]
May 08, 2018 7:08:42 PM net.sf.freecol.server.networking.Server sendToAll
INFO: Reap dead connection: [DummyConnection Server connection - model.nation.tupi]
May 08, 2018 7:08:42 PM net.sf.freecol.server.networking.Server sendToAll
INFO: Reap dead connection: [DummyConnection Server connection - model.nation.inca]
May 08, 2018 7:08:42 PM net.sf.freecol.server.networking.Server sendToAll
INFO: Reap dead connection: [DummyConnection Server connection - model.nation.french]
May 08, 2018 7:08:42 PM net.sf.freecol.server.networking.Server sendToAll
INFO: Reap dead connection: [DummyConnection Server connection - model.nation.spanish]
May 08, 2018 7:08:42 PM net.sf.freecol.server.networking.Server sendToAll
INFO: Reap dead connection: [DummyConnection Server connection - model.nation.cherokee]
May 08, 2018 7:08:42 PM net.sf.freecol.server.networking.Server sendToAll
INFO: Reap dead connection: [DummyConnection Server connection - model.nation.sioux]
May 08, 2018 7:08:42 PM net.sf.freecol.common.model.Specification applyDifficultyLevel
INFO: Applying difficulty level model.difficulty.medium
May 08, 2018 7:08:42 PM net.sf.freecol.common.FreeColSeed getFreeColSeed
INFO: Using seed: -1776896217264874360
May 08, 2018 7:08:42 PM net.sf.freecol.server.networking.Server sendToAll
INFO: Reap dead connection: [DummyConnection Server connection - model.nation.sioux]
May 08, 2018 7:08:42 PM net.sf.freecol.server.networking.Server sendToAll
INFO: Reap dead connection: [DummyConnection Server connection - model.nation.french]
May 08, 2018 7:08:42 PM net.sf.freecol.server.networking.Server sendToAll
INFO: Reap dead connection: [DummyConnection Server connection - model.nation.aztec]
May 08, 2018 7:08:42 PM net.sf.freecol.server.networking.Server sendToAll
INFO: Reap dead connection: [DummyConnection Server connection - model.nation.spanish]
May 08, 2018 7:08:42 PM net.sf.freecol.server.networking.Server sendToAll
INFO: Reap dead connection: [DummyConnection Server connection - model.nation.cherokee]
May 08, 2018 7:08:42 PM net.sf.freecol.server.networking.Server sendToAll
INFO: Reap dead connection: [DummyConnection Server connection - model.nation.dutch]
May 08, 2018 7:08:42 PM net.sf.freecol.server.networking.Server sendToAll
INFO: Reap dead connection: [DummyConnection Server connection - model.nation.arawak]
May 08, 2018 7:08:42 PM net.sf.freecol.server.networking.Server sendToAll
INFO: Reap dead connection: [DummyConnection Server connection - model.nation.apache]
May 08, 2018 7:08:42 PM net.sf.freecol.server.networking.Server sendToAll
INFO: Reap dead connection: [DummyConnection Server connection - model.nation.tupi]
May 08, 2018 7:08:42 PM net.sf.freecol.server.networking.Server sendToAll
INFO: Reap dead connection: [DummyConnection Server connection - model.nation.english]
May 08, 2018 7:08:42 PM net.sf.freecol.server.networking.Server sendToAll
INFO: Reap dead connection: [DummyConnection Server connection - model.nation.iroquois]
May 08, 2018 7:08:42 PM net.sf.freecol.server.networking.Server sendToAll
INFO: Reap dead connection: [DummyConnection Server connection - model.nation.inca]
May 08, 2018 7:08:42 PM net.sf.freecol.common.model.Specification applyDifficultyLevel
INFO: Applying difficulty level model.difficulty.medium
May 08, 2018 7:08:42 PM net.sf.freecol.common.FreeColSeed getFreeColSeed
INFO: Using seed: 742150770456299565
May 08, 2018 7:08:42 PM net.sf.freecol.server.networking.Server sendToAll
INFO: Reap dead connection: [DummyConnection Server connection - model.nation.apache]
May 08, 2018 7:08:42 PM net.sf.freecol.server.networking.Server sendToAll
INFO: Reap dead connection: [DummyConnection Server connection - model.nation.iroquois]
May 08, 2018 7:08:42 PM net.sf.freecol.server.networking.Server sendToAll
INFO: Reap dead connection: [DummyConnection Server connection - model.nation.inca]
May 08, 2018 7:08:42 PM net.sf.freecol.server.networking.Server sendToAll
INFO: Reap dead connection: [DummyConnection Server connection - model.nation.french]
May 08, 2018 7:08:42 PM net.sf.freecol.server.networking.Server sendToAll
INFO: Reap dead connection: [DummyConnection Server connection - model.nation.cherokee]
May 08, 2018 7:08:42 PM net.sf.freecol.server.networking.Server sendToAll
INFO: Reap dead connection: [DummyConnection Server connection - model.nation.dutch]
May 08, 2018 7:08:42 PM net.sf.freecol.server.networking.Server sendToAll
INFO: Reap dead connection: [DummyConnection Server connection - model.nation.spanish]
May 08, 2018 7:08:42 PM net.sf.freecol.server.networking.Server sendToAll
INFO: Reap dead connection: [DummyConnection Server connection - model.nation.tupi]
May 08, 2018 7:08:42 PM net.sf.freecol.server.networking.Server sendToAll
INFO: Reap dead connection: [DummyConnection Server connection - model.nation.sioux]
May 08, 2018 7:08:42 PM net.sf.freecol.server.networking.Server sendToAll
INFO: Reap dead connection: [DummyConnection Server connection - model.nation.arawak]
May 08, 2018 7:08:42 PM net.sf.freecol.server.networking.Server sendToAll
INFO: Reap dead connection: [DummyConnection Server connection - model.nation.english]
May 08, 2018 7:08:42 PM net.sf.freecol.server.networking.Server sendToAll
INFO: Reap dead connection: [DummyConnection Server connection - model.nation.aztec]
May 08, 2018 7:08:42 PM net.sf.freecol.common.model.Specification applyDifficultyLevel
INFO: Applying difficulty level model.difficulty.medium
May 08, 2018 7:08:42 PM net.sf.freecol.common.FreeColSeed getFreeColSeed
INFO: Using seed: 5906856076552706938
May 08, 2018 7:08:42 PM net.sf.freecol.server.networking.Server sendToAll
INFO: Reap dead connection: [DummyConnection Server connection - model.nation.inca]
May 08, 2018 7:08:42 PM net.sf.freecol.server.networking.Server sendToAll
INFO: Reap dead connection: [DummyConnection Server connection - model.nation.english]
May 08, 2018 7:08:42 PM net.sf.freecol.server.networking.Server sendToAll
INFO: Reap dead connection: [DummyConnection Server connection - model.nation.tupi]
May 08, 2018 7:08:42 PM net.sf.freecol.server.networking.Server sendToAll
INFO: Reap dead connection: [DummyConnection Server connection - model.nation.arawak]
May 08, 2018 7:08:42 PM net.sf.freecol.server.networking.Server sendToAll
INFO: Reap dead connection: [DummyConnection Server connection - model.nation.spanish]
May 08, 2018 7:08:42 PM net.sf.freecol.server.networking.Server sendToAll
INFO: Reap dead connection: [DummyConnection Server connection - model.nation.cherokee]
May 08, 2018 7:08:42 PM net.sf.freecol.server.networking.Server sendToAll
INFO: Reap dead connection: [DummyConnection Server connection - model.nation.apache]
May 08, 2018 7:08:42 PM net.sf.freecol.server.networking.Server sendToAll
INFO: Reap dead connection: [DummyConnection Server connection - model.nation.iroquois]
May 08, 2018 7:08:42 PM net.sf.freecol.server.networking.Server sendToAll
INFO: Reap dead connection: [DummyConnection Server connection - model.nation.french]
May 08, 2018 7:08:42 PM net.sf.freecol.server.networking.Server sendToAll
INFO: Reap dead connection: [DummyConnection Server connection - model.nation.sioux]
May 08, 2018 7:08:42 PM net.sf.freecol.server.networking.Server sendToAll
INFO: Reap dead connection: [DummyConnection Server connection - model.nation.aztec]
May 08, 2018 7:08:42 PM net.sf.freecol.server.networking.Server sendToAll
INFO: Reap dead connection: [DummyConnection Server connection - model.nation.dutch]
May 08, 2018 7:08:42 PM net.sf.freecol.common.model.Specification applyDifficultyLevel
INFO: Applying difficulty level model.difficulty.medium
May 08, 2018 7:08:42 PM net.sf.freecol.common.FreeColSeed getFreeColSeed
INFO: Using seed: 8127581267280323447
May 08, 2018 7:08:42 PM net.sf.freecol.server.networking.Server sendToAll
INFO: Reap dead connection: [DummyConnection Server connection - model.nation.apache]
May 08, 2018 7:08:42 PM net.sf.freecol.server.networking.Server sendToAll
INFO: Reap dead connection: [DummyConnection Server connection - model.nation.aztec]
May 08, 2018 7:08:42 PM net.sf.freecol.server.networking.Server sendToAll
INFO: Reap dead connection: [DummyConnection Server connection - model.nation.french]
May 08, 2018 7:08:42 PM net.sf.freecol.server.networking.Server sendToAll
INFO: Reap dead connection: [DummyConnection Server connection - model.nation.arawak]
May 08, 2018 7:08:42 PM net.sf.freecol.server.networking.Server sendToAll
INFO: Reap dead connection: [DummyConnection Server connection - model.nation.spanish]
May 08, 2018 7:08:42 PM net.sf.freecol.server.networking.Server sendToAll
INFO: Reap dead connection: [DummyConnection Server connection - model.nation.tupi]
May 08, 2018 7:08:42 PM net.sf.freecol.server.networking.Server sendToAll
INFO: Reap dead connection: [DummyConnection Server connection - model.nation.dutch]
May 08, 2018 7:08:42 PM net.sf.freecol.server.networking.Server sendToAll
INFO: Reap dead connection: [DummyConnection Server connection - model.nation.iroquois]
May 08, 2018 7:08:42 PM net.sf.freecol.server.networking.Server sendToAll
INFO: Reap dead connection: [DummyConnection Server connection - model.nation.english]
May 08, 2018 7:08:42 PM net.sf.freecol.server.networking.Server sendToAll
INFO: Reap dead connection: [DummyConnection Server connection - model.nation.sioux]
May 08, 2018 7:08:42 PM net.sf.freecol.server.networking.Server sendToAll
INFO: Reap dead connection: [DummyConnection Server connection - model.nation.cherokee]
May 08, 2018 7:08:42 PM net.sf.freecol.server.networking.Server sendToAll
INFO: Reap dead connection: [DummyConnection Server connection - model.nation.inca]
May 08, 2018 7:08:42 PM net.sf.freecol.common.model.Specification applyDifficultyLevel
INFO: Applying difficulty level model.difficulty.medium
May 08, 2018 7:08:42 PM net.sf.freecol.common.FreeColSeed getFreeColSeed
INFO: Using seed: 5570074842345051618
May 08, 2018 7:08:42 PM net.sf.freecol.server.networking.Server sendToAll
INFO: Reap dead connection: [DummyConnection Server connection - model.nation.iroquois]
May 08, 2018 7:08:42 PM net.sf.freecol.server.networking.Server sendToAll
INFO: Reap dead connection: [DummyConnection Server connection - model.nation.sioux]
May 08, 2018 7:08:42 PM net.sf.freecol.server.networking.Server sendToAll
INFO: Reap dead connection: [DummyConnection Server connection - model.nation.tupi]
May 08, 2018 7:08:42 PM net.sf.freecol.server.networking.Server sendToAll
INFO: Reap dead connection: [DummyConnection Server connection - model.nation.cherokee]
May 08, 2018 7:08:42 PM net.sf.freecol.server.networking.Server sendToAll
INFO: Reap dead connection: [DummyConnection Server connection - model.nation.inca]
May 08, 2018 7:08:42 PM net.sf.freecol.server.networking.Server sendToAll
INFO: Reap dead connection: [DummyConnection Server connection - model.nation.dutch]
May 08, 2018 7:08:42 PM net.sf.freecol.server.networking.Server sendToAll
INFO: Reap dead connection: [DummyConnection Server connection - model.nation.arawak]
May 08, 2018 7:08:42 PM net.sf.freecol.server.networking.Server sendToAll
INFO: Reap dead connection: [DummyConnection Server connection - model.nation.english]
May 08, 2018 7:08:42 PM net.sf.freecol.server.networking.Server sendToAll
INFO: Reap dead connection: [DummyConnection Server connection - model.nation.french]
May 08, 2018 7:08:42 PM net.sf.freecol.server.networking.Server sendToAll
INFO: Reap dead connection: [DummyConnection Server connection - model.nation.aztec]
May 08, 2018 7:08:42 PM net.sf.freecol.server.networking.Server sendToAll
INFO: Reap dead connection: [DummyConnection Server connection - model.nation.apache]
May 08, 2018 7:08:42 PM net.sf.freecol.server.networking.Server sendToAll
INFO: Reap dead connection: [DummyConnection Server connection - model.nation.spanish]
May 08, 2018 7:08:42 PM net.sf.freecol.common.model.Unit setLocation
WARNING: Can not add [unit:272 dutch pettyCriminal 0/1] to building:258
May 08, 2018 7:08:42 PM net.sf.freecol.common.model.Specification applyDifficultyLevel
INFO: Applying difficulty level model.difficulty.medium
May 08, 2018 7:08:42 PM net.sf.freecol.common.FreeColSeed getFreeColSeed
INFO: Using seed: -6143378318508998438
May 08, 2018 7:08:42 PM net.sf.freecol.server.networking.Server sendToAll
INFO: Reap dead connection: [DummyConnection Server connection - model.nation.aztec]
May 08, 2018 7:08:42 PM net.sf.freecol.server.networking.Server sendToAll
INFO: Reap dead connection: [DummyConnection Server connection - model.nation.english]
May 08, 2018 7:08:42 PM net.sf.freecol.server.networking.Server sendToAll
INFO: Reap dead connection: [DummyConnection Server connection - model.nation.spanish]
May 08, 2018 7:08:42 PM net.sf.freecol.server.networking.Server sendToAll
INFO: Reap dead connection: [DummyConnection Server connection - model.nation.french]
May 08, 2018 7:08:42 PM net.sf.freecol.server.networking.Server sendToAll
INFO: Reap dead connection: [DummyConnection Server connection - model.nation.cherokee]
May 08, 2018 7:08:42 PM net.sf.freecol.server.networking.Server sendToAll
INFO: Reap dead connection: [DummyConnection Server connection - model.nation.arawak]
May 08, 2018 7:08:42 PM net.sf.freecol.server.networking.Server sendToAll
INFO: Reap dead connection: [DummyConnection Server connection - model.nation.apache]
May 08, 2018 7:08:42 PM net.sf.freecol.server.networking.Server sendToAll
INFO: Reap dead connection: [DummyConnection Server connection - model.nation.tupi]
May 08, 2018 7:08:42 PM net.sf.freecol.server.networking.Server sendToAll
INFO: Reap dead connection: [DummyConnection Server connection - model.nation.dutch]
May 08, 2018 7:08:42 PM net.sf.freecol.server.networking.Server sendToAll
INFO: Reap dead connection: [DummyConnection Server connection - model.nation.inca]
May 08, 2018 7:08:42 PM net.sf.freecol.server.networking.Server sendToAll
INFO: Reap dead connection: [DummyConnection Server connection - model.nation.iroquois]
May 08, 2018 7:08:42 PM net.sf.freecol.server.networking.Server sendToAll
INFO: Reap dead connection: [DummyConnection Server connection - model.nation.sioux]
May 08, 2018 7:08:42 PM net.sf.freecol.common.model.Specification applyDifficultyLevel
INFO: Applying difficulty level model.difficulty.medium
May 08, 2018 7:08:42 PM net.sf.freecol.common.FreeColSeed getFreeColSeed
INFO: Using seed: 3432048208047115906
May 08, 2018 7:08:42 PM net.sf.freecol.server.networking.Server sendToAll
INFO: Reap dead connection: [DummyConnection Server connection - model.nation.aztec]
May 08, 2018 7:08:42 PM net.sf.freecol.server.networking.Server sendToAll
INFO: Reap dead connection: [DummyConnection Server connection - model.nation.arawak]
May 08, 2018 7:08:42 PM net.sf.freecol.server.networking.Server sendToAll
INFO: Reap dead connection: [DummyConnection Server connection - model.nation.spanish]
May 08, 2018 7:08:42 PM net.sf.freecol.server.networking.Server sendToAll
INFO: Reap dead connection: [DummyConnection Server connection - model.nation.english]
May 08, 2018 7:08:42 PM net.sf.freecol.server.networking.Server sendToAll
INFO: Reap dead connection: [DummyConnection Server connection - model.nation.inca]
May 08, 2018 7:08:42 PM net.sf.freecol.server.networking.Server sendToAll
INFO: Reap dead connection: [DummyConnection Server connection - model.nation.sioux]
May 08, 2018 7:08:42 PM net.sf.freecol.server.networking.Server sendToAll
INFO: Reap dead connection: [DummyConnection Server connection - model.nation.cherokee]
May 08, 2018 7:08:42 PM net.sf.freecol.server.networking.Server sendToAll
INFO: Reap dead connection: [DummyConnection Server connection - model.nation.french]
May 08, 2018 7:08:42 PM net.sf.freecol.server.networking.Server sendToAll
INFO: Reap dead connection: [DummyConnection Server connection - model.nation.apache]
May 08, 2018 7:08:42 PM net.sf.freecol.server.networking.Server sendToAll
INFO: Reap dead connection: [DummyConnection Server connection - model.nation.dutch]
May 08, 2018 7:08:42 PM net.sf.freecol.server.networking.Server sendToAll
INFO: Reap dead connection: [DummyConnection Server connection - model.nation.tupi]
May 08, 2018 7:08:42 PM net.sf.freecol.server.networking.Server sendToAll
INFO: Reap dead connection: [DummyConnection Server connection - model.nation.iroquois]
May 08, 2018 7:08:42 PM net.sf.freecol.common.model.Specification applyDifficultyLevel
INFO: Applying difficulty level model.difficulty.medium
May 08, 2018 7:08:42 PM net.sf.freecol.common.FreeColSeed getFreeColSeed
INFO: Using seed: -5629257004107988553
May 08, 2018 7:08:42 PM net.sf.freecol.server.networking.Server sendToAll
INFO: Reap dead connection: [DummyConnection Server connection - model.nation.french]
May 08, 2018 7:08:42 PM net.sf.freecol.server.networking.Server sendToAll
INFO: Reap dead connection: [DummyConnection Server connection - model.nation.dutch]
May 08, 2018 7:08:42 PM net.sf.freecol.server.networking.Server sendToAll
INFO: Reap dead connection: [DummyConnection Server connection - model.nation.cherokee]
May 08, 2018 7:08:42 PM net.sf.freecol.server.networking.Server sendToAll
INFO: Reap dead connection: [DummyConnection Server connection - model.nation.sioux]
May 08, 2018 7:08:42 PM net.sf.freecol.server.networking.Server sendToAll
INFO: Reap dead connection: [DummyConnection Server connection - model.nation.inca]
May 08, 2018 7:08:42 PM net.sf.freecol.server.networking.Server sendToAll
INFO: Reap dead connection: [DummyConnection Server connection - model.nation.tupi]
May 08, 2018 7:08:42 PM net.sf.freecol.server.networking.Server sendToAll
INFO: Reap dead connection: [DummyConnection Server connection - model.nation.apache]
May 08, 2018 7:08:42 PM net.sf.freecol.server.networking.Server sendToAll
INFO: Reap dead connection: [DummyConnection Server connection - model.nation.arawak]
May 08, 2018 7:08:42 PM net.sf.freecol.server.networking.Server sendToAll
INFO: Reap dead connection: [DummyConnection Server connection - model.nation.english]
May 08, 2018 7:08:42 PM net.sf.freecol.server.networking.Server sendToAll
INFO: Reap dead connection: [DummyConnection Server connection - model.nation.spanish]
May 08, 2018 7:08:42 PM net.sf.freecol.server.networking.Server sendToAll
INFO: Reap dead connection: [DummyConnection Server connection - model.nation.aztec]
May 08, 2018 7:08:42 PM net.sf.freecol.server.networking.Server sendToAll
INFO: Reap dead connection: [DummyConnection Server connection - model.nation.iroquois]
May 08, 2018 7:08:42 PM net.sf.freecol.common.model.Specification applyDifficultyLevel
INFO: Applying difficulty level model.difficulty.medium
May 08, 2018 7:08:42 PM net.sf.freecol.common.FreeColSeed getFreeColSeed
INFO: Using seed: -2994216895301742093
May 08, 2018 7:08:42 PM net.sf.freecol.server.networking.Server sendToAll
INFO: Reap dead connection: [DummyConnection Server connection - model.nation.cherokee]
May 08, 2018 7:08:42 PM net.sf.freecol.server.networking.Server sendToAll
INFO: Reap dead connection: [DummyConnection Server connection - model.nation.iroquois]
May 08, 2018 7:08:42 PM net.sf.freecol.server.networking.Server sendToAll
INFO: Reap dead connection: [DummyConnection Server connection - model.nation.aztec]
May 08, 2018 7:08:42 PM net.sf.freecol.server.networking.Server sendToAll
INFO: Reap dead connection: [DummyConnection Server connection - model.nation.arawak]
May 08, 2018 7:08:42 PM net.sf.freecol.server.networking.Server sendToAll
INFO: Reap dead connection: [DummyConnection Server connection - model.nation.dutch]
May 08, 2018 7:08:42 PM net.sf.freecol.server.networking.Server sendToAll
INFO: Reap dead connection: [DummyConnection Server connection - model.nation.spanish]
May 08, 2018 7:08:42 PM net.sf.freecol.server.networking.Server sendToAll
INFO: Reap dead connection: [DummyConnection Server connection - model.nation.french]
May 08, 2018 7:08:42 PM net.sf.freecol.server.networking.Server sendToAll
INFO: Reap dead connection: [DummyConnection Server connection - model.nation.inca]
May 08, 2018 7:08:42 PM net.sf.freecol.server.networking.Server sendToAll
INFO: Reap dead connection: [DummyConnection Server connection - model.nation.sioux]
May 08, 2018 7:08:42 PM net.sf.freecol.server.networking.Server sendToAll
INFO: Reap dead connection: [DummyConnection Server connection - model.nation.english]
May 08, 2018 7:08:42 PM net.sf.freecol.server.networking.Server sendToAll
INFO: Reap dead connection: [DummyConnection Server connection - model.nation.tupi]
May 08, 2018 7:08:42 PM net.sf.freecol.server.networking.Server sendToAll
INFO: Reap dead connection: [DummyConnection Server connection - model.nation.apache]
May 08, 2018 7:08:42 PM net.sf.freecol.common.model.Specification applyDifficultyLevel
INFO: Applying difficulty level model.difficulty.medium
May 08, 2018 7:08:42 PM net.sf.freecol.common.FreeColSeed getFreeColSeed
INFO: Using seed: -1318310297696626029
May 08, 2018 7:08:42 PM net.sf.freecol.server.networking.Server sendToAll
INFO: Reap dead connection: [DummyConnection Server connection - model.nation.dutch]
May 08, 2018 7:08:42 PM net.sf.freecol.server.networking.Server sendToAll
INFO: Reap dead connection: [DummyConnection Server connection - model.nation.sioux]
May 08, 2018 7:08:42 PM net.sf.freecol.server.networking.Server sendToAll
INFO: Reap dead connection: [DummyConnection Server connection - model.nation.arawak]
May 08, 2018 7:08:42 PM net.sf.freecol.server.networking.Server sendToAll
INFO: Reap dead connection: [DummyConnection Server connection - model.nation.cherokee]
May 08, 2018 7:08:42 PM net.sf.freecol.server.networking.Server sendToAll
INFO: Reap dead connection: [DummyConnection Server connection - model.nation.iroquois]
May 08, 2018 7:08:42 PM net.sf.freecol.server.networking.Server sendToAll
INFO: Reap dead connection: [DummyConnection Server connection - model.nation.tupi]
May 08, 2018 7:08:42 PM net.sf.freecol.server.networking.Server sendToAll
INFO: Reap dead connection: [DummyConnection Server connection - model.nation.aztec]
May 08, 2018 7:08:42 PM net.sf.freecol.server.networking.Server sendToAll
INFO: Reap dead connection: [DummyConnection Server connection - model.nation.french]
May 08, 2018 7:08:42 PM net.sf.freecol.server.networking.Server sendToAll
INFO: Reap dead connection: [DummyConnection Server connection - model.nation.english]
May 08, 2018 7:08:42 PM net.sf.freecol.server.networking.Server sendToAll
INFO: Reap dead connection: [DummyConnection Server connection - model.nation.spanish]
May 08, 2018 7:08:42 PM net.sf.freecol.server.networking.Server sendToAll
INFO: Reap dead connection: [DummyConnection Server connection - model.nation.apache]
May 08, 2018 7:08:42 PM net.sf.freecol.server.networking.Server sendToAll
INFO: Reap dead connection: [DummyConnection Server connection - model.nation.inca]
May 08, 2018 7:08:42 PM net.sf.freecol.common.model.Specification applyDifficultyLevel
INFO: Applying difficulty level model.difficulty.medium
May 08, 2018 7:08:42 PM net.sf.freecol.common.FreeColSeed getFreeColSeed
INFO: Using seed: -8279616035655891632
May 08, 2018 7:08:42 PM net.sf.freecol.server.networking.Server sendToAll
INFO: Reap dead connection: [DummyConnection Server connection - model.nation.iroquois]
May 08, 2018 7:08:42 PM net.sf.freecol.server.networking.Server sendToAll
INFO: Reap dead connection: [DummyConnection Server connection - model.nation.sioux]
May 08, 2018 7:08:42 PM net.sf.freecol.server.networking.Server sendToAll
INFO: Reap dead connection: [DummyConnection Server connection - model.nation.dutch]
May 08, 2018 7:08:42 PM net.sf.freecol.server.networking.Server sendToAll
INFO: Reap dead connection: [DummyConnection Server connection - model.nation.french]
May 08, 2018 7:08:42 PM net.sf.freecol.server.networking.Server sendToAll
INFO: Reap dead connection: [DummyConnection Server connection - model.nation.tupi]
May 08, 2018 7:08:42 PM net.sf.freecol.server.networking.Server sendToAll
INFO: Reap dead connection: [DummyConnection Server connection - model.nation.english]
May 08, 2018 7:08:42 PM net.sf.freecol.server.networking.Server sendToAll
INFO: Reap dead connection: [DummyConnection Server connection - model.nation.aztec]
May 08, 2018 7:08:42 PM net.sf.freecol.server.networking.Server sendToAll
INFO: Reap dead connection: [DummyConnection Server connection - model.nation.apache]
May 08, 2018 7:08:42 PM net.sf.freecol.server.networking.Server sendToAll
INFO: Reap dead connection: [DummyConnection Server connection - model.nation.inca]
May 08, 2018 7:08:42 PM net.sf.freecol.server.networking.Server sendToAll
INFO: Reap dead connection: [DummyConnection Server connection - model.nation.spanish]
May 08, 2018 7:08:42 PM net.sf.freecol.server.networking.Server sendToAll
INFO: Reap dead connection: [DummyConnection Server connection - model.nation.cherokee]
May 08, 2018 7:08:42 PM net.sf.freecol.server.networking.Server sendToAll
INFO: Reap dead connection: [DummyConnection Server connection - model.nation.arawak]
May 08, 2018 7:08:42 PM net.sf.freecol.common.model.Specification applyDifficultyLevel
INFO: Applying difficulty level model.difficulty.medium
May 08, 2018 7:08:42 PM net.sf.freecol.common.FreeColSeed getFreeColSeed
INFO: Using seed: 2449969544549002436
May 08, 2018 7:08:43 PM net.sf.freecol.server.networking.Server sendToAll
INFO: Reap dead connection: [DummyConnection Server connection - model.nation.arawak]
May 08, 2018 7:08:43 PM net.sf.freecol.server.networking.Server sendToAll
INFO: Reap dead connection: [DummyConnection Server connection - model.nation.english]
May 08, 2018 7:08:43 PM net.sf.freecol.server.networking.Server sendToAll
INFO: Reap dead connection: [DummyConnection Server connection - model.nation.iroquois]
May 08, 2018 7:08:43 PM net.sf.freecol.server.networking.Server sendToAll
INFO: Reap dead connection: [DummyConnection Server connection - model.nation.spanish]
May 08, 2018 7:08:43 PM net.sf.freecol.server.networking.Server sendToAll
INFO: Reap dead connection: [DummyConnection Server connection - model.nation.apache]
May 08, 2018 7:08:43 PM net.sf.freecol.server.networking.Server sendToAll
INFO: Reap dead connection: [DummyConnection Server connection - model.nation.tupi]
May 08, 2018 7:08:43 PM net.sf.freecol.server.networking.Server sendToAll
INFO: Reap dead connection: [DummyConnection Server connection - model.nation.dutch]
May 08, 2018 7:08:43 PM net.sf.freecol.server.networking.Server sendToAll
INFO: Reap dead connection: [DummyConnection Server connection - model.nation.aztec]
May 08, 2018 7:08:43 PM net.sf.freecol.server.networking.Server sendToAll
INFO: Reap dead connection: [DummyConnection Server connection - model.nation.sioux]
May 08, 2018 7:08:43 PM net.sf.freecol.server.networking.Server sendToAll
INFO: Reap dead connection: [DummyConnection Server connection - model.nation.french]
May 08, 2018 7:08:43 PM net.sf.freecol.server.networking.Server sendToAll
INFO: Reap dead connection: [DummyConnection Server connection - model.nation.inca]
May 08, 2018 7:08:43 PM net.sf.freecol.server.networking.Server sendToAll
INFO: Reap dead connection: [DummyConnection Server connection - model.nation.cherokee]
May 08, 2018 7:08:43 PM net.sf.freecol.common.model.Specification applyDifficultyLevel
INFO: Applying difficulty level model.difficulty.medium
May 08, 2018 7:08:43 PM net.sf.freecol.common.FreeColSeed getFreeColSeed
INFO: Using seed: 416920333781984101
May 08, 2018 7:08:43 PM net.sf.freecol.server.networking.Server sendToAll
INFO: Reap dead connection: [DummyConnection Server connection - model.nation.aztec]
May 08, 2018 7:08:43 PM net.sf.freecol.server.networking.Server sendToAll
INFO: Reap dead connection: [DummyConnection Server connection - model.nation.tupi]
May 08, 2018 7:08:43 PM net.sf.freecol.server.networking.Server sendToAll
INFO: Reap dead connection: [DummyConnection Server connection - model.nation.english]
May 08, 2018 7:08:43 PM net.sf.freecol.server.networking.Server sendToAll
INFO: Reap dead connection: [DummyConnection Server connection - model.nation.iroquois]
May 08, 2018 7:08:43 PM net.sf.freecol.server.networking.Server sendToAll
INFO: Reap dead connection: [DummyConnection Server connection - model.nation.dutch]
May 08, 2018 7:08:43 PM net.sf.freecol.server.networking.Server sendToAll
INFO: Reap dead connection: [DummyConnection Server connection - model.nation.inca]
May 08, 2018 7:08:43 PM net.sf.freecol.server.networking.Server sendToAll
INFO: Reap dead connection: [DummyConnection Server connection - model.nation.sioux]
May 08, 2018 7:08:43 PM net.sf.freecol.server.networking.Server sendToAll
INFO: Reap dead connection: [DummyConnection Server connection - model.nation.cherokee]
May 08, 2018 7:08:43 PM net.sf.freecol.server.networking.Server sendToAll
INFO: Reap dead connection: [DummyConnection Server connection - model.nation.arawak]
May 08, 2018 7:08:43 PM net.sf.freecol.server.networking.Server sendToAll
INFO: Reap dead connection: [DummyConnection Server connection - model.nation.apache]
May 08, 2018 7:08:43 PM net.sf.freecol.server.networking.Server sendToAll
INFO: Reap dead connection: [DummyConnection Server connection - model.nation.spanish]
May 08, 2018 7:08:43 PM net.sf.freecol.server.networking.Server sendToAll
INFO: Reap dead connection: [DummyConnection Server connection - model.nation.french]
May 08, 2018 7:08:43 PM net.sf.freecol.common.model.Specification applyDifficultyLevel
INFO: Applying difficulty level model.difficulty.medium
May 08, 2018 7:08:43 PM net.sf.freecol.common.FreeColSeed getFreeColSeed
INFO: Using seed: 1963863300855976622
May 08, 2018 7:08:43 PM net.sf.freecol.server.networking.Server sendToAll
INFO: Reap dead connection: [DummyConnection Server connection - model.nation.sioux]
May 08, 2018 7:08:43 PM net.sf.freecol.server.networking.Server sendToAll
INFO: Reap dead connection: [DummyConnection Server connection - model.nation.spanish]
May 08, 2018 7:08:43 PM net.sf.freecol.server.networking.Server sendToAll
INFO: Reap dead connection: [DummyConnection Server connection - model.nation.cherokee]
May 08, 2018 7:08:43 PM net.sf.freecol.server.networking.Server sendToAll
INFO: Reap dead connection: [DummyConnection Server connection - model.nation.aztec]
May 08, 2018 7:08:43 PM net.sf.freecol.server.networking.Server sendToAll
INFO: Reap dead connection: [DummyConnection Server connection - model.nation.iroquois]
May 08, 2018 7:08:43 PM net.sf.freecol.server.networking.Server sendToAll
INFO: Reap dead connection: [DummyConnection Server connection - model.nation.french]
May 08, 2018 7:08:43 PM net.sf.freecol.server.networking.Server sendToAll
INFO: Reap dead connection: [DummyConnection Server connection - model.nation.arawak]
May 08, 2018 7:08:43 PM net.sf.freecol.server.networking.Server sendToAll
INFO: Reap dead connection: [DummyConnection Server connection - model.nation.english]
May 08, 2018 7:08:43 PM net.sf.freecol.server.networking.Server sendToAll
INFO: Reap dead connection: [DummyConnection Server connection - model.nation.tupi]
May 08, 2018 7:08:43 PM net.sf.freecol.server.networking.Server sendToAll
INFO: Reap dead connection: [DummyConnection Server connection - model.nation.dutch]
May 08, 2018 7:08:43 PM net.sf.freecol.server.networking.Server sendToAll
INFO: Reap dead connection: [DummyConnection Server connection - model.nation.inca]
May 08, 2018 7:08:43 PM net.sf.freecol.server.networking.Server sendToAll
INFO: Reap dead connection: [DummyConnection Server connection - model.nation.apache]
May 08, 2018 7:08:43 PM net.sf.freecol.common.model.Specification applyDifficultyLevel
INFO: Applying difficulty level model.difficulty.medium
May 08, 2018 7:08:43 PM net.sf.freecol.common.FreeColSeed getFreeColSeed
INFO: Using seed: 9013310545872082422
May 08, 2018 7:08:43 PM net.sf.freecol.server.networking.Server sendToAll
INFO: Reap dead connection: [DummyConnection Server connection - model.nation.apache]
May 08, 2018 7:08:43 PM net.sf.freecol.server.networking.Server sendToAll
INFO: Reap dead connection: [DummyConnection Server connection - model.nation.aztec]
May 08, 2018 7:08:43 PM net.sf.freecol.server.networking.Server sendToAll
INFO: Reap dead connection: [DummyConnection Server connection - model.nation.cherokee]
May 08, 2018 7:08:43 PM net.sf.freecol.server.networking.Server sendToAll
INFO: Reap dead connection: [DummyConnection Server connection - model.nation.tupi]
May 08, 2018 7:08:43 PM net.sf.freecol.server.networking.Server sendToAll
INFO: Reap dead connection: [DummyConnection Server connection - model.nation.spanish]
May 08, 2018 7:08:43 PM net.sf.freecol.server.networking.Server sendToAll
INFO: Reap dead connection: [DummyConnection Server connection - model.nation.dutch]
May 08, 2018 7:08:43 PM net.sf.freecol.server.networking.Server sendToAll
INFO: Reap dead connection: [DummyConnection Server connection - model.nation.iroquois]
May 08, 2018 7:08:43 PM net.sf.freecol.server.networking.Server sendToAll
INFO: Reap dead connection: [DummyConnection Server connection - model.nation.french]
May 08, 2018 7:08:43 PM net.sf.freecol.server.networking.Server sendToAll
INFO: Reap dead connection: [DummyConnection Server connection - model.nation.english]
May 08, 2018 7:08:43 PM net.sf.freecol.server.networking.Server sendToAll
INFO: Reap dead connection: [DummyConnection Server connection - model.nation.sioux]
May 08, 2018 7:08:43 PM net.sf.freecol.server.networking.Server sendToAll
INFO: Reap dead connection: [DummyConnection Server connection - model.nation.arawak]
May 08, 2018 7:08:43 PM net.sf.freecol.server.networking.Server sendToAll
INFO: Reap dead connection: [DummyConnection Server connection - model.nation.inca]
May 08, 2018 7:08:43 PM net.sf.freecol.common.model.Specification applyDifficultyLevel
INFO: Applying difficulty level model.difficulty.medium
May 08, 2018 7:08:43 PM net.sf.freecol.common.FreeColSeed getFreeColSeed
INFO: Using seed: 4849464379888933590
May 08, 2018 7:08:43 PM net.sf.freecol.server.networking.Server sendToAll
INFO: Reap dead connection: [DummyConnection Server connection - model.nation.sioux]
May 08, 2018 7:08:43 PM net.sf.freecol.server.networking.Server sendToAll
INFO: Reap dead connection: [DummyConnection Server connection - model.nation.arawak]
May 08, 2018 7:08:43 PM net.sf.freecol.server.networking.Server sendToAll
INFO: Reap dead connection: [DummyConnection Server connection - model.nation.aztec]
May 08, 2018 7:08:43 PM net.sf.freecol.server.networking.Server sendToAll
INFO: Reap dead connection: [DummyConnection Server connection - model.nation.cherokee]
May 08, 2018 7:08:43 PM net.sf.freecol.server.networking.Server sendToAll
INFO: Reap dead connection: [DummyConnection Server connection - model.nation.spanish]
May 08, 2018 7:08:43 PM net.sf.freecol.server.networking.Server sendToAll
INFO: Reap dead connection: [DummyConnection Server connection - model.nation.iroquois]
May 08, 2018 7:08:43 PM net.sf.freecol.server.networking.Server sendToAll
INFO: Reap dead connection: [DummyConnection Server connection - model.nation.tupi]
May 08, 2018 7:08:43 PM net.sf.freecol.server.networking.Server sendToAll
INFO: Reap dead connection: [DummyConnection Server connection - model.nation.inca]
May 08, 2018 7:08:43 PM net.sf.freecol.server.networking.Server sendToAll
INFO: Reap dead connection: [DummyConnection Server connection - model.nation.english]
May 08, 2018 7:08:43 PM net.sf.freecol.server.networking.Server sendToAll
INFO: Reap dead connection: [DummyConnection Server connection - model.nation.apache]
May 08, 2018 7:08:43 PM net.sf.freecol.server.networking.Server sendToAll
INFO: Reap dead connection: [DummyConnection Server connection - model.nation.french]
May 08, 2018 7:08:43 PM net.sf.freecol.server.networking.Server sendToAll
INFO: Reap dead connection: [DummyConnection Server connection - model.nation.dutch]
May 08, 2018 7:08:43 PM net.sf.freecol.common.model.Specification applyDifficultyLevel
INFO: Applying difficulty level model.difficulty.medium
May 08, 2018 7:08:43 PM net.sf.freecol.common.FreeColSeed getFreeColSeed
INFO: Using seed: 2787447864661002689
May 08, 2018 7:08:43 PM net.sf.freecol.server.networking.Server sendToAll
INFO: Reap dead connection: [DummyConnection Server connection - model.nation.arawak]
May 08, 2018 7:08:43 PM net.sf.freecol.server.networking.Server sendToAll
INFO: Reap dead connection: [DummyConnection Server connection - model.nation.spanish]
May 08, 2018 7:08:43 PM net.sf.freecol.server.networking.Server sendToAll
INFO: Reap dead connection: [DummyConnection Server connection - model.nation.sioux]
May 08, 2018 7:08:43 PM net.sf.freecol.server.networking.Server sendToAll
INFO: Reap dead connection: [DummyConnection Server connection - model.nation.french]
May 08, 2018 7:08:43 PM net.sf.freecol.server.networking.Server sendToAll
INFO: Reap dead connection: [DummyConnection Server connection - model.nation.cherokee]
May 08, 2018 7:08:43 PM net.sf.freecol.server.networking.Server sendToAll
INFO: Reap dead connection: [DummyConnection Server connection - model.nation.tupi]
May 08, 2018 7:08:43 PM net.sf.freecol.server.networking.Server sendToAll
INFO: Reap dead connection: [DummyConnection Server connection - model.nation.apache]
May 08, 2018 7:08:43 PM net.sf.freecol.server.networking.Server sendToAll
INFO: Reap dead connection: [DummyConnection Server connection - model.nation.aztec]
May 08, 2018 7:08:43 PM net.sf.freecol.server.networking.Server sendToAll
INFO: Reap dead connection: [DummyConnection Server connection - model.nation.iroquois]
May 08, 2018 7:08:43 PM net.sf.freecol.server.networking.Server sendToAll
INFO: Reap dead connection: [DummyConnection Server connection - model.nation.dutch]
May 08, 2018 7:08:43 PM net.sf.freecol.server.networking.Server sendToAll
INFO: Reap dead connection: [DummyConnection Server connection - model.nation.inca]
May 08, 2018 7:08:43 PM net.sf.freecol.server.networking.Server sendToAll
INFO: Reap dead connection: [DummyConnection Server connection - model.nation.english]
May 08, 2018 7:08:43 PM net.sf.freecol.common.model.Specification applyDifficultyLevel
INFO: Applying difficulty level model.difficulty.medium
May 08, 2018 7:08:43 PM net.sf.freecol.common.FreeColSeed getFreeColSeed
INFO: Using seed: 2138568001808728368
May 08, 2018 7:08:43 PM net.sf.freecol.server.networking.Server sendToAll
INFO: Reap dead connection: [DummyConnection Server connection - model.nation.apache]
May 08, 2018 7:08:43 PM net.sf.freecol.server.networking.Server sendToAll
INFO: Reap dead connection: [DummyConnection Server connection - model.nation.arawak]
May 08, 2018 7:08:43 PM net.sf.freecol.server.networking.Server sendToAll
INFO: Reap dead connection: [DummyConnection Server connection - model.nation.aztec]
May 08, 2018 7:08:43 PM net.sf.freecol.server.networking.Server sendToAll
INFO: Reap dead connection: [DummyConnection Server connection - model.nation.inca]
May 08, 2018 7:08:43 PM net.sf.freecol.server.networking.Server sendToAll
INFO: Reap dead connection: [DummyConnection Server connection - model.nation.cherokee]
May 08, 2018 7:08:43 PM net.sf.freecol.server.networking.Server sendToAll
INFO: Reap dead connection: [DummyConnection Server connection - model.nation.sioux]
May 08, 2018 7:08:43 PM net.sf.freecol.server.networking.Server sendToAll
INFO: Reap dead connection: [DummyConnection Server connection - model.nation.english]
May 08, 2018 7:08:43 PM net.sf.freecol.server.networking.Server sendToAll
INFO: Reap dead connection: [DummyConnection Server connection - model.nation.iroquois]
May 08, 2018 7:08:43 PM net.sf.freecol.server.networking.Server sendToAll
INFO: Reap dead connection: [DummyConnection Server connection - model.nation.tupi]
May 08, 2018 7:08:43 PM net.sf.freecol.server.networking.Server sendToAll
INFO: Reap dead connection: [DummyConnection Server connection - model.nation.french]
May 08, 2018 7:08:43 PM net.sf.freecol.server.networking.Server sendToAll
INFO: Reap dead connection: [DummyConnection Server connection - model.nation.dutch]
May 08, 2018 7:08:43 PM net.sf.freecol.server.networking.Server sendToAll
INFO: Reap dead connection: [DummyConnection Server connection - model.nation.spanish]
May 08, 2018 7:08:43 PM net.sf.freecol.common.model.Specification applyDifficultyLevel
INFO: Applying difficulty level model.difficulty.medium
May 08, 2018 7:08:43 PM net.sf.freecol.common.FreeColSeed getFreeColSeed
INFO: Using seed: -654971893229456725
May 08, 2018 7:08:43 PM net.sf.freecol.server.networking.Server sendToAll
INFO: Reap dead connection: [DummyConnection Server connection - model.nation.apache]
May 08, 2018 7:08:43 PM net.sf.freecol.server.networking.Server sendToAll
INFO: Reap dead connection: [DummyConnection Server connection - model.nation.cherokee]
May 08, 2018 7:08:43 PM net.sf.freecol.server.networking.Server sendToAll
INFO: Reap dead connection: [DummyConnection Server connection - model.nation.sioux]
May 08, 2018 7:08:43 PM net.sf.freecol.server.networking.Server sendToAll
INFO: Reap dead connection: [DummyConnection Server connection - model.nation.tupi]
May 08, 2018 7:08:43 PM net.sf.freecol.server.networking.Server sendToAll
INFO: Reap dead connection: [DummyConnection Server connection - model.nation.inca]
May 08, 2018 7:08:43 PM net.sf.freecol.server.networking.Server sendToAll
INFO: Reap dead connection: [DummyConnection Server connection - model.nation.aztec]
May 08, 2018 7:08:43 PM net.sf.freecol.server.networking.Server sendToAll
INFO: Reap dead connection: [DummyConnection Server connection - model.nation.iroquois]
May 08, 2018 7:08:43 PM net.sf.freecol.server.networking.Server sendToAll
INFO: Reap dead connection: [DummyConnection Server connection - model.nation.english]
May 08, 2018 7:08:43 PM net.sf.freecol.server.networking.Server sendToAll
INFO: Reap dead connection: [DummyConnection Server connection - model.nation.french]
May 08, 2018 7:08:43 PM net.sf.freecol.server.networking.Server sendToAll
INFO: Reap dead connection: [DummyConnection Server connection - model.nation.arawak]
May 08, 2018 7:08:43 PM net.sf.freecol.server.networking.Server sendToAll
INFO: Reap dead connection: [DummyConnection Server connection - model.nation.spanish]
May 08, 2018 7:08:43 PM net.sf.freecol.server.networking.Server sendToAll
INFO: Reap dead connection: [DummyConnection Server connection - model.nation.dutch]
May 08, 2018 7:08:43 PM net.sf.freecol.common.model.Specification applyDifficultyLevel
INFO: Applying difficulty level model.difficulty.medium
May 08, 2018 7:08:43 PM net.sf.freecol.common.FreeColSeed getFreeColSeed
INFO: Using seed: -850944827290068683
May 08, 2018 7:08:43 PM net.sf.freecol.server.networking.Server sendToAll
INFO: Reap dead connection: [DummyConnection Server connection - model.nation.english]
May 08, 2018 7:08:43 PM net.sf.freecol.server.networking.Server sendToAll
INFO: Reap dead connection: [DummyConnection Server connection - model.nation.arawak]
May 08, 2018 7:08:43 PM net.sf.freecol.server.networking.Server sendToAll
INFO: Reap dead connection: [DummyConnection Server connection - model.nation.iroquois]
May 08, 2018 7:08:43 PM net.sf.freecol.server.networking.Server sendToAll
INFO: Reap dead connection: [DummyConnection Server connection - model.nation.apache]
May 08, 2018 7:08:43 PM net.sf.freecol.server.networking.Server sendToAll
INFO: Reap dead connection: [DummyConnection Server connection - model.nation.tupi]
May 08, 2018 7:08:43 PM net.sf.freecol.server.networking.Server sendToAll
INFO: Reap dead connection: [DummyConnection Server connection - model.nation.french]
May 08, 2018 7:08:43 PM net.sf.freecol.server.networking.Server sendToAll
INFO: Reap dead connection: [DummyConnection Server connection - model.nation.aztec]
May 08, 2018 7:08:43 PM net.sf.freecol.server.networking.Server sendToAll
INFO: Reap dead connection: [DummyConnection Server connection - model.nation.spanish]
May 08, 2018 7:08:43 PM net.sf.freecol.server.networking.Server sendToAll
INFO: Reap dead connection: [DummyConnection Server connection - model.nation.inca]
May 08, 2018 7:08:43 PM net.sf.freecol.server.networking.Server sendToAll
INFO: Reap dead connection: [DummyConnection Server connection - model.nation.cherokee]
May 08, 2018 7:08:43 PM net.sf.freecol.server.networking.Server sendToAll
INFO: Reap dead connection: [DummyConnection Server connection - model.nation.sioux]
May 08, 2018 7:08:43 PM net.sf.freecol.server.networking.Server sendToAll
INFO: Reap dead connection: [DummyConnection Server connection - model.nation.dutch]
May 08, 2018 7:08:43 PM net.sf.freecol.common.model.Specification applyDifficultyLevel
INFO: Applying difficulty level model.difficulty.medium
May 08, 2018 7:08:43 PM net.sf.freecol.common.FreeColSeed getFreeColSeed
INFO: Using seed: -3483001754875903649
May 08, 2018 7:08:43 PM net.sf.freecol.server.networking.Server sendToAll
INFO: Reap dead connection: [DummyConnection Server connection - model.nation.aztec]
May 08, 2018 7:08:43 PM net.sf.freecol.server.networking.Server sendToAll
INFO: Reap dead connection: [DummyConnection Server connection - model.nation.dutch]
May 08, 2018 7:08:43 PM net.sf.freecol.server.networking.Server sendToAll
INFO: Reap dead connection: [DummyConnection Server connection - model.nation.tupi]
May 08, 2018 7:08:43 PM net.sf.freecol.server.networking.Server sendToAll
INFO: Reap dead connection: [DummyConnection Server connection - model.nation.french]
May 08, 2018 7:08:43 PM net.sf.freecol.server.networking.Server sendToAll
INFO: Reap dead connection: [DummyConnection Server connection - model.nation.apache]
May 08, 2018 7:08:43 PM net.sf.freecol.server.networking.Server sendToAll
INFO: Reap dead connection: [DummyConnection Server connection - model.nation.arawak]
May 08, 2018 7:08:43 PM net.sf.freecol.server.networking.Server sendToAll
INFO: Reap dead connection: [DummyConnection Server connection - model.nation.cherokee]
May 08, 2018 7:08:43 PM net.sf.freecol.server.networking.Server sendToAll
INFO: Reap dead connection: [DummyConnection Server connection - model.nation.inca]
May 08, 2018 7:08:43 PM net.sf.freecol.server.networking.Server sendToAll
INFO: Reap dead connection: [DummyConnection Server connection - model.nation.sioux]
May 08, 2018 7:08:43 PM net.sf.freecol.server.networking.Server sendToAll
INFO: Reap dead connection: [DummyConnection Server connection - model.nation.spanish]
May 08, 2018 7:08:43 PM net.sf.freecol.server.networking.Server sendToAll
INFO: Reap dead connection: [DummyConnection Server connection - model.nation.iroquois]
May 08, 2018 7:08:43 PM net.sf.freecol.server.networking.Server sendToAll
INFO: Reap dead connection: [DummyConnection Server connection - model.nation.english]
May 08, 2018 7:08:43 PM net.sf.freecol.common.model.Specification applyDifficultyLevel
INFO: Applying difficulty level model.difficulty.medium
May 08, 2018 7:08:43 PM net.sf.freecol.common.FreeColSeed getFreeColSeed
INFO: Using seed: -7000900113196297698
May 08, 2018 7:08:43 PM net.sf.freecol.server.networking.Server sendToAll
INFO: Reap dead connection: [DummyConnection Server connection - model.nation.sioux]
May 08, 2018 7:08:43 PM net.sf.freecol.server.networking.Server sendToAll
INFO: Reap dead connection: [DummyConnection Server connection - model.nation.english]
May 08, 2018 7:08:43 PM net.sf.freecol.server.networking.Server sendToAll
INFO: Reap dead connection: [DummyConnection Server connection - model.nation.inca]
May 08, 2018 7:08:43 PM net.sf.freecol.server.networking.Server sendToAll
INFO: Reap dead connection: [DummyConnection Server connection - model.nation.cherokee]
May 08, 2018 7:08:43 PM net.sf.freecol.server.networking.Server sendToAll
INFO: Reap dead connection: [DummyConnection Server connection - model.nation.aztec]
May 08, 2018 7:08:43 PM net.sf.freecol.server.networking.Server sendToAll
INFO: Reap dead connection: [DummyConnection Server connection - model.nation.tupi]
May 08, 2018 7:08:43 PM net.sf.freecol.server.networking.Server sendToAll
INFO: Reap dead connection: [DummyConnection Server connection - model.nation.arawak]
May 08, 2018 7:08:43 PM net.sf.freecol.server.networking.Server sendToAll
INFO: Reap dead connection: [DummyConnection Server connection - model.nation.apache]
May 08, 2018 7:08:43 PM net.sf.freecol.server.networking.Server sendToAll
INFO: Reap dead connection: [DummyConnection Server connection - model.nation.spanish]
May 08, 2018 7:08:43 PM net.sf.freecol.server.networking.Server sendToAll
INFO: Reap dead connection: [DummyConnection Server connection - model.nation.dutch]
May 08, 2018 7:08:43 PM net.sf.freecol.server.networking.Server sendToAll
INFO: Reap dead connection: [DummyConnection Server connection - model.nation.iroquois]
May 08, 2018 7:08:43 PM net.sf.freecol.server.networking.Server sendToAll
INFO: Reap dead connection: [DummyConnection Server connection - model.nation.french]
May 08, 2018 7:08:43 PM net.sf.freecol.common.model.Specification applyDifficultyLevel
INFO: Applying difficulty level model.difficulty.medium
May 08, 2018 7:08:43 PM net.sf.freecol.common.FreeColSeed getFreeColSeed
INFO: Using seed: -4694306970476133283
May 08, 2018 7:08:43 PM net.sf.freecol.server.networking.Server sendToAll
INFO: Reap dead connection: [DummyConnection Server connection - model.nation.inca]
May 08, 2018 7:08:43 PM net.sf.freecol.server.networking.Server sendToAll
INFO: Reap dead connection: [DummyConnection Server connection - model.nation.aztec]
May 08, 2018 7:08:43 PM net.sf.freecol.server.networking.Server sendToAll
INFO: Reap dead connection: [DummyConnection Server connection - model.nation.cherokee]
May 08, 2018 7:08:43 PM net.sf.freecol.server.networking.Server sendToAll
INFO: Reap dead connection: [DummyConnection Server connection - model.nation.apache]
May 08, 2018 7:08:43 PM net.sf.freecol.server.networking.Server sendToAll
INFO: Reap dead connection: [DummyConnection Server connection - model.nation.french]
May 08, 2018 7:08:43 PM net.sf.freecol.server.networking.Server sendToAll
INFO: Reap dead connection: [DummyConnection Server connection - model.nation.tupi]
May 08, 2018 7:08:43 PM net.sf.freecol.server.networking.Server sendToAll
INFO: Reap dead connection: [DummyConnection Server connection - model.nation.dutch]
May 08, 2018 7:08:43 PM net.sf.freecol.server.networking.Server sendToAll
INFO: Reap dead connection: [DummyConnection Server connection - model.nation.sioux]
May 08, 2018 7:08:43 PM net.sf.freecol.server.networking.Server sendToAll
INFO: Reap dead connection: [DummyConnection Server connection - model.nation.spanish]
May 08, 2018 7:08:43 PM net.sf.freecol.server.networking.Server sendToAll
INFO: Reap dead connection: [DummyConnection Server connection - model.nation.iroquois]
May 08, 2018 7:08:43 PM net.sf.freecol.server.networking.Server sendToAll
INFO: Reap dead connection: [DummyConnection Server connection - model.nation.arawak]
May 08, 2018 7:08:43 PM net.sf.freecol.server.networking.Server sendToAll
INFO: Reap dead connection: [DummyConnection Server connection - model.nation.english]
May 08, 2018 7:08:43 PM net.sf.freecol.common.util.LogBuilder log
INFO: Destroying: unit:272
May 08, 2018 7:08:43 PM net.sf.freecol.common.model.Specification applyDifficultyLevel
INFO: Applying difficulty level model.difficulty.medium
May 08, 2018 7:08:43 PM net.sf.freecol.common.FreeColSeed getFreeColSeed
INFO: Using seed: -6947657045832946349
May 08, 2018 7:08:43 PM net.sf.freecol.server.networking.Server sendToAll
INFO: Reap dead connection: [DummyConnection Server connection - model.nation.aztec]
May 08, 2018 7:08:43 PM net.sf.freecol.server.networking.Server sendToAll
INFO: Reap dead connection: [DummyConnection Server connection - model.nation.french]
May 08, 2018 7:08:43 PM net.sf.freecol.server.networking.Server sendToAll
INFO: Reap dead connection: [DummyConnection Server connection - model.nation.inca]
May 08, 2018 7:08:43 PM net.sf.freecol.server.networking.Server sendToAll
INFO: Reap dead connection: [DummyConnection Server connection - model.nation.arawak]
May 08, 2018 7:08:43 PM net.sf.freecol.server.networking.Server sendToAll
INFO: Reap dead connection: [DummyConnection Server connection - model.nation.english]
May 08, 2018 7:08:43 PM net.sf.freecol.server.networking.Server sendToAll
INFO: Reap dead connection: [DummyConnection Server connection - model.nation.cherokee]
May 08, 2018 7:08:43 PM net.sf.freecol.server.networking.Server sendToAll
INFO: Reap dead connection: [DummyConnection Server connection - model.nation.tupi]
May 08, 2018 7:08:43 PM net.sf.freecol.server.networking.Server sendToAll
INFO: Reap dead connection: [DummyConnection Server connection - model.nation.sioux]
May 08, 2018 7:08:43 PM net.sf.freecol.server.networking.Server sendToAll
INFO: Reap dead connection: [DummyConnection Server connection - model.nation.spanish]
May 08, 2018 7:08:43 PM net.sf.freecol.server.networking.Server sendToAll
INFO: Reap dead connection: [DummyConnection Server connection - model.nation.dutch]
May 08, 2018 7:08:43 PM net.sf.freecol.server.networking.Server sendToAll
INFO: Reap dead connection: [DummyConnection Server connection - model.nation.iroquois]
May 08, 2018 7:08:43 PM net.sf.freecol.server.networking.Server sendToAll
INFO: Reap dead connection: [DummyConnection Server connection - model.nation.apache]
May 08, 2018 7:08:43 PM net.sf.freecol.server.model.ServerColony csBuildBuilding
INFO: New building in New Amsterdam: warehouse
May 08, 2018 7:08:43 PM net.sf.freecol.common.model.Specification applyDifficultyLevel
INFO: Applying difficulty level model.difficulty.medium
May 08, 2018 7:08:43 PM net.sf.freecol.common.FreeColSeed getFreeColSeed
INFO: Using seed: -1291357674446101015
May 08, 2018 7:08:43 PM net.sf.freecol.server.networking.Server sendToAll
INFO: Reap dead connection: [DummyConnection Server connection - model.nation.arawak]
May 08, 2018 7:08:43 PM net.sf.freecol.server.networking.Server sendToAll
INFO: Reap dead connection: [DummyConnection Server connection - model.nation.inca]
May 08, 2018 7:08:43 PM net.sf.freecol.server.networking.Server sendToAll
INFO: Reap dead connection: [DummyConnection Server connection - model.nation.spanish]
May 08, 2018 7:08:43 PM net.sf.freecol.server.networking.Server sendToAll
INFO: Reap dead connection: [DummyConnection Server connection - model.nation.aztec]
May 08, 2018 7:08:43 PM net.sf.freecol.server.networking.Server sendToAll
INFO: Reap dead connection: [DummyConnection Server connection - model.nation.french]
May 08, 2018 7:08:43 PM net.sf.freecol.server.networking.Server sendToAll
INFO: Reap dead connection: [DummyConnection Server connection - model.nation.dutch]
May 08, 2018 7:08:43 PM net.sf.freecol.server.networking.Server sendToAll
INFO: Reap dead connection: [DummyConnection Server connection - model.nation.iroquois]
May 08, 2018 7:08:43 PM net.sf.freecol.server.networking.Server sendToAll
INFO: Reap dead connection: [DummyConnection Server connection - model.nation.sioux]
May 08, 2018 7:08:43 PM net.sf.freecol.server.networking.Server sendToAll
INFO: Reap dead connection: [DummyConnection Server connection - model.nation.english]
May 08, 2018 7:08:43 PM net.sf.freecol.server.networking.Server sendToAll
INFO: Reap dead connection: [DummyConnection Server connection - model.nation.cherokee]
May 08, 2018 7:08:43 PM net.sf.freecol.server.networking.Server sendToAll
INFO: Reap dead connection: [DummyConnection Server connection - model.nation.tupi]
May 08, 2018 7:08:43 PM net.sf.freecol.server.networking.Server sendToAll
INFO: Reap dead connection: [DummyConnection Server connection - model.nation.apache]
May 08, 2018 7:08:43 PM net.sf.freecol.server.model.ServerColony csBuildBuilding
INFO: New building in New Amsterdam: lumberMill
May 08, 2018 7:08:43 PM net.sf.freecol.common.model.Specification applyDifficultyLevel
INFO: Applying difficulty level model.difficulty.medium
May 08, 2018 7:08:43 PM net.sf.freecol.common.FreeColSeed getFreeColSeed
INFO: Using seed: -6409633854398959837
May 08, 2018 7:08:43 PM net.sf.freecol.server.networking.Server sendToAll
INFO: Reap dead connection: [DummyConnection Server connection - model.nation.aztec]
May 08, 2018 7:08:43 PM net.sf.freecol.server.networking.Server sendToAll
INFO: Reap dead connection: [DummyConnection Server connection - model.nation.english]
May 08, 2018 7:08:43 PM net.sf.freecol.server.networking.Server sendToAll
INFO: Reap dead connection: [DummyConnection Server connection - model.nation.arawak]
May 08, 2018 7:08:43 PM net.sf.freecol.server.networking.Server sendToAll
INFO: Reap dead connection: [DummyConnection Server connection - model.nation.inca]
May 08, 2018 7:08:43 PM net.sf.freecol.server.networking.Server sendToAll
INFO: Reap dead connection: [DummyConnection Server connection - model.nation.apache]
May 08, 2018 7:08:43 PM net.sf.freecol.server.networking.Server sendToAll
INFO: Reap dead connection: [DummyConnection Server connection - model.nation.spanish]
May 08, 2018 7:08:43 PM net.sf.freecol.server.networking.Server sendToAll
INFO: Reap dead connection: [DummyConnection Server connection - model.nation.cherokee]
May 08, 2018 7:08:43 PM net.sf.freecol.server.networking.Server sendToAll
INFO: Reap dead connection: [DummyConnection Server connection - model.nation.iroquois]
May 08, 2018 7:08:43 PM net.sf.freecol.server.networking.Server sendToAll
INFO: Reap dead connection: [DummyConnection Server connection - model.nation.tupi]
May 08, 2018 7:08:43 PM net.sf.freecol.server.networking.Server sendToAll
INFO: Reap dead connection: [DummyConnection Server connection - model.nation.french]
May 08, 2018 7:08:43 PM net.sf.freecol.server.networking.Server sendToAll
INFO: Reap dead connection: [DummyConnection Server connection - model.nation.dutch]
May 08, 2018 7:08:43 PM net.sf.freecol.server.networking.Server sendToAll
INFO: Reap dead connection: [DummyConnection Server connection - model.nation.sioux]
May 08, 2018 7:08:43 PM net.sf.freecol.server.model.ServerColony csBuildUnit
INFO: New unit in New Amsterdam: freeColonist
May 08, 2018 7:08:43 PM net.sf.freecol.common.model.Specification applyDifficultyLevel
INFO: Applying difficulty level model.difficulty.medium
May 08, 2018 7:08:43 PM net.sf.freecol.common.model.Specification applyDifficultyLevel
INFO: Applying difficulty level model.difficulty.medium
May 08, 2018 7:08:43 PM net.sf.freecol.common.FreeColSeed getFreeColSeed
INFO: Using seed: -7591432671234269269
May 08, 2018 7:08:43 PM net.sf.freecol.server.networking.Server sendToAll
INFO: Reap dead connection: [DummyConnection Server connection - model.nation.apache]
May 08, 2018 7:08:43 PM net.sf.freecol.server.networking.Server sendToAll
INFO: Reap dead connection: [DummyConnection Server connection - model.nation.aztec]
May 08, 2018 7:08:43 PM net.sf.freecol.server.networking.Server sendToAll
INFO: Reap dead connection: [DummyConnection Server connection - model.nation.arawak]
May 08, 2018 7:08:43 PM net.sf.freecol.server.networking.Server sendToAll
INFO: Reap dead connection: [DummyConnection Server connection - model.nation.cherokee]
May 08, 2018 7:08:43 PM net.sf.freecol.server.networking.Server sendToAll
INFO: Reap dead connection: [DummyConnection Server connection - model.nation.sioux]
May 08, 2018 7:08:43 PM net.sf.freecol.server.networking.Server sendToAll
INFO: Reap dead connection: [DummyConnection Server connection - model.nation.english]
May 08, 2018 7:08:43 PM net.sf.freecol.server.networking.Server sendToAll
INFO: Reap dead connection: [DummyConnection Server connection - model.nation.inca]
May 08, 2018 7:08:43 PM net.sf.freecol.server.networking.Server sendToAll
INFO: Reap dead connection: [DummyConnection Server connection - model.nation.dutch]
May 08, 2018 7:08:43 PM net.sf.freecol.server.networking.Server sendToAll
INFO: Reap dead connection: [DummyConnection Server connection - model.nation.french]
May 08, 2018 7:08:43 PM net.sf.freecol.server.networking.Server sendToAll
INFO: Reap dead connection: [DummyConnection Server connection - model.nation.tupi]
May 08, 2018 7:08:43 PM net.sf.freecol.server.networking.Server sendToAll
INFO: Reap dead connection: [DummyConnection Server connection - model.nation.iroquois]
May 08, 2018 7:08:43 PM net.sf.freecol.server.networking.Server sendToAll
INFO: Reap dead connection: [DummyConnection Server connection - model.nation.spanish]
May 08, 2018 7:08:43 PM net.sf.freecol.common.model.Specification applyDifficultyLevel
INFO: Applying difficulty level model.difficulty.medium
May 08, 2018 7:08:43 PM net.sf.freecol.common.FreeColSeed getFreeColSeed
INFO: Using seed: 7414425685228598477
May 08, 2018 7:08:43 PM net.sf.freecol.server.networking.Server sendToAll
INFO: Reap dead connection: [DummyConnection Server connection - model.nation.english]
May 08, 2018 7:08:43 PM net.sf.freecol.server.networking.Server sendToAll
INFO: Reap dead connection: [DummyConnection Server connection - model.nation.aztec]
May 08, 2018 7:08:43 PM net.sf.freecol.server.networking.Server sendToAll
INFO: Reap dead connection: [DummyConnection Server connection - model.nation.sioux]
May 08, 2018 7:08:43 PM net.sf.freecol.server.networking.Server sendToAll
INFO: Reap dead connection: [DummyConnection Server connection - model.nation.apache]
May 08, 2018 7:08:43 PM net.sf.freecol.server.networking.Server sendToAll
INFO: Reap dead connection: [DummyConnection Server connection - model.nation.inca]
May 08, 2018 7:08:43 PM net.sf.freecol.server.networking.Server sendToAll
INFO: Reap dead connection: [DummyConnection Server connection - model.nation.dutch]
May 08, 2018 7:08:43 PM net.sf.freecol.server.networking.Server sendToAll
INFO: Reap dead connection: [DummyConnection Server connection - model.nation.tupi]
May 08, 2018 7:08:43 PM net.sf.freecol.server.networking.Server sendToAll
INFO: Reap dead connection: [DummyConnection Server connection - model.nation.cherokee]
May 08, 2018 7:08:43 PM net.sf.freecol.server.networking.Server sendToAll
INFO: Reap dead connection: [DummyConnection Server connection - model.nation.iroquois]
May 08, 2018 7:08:43 PM net.sf.freecol.server.networking.Server sendToAll
INFO: Reap dead connection: [DummyConnection Server connection - model.nation.spanish]
May 08, 2018 7:08:43 PM net.sf.freecol.server.networking.Server sendToAll
INFO: Reap dead connection: [DummyConnection Server connection - model.nation.french]
May 08, 2018 7:08:43 PM net.sf.freecol.server.networking.Server sendToAll
INFO: Reap dead connection: [DummyConnection Server connection - model.nation.arawak]
May 08, 2018 7:08:43 PM net.sf.freecol.common.model.Specification applyDifficultyLevel
INFO: Applying difficulty level model.difficulty.medium
May 08, 2018 7:08:43 PM net.sf.freecol.common.FreeColSeed getFreeColSeed
INFO: Using seed: 7623520962804252580
May 08, 2018 7:08:43 PM net.sf.freecol.server.networking.Server sendToAll
INFO: Reap dead connection: [DummyConnection Server connection - model.nation.spanish]
May 08, 2018 7:08:43 PM net.sf.freecol.server.networking.Server sendToAll
INFO: Reap dead connection: [DummyConnection Server connection - model.nation.arawak]
May 08, 2018 7:08:43 PM net.sf.freecol.server.networking.Server sendToAll
INFO: Reap dead connection: [DummyConnection Server connection - model.nation.french]
May 08, 2018 7:08:43 PM net.sf.freecol.server.networking.Server sendToAll
INFO: Reap dead connection: [DummyConnection Server connection - model.nation.english]
May 08, 2018 7:08:43 PM net.sf.freecol.server.networking.Server sendToAll
INFO: Reap dead connection: [DummyConnection Server connection - model.nation.inca]
May 08, 2018 7:08:43 PM net.sf.freecol.server.networking.Server sendToAll
INFO: Reap dead connection: [DummyConnection Server connection - model.nation.aztec]
May 08, 2018 7:08:43 PM net.sf.freecol.server.networking.Server sendToAll
INFO: Reap dead connection: [DummyConnection Server connection - model.nation.cherokee]
May 08, 2018 7:08:43 PM net.sf.freecol.server.networking.Server sendToAll
INFO: Reap dead connection: [DummyConnection Server connection - model.nation.iroquois]
May 08, 2018 7:08:43 PM net.sf.freecol.server.networking.Server sendToAll
INFO: Reap dead connection: [DummyConnection Server connection - model.nation.sioux]
May 08, 2018 7:08:43 PM net.sf.freecol.server.networking.Server sendToAll
INFO: Reap dead connection: [DummyConnection Server connection - model.nation.tupi]
May 08, 2018 7:08:43 PM net.sf.freecol.server.networking.Server sendToAll
INFO: Reap dead connection: [DummyConnection Server connection - model.nation.apache]
May 08, 2018 7:08:43 PM net.sf.freecol.server.networking.Server sendToAll
INFO: Reap dead connection: [DummyConnection Server connection - model.nation.dutch]
May 08, 2018 7:08:43 PM net.sf.freecol.common.util.LogBuilder log
INFO: Destroying: goodsContainer:254 unit:253
May 08, 2018 7:08:43 PM net.sf.freecol.common.model.Specification applyDifficultyLevel
INFO: Applying difficulty level model.difficulty.medium
May 08, 2018 7:08:43 PM net.sf.freecol.common.FreeColSeed getFreeColSeed
INFO: Using seed: 3241641738795792965
May 08, 2018 7:08:43 PM net.sf.freecol.server.networking.Server sendToAll
INFO: Reap dead connection: [DummyConnection Server connection - model.nation.arawak]
May 08, 2018 7:08:43 PM net.sf.freecol.server.networking.Server sendToAll
INFO: Reap dead connection: [DummyConnection Server connection - model.nation.aztec]
May 08, 2018 7:08:43 PM net.sf.freecol.server.networking.Server sendToAll
INFO: Reap dead connection: [DummyConnection Server connection - model.nation.french]
May 08, 2018 7:08:43 PM net.sf.freecol.server.networking.Server sendToAll
INFO: Reap dead connection: [DummyConnection Server connection - model.nation.english]
May 08, 2018 7:08:43 PM net.sf.freecol.server.networking.Server sendToAll
INFO: Reap dead connection: [DummyConnection Server connection - model.nation.iroquois]
May 08, 2018 7:08:43 PM net.sf.freecol.server.networking.Server sendToAll
INFO: Reap dead connection: [DummyConnection Server connection - model.nation.tupi]
May 08, 2018 7:08:43 PM net.sf.freecol.server.networking.Server sendToAll
INFO: Reap dead connection: [DummyConnection Server connection - model.nation.spanish]
May 08, 2018 7:08:43 PM net.sf.freecol.server.networking.Server sendToAll
INFO: Reap dead connection: [DummyConnection Server connection - model.nation.inca]
May 08, 2018 7:08:43 PM net.sf.freecol.server.networking.Server sendToAll
INFO: Reap dead connection: [DummyConnection Server connection - model.nation.dutch]
May 08, 2018 7:08:43 PM net.sf.freecol.server.networking.Server sendToAll
INFO: Reap dead connection: [DummyConnection Server connection - model.nation.apache]
May 08, 2018 7:08:43 PM net.sf.freecol.server.networking.Server sendToAll
INFO: Reap dead connection: [DummyConnection Server connection - model.nation.sioux]
May 08, 2018 7:08:43 PM net.sf.freecol.server.networking.Server sendToAll
INFO: Reap dead connection: [DummyConnection Server connection - model.nation.cherokee]
May 08, 2018 7:08:43 PM net.sf.freecol.common.model.Specification applyDifficultyLevel
INFO: Applying difficulty level model.difficulty.medium
May 08, 2018 7:08:43 PM net.sf.freecol.common.FreeColSeed getFreeColSeed
INFO: Using seed: -4687561502896055979
May 08, 2018 7:08:43 PM net.sf.freecol.server.networking.Server sendToAll
INFO: Reap dead connection: [DummyConnection Server connection - model.nation.dutch]
May 08, 2018 7:08:43 PM net.sf.freecol.server.networking.Server sendToAll
INFO: Reap dead connection: [DummyConnection Server connection - model.nation.english]
May 08, 2018 7:08:43 PM net.sf.freecol.server.networking.Server sendToAll
INFO: Reap dead connection: [DummyConnection Server connection - model.nation.french]
May 08, 2018 7:08:43 PM net.sf.freecol.server.networking.Server sendToAll
INFO: Reap dead connection: [DummyConnection Server connection - model.nation.spanish]
May 08, 2018 7:08:43 PM net.sf.freecol.server.networking.Server sendToAll
INFO: Reap dead connection: [DummyConnection Server connection - model.nation.tupi]
May 08, 2018 7:08:43 PM net.sf.freecol.server.networking.Server sendToAll
INFO: Reap dead connection: [DummyConnection Server connection - model.nation.sioux]
May 08, 2018 7:08:43 PM net.sf.freecol.server.networking.Server sendToAll
INFO: Reap dead connection: [DummyConnection Server connection - model.nation.aztec]
May 08, 2018 7:08:43 PM net.sf.freecol.server.networking.Server sendToAll
INFO: Reap dead connection: [DummyConnection Server connection - model.nation.iroquois]
May 08, 2018 7:08:43 PM net.sf.freecol.server.networking.Server sendToAll
INFO: Reap dead connection: [DummyConnection Server connection - model.nation.apache]
May 08, 2018 7:08:43 PM net.sf.freecol.server.networking.Server sendToAll
INFO: Reap dead connection: [DummyConnection Server connection - model.nation.inca]
May 08, 2018 7:08:43 PM net.sf.freecol.server.networking.Server sendToAll
INFO: Reap dead connection: [DummyConnection Server connection - model.nation.cherokee]
May 08, 2018 7:08:43 PM net.sf.freecol.server.networking.Server sendToAll
INFO: Reap dead connection: [DummyConnection Server connection - model.nation.arawak]
May 08, 2018 7:08:43 PM net.sf.freecol.common.model.Specification applyDifficultyLevel
INFO: Applying difficulty level model.difficulty.medium
May 08, 2018 7:08:43 PM net.sf.freecol.common.FreeColSeed getFreeColSeed
INFO: Using seed: -8221054145606560612
May 08, 2018 7:08:43 PM net.sf.freecol.server.networking.Server sendToAll
INFO: Reap dead connection: [DummyConnection Server connection - model.nation.aztec]
May 08, 2018 7:08:43 PM net.sf.freecol.server.networking.Server sendToAll
INFO: Reap dead connection: [DummyConnection Server connection - model.nation.arawak]
May 08, 2018 7:08:43 PM net.sf.freecol.server.networking.Server sendToAll
INFO: Reap dead connection: [DummyConnection Server connection - model.nation.sioux]
May 08, 2018 7:08:43 PM net.sf.freecol.server.networking.Server sendToAll
INFO: Reap dead connection: [DummyConnection Server connection - model.nation.iroquois]
May 08, 2018 7:08:43 PM net.sf.freecol.server.networking.Server sendToAll
INFO: Reap dead connection: [DummyConnection Server connection - model.nation.tupi]
May 08, 2018 7:08:43 PM net.sf.freecol.server.networking.Server sendToAll
INFO: Reap dead connection: [DummyConnection Server connection - model.nation.inca]
May 08, 2018 7:08:43 PM net.sf.freecol.server.networking.Server sendToAll
INFO: Reap dead connection: [DummyConnection Server connection - model.nation.spanish]
May 08, 2018 7:08:43 PM net.sf.freecol.server.networking.Server sendToAll
INFO: Reap dead connection: [DummyConnection Server connection - model.nation.cherokee]
May 08, 2018 7:08:43 PM net.sf.freecol.server.networking.Server sendToAll
INFO: Reap dead connection: [DummyConnection Server connection - model.nation.english]
May 08, 2018 7:08:43 PM net.sf.freecol.server.networking.Server sendToAll
INFO: Reap dead connection: [DummyConnection Server connection - model.nation.dutch]
May 08, 2018 7:08:43 PM net.sf.freecol.server.networking.Server sendToAll
INFO: Reap dead connection: [DummyConnection Server connection - model.nation.french]
May 08, 2018 7:08:43 PM net.sf.freecol.server.networking.Server sendToAll
INFO: Reap dead connection: [DummyConnection Server connection - model.nation.apache]
May 08, 2018 7:08:43 PM net.sf.freecol.common.model.Specification applyDifficultyLevel
INFO: Applying difficulty level model.difficulty.medium
May 08, 2018 7:08:43 PM net.sf.freecol.common.FreeColSeed getFreeColSeed
INFO: Using seed: -4213612573755190117
May 08, 2018 7:08:43 PM net.sf.freecol.server.networking.Server sendToAll
INFO: Reap dead connection: [DummyConnection Server connection - model.nation.sioux]
May 08, 2018 7:08:43 PM net.sf.freecol.server.networking.Server sendToAll
INFO: Reap dead connection: [DummyConnection Server connection - model.nation.arawak]
May 08, 2018 7:08:43 PM net.sf.freecol.server.networking.Server sendToAll
INFO: Reap dead connection: [DummyConnection Server connection - model.nation.spanish]
May 08, 2018 7:08:43 PM net.sf.freecol.server.networking.Server sendToAll
INFO: Reap dead connection: [DummyConnection Server connection - model.nation.cherokee]
May 08, 2018 7:08:43 PM net.sf.freecol.server.networking.Server sendToAll
INFO: Reap dead connection: [DummyConnection Server connection - model.nation.iroquois]
May 08, 2018 7:08:43 PM net.sf.freecol.server.networking.Server sendToAll
INFO: Reap dead connection: [DummyConnection Server connection - model.nation.inca]
May 08, 2018 7:08:43 PM net.sf.freecol.server.networking.Server sendToAll
INFO: Reap dead connection: [DummyConnection Server connection - model.nation.apache]
May 08, 2018 7:08:43 PM net.sf.freecol.server.networking.Server sendToAll
INFO: Reap dead connection: [DummyConnection Server connection - model.nation.english]
May 08, 2018 7:08:43 PM net.sf.freecol.server.networking.Server sendToAll
INFO: Reap dead connection: [DummyConnection Server connection - model.nation.aztec]
May 08, 2018 7:08:43 PM net.sf.freecol.server.networking.Server sendToAll
INFO: Reap dead connection: [DummyConnection Server connection - model.nation.tupi]
May 08, 2018 7:08:43 PM net.sf.freecol.server.networking.Server sendToAll
INFO: Reap dead connection: [DummyConnection Server connection - model.nation.dutch]
May 08, 2018 7:08:43 PM net.sf.freecol.server.networking.Server sendToAll
INFO: Reap dead connection: [DummyConnection Server connection - model.nation.french]
May 08, 2018 7:08:43 PM net.sf.freecol.server.model.ServerPlayer checkForDeath
INFO: William I alive, can buy colonist.
May 08, 2018 7:08:43 PM net.sf.freecol.common.model.Specification applyDifficultyLevel
INFO: Applying difficulty level model.difficulty.medium
May 08, 2018 7:08:43 PM net.sf.freecol.common.FreeColSeed getFreeColSeed
INFO: Using seed: 182836433311789247
May 08, 2018 7:08:43 PM net.sf.freecol.server.networking.Server sendToAll
INFO: Reap dead connection: [DummyConnection Server connection - model.nation.english]
May 08, 2018 7:08:43 PM net.sf.freecol.server.networking.Server sendToAll
INFO: Reap dead connection: [DummyConnection Server connection - model.nation.apache]
May 08, 2018 7:08:43 PM net.sf.freecol.server.networking.Server sendToAll
INFO: Reap dead connection: [DummyConnection Server connection - model.nation.spanish]
May 08, 2018 7:08:43 PM net.sf.freecol.server.networking.Server sendToAll
INFO: Reap dead connection: [DummyConnection Server connection - model.nation.arawak]
May 08, 2018 7:08:43 PM net.sf.freecol.server.networking.Server sendToAll
INFO: Reap dead connection: [DummyConnection Server connection - model.nation.dutch]
May 08, 2018 7:08:43 PM net.sf.freecol.server.networking.Server sendToAll
INFO: Reap dead connection: [DummyConnection Server connection - model.nation.sioux]
May 08, 2018 7:08:43 PM net.sf.freecol.server.networking.Server sendToAll
INFO: Reap dead connection: [DummyConnection Server connection - model.nation.cherokee]
May 08, 2018 7:08:43 PM net.sf.freecol.server.networking.Server sendToAll
INFO: Reap dead connection: [DummyConnection Server connection - model.nation.tupi]
May 08, 2018 7:08:43 PM net.sf.freecol.server.networking.Server sendToAll
INFO: Reap dead connection: [DummyConnection Server connection - model.nation.iroquois]
May 08, 2018 7:08:43 PM net.sf.freecol.server.networking.Server sendToAll
INFO: Reap dead connection: [DummyConnection Server connection - model.nation.aztec]
May 08, 2018 7:08:43 PM net.sf.freecol.server.networking.Server sendToAll
INFO: Reap dead connection: [DummyConnection Server connection - model.nation.french]
May 08, 2018 7:08:43 PM net.sf.freecol.server.networking.Server sendToAll
INFO: Reap dead connection: [DummyConnection Server connection - model.nation.inca]
May 08, 2018 7:08:43 PM net.sf.freecol.server.model.ServerPlayer checkForDeath
INFO: William I survives by autorecruit.
May 08, 2018 7:08:43 PM net.sf.freecol.server.model.ServerPlayer checkForDeath
INFO: William I alive, has waiting colonist.
May 08, 2018 7:08:43 PM net.sf.freecol.server.model.ServerPlayer checkForDeath
INFO: William I dead, no presence >= 1600
May 08, 2018 7:08:43 PM net.sf.freecol.common.model.Specification applyDifficultyLevel
INFO: Applying difficulty level model.difficulty.medium
May 08, 2018 7:08:43 PM net.sf.freecol.common.FreeColSeed getFreeColSeed
INFO: Using seed: 1925135520577940370
May 08, 2018 7:08:43 PM net.sf.freecol.server.networking.Server sendToAll
INFO: Reap dead connection: [DummyConnection Server connection - model.nation.apache]
May 08, 2018 7:08:43 PM net.sf.freecol.server.networking.Server sendToAll
INFO: Reap dead connection: [DummyConnection Server connection - model.nation.arawak]
May 08, 2018 7:08:43 PM net.sf.freecol.server.networking.Server sendToAll
INFO: Reap dead connection: [DummyConnection Server connection - model.nation.aztec]
May 08, 2018 7:08:43 PM net.sf.freecol.server.networking.Server sendToAll
INFO: Reap dead connection: [DummyConnection Server connection - model.nation.tupi]
May 08, 2018 7:08:43 PM net.sf.freecol.server.networking.Server sendToAll
INFO: Reap dead connection: [DummyConnection Server connection - model.nation.sioux]
May 08, 2018 7:08:43 PM net.sf.freecol.server.networking.Server sendToAll
INFO: Reap dead connection: [DummyConnection Server connection - model.nation.french]
May 08, 2018 7:08:43 PM net.sf.freecol.server.networking.Server sendToAll
INFO: Reap dead connection: [DummyConnection Server connection - model.nation.english]
May 08, 2018 7:08:43 PM net.sf.freecol.server.networking.Server sendToAll
INFO: Reap dead connection: [DummyConnection Server connection - model.nation.iroquois]
May 08, 2018 7:08:43 PM net.sf.freecol.server.networking.Server sendToAll
INFO: Reap dead connection: [DummyConnection Server connection - model.nation.dutch]
May 08, 2018 7:08:43 PM net.sf.freecol.server.networking.Server sendToAll
INFO: Reap dead connection: [DummyConnection Server connection - model.nation.spanish]
May 08, 2018 7:08:43 PM net.sf.freecol.server.networking.Server sendToAll
INFO: Reap dead connection: [DummyConnection Server connection - model.nation.cherokee]
May 08, 2018 7:08:43 PM net.sf.freecol.server.networking.Server sendToAll
INFO: Reap dead connection: [DummyConnection Server connection - model.nation.inca]
May 08, 2018 7:08:43 PM net.sf.freecol.server.model.ServerPlayer checkForDeath
INFO: William I alive, unit unit:247 on map.
May 08, 2018 7:08:43 PM net.sf.freecol.common.model.Specification applyDifficultyLevel
INFO: Applying difficulty level model.difficulty.medium
May 08, 2018 7:08:43 PM net.sf.freecol.common.FreeColSeed getFreeColSeed
INFO: Using seed: -780383710406554860
May 08, 2018 7:08:43 PM net.sf.freecol.server.networking.Server sendToAll
INFO: Reap dead connection: [DummyConnection Server connection - model.nation.apache]
May 08, 2018 7:08:43 PM net.sf.freecol.server.networking.Server sendToAll
INFO: Reap dead connection: [DummyConnection Server connection - model.nation.cherokee]
May 08, 2018 7:08:43 PM net.sf.freecol.server.networking.Server sendToAll
INFO: Reap dead connection: [DummyConnection Server connection - model.nation.dutch]
May 08, 2018 7:08:43 PM net.sf.freecol.server.networking.Server sendToAll
INFO: Reap dead connection: [DummyConnection Server connection - model.nation.arawak]
May 08, 2018 7:08:43 PM net.sf.freecol.server.networking.Server sendToAll
INFO: Reap dead connection: [DummyConnection Server connection - model.nation.french]
May 08, 2018 7:08:43 PM net.sf.freecol.server.networking.Server sendToAll
INFO: Reap dead connection: [DummyConnection Server connection - model.nation.iroquois]
May 08, 2018 7:08:43 PM net.sf.freecol.server.networking.Server sendToAll
INFO: Reap dead connection: [DummyConnection Server connection - model.nation.inca]
May 08, 2018 7:08:43 PM net.sf.freecol.server.networking.Server sendToAll
INFO: Reap dead connection: [DummyConnection Server connection - model.nation.sioux]
May 08, 2018 7:08:43 PM net.sf.freecol.server.networking.Server sendToAll
INFO: Reap dead connection: [DummyConnection Server connection - model.nation.english]
May 08, 2018 7:08:43 PM net.sf.freecol.server.networking.Server sendToAll
INFO: Reap dead connection: [DummyConnection Server connection - model.nation.aztec]
May 08, 2018 7:08:43 PM net.sf.freecol.server.networking.Server sendToAll
INFO: Reap dead connection: [DummyConnection Server connection - model.nation.tupi]
May 08, 2018 7:08:43 PM net.sf.freecol.server.networking.Server sendToAll
INFO: Reap dead connection: [DummyConnection Server connection - model.nation.spanish]
May 08, 2018 7:08:43 PM net.sf.freecol.common.model.Specification applyDifficultyLevel
INFO: Applying difficulty level model.difficulty.medium
May 08, 2018 7:08:43 PM net.sf.freecol.common.FreeColSeed getFreeColSeed
INFO: Using seed: 4784271377255418168
May 08, 2018 7:08:43 PM net.sf.freecol.server.networking.Server sendToAll
INFO: Reap dead connection: [DummyConnection Server connection - model.nation.inca]
May 08, 2018 7:08:43 PM net.sf.freecol.server.networking.Server sendToAll
INFO: Reap dead connection: [DummyConnection Server connection - model.nation.apache]
May 08, 2018 7:08:43 PM net.sf.freecol.server.networking.Server sendToAll
INFO: Reap dead connection: [DummyConnection Server connection - model.nation.iroquois]
May 08, 2018 7:08:43 PM net.sf.freecol.server.networking.Server sendToAll
INFO: Reap dead connection: [DummyConnection Server connection - model.nation.dutch]
May 08, 2018 7:08:43 PM net.sf.freecol.server.networking.Server sendToAll
INFO: Reap dead connection: [DummyConnection Server connection - model.nation.arawak]
May 08, 2018 7:08:43 PM net.sf.freecol.server.networking.Server sendToAll
INFO: Reap dead connection: [DummyConnection Server connection - model.nation.english]
May 08, 2018 7:08:43 PM net.sf.freecol.server.networking.Server sendToAll
INFO: Reap dead connection: [DummyConnection Server connection - model.nation.aztec]
May 08, 2018 7:08:43 PM net.sf.freecol.server.networking.Server sendToAll
INFO: Reap dead connection: [DummyConnection Server connection - model.nation.cherokee]
May 08, 2018 7:08:43 PM net.sf.freecol.server.networking.Server sendToAll
INFO: Reap dead connection: [DummyConnection Server connection - model.nation.french]
May 08, 2018 7:08:43 PM net.sf.freecol.server.networking.Server sendToAll
INFO: Reap dead connection: [DummyConnection Server connection - model.nation.tupi]
May 08, 2018 7:08:43 PM net.sf.freecol.server.networking.Server sendToAll
INFO: Reap dead connection: [DummyConnection Server connection - model.nation.sioux]
May 08, 2018 7:08:43 PM net.sf.freecol.server.networking.Server sendToAll
INFO: Reap dead connection: [DummyConnection Server connection - model.nation.spanish]
May 08, 2018 7:08:43 PM net.sf.freecol.common.model.Specification applyDifficultyLevel
INFO: Applying difficulty level model.difficulty.medium
May 08, 2018 7:08:43 PM net.sf.freecol.common.FreeColSeed getFreeColSeed
INFO: Using seed: 8782842963969618759
May 08, 2018 7:08:43 PM net.sf.freecol.server.networking.Server sendToAll
INFO: Reap dead connection: [DummyConnection Server connection - model.nation.aztec]
May 08, 2018 7:08:43 PM net.sf.freecol.server.networking.Server sendToAll
INFO: Reap dead connection: [DummyConnection Server connection - model.nation.iroquois]
May 08, 2018 7:08:43 PM net.sf.freecol.server.networking.Server sendToAll
INFO: Reap dead connection: [DummyConnection Server connection - model.nation.english]
May 08, 2018 7:08:43 PM net.sf.freecol.server.networking.Server sendToAll
INFO: Reap dead connection: [DummyConnection Server connection - model.nation.inca]
May 08, 2018 7:08:43 PM net.sf.freecol.server.networking.Server sendToAll
INFO: Reap dead connection: [DummyConnection Server connection - model.nation.sioux]
May 08, 2018 7:08:43 PM net.sf.freecol.server.networking.Server sendToAll
INFO: Reap dead connection: [DummyConnection Server connection - model.nation.spanish]
May 08, 2018 7:08:43 PM net.sf.freecol.server.networking.Server sendToAll
INFO: Reap dead connection: [DummyConnection Server connection - model.nation.arawak]
May 08, 2018 7:08:43 PM net.sf.freecol.server.networking.Server sendToAll
INFO: Reap dead connection: [DummyConnection Server connection - model.nation.apache]
May 08, 2018 7:08:43 PM net.sf.freecol.server.networking.Server sendToAll
INFO: Reap dead connection: [DummyConnection Server connection - model.nation.tupi]
May 08, 2018 7:08:43 PM net.sf.freecol.server.networking.Server sendToAll
INFO: Reap dead connection: [DummyConnection Server connection - model.nation.dutch]
May 08, 2018 7:08:43 PM net.sf.freecol.server.networking.Server sendToAll
INFO: Reap dead connection: [DummyConnection Server connection - model.nation.cherokee]
May 08, 2018 7:08:43 PM net.sf.freecol.server.networking.Server sendToAll
INFO: Reap dead connection: [DummyConnection Server connection - model.nation.french]
May 08, 2018 7:08:43 PM net.sf.freecol.server.model.ServerPlayer checkForDeath
INFO: William I alive, has embarked unit.
May 08, 2018 7:08:43 PM net.sf.freecol.server.model.ServerPlayer checkForDeath
INFO: William I dead, no presence >= 1600
May 08, 2018 7:08:43 PM net.sf.freecol.common.model.Specification applyDifficultyLevel
INFO: Applying difficulty level model.difficulty.medium
May 08, 2018 7:08:43 PM net.sf.freecol.common.model.Specification applyDifficultyLevel
INFO: Applying difficulty level model.difficulty.medium
May 08, 2018 7:08:43 PM net.sf.freecol.common.model.Specification applyDifficultyLevel
INFO: Applying difficulty level model.difficulty.medium
May 08, 2018 7:08:43 PM net.sf.freecol.common.FreeColSeed getFreeColSeed
INFO: Using seed: 8261414774962274543
May 08, 2018 7:08:43 PM net.sf.freecol.server.networking.Server sendToAll
INFO: Reap dead connection: [DummyConnection Server connection - model.nation.sioux]
May 08, 2018 7:08:43 PM net.sf.freecol.server.networking.Server sendToAll
INFO: Reap dead connection: [DummyConnection Server connection - model.nation.tupi]
May 08, 2018 7:08:43 PM net.sf.freecol.server.networking.Server sendToAll
INFO: Reap dead connection: [DummyConnection Server connection - model.nation.apache]
May 08, 2018 7:08:43 PM net.sf.freecol.server.networking.Server sendToAll
INFO: Reap dead connection: [DummyConnection Server connection - model.nation.spanish]
May 08, 2018 7:08:43 PM net.sf.freecol.server.networking.Server sendToAll
INFO: Reap dead connection: [DummyConnection Server connection - model.nation.english]
May 08, 2018 7:08:43 PM net.sf.freecol.server.networking.Server sendToAll
INFO: Reap dead connection: [DummyConnection Server connection - model.nation.french]
May 08, 2018 7:08:43 PM net.sf.freecol.server.networking.Server sendToAll
INFO: Reap dead connection: [DummyConnection Server connection - model.nation.iroquois]
May 08, 2018 7:08:43 PM net.sf.freecol.server.networking.Server sendToAll
INFO: Reap dead connection: [DummyConnection Server connection - model.nation.arawak]
May 08, 2018 7:08:43 PM net.sf.freecol.server.networking.Server sendToAll
INFO: Reap dead connection: [DummyConnection Server connection - model.nation.dutch]
May 08, 2018 7:08:43 PM net.sf.freecol.server.networking.Server sendToAll
INFO: Reap dead connection: [DummyConnection Server connection - model.nation.inca]
May 08, 2018 7:08:43 PM net.sf.freecol.server.networking.Server sendToAll
INFO: Reap dead connection: [DummyConnection Server connection - model.nation.aztec]
May 08, 2018 7:08:43 PM net.sf.freecol.server.networking.Server sendToAll
INFO: Reap dead connection: [DummyConnection Server connection - model.nation.cherokee]
May 08, 2018 7:08:43 PM net.sf.freecol.common.model.Specification applyDifficultyLevel
INFO: Applying difficulty level model.difficulty.medium
May 08, 2018 7:08:43 PM net.sf.freecol.common.FreeColSeed getFreeColSeed
INFO: Using seed: -1881770467930480777
May 08, 2018 7:08:43 PM net.sf.freecol.server.networking.Server sendToAll
INFO: Reap dead connection: [DummyConnection Server connection - model.nation.english]
May 08, 2018 7:08:43 PM net.sf.freecol.server.networking.Server sendToAll
INFO: Reap dead connection: [DummyConnection Server connection - model.nation.sioux]
May 08, 2018 7:08:43 PM net.sf.freecol.server.networking.Server sendToAll
INFO: Reap dead connection: [DummyConnection Server connection - model.nation.french]
May 08, 2018 7:08:43 PM net.sf.freecol.server.networking.Server sendToAll
INFO: Reap dead connection: [DummyConnection Server connection - model.nation.inca]
May 08, 2018 7:08:43 PM net.sf.freecol.server.networking.Server sendToAll
INFO: Reap dead connection: [DummyConnection Server connection - model.nation.cherokee]
May 08, 2018 7:08:43 PM net.sf.freecol.server.networking.Server sendToAll
INFO: Reap dead connection: [DummyConnection Server connection - model.nation.aztec]
May 08, 2018 7:08:43 PM net.sf.freecol.server.networking.Server sendToAll
INFO: Reap dead connection: [DummyConnection Server connection - model.nation.tupi]
May 08, 2018 7:08:43 PM net.sf.freecol.server.networking.Server sendToAll
INFO: Reap dead connection: [DummyConnection Server connection - model.nation.iroquois]
May 08, 2018 7:08:43 PM net.sf.freecol.server.networking.Server sendToAll
INFO: Reap dead connection: [DummyConnection Server connection - model.nation.dutch]
May 08, 2018 7:08:43 PM net.sf.freecol.server.networking.Server sendToAll
INFO: Reap dead connection: [DummyConnection Server connection - model.nation.spanish]
May 08, 2018 7:08:43 PM net.sf.freecol.server.networking.Server sendToAll
INFO: Reap dead connection: [DummyConnection Server connection - model.nation.arawak]
May 08, 2018 7:08:43 PM net.sf.freecol.server.networking.Server sendToAll
INFO: Reap dead connection: [DummyConnection Server connection - model.nation.apache]
May 08, 2018 7:08:43 PM net.sf.freecol.common.model.Specification applyDifficultyLevel
INFO: Applying difficulty level model.difficulty.medium
May 08, 2018 7:08:43 PM net.sf.freecol.common.FreeColSeed getFreeColSeed
INFO: Using seed: 5759554041312472890
May 08, 2018 7:08:43 PM net.sf.freecol.server.networking.Server sendToAll
INFO: Reap dead connection: [DummyConnection Server connection - model.nation.iroquois]
May 08, 2018 7:08:43 PM net.sf.freecol.server.networking.Server sendToAll
INFO: Reap dead connection: [DummyConnection Server connection - model.nation.tupi]
May 08, 2018 7:08:43 PM net.sf.freecol.server.networking.Server sendToAll
INFO: Reap dead connection: [DummyConnection Server connection - model.nation.cherokee]
May 08, 2018 7:08:43 PM net.sf.freecol.server.networking.Server sendToAll
INFO: Reap dead connection: [DummyConnection Server connection - model.nation.dutch]
May 08, 2018 7:08:43 PM net.sf.freecol.server.networking.Server sendToAll
INFO: Reap dead connection: [DummyConnection Server connection - model.nation.apache]
May 08, 2018 7:08:43 PM net.sf.freecol.server.networking.Server sendToAll
INFO: Reap dead connection: [DummyConnection Server connection - model.nation.inca]
May 08, 2018 7:08:43 PM net.sf.freecol.server.networking.Server sendToAll
INFO: Reap dead connection: [DummyConnection Server connection - model.nation.aztec]
May 08, 2018 7:08:43 PM net.sf.freecol.server.networking.Server sendToAll
INFO: Reap dead connection: [DummyConnection Server connection - model.nation.french]
May 08, 2018 7:08:43 PM net.sf.freecol.server.networking.Server sendToAll
INFO: Reap dead connection: [DummyConnection Server connection - model.nation.sioux]
May 08, 2018 7:08:43 PM net.sf.freecol.server.networking.Server sendToAll
INFO: Reap dead connection: [DummyConnection Server connection - model.nation.arawak]
May 08, 2018 7:08:43 PM net.sf.freecol.server.networking.Server sendToAll
INFO: Reap dead connection: [DummyConnection Server connection - model.nation.english]
May 08, 2018 7:08:43 PM net.sf.freecol.server.networking.Server sendToAll
INFO: Reap dead connection: [DummyConnection Server connection - model.nation.spanish]
May 08, 2018 7:08:43 PM net.sf.freecol.server.model.ServerPlayer checkForDeath
INFO: William I dead, can not buy carrier.
May 08, 2018 7:08:43 PM net.sf.freecol.common.model.Specification applyDifficultyLevel
INFO: Applying difficulty level model.difficulty.medium
May 08, 2018 7:08:43 PM net.sf.freecol.common.FreeColSeed getFreeColSeed
INFO: Using seed: -3574473805806763654
May 08, 2018 7:08:43 PM net.sf.freecol.server.networking.Server sendToAll
INFO: Reap dead connection: [DummyConnection Server connection - model.nation.iroquois]
May 08, 2018 7:08:43 PM net.sf.freecol.server.networking.Server sendToAll
INFO: Reap dead connection: [DummyConnection Server connection - model.nation.arawak]
May 08, 2018 7:08:43 PM net.sf.freecol.server.networking.Server sendToAll
INFO: Reap dead connection: [DummyConnection Server connection - model.nation.french]
May 08, 2018 7:08:43 PM net.sf.freecol.server.networking.Server sendToAll
INFO: Reap dead connection: [DummyConnection Server connection - model.nation.spanish]
May 08, 2018 7:08:43 PM net.sf.freecol.server.networking.Server sendToAll
INFO: Reap dead connection: [DummyConnection Server connection - model.nation.tupi]
May 08, 2018 7:08:43 PM net.sf.freecol.server.networking.Server sendToAll
INFO: Reap dead connection: [DummyConnection Server connection - model.nation.sioux]
May 08, 2018 7:08:43 PM net.sf.freecol.server.networking.Server sendToAll
INFO: Reap dead connection: [DummyConnection Server connection - model.nation.inca]
May 08, 2018 7:08:43 PM net.sf.freecol.server.networking.Server sendToAll
INFO: Reap dead connection: [DummyConnection Server connection - model.nation.english]
May 08, 2018 7:08:43 PM net.sf.freecol.server.networking.Server sendToAll
INFO: Reap dead connection: [DummyConnection Server connection - model.nation.apache]
May 08, 2018 7:08:43 PM net.sf.freecol.server.networking.Server sendToAll
INFO: Reap dead connection: [DummyConnection Server connection - model.nation.aztec]
May 08, 2018 7:08:43 PM net.sf.freecol.server.networking.Server sendToAll
INFO: Reap dead connection: [DummyConnection Server connection - model.nation.cherokee]
May 08, 2018 7:08:43 PM net.sf.freecol.server.networking.Server sendToAll
INFO: Reap dead connection: [DummyConnection Server connection - model.nation.dutch]
May 08, 2018 7:08:43 PM net.sf.freecol.server.model.ServerPlayer checkForDeath
INFO: William I alive, has embarked unit.
May 08, 2018 7:08:43 PM net.sf.freecol.server.model.ServerPlayer checkForDeath
INFO: William I dead, no presence >= 1600
May 08, 2018 7:08:43 PM net.sf.freecol.common.model.Specification applyDifficultyLevel
INFO: Applying difficulty level model.difficulty.medium
May 08, 2018 7:08:43 PM net.sf.freecol.common.FreeColSeed getFreeColSeed
INFO: Using seed: -4578050271993604360
May 08, 2018 7:08:43 PM net.sf.freecol.server.networking.Server sendToAll
INFO: Reap dead connection: [DummyConnection Server connection - model.nation.english]
May 08, 2018 7:08:43 PM net.sf.freecol.server.networking.Server sendToAll
INFO: Reap dead connection: [DummyConnection Server connection - model.nation.sioux]
May 08, 2018 7:08:43 PM net.sf.freecol.server.networking.Server sendToAll
INFO: Reap dead connection: [DummyConnection Server connection - model.nation.arawak]
May 08, 2018 7:08:43 PM net.sf.freecol.server.networking.Server sendToAll
INFO: Reap dead connection: [DummyConnection Server connection - model.nation.aztec]
May 08, 2018 7:08:43 PM net.sf.freecol.server.networking.Server sendToAll
INFO: Reap dead connection: [DummyConnection Server connection - model.nation.tupi]
May 08, 2018 7:08:43 PM net.sf.freecol.server.networking.Server sendToAll
INFO: Reap dead connection: [DummyConnection Server connection - model.nation.iroquois]
May 08, 2018 7:08:43 PM net.sf.freecol.server.networking.Server sendToAll
INFO: Reap dead connection: [DummyConnection Server connection - model.nation.french]
May 08, 2018 7:08:43 PM net.sf.freecol.server.networking.Server sendToAll
INFO: Reap dead connection: [DummyConnection Server connection - model.nation.inca]
May 08, 2018 7:08:43 PM net.sf.freecol.server.networking.Server sendToAll
INFO: Reap dead connection: [DummyConnection Server connection - model.nation.dutch]
May 08, 2018 7:08:43 PM net.sf.freecol.server.networking.Server sendToAll
INFO: Reap dead connection: [DummyConnection Server connection - model.nation.spanish]
May 08, 2018 7:08:43 PM net.sf.freecol.server.networking.Server sendToAll
INFO: Reap dead connection: [DummyConnection Server connection - model.nation.apache]
May 08, 2018 7:08:43 PM net.sf.freecol.server.networking.Server sendToAll
INFO: Reap dead connection: [DummyConnection Server connection - model.nation.cherokee]
May 08, 2018 7:08:43 PM net.sf.freecol.common.model.MarketData price
INFO: Clamped price fall for marketData:67 from 10 to 16
May 08, 2018 7:08:43 PM net.sf.freecol.common.model.Specification applyDifficultyLevel
INFO: Applying difficulty level model.difficulty.medium
May 08, 2018 7:08:43 PM net.sf.freecol.common.FreeColSeed getFreeColSeed
INFO: Using seed: 1586146238378430239
May 08, 2018 7:08:43 PM net.sf.freecol.server.networking.Server sendToAll
INFO: Reap dead connection: [DummyConnection Server connection - model.nation.iroquois]
May 08, 2018 7:08:43 PM net.sf.freecol.server.networking.Server sendToAll
INFO: Reap dead connection: [DummyConnection Server connection - model.nation.arawak]
May 08, 2018 7:08:43 PM net.sf.freecol.server.networking.Server sendToAll
INFO: Reap dead connection: [DummyConnection Server connection - model.nation.tupi]
May 08, 2018 7:08:43 PM net.sf.freecol.server.networking.Server sendToAll
INFO: Reap dead connection: [DummyConnection Server connection - model.nation.apache]
May 08, 2018 7:08:43 PM net.sf.freecol.server.networking.Server sendToAll
INFO: Reap dead connection: [DummyConnection Server connection - model.nation.spanish]
May 08, 2018 7:08:43 PM net.sf.freecol.server.networking.Server sendToAll
INFO: Reap dead connection: [DummyConnection Server connection - model.nation.french]
May 08, 2018 7:08:43 PM net.sf.freecol.server.networking.Server sendToAll
INFO: Reap dead connection: [DummyConnection Server connection - model.nation.aztec]
May 08, 2018 7:08:43 PM net.sf.freecol.server.networking.Server sendToAll
INFO: Reap dead connection: [DummyConnection Server connection - model.nation.english]
May 08, 2018 7:08:43 PM net.sf.freecol.server.networking.Server sendToAll
INFO: Reap dead connection: [DummyConnection Server connection - model.nation.dutch]
May 08, 2018 7:08:43 PM net.sf.freecol.server.networking.Server sendToAll
INFO: Reap dead connection: [DummyConnection Server connection - model.nation.inca]
May 08, 2018 7:08:43 PM net.sf.freecol.server.networking.Server sendToAll
INFO: Reap dead connection: [DummyConnection Server connection - model.nation.cherokee]
May 08, 2018 7:08:43 PM net.sf.freecol.server.networking.Server sendToAll
INFO: Reap dead connection: [DummyConnection Server connection - model.nation.sioux]
May 08, 2018 7:08:43 PM net.sf.freecol.common.model.MarketData price
INFO: Clamped price fall for marketData:88 from 13 to 16
May 08, 2018 7:08:43 PM net.sf.freecol.common.model.Specification applyDifficultyLevel
INFO: Applying difficulty level model.difficulty.medium
May 08, 2018 7:08:43 PM net.sf.freecol.common.FreeColSeed getFreeColSeed
INFO: Using seed: 7968154978062051182
May 08, 2018 7:08:43 PM net.sf.freecol.server.networking.Server sendToAll
INFO: Reap dead connection: [DummyConnection Server connection - model.nation.tupi]
May 08, 2018 7:08:43 PM net.sf.freecol.server.networking.Server sendToAll
INFO: Reap dead connection: [DummyConnection Server connection - model.nation.arawak]
May 08, 2018 7:08:43 PM net.sf.freecol.server.networking.Server sendToAll
INFO: Reap dead connection: [DummyConnection Server connection - model.nation.sioux]
May 08, 2018 7:08:43 PM net.sf.freecol.server.networking.Server sendToAll
INFO: Reap dead connection: [DummyConnection Server connection - model.nation.dutch]
May 08, 2018 7:08:43 PM net.sf.freecol.server.networking.Server sendToAll
INFO: Reap dead connection: [DummyConnection Server connection - model.nation.apache]
May 08, 2018 7:08:43 PM net.sf.freecol.server.networking.Server sendToAll
INFO: Reap dead connection: [DummyConnection Server connection - model.nation.spanish]
May 08, 2018 7:08:43 PM net.sf.freecol.server.networking.Server sendToAll
INFO: Reap dead connection: [DummyConnection Server connection - model.nation.english]
May 08, 2018 7:08:43 PM net.sf.freecol.server.networking.Server sendToAll
INFO: Reap dead connection: [DummyConnection Server connection - model.nation.french]
May 08, 2018 7:08:43 PM net.sf.freecol.server.networking.Server sendToAll
INFO: Reap dead connection: [DummyConnection Server connection - model.nation.aztec]
May 08, 2018 7:08:43 PM net.sf.freecol.server.networking.Server sendToAll
INFO: Reap dead connection: [DummyConnection Server connection - model.nation.inca]
May 08, 2018 7:08:43 PM net.sf.freecol.server.networking.Server sendToAll
INFO: Reap dead connection: [DummyConnection Server connection - model.nation.iroquois]
May 08, 2018 7:08:43 PM net.sf.freecol.server.networking.Server sendToAll
INFO: Reap dead connection: [DummyConnection Server connection - model.nation.cherokee]
May 08, 2018 7:08:43 PM net.sf.freecol.common.networking.DOMMessage clientError
WARNING: Carrier not at location: New Amsterdam
May 08, 2018 7:08:43 PM net.sf.freecol.common.networking.DOMMessage clientError
WARNING: Too much goods
May 08, 2018 7:08:43 PM net.sf.freecol.common.networking.DOMMessage clientError
WARNING: Too much goods
May 08, 2018 7:08:43 PM net.sf.freecol.common.model.Specification applyDifficultyLevel
INFO: Applying difficulty level model.difficulty.medium
May 08, 2018 7:08:43 PM net.sf.freecol.common.FreeColSeed getFreeColSeed
INFO: Using seed: -3458246913127625093
May 08, 2018 7:08:43 PM net.sf.freecol.server.networking.Server sendToAll
INFO: Reap dead connection: [DummyConnection Server connection - model.nation.cherokee]
May 08, 2018 7:08:43 PM net.sf.freecol.server.networking.Server sendToAll
INFO: Reap dead connection: [DummyConnection Server connection - model.nation.arawak]
May 08, 2018 7:08:43 PM net.sf.freecol.server.networking.Server sendToAll
INFO: Reap dead connection: [DummyConnection Server connection - model.nation.aztec]
May 08, 2018 7:08:43 PM net.sf.freecol.server.networking.Server sendToAll
INFO: Reap dead connection: [DummyConnection Server connection - model.nation.apache]
May 08, 2018 7:08:43 PM net.sf.freecol.server.networking.Server sendToAll
INFO: Reap dead connection: [DummyConnection Server connection - model.nation.sioux]
May 08, 2018 7:08:43 PM net.sf.freecol.server.networking.Server sendToAll
INFO: Reap dead connection: [DummyConnection Server connection - model.nation.inca]
May 08, 2018 7:08:43 PM net.sf.freecol.server.networking.Server sendToAll
INFO: Reap dead connection: [DummyConnection Server connection - model.nation.tupi]
May 08, 2018 7:08:43 PM net.sf.freecol.server.networking.Server sendToAll
INFO: Reap dead connection: [DummyConnection Server connection - model.nation.english]
May 08, 2018 7:08:43 PM net.sf.freecol.server.networking.Server sendToAll
INFO: Reap dead connection: [DummyConnection Server connection - model.nation.spanish]
May 08, 2018 7:08:43 PM net.sf.freecol.server.networking.Server sendToAll
INFO: Reap dead connection: [DummyConnection Server connection - model.nation.iroquois]
May 08, 2018 7:08:43 PM net.sf.freecol.server.networking.Server sendToAll
INFO: Reap dead connection: [DummyConnection Server connection - model.nation.dutch]
May 08, 2018 7:08:43 PM net.sf.freecol.server.networking.Server sendToAll
INFO: Reap dead connection: [DummyConnection Server connection - model.nation.french]
May 08, 2018 7:08:43 PM net.sf.freecol.common.model.Unit setLocation
WARNING: Can not add [unit:249 dutch privateer 8/8] to tile:491
May 08, 2018 7:08:43 PM net.sf.freecol.common.networking.DOMMessage clientError
WARNING: Player William I tried to buy 10 cotton
May 08, 2018 7:08:43 PM net.sf.freecol.common.networking.DOMMessage clientError
WARNING: Carrier not in Europe: Europe
May 08, 2018 7:08:43 PM net.sf.freecol.common.networking.DOMMessage clientError
WARNING: Can not trade boycotted goods
May 08, 2018 7:08:43 PM net.sf.freecol.common.model.Specification applyDifficultyLevel
INFO: Applying difficulty level model.difficulty.medium
May 08, 2018 7:08:43 PM net.sf.freecol.common.FreeColSeed getFreeColSeed
INFO: Using seed: 6215146281911137184
May 08, 2018 7:08:43 PM net.sf.freecol.server.networking.Server sendToAll
INFO: Reap dead connection: [DummyConnection Server connection - model.nation.iroquois]
May 08, 2018 7:08:43 PM net.sf.freecol.server.networking.Server sendToAll
INFO: Reap dead connection: [DummyConnection Server connection - model.nation.dutch]
May 08, 2018 7:08:43 PM net.sf.freecol.server.networking.Server sendToAll
INFO: Reap dead connection: [DummyConnection Server connection - model.nation.aztec]
May 08, 2018 7:08:43 PM net.sf.freecol.server.networking.Server sendToAll
INFO: Reap dead connection: [DummyConnection Server connection - model.nation.arawak]
May 08, 2018 7:08:43 PM net.sf.freecol.server.networking.Server sendToAll
INFO: Reap dead connection: [DummyConnection Server connection - model.nation.english]
May 08, 2018 7:08:43 PM net.sf.freecol.server.networking.Server sendToAll
INFO: Reap dead connection: [DummyConnection Server connection - model.nation.cherokee]
May 08, 2018 7:08:43 PM net.sf.freecol.server.networking.Server sendToAll
INFO: Reap dead connection: [DummyConnection Server connection - model.nation.apache]
May 08, 2018 7:08:43 PM net.sf.freecol.server.networking.Server sendToAll
INFO: Reap dead connection: [DummyConnection Server connection - model.nation.tupi]
May 08, 2018 7:08:43 PM net.sf.freecol.server.networking.Server sendToAll
INFO: Reap dead connection: [DummyConnection Server connection - model.nation.sioux]
May 08, 2018 7:08:43 PM net.sf.freecol.server.networking.Server sendToAll
INFO: Reap dead connection: [DummyConnection Server connection - model.nation.spanish]
May 08, 2018 7:08:43 PM net.sf.freecol.server.networking.Server sendToAll
INFO: Reap dead connection: [DummyConnection Server connection - model.nation.inca]
May 08, 2018 7:08:43 PM net.sf.freecol.server.networking.Server sendToAll
INFO: Reap dead connection: [DummyConnection Server connection - model.nation.french]
May 08, 2018 7:08:43 PM net.sf.freecol.common.model.Specification applyDifficultyLevel
INFO: Applying difficulty level model.difficulty.medium
May 08, 2018 7:08:43 PM net.sf.freecol.common.FreeColSeed getFreeColSeed
INFO: Using seed: 3463063181896396297
May 08, 2018 7:08:43 PM net.sf.freecol.server.networking.Server sendToAll
INFO: Reap dead connection: [DummyConnection Server connection - model.nation.spanish]
May 08, 2018 7:08:43 PM net.sf.freecol.server.networking.Server sendToAll
INFO: Reap dead connection: [DummyConnection Server connection - model.nation.aztec]
May 08, 2018 7:08:43 PM net.sf.freecol.server.networking.Server sendToAll
INFO: Reap dead connection: [DummyConnection Server connection - model.nation.french]
May 08, 2018 7:08:43 PM net.sf.freecol.server.networking.Server sendToAll
INFO: Reap dead connection: [DummyConnection Server connection - model.nation.apache]
May 08, 2018 7:08:43 PM net.sf.freecol.server.networking.Server sendToAll
INFO: Reap dead connection: [DummyConnection Server connection - model.nation.tupi]
May 08, 2018 7:08:43 PM net.sf.freecol.server.networking.Server sendToAll
INFO: Reap dead connection: [DummyConnection Server connection - model.nation.dutch]
May 08, 2018 7:08:43 PM net.sf.freecol.server.networking.Server sendToAll
INFO: Reap dead connection: [DummyConnection Server connection - model.nation.english]
May 08, 2018 7:08:43 PM net.sf.freecol.server.networking.Server sendToAll
INFO: Reap dead connection: [DummyConnection Server connection - model.nation.iroquois]
May 08, 2018 7:08:43 PM net.sf.freecol.server.networking.Server sendToAll
INFO: Reap dead connection: [DummyConnection Server connection - model.nation.inca]
May 08, 2018 7:08:43 PM net.sf.freecol.server.networking.Server sendToAll
INFO: Reap dead connection: [DummyConnection Server connection - model.nation.sioux]
May 08, 2018 7:08:43 PM net.sf.freecol.server.networking.Server sendToAll
INFO: Reap dead connection: [DummyConnection Server connection - model.nation.arawak]
May 08, 2018 7:08:43 PM net.sf.freecol.server.networking.Server sendToAll
INFO: Reap dead connection: [DummyConnection Server connection - model.nation.cherokee]
May 08, 2018 7:08:43 PM net.sf.freecol.common.model.Specification applyDifficultyLevel
INFO: Applying difficulty level model.difficulty.medium
May 08, 2018 7:08:43 PM net.sf.freecol.common.FreeColSeed getFreeColSeed
INFO: Using seed: 1831071715742569115
May 08, 2018 7:08:43 PM net.sf.freecol.server.networking.Server sendToAll
INFO: Reap dead connection: [DummyConnection Server connection - model.nation.french]
May 08, 2018 7:08:43 PM net.sf.freecol.server.networking.Server sendToAll
INFO: Reap dead connection: [DummyConnection Server connection - model.nation.arawak]
May 08, 2018 7:08:43 PM net.sf.freecol.server.networking.Server sendToAll
INFO: Reap dead connection: [DummyConnection Server connection - model.nation.sioux]
May 08, 2018 7:08:43 PM net.sf.freecol.server.networking.Server sendToAll
INFO: Reap dead connection: [DummyConnection Server connection - model.nation.iroquois]
May 08, 2018 7:08:43 PM net.sf.freecol.server.networking.Server sendToAll
INFO: Reap dead connection: [DummyConnection Server connection - model.nation.english]
May 08, 2018 7:08:43 PM net.sf.freecol.server.networking.Server sendToAll
INFO: Reap dead connection: [DummyConnection Server connection - model.nation.apache]
May 08, 2018 7:08:43 PM net.sf.freecol.server.networking.Server sendToAll
INFO: Reap dead connection: [DummyConnection Server connection - model.nation.aztec]
May 08, 2018 7:08:43 PM net.sf.freecol.server.networking.Server sendToAll
INFO: Reap dead connection: [DummyConnection Server connection - model.nation.inca]
May 08, 2018 7:08:43 PM net.sf.freecol.server.networking.Server sendToAll
INFO: Reap dead connection: [DummyConnection Server connection - model.nation.spanish]
May 08, 2018 7:08:43 PM net.sf.freecol.server.networking.Server sendToAll
INFO: Reap dead connection: [DummyConnection Server connection - model.nation.tupi]
May 08, 2018 7:08:43 PM net.sf.freecol.server.networking.Server sendToAll
INFO: Reap dead connection: [DummyConnection Server connection - model.nation.dutch]
May 08, 2018 7:08:43 PM net.sf.freecol.server.networking.Server sendToAll
INFO: Reap dead connection: [DummyConnection Server connection - model.nation.cherokee]
May 08, 2018 7:08:43 PM net.sf.freecol.common.util.LogBuilder log
INFO: Destroying: tileImprovement:248
May 08, 2018 7:08:43 PM net.sf.freecol.common.model.Specification applyDifficultyLevel
INFO: Applying difficulty level model.difficulty.medium
May 08, 2018 7:08:43 PM net.sf.freecol.common.FreeColSeed getFreeColSeed
INFO: Using seed: 5130941655593800692
May 08, 2018 7:08:43 PM net.sf.freecol.server.networking.Server sendToAll
INFO: Reap dead connection: [DummyConnection Server connection - model.nation.apache]
May 08, 2018 7:08:43 PM net.sf.freecol.server.networking.Server sendToAll
INFO: Reap dead connection: [DummyConnection Server connection - model.nation.inca]
May 08, 2018 7:08:43 PM net.sf.freecol.server.networking.Server sendToAll
INFO: Reap dead connection: [DummyConnection Server connection - model.nation.iroquois]
May 08, 2018 7:08:43 PM net.sf.freecol.server.networking.Server sendToAll
INFO: Reap dead connection: [DummyConnection Server connection - model.nation.sioux]
May 08, 2018 7:08:43 PM net.sf.freecol.server.networking.Server sendToAll
INFO: Reap dead connection: [DummyConnection Server connection - model.nation.aztec]
May 08, 2018 7:08:43 PM net.sf.freecol.server.networking.Server sendToAll
INFO: Reap dead connection: [DummyConnection Server connection - model.nation.english]
May 08, 2018 7:08:43 PM net.sf.freecol.server.networking.Server sendToAll
INFO: Reap dead connection: [DummyConnection Server connection - model.nation.spanish]
May 08, 2018 7:08:43 PM net.sf.freecol.server.networking.Server sendToAll
INFO: Reap dead connection: [DummyConnection Server connection - model.nation.tupi]
May 08, 2018 7:08:43 PM net.sf.freecol.server.networking.Server sendToAll
INFO: Reap dead connection: [DummyConnection Server connection - model.nation.dutch]
May 08, 2018 7:08:43 PM net.sf.freecol.server.networking.Server sendToAll
INFO: Reap dead connection: [DummyConnection Server connection - model.nation.cherokee]
May 08, 2018 7:08:43 PM net.sf.freecol.server.networking.Server sendToAll
INFO: Reap dead connection: [DummyConnection Server connection - model.nation.french]
May 08, 2018 7:08:43 PM net.sf.freecol.server.networking.Server sendToAll
INFO: Reap dead connection: [DummyConnection Server connection - model.nation.arawak]
May 08, 2018 7:08:43 PM net.sf.freecol.common.util.LogBuilder log
INFO: Destroying: tileImprovement:252
May 08, 2018 7:08:43 PM net.sf.freecol.common.model.Specification applyDifficultyLevel
INFO: Applying difficulty level model.difficulty.medium
May 08, 2018 7:08:43 PM net.sf.freecol.common.FreeColSeed getFreeColSeed
INFO: Using seed: 3354908304649956528
May 08, 2018 7:08:43 PM net.sf.freecol.server.networking.Server sendToAll
INFO: Reap dead connection: [DummyConnection Server connection - model.nation.iroquois]
May 08, 2018 7:08:43 PM net.sf.freecol.server.networking.Server sendToAll
INFO: Reap dead connection: [DummyConnection Server connection - model.nation.aztec]
May 08, 2018 7:08:43 PM net.sf.freecol.server.networking.Server sendToAll
INFO: Reap dead connection: [DummyConnection Server connection - model.nation.dutch]
May 08, 2018 7:08:43 PM net.sf.freecol.server.networking.Server sendToAll
INFO: Reap dead connection: [DummyConnection Server connection - model.nation.cherokee]
May 08, 2018 7:08:43 PM net.sf.freecol.server.networking.Server sendToAll
INFO: Reap dead connection: [DummyConnection Server connection - model.nation.inca]
May 08, 2018 7:08:43 PM net.sf.freecol.server.networking.Server sendToAll
INFO: Reap dead connection: [DummyConnection Server connection - model.nation.spanish]
May 08, 2018 7:08:43 PM net.sf.freecol.server.networking.Server sendToAll
INFO: Reap dead connection: [DummyConnection Server connection - model.nation.apache]
May 08, 2018 7:08:43 PM net.sf.freecol.server.networking.Server sendToAll
INFO: Reap dead connection: [DummyConnection Server connection - model.nation.tupi]
May 08, 2018 7:08:43 PM net.sf.freecol.server.networking.Server sendToAll
INFO: Reap dead connection: [DummyConnection Server connection - model.nation.french]
May 08, 2018 7:08:43 PM net.sf.freecol.server.networking.Server sendToAll
INFO: Reap dead connection: [DummyConnection Server connection - model.nation.arawak]
May 08, 2018 7:08:43 PM net.sf.freecol.server.networking.Server sendToAll
INFO: Reap dead connection: [DummyConnection Server connection - model.nation.english]
May 08, 2018 7:08:43 PM net.sf.freecol.server.networking.Server sendToAll
INFO: Reap dead connection: [DummyConnection Server connection - model.nation.sioux]
May 08, 2018 7:08:43 PM net.sf.freecol.common.model.Specification applyDifficultyLevel
INFO: Applying difficulty level model.difficulty.medium
May 08, 2018 7:08:43 PM net.sf.freecol.common.FreeColSeed getFreeColSeed
INFO: Using seed: -8236689193124574224
May 08, 2018 7:08:43 PM net.sf.freecol.server.networking.Server sendToAll
INFO: Reap dead connection: [DummyConnection Server connection - model.nation.cherokee]
May 08, 2018 7:08:43 PM net.sf.freecol.server.networking.Server sendToAll
INFO: Reap dead connection: [DummyConnection Server connection - model.nation.english]
May 08, 2018 7:08:43 PM net.sf.freecol.server.networking.Server sendToAll
INFO: Reap dead connection: [DummyConnection Server connection - model.nation.tupi]
May 08, 2018 7:08:43 PM net.sf.freecol.server.networking.Server sendToAll
INFO: Reap dead connection: [DummyConnection Server connection - model.nation.french]
May 08, 2018 7:08:43 PM net.sf.freecol.server.networking.Server sendToAll
INFO: Reap dead connection: [DummyConnection Server connection - model.nation.spanish]
May 08, 2018 7:08:43 PM net.sf.freecol.server.networking.Server sendToAll
INFO: Reap dead connection: [DummyConnection Server connection - model.nation.apache]
May 08, 2018 7:08:43 PM net.sf.freecol.server.networking.Server sendToAll
INFO: Reap dead connection: [DummyConnection Server connection - model.nation.iroquois]
May 08, 2018 7:08:43 PM net.sf.freecol.server.networking.Server sendToAll
INFO: Reap dead connection: [DummyConnection Server connection - model.nation.arawak]
May 08, 2018 7:08:43 PM net.sf.freecol.server.networking.Server sendToAll
INFO: Reap dead connection: [DummyConnection Server connection - model.nation.aztec]
May 08, 2018 7:08:43 PM net.sf.freecol.server.networking.Server sendToAll
INFO: Reap dead connection: [DummyConnection Server connection - model.nation.dutch]
May 08, 2018 7:08:43 PM net.sf.freecol.server.networking.Server sendToAll
INFO: Reap dead connection: [DummyConnection Server connection - model.nation.sioux]
May 08, 2018 7:08:43 PM net.sf.freecol.server.networking.Server sendToAll
INFO: Reap dead connection: [DummyConnection Server connection - model.nation.inca]
May 08, 2018 7:08:43 PM net.sf.freecol.common.model.Specification applyDifficultyLevel
INFO: Applying difficulty level model.difficulty.medium
May 08, 2018 7:08:43 PM net.sf.freecol.common.FreeColSeed getFreeColSeed
INFO: Using seed: 7373349346269441217
May 08, 2018 7:08:43 PM net.sf.freecol.server.networking.Server sendToAll
INFO: Reap dead connection: [DummyConnection Server connection - model.nation.english]
May 08, 2018 7:08:43 PM net.sf.freecol.server.networking.Server sendToAll
INFO: Reap dead connection: [DummyConnection Server connection - model.nation.french]
May 08, 2018 7:08:43 PM net.sf.freecol.server.networking.Server sendToAll
INFO: Reap dead connection: [DummyConnection Server connection - model.nation.iroquois]
May 08, 2018 7:08:43 PM net.sf.freecol.server.networking.Server sendToAll
INFO: Reap dead connection: [DummyConnection Server connection - model.nation.arawak]
May 08, 2018 7:08:43 PM net.sf.freecol.server.networking.Server sendToAll
INFO: Reap dead connection: [DummyConnection Server connection - model.nation.cherokee]
May 08, 2018 7:08:43 PM net.sf.freecol.server.networking.Server sendToAll
INFO: Reap dead connection: [DummyConnection Server connection - model.nation.apache]
May 08, 2018 7:08:43 PM net.sf.freecol.server.networking.Server sendToAll
INFO: Reap dead connection: [DummyConnection Server connection - model.nation.sioux]
May 08, 2018 7:08:43 PM net.sf.freecol.server.networking.Server sendToAll
INFO: Reap dead connection: [DummyConnection Server connection - model.nation.inca]
May 08, 2018 7:08:43 PM net.sf.freecol.server.networking.Server sendToAll
INFO: Reap dead connection: [DummyConnection Server connection - model.nation.aztec]
May 08, 2018 7:08:43 PM net.sf.freecol.server.networking.Server sendToAll
INFO: Reap dead connection: [DummyConnection Server connection - model.nation.tupi]
May 08, 2018 7:08:43 PM net.sf.freecol.server.networking.Server sendToAll
INFO: Reap dead connection: [DummyConnection Server connection - model.nation.spanish]
May 08, 2018 7:08:43 PM net.sf.freecol.server.networking.Server sendToAll
INFO: Reap dead connection: [DummyConnection Server connection - model.nation.dutch]
May 08, 2018 7:08:43 PM net.sf.freecol.common.util.LogBuilder log
INFO: Destroying: tileImprovement:274
May 08, 2018 7:08:43 PM net.sf.freecol.common.util.LogBuilder log
INFO: Destroying: tileImprovement:276
May 08, 2018 7:08:43 PM net.sf.freecol.common.model.Specification applyDifficultyLevel
INFO: Applying difficulty level model.difficulty.medium
May 08, 2018 7:08:43 PM net.sf.freecol.common.FreeColSeed getFreeColSeed
INFO: Using seed: -3793561519181924746
May 08, 2018 7:08:43 PM net.sf.freecol.server.networking.Server sendToAll
INFO: Reap dead connection: [DummyConnection Server connection - model.nation.dutch]
May 08, 2018 7:08:43 PM net.sf.freecol.server.networking.Server sendToAll
INFO: Reap dead connection: [DummyConnection Server connection - model.nation.spanish]
May 08, 2018 7:08:43 PM net.sf.freecol.server.networking.Server sendToAll
INFO: Reap dead connection: [DummyConnection Server connection - model.nation.cherokee]
May 08, 2018 7:08:43 PM net.sf.freecol.server.networking.Server sendToAll
INFO: Reap dead connection: [DummyConnection Server connection - model.nation.french]
May 08, 2018 7:08:43 PM net.sf.freecol.server.networking.Server sendToAll
INFO: Reap dead connection: [DummyConnection Server connection - model.nation.apache]
May 08, 2018 7:08:43 PM net.sf.freecol.server.networking.Server sendToAll
INFO: Reap dead connection: [DummyConnection Server connection - model.nation.english]
May 08, 2018 7:08:43 PM net.sf.freecol.server.networking.Server sendToAll
INFO: Reap dead connection: [DummyConnection Server connection - model.nation.tupi]
May 08, 2018 7:08:43 PM net.sf.freecol.server.networking.Server sendToAll
INFO: Reap dead connection: [DummyConnection Server connection - model.nation.aztec]
May 08, 2018 7:08:43 PM net.sf.freecol.server.networking.Server sendToAll
INFO: Reap dead connection: [DummyConnection Server connection - model.nation.arawak]
May 08, 2018 7:08:43 PM net.sf.freecol.server.networking.Server sendToAll
INFO: Reap dead connection: [DummyConnection Server connection - model.nation.inca]
May 08, 2018 7:08:43 PM net.sf.freecol.server.networking.Server sendToAll
INFO: Reap dead connection: [DummyConnection Server connection - model.nation.iroquois]
May 08, 2018 7:08:43 PM net.sf.freecol.server.networking.Server sendToAll
INFO: Reap dead connection: [DummyConnection Server connection - model.nation.sioux]
May 08, 2018 7:08:43 PM net.sf.freecol.common.model.LandMap <init>
INFO: Using land generator model.option.landGeneratorType.classic
May 08, 2018 7:08:43 PM net.sf.freecol.common.util.LogBuilder log
INFO: Destroying: tileImprovement:4066
May 08, 2018 7:08:43 PM net.sf.freecol.common.util.LogBuilder log
INFO: Destroying: tileImprovement:4068
May 08, 2018 7:08:43 PM net.sf.freecol.common.util.LogBuilder log
INFO: Destroying: tileImprovement:4070
May 08, 2018 7:08:43 PM net.sf.freecol.common.util.LogBuilder log
INFO: Destroying: tileImprovement:4047
May 08, 2018 7:08:43 PM net.sf.freecol.common.util.LogBuilder log
INFO: Destroying: tileImprovement:4049
May 08, 2018 7:08:43 PM net.sf.freecol.common.util.LogBuilder log
INFO: Destroying: tileImprovement:4051
May 08, 2018 7:08:43 PM net.sf.freecol.common.util.LogBuilder log
INFO: Destroying: tileImprovement:4053
May 08, 2018 7:08:43 PM net.sf.freecol.common.util.LogBuilder log
INFO: Destroying: tileImprovement:4055
May 08, 2018 7:08:43 PM net.sf.freecol.common.util.LogBuilder log
INFO: Destroying: tileImprovement:4057
May 08, 2018 7:08:43 PM net.sf.freecol.common.util.LogBuilder log
INFO: Destroying: tileImprovement:4059
May 08, 2018 7:08:43 PM net.sf.freecol.common.util.LogBuilder log
INFO: Destroying: tileImprovement:4202
May 08, 2018 7:08:43 PM net.sf.freecol.common.util.LogBuilder log
INFO: Destroying: tileImprovement:4204
May 08, 2018 7:08:43 PM net.sf.freecol.common.util.LogBuilder log
INFO: Destroying: tileImprovement:4206
May 08, 2018 7:08:43 PM net.sf.freecol.common.util.LogBuilder log
INFO: Destroying: tileImprovement:4208
May 08, 2018 7:08:43 PM net.sf.freecol.common.util.LogBuilder log
INFO: Destroying: tileImprovement:4210
May 08, 2018 7:08:43 PM net.sf.freecol.common.util.LogBuilder log
INFO: Destroying: tileImprovement:4212
May 08, 2018 7:08:43 PM net.sf.freecol.common.util.LogBuilder log
INFO: Destroying: tileImprovement:4236
May 08, 2018 7:08:43 PM net.sf.freecol.common.util.LogBuilder log
INFO: Destroying: tileImprovement:4237
May 08, 2018 7:08:43 PM net.sf.freecol.common.util.LogBuilder log
INFO: Destroying: tileImprovement:4238
May 08, 2018 7:08:43 PM net.sf.freecol.common.util.LogBuilder log
INFO: Destroying: tileImprovement:4239
May 08, 2018 7:08:43 PM net.sf.freecol.common.util.LogBuilder log
INFO: Destroying: tileImprovement:4240
May 08, 2018 7:08:43 PM net.sf.freecol.common.util.LogBuilder log
INFO: Destroying: tileImprovement:4241
May 08, 2018 7:08:43 PM net.sf.freecol.common.util.LogBuilder log
INFO: Destroying: tileImprovement:4242
May 08, 2018 7:08:43 PM net.sf.freecol.common.util.LogBuilder log
INFO: Destroying: tileImprovement:4260
May 08, 2018 7:08:43 PM net.sf.freecol.common.util.LogBuilder log
INFO: Destroying: tileImprovement:4262
May 08, 2018 7:08:43 PM net.sf.freecol.common.util.LogBuilder log
INFO: Destroying: tileImprovement:4264
May 08, 2018 7:08:43 PM net.sf.freecol.common.util.LogBuilder log
INFO: Destroying: tileImprovement:4254
May 08, 2018 7:08:43 PM net.sf.freecol.common.util.LogBuilder log
INFO: Destroying: tileImprovement:4255
May 08, 2018 7:08:43 PM net.sf.freecol.common.util.LogBuilder log
INFO: Destroying: tileImprovement:4256
May 08, 2018 7:08:43 PM net.sf.freecol.common.util.LogBuilder log
INFO: Destroying: tileImprovement:4257
May 08, 2018 7:08:43 PM net.sf.freecol.common.util.LogBuilder log
INFO: Destroying: tileImprovement:4258
May 08, 2018 7:08:43 PM net.sf.freecol.common.util.LogBuilder log
INFO: Destroying: tileImprovement:4259
May 08, 2018 7:08:43 PM net.sf.freecol.common.util.LogBuilder log
INFO: Destroying: tileImprovement:4183
May 08, 2018 7:08:43 PM net.sf.freecol.common.util.LogBuilder log
INFO: Destroying: tileImprovement:4185
May 08, 2018 7:08:43 PM net.sf.freecol.common.util.LogBuilder log
INFO: Destroying: tileImprovement:4187
May 08, 2018 7:08:43 PM net.sf.freecol.common.util.LogBuilder log
INFO: Destroying: tileImprovement:4189
May 08, 2018 7:08:43 PM net.sf.freecol.common.util.LogBuilder log
INFO: Destroying: tileImprovement:4062
May 08, 2018 7:08:43 PM net.sf.freecol.common.util.LogBuilder log
INFO: Destroying: tileImprovement:4064
May 08, 2018 7:08:43 PM net.sf.freecol.common.util.LogBuilder log
INFO: Destroying: tileImprovement:4217
May 08, 2018 7:08:43 PM net.sf.freecol.common.util.LogBuilder log
INFO: Destroying: tileImprovement:4218
May 08, 2018 7:08:43 PM net.sf.freecol.common.util.LogBuilder log
INFO: Destroying: tileImprovement:4219
May 08, 2018 7:08:43 PM net.sf.freecol.common.util.LogBuilder log
INFO: Destroying: tileImprovement:4192
May 08, 2018 7:08:43 PM net.sf.freecol.common.util.LogBuilder log
INFO: Destroying: tileImprovement:4194
May 08, 2018 7:08:43 PM net.sf.freecol.common.util.LogBuilder log
INFO: Destroying: tileImprovement:4196
May 08, 2018 7:08:43 PM net.sf.freecol.common.util.LogBuilder log
INFO: Destroying: tileImprovement:4157
May 08, 2018 7:08:43 PM net.sf.freecol.common.util.LogBuilder log
INFO: Destroying: tileImprovement:4159
May 08, 2018 7:08:43 PM net.sf.freecol.common.util.LogBuilder log
INFO: Destroying: tileImprovement:4161
May 08, 2018 7:08:43 PM net.sf.freecol.common.util.LogBuilder log
INFO: Destroying: tileImprovement:4163
May 08, 2018 7:08:43 PM net.sf.freecol.common.util.LogBuilder log
INFO: Destroying: tileImprovement:4165
May 08, 2018 7:08:43 PM net.sf.freecol.common.util.LogBuilder log
INFO: Destroying: tileImprovement:4167
May 08, 2018 7:08:43 PM net.sf.freecol.common.util.LogBuilder log
INFO: Destroying: tileImprovement:4169
May 08, 2018 7:08:43 PM net.sf.freecol.common.util.LogBuilder log
INFO: Destroying: tileImprovement:4171
May 08, 2018 7:08:43 PM net.sf.freecol.common.util.LogBuilder log
INFO: Destroying: tileImprovement:4173
May 08, 2018 7:08:43 PM net.sf.freecol.common.util.LogBuilder log
INFO: Destroying: tileImprovement:4175
May 08, 2018 7:08:43 PM net.sf.freecol.common.util.LogBuilder log
INFO: Destroying: tileImprovement:4177
May 08, 2018 7:08:43 PM net.sf.freecol.common.util.LogBuilder log
INFO: Destroying: tileImprovement:4179
May 08, 2018 7:08:43 PM net.sf.freecol.common.util.LogBuilder log
INFO: Destroying: tileImprovement:4181
May 08, 2018 7:08:43 PM net.sf.freecol.common.util.LogBuilder log
INFO: Destroying: tileImprovement:4363
May 08, 2018 7:08:43 PM net.sf.freecol.common.util.LogBuilder log
INFO: Destroying: tileImprovement:4364
May 08, 2018 7:08:43 PM net.sf.freecol.common.util.LogBuilder log
INFO: Destroying: tileImprovement:4365
May 08, 2018 7:08:43 PM net.sf.freecol.common.util.LogBuilder log
INFO: Destroying: tileImprovement:4366
May 08, 2018 7:08:43 PM net.sf.freecol.common.util.LogBuilder log
INFO: Destroying: tileImprovement:4514
May 08, 2018 7:08:43 PM net.sf.freecol.common.util.LogBuilder log
INFO: Destroying: tileImprovement:4516
May 08, 2018 7:08:43 PM net.sf.freecol.common.util.LogBuilder log
INFO: Destroying: tileImprovement:4518
May 08, 2018 7:08:44 PM net.sf.freecol.common.util.LogBuilder log
INFO: Destroying: tileImprovement:4520
May 08, 2018 7:08:44 PM net.sf.freecol.common.util.LogBuilder log
INFO: Destroying: tileImprovement:4522
May 08, 2018 7:08:44 PM net.sf.freecol.common.util.LogBuilder log
INFO: Destroying: tileImprovement:4524
May 08, 2018 7:08:44 PM net.sf.freecol.common.util.LogBuilder log
INFO: Destroying: tileImprovement:4526
May 08, 2018 7:08:44 PM net.sf.freecol.common.util.LogBuilder log
INFO: Destroying: tileImprovement:4528
May 08, 2018 7:08:44 PM net.sf.freecol.common.util.LogBuilder log
INFO: Destroying: tileImprovement:4506
May 08, 2018 7:08:44 PM net.sf.freecol.common.util.LogBuilder log
INFO: Destroying: tileImprovement:4508
May 08, 2018 7:08:44 PM net.sf.freecol.common.util.LogBuilder log
INFO: Destroying: tileImprovement:4510
May 08, 2018 7:08:44 PM net.sf.freecol.common.util.LogBuilder log
INFO: Destroying: tileImprovement:4512
May 08, 2018 7:08:44 PM net.sf.freecol.common.util.LogBuilder log
INFO: Destroying: tileImprovement:4550
May 08, 2018 7:08:44 PM net.sf.freecol.common.util.LogBuilder log
INFO: Destroying: tileImprovement:4551
May 08, 2018 7:08:44 PM net.sf.freecol.common.util.LogBuilder log
INFO: Destroying: tileImprovement:4552
May 08, 2018 7:08:44 PM net.sf.freecol.common.util.LogBuilder log
INFO: Destroying: tileImprovement:4553
May 08, 2018 7:08:44 PM net.sf.freecol.common.util.LogBuilder log
INFO: Destroying: tileImprovement:4554
May 08, 2018 7:08:44 PM net.sf.freecol.common.util.LogBuilder log
INFO: Destroying: tileImprovement:4555
May 08, 2018 7:08:44 PM net.sf.freecol.common.util.LogBuilder log
INFO: Destroying: tileImprovement:4556
May 08, 2018 7:08:44 PM net.sf.freecol.common.util.LogBuilder log
INFO: Destroying: tileImprovement:4557
May 08, 2018 7:08:44 PM net.sf.freecol.common.util.LogBuilder log
INFO: Destroying: tileImprovement:4376
May 08, 2018 7:08:44 PM net.sf.freecol.common.util.LogBuilder log
INFO: Destroying: tileImprovement:4377
May 08, 2018 7:08:44 PM net.sf.freecol.common.util.LogBuilder log
INFO: Destroying: tileImprovement:4486
May 08, 2018 7:08:44 PM net.sf.freecol.common.util.LogBuilder log
INFO: Destroying: tileImprovement:4488
May 08, 2018 7:08:44 PM net.sf.freecol.common.util.LogBuilder log
INFO: Destroying: tileImprovement:4490
May 08, 2018 7:08:44 PM net.sf.freecol.common.util.LogBuilder log
INFO: Destroying: tileImprovement:4492
May 08, 2018 7:08:44 PM net.sf.freecol.common.util.LogBuilder log
INFO: Destroying: tileImprovement:4494
May 08, 2018 7:08:44 PM net.sf.freecol.common.util.LogBuilder log
INFO: Destroying: tileImprovement:4496
May 08, 2018 7:08:44 PM net.sf.freecol.common.util.LogBuilder log
INFO: Destroying: tileImprovement:4473
May 08, 2018 7:08:44 PM net.sf.freecol.common.util.LogBuilder log
INFO: Destroying: tileImprovement:4474
May 08, 2018 7:08:44 PM net.sf.freecol.common.util.LogBuilder log
INFO: Destroying: tileImprovement:4475
May 08, 2018 7:08:44 PM net.sf.freecol.common.util.LogBuilder log
INFO: Destroying: tileImprovement:4476
May 08, 2018 7:08:44 PM net.sf.freecol.common.util.LogBuilder log
INFO: Destroying: tileImprovement:4477
May 08, 2018 7:08:44 PM net.sf.freecol.common.util.LogBuilder log
INFO: Destroying: tileImprovement:4478
May 08, 2018 7:08:44 PM net.sf.freecol.common.util.LogBuilder log
INFO: Destroying: tileImprovement:4479
May 08, 2018 7:08:44 PM net.sf.freecol.common.util.LogBuilder log
INFO: Destroying: tileImprovement:4480
May 08, 2018 7:08:44 PM net.sf.freecol.common.util.LogBuilder log
INFO: Destroying: tileImprovement:4481
May 08, 2018 7:08:44 PM net.sf.freecol.common.util.LogBuilder log
INFO: Destroying: tileImprovement:4482
May 08, 2018 7:08:44 PM net.sf.freecol.common.util.LogBuilder log
INFO: Destroying: tileImprovement:4483
May 08, 2018 7:08:44 PM net.sf.freecol.common.util.LogBuilder log
INFO: Destroying: tileImprovement:4484
May 08, 2018 7:08:44 PM net.sf.freecol.common.util.LogBuilder log
INFO: Destroying: tileImprovement:4485
May 08, 2018 7:08:44 PM net.sf.freecol.common.util.LogBuilder log
INFO: Destroying: tileImprovement:4301
May 08, 2018 7:08:44 PM net.sf.freecol.common.util.LogBuilder log
INFO: Destroying: tileImprovement:4303
May 08, 2018 7:08:44 PM net.sf.freecol.common.util.LogBuilder log
INFO: Destroying: tileImprovement:4305
May 08, 2018 7:08:44 PM net.sf.freecol.common.util.LogBuilder log
INFO: Destroying: tileImprovement:4594
May 08, 2018 7:08:44 PM net.sf.freecol.common.util.LogBuilder log
INFO: Destroying: tileImprovement:4596
May 08, 2018 7:08:44 PM net.sf.freecol.common.util.LogBuilder log
INFO: Destroying: tileImprovement:4598
May 08, 2018 7:08:44 PM net.sf.freecol.common.util.LogBuilder log
INFO: Destroying: tileImprovement:4289
May 08, 2018 7:08:44 PM net.sf.freecol.common.util.LogBuilder log
INFO: Destroying: tileImprovement:4291
May 08, 2018 7:08:44 PM net.sf.freecol.common.util.LogBuilder log
INFO: Destroying: tileImprovement:4293
May 08, 2018 7:08:44 PM net.sf.freecol.common.util.LogBuilder log
INFO: Destroying: tileImprovement:4736
May 08, 2018 7:08:44 PM net.sf.freecol.common.util.LogBuilder log
INFO: Destroying: tileImprovement:4737
May 08, 2018 7:08:44 PM net.sf.freecol.common.util.LogBuilder log
INFO: Destroying: tileImprovement:4738
May 08, 2018 7:08:44 PM net.sf.freecol.common.util.LogBuilder log
INFO: Destroying: tileImprovement:4720
May 08, 2018 7:08:44 PM net.sf.freecol.common.util.LogBuilder log
INFO: Destroying: tileImprovement:4722
May 08, 2018 7:08:44 PM net.sf.freecol.common.util.LogBuilder log
INFO: Destroying: tileImprovement:4717
May 08, 2018 7:08:44 PM net.sf.freecol.common.util.LogBuilder log
INFO: Destroying: tileImprovement:4718
May 08, 2018 7:08:44 PM net.sf.freecol.common.util.LogBuilder log
INFO: Destroying: tileImprovement:4719
May 08, 2018 7:08:44 PM net.sf.freecol.common.util.LogBuilder log
INFO: Destroying: tileImprovement:4243
May 08, 2018 7:08:44 PM net.sf.freecol.common.util.LogBuilder log
INFO: Destroying: tileImprovement:4245
May 08, 2018 7:08:44 PM net.sf.freecol.common.util.LogBuilder log
INFO: Destroying: tileImprovement:4247
May 08, 2018 7:08:44 PM net.sf.freecol.common.util.LogBuilder log
INFO: Destroying: tileImprovement:4249
May 08, 2018 7:08:44 PM net.sf.freecol.common.util.LogBuilder log
INFO: Destroying: tileImprovement:4251
May 08, 2018 7:08:44 PM net.sf.freecol.common.util.LogBuilder log
INFO: Destroying: tileImprovement:4590
May 08, 2018 7:08:44 PM net.sf.freecol.common.util.LogBuilder log
INFO: Destroying: tileImprovement:4592
May 08, 2018 7:08:44 PM net.sf.freecol.server.FreeColServer readGame
INFO: Found savegame version 13
May 08, 2018 7:08:44 PM net.sf.freecol.server.FreeColServer readGame
INFO: Imported file data/maps/America_large.fsg
May 08, 2018 7:08:44 PM net.sf.freecol.server.FreeColServer readGame
INFO: Found savegame version 11
May 08, 2018 7:08:44 PM net.sf.freecol.server.FreeColServer readGame
INFO: Imported file data/maps/Australia.fsg
May 08, 2018 7:08:44 PM net.sf.freecol.server.FreeColServer readGame
INFO: Found savegame version 11
May 08, 2018 7:08:44 PM net.sf.freecol.server.FreeColServer readGame
INFO: Imported file data/maps/Africa.fsg
May 08, 2018 7:08:44 PM net.sf.freecol.server.FreeColServer readGame
INFO: Found savegame version 11
May 08, 2018 7:08:44 PM net.sf.freecol.server.FreeColServer readGame
INFO: Imported file data/maps/Caribbean_basin.fsg
May 08, 2018 7:08:44 PM net.sf.freecol.common.model.LandMap <init>
INFO: Using land generator model.option.landGeneratorType.classic
May 08, 2018 7:08:44 PM net.sf.freecol.common.util.LogBuilder log
INFO: Destroying: tileImprovement:4045
May 08, 2018 7:08:44 PM net.sf.freecol.common.util.LogBuilder log
INFO: Destroying: tileImprovement:4047
May 08, 2018 7:08:44 PM net.sf.freecol.common.util.LogBuilder log
INFO: Destroying: tileImprovement:4049
May 08, 2018 7:08:44 PM net.sf.freecol.common.util.LogBuilder log
INFO: Destroying: tileImprovement:4026
May 08, 2018 7:08:44 PM net.sf.freecol.common.util.LogBuilder log
INFO: Destroying: tileImprovement:4028
May 08, 2018 7:08:44 PM net.sf.freecol.common.util.LogBuilder log
INFO: Destroying: tileImprovement:4030
May 08, 2018 7:08:44 PM net.sf.freecol.common.util.LogBuilder log
INFO: Destroying: tileImprovement:4032
May 08, 2018 7:08:44 PM net.sf.freecol.common.util.LogBuilder log
INFO: Destroying: tileImprovement:4034
May 08, 2018 7:08:44 PM net.sf.freecol.common.util.LogBuilder log
INFO: Destroying: tileImprovement:4036
May 08, 2018 7:08:44 PM net.sf.freecol.common.util.LogBuilder log
INFO: Destroying: tileImprovement:4038
May 08, 2018 7:08:44 PM net.sf.freecol.common.util.LogBuilder log
INFO: Destroying: tileImprovement:4181
May 08, 2018 7:08:44 PM net.sf.freecol.common.util.LogBuilder log
INFO: Destroying: tileImprovement:4183
May 08, 2018 7:08:44 PM net.sf.freecol.common.util.LogBuilder log
INFO: Destroying: tileImprovement:4185
May 08, 2018 7:08:44 PM net.sf.freecol.common.util.LogBuilder log
INFO: Destroying: tileImprovement:4187
May 08, 2018 7:08:44 PM net.sf.freecol.common.util.LogBuilder log
INFO: Destroying: tileImprovement:4189
May 08, 2018 7:08:44 PM net.sf.freecol.common.util.LogBuilder log
INFO: Destroying: tileImprovement:4191
May 08, 2018 7:08:44 PM net.sf.freecol.common.util.LogBuilder log
INFO: Destroying: tileImprovement:4215
May 08, 2018 7:08:44 PM net.sf.freecol.common.util.LogBuilder log
INFO: Destroying: tileImprovement:4216
May 08, 2018 7:08:44 PM net.sf.freecol.common.util.LogBuilder log
INFO: Destroying: tileImprovement:4217
May 08, 2018 7:08:44 PM net.sf.freecol.common.util.LogBuilder log
INFO: Destroying: tileImprovement:4218
May 08, 2018 7:08:44 PM net.sf.freecol.common.util.LogBuilder log
INFO: Destroying: tileImprovement:4219
May 08, 2018 7:08:44 PM net.sf.freecol.common.util.LogBuilder log
INFO: Destroying: tileImprovement:4220
May 08, 2018 7:08:44 PM net.sf.freecol.common.util.LogBuilder log
INFO: Destroying: tileImprovement:4221
May 08, 2018 7:08:44 PM net.sf.freecol.common.util.LogBuilder log
INFO: Destroying: tileImprovement:4239
May 08, 2018 7:08:44 PM net.sf.freecol.common.util.LogBuilder log
INFO: Destroying: tileImprovement:4241
May 08, 2018 7:08:44 PM net.sf.freecol.common.util.LogBuilder log
INFO: Destroying: tileImprovement:4243
May 08, 2018 7:08:44 PM net.sf.freecol.common.util.LogBuilder log
INFO: Destroying: tileImprovement:4233
May 08, 2018 7:08:44 PM net.sf.freecol.common.util.LogBuilder log
INFO: Destroying: tileImprovement:4234
May 08, 2018 7:08:44 PM net.sf.freecol.common.util.LogBuilder log
INFO: Destroying: tileImprovement:4235
May 08, 2018 7:08:44 PM net.sf.freecol.common.util.LogBuilder log
INFO: Destroying: tileImprovement:4236
May 08, 2018 7:08:44 PM net.sf.freecol.common.util.LogBuilder log
INFO: Destroying: tileImprovement:4237
May 08, 2018 7:08:44 PM net.sf.freecol.common.util.LogBuilder log
INFO: Destroying: tileImprovement:4238
May 08, 2018 7:08:44 PM net.sf.freecol.common.util.LogBuilder log
INFO: Destroying: tileImprovement:4162
May 08, 2018 7:08:44 PM net.sf.freecol.common.util.LogBuilder log
INFO: Destroying: tileImprovement:4164
May 08, 2018 7:08:44 PM net.sf.freecol.common.util.LogBuilder log
INFO: Destroying: tileImprovement:4166
May 08, 2018 7:08:44 PM net.sf.freecol.common.util.LogBuilder log
INFO: Destroying: tileImprovement:4168
May 08, 2018 7:08:44 PM net.sf.freecol.common.util.LogBuilder log
INFO: Destroying: tileImprovement:4041
May 08, 2018 7:08:44 PM net.sf.freecol.common.util.LogBuilder log
INFO: Destroying: tileImprovement:4043
May 08, 2018 7:08:44 PM net.sf.freecol.common.util.LogBuilder log
INFO: Destroying: tileImprovement:4196
May 08, 2018 7:08:44 PM net.sf.freecol.common.util.LogBuilder log
INFO: Destroying: tileImprovement:4197
May 08, 2018 7:08:44 PM net.sf.freecol.common.util.LogBuilder log
INFO: Destroying: tileImprovement:4198
May 08, 2018 7:08:44 PM net.sf.freecol.common.util.LogBuilder log
INFO: Destroying: tileImprovement:4171
May 08, 2018 7:08:44 PM net.sf.freecol.common.util.LogBuilder log
INFO: Destroying: tileImprovement:4173
May 08, 2018 7:08:44 PM net.sf.freecol.common.util.LogBuilder log
INFO: Destroying: tileImprovement:4175
May 08, 2018 7:08:44 PM net.sf.freecol.common.util.LogBuilder log
INFO: Destroying: tileImprovement:4136
May 08, 2018 7:08:44 PM net.sf.freecol.common.util.LogBuilder log
INFO: Destroying: tileImprovement:4138
May 08, 2018 7:08:44 PM net.sf.freecol.common.util.LogBuilder log
INFO: Destroying: tileImprovement:4140
May 08, 2018 7:08:44 PM net.sf.freecol.common.util.LogBuilder log
INFO: Destroying: tileImprovement:4142
May 08, 2018 7:08:44 PM net.sf.freecol.common.util.LogBuilder log
INFO: Destroying: tileImprovement:4144
May 08, 2018 7:08:44 PM net.sf.freecol.common.util.LogBuilder log
INFO: Destroying: tileImprovement:4146
May 08, 2018 7:08:44 PM net.sf.freecol.common.util.LogBuilder log
INFO: Destroying: tileImprovement:4148
May 08, 2018 7:08:44 PM net.sf.freecol.common.util.LogBuilder log
INFO: Destroying: tileImprovement:4150
May 08, 2018 7:08:44 PM net.sf.freecol.common.util.LogBuilder log
INFO: Destroying: tileImprovement:4152
May 08, 2018 7:08:44 PM net.sf.freecol.common.util.LogBuilder log
INFO: Destroying: tileImprovement:4154
May 08, 2018 7:08:44 PM net.sf.freecol.common.util.LogBuilder log
INFO: Destroying: tileImprovement:4156
May 08, 2018 7:08:44 PM net.sf.freecol.common.util.LogBuilder log
INFO: Destroying: tileImprovement:4158
May 08, 2018 7:08:44 PM net.sf.freecol.common.util.LogBuilder log
INFO: Destroying: tileImprovement:4160
May 08, 2018 7:08:44 PM net.sf.freecol.common.util.LogBuilder log
INFO: Destroying: tileImprovement:4342
May 08, 2018 7:08:44 PM net.sf.freecol.common.util.LogBuilder log
INFO: Destroying: tileImprovement:4343
May 08, 2018 7:08:44 PM net.sf.freecol.common.util.LogBuilder log
INFO: Destroying: tileImprovement:4344
May 08, 2018 7:08:44 PM net.sf.freecol.common.util.LogBuilder log
INFO: Destroying: tileImprovement:4345
May 08, 2018 7:08:44 PM net.sf.freecol.common.util.LogBuilder log
INFO: Destroying: tileImprovement:4493
May 08, 2018 7:08:44 PM net.sf.freecol.common.util.LogBuilder log
INFO: Destroying: tileImprovement:4495
May 08, 2018 7:08:44 PM net.sf.freecol.common.util.LogBuilder log
INFO: Destroying: tileImprovement:4497
May 08, 2018 7:08:44 PM net.sf.freecol.common.util.LogBuilder log
INFO: Destroying: tileImprovement:4499
May 08, 2018 7:08:44 PM net.sf.freecol.common.util.LogBuilder log
INFO: Destroying: tileImprovement:4501
May 08, 2018 7:08:44 PM net.sf.freecol.common.util.LogBuilder log
INFO: Destroying: tileImprovement:4503
May 08, 2018 7:08:44 PM net.sf.freecol.common.util.LogBuilder log
INFO: Destroying: tileImprovement:4505
May 08, 2018 7:08:44 PM net.sf.freecol.common.util.LogBuilder log
INFO: Destroying: tileImprovement:4507
May 08, 2018 7:08:44 PM net.sf.freecol.common.util.LogBuilder log
INFO: Destroying: tileImprovement:4485
May 08, 2018 7:08:44 PM net.sf.freecol.common.util.LogBuilder log
INFO: Destroying: tileImprovement:4487
May 08, 2018 7:08:44 PM net.sf.freecol.common.util.LogBuilder log
INFO: Destroying: tileImprovement:4489
May 08, 2018 7:08:44 PM net.sf.freecol.common.util.LogBuilder log
INFO: Destroying: tileImprovement:4491
May 08, 2018 7:08:44 PM net.sf.freecol.common.util.LogBuilder log
INFO: Destroying: tileImprovement:4529
May 08, 2018 7:08:44 PM net.sf.freecol.common.util.LogBuilder log
INFO: Destroying: tileImprovement:4530
May 08, 2018 7:08:44 PM net.sf.freecol.common.util.LogBuilder log
INFO: Destroying: tileImprovement:4531
May 08, 2018 7:08:44 PM net.sf.freecol.common.util.LogBuilder log
INFO: Destroying: tileImprovement:4532
May 08, 2018 7:08:44 PM net.sf.freecol.common.util.LogBuilder log
INFO: Destroying: tileImprovement:4533
May 08, 2018 7:08:44 PM net.sf.freecol.common.util.LogBuilder log
INFO: Destroying: tileImprovement:4534
May 08, 2018 7:08:44 PM net.sf.freecol.common.util.LogBuilder log
INFO: Destroying: tileImprovement:4535
May 08, 2018 7:08:44 PM net.sf.freecol.common.util.LogBuilder log
INFO: Destroying: tileImprovement:4536
May 08, 2018 7:08:44 PM net.sf.freecol.common.util.LogBuilder log
INFO: Destroying: tileImprovement:4355
May 08, 2018 7:08:44 PM net.sf.freecol.common.util.LogBuilder log
INFO: Destroying: tileImprovement:4356
May 08, 2018 7:08:44 PM net.sf.freecol.common.util.LogBuilder log
INFO: Destroying: tileImprovement:4465
May 08, 2018 7:08:44 PM net.sf.freecol.common.util.LogBuilder log
INFO: Destroying: tileImprovement:4467
May 08, 2018 7:08:44 PM net.sf.freecol.common.util.LogBuilder log
INFO: Destroying: tileImprovement:4469
May 08, 2018 7:08:44 PM net.sf.freecol.common.util.LogBuilder log
INFO: Destroying: tileImprovement:4471
May 08, 2018 7:08:44 PM net.sf.freecol.common.util.LogBuilder log
INFO: Destroying: tileImprovement:4473
May 08, 2018 7:08:44 PM net.sf.freecol.common.util.LogBuilder log
INFO: Destroying: tileImprovement:4475
May 08, 2018 7:08:44 PM net.sf.freecol.common.util.LogBuilder log
INFO: Destroying: tileImprovement:4452
May 08, 2018 7:08:44 PM net.sf.freecol.common.util.LogBuilder log
INFO: Destroying: tileImprovement:4453
May 08, 2018 7:08:44 PM net.sf.freecol.common.util.LogBuilder log
INFO: Destroying: tileImprovement:4454
May 08, 2018 7:08:44 PM net.sf.freecol.common.util.LogBuilder log
INFO: Destroying: tileImprovement:4455
May 08, 2018 7:08:44 PM net.sf.freecol.common.util.LogBuilder log
INFO: Destroying: tileImprovement:4456
May 08, 2018 7:08:44 PM net.sf.freecol.common.util.LogBuilder log
INFO: Destroying: tileImprovement:4457
May 08, 2018 7:08:44 PM net.sf.freecol.common.util.LogBuilder log
INFO: Destroying: tileImprovement:4458
May 08, 2018 7:08:44 PM net.sf.freecol.common.util.LogBuilder log
INFO: Destroying: tileImprovement:4459
May 08, 2018 7:08:44 PM net.sf.freecol.common.util.LogBuilder log
INFO: Destroying: tileImprovement:4460
May 08, 2018 7:08:44 PM net.sf.freecol.common.util.LogBuilder log
INFO: Destroying: tileImprovement:4461
May 08, 2018 7:08:44 PM net.sf.freecol.common.util.LogBuilder log
INFO: Destroying: tileImprovement:4462
May 08, 2018 7:08:44 PM net.sf.freecol.common.util.LogBuilder log
INFO: Destroying: tileImprovement:4463
May 08, 2018 7:08:44 PM net.sf.freecol.common.util.LogBuilder log
INFO: Destroying: tileImprovement:4464
May 08, 2018 7:08:44 PM net.sf.freecol.common.util.LogBuilder log
INFO: Destroying: tileImprovement:4280
May 08, 2018 7:08:44 PM net.sf.freecol.common.util.LogBuilder log
INFO: Destroying: tileImprovement:4282
May 08, 2018 7:08:44 PM net.sf.freecol.common.util.LogBuilder log
INFO: Destroying: tileImprovement:4284
May 08, 2018 7:08:44 PM net.sf.freecol.common.util.LogBuilder log
INFO: Destroying: tileImprovement:4573
May 08, 2018 7:08:44 PM net.sf.freecol.common.util.LogBuilder log
INFO: Destroying: tileImprovement:4575
May 08, 2018 7:08:44 PM net.sf.freecol.common.util.LogBuilder log
INFO: Destroying: tileImprovement:4577
May 08, 2018 7:08:44 PM net.sf.freecol.common.util.LogBuilder log
INFO: Destroying: tileImprovement:4268
May 08, 2018 7:08:44 PM net.sf.freecol.common.util.LogBuilder log
INFO: Destroying: tileImprovement:4270
May 08, 2018 7:08:44 PM net.sf.freecol.common.util.LogBuilder log
INFO: Destroying: tileImprovement:4272
May 08, 2018 7:08:44 PM net.sf.freecol.common.util.LogBuilder log
INFO: Destroying: tileImprovement:4715
May 08, 2018 7:08:44 PM net.sf.freecol.common.util.LogBuilder log
INFO: Destroying: tileImprovement:4716
May 08, 2018 7:08:44 PM net.sf.freecol.common.util.LogBuilder log
INFO: Destroying: tileImprovement:4717
May 08, 2018 7:08:44 PM net.sf.freecol.common.util.LogBuilder log
INFO: Destroying: tileImprovement:4699
May 08, 2018 7:08:44 PM net.sf.freecol.common.util.LogBuilder log
INFO: Destroying: tileImprovement:4701
May 08, 2018 7:08:44 PM net.sf.freecol.common.util.LogBuilder log
INFO: Destroying: tileImprovement:4696
May 08, 2018 7:08:44 PM net.sf.freecol.common.util.LogBuilder log
INFO: Destroying: tileImprovement:4697
May 08, 2018 7:08:44 PM net.sf.freecol.common.util.LogBuilder log
INFO: Destroying: tileImprovement:4698
May 08, 2018 7:08:44 PM net.sf.freecol.common.util.LogBuilder log
INFO: Destroying: tileImprovement:4222
May 08, 2018 7:08:44 PM net.sf.freecol.common.util.LogBuilder log
INFO: Destroying: tileImprovement:4224
May 08, 2018 7:08:44 PM net.sf.freecol.common.util.LogBuilder log
INFO: Destroying: tileImprovement:4226
May 08, 2018 7:08:44 PM net.sf.freecol.common.util.LogBuilder log
INFO: Destroying: tileImprovement:4228
May 08, 2018 7:08:44 PM net.sf.freecol.common.util.LogBuilder log
INFO: Destroying: tileImprovement:4230
May 08, 2018 7:08:44 PM net.sf.freecol.common.util.LogBuilder log
INFO: Destroying: tileImprovement:4569
May 08, 2018 7:08:44 PM net.sf.freecol.common.util.LogBuilder log
INFO: Destroying: tileImprovement:4571
May 08, 2018 7:08:44 PM net.sf.freecol.common.model.Game addPlayer
WARNING: Game already full, but tried to add: Dom Manuel I
May 08, 2018 7:08:44 PM net.sf.freecol.common.model.Game addPlayer
WARNING: Game already full, but tried to add: Charles XI
May 08, 2018 7:08:44 PM net.sf.freecol.common.model.Game addPlayer
WARNING: Game already full, but tried to add: Frederick II
May 08, 2018 7:08:44 PM net.sf.freecol.common.model.Game addPlayer
WARNING: Game already full, but tried to add: Peter I
May 08, 2018 7:08:44 PM net.sf.freecol.common.model.LandMap <init>
INFO: Using land generator model.option.landGeneratorType.classic
May 08, 2018 7:08:44 PM net.sf.freecol.common.util.LogBuilder log
INFO: Destroying: tileImprovement:4213
May 08, 2018 7:08:44 PM net.sf.freecol.common.util.LogBuilder log
INFO: Destroying: tileImprovement:4215
May 08, 2018 7:08:44 PM net.sf.freecol.common.util.LogBuilder log
INFO: Destroying: tileImprovement:4217
May 08, 2018 7:08:44 PM net.sf.freecol.common.util.LogBuilder log
INFO: Destroying: tileImprovement:4194
May 08, 2018 7:08:44 PM net.sf.freecol.common.util.LogBuilder log
INFO: Destroying: tileImprovement:4196
May 08, 2018 7:08:44 PM net.sf.freecol.common.util.LogBuilder log
INFO: Destroying: tileImprovement:4198
May 08, 2018 7:08:44 PM net.sf.freecol.common.util.LogBuilder log
INFO: Destroying: tileImprovement:4200
May 08, 2018 7:08:44 PM net.sf.freecol.common.util.LogBuilder log
INFO: Destroying: tileImprovement:4202
May 08, 2018 7:08:44 PM net.sf.freecol.common.util.LogBuilder log
INFO: Destroying: tileImprovement:4204
May 08, 2018 7:08:44 PM net.sf.freecol.common.util.LogBuilder log
INFO: Destroying: tileImprovement:4206
May 08, 2018 7:08:44 PM net.sf.freecol.common.util.LogBuilder log
INFO: Destroying: tileImprovement:4349
May 08, 2018 7:08:44 PM net.sf.freecol.common.util.LogBuilder log
INFO: Destroying: tileImprovement:4351
May 08, 2018 7:08:44 PM net.sf.freecol.common.util.LogBuilder log
INFO: Destroying: tileImprovement:4353
May 08, 2018 7:08:44 PM net.sf.freecol.common.util.LogBuilder log
INFO: Destroying: tileImprovement:4355
May 08, 2018 7:08:44 PM net.sf.freecol.common.util.LogBuilder log
INFO: Destroying: tileImprovement:4357
May 08, 2018 7:08:44 PM net.sf.freecol.common.util.LogBuilder log
INFO: Destroying: tileImprovement:4359
May 08, 2018 7:08:44 PM net.sf.freecol.common.util.LogBuilder log
INFO: Destroying: tileImprovement:4383
May 08, 2018 7:08:44 PM net.sf.freecol.common.util.LogBuilder log
INFO: Destroying: tileImprovement:4384
May 08, 2018 7:08:44 PM net.sf.freecol.common.util.LogBuilder log
INFO: Destroying: tileImprovement:4385
May 08, 2018 7:08:44 PM net.sf.freecol.common.util.LogBuilder log
INFO: Destroying: tileImprovement:4386
May 08, 2018 7:08:44 PM net.sf.freecol.common.util.LogBuilder log
INFO: Destroying: tileImprovement:4387
May 08, 2018 7:08:44 PM net.sf.freecol.common.util.LogBuilder log
INFO: Destroying: tileImprovement:4388
May 08, 2018 7:08:44 PM net.sf.freecol.common.util.LogBuilder log
INFO: Destroying: tileImprovement:4389
May 08, 2018 7:08:44 PM net.sf.freecol.common.util.LogBuilder log
INFO: Destroying: tileImprovement:4407
May 08, 2018 7:08:44 PM net.sf.freecol.common.util.LogBuilder log
INFO: Destroying: tileImprovement:4409
May 08, 2018 7:08:44 PM net.sf.freecol.common.util.LogBuilder log
INFO: Destroying: tileImprovement:4411
May 08, 2018 7:08:44 PM net.sf.freecol.common.util.LogBuilder log
INFO: Destroying: tileImprovement:4401
May 08, 2018 7:08:44 PM net.sf.freecol.common.util.LogBuilder log
INFO: Destroying: tileImprovement:4402
May 08, 2018 7:08:44 PM net.sf.freecol.common.util.LogBuilder log
INFO: Destroying: tileImprovement:4403
May 08, 2018 7:08:44 PM net.sf.freecol.common.util.LogBuilder log
INFO: Destroying: tileImprovement:4404
May 08, 2018 7:08:44 PM net.sf.freecol.common.util.LogBuilder log
INFO: Destroying: tileImprovement:4405
May 08, 2018 7:08:44 PM net.sf.freecol.common.util.LogBuilder log
INFO: Destroying: tileImprovement:4406
May 08, 2018 7:08:44 PM net.sf.freecol.common.util.LogBuilder log
INFO: Destroying: tileImprovement:4330
May 08, 2018 7:08:44 PM net.sf.freecol.common.util.LogBuilder log
INFO: Destroying: tileImprovement:4332
May 08, 2018 7:08:44 PM net.sf.freecol.common.util.LogBuilder log
INFO: Destroying: tileImprovement:4334
May 08, 2018 7:08:44 PM net.sf.freecol.common.util.LogBuilder log
INFO: Destroying: tileImprovement:4336
May 08, 2018 7:08:44 PM net.sf.freecol.common.util.LogBuilder log
INFO: Destroying: tileImprovement:4209
May 08, 2018 7:08:44 PM net.sf.freecol.common.util.LogBuilder log
INFO: Destroying: tileImprovement:4211
May 08, 2018 7:08:44 PM net.sf.freecol.common.util.LogBuilder log
INFO: Destroying: tileImprovement:4364
May 08, 2018 7:08:44 PM net.sf.freecol.common.util.LogBuilder log
INFO: Destroying: tileImprovement:4365
May 08, 2018 7:08:44 PM net.sf.freecol.common.util.LogBuilder log
INFO: Destroying: tileImprovement:4366
May 08, 2018 7:08:44 PM net.sf.freecol.common.util.LogBuilder log
INFO: Destroying: tileImprovement:4339
May 08, 2018 7:08:44 PM net.sf.freecol.common.util.LogBuilder log
INFO: Destroying: tileImprovement:4341
May 08, 2018 7:08:44 PM net.sf.freecol.common.util.LogBuilder log
INFO: Destroying: tileImprovement:4343
May 08, 2018 7:08:44 PM net.sf.freecol.common.util.LogBuilder log
INFO: Destroying: tileImprovement:4304
May 08, 2018 7:08:44 PM net.sf.freecol.common.util.LogBuilder log
INFO: Destroying: tileImprovement:4306
May 08, 2018 7:08:44 PM net.sf.freecol.common.util.LogBuilder log
INFO: Destroying: tileImprovement:4308
May 08, 2018 7:08:44 PM net.sf.freecol.common.util.LogBuilder log
INFO: Destroying: tileImprovement:4310
May 08, 2018 7:08:44 PM net.sf.freecol.common.util.LogBuilder log
INFO: Destroying: tileImprovement:4312
May 08, 2018 7:08:44 PM net.sf.freecol.common.util.LogBuilder log
INFO: Destroying: tileImprovement:4314
May 08, 2018 7:08:44 PM net.sf.freecol.common.util.LogBuilder log
INFO: Destroying: tileImprovement:4316
May 08, 2018 7:08:44 PM net.sf.freecol.common.util.LogBuilder log
INFO: Destroying: tileImprovement:4318
May 08, 2018 7:08:44 PM net.sf.freecol.common.util.LogBuilder log
INFO: Destroying: tileImprovement:4320
May 08, 2018 7:08:44 PM net.sf.freecol.common.util.LogBuilder log
INFO: Destroying: tileImprovement:4322
May 08, 2018 7:08:44 PM net.sf.freecol.common.util.LogBuilder log
INFO: Destroying: tileImprovement:4324
May 08, 2018 7:08:44 PM net.sf.freecol.common.util.LogBuilder log
INFO: Destroying: tileImprovement:4326
May 08, 2018 7:08:44 PM net.sf.freecol.common.util.LogBuilder log
INFO: Destroying: tileImprovement:4328
May 08, 2018 7:08:44 PM net.sf.freecol.common.util.LogBuilder log
INFO: Destroying: tileImprovement:4510
May 08, 2018 7:08:44 PM net.sf.freecol.common.util.LogBuilder log
INFO: Destroying: tileImprovement:4511
May 08, 2018 7:08:44 PM net.sf.freecol.common.util.LogBuilder log
INFO: Destroying: tileImprovement:4512
May 08, 2018 7:08:44 PM net.sf.freecol.common.util.LogBuilder log
INFO: Destroying: tileImprovement:4513
May 08, 2018 7:08:44 PM net.sf.freecol.common.util.LogBuilder log
INFO: Destroying: tileImprovement:4661
May 08, 2018 7:08:44 PM net.sf.freecol.common.util.LogBuilder log
INFO: Destroying: tileImprovement:4663
May 08, 2018 7:08:44 PM net.sf.freecol.common.util.LogBuilder log
INFO: Destroying: tileImprovement:4665
May 08, 2018 7:08:44 PM net.sf.freecol.common.util.LogBuilder log
INFO: Destroying: tileImprovement:4667
May 08, 2018 7:08:44 PM net.sf.freecol.common.util.LogBuilder log
INFO: Destroying: tileImprovement:4669
May 08, 2018 7:08:44 PM net.sf.freecol.common.util.LogBuilder log
INFO: Destroying: tileImprovement:4671
May 08, 2018 7:08:44 PM net.sf.freecol.common.util.LogBuilder log
INFO: Destroying: tileImprovement:4673
May 08, 2018 7:08:44 PM net.sf.freecol.common.util.LogBuilder log
INFO: Destroying: tileImprovement:4675
May 08, 2018 7:08:44 PM net.sf.freecol.common.util.LogBuilder log
INFO: Destroying: tileImprovement:4653
May 08, 2018 7:08:44 PM net.sf.freecol.common.util.LogBuilder log
INFO: Destroying: tileImprovement:4655
May 08, 2018 7:08:44 PM net.sf.freecol.common.util.LogBuilder log
INFO: Destroying: tileImprovement:4657
May 08, 2018 7:08:44 PM net.sf.freecol.common.util.LogBuilder log
INFO: Destroying: tileImprovement:4659
May 08, 2018 7:08:44 PM net.sf.freecol.common.util.LogBuilder log
INFO: Destroying: tileImprovement:4697
May 08, 2018 7:08:44 PM net.sf.freecol.common.util.LogBuilder log
INFO: Destroying: tileImprovement:4698
May 08, 2018 7:08:44 PM net.sf.freecol.common.util.LogBuilder log
INFO: Destroying: tileImprovement:4699
May 08, 2018 7:08:44 PM net.sf.freecol.common.util.LogBuilder log
INFO: Destroying: tileImprovement:4700
May 08, 2018 7:08:44 PM net.sf.freecol.common.util.LogBuilder log
INFO: Destroying: tileImprovement:4701
May 08, 2018 7:08:44 PM net.sf.freecol.common.util.LogBuilder log
INFO: Destroying: tileImprovement:4702
May 08, 2018 7:08:44 PM net.sf.freecol.common.util.LogBuilder log
INFO: Destroying: tileImprovement:4703
May 08, 2018 7:08:44 PM net.sf.freecol.common.util.LogBuilder log
INFO: Destroying: tileImprovement:4704
May 08, 2018 7:08:44 PM net.sf.freecol.common.util.LogBuilder log
INFO: Destroying: tileImprovement:4523
May 08, 2018 7:08:44 PM net.sf.freecol.common.util.LogBuilder log
INFO: Destroying: tileImprovement:4524
May 08, 2018 7:08:44 PM net.sf.freecol.common.util.LogBuilder log
INFO: Destroying: tileImprovement:4633
May 08, 2018 7:08:44 PM net.sf.freecol.common.util.LogBuilder log
INFO: Destroying: tileImprovement:4635
May 08, 2018 7:08:44 PM net.sf.freecol.common.util.LogBuilder log
INFO: Destroying: tileImprovement:4637
May 08, 2018 7:08:44 PM net.sf.freecol.common.util.LogBuilder log
INFO: Destroying: tileImprovement:4639
May 08, 2018 7:08:44 PM net.sf.freecol.common.util.LogBuilder log
INFO: Destroying: tileImprovement:4641
May 08, 2018 7:08:44 PM net.sf.freecol.common.util.LogBuilder log
INFO: Destroying: tileImprovement:4643
May 08, 2018 7:08:44 PM net.sf.freecol.common.util.LogBuilder log
INFO: Destroying: tileImprovement:4620
May 08, 2018 7:08:44 PM net.sf.freecol.common.util.LogBuilder log
INFO: Destroying: tileImprovement:4621
May 08, 2018 7:08:44 PM net.sf.freecol.common.util.LogBuilder log
INFO: Destroying: tileImprovement:4622
May 08, 2018 7:08:44 PM net.sf.freecol.common.util.LogBuilder log
INFO: Destroying: tileImprovement:4623
May 08, 2018 7:08:44 PM net.sf.freecol.common.util.LogBuilder log
INFO: Destroying: tileImprovement:4624
May 08, 2018 7:08:44 PM net.sf.freecol.common.util.LogBuilder log
INFO: Destroying: tileImprovement:4625
May 08, 2018 7:08:44 PM net.sf.freecol.common.util.LogBuilder log
INFO: Destroying: tileImprovement:4626
May 08, 2018 7:08:44 PM net.sf.freecol.common.util.LogBuilder log
INFO: Destroying: tileImprovement:4627
May 08, 2018 7:08:44 PM net.sf.freecol.common.util.LogBuilder log
INFO: Destroying: tileImprovement:4628
May 08, 2018 7:08:44 PM net.sf.freecol.common.util.LogBuilder log
INFO: Destroying: tileImprovement:4629
May 08, 2018 7:08:44 PM net.sf.freecol.common.util.LogBuilder log
INFO: Destroying: tileImprovement:4630
May 08, 2018 7:08:44 PM net.sf.freecol.common.util.LogBuilder log
INFO: Destroying: tileImprovement:4631
May 08, 2018 7:08:44 PM net.sf.freecol.common.util.LogBuilder log
INFO: Destroying: tileImprovement:4632
May 08, 2018 7:08:44 PM net.sf.freecol.common.util.LogBuilder log
INFO: Destroying: tileImprovement:4448
May 08, 2018 7:08:44 PM net.sf.freecol.common.util.LogBuilder log
INFO: Destroying: tileImprovement:4450
May 08, 2018 7:08:44 PM net.sf.freecol.common.util.LogBuilder log
INFO: Destroying: tileImprovement:4452
May 08, 2018 7:08:44 PM net.sf.freecol.common.util.LogBuilder log
INFO: Destroying: tileImprovement:4741
May 08, 2018 7:08:44 PM net.sf.freecol.common.util.LogBuilder log
INFO: Destroying: tileImprovement:4743
May 08, 2018 7:08:44 PM net.sf.freecol.common.util.LogBuilder log
INFO: Destroying: tileImprovement:4745
May 08, 2018 7:08:44 PM net.sf.freecol.common.util.LogBuilder log
INFO: Destroying: tileImprovement:4436
May 08, 2018 7:08:44 PM net.sf.freecol.common.util.LogBuilder log
INFO: Destroying: tileImprovement:4438
May 08, 2018 7:08:44 PM net.sf.freecol.common.util.LogBuilder log
INFO: Destroying: tileImprovement:4440
May 08, 2018 7:08:44 PM net.sf.freecol.common.util.LogBuilder log
INFO: Destroying: tileImprovement:4883
May 08, 2018 7:08:44 PM net.sf.freecol.common.util.LogBuilder log
INFO: Destroying: tileImprovement:4884
May 08, 2018 7:08:44 PM net.sf.freecol.common.util.LogBuilder log
INFO: Destroying: tileImprovement:4885
May 08, 2018 7:08:44 PM net.sf.freecol.common.util.LogBuilder log
INFO: Destroying: tileImprovement:4867
May 08, 2018 7:08:44 PM net.sf.freecol.common.util.LogBuilder log
INFO: Destroying: tileImprovement:4869
May 08, 2018 7:08:44 PM net.sf.freecol.common.util.LogBuilder log
INFO: Destroying: tileImprovement:4864
May 08, 2018 7:08:44 PM net.sf.freecol.common.util.LogBuilder log
INFO: Destroying: tileImprovement:4865
May 08, 2018 7:08:44 PM net.sf.freecol.common.util.LogBuilder log
INFO: Destroying: tileImprovement:4866
May 08, 2018 7:08:44 PM net.sf.freecol.common.util.LogBuilder log
INFO: Destroying: tileImprovement:4390
May 08, 2018 7:08:44 PM net.sf.freecol.common.util.LogBuilder log
INFO: Destroying: tileImprovement:4392
May 08, 2018 7:08:44 PM net.sf.freecol.common.util.LogBuilder log
INFO: Destroying: tileImprovement:4394
May 08, 2018 7:08:44 PM net.sf.freecol.common.util.LogBuilder log
INFO: Destroying: tileImprovement:4396
May 08, 2018 7:08:44 PM net.sf.freecol.common.util.LogBuilder log
INFO: Destroying: tileImprovement:4398
May 08, 2018 7:08:44 PM net.sf.freecol.common.util.LogBuilder log
INFO: Destroying: tileImprovement:4737
May 08, 2018 7:08:44 PM net.sf.freecol.common.util.LogBuilder log
INFO: Destroying: tileImprovement:4739
May 08, 2018 7:08:44 PM net.sf.freecol.common.model.Game addPlayer
WARNING: Game already full, but tried to add: Dom Manuel I
May 08, 2018 7:08:44 PM net.sf.freecol.common.model.Game addPlayer
WARNING: Game already full, but tried to add: Charles XI
May 08, 2018 7:08:44 PM net.sf.freecol.common.model.Game addPlayer
WARNING: Game already full, but tried to add: Frederick II
May 08, 2018 7:08:44 PM net.sf.freecol.common.model.Game addPlayer
WARNING: Game already full, but tried to add: Peter I
May 08, 2018 7:08:44 PM net.sf.freecol.common.model.LandMap <init>
INFO: Using land generator model.option.landGeneratorType.classic
May 08, 2018 7:08:44 PM net.sf.freecol.common.util.LogBuilder log
INFO: Destroying: tileImprovement:4517
May 08, 2018 7:08:44 PM net.sf.freecol.common.util.LogBuilder log
INFO: Destroying: tileImprovement:4519
May 08, 2018 7:08:44 PM net.sf.freecol.common.util.LogBuilder log
INFO: Destroying: tileImprovement:4521
May 08, 2018 7:08:44 PM net.sf.freecol.common.util.LogBuilder log
INFO: Destroying: tileImprovement:4498
May 08, 2018 7:08:44 PM net.sf.freecol.common.util.LogBuilder log
INFO: Destroying: tileImprovement:4500
May 08, 2018 7:08:44 PM net.sf.freecol.common.util.LogBuilder log
INFO: Destroying: tileImprovement:4502
May 08, 2018 7:08:44 PM net.sf.freecol.common.util.LogBuilder log
INFO: Destroying: tileImprovement:4504
May 08, 2018 7:08:44 PM net.sf.freecol.common.util.LogBuilder log
INFO: Destroying: tileImprovement:4506
May 08, 2018 7:08:44 PM net.sf.freecol.common.util.LogBuilder log
INFO: Destroying: tileImprovement:4508
May 08, 2018 7:08:44 PM net.sf.freecol.common.util.LogBuilder log
INFO: Destroying: tileImprovement:4510
May 08, 2018 7:08:44 PM net.sf.freecol.common.util.LogBuilder log
INFO: Destroying: tileImprovement:4653
May 08, 2018 7:08:44 PM net.sf.freecol.common.util.LogBuilder log
INFO: Destroying: tileImprovement:4655
May 08, 2018 7:08:44 PM net.sf.freecol.common.util.LogBuilder log
INFO: Destroying: tileImprovement:4657
May 08, 2018 7:08:44 PM net.sf.freecol.common.util.LogBuilder log
INFO: Destroying: tileImprovement:4659
May 08, 2018 7:08:44 PM net.sf.freecol.common.util.LogBuilder log
INFO: Destroying: tileImprovement:4661
May 08, 2018 7:08:44 PM net.sf.freecol.common.util.LogBuilder log
INFO: Destroying: tileImprovement:4663
May 08, 2018 7:08:44 PM net.sf.freecol.common.util.LogBuilder log
INFO: Destroying: tileImprovement:4687
May 08, 2018 7:08:44 PM net.sf.freecol.common.util.LogBuilder log
INFO: Destroying: tileImprovement:4688
May 08, 2018 7:08:44 PM net.sf.freecol.common.util.LogBuilder log
INFO: Destroying: tileImprovement:4689
May 08, 2018 7:08:44 PM net.sf.freecol.common.util.LogBuilder log
INFO: Destroying: tileImprovement:4690
May 08, 2018 7:08:44 PM net.sf.freecol.common.util.LogBuilder log
INFO: Destroying: tileImprovement:4691
May 08, 2018 7:08:44 PM net.sf.freecol.common.util.LogBuilder log
INFO: Destroying: tileImprovement:4692
May 08, 2018 7:08:44 PM net.sf.freecol.common.util.LogBuilder log
INFO: Destroying: tileImprovement:4693
May 08, 2018 7:08:44 PM net.sf.freecol.common.util.LogBuilder log
INFO: Destroying: tileImprovement:4711
May 08, 2018 7:08:44 PM net.sf.freecol.common.util.LogBuilder log
INFO: Destroying: tileImprovement:4713
May 08, 2018 7:08:44 PM net.sf.freecol.common.util.LogBuilder log
INFO: Destroying: tileImprovement:4715
May 08, 2018 7:08:44 PM net.sf.freecol.common.util.LogBuilder log
INFO: Destroying: tileImprovement:4705
May 08, 2018 7:08:44 PM net.sf.freecol.common.util.LogBuilder log
INFO: Destroying: tileImprovement:4706
May 08, 2018 7:08:44 PM net.sf.freecol.common.util.LogBuilder log
INFO: Destroying: tileImprovement:4707
May 08, 2018 7:08:44 PM net.sf.freecol.common.util.LogBuilder log
INFO: Destroying: tileImprovement:4708
May 08, 2018 7:08:44 PM net.sf.freecol.common.util.LogBuilder log
INFO: Destroying: tileImprovement:4709
May 08, 2018 7:08:44 PM net.sf.freecol.common.util.LogBuilder log
INFO: Destroying: tileImprovement:4710
May 08, 2018 7:08:44 PM net.sf.freecol.common.util.LogBuilder log
INFO: Destroying: tileImprovement:4634
May 08, 2018 7:08:44 PM net.sf.freecol.common.util.LogBuilder log
INFO: Destroying: tileImprovement:4636
May 08, 2018 7:08:44 PM net.sf.freecol.common.util.LogBuilder log
INFO: Destroying: tileImprovement:4638
May 08, 2018 7:08:44 PM net.sf.freecol.common.util.LogBuilder log
INFO: Destroying: tileImprovement:4640
May 08, 2018 7:08:44 PM net.sf.freecol.common.util.LogBuilder log
INFO: Destroying: tileImprovement:4513
May 08, 2018 7:08:44 PM net.sf.freecol.common.util.LogBuilder log
INFO: Destroying: tileImprovement:4515
May 08, 2018 7:08:44 PM net.sf.freecol.common.util.LogBuilder log
INFO: Destroying: tileImprovement:4668
May 08, 2018 7:08:44 PM net.sf.freecol.common.util.LogBuilder log
INFO: Destroying: tileImprovement:4669
May 08, 2018 7:08:44 PM net.sf.freecol.common.util.LogBuilder log
INFO: Destroying: tileImprovement:4670
May 08, 2018 7:08:44 PM net.sf.freecol.common.util.LogBuilder log
INFO: Destroying: tileImprovement:4643
May 08, 2018 7:08:44 PM net.sf.freecol.common.util.LogBuilder log
INFO: Destroying: tileImprovement:4645
May 08, 2018 7:08:44 PM net.sf.freecol.common.util.LogBuilder log
INFO: Destroying: tileImprovement:4647
May 08, 2018 7:08:44 PM net.sf.freecol.common.util.LogBuilder log
INFO: Destroying: tileImprovement:4608
May 08, 2018 7:08:44 PM net.sf.freecol.common.util.LogBuilder log
INFO: Destroying: tileImprovement:4610
May 08, 2018 7:08:44 PM net.sf.freecol.common.util.LogBuilder log
INFO: Destroying: tileImprovement:4612
May 08, 2018 7:08:44 PM net.sf.freecol.common.util.LogBuilder log
INFO: Destroying: tileImprovement:4614
May 08, 2018 7:08:44 PM net.sf.freecol.common.util.LogBuilder log
INFO: Destroying: tileImprovement:4616
May 08, 2018 7:08:44 PM net.sf.freecol.common.util.LogBuilder log
INFO: Destroying: tileImprovement:4618
May 08, 2018 7:08:44 PM net.sf.freecol.common.util.LogBuilder log
INFO: Destroying: tileImprovement:4620
May 08, 2018 7:08:44 PM net.sf.freecol.common.util.LogBuilder log
INFO: Destroying: tileImprovement:4622
May 08, 2018 7:08:44 PM net.sf.freecol.common.util.LogBuilder log
INFO: Destroying: tileImprovement:4624
May 08, 2018 7:08:44 PM net.sf.freecol.common.util.LogBuilder log
INFO: Destroying: tileImprovement:4626
May 08, 2018 7:08:44 PM net.sf.freecol.common.util.LogBuilder log
INFO: Destroying: tileImprovement:4628
May 08, 2018 7:08:44 PM net.sf.freecol.common.util.LogBuilder log
INFO: Destroying: tileImprovement:4630
May 08, 2018 7:08:44 PM net.sf.freecol.common.util.LogBuilder log
INFO: Destroying: tileImprovement:4632
May 08, 2018 7:08:44 PM net.sf.freecol.common.util.LogBuilder log
INFO: Destroying: tileImprovement:4814
May 08, 2018 7:08:44 PM net.sf.freecol.common.util.LogBuilder log
INFO: Destroying: tileImprovement:4815
May 08, 2018 7:08:44 PM net.sf.freecol.common.util.LogBuilder log
INFO: Destroying: tileImprovement:4816
May 08, 2018 7:08:44 PM net.sf.freecol.common.util.LogBuilder log
INFO: Destroying: tileImprovement:4817
May 08, 2018 7:08:44 PM net.sf.freecol.common.util.LogBuilder log
INFO: Destroying: tileImprovement:4965
May 08, 2018 7:08:44 PM net.sf.freecol.common.util.LogBuilder log
INFO: Destroying: tileImprovement:4967
May 08, 2018 7:08:44 PM net.sf.freecol.common.util.LogBuilder log
INFO: Destroying: tileImprovement:4969
May 08, 2018 7:08:44 PM net.sf.freecol.common.util.LogBuilder log
INFO: Destroying: tileImprovement:4971
May 08, 2018 7:08:44 PM net.sf.freecol.common.util.LogBuilder log
INFO: Destroying: tileImprovement:4973
May 08, 2018 7:08:44 PM net.sf.freecol.common.util.LogBuilder log
INFO: Destroying: tileImprovement:4975
May 08, 2018 7:08:44 PM net.sf.freecol.common.util.LogBuilder log
INFO: Destroying: tileImprovement:4977
May 08, 2018 7:08:44 PM net.sf.freecol.common.util.LogBuilder log
INFO: Destroying: tileImprovement:4979
May 08, 2018 7:08:44 PM net.sf.freecol.common.util.LogBuilder log
INFO: Destroying: tileImprovement:4957
May 08, 2018 7:08:44 PM net.sf.freecol.common.util.LogBuilder log
INFO: Destroying: tileImprovement:4959
May 08, 2018 7:08:44 PM net.sf.freecol.common.util.LogBuilder log
INFO: Destroying: tileImprovement:4961
May 08, 2018 7:08:44 PM net.sf.freecol.common.util.LogBuilder log
INFO: Destroying: tileImprovement:4963
May 08, 2018 7:08:44 PM net.sf.freecol.common.util.LogBuilder log
INFO: Destroying: tileImprovement:5001
May 08, 2018 7:08:44 PM net.sf.freecol.common.util.LogBuilder log
INFO: Destroying: tileImprovement:5002
May 08, 2018 7:08:44 PM net.sf.freecol.common.util.LogBuilder log
INFO: Destroying: tileImprovement:5003
May 08, 2018 7:08:44 PM net.sf.freecol.common.util.LogBuilder log
INFO: Destroying: tileImprovement:5004
May 08, 2018 7:08:44 PM net.sf.freecol.common.util.LogBuilder log
INFO: Destroying: tileImprovement:5005
May 08, 2018 7:08:44 PM net.sf.freecol.common.util.LogBuilder log
INFO: Destroying: tileImprovement:5006
May 08, 2018 7:08:44 PM net.sf.freecol.common.util.LogBuilder log
INFO: Destroying: tileImprovement:5007
May 08, 2018 7:08:44 PM net.sf.freecol.common.util.LogBuilder log
INFO: Destroying: tileImprovement:5008
May 08, 2018 7:08:44 PM net.sf.freecol.common.util.LogBuilder log
INFO: Destroying: tileImprovement:4827
May 08, 2018 7:08:44 PM net.sf.freecol.common.util.LogBuilder log
INFO: Destroying: tileImprovement:4828
May 08, 2018 7:08:44 PM net.sf.freecol.common.util.LogBuilder log
INFO: Destroying: tileImprovement:4937
May 08, 2018 7:08:44 PM net.sf.freecol.common.util.LogBuilder log
INFO: Destroying: tileImprovement:4939
May 08, 2018 7:08:44 PM net.sf.freecol.common.util.LogBuilder log
INFO: Destroying: tileImprovement:4941
May 08, 2018 7:08:44 PM net.sf.freecol.common.util.LogBuilder log
INFO: Destroying: tileImprovement:4943
May 08, 2018 7:08:44 PM net.sf.freecol.common.util.LogBuilder log
INFO: Destroying: tileImprovement:4945
May 08, 2018 7:08:44 PM net.sf.freecol.common.util.LogBuilder log
INFO: Destroying: tileImprovement:4947
May 08, 2018 7:08:44 PM net.sf.freecol.common.util.LogBuilder log
INFO: Destroying: tileImprovement:4924
May 08, 2018 7:08:44 PM net.sf.freecol.common.util.LogBuilder log
INFO: Destroying: tileImprovement:4925
May 08, 2018 7:08:44 PM net.sf.freecol.common.util.LogBuilder log
INFO: Destroying: tileImprovement:4926
May 08, 2018 7:08:44 PM net.sf.freecol.common.util.LogBuilder log
INFO: Destroying: tileImprovement:4927
May 08, 2018 7:08:44 PM net.sf.freecol.common.util.LogBuilder log
INFO: Destroying: tileImprovement:4928
May 08, 2018 7:08:44 PM net.sf.freecol.common.util.LogBuilder log
INFO: Destroying: tileImprovement:4929
May 08, 2018 7:08:44 PM net.sf.freecol.common.util.LogBuilder log
INFO: Destroying: tileImprovement:4930
May 08, 2018 7:08:44 PM net.sf.freecol.common.util.LogBuilder log
INFO: Destroying: tileImprovement:4931
May 08, 2018 7:08:44 PM net.sf.freecol.common.util.LogBuilder log
INFO: Destroying: tileImprovement:4932
May 08, 2018 7:08:44 PM net.sf.freecol.common.util.LogBuilder log
INFO: Destroying: tileImprovement:4933
May 08, 2018 7:08:44 PM net.sf.freecol.common.util.LogBuilder log
INFO: Destroying: tileImprovement:4934
May 08, 2018 7:08:44 PM net.sf.freecol.common.util.LogBuilder log
INFO: Destroying: tileImprovement:4935
May 08, 2018 7:08:44 PM net.sf.freecol.common.util.LogBuilder log
INFO: Destroying: tileImprovement:4936
May 08, 2018 7:08:44 PM net.sf.freecol.common.util.LogBuilder log
INFO: Destroying: tileImprovement:4752
May 08, 2018 7:08:44 PM net.sf.freecol.common.util.LogBuilder log
INFO: Destroying: tileImprovement:4754
May 08, 2018 7:08:44 PM net.sf.freecol.common.util.LogBuilder log
INFO: Destroying: tileImprovement:4756
May 08, 2018 7:08:44 PM net.sf.freecol.common.util.LogBuilder log
INFO: Destroying: tileImprovement:5045
May 08, 2018 7:08:44 PM net.sf.freecol.common.util.LogBuilder log
INFO: Destroying: tileImprovement:5047
May 08, 2018 7:08:44 PM net.sf.freecol.common.util.LogBuilder log
INFO: Destroying: tileImprovement:5049
May 08, 2018 7:08:44 PM net.sf.freecol.common.util.LogBuilder log
INFO: Destroying: tileImprovement:4740
May 08, 2018 7:08:44 PM net.sf.freecol.common.util.LogBuilder log
INFO: Destroying: tileImprovement:4742
May 08, 2018 7:08:44 PM net.sf.freecol.common.util.LogBuilder log
INFO: Destroying: tileImprovement:4744
May 08, 2018 7:08:44 PM net.sf.freecol.common.util.LogBuilder log
INFO: Destroying: tileImprovement:5187
May 08, 2018 7:08:44 PM net.sf.freecol.common.util.LogBuilder log
INFO: Destroying: tileImprovement:5188
May 08, 2018 7:08:44 PM net.sf.freecol.common.util.LogBuilder log
INFO: Destroying: tileImprovement:5189
May 08, 2018 7:08:44 PM net.sf.freecol.common.util.LogBuilder log
INFO: Destroying: tileImprovement:5171
May 08, 2018 7:08:44 PM net.sf.freecol.common.util.LogBuilder log
INFO: Destroying: tileImprovement:5173
May 08, 2018 7:08:44 PM net.sf.freecol.common.util.LogBuilder log
INFO: Destroying: tileImprovement:5168
May 08, 2018 7:08:44 PM net.sf.freecol.common.util.LogBuilder log
INFO: Destroying: tileImprovement:5169
May 08, 2018 7:08:44 PM net.sf.freecol.common.util.LogBuilder log
INFO: Destroying: tileImprovement:5170
May 08, 2018 7:08:44 PM net.sf.freecol.common.util.LogBuilder log
INFO: Destroying: tileImprovement:4694
May 08, 2018 7:08:44 PM net.sf.freecol.common.util.LogBuilder log
INFO: Destroying: tileImprovement:4696
May 08, 2018 7:08:44 PM net.sf.freecol.common.util.LogBuilder log
INFO: Destroying: tileImprovement:4698
May 08, 2018 7:08:44 PM net.sf.freecol.common.util.LogBuilder log
INFO: Destroying: tileImprovement:4700
May 08, 2018 7:08:44 PM net.sf.freecol.common.util.LogBuilder log
INFO: Destroying: tileImprovement:4702
May 08, 2018 7:08:44 PM net.sf.freecol.common.util.LogBuilder log
INFO: Destroying: tileImprovement:5041
May 08, 2018 7:08:44 PM net.sf.freecol.common.util.LogBuilder log
INFO: Destroying: tileImprovement:5043
May 08, 2018 7:08:44 PM net.sf.freecol.common.model.Game addPlayer
WARNING: Game already full, but tried to add: Dom Manuel I
May 08, 2018 7:08:44 PM net.sf.freecol.common.model.Game addPlayer
WARNING: Game already full, but tried to add: Charles XI
May 08, 2018 7:08:44 PM net.sf.freecol.common.model.Game addPlayer
WARNING: Game already full, but tried to add: Frederick II
May 08, 2018 7:08:44 PM net.sf.freecol.common.model.Game addPlayer
WARNING: Game already full, but tried to add: Peter I
May 08, 2018 7:08:44 PM net.sf.freecol.common.model.LandMap <init>
INFO: Using land generator model.option.landGeneratorType.classic
May 08, 2018 7:08:44 PM net.sf.freecol.common.util.LogBuilder log
INFO: Destroying: tileImprovement:4517
May 08, 2018 7:08:44 PM net.sf.freecol.common.util.LogBuilder log
INFO: Destroying: tileImprovement:4519
May 08, 2018 7:08:44 PM net.sf.freecol.common.util.LogBuilder log
INFO: Destroying: tileImprovement:4521
May 08, 2018 7:08:44 PM net.sf.freecol.common.util.LogBuilder log
INFO: Destroying: tileImprovement:4498
May 08, 2018 7:08:44 PM net.sf.freecol.common.util.LogBuilder log
INFO: Destroying: tileImprovement:4500
May 08, 2018 7:08:44 PM net.sf.freecol.common.util.LogBuilder log
INFO: Destroying: tileImprovement:4502
May 08, 2018 7:08:44 PM net.sf.freecol.common.util.LogBuilder log
INFO: Destroying: tileImprovement:4504
May 08, 2018 7:08:44 PM net.sf.freecol.common.util.LogBuilder log
INFO: Destroying: tileImprovement:4506
May 08, 2018 7:08:44 PM net.sf.freecol.common.util.LogBuilder log
INFO: Destroying: tileImprovement:4508
May 08, 2018 7:08:44 PM net.sf.freecol.common.util.LogBuilder log
INFO: Destroying: tileImprovement:4510
May 08, 2018 7:08:44 PM net.sf.freecol.common.util.LogBuilder log
INFO: Destroying: tileImprovement:4653
May 08, 2018 7:08:44 PM net.sf.freecol.common.util.LogBuilder log
INFO: Destroying: tileImprovement:4655
May 08, 2018 7:08:44 PM net.sf.freecol.common.util.LogBuilder log
INFO: Destroying: tileImprovement:4657
May 08, 2018 7:08:44 PM net.sf.freecol.common.util.LogBuilder log
INFO: Destroying: tileImprovement:4659
May 08, 2018 7:08:44 PM net.sf.freecol.common.util.LogBuilder log
INFO: Destroying: tileImprovement:4661
May 08, 2018 7:08:44 PM net.sf.freecol.common.util.LogBuilder log
INFO: Destroying: tileImprovement:4663
May 08, 2018 7:08:44 PM net.sf.freecol.common.util.LogBuilder log
INFO: Destroying: tileImprovement:4687
May 08, 2018 7:08:44 PM net.sf.freecol.common.util.LogBuilder log
INFO: Destroying: tileImprovement:4688
May 08, 2018 7:08:44 PM net.sf.freecol.common.util.LogBuilder log
INFO: Destroying: tileImprovement:4689
May 08, 2018 7:08:44 PM net.sf.freecol.common.util.LogBuilder log
INFO: Destroying: tileImprovement:4690
May 08, 2018 7:08:44 PM net.sf.freecol.common.util.LogBuilder log
INFO: Destroying: tileImprovement:4691
May 08, 2018 7:08:44 PM net.sf.freecol.common.util.LogBuilder log
INFO: Destroying: tileImprovement:4692
May 08, 2018 7:08:44 PM net.sf.freecol.common.util.LogBuilder log
INFO: Destroying: tileImprovement:4693
May 08, 2018 7:08:44 PM net.sf.freecol.common.util.LogBuilder log
INFO: Destroying: tileImprovement:4711
May 08, 2018 7:08:44 PM net.sf.freecol.common.util.LogBuilder log
INFO: Destroying: tileImprovement:4713
May 08, 2018 7:08:44 PM net.sf.freecol.common.util.LogBuilder log
INFO: Destroying: tileImprovement:4715
May 08, 2018 7:08:44 PM net.sf.freecol.common.util.LogBuilder log
INFO: Destroying: tileImprovement:4705
May 08, 2018 7:08:44 PM net.sf.freecol.common.util.LogBuilder log
INFO: Destroying: tileImprovement:4706
May 08, 2018 7:08:44 PM net.sf.freecol.common.util.LogBuilder log
INFO: Destroying: tileImprovement:4707
May 08, 2018 7:08:44 PM net.sf.freecol.common.util.LogBuilder log
INFO: Destroying: tileImprovement:4708
May 08, 2018 7:08:44 PM net.sf.freecol.common.util.LogBuilder log
INFO: Destroying: tileImprovement:4709
May 08, 2018 7:08:44 PM net.sf.freecol.common.util.LogBuilder log
INFO: Destroying: tileImprovement:4710
May 08, 2018 7:08:44 PM net.sf.freecol.common.util.LogBuilder log
INFO: Destroying: tileImprovement:4634
May 08, 2018 7:08:44 PM net.sf.freecol.common.util.LogBuilder log
INFO: Destroying: tileImprovement:4636
May 08, 2018 7:08:44 PM net.sf.freecol.common.util.LogBuilder log
INFO: Destroying: tileImprovement:4638
May 08, 2018 7:08:44 PM net.sf.freecol.common.util.LogBuilder log
INFO: Destroying: tileImprovement:4640
May 08, 2018 7:08:44 PM net.sf.freecol.common.util.LogBuilder log
INFO: Destroying: tileImprovement:4513
May 08, 2018 7:08:44 PM net.sf.freecol.common.util.LogBuilder log
INFO: Destroying: tileImprovement:4515
May 08, 2018 7:08:44 PM net.sf.freecol.common.util.LogBuilder log
INFO: Destroying: tileImprovement:4668
May 08, 2018 7:08:44 PM net.sf.freecol.common.util.LogBuilder log
INFO: Destroying: tileImprovement:4669
May 08, 2018 7:08:44 PM net.sf.freecol.common.util.LogBuilder log
INFO: Destroying: tileImprovement:4670
May 08, 2018 7:08:44 PM net.sf.freecol.common.util.LogBuilder log
INFO: Destroying: tileImprovement:4643
May 08, 2018 7:08:44 PM net.sf.freecol.common.util.LogBuilder log
INFO: Destroying: tileImprovement:4645
May 08, 2018 7:08:44 PM net.sf.freecol.common.util.LogBuilder log
INFO: Destroying: tileImprovement:4647
May 08, 2018 7:08:44 PM net.sf.freecol.common.util.LogBuilder log
INFO: Destroying: tileImprovement:4608
May 08, 2018 7:08:44 PM net.sf.freecol.common.util.LogBuilder log
INFO: Destroying: tileImprovement:4610
May 08, 2018 7:08:44 PM net.sf.freecol.common.util.LogBuilder log
INFO: Destroying: tileImprovement:4612
May 08, 2018 7:08:44 PM net.sf.freecol.common.util.LogBuilder log
INFO: Destroying: tileImprovement:4614
May 08, 2018 7:08:44 PM net.sf.freecol.common.util.LogBuilder log
INFO: Destroying: tileImprovement:4616
May 08, 2018 7:08:44 PM net.sf.freecol.common.util.LogBuilder log
INFO: Destroying: tileImprovement:4618
May 08, 2018 7:08:44 PM net.sf.freecol.common.util.LogBuilder log
INFO: Destroying: tileImprovement:4620
May 08, 2018 7:08:44 PM net.sf.freecol.common.util.LogBuilder log
INFO: Destroying: tileImprovement:4622
May 08, 2018 7:08:44 PM net.sf.freecol.common.util.LogBuilder log
INFO: Destroying: tileImprovement:4624
May 08, 2018 7:08:44 PM net.sf.freecol.common.util.LogBuilder log
INFO: Destroying: tileImprovement:4626
May 08, 2018 7:08:44 PM net.sf.freecol.common.util.LogBuilder log
INFO: Destroying: tileImprovement:4628
May 08, 2018 7:08:44 PM net.sf.freecol.common.util.LogBuilder log
INFO: Destroying: tileImprovement:4630
May 08, 2018 7:08:44 PM net.sf.freecol.common.util.LogBuilder log
INFO: Destroying: tileImprovement:4632
May 08, 2018 7:08:44 PM net.sf.freecol.common.util.LogBuilder log
INFO: Destroying: tileImprovement:4814
May 08, 2018 7:08:44 PM net.sf.freecol.common.util.LogBuilder log
INFO: Destroying: tileImprovement:4815
May 08, 2018 7:08:44 PM net.sf.freecol.common.util.LogBuilder log
INFO: Destroying: tileImprovement:4816
May 08, 2018 7:08:44 PM net.sf.freecol.common.util.LogBuilder log
INFO: Destroying: tileImprovement:4817
May 08, 2018 7:08:44 PM net.sf.freecol.common.util.LogBuilder log
INFO: Destroying: tileImprovement:4965
May 08, 2018 7:08:44 PM net.sf.freecol.common.util.LogBuilder log
INFO: Destroying: tileImprovement:4967
May 08, 2018 7:08:44 PM net.sf.freecol.common.util.LogBuilder log
INFO: Destroying: tileImprovement:4969
May 08, 2018 7:08:44 PM net.sf.freecol.common.util.LogBuilder log
INFO: Destroying: tileImprovement:4971
May 08, 2018 7:08:44 PM net.sf.freecol.common.util.LogBuilder log
INFO: Destroying: tileImprovement:4973
May 08, 2018 7:08:44 PM net.sf.freecol.common.util.LogBuilder log
INFO: Destroying: tileImprovement:4975
May 08, 2018 7:08:44 PM net.sf.freecol.common.util.LogBuilder log
INFO: Destroying: tileImprovement:4977
May 08, 2018 7:08:44 PM net.sf.freecol.common.util.LogBuilder log
INFO: Destroying: tileImprovement:4979
May 08, 2018 7:08:44 PM net.sf.freecol.common.util.LogBuilder log
INFO: Destroying: tileImprovement:4957
May 08, 2018 7:08:44 PM net.sf.freecol.common.util.LogBuilder log
INFO: Destroying: tileImprovement:4959
May 08, 2018 7:08:44 PM net.sf.freecol.common.util.LogBuilder log
INFO: Destroying: tileImprovement:4961
May 08, 2018 7:08:44 PM net.sf.freecol.common.util.LogBuilder log
INFO: Destroying: tileImprovement:4963
May 08, 2018 7:08:44 PM net.sf.freecol.common.util.LogBuilder log
INFO: Destroying: tileImprovement:5001
May 08, 2018 7:08:44 PM net.sf.freecol.common.util.LogBuilder log
INFO: Destroying: tileImprovement:5002
May 08, 2018 7:08:44 PM net.sf.freecol.common.util.LogBuilder log
INFO: Destroying: tileImprovement:5003
May 08, 2018 7:08:44 PM net.sf.freecol.common.util.LogBuilder log
INFO: Destroying: tileImprovement:5004
May 08, 2018 7:08:44 PM net.sf.freecol.common.util.LogBuilder log
INFO: Destroying: tileImprovement:5005
May 08, 2018 7:08:44 PM net.sf.freecol.common.util.LogBuilder log
INFO: Destroying: tileImprovement:5006
May 08, 2018 7:08:44 PM net.sf.freecol.common.util.LogBuilder log
INFO: Destroying: tileImprovement:5007
May 08, 2018 7:08:44 PM net.sf.freecol.common.util.LogBuilder log
INFO: Destroying: tileImprovement:5008
May 08, 2018 7:08:44 PM net.sf.freecol.common.util.LogBuilder log
INFO: Destroying: tileImprovement:4827
May 08, 2018 7:08:44 PM net.sf.freecol.common.util.LogBuilder log
INFO: Destroying: tileImprovement:4828
May 08, 2018 7:08:44 PM net.sf.freecol.common.util.LogBuilder log
INFO: Destroying: tileImprovement:4937
May 08, 2018 7:08:44 PM net.sf.freecol.common.util.LogBuilder log
INFO: Destroying: tileImprovement:4939
May 08, 2018 7:08:44 PM net.sf.freecol.common.util.LogBuilder log
INFO: Destroying: tileImprovement:4941
May 08, 2018 7:08:44 PM net.sf.freecol.common.util.LogBuilder log
INFO: Destroying: tileImprovement:4943
May 08, 2018 7:08:44 PM net.sf.freecol.common.util.LogBuilder log
INFO: Destroying: tileImprovement:4945
May 08, 2018 7:08:44 PM net.sf.freecol.common.util.LogBuilder log
INFO: Destroying: tileImprovement:4947
May 08, 2018 7:08:44 PM net.sf.freecol.common.util.LogBuilder log
INFO: Destroying: tileImprovement:4924
May 08, 2018 7:08:44 PM net.sf.freecol.common.util.LogBuilder log
INFO: Destroying: tileImprovement:4925
May 08, 2018 7:08:44 PM net.sf.freecol.common.util.LogBuilder log
INFO: Destroying: tileImprovement:4926
May 08, 2018 7:08:44 PM net.sf.freecol.common.util.LogBuilder log
INFO: Destroying: tileImprovement:4927
May 08, 2018 7:08:44 PM net.sf.freecol.common.util.LogBuilder log
INFO: Destroying: tileImprovement:4928
May 08, 2018 7:08:44 PM net.sf.freecol.common.util.LogBuilder log
INFO: Destroying: tileImprovement:4929
May 08, 2018 7:08:44 PM net.sf.freecol.common.util.LogBuilder log
INFO: Destroying: tileImprovement:4930
May 08, 2018 7:08:44 PM net.sf.freecol.common.util.LogBuilder log
INFO: Destroying: tileImprovement:4931
May 08, 2018 7:08:44 PM net.sf.freecol.common.util.LogBuilder log
INFO: Destroying: tileImprovement:4932
May 08, 2018 7:08:44 PM net.sf.freecol.common.util.LogBuilder log
INFO: Destroying: tileImprovement:4933
May 08, 2018 7:08:44 PM net.sf.freecol.common.util.LogBuilder log
INFO: Destroying: tileImprovement:4934
May 08, 2018 7:08:44 PM net.sf.freecol.common.util.LogBuilder log
INFO: Destroying: tileImprovement:4935
May 08, 2018 7:08:44 PM net.sf.freecol.common.util.LogBuilder log
INFO: Destroying: tileImprovement:4936
May 08, 2018 7:08:44 PM net.sf.freecol.common.util.LogBuilder log
INFO: Destroying: tileImprovement:4752
May 08, 2018 7:08:44 PM net.sf.freecol.common.util.LogBuilder log
INFO: Destroying: tileImprovement:4754
May 08, 2018 7:08:44 PM net.sf.freecol.common.util.LogBuilder log
INFO: Destroying: tileImprovement:4756
May 08, 2018 7:08:44 PM net.sf.freecol.common.util.LogBuilder log
INFO: Destroying: tileImprovement:5045
May 08, 2018 7:08:44 PM net.sf.freecol.common.util.LogBuilder log
INFO: Destroying: tileImprovement:5047
May 08, 2018 7:08:44 PM net.sf.freecol.common.util.LogBuilder log
INFO: Destroying: tileImprovement:5049
May 08, 2018 7:08:44 PM net.sf.freecol.common.util.LogBuilder log
INFO: Destroying: tileImprovement:4740
May 08, 2018 7:08:44 PM net.sf.freecol.common.util.LogBuilder log
INFO: Destroying: tileImprovement:4742
May 08, 2018 7:08:44 PM net.sf.freecol.common.util.LogBuilder log
INFO: Destroying: tileImprovement:4744
May 08, 2018 7:08:44 PM net.sf.freecol.common.util.LogBuilder log
INFO: Destroying: tileImprovement:5187
May 08, 2018 7:08:44 PM net.sf.freecol.common.util.LogBuilder log
INFO: Destroying: tileImprovement:5188
May 08, 2018 7:08:44 PM net.sf.freecol.common.util.LogBuilder log
INFO: Destroying: tileImprovement:5189
May 08, 2018 7:08:44 PM net.sf.freecol.common.util.LogBuilder log
INFO: Destroying: tileImprovement:5171
May 08, 2018 7:08:44 PM net.sf.freecol.common.util.LogBuilder log
INFO: Destroying: tileImprovement:5173
May 08, 2018 7:08:44 PM net.sf.freecol.common.util.LogBuilder log
INFO: Destroying: tileImprovement:5168
May 08, 2018 7:08:44 PM net.sf.freecol.common.util.LogBuilder log
INFO: Destroying: tileImprovement:5169
May 08, 2018 7:08:44 PM net.sf.freecol.common.util.LogBuilder log
INFO: Destroying: tileImprovement:5170
May 08, 2018 7:08:44 PM net.sf.freecol.common.util.LogBuilder log
INFO: Destroying: tileImprovement:4694
May 08, 2018 7:08:44 PM net.sf.freecol.common.util.LogBuilder log
INFO: Destroying: tileImprovement:4696
May 08, 2018 7:08:44 PM net.sf.freecol.common.util.LogBuilder log
INFO: Destroying: tileImprovement:4698
May 08, 2018 7:08:44 PM net.sf.freecol.common.util.LogBuilder log
INFO: Destroying: tileImprovement:4700
May 08, 2018 7:08:44 PM net.sf.freecol.common.util.LogBuilder log
INFO: Destroying: tileImprovement:4702
May 08, 2018 7:08:44 PM net.sf.freecol.common.util.LogBuilder log
INFO: Destroying: tileImprovement:5041
May 08, 2018 7:08:44 PM net.sf.freecol.common.util.LogBuilder log
=======
  <testcase classname="net.sf.freecol.common.model.ScopeTest" name="testGameObjects" time="0.002" />
  <testcase classname="net.sf.freecol.common.model.SerializationTest" name="testMapAmerica" time="0.586" />
  <testcase classname="net.sf.freecol.common.model.SerializationTest" name="testSpecification" time="0.105" />
  <testcase classname="net.sf.freecol.common.model.SerializationTest" name="testValidation" time="0.29" />
  <testcase classname="net.sf.freecol.common.model.SerializationTest" name="testStringTemplate" time="0.013" />
  <testcase classname="net.sf.freecol.common.model.SerializationTest" name="testMapAfrica" time="0.33" />
  <testcase classname="net.sf.freecol.common.model.SerializationTest" name="testMapCaribbean" time="0.074" />
  <testcase classname="net.sf.freecol.common.model.SerializationTest" name="testDifficulty" time="0.053" />
  <testcase classname="net.sf.freecol.common.model.SerializationTest" name="testGeneratedLists" time="0.055" />
  <testcase classname="net.sf.freecol.common.model.SerializationTest" name="testMapAustralia" time="0.111" />
  <testcase classname="net.sf.freecol.common.model.SettlementTest" name="testColonyClaimsWater" time="0.003" />
  <testcase classname="net.sf.freecol.common.model.SettlementTest" name="testLineOfSight" time="0.003" />
  <testcase classname="net.sf.freecol.common.model.SettlementTest" name="testSettlementRadius" time="0.005" />
  <testcase classname="net.sf.freecol.common.model.SettlementTest" name="testCanImproveUnitMilitaryRole" time="0.01" />
  <testcase classname="net.sf.freecol.common.model.SettlementTest" name="testSettlementDoesNotClaimWater" time="0.002" />
  <testcase classname="net.sf.freecol.common.model.SettlementTest" name="testColonyRadius" time="0.003" />
  <testcase classname="net.sf.freecol.common.model.SoLTest" name="testSoL" time="0.011" />
  <testcase classname="net.sf.freecol.common.model.TileImprovementTest" name="testRiverWithExtras" time="0.001" />
  <testcase classname="net.sf.freecol.common.model.TileImprovementTest" name="testRiverNoExtras" time="0.0" />
  <testcase classname="net.sf.freecol.common.model.TileImprovementTest" name="testAllFrills" time="0.001" />
  <testcase classname="net.sf.freecol.common.model.TileImprovementTest" name="testOldStyle" time="0.0" />
  <testcase classname="net.sf.freecol.common.model.TileImprovementTest" name="testEquality" time="0.0" />
  <testcase classname="net.sf.freecol.common.model.TileItemContainerTest" name="testCopyFromWithEveryThing" time="0.003" />
  <testcase classname="net.sf.freecol.common.model.TileTest" name="testTileTypeChangeProduction" time="0.0" />
  <testcase classname="net.sf.freecol.common.model.TileTest" name="testDefenceModifiers" time="0.0" />
  <testcase classname="net.sf.freecol.common.model.TileTest" name="testPrimarySecondaryGoods" time="0.004" />
  <testcase classname="net.sf.freecol.common.model.TileTest" name="testPotential" time="0.002" />
  <testcase classname="net.sf.freecol.common.model.TileTest" name="testCopy" time="0.005" />
  <testcase classname="net.sf.freecol.common.model.TileTest" name="testImprovements" time="0.003" />
  <testcase classname="net.sf.freecol.common.model.TileTest" name="testMinerals" time="0.003" />
  <testcase classname="net.sf.freecol.common.model.TileTest" name="testMaximumPotential" time="0.003" />
  <testcase classname="net.sf.freecol.common.model.TileTest" name="testIsTileTypeAllowed" time="0.002" />
  <testcase classname="net.sf.freecol.common.model.TileTest" name="testGetWorkAmount" time="0.003" />
  <testcase classname="net.sf.freecol.common.model.TileTest" name="testGetBestDisembarkTile" time="0.006" />
  <testcase classname="net.sf.freecol.common.model.TileTest" name="testColonyImprovements" time="0.002" />
  <testcase classname="net.sf.freecol.common.model.TileTest" name="testConiferForest" time="0.008" />
  <testcase classname="net.sf.freecol.common.model.TileTest" name="testProductionModifiers" time="0.005" />
  <testcase classname="net.sf.freecol.common.model.TileTest" name="testZIndex" time="0.0" />
  <testcase classname="net.sf.freecol.common.model.TradeRouteTest" name="testTradeRoute" time="0.02" />
  <testcase classname="net.sf.freecol.common.model.UnitTest" name="testIsColonist" time="0.002" />
  <testcase classname="net.sf.freecol.common.model.UnitTest" name="testElement" time="0.006" />
  <testcase classname="net.sf.freecol.common.model.UnitTest" name="testUnitLosesExperienceWithRoleChange" time="0.003" />
  <testcase classname="net.sf.freecol.common.model.UnitTest" name="testUnitAvailability" time="0.002" />
  <testcase classname="net.sf.freecol.common.model.UnitTest" name="testOwnerChange" time="0.001" />
  <testcase classname="net.sf.freecol.common.model.UnitTest" name="testIndianDies" time="0.003" />
  <testcase classname="net.sf.freecol.common.model.UnitTest" name="testGetMovesAsString" time="0.003" />
  <testcase classname="net.sf.freecol.common.model.UnitTest" name="testCopy" time="0.002" />
  <testcase classname="net.sf.freecol.common.model.UnitTest" name="testDefaultRole" time="0.0" />
  <testcase classname="net.sf.freecol.common.model.UnitTest" name="testMissionary" time="0.005" />
  <testcase classname="net.sf.freecol.common.model.UnitTest" name="testUnitCanBuildColony" time="0.003" />
  <testcase classname="net.sf.freecol.common.model.UnitTest" name="testCarrierOwnerChange" time="0.001" />
  <testcase classname="net.sf.freecol.common.model.UnitTest" name="testTreasureTransportFee" time="0.003" />
  <testcase classname="net.sf.freecol.common.model.UnitTest" name="testFailedAddGoods" time="0.002" />
  <testcase classname="net.sf.freecol.common.model.UnitTest" name="testGetLineOfSight" time="0.002" />
  <testcase classname="net.sf.freecol.common.model.UnitTest" name="testCanAdd" time="0.002" />
  <testcase classname="net.sf.freecol.common.model.UnitTest" name="testUnitLocationAfterBuildingColony" time="0.002" />
  <testcase classname="net.sf.freecol.common.model.UnitTypeChangeTest" name="testEmptyScope" time="0.001" />
  <testcase classname="net.sf.freecol.common.model.UnitTypeChangeTest" name="testCreation" time="0.002" />
  <testcase classname="net.sf.freecol.common.model.UnitTypeChangeTest" name="testAbilityScope" time="0.002" />
  <testcase classname="net.sf.freecol.common.model.UnitTypeChangeTest" name="testEquality" time="0.001" />
  <testcase classname="net.sf.freecol.common.utils.UtilsTest" name="testComparator" time="0.001" />
  <testcase classname="net.sf.freecol.common.utils.UtilsTest" name="testGetPermutations" time="0.002" />
  <testcase classname="net.sf.freecol.common.sound.SoundTest" name="testSound" time="0.972" />
  <testcase classname="net.sf.freecol.common.sound.SoundTest" name="testClassic" time="3.265" />
  <testcase classname="net.sf.freecol.server.SaveLoadTest" name="testDelayedLoading" time="0.836" />
  <testcase classname="net.sf.freecol.server.SaveLoadTest" name="testImmediateLoading" time="0.623" />
  <testcase classname="net.sf.freecol.server.SaveLoadTest" name="testImport" time="0.682" />
  <testcase classname="net.sf.freecol.server.ai.AIColonyTest" name="testBuildersAllocation" time="0.227" />
  <testcase classname="net.sf.freecol.server.ai.AIColonyTest" name="testBestDefender" time="0.076" />
  <testcase classname="net.sf.freecol.server.ai.AIColonyTest" name="testBuildersAllocNoRawMatTiles" time="0.186" />
  <testcase classname="net.sf.freecol.server.ai.AIColonyTest" name="testExpertAllocColonyHasEnoughRawMat" time="0.09" />
  <testcase classname="net.sf.freecol.server.ai.ContactTest" name="testNativeMeetsEuropean" time="0.085" />
  <testcase classname="net.sf.freecol.server.ai.ContactTest" name="testNativeMeetsColony" time="0.089" />
  <testcase classname="net.sf.freecol.server.ai.ContactTest" name="testShipMeetsShip" time="0.086" />
  <testcase classname="net.sf.freecol.server.ai.ContactTest" name="testNativeMeetsNative" time="0.068" />
  <testcase classname="net.sf.freecol.server.ai.ContactTest" name="testNativeMeetsIndianSettlement" time="0.069" />
  <testcase classname="net.sf.freecol.server.ai.ContactTest" name="testEuropeanMeetsIndianSettlement" time="0.118" />
  <testcase classname="net.sf.freecol.server.ai.ContactTest" name="testEuropeanMeetsNative" time="0.07" />
  <testcase classname="net.sf.freecol.server.ai.ColonyPlanTest" name="testGetBestWorker" time="0.097" />
  <testcase classname="net.sf.freecol.server.ai.ColonyPlanTest" name="testBestImprovements" time="0.002" />
  <testcase classname="net.sf.freecol.server.ai.ColonyPlanTest" name="testNoBuildRawMatTiles" time="0.057" />
  <testcase classname="net.sf.freecol.server.ai.ColonyPlanTest" name="testReqLumberAndHammersForBuild" time="0.063" />
  <testcase classname="net.sf.freecol.server.ai.ColonyPlanTest" name="testReqOreAndToolsWithEnoughHammersForBuild" time="0.056" />
  <testcase classname="net.sf.freecol.server.ai.MissionAssignmentTest" name="testIsTargetValidForSeekAndDestroy" time="0.061" />
  <testcase classname="net.sf.freecol.server.ai.MissionAssignmentTest" name="testImpossibleConditionsForTargetSelection" time="0.065" />
  <testcase classname="net.sf.freecol.server.ai.MissionAssignmentTest" name="testSecureIndianSettlementMissionIgnoreNavalThreat" time="0.1" />
  <testcase classname="net.sf.freecol.server.ai.MissionAssignmentTest" name="testSecureIndianSettlementMission" time="0.067" />
  <testcase classname="net.sf.freecol.server.ai.MissionAssignmentTest" name="testAssignDefendSettlementMission" time="0.056" />
  <testcase classname="net.sf.freecol.server.ai.REFTest" name="testCreateREFPlayer" time="0.063" />
  <testcase classname="net.sf.freecol.server.ai.StandardAIPlayerTest" name="testEquipBravesNotEnoughReqGoods" time="0.069" />
  <testcase classname="net.sf.freecol.server.ai.StandardAIPlayerTest" name="testEquipBraves" time="0.066" />
  <testcase classname="net.sf.freecol.server.ai.TensionTest" name="testTension" time="0.069" />
  <testcase classname="net.sf.freecol.server.ai.mission.PioneeringMissionTest" name="testImprovementNoLongerValid" time="0.075" />
  <testcase classname="net.sf.freecol.server.ai.mission.PrivateerMissionTest" name="testIsMissionValid" time="0.057" />
  <testcase classname="net.sf.freecol.server.ai.mission.ScoutingMissionTest" name="testHorsesLost" time="0.058" />
  <testcase classname="net.sf.freecol.server.ai.mission.TransportMissionTest" name="testGetNextStopAlreadyAtDestination" time="0.059" />
  <testcase classname="net.sf.freecol.server.ai.mission.TransportMissionTest" name="testGetDefaultDestination" time="0.067" />
  <testcase classname="net.sf.freecol.server.ai.mission.TransportMissionTest" name="testWagonTrain" time="0.078" />
  <testcase classname="net.sf.freecol.server.ai.mission.TransportMissionTest" name="testGetNextStopIsColony" time="0.08" />
  <testcase classname="net.sf.freecol.server.ai.mission.TransportMissionTest" name="testGetNextStopIsEurope" time="0.087" />
  <testcase classname="net.sf.freecol.server.ai.mission.TransportMissionTest" name="testTransportMissionInvalidAfterCombatLost" time="0.08" />
  <testcase classname="net.sf.freecol.server.ai.mission.UnitSeekAndDestroyMissionTest" name="testCapturedUnitsLoseMission" time="0.04" />
  <testcase classname="net.sf.freecol.server.ai.mission.UnitSeekAndDestroyMissionTest" name="testDoNotPursueUnitsInColonies" time="0.047" />
  <testcase classname="net.sf.freecol.server.control.InGameControllerTest" name="testWarDeclarationAffectsSettlementAlarm" time="0.054" />
  <testcase classname="net.sf.freecol.server.control.InGameControllerTest" name="testArtilleryDemotedBySoldier" time="0.066" />
  <testcase classname="net.sf.freecol.server.control.InGameControllerTest" name="testPeaceTreatyFromWarStance" time="0.046" />
  <testcase classname="net.sf.freecol.server.control.InGameControllerTest" name="testScoutDiesNotLosesEquipment" time="0.062" />
  <testcase classname="net.sf.freecol.server.control.InGameControllerTest" name="testDragoonDemotedByBrave" time="0.07" />
  <testcase classname="net.sf.freecol.server.control.InGameControllerTest" name="testCeaseFireTreaty" time="0.05" />
  <testcase classname="net.sf.freecol.server.control.InGameControllerTest" name="testDeclarationOfWarFromPeace" time="0.043" />
  <testcase classname="net.sf.freecol.server.control.InGameControllerTest" name="testAttackColonyWithVeteran" time="0.099" />
  <testcase classname="net.sf.freecol.server.control.InGameControllerTest" name="testDragoonDemotedBySoldier" time="0.077" />
  <testcase classname="net.sf.freecol.server.control.InGameControllerTest" name="testAddFatherUnits" time="0.055" />
  <testcase classname="net.sf.freecol.server.control.InGameControllerTest" name="testDumpGoods" time="0.049" />
  <testcase classname="net.sf.freecol.server.control.InGameControllerTest" name="testAtackedNavalUnitIsDamaged" time="0.074" />
  <testcase classname="net.sf.freecol.server.control.InGameControllerTest" name="testLaSalle" time="0.061" />
  <testcase classname="net.sf.freecol.server.control.InGameControllerTest" name="testPocahontas" time="0.076" />
  <testcase classname="net.sf.freecol.server.control.InGameControllerTest" name="testPioneerDiesNotLosesEquipment" time="0.055" />
  <testcase classname="net.sf.freecol.server.control.InGameControllerTest" name="testPromotion" time="0.072" />
  <testcase classname="net.sf.freecol.server.control.InGameControllerTest" name="testClearSpecialty" time="0.044" />
  <testcase classname="net.sf.freecol.server.control.InGameControllerTest" name="testPeaceTreatyFromCeaseFireStance" time="0.048" />
  <testcase classname="net.sf.freecol.server.control.InGameControllerTest" name="testUnitLosesExperienceWithWorkChange" time="0.048" />
  <testcase classname="net.sf.freecol.server.control.InGameControllerTest" name="testEquipIndianNotEnoughReqGoods" time="0.048" />
  <testcase classname="net.sf.freecol.server.control.InGameControllerTest" name="testCashInTreasure" time="0.052" />
  <testcase classname="net.sf.freecol.server.control.InGameControllerTest" name="testAddFatherUpgrades" time="0.045" />
  <testcase classname="net.sf.freecol.server.control.InGameControllerTest" name="testUnitTypeChangeOnEnterColony" time="0.05" />
  <testcase classname="net.sf.freecol.server.control.InGameControllerTest" name="testSoldierDemotedBySoldier" time="0.052" />
  <testcase classname="net.sf.freecol.server.control.InGameControllerTest" name="testUnarmedAttack" time="0.06" />
  <testcase classname="net.sf.freecol.server.control.InGameControllerTest" name="testCarpenterHouseNationalAdvantage" time="0.05" />
  <testcase classname="net.sf.freecol.server.control.InGameControllerTest" name="testCreateMission" time="0.056" />
  <testcase classname="net.sf.freecol.server.control.InGameControllerTest" name="testDoAssignedWorkAmateurAndHardyPioneer" time="2.342" />
  <testcase classname="net.sf.freecol.server.control.InGameControllerTest" name="testEmbark" time="0.039" />
  <testcase classname="net.sf.freecol.server.control.InGameControllerTest" name="testVeteranSoldierDemotedBySoldier" time="0.047" />
  <testcase classname="net.sf.freecol.server.control.InGameControllerTest" name="testLoseColonyDefenceWithRevere" time="0.056" />
  <testcase classname="net.sf.freecol.server.control.InGameControllerTest" name="testBuildingBonus" time="0.051" />
  <testcase classname="net.sf.freecol.server.control.InGameControllerTest" name="testColonistDemotedBySoldier" time="0.042" />
  <testcase classname="net.sf.freecol.server.control.InGameControllerTest" name="testScoutDefeatedBySoldier" time="0.066" />
  <testcase classname="net.sf.freecol.server.control.InGameControllerTest" name="testAddFatherBuildingEvent" time="0.05" />
  <testcase classname="net.sf.freecol.server.control.InGameControllerTest" name="testAttackColonyWithBrave" time="0.09" />
  <testcase classname="net.sf.freecol.server.control.InGameControllerTest" name="testEquipIndian" time="0.04" />
  <testcase classname="net.sf.freecol.server.model.ServerBuildingTest" name="testMoveTeacherOutside" time="0.052" />
  <testcase classname="net.sf.freecol.server.model.ServerBuildingTest" name="testTeacherStoresProgress" time="0.046" />
  <testcase classname="net.sf.freecol.server.model.ServerBuildingTest" name="testCaseTwoTeachersWithDifferentExp" time="0.052" />
  <testcase classname="net.sf.freecol.server.model.ServerBuildingTest" name="testMoveTeacherInside" time="0.072" />
  <testcase classname="net.sf.freecol.server.model.ServerBuildingTest" name="testConcurrentUpgrade" time="0.042" />
  <testcase classname="net.sf.freecol.server.model.ServerBuildingTest" name="testTeachingOrder" time="0.049" />
  <testcase classname="net.sf.freecol.server.model.ServerBuildingTest" name="testTeachPettyCriminalsByMaster" time="0.058" />
  <testcase classname="net.sf.freecol.server.model.ServerBuildingTest" name="testTeachingDoublePromotion" time="0.065" />
  <testcase classname="net.sf.freecol.server.model.ServerBuildingTest" name="testUniversity" time="0.055" />
  <testcase classname="net.sf.freecol.server.model.ServerBuildingTest" name="testTwoTeachersSimple" time="0.05" />
  <testcase classname="net.sf.freecol.server.model.ServerBuildingTest" name="testTrackerBug1616384" time="0.079" />
  <testcase classname="net.sf.freecol.server.model.ServerBuildingTest" name="testSingleGuyTwoTeachers2" time="0.054" />
  <testcase classname="net.sf.freecol.server.model.ServerBuildingTest" name="testCollege" time="0.048" />
  <testcase classname="net.sf.freecol.server.model.ServerBuildingTest" name="testSingleGuyTwoTeachers" time="0.048" />
  <testcase classname="net.sf.freecol.server.model.ServerBuildingTest" name="testSonsOfLiberty" time="0.083" />
  <testcase classname="net.sf.freecol.server.model.ServerBuildingTest" name="testTwoTeachersOfSameKind" time="0.035" />
  <testcase classname="net.sf.freecol.server.model.ServerBuildingTest" name="testTeachPettyCriminals" time="0.034" />
  <testcase classname="net.sf.freecol.server.model.ServerBuildingTest" name="testProductionBonus" time="0.039" />
  <testcase classname="net.sf.freecol.server.model.ServerBuildingTest" name="testPartTraining" time="0.051" />
  <testcase classname="net.sf.freecol.server.model.ServerBuildingTest" name="testExpertTeaching" time="0.038" />
  <testcase classname="net.sf.freecol.server.model.ServerBuildingTest" name="testColonialRegular" time="0.041" />
  <testcase classname="net.sf.freecol.server.model.ServerBuildingTest" name="testTeachIndenturedServants" time="0.043" />
  <testcase classname="net.sf.freecol.server.model.ServerColonyTest" name="testEqualFoodProductionConsumptionCase" time="0.039" />
  <testcase classname="net.sf.freecol.server.model.ServerColonyTest" name="testDeathByStarvation" time="0.033" />
  <testcase classname="net.sf.freecol.server.model.ServerColonyTest" name="testBuildingCompletion" time="0.037" />
  <testcase classname="net.sf.freecol.server.model.ServerColonyTest" name="testInvalidCompletion" time="0.051" />
  <testcase classname="net.sf.freecol.server.model.ServerColonyTest" name="testAvoidStarvation" time="0.033" />
  <testcase classname="net.sf.freecol.server.model.ServerColonyTest" name="testNoBuildingMaterialsProductionWhenBuildingNothing" time="0.003" />
  <testcase classname="net.sf.freecol.server.model.ServerColonyTest" name="testFoodConsumption" time="0.03" />
  <testcase classname="net.sf.freecol.server.model.ServerColonyTest" name="testLibertyAndImmigration" time="0.041" />
  <testcase classname="net.sf.freecol.server.model.ServerIndianSettlementTest" name="testHorseBreedingNoFoodAvail" time="0.049" />
  <testcase classname="net.sf.freecol.server.model.ServerIndianSettlementTest" name="testPricing" time="0.036" />
  <testcase classname="net.sf.freecol.server.model.ServerIndianSettlementTest" name="testHorseBreeding" time="0.033" />
  <testcase classname="net.sf.freecol.server.model.ServerIndianSettlementTest" name="testFoodConsumption" time="0.055" />
  <testcase classname="net.sf.freecol.server.model.ServerPlayerTest" name="testCheckNoGameOverEnoughMoney" time="0.03" />
  <testcase classname="net.sf.freecol.server.model.ServerPlayerTest" name="testCheckGameOver1600Threshold" time="0.034" />
  <testcase classname="net.sf.freecol.server.model.ServerPlayerTest" name="testCheckNoGameOverHasColonistInNewWorld" time="0.033" />
  <testcase classname="net.sf.freecol.server.model.ServerPlayerTest" name="testHasExploredTile" time="0.07" />
  <testcase classname="net.sf.freecol.server.model.ServerPlayerTest" name="testBuyingMakesPricesRaise" time="0.044" />
  <testcase classname="net.sf.freecol.server.model.ServerPlayerTest" name="testCheckGameOverUnitsGoingToEurope" time="0.051" />
  <testcase classname="net.sf.freecol.server.model.ServerPlayerTest" name="testDutchMarket" time="0.111" />
  <testcase classname="net.sf.freecol.server.model.ServerPlayerTest" name="testCheckGameOverNoUnits" time="0.048" />
  <testcase classname="net.sf.freecol.server.model.ServerPlayerTest" name="testCheckGameOverUnitsGoingToNewWorld" time="0.037" />
  <testcase classname="net.sf.freecol.server.model.ServerPlayerTest" name="testSellingMakesPricesFall" time="0.032" />
  <testcase classname="net.sf.freecol.server.model.ServerPlayerTest" name="testMarketRecovery" time="0.105" />
  <testcase classname="net.sf.freecol.server.model.ServerPlayerTest" name="testLoadInColony" time="0.035" />
  <testcase classname="net.sf.freecol.server.model.ServerPlayerTest" name="testLoadInEurope" time="0.04" />
  <testcase classname="net.sf.freecol.server.model.ServerUnitTest" name="testDoAssignedWorkHardyPioneerPlowPlain" time="0.048" />
  <testcase classname="net.sf.freecol.server.model.ServerUnitTest" name="testColonyProfitFromEnhancement" time="0.038" />
  <testcase classname="net.sf.freecol.server.model.ServerUnitTest" name="testExposeResource" time="0.033" />
  <testcase classname="net.sf.freecol.server.model.ServerUnitTest" name="testDoAssignedWorkHardyPioneerBuildRoad" time="0.051" />
  <testcase classname="net.sf.freecol.server.model.ServerUnitTest" name="testUnitPromotionWorkingInWorkTile" time="0.054" />
  <testcase classname="net.sf.freecol.server.model.ServerUnitTest" name="testUnitGetsExperienceThroughWork" time="0.04" />
  <testcase classname="net.sf.freecol.server.model.ServerUnitTest" name="testUnitLumberDelivery" time="0.044" />
  <testcase classname="net.sf.freecol.server.model.ServerUnitTest" name="testToggleHorses" time="0.035" />
  <testcase classname="net.sf.freecol.server.generator.MapGeneratorTest" name="testSinglePlayerOnSmallMap" time="0.27" />
  <testcase classname="net.sf.freecol.server.generator.MapGeneratorTest" name="testImportMap" time="0.514" />
  <testcase classname="net.sf.freecol.server.generator.MapGeneratorTest" name="testRegions" time="0.222" />
  <testcase classname="net.sf.freecol.server.generator.MapGeneratorTest" name="testWithNoIndians" time="0.189" />
  <testcase classname="net.sf.freecol.server.generator.MapGeneratorTest" name="testIndianCapital" time="0.207" />
  <testcase classname="net.sf.freecol.server.generator.MapGeneratorTest" name="testMapGenerator" time="0.234" />
  <testcase classname="net.sf.freecol.client.gui.FontTest" name="testLogicalSerif" time="0.004" />
  <system-out><![CDATA[]]></system-out>
  <system-err><![CDATA[May 14, 2018 12:21:54 PM net.sf.freecol.common.model.Specification fixRoles
INFO: Loading role backward compatibility fragment: roles-compat.xml with roles: model.role.defaultmodel.role.scoutmodel.role.soldiermodel.role.dragoonmodel.role.pioneermodel.role.missionarymodel.role.infantrymodel.role.cavalrymodel.role.mountedBravemodel.role.armedBravemodel.role.nativeDragoon
May 14, 2018 12:21:55 PM net.sf.freecol.common.model.Specification checkDifficultyOptionGroup
INFO: Check group model.difficulty.immigration
May 14, 2018 12:21:55 PM net.sf.freecol.common.model.Specification checkDifficultyOptionGroup
INFO: Check group model.difficulty.natives
May 14, 2018 12:21:55 PM net.sf.freecol.common.model.Specification checkDifficultyOptionGroup
INFO: Check group model.difficulty.monarch
May 14, 2018 12:21:55 PM net.sf.freecol.common.model.Specification checkDifficultyOptionGroup
INFO: Check group model.difficulty.government
May 14, 2018 12:21:55 PM net.sf.freecol.common.model.Specification checkDifficultyOptionGroup
INFO: Check group model.difficulty.other
May 14, 2018 12:21:55 PM net.sf.freecol.common.model.Specification checkDifficultyOptionGroup
INFO: Check group model.difficulty.cheat
May 14, 2018 12:21:55 PM net.sf.freecol.common.model.Specification checkDifficultyUnitListOption
INFO: Added difficulty unit list option: model.option.immigrants
May 14, 2018 12:21:55 PM net.sf.freecol.common.model.Specification clean
INFO: Specification clean following load from InputStream complete, starting year=1492, season year=1600, ages=[1,109,309], seasons=2, 259 FreeColGameObjectTypes, 79 Abilities, 41 BuildingTypes, 14 Disasters, 9 EuropeanNationTypes, 2 Events, 25 FoundingFathers, 21 GoodsTypes, 8 IndianNationTypes, 60 Modifiers, 25 Nations, 65 Options, 16 Option Groups, 12 ResourceTypes, 11 Roles, 23 TileTypes, 6 TileImprovementTypes, 42 UnitTypes read.
May 14, 2018 12:21:55 PM net.sf.freecol.common.model.Specification checkDifficultyOptionGroup
INFO: Check group model.difficulty.immigration
May 14, 2018 12:21:55 PM net.sf.freecol.common.model.Specification checkDifficultyOptionGroup
INFO: Check group model.difficulty.natives
May 14, 2018 12:21:55 PM net.sf.freecol.common.model.Specification checkDifficultyOptionGroup
INFO: Check group model.difficulty.monarch
May 14, 2018 12:21:55 PM net.sf.freecol.common.model.Specification checkDifficultyOptionGroup
INFO: Check group model.difficulty.government
May 14, 2018 12:21:55 PM net.sf.freecol.common.model.Specification checkDifficultyOptionGroup
INFO: Check group model.difficulty.other
May 14, 2018 12:21:55 PM net.sf.freecol.common.model.Specification checkDifficultyOptionGroup
INFO: Check group model.difficulty.cheat
May 14, 2018 12:21:55 PM net.sf.freecol.common.model.Specification applyDifficultyLevel
INFO: Applying difficulty level model.difficulty.medium
May 14, 2018 12:21:55 PM net.sf.freecol.common.model.Specification fixRoles
INFO: Loading role backward compatibility fragment: roles-compat.xml with roles: model.role.defaultmodel.role.scoutmodel.role.soldiermodel.role.dragoonmodel.role.pioneermodel.role.missionarymodel.role.infantrymodel.role.cavalrymodel.role.mountedBravemodel.role.armedBravemodel.role.nativeDragoon
May 14, 2018 12:21:55 PM net.sf.freecol.common.model.Specification checkDifficultyOptionGroup
INFO: Check group model.difficulty.immigration
May 14, 2018 12:21:55 PM net.sf.freecol.common.model.Specification checkDifficultyOptionGroup
INFO: Check group model.difficulty.natives
May 14, 2018 12:21:55 PM net.sf.freecol.common.model.Specification checkDifficultyOptionGroup
INFO: Check group model.difficulty.monarch
May 14, 2018 12:21:55 PM net.sf.freecol.common.model.Specification checkDifficultyOptionGroup
INFO: Check group model.difficulty.government
May 14, 2018 12:21:55 PM net.sf.freecol.common.model.Specification checkDifficultyOptionGroup
INFO: Check group model.difficulty.other
May 14, 2018 12:21:55 PM net.sf.freecol.common.model.Specification checkDifficultyOptionGroup
INFO: Check group model.difficulty.cheat
May 14, 2018 12:21:55 PM net.sf.freecol.common.model.Specification checkDifficultyUnitListOption
INFO: Added difficulty unit list option: model.option.immigrants
May 14, 2018 12:21:55 PM net.sf.freecol.common.model.Specification clean
INFO: Specification clean following load from InputStream complete, starting year=1492, season year=1600, ages=[1,109,309], seasons=2, 247 FreeColGameObjectTypes, 78 Abilities, 41 BuildingTypes, 14 Disasters, 5 EuropeanNationTypes, 2 Events, 25 FoundingFathers, 21 GoodsTypes, 8 IndianNationTypes, 60 Modifiers, 17 Nations, 65 Options, 16 Option Groups, 12 ResourceTypes, 11 Roles, 23 TileTypes, 6 TileImprovementTypes, 42 UnitTypes read.
May 14, 2018 12:21:55 PM net.sf.freecol.common.model.Specification checkDifficultyOptionGroup
INFO: Check group model.difficulty.immigration
May 14, 2018 12:21:55 PM net.sf.freecol.common.model.Specification checkDifficultyOptionGroup
INFO: Check group model.difficulty.natives
May 14, 2018 12:21:55 PM net.sf.freecol.common.model.Specification checkDifficultyOptionGroup
INFO: Check group model.difficulty.monarch
May 14, 2018 12:21:55 PM net.sf.freecol.common.model.Specification checkDifficultyOptionGroup
INFO: Check group model.difficulty.government
May 14, 2018 12:21:55 PM net.sf.freecol.common.model.Specification checkDifficultyOptionGroup
INFO: Check group model.difficulty.other
May 14, 2018 12:21:55 PM net.sf.freecol.common.model.Specification checkDifficultyOptionGroup
INFO: Check group model.difficulty.cheat
May 14, 2018 12:21:55 PM net.sf.freecol.common.model.Specification applyDifficultyLevel
INFO: Applying difficulty level model.difficulty.medium
May 14, 2018 12:21:55 PM net.sf.freecol.common.i18n.Messages replaceChoices
WARNING: Unknown key or untagged choice: 'west=westward|east=eastward|default=into the wind', selector was 'whatever', trying 'default' instead
May 14, 2018 12:21:55 PM net.sf.freecol.common.i18n.Messages replaceChoices
WARNING: No tag found: {{}}abc   {{xyz}}def{{123|567}}
May 14, 2018 12:21:55 PM net.sf.freecol.common.i18n.Messages replaceChoices
WARNING: No tag found: {{}}abc   {{xyz}}def{{123|567}}
May 14, 2018 12:21:55 PM net.sf.freecol.common.i18n.Messages replaceChoices
WARNING: No tag found: {{}}abc   {{xyz}}def{{123|567}}
May 14, 2018 12:21:55 PM net.sf.freecol.common.model.Specification applyDifficultyLevel
INFO: Applying difficulty level model.difficulty.medium
May 14, 2018 12:21:56 PM net.sf.freecol.common.model.Specification applyDifficultyLevel
INFO: Applying difficulty level model.difficulty.medium
May 14, 2018 12:21:56 PM net.sf.freecol.common.util.LogBuilder log
INFO: In data\mods found mod: bryce classic_ui convertUpgrade daySeasons example fourSeasons hutzli markovoss misiulo monthSeasons plantForest weekSeasons
May 14, 2018 12:21:56 PM net.sf.freecol.common.model.Specification fixRoles
INFO: Loading role backward compatibility fragment: roles-compat.xml with roles: model.role.defaultmodel.role.scoutmodel.role.soldiermodel.role.dragoonmodel.role.pioneermodel.role.missionarymodel.role.infantrymodel.role.cavalrymodel.role.mountedBravemodel.role.armedBravemodel.role.nativeDragoon
May 14, 2018 12:21:56 PM net.sf.freecol.common.model.Specification checkDifficultyOptionGroup
INFO: Check group model.difficulty.immigration
May 14, 2018 12:21:56 PM net.sf.freecol.common.model.Specification checkDifficultyOptionGroup
INFO: Check group model.difficulty.natives
May 14, 2018 12:21:56 PM net.sf.freecol.common.model.Specification checkDifficultyOptionGroup
INFO: Check group model.difficulty.monarch
May 14, 2018 12:21:56 PM net.sf.freecol.common.model.Specification checkDifficultyOptionGroup
INFO: Check group model.difficulty.government
May 14, 2018 12:21:56 PM net.sf.freecol.common.model.Specification checkDifficultyOptionGroup
INFO: Check group model.difficulty.other
May 14, 2018 12:21:56 PM net.sf.freecol.common.model.Specification checkDifficultyOptionGroup
INFO: Check group model.difficulty.cheat
May 14, 2018 12:21:56 PM net.sf.freecol.common.model.Specification checkDifficultyUnitListOption
INFO: Added difficulty unit list option: model.option.immigrants
May 14, 2018 12:21:56 PM net.sf.freecol.common.model.Specification clean
INFO: Specification clean following load from InputStream complete, starting year=1492, season year=1600, ages=[1,109,309], seasons=2, 258 FreeColGameObjectTypes, 79 Abilities, 41 BuildingTypes, 14 Disasters, 9 EuropeanNationTypes, 2 Events, 25 FoundingFathers, 21 GoodsTypes, 8 IndianNationTypes, 60 Modifiers, 25 Nations, 65 Options, 16 Option Groups, 12 ResourceTypes, 11 Roles, 23 TileTypes, 6 TileImprovementTypes, 41 UnitTypes read.
May 14, 2018 12:21:56 PM net.sf.freecol.common.model.Specification fixRoles
INFO: Loading role backward compatibility fragment: roles-compat.xml with roles: model.role.defaultmodel.role.scoutmodel.role.soldiermodel.role.dragoonmodel.role.pioneermodel.role.missionarymodel.role.infantrymodel.role.cavalrymodel.role.mountedBravemodel.role.armedBravemodel.role.nativeDragoon
May 14, 2018 12:21:56 PM net.sf.freecol.common.model.Specification checkDifficultyOptionGroup
INFO: Check group model.difficulty.immigration
May 14, 2018 12:21:56 PM net.sf.freecol.common.model.Specification checkDifficultyOptionGroup
INFO: Check group model.difficulty.natives
May 14, 2018 12:21:56 PM net.sf.freecol.common.model.Specification checkDifficultyOptionGroup
INFO: Check group model.difficulty.monarch
May 14, 2018 12:21:56 PM net.sf.freecol.common.model.Specification checkDifficultyOptionGroup
INFO: Check group model.difficulty.government
May 14, 2018 12:21:56 PM net.sf.freecol.common.model.Specification checkDifficultyOptionGroup
INFO: Check group model.difficulty.other
May 14, 2018 12:21:56 PM net.sf.freecol.common.model.Specification checkDifficultyOptionGroup
INFO: Check group model.difficulty.cheat
May 14, 2018 12:21:56 PM net.sf.freecol.common.model.Specification checkDifficultyUnitListOption
INFO: Added difficulty unit list option: model.option.immigrants
May 14, 2018 12:21:56 PM net.sf.freecol.common.model.Specification clean
INFO: Specification clean following load from InputStream complete, starting year=1492, season year=1600, ages=[1,109,309], seasons=2, 259 FreeColGameObjectTypes, 79 Abilities, 41 BuildingTypes, 14 Disasters, 9 EuropeanNationTypes, 2 Events, 25 FoundingFathers, 21 GoodsTypes, 8 IndianNationTypes, 60 Modifiers, 25 Nations, 65 Options, 16 Option Groups, 12 ResourceTypes, 11 Roles, 23 TileTypes, 6 TileImprovementTypes, 42 UnitTypes read.
May 14, 2018 12:21:56 PM net.sf.freecol.common.model.Specification fixRoles
INFO: Loading role backward compatibility fragment: roles-compat.xml with roles: model.role.defaultmodel.role.scoutmodel.role.soldiermodel.role.dragoonmodel.role.pioneermodel.role.missionarymodel.role.infantrymodel.role.cavalrymodel.role.mountedBravemodel.role.armedBravemodel.role.nativeDragoon
May 14, 2018 12:21:56 PM net.sf.freecol.common.model.Specification checkDifficultyOptionGroup
INFO: Check group model.difficulty.immigration
May 14, 2018 12:21:56 PM net.sf.freecol.common.model.Specification checkDifficultyOptionGroup
INFO: Check group model.difficulty.natives
May 14, 2018 12:21:56 PM net.sf.freecol.common.model.Specification checkDifficultyOptionGroup
INFO: Check group model.difficulty.monarch
May 14, 2018 12:21:56 PM net.sf.freecol.common.model.Specification checkDifficultyOptionGroup
INFO: Check group model.difficulty.government
May 14, 2018 12:21:56 PM net.sf.freecol.common.model.Specification checkDifficultyOptionGroup
INFO: Check group model.difficulty.other
May 14, 2018 12:21:56 PM net.sf.freecol.common.model.Specification checkDifficultyOptionGroup
INFO: Check group model.difficulty.cheat
May 14, 2018 12:21:56 PM net.sf.freecol.common.model.Specification checkDifficultyUnitListOption
INFO: Added difficulty unit list option: model.option.immigrants
May 14, 2018 12:21:56 PM net.sf.freecol.common.model.Specification clean
INFO: Specification clean following load from InputStream complete, starting year=1492, season year=1600, ages=[1,109,309], seasons=2, 259 FreeColGameObjectTypes, 79 Abilities, 41 BuildingTypes, 14 Disasters, 9 EuropeanNationTypes, 2 Events, 25 FoundingFathers, 21 GoodsTypes, 8 IndianNationTypes, 60 Modifiers, 25 Nations, 65 Options, 16 Option Groups, 12 ResourceTypes, 11 Roles, 23 TileTypes, 6 TileImprovementTypes, 42 UnitTypes read.
May 14, 2018 12:21:56 PM net.sf.freecol.common.model.Specification loadMods
INFO: Loaded mod example
May 14, 2018 12:21:56 PM net.sf.freecol.common.model.Specification clean
INFO: Specification clean following mod loading complete, starting year=1492, season year=1600, ages=[1,109,309], seasons=2, 260 FreeColGameObjectTypes, 79 Abilities, 41 BuildingTypes, 14 Disasters, 9 EuropeanNationTypes, 2 Events, 25 FoundingFathers, 21 GoodsTypes, 8 IndianNationTypes, 60 Modifiers, 25 Nations, 65 Options, 16 Option Groups, 12 ResourceTypes, 11 Roles, 23 TileTypes, 6 TileImprovementTypes, 43 UnitTypes read.
May 14, 2018 12:21:56 PM net.sf.freecol.common.model.Specification fixRoles
INFO: Loading role backward compatibility fragment: roles-compat.xml with roles: model.role.defaultmodel.role.scoutmodel.role.soldiermodel.role.dragoonmodel.role.pioneermodel.role.missionarymodel.role.infantrymodel.role.cavalrymodel.role.mountedBravemodel.role.armedBravemodel.role.nativeDragoon
May 14, 2018 12:21:56 PM net.sf.freecol.common.model.Specification checkDifficultyOptionGroup
INFO: Check group model.difficulty.immigration
May 14, 2018 12:21:56 PM net.sf.freecol.common.model.Specification checkDifficultyOptionGroup
INFO: Check group model.difficulty.natives
May 14, 2018 12:21:56 PM net.sf.freecol.common.model.Specification checkDifficultyOptionGroup
INFO: Check group model.difficulty.monarch
May 14, 2018 12:21:56 PM net.sf.freecol.common.model.Specification checkDifficultyOptionGroup
INFO: Check group model.difficulty.government
May 14, 2018 12:21:56 PM net.sf.freecol.common.model.Specification checkDifficultyOptionGroup
INFO: Check group model.difficulty.other
May 14, 2018 12:21:56 PM net.sf.freecol.common.model.Specification checkDifficultyOptionGroup
INFO: Check group model.difficulty.cheat
May 14, 2018 12:21:56 PM net.sf.freecol.common.model.Specification checkDifficultyUnitListOption
INFO: Added difficulty unit list option: model.option.immigrants
May 14, 2018 12:21:56 PM net.sf.freecol.common.model.Specification clean
INFO: Specification clean following load from InputStream complete, starting year=1492, season year=1600, ages=[1,109,309], seasons=2, 260 FreeColGameObjectTypes, 79 Abilities, 41 BuildingTypes, 14 Disasters, 9 EuropeanNationTypes, 2 Events, 25 FoundingFathers, 21 GoodsTypes, 8 IndianNationTypes, 60 Modifiers, 25 Nations, 65 Options, 16 Option Groups, 12 ResourceTypes, 11 Roles, 23 TileTypes, 6 TileImprovementTypes, 43 UnitTypes read.
May 14, 2018 12:21:56 PM net.sf.freecol.common.model.Specification fixRoles
INFO: Loading role backward compatibility fragment: roles-compat.xml with roles: model.role.defaultmodel.role.scoutmodel.role.soldiermodel.role.dragoonmodel.role.pioneermodel.role.missionarymodel.role.infantrymodel.role.cavalrymodel.role.mountedBravemodel.role.armedBravemodel.role.nativeDragoon
May 14, 2018 12:21:56 PM net.sf.freecol.common.model.Specification checkDifficultyOptionGroup
INFO: Check group model.difficulty.immigration
May 14, 2018 12:21:56 PM net.sf.freecol.common.model.Specification checkDifficultyOptionGroup
INFO: Check group model.difficulty.natives
May 14, 2018 12:21:56 PM net.sf.freecol.common.model.Specification checkDifficultyOptionGroup
INFO: Check group model.difficulty.monarch
May 14, 2018 12:21:56 PM net.sf.freecol.common.model.Specification checkDifficultyOptionGroup
INFO: Check group model.difficulty.government
May 14, 2018 12:21:56 PM net.sf.freecol.common.model.Specification checkDifficultyOptionGroup
INFO: Check group model.difficulty.other
May 14, 2018 12:21:56 PM net.sf.freecol.common.model.Specification checkDifficultyOptionGroup
INFO: Check group model.difficulty.cheat
May 14, 2018 12:21:56 PM net.sf.freecol.common.model.Specification checkDifficultyUnitListOption
INFO: Added difficulty unit list option: model.option.immigrants
May 14, 2018 12:21:56 PM net.sf.freecol.common.model.Specification clean
INFO: Specification clean following load from InputStream complete, starting year=1492, season year=1600, ages=[1,109,309], seasons=2, 259 FreeColGameObjectTypes, 79 Abilities, 41 BuildingTypes, 14 Disasters, 9 EuropeanNationTypes, 2 Events, 25 FoundingFathers, 21 GoodsTypes, 8 IndianNationTypes, 60 Modifiers, 25 Nations, 65 Options, 16 Option Groups, 12 ResourceTypes, 11 Roles, 23 TileTypes, 6 TileImprovementTypes, 42 UnitTypes read.
May 14, 2018 12:21:56 PM net.sf.freecol.common.model.Specification fixRoles
INFO: Loading role backward compatibility fragment: roles-compat.xml with roles: model.role.defaultmodel.role.scoutmodel.role.soldiermodel.role.dragoonmodel.role.pioneermodel.role.missionarymodel.role.infantrymodel.role.cavalrymodel.role.mountedBravemodel.role.armedBravemodel.role.nativeDragoon
May 14, 2018 12:21:56 PM net.sf.freecol.common.model.Specification checkDifficultyOptionGroup
INFO: Check group model.difficulty.immigration
May 14, 2018 12:21:56 PM net.sf.freecol.common.model.Specification checkDifficultyOptionGroup
INFO: Check group model.difficulty.natives
May 14, 2018 12:21:56 PM net.sf.freecol.common.model.Specification checkDifficultyOptionGroup
INFO: Check group model.difficulty.monarch
May 14, 2018 12:21:56 PM net.sf.freecol.common.model.Specification checkDifficultyOptionGroup
INFO: Check group model.difficulty.government
May 14, 2018 12:21:56 PM net.sf.freecol.common.model.Specification checkDifficultyOptionGroup
INFO: Check group model.difficulty.other
May 14, 2018 12:21:56 PM net.sf.freecol.common.model.Specification checkDifficultyOptionGroup
INFO: Check group model.difficulty.cheat
May 14, 2018 12:21:56 PM net.sf.freecol.common.model.Specification checkDifficultyUnitListOption
INFO: Added difficulty unit list option: model.option.immigrants
May 14, 2018 12:21:56 PM net.sf.freecol.common.model.Specification clean
INFO: Specification clean following load from InputStream complete, starting year=1492, season year=1600, ages=[1,109,309], seasons=2, 259 FreeColGameObjectTypes, 79 Abilities, 41 BuildingTypes, 14 Disasters, 9 EuropeanNationTypes, 2 Events, 25 FoundingFathers, 21 GoodsTypes, 8 IndianNationTypes, 60 Modifiers, 25 Nations, 65 Options, 16 Option Groups, 12 ResourceTypes, 11 Roles, 23 TileTypes, 6 TileImprovementTypes, 42 UnitTypes read.
May 14, 2018 12:21:56 PM net.sf.freecol.common.model.Specification applyDifficultyLevel
INFO: Applying difficulty level model.difficulty.medium
May 14, 2018 12:21:56 PM net.sf.freecol.common.model.Specification applyDifficultyLevel
INFO: Applying difficulty level model.difficulty.medium
May 14, 2018 12:21:56 PM net.sf.freecol.common.model.Specification applyDifficultyLevel
INFO: Applying difficulty level model.difficulty.medium
May 14, 2018 12:21:56 PM net.sf.freecol.common.model.Specification applyDifficultyLevel
INFO: Applying difficulty level model.difficulty.medium
May 14, 2018 12:21:56 PM net.sf.freecol.common.model.Specification applyDifficultyLevel
INFO: Applying difficulty level model.difficulty.medium
May 14, 2018 12:21:56 PM net.sf.freecol.common.model.Specification applyDifficultyLevel
INFO: Applying difficulty level model.difficulty.medium
May 14, 2018 12:21:56 PM net.sf.freecol.common.model.Specification applyDifficultyLevel
INFO: Applying difficulty level model.difficulty.medium
May 14, 2018 12:21:56 PM net.sf.freecol.common.model.Specification applyDifficultyLevel
INFO: Applying difficulty level model.difficulty.medium
May 14, 2018 12:21:56 PM net.sf.freecol.common.model.Specification applyDifficultyLevel
INFO: Applying difficulty level model.difficulty.medium
May 14, 2018 12:21:56 PM net.sf.freecol.common.model.Specification applyDifficultyLevel
INFO: Applying difficulty level model.difficulty.medium
May 14, 2018 12:21:56 PM net.sf.freecol.common.model.Specification applyDifficultyLevel
INFO: Applying difficulty level model.difficulty.medium
May 14, 2018 12:21:56 PM net.sf.freecol.common.model.Unit setLocation
WARNING: Can not add [unit:798 dutch indianConvert 0/1] to building:794
May 14, 2018 12:21:56 PM net.sf.freecol.common.model.Unit setLocation
WARNING: Can not add [unit:798 dutch indianConvert 0/1] to building:795
May 14, 2018 12:21:56 PM net.sf.freecol.common.model.Unit setLocation
WARNING: Can not add [unit:798 dutch indianConvert 0/1] to building:793
May 14, 2018 12:21:56 PM net.sf.freecol.common.model.Specification applyDifficultyLevel
INFO: Applying difficulty level model.difficulty.medium
May 14, 2018 12:21:56 PM net.sf.freecol.common.model.Specification applyDifficultyLevel
INFO: Applying difficulty level model.difficulty.medium
May 14, 2018 12:21:56 PM net.sf.freecol.common.model.Specification applyDifficultyLevel
INFO: Applying difficulty level model.difficulty.medium
May 14, 2018 12:21:56 PM net.sf.freecol.common.model.Specification applyDifficultyLevel
INFO: Applying difficulty level model.difficulty.medium
May 14, 2018 12:21:56 PM net.sf.freecol.common.model.Specification applyDifficultyLevel
INFO: Applying difficulty level model.difficulty.medium
May 14, 2018 12:21:56 PM net.sf.freecol.common.model.Specification applyDifficultyLevel
INFO: Applying difficulty level model.difficulty.medium
May 14, 2018 12:21:56 PM net.sf.freecol.common.model.Specification applyDifficultyLevel
INFO: Applying difficulty level model.difficulty.medium
May 14, 2018 12:21:56 PM net.sf.freecol.common.model.Specification applyDifficultyLevel
INFO: Applying difficulty level model.difficulty.medium
May 14, 2018 12:21:56 PM net.sf.freecol.common.model.Specification applyDifficultyLevel
INFO: Applying difficulty level model.difficulty.medium
May 14, 2018 12:21:56 PM net.sf.freecol.common.model.Specification applyDifficultyLevel
INFO: Applying difficulty level model.difficulty.medium
May 14, 2018 12:21:56 PM net.sf.freecol.common.model.Specification applyDifficultyLevel
INFO: Applying difficulty level model.difficulty.medium
May 14, 2018 12:21:56 PM net.sf.freecol.common.model.Specification applyDifficultyLevel
INFO: Applying difficulty level model.difficulty.medium
May 14, 2018 12:21:56 PM net.sf.freecol.common.model.Specification applyDifficultyLevel
INFO: Applying difficulty level model.difficulty.medium
May 14, 2018 12:21:56 PM net.sf.freecol.common.model.Specification applyDifficultyLevel
INFO: Applying difficulty level model.difficulty.medium
May 14, 2018 12:21:56 PM net.sf.freecol.common.model.Specification applyDifficultyLevel
INFO: Applying difficulty level model.difficulty.medium
May 14, 2018 12:21:56 PM net.sf.freecol.common.model.Specification applyDifficultyLevel
INFO: Applying difficulty level model.difficulty.medium
May 14, 2018 12:21:56 PM net.sf.freecol.common.model.Specification applyDifficultyLevel
INFO: Applying difficulty level model.difficulty.medium
May 14, 2018 12:21:56 PM net.sf.freecol.common.model.Specification applyDifficultyLevel
INFO: Applying difficulty level model.difficulty.medium
May 14, 2018 12:21:56 PM net.sf.freecol.common.model.Specification applyDifficultyLevel
INFO: Applying difficulty level model.difficulty.medium
May 14, 2018 12:21:56 PM net.sf.freecol.common.model.Specification applyDifficultyLevel
INFO: Applying difficulty level model.difficulty.medium
May 14, 2018 12:21:56 PM net.sf.freecol.common.model.Specification applyDifficultyLevel
INFO: Applying difficulty level model.difficulty.medium
May 14, 2018 12:21:56 PM net.sf.freecol.common.model.Specification applyDifficultyLevel
INFO: Applying difficulty level model.difficulty.medium
May 14, 2018 12:21:56 PM net.sf.freecol.common.model.Specification applyDifficultyLevel
INFO: Applying difficulty level model.difficulty.medium
May 14, 2018 12:21:56 PM net.sf.freecol.common.model.Specification applyDifficultyLevel
INFO: Applying difficulty level model.difficulty.medium
May 14, 2018 12:21:56 PM net.sf.freecol.common.model.Specification applyDifficultyLevel
INFO: Applying difficulty level model.difficulty.medium
May 14, 2018 12:21:56 PM net.sf.freecol.common.model.Specification applyDifficultyLevel
INFO: Applying difficulty level model.difficulty.medium
May 14, 2018 12:21:56 PM net.sf.freecol.common.model.Specification applyDifficultyLevel
INFO: Applying difficulty level model.difficulty.medium
May 14, 2018 12:21:56 PM net.sf.freecol.common.model.Specification applyDifficultyLevel
INFO: Applying difficulty level model.difficulty.medium
May 14, 2018 12:21:56 PM net.sf.freecol.common.model.Specification applyDifficultyLevel
INFO: Applying difficulty level model.difficulty.medium
May 14, 2018 12:21:57 PM net.sf.freecol.common.FreeColSeed getFreeColSeed
INFO: Using seed: -3951083783748772564
May 14, 2018 12:21:57 PM net.sf.freecol.server.networking.Server sendToAll
INFO: Reap dead connection: [DummyConnection Server connection - model.nation.cherokee]
May 14, 2018 12:21:57 PM net.sf.freecol.server.networking.Server sendToAll
INFO: Reap dead connection: [DummyConnection Server connection - model.nation.french]
May 14, 2018 12:21:57 PM net.sf.freecol.server.networking.Server sendToAll
INFO: Reap dead connection: [DummyConnection Server connection - model.nation.english]
May 14, 2018 12:21:57 PM net.sf.freecol.server.networking.Server sendToAll
INFO: Reap dead connection: [DummyConnection Server connection - model.nation.aztec]
May 14, 2018 12:21:57 PM net.sf.freecol.server.networking.Server sendToAll
INFO: Reap dead connection: [DummyConnection Server connection - model.nation.spanish]
May 14, 2018 12:21:57 PM net.sf.freecol.server.networking.Server sendToAll
INFO: Reap dead connection: [DummyConnection Server connection - model.nation.sioux]
May 14, 2018 12:21:57 PM net.sf.freecol.server.networking.Server sendToAll
INFO: Reap dead connection: [DummyConnection Server connection - model.nation.dutch]
May 14, 2018 12:21:57 PM net.sf.freecol.server.networking.Server sendToAll
INFO: Reap dead connection: [DummyConnection Server connection - model.nation.inca]
May 14, 2018 12:21:57 PM net.sf.freecol.server.networking.Server sendToAll
INFO: Reap dead connection: [DummyConnection Server connection - model.nation.iroquois]
May 14, 2018 12:21:57 PM net.sf.freecol.server.networking.Server sendToAll
INFO: Reap dead connection: [DummyConnection Server connection - model.nation.tupi]
May 14, 2018 12:21:57 PM net.sf.freecol.server.networking.Server sendToAll
INFO: Reap dead connection: [DummyConnection Server connection - model.nation.arawak]
May 14, 2018 12:21:57 PM net.sf.freecol.server.networking.Server sendToAll
INFO: Reap dead connection: [DummyConnection Server connection - model.nation.apache]
May 14, 2018 12:21:57 PM net.sf.freecol.common.util.LogBuilder log
INFO: Combat attacker=unit:268-veteranSoldier-soldier [Modifier model.modifier.offence (model.source.baseOffence) ADDITIVE 0.0 index=10] [Modifier model.modifier.offence (model.role.soldier) ADDITIVE 2.0 index=30] [Modifier model.modifier.offence (model.unit.veteranSoldier) PERCENTAGE 50.0 index=40] [Modifier model.modifier.attackBonus (model.source.attackBonus) PERCENTAGE 50.0 index=50] = 4.5 defender=unit:250-brave [Modifier model.modifier.defence (model.source.baseDefence) ADDITIVE 1.0 index=10] [Modifier model.modifier.defence (model.settlement.inca.capital) PERCENTAGE 200.0 index=50] = 3.0 odds=0.6 random(1.0)=0.0 great=true Attack WIN SLAUGHTER_UNIT CAPTURE_CONVERT
May 14, 2018 12:21:57 PM net.sf.freecol.common.util.LogBuilder log
INFO: Destroying: goodsContainer:251 unit:250
May 14, 2018 12:21:57 PM net.sf.freecol.common.model.Specification applyDifficultyLevel
INFO: Applying difficulty level model.difficulty.medium
May 14, 2018 12:21:57 PM net.sf.freecol.common.model.Specification applyDifficultyLevel
INFO: Applying difficulty level model.difficulty.medium
May 14, 2018 12:21:57 PM net.sf.freecol.common.model.Specification applyDifficultyLevel
INFO: Applying difficulty level model.difficulty.medium
May 14, 2018 12:21:57 PM net.sf.freecol.common.FreeColSeed getFreeColSeed
INFO: Using seed: 2310104246708492369
May 14, 2018 12:21:57 PM net.sf.freecol.server.networking.Server sendToAll
INFO: Reap dead connection: [DummyConnection Server connection - model.nation.spanish]
May 14, 2018 12:21:57 PM net.sf.freecol.server.networking.Server sendToAll
INFO: Reap dead connection: [DummyConnection Server connection - model.nation.apache]
May 14, 2018 12:21:57 PM net.sf.freecol.server.networking.Server sendToAll
INFO: Reap dead connection: [DummyConnection Server connection - model.nation.sioux]
May 14, 2018 12:21:57 PM net.sf.freecol.server.networking.Server sendToAll
INFO: Reap dead connection: [DummyConnection Server connection - model.nation.french]
May 14, 2018 12:21:57 PM net.sf.freecol.server.networking.Server sendToAll
INFO: Reap dead connection: [DummyConnection Server connection - model.nation.arawak]
May 14, 2018 12:21:57 PM net.sf.freecol.server.networking.Server sendToAll
INFO: Reap dead connection: [DummyConnection Server connection - model.nation.iroquois]
May 14, 2018 12:21:57 PM net.sf.freecol.server.networking.Server sendToAll
INFO: Reap dead connection: [DummyConnection Server connection - model.nation.english]
May 14, 2018 12:21:57 PM net.sf.freecol.server.networking.Server sendToAll
INFO: Reap dead connection: [DummyConnection Server connection - model.nation.aztec]
May 14, 2018 12:21:57 PM net.sf.freecol.server.networking.Server sendToAll
INFO: Reap dead connection: [DummyConnection Server connection - model.nation.cherokee]
May 14, 2018 12:21:57 PM net.sf.freecol.server.networking.Server sendToAll
INFO: Reap dead connection: [DummyConnection Server connection - model.nation.tupi]
May 14, 2018 12:21:57 PM net.sf.freecol.server.networking.Server sendToAll
INFO: Reap dead connection: [DummyConnection Server connection - model.nation.dutch]
May 14, 2018 12:21:57 PM net.sf.freecol.server.networking.Server sendToAll
INFO: Reap dead connection: [DummyConnection Server connection - model.nation.inca]
May 14, 2018 12:21:57 PM net.sf.freecol.common.util.LogBuilder log
INFO: Combat attacker=unit:347-kingsRegular-cavalry [Modifier model.modifier.offence (model.source.baseOffence) ADDITIVE 0.0 index=10] [Modifier model.modifier.offence (model.unit.kingsRegular) ADDITIVE 4.0 index=20] [Modifier model.modifier.offence (model.role.cavalry) ADDITIVE 3.0 index=30] [Modifier model.modifier.attackBonus (model.source.attackBonus) PERCENTAGE 50.0 index=50] = 10.5 defender=unit:348-colonialRegular-dragoon [Modifier model.modifier.defence (model.source.baseDefence) ADDITIVE 1.0 index=10] [Modifier model.modifier.defence (model.unit.colonialRegular) ADDITIVE 3.0 index=20] [Modifier model.modifier.defence (model.role.dragoon) ADDITIVE 2.0 index=30] = 6.0 odds=0.6363636363636364 random(1.0)=0.8500000238418579 great=false Attack LOSE LOSE_EQUIP
May 14, 2018 12:21:57 PM net.sf.freecol.server.model.ServerPlayer csChangeStance
INFO: Stance modification Louis XV PEACE -> WAR wrt Louis XIV
May 14, 2018 12:21:57 PM net.sf.freecol.server.model.ServerPlayer csChangeStance
INFO: Stance modification Louis XIV PEACE -> WAR wrt Louis XV (symmetric)
May 14, 2018 12:21:57 PM net.sf.freecol.common.util.LogBuilder log
INFO: Combat attacker=unit:348-colonialRegular-dragoon [Modifier model.modifier.offence (model.source.baseOffence) ADDITIVE 0.0 index=10] [Modifier model.modifier.offence (model.unit.colonialRegular) ADDITIVE 3.0 index=20] [Modifier model.modifier.offence (model.role.dragoon) ADDITIVE 3.0 index=30] [Modifier model.modifier.attackBonus (model.source.attackBonus) PERCENTAGE 50.0 index=50] = 9.0 defender=unit:347-kingsRegular-infantry [Modifier model.modifier.defence (model.source.baseDefence) ADDITIVE 1.0 index=10] [Modifier model.modifier.defence (model.unit.kingsRegular) ADDITIVE 4.0 index=20] [Modifier model.modifier.defence (model.role.infantry) ADDITIVE 1.0 index=30] = 6.0 odds=0.6 random(1.0)=0.20000000298023224 great=false Attack WIN SLAUGHTER_UNIT
May 14, 2018 12:21:57 PM net.sf.freecol.common.util.LogBuilder log
INFO: Combat attacker=unit:349-kingsRegular-cavalry [Modifier model.modifier.offence (model.source.baseOffence) ADDITIVE 0.0 index=10] [Modifier model.modifier.offence (model.unit.kingsRegular) ADDITIVE 4.0 index=20] [Modifier model.modifier.offence (model.role.cavalry) ADDITIVE 3.0 index=30] [Modifier model.modifier.attackBonus (model.source.attackBonus) PERCENTAGE 50.0 index=50] = 10.5 defender=unit:348-colonialRegular-dragoon [Modifier model.modifier.defence (model.source.baseDefence) ADDITIVE 1.0 index=10] [Modifier model.modifier.defence (model.unit.colonialRegular) ADDITIVE 3.0 index=20] [Modifier model.modifier.defence (model.role.dragoon) ADDITIVE 2.0 index=30] = 6.0 odds=0.6363636363636364 random(1.0)=0.20000000298023224 great=false Attack WIN LOSE_EQUIP
May 14, 2018 12:21:57 PM net.sf.freecol.common.util.LogBuilder log
INFO: Combat attacker=unit:349-kingsRegular-cavalry [Modifier model.modifier.offence (model.source.baseOffence) ADDITIVE 0.0 index=10] [Modifier model.modifier.offence (model.unit.kingsRegular) ADDITIVE 4.0 index=20] [Modifier model.modifier.offence (model.role.cavalry) ADDITIVE 3.0 index=30] [Modifier model.modifier.attackBonus (model.source.attackBonus) PERCENTAGE 50.0 index=50] = 10.5 defender=unit:348-colonialRegular-soldier [Modifier model.modifier.defence (model.source.baseDefence) ADDITIVE 1.0 index=10] [Modifier model.modifier.defence (model.unit.colonialRegular) ADDITIVE 3.0 index=20] [Modifier model.modifier.defence (model.role.soldier) ADDITIVE 1.0 index=30] = 5.0 odds=0.6774193548387096 random(1.0)=0.20000000298023224 great=false Attack WIN LOSE_EQUIP DEMOTE_UNIT
May 14, 2018 12:21:57 PM net.sf.freecol.common.util.LogBuilder log
INFO: Combat attacker=unit:349-kingsRegular-cavalry [Modifier model.modifier.offence (model.source.baseOffence) ADDITIVE 0.0 index=10] [Modifier model.modifier.offence (model.unit.kingsRegular) ADDITIVE 4.0 index=20] [Modifier model.modifier.offence (model.role.cavalry) ADDITIVE 3.0 index=30] [Modifier model.modifier.attackBonus (model.source.attackBonus) PERCENTAGE 50.0 index=50] = 10.5 defender=unit:348-veteranSoldier [Modifier model.modifier.defence (model.source.baseDefence) ADDITIVE 1.0 index=10] [Modifier model.modifier.defence (model.unit.veteranSoldier) PERCENTAGE 50.0 index=40] = 1.5 odds=0.875 random(1.0)=0.20000000298023224 great=false Attack WIN CAPTURE_UNIT
May 14, 2018 12:21:57 PM net.sf.freecol.common.model.Specification applyDifficultyLevel
INFO: Applying difficulty level model.difficulty.medium
May 14, 2018 12:21:57 PM net.sf.freecol.common.model.Specification applyDifficultyLevel
INFO: Applying difficulty level model.difficulty.medium
May 14, 2018 12:21:57 PM net.sf.freecol.common.model.Specification applyDifficultyLevel
INFO: Applying difficulty level model.difficulty.medium
May 14, 2018 12:21:57 PM net.sf.freecol.common.model.Specification applyDifficultyLevel
INFO: Applying difficulty level model.difficulty.medium
May 14, 2018 12:21:57 PM net.sf.freecol.common.model.Specification applyDifficultyLevel
INFO: Applying difficulty level model.difficulty.medium
May 14, 2018 12:21:57 PM net.sf.freecol.common.model.Specification applyDifficultyLevel
INFO: Applying difficulty level model.difficulty.medium
May 14, 2018 12:21:57 PM net.sf.freecol.common.model.Specification applyDifficultyLevel
INFO: Applying difficulty level model.difficulty.medium
May 14, 2018 12:21:57 PM net.sf.freecol.common.model.Specification applyDifficultyLevel
INFO: Applying difficulty level model.difficulty.medium
May 14, 2018 12:21:57 PM net.sf.freecol.common.model.Specification applyDifficultyLevel
INFO: Applying difficulty level model.difficulty.medium
May 14, 2018 12:21:57 PM net.sf.freecol.common.model.Specification applyDifficultyLevel
INFO: Applying difficulty level model.difficulty.medium
May 14, 2018 12:21:57 PM net.sf.freecol.common.model.Specification applyDifficultyLevel
INFO: Applying difficulty level model.difficulty.medium
May 14, 2018 12:21:57 PM net.sf.freecol.common.model.Specification applyDifficultyLevel
INFO: Applying difficulty level model.difficulty.medium
May 14, 2018 12:21:57 PM net.sf.freecol.common.model.Specification applyDifficultyLevel
INFO: Applying difficulty level model.difficulty.medium
May 14, 2018 12:21:57 PM net.sf.freecol.common.model.Specification applyDifficultyLevel
INFO: Applying difficulty level model.difficulty.medium
May 14, 2018 12:21:57 PM net.sf.freecol.common.model.Specification applyDifficultyLevel
INFO: Applying difficulty level model.difficulty.medium
May 14, 2018 12:21:57 PM net.sf.freecol.common.model.Specification applyDifficultyLevel
INFO: Applying difficulty level model.difficulty.medium
May 14, 2018 12:21:57 PM net.sf.freecol.common.model.Specification applyDifficultyLevel
INFO: Applying difficulty level model.difficulty.medium
May 14, 2018 12:21:57 PM net.sf.freecol.common.model.Specification applyDifficultyLevel
INFO: Applying difficulty level model.difficulty.medium
May 14, 2018 12:21:57 PM net.sf.freecol.common.model.Specification applyDifficultyLevel
INFO: Applying difficulty level model.difficulty.medium
May 14, 2018 12:21:57 PM net.sf.freecol.common.model.Specification applyDifficultyLevel
INFO: Applying difficulty level model.difficulty.medium
May 14, 2018 12:21:57 PM net.sf.freecol.common.model.Specification applyDifficultyLevel
INFO: Applying difficulty level model.difficulty.medium
May 14, 2018 12:21:57 PM net.sf.freecol.common.model.Specification applyDifficultyLevel
INFO: Applying difficulty level model.difficulty.medium
May 14, 2018 12:21:57 PM net.sf.freecol.common.model.Specification applyDifficultyLevel
INFO: Applying difficulty level model.difficulty.medium
May 14, 2018 12:21:57 PM net.sf.freecol.common.model.Specification applyDifficultyLevel
INFO: Applying difficulty level model.difficulty.medium
May 14, 2018 12:21:57 PM net.sf.freecol.common.model.Specification applyDifficultyLevel
INFO: Applying difficulty level model.difficulty.medium
May 14, 2018 12:21:57 PM net.sf.freecol.common.model.Specification applyDifficultyLevel
INFO: Applying difficulty level model.difficulty.medium
May 14, 2018 12:21:57 PM net.sf.freecol.common.model.Specification applyDifficultyLevel
INFO: Applying difficulty level model.difficulty.medium
May 14, 2018 12:21:57 PM net.sf.freecol.common.model.Specification applyDifficultyLevel
INFO: Applying difficulty level model.difficulty.medium
May 14, 2018 12:21:57 PM net.sf.freecol.common.model.Specification applyDifficultyLevel
INFO: Applying difficulty level model.difficulty.medium
May 14, 2018 12:21:57 PM net.sf.freecol.common.model.Specification applyDifficultyLevel
INFO: Applying difficulty level model.difficulty.medium
May 14, 2018 12:21:57 PM net.sf.freecol.common.model.Specification applyDifficultyLevel
INFO: Applying difficulty level model.difficulty.medium
May 14, 2018 12:21:57 PM net.sf.freecol.common.model.Specification applyDifficultyLevel
INFO: Applying difficulty level model.difficulty.medium
May 14, 2018 12:21:57 PM net.sf.freecol.common.model.Specification applyDifficultyLevel
INFO: Applying difficulty level model.difficulty.medium
May 14, 2018 12:21:57 PM net.sf.freecol.common.model.Specification applyDifficultyLevel
INFO: Applying difficulty level model.difficulty.medium
May 14, 2018 12:21:57 PM net.sf.freecol.common.model.Specification applyDifficultyLevel
INFO: Applying difficulty level model.difficulty.medium
May 14, 2018 12:21:57 PM net.sf.freecol.common.model.Specification applyDifficultyLevel
INFO: Applying difficulty level model.difficulty.medium
May 14, 2018 12:21:57 PM net.sf.freecol.common.model.Specification applyDifficultyLevel
INFO: Applying difficulty level model.difficulty.medium
May 14, 2018 12:21:57 PM net.sf.freecol.common.model.Specification applyDifficultyLevel
INFO: Applying difficulty level model.difficulty.medium
May 14, 2018 12:21:57 PM net.sf.freecol.common.model.Specification applyDifficultyLevel
INFO: Applying difficulty level model.difficulty.medium
May 14, 2018 12:21:57 PM net.sf.freecol.common.model.Specification applyDifficultyLevel
INFO: Applying difficulty level model.difficulty.medium
May 14, 2018 12:21:57 PM net.sf.freecol.common.model.Specification applyDifficultyLevel
INFO: Applying difficulty level model.difficulty.medium
May 14, 2018 12:21:57 PM net.sf.freecol.common.model.Specification applyDifficultyLevel
INFO: Applying difficulty level model.difficulty.medium
May 14, 2018 12:21:57 PM net.sf.freecol.common.model.Specification applyDifficultyLevel
INFO: Applying difficulty level model.difficulty.medium
May 14, 2018 12:21:57 PM net.sf.freecol.common.model.Specification applyDifficultyLevel
INFO: Applying difficulty level model.difficulty.medium
May 14, 2018 12:21:57 PM net.sf.freecol.common.model.Specification applyDifficultyLevel
INFO: Applying difficulty level model.difficulty.medium
May 14, 2018 12:21:57 PM net.sf.freecol.common.model.Specification applyDifficultyLevel
INFO: Applying difficulty level model.difficulty.medium
May 14, 2018 12:21:57 PM net.sf.freecol.common.model.Specification applyDifficultyLevel
INFO: Applying difficulty level model.difficulty.medium
May 14, 2018 12:21:57 PM net.sf.freecol.common.model.Specification applyDifficultyLevel
INFO: Applying difficulty level model.difficulty.medium
May 14, 2018 12:21:57 PM net.sf.freecol.common.model.Specification applyDifficultyLevel
INFO: Applying difficulty level model.difficulty.medium
May 14, 2018 12:21:57 PM net.sf.freecol.common.model.Specification applyDifficultyLevel
INFO: Applying difficulty level model.difficulty.medium
May 14, 2018 12:21:57 PM net.sf.freecol.common.model.Specification applyDifficultyLevel
INFO: Applying difficulty level model.difficulty.medium
May 14, 2018 12:21:57 PM net.sf.freecol.common.model.Specification applyDifficultyLevel
INFO: Applying difficulty level model.difficulty.medium
May 14, 2018 12:21:57 PM net.sf.freecol.common.model.Specification applyDifficultyLevel
INFO: Applying difficulty level model.difficulty.medium
May 14, 2018 12:21:57 PM net.sf.freecol.common.model.Specification applyDifficultyLevel
INFO: Applying difficulty level model.difficulty.medium
May 14, 2018 12:21:57 PM net.sf.freecol.common.model.Specification applyDifficultyLevel
INFO: Applying difficulty level model.difficulty.medium
May 14, 2018 12:21:57 PM net.sf.freecol.common.model.Specification applyDifficultyLevel
INFO: Applying difficulty level model.difficulty.medium
May 14, 2018 12:21:57 PM net.sf.freecol.common.model.Specification applyDifficultyLevel
INFO: Applying difficulty level model.difficulty.medium
May 14, 2018 12:21:57 PM net.sf.freecol.common.model.Specification applyDifficultyLevel
INFO: Applying difficulty level model.difficulty.medium
May 14, 2018 12:21:57 PM net.sf.freecol.common.model.Specification applyDifficultyLevel
INFO: Applying difficulty level model.difficulty.medium
May 14, 2018 12:21:57 PM net.sf.freecol.common.model.Specification applyDifficultyLevel
INFO: Applying difficulty level model.difficulty.medium
May 14, 2018 12:21:57 PM net.sf.freecol.common.model.Specification applyDifficultyLevel
INFO: Applying difficulty level model.difficulty.medium
May 14, 2018 12:21:58 PM net.sf.freecol.common.model.Specification applyDifficultyLevel
INFO: Applying difficulty level model.difficulty.medium
May 14, 2018 12:21:58 PM net.sf.freecol.common.model.Specification applyDifficultyLevel
INFO: Applying difficulty level model.difficulty.medium
May 14, 2018 12:21:58 PM net.sf.freecol.common.model.Specification applyDifficultyLevel
INFO: Applying difficulty level model.difficulty.medium
May 14, 2018 12:21:58 PM net.sf.freecol.common.model.Specification applyDifficultyLevel
INFO: Applying difficulty level model.difficulty.veryEasy
May 14, 2018 12:21:58 PM net.sf.freecol.common.model.Specification applyDifficultyLevel
INFO: Applying difficulty level model.difficulty.easy
May 14, 2018 12:21:58 PM net.sf.freecol.common.model.Specification applyDifficultyLevel
INFO: Applying difficulty level model.difficulty.medium
May 14, 2018 12:21:58 PM net.sf.freecol.common.model.Specification applyDifficultyLevel
INFO: Applying difficulty level model.difficulty.hard
May 14, 2018 12:21:58 PM net.sf.freecol.common.model.Specification applyDifficultyLevel
INFO: Applying difficulty level model.difficulty.veryHard
May 14, 2018 12:21:58 PM net.sf.freecol.common.model.Specification applyDifficultyLevel
INFO: Applying difficulty level model.difficulty.custom
May 14, 2018 12:21:58 PM net.sf.freecol.common.model.Specification applyDifficultyLevel
INFO: Applying difficulty level model.difficulty.medium
May 14, 2018 12:21:58 PM net.sf.freecol.common.model.Specification applyDifficultyLevel
INFO: Applying difficulty level model.difficulty.medium
May 14, 2018 12:21:58 PM net.sf.freecol.common.model.Specification applyDifficultyLevel
INFO: Applying difficulty level model.difficulty.medium
May 14, 2018 12:21:58 PM net.sf.freecol.common.model.Specification applyDifficultyLevel
INFO: Applying difficulty level model.difficulty.medium
May 14, 2018 12:21:58 PM net.sf.freecol.common.util.LogBuilder log
INFO: Destroying: unit:775
May 14, 2018 12:21:58 PM net.sf.freecol.common.model.Specification applyDifficultyLevel
INFO: Applying difficulty level model.difficulty.medium
May 14, 2018 12:21:58 PM net.sf.freecol.common.model.Specification applyDifficultyLevel
INFO: Applying difficulty level model.difficulty.medium
May 14, 2018 12:21:58 PM net.sf.freecol.common.model.Specification applyDifficultyLevel
INFO: Applying difficulty level model.difficulty.medium
May 14, 2018 12:21:58 PM net.sf.freecol.common.model.Specification applyDifficultyLevel
INFO: Applying difficulty level model.difficulty.medium
May 14, 2018 12:21:58 PM net.sf.freecol.common.model.Specification applyDifficultyLevel
INFO: Applying difficulty level model.difficulty.medium
May 14, 2018 12:21:58 PM net.sf.freecol.common.model.Specification applyDifficultyLevel
INFO: Applying difficulty level model.difficulty.medium
May 14, 2018 12:21:58 PM net.sf.freecol.common.FreeColSeed getFreeColSeed
INFO: Using seed: 6779791984399106212
May 14, 2018 12:21:58 PM net.sf.freecol.server.networking.Server sendToAll
INFO: Reap dead connection: [DummyConnection Server connection - model.nation.sioux]
May 14, 2018 12:21:58 PM net.sf.freecol.server.networking.Server sendToAll
INFO: Reap dead connection: [DummyConnection Server connection - model.nation.dutch]
May 14, 2018 12:21:58 PM net.sf.freecol.server.networking.Server sendToAll
INFO: Reap dead connection: [DummyConnection Server connection - model.nation.inca]
May 14, 2018 12:21:58 PM net.sf.freecol.server.networking.Server sendToAll
INFO: Reap dead connection: [DummyConnection Server connection - model.nation.cherokee]
May 14, 2018 12:21:58 PM net.sf.freecol.server.networking.Server sendToAll
INFO: Reap dead connection: [DummyConnection Server connection - model.nation.french]
May 14, 2018 12:21:58 PM net.sf.freecol.server.networking.Server sendToAll
INFO: Reap dead connection: [DummyConnection Server connection - model.nation.aztec]
May 14, 2018 12:21:58 PM net.sf.freecol.server.networking.Server sendToAll
INFO: Reap dead connection: [DummyConnection Server connection - model.nation.spanish]
May 14, 2018 12:21:58 PM net.sf.freecol.server.networking.Server sendToAll
INFO: Reap dead connection: [DummyConnection Server connection - model.nation.arawak]
May 14, 2018 12:21:58 PM net.sf.freecol.server.networking.Server sendToAll
INFO: Reap dead connection: [DummyConnection Server connection - model.nation.english]
May 14, 2018 12:21:58 PM net.sf.freecol.server.networking.Server sendToAll
INFO: Reap dead connection: [DummyConnection Server connection - model.nation.apache]
May 14, 2018 12:21:58 PM net.sf.freecol.server.networking.Server sendToAll
INFO: Reap dead connection: [DummyConnection Server connection - model.nation.iroquois]
May 14, 2018 12:21:58 PM net.sf.freecol.server.networking.Server sendToAll
INFO: Reap dead connection: [DummyConnection Server connection - model.nation.tupi]
May 14, 2018 12:21:59 PM net.sf.freecol.common.model.Specification applyDifficultyLevel
INFO: Applying difficulty level model.difficulty.medium
May 14, 2018 12:21:59 PM net.sf.freecol.common.model.Specification fixRoles
INFO: Loading role backward compatibility fragment: roles-compat.xml with roles: model.role.defaultmodel.role.scoutmodel.role.soldiermodel.role.dragoonmodel.role.pioneermodel.role.missionarymodel.role.infantrymodel.role.cavalrymodel.role.mountedBravemodel.role.armedBravemodel.role.nativeDragoon
May 14, 2018 12:21:59 PM net.sf.freecol.common.model.Specification checkDifficultyOptionGroup
INFO: Check group model.difficulty.immigration
May 14, 2018 12:21:59 PM net.sf.freecol.common.model.Specification checkDifficultyOptionGroup
INFO: Check group model.difficulty.natives
May 14, 2018 12:21:59 PM net.sf.freecol.common.model.Specification checkDifficultyOptionGroup
INFO: Check group model.difficulty.monarch
May 14, 2018 12:21:59 PM net.sf.freecol.common.model.Specification checkDifficultyOptionGroup
INFO: Check group model.difficulty.government
May 14, 2018 12:21:59 PM net.sf.freecol.common.model.Specification checkDifficultyOptionGroup
INFO: Check group model.difficulty.other
May 14, 2018 12:21:59 PM net.sf.freecol.common.model.Specification checkDifficultyOptionGroup
INFO: Check group model.difficulty.cheat
May 14, 2018 12:21:59 PM net.sf.freecol.common.model.Specification checkDifficultyUnitListOption
INFO: Added difficulty unit list option: model.option.immigrants
May 14, 2018 12:21:59 PM net.sf.freecol.common.model.Specification clean
INFO: Specification clean following load from InputStream complete, starting year=1492, season year=1600, ages=[1,109,309], seasons=2, 247 FreeColGameObjectTypes, 78 Abilities, 41 BuildingTypes, 14 Disasters, 5 EuropeanNationTypes, 2 Events, 25 FoundingFathers, 21 GoodsTypes, 8 IndianNationTypes, 60 Modifiers, 17 Nations, 65 Options, 16 Option Groups, 12 ResourceTypes, 11 Roles, 23 TileTypes, 6 TileImprovementTypes, 42 UnitTypes read.
May 14, 2018 12:21:59 PM net.sf.freecol.common.model.Specification applyDifficultyLevel
INFO: Applying difficulty level model.difficulty.veryEasy
May 14, 2018 12:21:59 PM net.sf.freecol.common.model.Specification checkDifficultyOptionGroup
INFO: Check group model.difficulty.immigration
May 14, 2018 12:21:59 PM net.sf.freecol.common.model.Specification checkDifficultyOptionGroup
INFO: Check group model.difficulty.natives
May 14, 2018 12:21:59 PM net.sf.freecol.common.model.Specification checkDifficultyOptionGroup
INFO: Check group model.difficulty.monarch
May 14, 2018 12:21:59 PM net.sf.freecol.common.model.Specification checkDifficultyOptionGroup
INFO: Check group model.difficulty.government
May 14, 2018 12:21:59 PM net.sf.freecol.common.model.Specification checkDifficultyOptionGroup
INFO: Check group model.difficulty.other
May 14, 2018 12:21:59 PM net.sf.freecol.common.model.Specification checkDifficultyOptionGroup
INFO: Check group model.difficulty.cheat
May 14, 2018 12:21:59 PM net.sf.freecol.common.model.Specification applyDifficultyLevel
INFO: Applying difficulty level model.difficulty.veryEasy
May 14, 2018 12:21:59 PM net.sf.freecol.common.model.Specification clean
INFO: Specification clean following load from InputStream complete, starting year=1492, season year=1600, ages=[1,109,309], seasons=2, 241 FreeColGameObjectTypes, 78 Abilities, 41 BuildingTypes, 14 Disasters, 5 EuropeanNationTypes, 2 Events, 25 FoundingFathers, 21 GoodsTypes, 8 IndianNationTypes, 60 Modifiers, 17 Nations, 112 Options, 22 Option Groups, 12 ResourceTypes, 11 Roles, 23 TileTypes, 6 TileImprovementTypes, 42 UnitTypes read.
May 14, 2018 12:21:59 PM net.sf.freecol.common.model.Specification fixRoles
INFO: Loading role backward compatibility fragment: roles-compat.xml with roles: model.role.defaultmodel.role.scoutmodel.role.soldiermodel.role.dragoonmodel.role.pioneermodel.role.missionarymodel.role.infantrymodel.role.cavalrymodel.role.mountedBravemodel.role.armedBravemodel.role.nativeDragoon
May 14, 2018 12:21:59 PM net.sf.freecol.common.model.Specification checkDifficultyOptionGroup
INFO: Check group model.difficulty.immigration
May 14, 2018 12:21:59 PM net.sf.freecol.common.model.Specification checkDifficultyOptionGroup
INFO: Check group model.difficulty.natives
May 14, 2018 12:21:59 PM net.sf.freecol.common.model.Specification checkDifficultyOptionGroup
INFO: Check group model.difficulty.monarch
May 14, 2018 12:21:59 PM net.sf.freecol.common.model.Specification checkDifficultyOptionGroup
INFO: Check group model.difficulty.government
May 14, 2018 12:21:59 PM net.sf.freecol.common.model.Specification checkDifficultyOptionGroup
INFO: Check group model.difficulty.other
May 14, 2018 12:21:59 PM net.sf.freecol.common.model.Specification checkDifficultyOptionGroup
INFO: Check group model.difficulty.cheat
May 14, 2018 12:21:59 PM net.sf.freecol.common.model.Specification checkDifficultyUnitListOption
INFO: Added difficulty unit list option: model.option.immigrants
May 14, 2018 12:21:59 PM net.sf.freecol.common.model.Specification clean
INFO: Specification clean following load from InputStream complete, starting year=1492, season year=1600, ages=[1,109,309], seasons=2, 247 FreeColGameObjectTypes, 78 Abilities, 41 BuildingTypes, 14 Disasters, 5 EuropeanNationTypes, 2 Events, 25 FoundingFathers, 21 GoodsTypes, 8 IndianNationTypes, 60 Modifiers, 17 Nations, 65 Options, 16 Option Groups, 12 ResourceTypes, 11 Roles, 23 TileTypes, 6 TileImprovementTypes, 42 UnitTypes read.
May 14, 2018 12:21:59 PM net.sf.freecol.common.model.Specification applyDifficultyLevel
INFO: Applying difficulty level model.difficulty.veryEasy
May 14, 2018 12:21:59 PM net.sf.freecol.common.model.Specification checkDifficultyOptionGroup
INFO: Check group model.difficulty.immigration
May 14, 2018 12:21:59 PM net.sf.freecol.common.model.Specification checkDifficultyOptionGroup
INFO: Check group model.difficulty.natives
May 14, 2018 12:21:59 PM net.sf.freecol.common.model.Specification checkDifficultyOptionGroup
INFO: Check group model.difficulty.monarch
May 14, 2018 12:21:59 PM net.sf.freecol.common.model.Specification checkDifficultyOptionGroup
INFO: Check group model.difficulty.government
May 14, 2018 12:21:59 PM net.sf.freecol.common.model.Specification checkDifficultyOptionGroup
INFO: Check group model.difficulty.other
May 14, 2018 12:21:59 PM net.sf.freecol.common.model.Specification checkDifficultyOptionGroup
INFO: Check group model.difficulty.cheat
May 14, 2018 12:21:59 PM net.sf.freecol.common.model.Specification applyDifficultyLevel
INFO: Applying difficulty level model.difficulty.veryEasy
May 14, 2018 12:21:59 PM net.sf.freecol.common.model.Specification clean
INFO: Specification clean following load from InputStream complete, starting year=1492, season year=1600, ages=[1,109,309], seasons=2, 241 FreeColGameObjectTypes, 78 Abilities, 41 BuildingTypes, 14 Disasters, 5 EuropeanNationTypes, 2 Events, 25 FoundingFathers, 21 GoodsTypes, 8 IndianNationTypes, 60 Modifiers, 17 Nations, 112 Options, 22 Option Groups, 12 ResourceTypes, 11 Roles, 23 TileTypes, 6 TileImprovementTypes, 42 UnitTypes read.
May 14, 2018 12:21:59 PM net.sf.freecol.common.model.Specification applyDifficultyLevel
INFO: Applying difficulty level model.difficulty.medium
May 14, 2018 12:21:59 PM net.sf.freecol.common.model.Specification applyDifficultyLevel
INFO: Applying difficulty level model.difficulty.medium
May 14, 2018 12:21:59 PM net.sf.freecol.common.model.Specification applyDifficultyLevel
INFO: Applying difficulty level model.difficulty.medium
May 14, 2018 12:21:59 PM net.sf.freecol.common.util.LogBuilder log
INFO: Destroying: goodsContainer:776 goodsContainer:778 unit:777 indianSettlement:775
May 14, 2018 12:21:59 PM net.sf.freecol.common.util.LogBuilder log
INFO: Destroying: goodsContainer:782 goodsContainer:784 unit:783 indianSettlement:781
May 14, 2018 12:21:59 PM net.sf.freecol.common.util.LogBuilder log
INFO: Destroying: goodsContainer:786 goodsContainer:788 unit:787 indianSettlement:785
May 14, 2018 12:21:59 PM net.sf.freecol.common.util.LogBuilder log
INFO: Destroying: goodsContainer:790 goodsContainer:792 unit:791 indianSettlement:789
May 14, 2018 12:21:59 PM net.sf.freecol.common.model.Specification applyDifficultyLevel
INFO: Applying difficulty level model.difficulty.medium
May 14, 2018 12:21:59 PM net.sf.freecol.common.model.Specification applyDifficultyLevel
INFO: Applying difficulty level model.difficulty.medium
May 14, 2018 12:21:59 PM net.sf.freecol.common.model.Specification applyDifficultyLevel
INFO: Applying difficulty level model.difficulty.medium
May 14, 2018 12:21:59 PM net.sf.freecol.common.model.Specification applyDifficultyLevel
INFO: Applying difficulty level model.difficulty.medium
May 14, 2018 12:21:59 PM net.sf.freecol.common.model.Specification applyDifficultyLevel
INFO: Applying difficulty level model.difficulty.medium
May 14, 2018 12:21:59 PM net.sf.freecol.common.model.Specification applyDifficultyLevel
INFO: Applying difficulty level model.difficulty.medium
May 14, 2018 12:21:59 PM net.sf.freecol.common.util.LogBuilder log
INFO: Destroying: tileImprovement:799
May 14, 2018 12:21:59 PM net.sf.freecol.common.model.Specification applyDifficultyLevel
INFO: Applying difficulty level model.difficulty.medium
May 14, 2018 12:21:59 PM net.sf.freecol.common.model.Specification applyDifficultyLevel
INFO: Applying difficulty level model.difficulty.medium
May 14, 2018 12:21:59 PM net.sf.freecol.common.model.Specification applyDifficultyLevel
INFO: Applying difficulty level model.difficulty.medium
May 14, 2018 12:21:59 PM net.sf.freecol.common.util.LogBuilder log
INFO: Destroying: tileImprovement:780
May 14, 2018 12:21:59 PM net.sf.freecol.common.model.Specification applyDifficultyLevel
INFO: Applying difficulty level model.difficulty.medium
May 14, 2018 12:21:59 PM net.sf.freecol.common.model.Specification applyDifficultyLevel
INFO: Applying difficulty level model.difficulty.medium
May 14, 2018 12:21:59 PM net.sf.freecol.common.model.Specification applyDifficultyLevel
INFO: Applying difficulty level model.difficulty.medium
May 14, 2018 12:21:59 PM net.sf.freecol.common.model.Specification applyDifficultyLevel
INFO: Applying difficulty level model.difficulty.medium
May 14, 2018 12:21:59 PM net.sf.freecol.common.model.Specification applyDifficultyLevel
INFO: Applying difficulty level model.difficulty.medium
May 14, 2018 12:21:59 PM net.sf.freecol.common.model.Specification applyDifficultyLevel
INFO: Applying difficulty level model.difficulty.medium
May 14, 2018 12:21:59 PM net.sf.freecol.common.model.Specification applyDifficultyLevel
INFO: Applying difficulty level model.difficulty.medium
May 14, 2018 12:21:59 PM net.sf.freecol.common.util.LogBuilder log
INFO: Destroying: tileImprovement:804
May 14, 2018 12:21:59 PM net.sf.freecol.common.model.Specification applyDifficultyLevel
INFO: Applying difficulty level model.difficulty.medium
May 14, 2018 12:21:59 PM net.sf.freecol.common.model.Specification applyDifficultyLevel
INFO: Applying difficulty level model.difficulty.medium
May 14, 2018 12:21:59 PM net.sf.freecol.common.model.Unit setLocation
WARNING: Can not add [unit:775 dutch merchantman 5/5] to tile:573
May 14, 2018 12:21:59 PM net.sf.freecol.common.model.Specification applyDifficultyLevel
INFO: Applying difficulty level model.difficulty.medium
May 14, 2018 12:21:59 PM net.sf.freecol.common.model.Unit setLocation
WARNING: Can not add [unit:775 dutch merchantman 5/5] to tile:573
May 14, 2018 12:21:59 PM net.sf.freecol.common.model.Specification applyDifficultyLevel
INFO: Applying difficulty level model.difficulty.medium
May 14, 2018 12:21:59 PM net.sf.freecol.common.model.Specification applyDifficultyLevel
INFO: Applying difficulty level model.difficulty.medium
May 14, 2018 12:21:59 PM net.sf.freecol.common.model.Specification applyDifficultyLevel
INFO: Applying difficulty level model.difficulty.medium
May 14, 2018 12:21:59 PM net.sf.freecol.common.model.Specification applyDifficultyLevel
INFO: Applying difficulty level model.difficulty.medium
May 14, 2018 12:21:59 PM net.sf.freecol.common.util.LogBuilder log
INFO: Destroying: goodsContainer:782 unit:781
May 14, 2018 12:21:59 PM net.sf.freecol.common.model.Specification applyDifficultyLevel
INFO: Applying difficulty level model.difficulty.medium
May 14, 2018 12:21:59 PM net.sf.freecol.common.model.Specification applyDifficultyLevel
INFO: Applying difficulty level model.difficulty.medium
May 14, 2018 12:21:59 PM net.sf.freecol.common.model.Unit setLocation
WARNING: Can not add [unit:775 dutch merchantman 5/5] to tile:573
May 14, 2018 12:21:59 PM net.sf.freecol.common.model.Specification applyDifficultyLevel
INFO: Applying difficulty level model.difficulty.medium
May 14, 2018 12:21:59 PM net.sf.freecol.common.model.Specification applyDifficultyLevel
INFO: Applying difficulty level model.difficulty.medium
May 14, 2018 12:21:59 PM net.sf.freecol.common.model.Unit setLocation
WARNING: Can not add [unit:777 dutch galleon 6/6] to tile:629
May 14, 2018 12:21:59 PM net.sf.freecol.common.model.Specification applyDifficultyLevel
INFO: Applying difficulty level model.difficulty.medium
May 14, 2018 12:21:59 PM net.sf.freecol.common.model.Specification applyDifficultyLevel
INFO: Applying difficulty level model.difficulty.medium
May 14, 2018 12:21:59 PM net.sf.freecol.common.model.Specification applyDifficultyLevel
INFO: Applying difficulty level model.difficulty.veryEasy
May 14, 2018 12:21:59 PM net.sf.freecol.common.model.Specification applyDifficultyLevel
INFO: Applying difficulty level model.difficulty.easy
May 14, 2018 12:21:59 PM net.sf.freecol.common.model.Specification applyDifficultyLevel
INFO: Applying difficulty level model.difficulty.medium
May 14, 2018 12:21:59 PM net.sf.freecol.common.model.Specification applyDifficultyLevel
INFO: Applying difficulty level model.difficulty.hard
May 14, 2018 12:21:59 PM net.sf.freecol.common.model.Specification applyDifficultyLevel
INFO: Applying difficulty level model.difficulty.veryHard
May 14, 2018 12:21:59 PM net.sf.freecol.common.model.Specification applyDifficultyLevel
INFO: Applying difficulty level model.difficulty.veryEasy
May 14, 2018 12:21:59 PM net.sf.freecol.common.model.Specification applyDifficultyLevel
INFO: Applying difficulty level model.difficulty.easy
May 14, 2018 12:21:59 PM net.sf.freecol.common.model.Specification applyDifficultyLevel
INFO: Applying difficulty level model.difficulty.medium
May 14, 2018 12:21:59 PM net.sf.freecol.common.model.Specification applyDifficultyLevel
INFO: Applying difficulty level model.difficulty.hard
May 14, 2018 12:21:59 PM net.sf.freecol.common.model.Specification applyDifficultyLevel
INFO: Applying difficulty level model.difficulty.veryHard
May 14, 2018 12:21:59 PM net.sf.freecol.common.model.Specification applyDifficultyLevel
INFO: Applying difficulty level model.difficulty.medium
May 14, 2018 12:21:59 PM net.sf.freecol.common.model.Specification applyDifficultyLevel
INFO: Applying difficulty level model.difficulty.medium
May 14, 2018 12:21:59 PM net.sf.freecol.common.model.Unit setLocation
WARNING: Can not add [unit:775 dutch frigate 6/6] to tile:574
May 14, 2018 12:21:59 PM net.sf.freecol.common.model.Specification applyDifficultyLevel
INFO: Applying difficulty level model.difficulty.medium
May 14, 2018 12:21:59 PM net.sf.freecol.common.model.Specification applyDifficultyLevel
INFO: Applying difficulty level model.difficulty.medium
May 14, 2018 12:21:59 PM net.sf.freecol.common.model.Specification applyDifficultyLevel
INFO: Applying difficulty level model.difficulty.medium
May 14, 2018 12:21:59 PM net.sf.freecol.common.model.Specification applyDifficultyLevel
INFO: Applying difficulty level model.difficulty.medium
May 14, 2018 12:21:59 PM net.sf.freecol.common.model.Specification applyDifficultyLevel
INFO: Applying difficulty level model.difficulty.medium
May 14, 2018 12:22:00 PM net.sf.freecol.common.resources.FontResource <init>
INFO: Loaded font: Serif.plain from: urn:font:Serif-PLAIN-12
May 14, 2018 12:22:00 PM net.sf.freecol.common.resources.FontResource <init>
INFO: Loaded font: Dialog.plain from: urn:font:Dialog-PLAIN-12
May 14, 2018 12:22:00 PM net.sf.freecol.common.resources.FontResource <init>
INFO: Loaded font: ShadowedBlack from: file:/E:/My%20Documents/GitHub/COSC442-Final-Project/FreeCol/data/base/resources/fonts/ShadowedBlack.ttf
May 14, 2018 12:22:00 PM net.sf.freecol.common.util.LogBuilder log
INFO: Resource mapping, data\base/resources.properties loaded, data\base/resources_en.properties not found
May 14, 2018 12:22:00 PM net.sf.freecol.common.resources.ResourceManager setBaseMapping
INFO: setBaseMapping net.sf.freecol.common.resources.ResourceMapping@26a8eaaa
May 14, 2018 12:22:00 PM net.sf.freecol.common.util.LogBuilder log
INFO: Resource mapping, data\base/resources.properties loaded, data\base/resources_en.properties not found
May 14, 2018 12:22:00 PM net.sf.freecol.common.resources.ResourceManager setBaseMapping
INFO: setBaseMapping net.sf.freecol.common.resources.ResourceMapping@324fb35d
May 14, 2018 12:22:00 PM net.sf.freecol.common.util.LogBuilder log
INFO: Resource mapping, data\rules\freecol/resources.properties loaded, data\rules\freecol/resources_en.properties not found
May 14, 2018 12:22:01 PM net.sf.freecol.common.util.LogBuilder log
INFO: Resource mapping, data\rules\classic/resources.properties loaded, data\rules\classic/resources_en.properties not found
May 14, 2018 12:22:01 PM net.sf.freecol.common.resources.ResourceManager setTcMapping
INFO: setTcMapping net.sf.freecol.common.resources.ResourceMapping@483eff43
May 14, 2018 12:22:04 PM net.sf.freecol.common.FreeColSeed getFreeColSeed
INFO: Using seed: -4571379401857314753
May 14, 2018 12:22:04 PM net.sf.freecol.common.model.LandMap <init>
INFO: Using land generator model.option.landGeneratorType.classic
May 14, 2018 12:22:04 PM net.sf.freecol.common.util.LogBuilder log
INFO: Destroying: tileImprovement:4301
May 14, 2018 12:22:04 PM net.sf.freecol.common.util.LogBuilder log
INFO: Destroying: tileImprovement:4303
May 14, 2018 12:22:04 PM net.sf.freecol.common.util.LogBuilder log
INFO: Destroying: tileImprovement:4305
May 14, 2018 12:22:04 PM net.sf.freecol.common.util.LogBuilder log
INFO: Destroying: tileImprovement:4307
May 14, 2018 12:22:04 PM net.sf.freecol.common.util.LogBuilder log
INFO: Destroying: tileImprovement:4309
May 14, 2018 12:22:04 PM net.sf.freecol.common.util.LogBuilder log
INFO: Destroying: tileImprovement:4395
May 14, 2018 12:22:04 PM net.sf.freecol.common.util.LogBuilder log
INFO: Destroying: tileImprovement:4397
May 14, 2018 12:22:04 PM net.sf.freecol.common.util.LogBuilder log
INFO: Destroying: tileImprovement:4399
May 14, 2018 12:22:04 PM net.sf.freecol.common.util.LogBuilder log
INFO: Destroying: tileImprovement:4401
May 14, 2018 12:22:04 PM net.sf.freecol.common.util.LogBuilder log
INFO: Destroying: tileImprovement:4403
May 14, 2018 12:22:04 PM net.sf.freecol.common.util.LogBuilder log
INFO: Destroying: tileImprovement:4405
May 14, 2018 12:22:04 PM net.sf.freecol.common.util.LogBuilder log
INFO: Destroying: tileImprovement:4407
May 14, 2018 12:22:04 PM net.sf.freecol.common.util.LogBuilder log
INFO: Destroying: tileImprovement:4409
May 14, 2018 12:22:04 PM net.sf.freecol.common.util.LogBuilder log
INFO: Destroying: tileImprovement:4411
May 14, 2018 12:22:04 PM net.sf.freecol.common.util.LogBuilder log
INFO: Destroying: tileImprovement:4413
May 14, 2018 12:22:04 PM net.sf.freecol.common.util.LogBuilder log
INFO: Destroying: tileImprovement:4415
May 14, 2018 12:22:04 PM net.sf.freecol.common.util.LogBuilder log
INFO: Destroying: tileImprovement:4417
May 14, 2018 12:22:04 PM net.sf.freecol.common.util.LogBuilder log
INFO: Destroying: tileImprovement:4419
May 14, 2018 12:22:04 PM net.sf.freecol.common.util.LogBuilder log
INFO: Destroying: tileImprovement:4393
May 14, 2018 12:22:04 PM net.sf.freecol.common.util.LogBuilder log
INFO: Destroying: tileImprovement:4375
May 14, 2018 12:22:04 PM net.sf.freecol.common.util.LogBuilder log
INFO: Destroying: tileImprovement:4377
May 14, 2018 12:22:04 PM net.sf.freecol.common.util.LogBuilder log
INFO: Destroying: tileImprovement:4379
May 14, 2018 12:22:04 PM net.sf.freecol.common.util.LogBuilder log
INFO: Destroying: tileImprovement:4381
May 14, 2018 12:22:04 PM net.sf.freecol.common.util.LogBuilder log
INFO: Destroying: tileImprovement:4383
May 14, 2018 12:22:04 PM net.sf.freecol.common.util.LogBuilder log
INFO: Destroying: tileImprovement:4385
May 14, 2018 12:22:04 PM net.sf.freecol.common.util.LogBuilder log
INFO: Destroying: tileImprovement:4387
May 14, 2018 12:22:04 PM net.sf.freecol.common.util.LogBuilder log
INFO: Destroying: tileImprovement:4389
May 14, 2018 12:22:04 PM net.sf.freecol.common.util.LogBuilder log
INFO: Destroying: tileImprovement:4370
May 14, 2018 12:22:04 PM net.sf.freecol.common.util.LogBuilder log
INFO: Destroying: tileImprovement:4371
May 14, 2018 12:22:04 PM net.sf.freecol.common.util.LogBuilder log
INFO: Destroying: tileImprovement:4372
May 14, 2018 12:22:04 PM net.sf.freecol.common.util.LogBuilder log
INFO: Destroying: tileImprovement:4373
May 14, 2018 12:22:04 PM net.sf.freecol.common.util.LogBuilder log
INFO: Destroying: tileImprovement:4374
May 14, 2018 12:22:04 PM net.sf.freecol.common.util.LogBuilder log
INFO: Destroying: tileImprovement:4498
May 14, 2018 12:22:04 PM net.sf.freecol.common.util.LogBuilder log
INFO: Destroying: tileImprovement:4499
May 14, 2018 12:22:04 PM net.sf.freecol.common.util.LogBuilder log
INFO: Destroying: tileImprovement:4500
May 14, 2018 12:22:04 PM net.sf.freecol.common.util.LogBuilder log
INFO: Destroying: tileImprovement:4501
May 14, 2018 12:22:04 PM net.sf.freecol.common.util.LogBuilder log
INFO: Destroying: tileImprovement:4608
May 14, 2018 12:22:04 PM net.sf.freecol.common.util.LogBuilder log
INFO: Destroying: tileImprovement:4475
May 14, 2018 12:22:04 PM net.sf.freecol.common.util.LogBuilder log
INFO: Destroying: tileImprovement:4476
May 14, 2018 12:22:04 PM net.sf.freecol.common.util.LogBuilder log
INFO: Destroying: tileImprovement:4477
May 14, 2018 12:22:04 PM net.sf.freecol.common.util.LogBuilder log
INFO: Destroying: tileImprovement:4478
May 14, 2018 12:22:04 PM net.sf.freecol.common.util.LogBuilder log
INFO: Destroying: tileImprovement:4479
May 14, 2018 12:22:04 PM net.sf.freecol.common.util.LogBuilder log
INFO: Destroying: tileImprovement:4480
May 14, 2018 12:22:04 PM net.sf.freecol.common.util.LogBuilder log
INFO: Destroying: tileImprovement:4336
May 14, 2018 12:22:04 PM net.sf.freecol.common.util.LogBuilder log
INFO: Destroying: tileImprovement:4338
May 14, 2018 12:22:04 PM net.sf.freecol.common.util.LogBuilder log
INFO: Destroying: tileImprovement:4340
May 14, 2018 12:22:04 PM net.sf.freecol.common.util.LogBuilder log
INFO: Destroying: tileImprovement:4342
May 14, 2018 12:22:04 PM net.sf.freecol.common.util.LogBuilder log
INFO: Destroying: tileImprovement:4344
May 14, 2018 12:22:04 PM net.sf.freecol.common.util.LogBuilder log
INFO: Destroying: tileImprovement:4346
May 14, 2018 12:22:04 PM net.sf.freecol.common.util.LogBuilder log
INFO: Destroying: tileImprovement:4592
May 14, 2018 12:22:04 PM net.sf.freecol.common.util.LogBuilder log
INFO: Destroying: tileImprovement:4594
May 14, 2018 12:22:04 PM net.sf.freecol.common.util.LogBuilder log
INFO: Destroying: tileImprovement:4596
May 14, 2018 12:22:04 PM net.sf.freecol.common.util.LogBuilder log
INFO: Destroying: tileImprovement:4598
May 14, 2018 12:22:04 PM net.sf.freecol.common.util.LogBuilder log
INFO: Destroying: tileImprovement:4600
May 14, 2018 12:22:04 PM net.sf.freecol.common.util.LogBuilder log
INFO: Destroying: tileImprovement:4602
May 14, 2018 12:22:04 PM net.sf.freecol.common.util.LogBuilder log
INFO: Destroying: tileImprovement:4604
May 14, 2018 12:22:04 PM net.sf.freecol.common.util.LogBuilder log
INFO: Destroying: tileImprovement:4606
May 14, 2018 12:22:04 PM net.sf.freecol.common.util.LogBuilder log
INFO: Destroying: tileImprovement:4624
May 14, 2018 12:22:04 PM net.sf.freecol.common.util.LogBuilder log
INFO: Destroying: tileImprovement:4481
May 14, 2018 12:22:04 PM net.sf.freecol.common.util.LogBuilder log
INFO: Destroying: tileImprovement:4483
May 14, 2018 12:22:04 PM net.sf.freecol.common.util.LogBuilder log
INFO: Destroying: tileImprovement:4485
May 14, 2018 12:22:04 PM net.sf.freecol.common.util.LogBuilder log
INFO: Destroying: tileImprovement:4487
May 14, 2018 12:22:04 PM net.sf.freecol.common.util.LogBuilder log
INFO: Destroying: tileImprovement:4489
May 14, 2018 12:22:04 PM net.sf.freecol.common.util.LogBuilder log
INFO: Destroying: tileImprovement:4491
May 14, 2018 12:22:04 PM net.sf.freecol.common.util.LogBuilder log
INFO: Destroying: tileImprovement:4467
May 14, 2018 12:22:04 PM net.sf.freecol.common.util.LogBuilder log
INFO: Destroying: tileImprovement:4468
May 14, 2018 12:22:04 PM net.sf.freecol.common.util.LogBuilder log
INFO: Destroying: tileImprovement:4469
May 14, 2018 12:22:04 PM net.sf.freecol.common.util.LogBuilder log
INFO: Destroying: tileImprovement:4470
May 14, 2018 12:22:04 PM net.sf.freecol.common.util.LogBuilder log
INFO: Destroying: tileImprovement:4471
May 14, 2018 12:22:04 PM net.sf.freecol.common.util.LogBuilder log
INFO: Destroying: tileImprovement:4472
May 14, 2018 12:22:04 PM net.sf.freecol.common.util.LogBuilder log
INFO: Destroying: tileImprovement:4473
May 14, 2018 12:22:04 PM net.sf.freecol.common.util.LogBuilder log
INFO: Destroying: tileImprovement:4474
May 14, 2018 12:22:04 PM net.sf.freecol.common.util.LogBuilder log
INFO: Destroying: tileImprovement:4651
May 14, 2018 12:22:04 PM net.sf.freecol.common.util.LogBuilder log
INFO: Destroying: tileImprovement:4653
May 14, 2018 12:22:04 PM net.sf.freecol.common.util.LogBuilder log
INFO: Destroying: tileImprovement:4655
May 14, 2018 12:22:04 PM net.sf.freecol.common.util.LogBuilder log
INFO: Destroying: tileImprovement:4657
May 14, 2018 12:22:04 PM net.sf.freecol.common.util.LogBuilder log
INFO: Destroying: tileImprovement:4659
May 14, 2018 12:22:04 PM net.sf.freecol.common.util.LogBuilder log
INFO: Destroying: tileImprovement:4661
May 14, 2018 12:22:04 PM net.sf.freecol.common.util.LogBuilder log
INFO: Destroying: tileImprovement:4663
May 14, 2018 12:22:04 PM net.sf.freecol.common.util.LogBuilder log
INFO: Destroying: tileImprovement:4665
May 14, 2018 12:22:04 PM net.sf.freecol.common.util.LogBuilder log
INFO: Destroying: tileImprovement:4667
May 14, 2018 12:22:04 PM net.sf.freecol.common.util.LogBuilder log
INFO: Destroying: tileImprovement:4512
May 14, 2018 12:22:04 PM net.sf.freecol.common.util.LogBuilder log
INFO: Destroying: tileImprovement:4514
May 14, 2018 12:22:04 PM net.sf.freecol.common.util.LogBuilder log
INFO: Destroying: tileImprovement:4516
May 14, 2018 12:22:04 PM net.sf.freecol.common.util.LogBuilder log
INFO: Destroying: tileImprovement:4518
May 14, 2018 12:22:04 PM net.sf.freecol.common.util.LogBuilder log
INFO: Destroying: tileImprovement:4520
May 14, 2018 12:22:04 PM net.sf.freecol.common.util.LogBuilder log
INFO: Destroying: tileImprovement:4522
May 14, 2018 12:22:04 PM net.sf.freecol.common.util.LogBuilder log
INFO: Destroying: tileImprovement:4524
May 14, 2018 12:22:04 PM net.sf.freecol.common.util.LogBuilder log
INFO: Destroying: tileImprovement:4526
May 14, 2018 12:22:04 PM net.sf.freecol.common.util.LogBuilder log
INFO: Destroying: tileImprovement:4528
May 14, 2018 12:22:04 PM net.sf.freecol.common.util.LogBuilder log
INFO: Destroying: tileImprovement:4530
May 14, 2018 12:22:04 PM net.sf.freecol.common.util.LogBuilder log
INFO: Destroying: tileImprovement:4532
May 14, 2018 12:22:04 PM net.sf.freecol.common.util.LogBuilder log
INFO: Destroying: tileImprovement:4534
May 14, 2018 12:22:04 PM net.sf.freecol.common.util.LogBuilder log
INFO: Destroying: tileImprovement:4536
May 14, 2018 12:22:04 PM net.sf.freecol.common.util.LogBuilder log
INFO: Destroying: tileImprovement:4538
May 14, 2018 12:22:04 PM net.sf.freecol.common.util.LogBuilder log
INFO: Destroying: tileImprovement:4540
May 14, 2018 12:22:04 PM net.sf.freecol.common.util.LogBuilder log
INFO: Destroying: tileImprovement:4542
May 14, 2018 12:22:04 PM net.sf.freecol.common.util.LogBuilder log
INFO: Destroying: tileImprovement:4494
May 14, 2018 12:22:04 PM net.sf.freecol.common.util.LogBuilder log
INFO: Destroying: tileImprovement:4495
May 14, 2018 12:22:04 PM net.sf.freecol.common.util.LogBuilder log
INFO: Destroying: tileImprovement:4496
May 14, 2018 12:22:04 PM net.sf.freecol.common.util.LogBuilder log
INFO: Destroying: tileImprovement:4497
May 14, 2018 12:22:04 PM net.sf.freecol.common.util.LogBuilder log
INFO: Destroying: tileImprovement:4289
May 14, 2018 12:22:04 PM net.sf.freecol.common.util.LogBuilder log
INFO: Destroying: tileImprovement:4291
May 14, 2018 12:22:04 PM net.sf.freecol.common.util.LogBuilder log
INFO: Destroying: tileImprovement:4293
May 14, 2018 12:22:04 PM net.sf.freecol.common.util.LogBuilder log
INFO: Destroying: tileImprovement:4295
May 14, 2018 12:22:04 PM net.sf.freecol.common.util.LogBuilder log
INFO: Destroying: tileImprovement:4297
May 14, 2018 12:22:04 PM net.sf.freecol.common.util.LogBuilder log
INFO: Destroying: tileImprovement:4299
May 14, 2018 12:22:04 PM net.sf.freecol.common.util.LogBuilder log
INFO: Destroying: tileImprovement:4312
May 14, 2018 12:22:04 PM net.sf.freecol.common.util.LogBuilder log
INFO: Destroying: tileImprovement:4314
May 14, 2018 12:22:04 PM net.sf.freecol.common.util.LogBuilder log
INFO: Destroying: tileImprovement:4316
May 14, 2018 12:22:04 PM net.sf.freecol.common.util.LogBuilder log
INFO: Destroying: tileImprovement:4318
May 14, 2018 12:22:04 PM net.sf.freecol.common.util.LogBuilder log
INFO: Destroying: tileImprovement:4320
May 14, 2018 12:22:04 PM net.sf.freecol.common.util.LogBuilder log
INFO: Destroying: tileImprovement:4322
May 14, 2018 12:22:04 PM net.sf.freecol.common.util.LogBuilder log
INFO: Destroying: tileImprovement:4324
May 14, 2018 12:22:04 PM net.sf.freecol.common.util.LogBuilder log
INFO: Destroying: tileImprovement:4326
May 14, 2018 12:22:04 PM net.sf.freecol.common.util.LogBuilder log
INFO: Destroying: tileImprovement:4328
May 14, 2018 12:22:04 PM net.sf.freecol.common.util.LogBuilder log
INFO: Destroying: tileImprovement:4330
May 14, 2018 12:22:04 PM net.sf.freecol.common.util.LogBuilder log
INFO: Destroying: tileImprovement:4332
May 14, 2018 12:22:04 PM net.sf.freecol.common.util.LogBuilder log
INFO: Destroying: tileImprovement:4334
May 14, 2018 12:22:04 PM net.sf.freecol.common.util.LogBuilder log
INFO: Destroying: tileImprovement:4685
May 14, 2018 12:22:04 PM net.sf.freecol.common.util.LogBuilder log
INFO: Destroying: tileImprovement:4686
May 14, 2018 12:22:04 PM net.sf.freecol.common.util.LogBuilder log
INFO: Destroying: tileImprovement:4687
May 14, 2018 12:22:04 PM net.sf.freecol.common.util.LogBuilder log
INFO: Destroying: tileImprovement:4688
May 14, 2018 12:22:04 PM net.sf.freecol.common.util.LogBuilder log
INFO: Destroying: tileImprovement:4689
May 14, 2018 12:22:04 PM net.sf.freecol.common.util.LogBuilder log
INFO: Destroying: tileImprovement:4690
May 14, 2018 12:22:04 PM net.sf.freecol.common.util.LogBuilder log
INFO: Destroying: tileImprovement:4440
May 14, 2018 12:22:04 PM net.sf.freecol.common.util.LogBuilder log
INFO: Destroying: tileImprovement:4442
May 14, 2018 12:22:04 PM net.sf.freecol.common.util.LogBuilder log
INFO: Destroying: tileImprovement:4444
May 14, 2018 12:22:04 PM net.sf.freecol.common.util.LogBuilder log
INFO: Destroying: tileImprovement:4446
May 14, 2018 12:22:04 PM net.sf.freecol.common.util.LogBuilder log
INFO: Destroying: tileImprovement:4744
May 14, 2018 12:22:04 PM net.sf.freecol.common.util.LogBuilder log
INFO: Destroying: tileImprovement:4745
May 14, 2018 12:22:04 PM net.sf.freecol.common.util.LogBuilder log
INFO: Destroying: tileImprovement:4746
May 14, 2018 12:22:04 PM net.sf.freecol.common.util.LogBuilder log
INFO: Destroying: tileImprovement:4747
May 14, 2018 12:22:04 PM net.sf.freecol.common.util.LogBuilder log
INFO: Destroying: tileImprovement:4841
May 14, 2018 12:22:04 PM net.sf.freecol.common.util.LogBuilder log
INFO: Destroying: tileImprovement:4843
May 14, 2018 12:22:04 PM net.sf.freecol.common.util.LogBuilder log
INFO: Destroying: tileImprovement:4835
May 14, 2018 12:22:04 PM net.sf.freecol.common.util.LogBuilder log
INFO: Destroying: tileImprovement:4836
May 14, 2018 12:22:04 PM net.sf.freecol.common.util.LogBuilder log
INFO: Destroying: tileImprovement:4837
May 14, 2018 12:22:04 PM net.sf.freecol.common.util.LogBuilder log
INFO: Destroying: tileImprovement:4838
May 14, 2018 12:22:04 PM net.sf.freecol.common.util.LogBuilder log
INFO: Destroying: tileImprovement:4839
May 14, 2018 12:22:04 PM net.sf.freecol.common.util.LogBuilder log
INFO: Destroying: tileImprovement:4840
May 14, 2018 12:22:04 PM net.sf.freecol.common.util.LogBuilder log
INFO: Destroying: tileImprovement:4567
May 14, 2018 12:22:04 PM net.sf.freecol.common.util.LogBuilder log
INFO: Destroying: tileImprovement:4569
May 14, 2018 12:22:04 PM net.sf.freecol.common.util.LogBuilder log
INFO: Destroying: tileImprovement:4571
May 14, 2018 12:22:04 PM net.sf.freecol.common.util.LogBuilder log
INFO: Destroying: tileImprovement:4573
May 14, 2018 12:22:04 PM net.sf.freecol.common.util.LogBuilder log
INFO: Destroying: tileImprovement:4575
May 14, 2018 12:22:04 PM net.sf.freecol.common.util.LogBuilder log
INFO: Destroying: tileImprovement:4577
May 14, 2018 12:22:04 PM net.sf.freecol.common.util.LogBuilder log
INFO: Destroying: tileImprovement:4559
May 14, 2018 12:22:04 PM net.sf.freecol.common.util.LogBuilder log
INFO: Destroying: tileImprovement:4561
May 14, 2018 12:22:04 PM net.sf.freecol.common.util.LogBuilder log
INFO: Destroying: tileImprovement:4563
May 14, 2018 12:22:04 PM net.sf.freecol.common.util.LogBuilder log
INFO: Destroying: tileImprovement:4565
May 14, 2018 12:22:04 PM net.sf.freecol.common.util.LogBuilder log
INFO: Destroying: tileImprovement:4982
May 14, 2018 12:22:04 PM net.sf.freecol.common.util.LogBuilder log
INFO: Destroying: tileImprovement:4983
May 14, 2018 12:22:04 PM net.sf.freecol.common.util.LogBuilder log
INFO: Destroying: tileImprovement:4984
May 14, 2018 12:22:04 PM net.sf.freecol.common.util.LogBuilder log
INFO: Destroying: tileImprovement:4985
May 14, 2018 12:22:04 PM net.sf.freecol.common.util.LogBuilder log
INFO: Destroying: tileImprovement:4986
May 14, 2018 12:22:04 PM net.sf.freecol.common.util.LogBuilder log
INFO: Destroying: tileImprovement:4987
May 14, 2018 12:22:04 PM net.sf.freecol.common.util.LogBuilder log
INFO: Destroying: tileImprovement:4424
May 14, 2018 12:22:04 PM net.sf.freecol.common.util.LogBuilder log
INFO: Destroying: tileImprovement:4426
May 14, 2018 12:22:04 PM net.sf.freecol.common.util.LogBuilder log
INFO: Destroying: tileImprovement:4428
May 14, 2018 12:22:04 PM net.sf.freecol.common.util.LogBuilder log
INFO: Destroying: tileImprovement:4430
May 14, 2018 12:22:04 PM net.sf.freecol.common.util.LogBuilder log
INFO: Destroying: tileImprovement:4432
May 14, 2018 12:22:04 PM net.sf.freecol.common.util.LogBuilder log
INFO: Destroying: tileImprovement:4434
May 14, 2018 12:22:04 PM net.sf.freecol.common.util.LogBuilder log
INFO: Destroying: tileImprovement:4436
May 14, 2018 12:22:04 PM net.sf.freecol.common.util.LogBuilder log
INFO: Destroying: tileImprovement:4438
May 14, 2018 12:22:04 PM net.sf.freecol.common.util.LogBuilder log
INFO: Destroying: tileImprovement:4909
May 14, 2018 12:22:04 PM net.sf.freecol.common.util.LogBuilder log
INFO: Destroying: tileImprovement:4910
May 14, 2018 12:22:04 PM net.sf.freecol.common.util.LogBuilder log
INFO: Destroying: tileImprovement:4911
May 14, 2018 12:22:04 PM net.sf.freecol.common.util.LogBuilder log
INFO: Destroying: tileImprovement:4912
May 14, 2018 12:22:04 PM net.sf.freecol.common.util.LogBuilder log
INFO: Destroying: tileImprovement:4820
May 14, 2018 12:22:04 PM net.sf.freecol.common.util.LogBuilder log
INFO: Destroying: tileImprovement:4822
May 14, 2018 12:22:04 PM net.sf.freecol.common.util.LogBuilder log
INFO: Destroying: tileImprovement:4794
May 14, 2018 12:22:04 PM net.sf.freecol.common.util.LogBuilder log
INFO: Destroying: tileImprovement:4795
May 14, 2018 12:22:04 PM net.sf.freecol.common.util.LogBuilder log
INFO: Destroying: tileImprovement:4796
May 14, 2018 12:22:04 PM net.sf.freecol.common.util.LogBuilder log
INFO: Destroying: tileImprovement:4797
May 14, 2018 12:22:04 PM net.sf.freecol.common.util.LogBuilder log
INFO: Destroying: tileImprovement:4798
May 14, 2018 12:22:04 PM net.sf.freecol.common.util.LogBuilder log
INFO: Destroying: tileImprovement:4799
May 14, 2018 12:22:04 PM net.sf.freecol.common.util.LogBuilder log
INFO: Destroying: tileImprovement:4800
May 14, 2018 12:22:04 PM net.sf.freecol.common.util.LogBuilder log
INFO: Destroying: tileImprovement:4801
May 14, 2018 12:22:04 PM net.sf.freecol.common.util.LogBuilder log
INFO: Destroying: tileImprovement:4802
May 14, 2018 12:22:04 PM net.sf.freecol.common.util.LogBuilder log
INFO: Destroying: tileImprovement:4803
May 14, 2018 12:22:04 PM net.sf.freecol.common.util.LogBuilder log
INFO: Destroying: tileImprovement:4804
May 14, 2018 12:22:04 PM net.sf.freecol.common.util.LogBuilder log
INFO: Destroying: tileImprovement:4805
May 14, 2018 12:22:04 PM net.sf.freecol.common.util.LogBuilder log
INFO: Destroying: tileImprovement:4806
May 14, 2018 12:22:04 PM net.sf.freecol.common.util.LogBuilder log
INFO: Destroying: tileImprovement:4807
May 14, 2018 12:22:04 PM net.sf.freecol.common.util.LogBuilder log
INFO: Destroying: tileImprovement:4808
May 14, 2018 12:22:04 PM net.sf.freecol.common.util.LogBuilder log
INFO: Destroying: tileImprovement:4809
May 14, 2018 12:22:04 PM net.sf.freecol.server.networking.Server sendToAll
INFO: Reap dead connection: [DummyConnection Server connection - model.nation.inca]
May 14, 2018 12:22:04 PM net.sf.freecol.server.networking.Server sendToAll
INFO: Reap dead connection: [DummyConnection Server connection - model.nation.arawak]
May 14, 2018 12:22:04 PM net.sf.freecol.server.networking.Server sendToAll
INFO: Reap dead connection: [DummyConnection Server connection - model.nation.tupi]
May 14, 2018 12:22:04 PM net.sf.freecol.server.networking.Server sendToAll
INFO: Reap dead connection: [DummyConnection Server connection - model.nation.dutch]
May 14, 2018 12:22:04 PM net.sf.freecol.server.networking.Server sendToAll
INFO: Reap dead connection: [DummyConnection Server connection - model.nation.iroquois]
May 14, 2018 12:22:04 PM net.sf.freecol.server.networking.Server sendToAll
INFO: Reap dead connection: [DummyConnection Server connection - model.nation.french]
May 14, 2018 12:22:04 PM net.sf.freecol.server.networking.Server sendToAll
INFO: Reap dead connection: [DummyConnection Server connection - model.nation.apache]
May 14, 2018 12:22:04 PM net.sf.freecol.server.networking.Server sendToAll
INFO: Reap dead connection: [DummyConnection Server connection - model.nation.sioux]
May 14, 2018 12:22:04 PM net.sf.freecol.server.networking.Server sendToAll
INFO: Reap dead connection: [DummyConnection Server connection - model.nation.spanish]
May 14, 2018 12:22:04 PM net.sf.freecol.server.networking.Server sendToAll
INFO: Reap dead connection: [DummyConnection Server connection - model.nation.cherokee]
May 14, 2018 12:22:04 PM net.sf.freecol.server.networking.Server sendToAll
INFO: Reap dead connection: [DummyConnection Server connection - model.nation.english]
May 14, 2018 12:22:04 PM net.sf.freecol.server.networking.Server sendToAll
INFO: Reap dead connection: [DummyConnection Server connection - model.nation.aztec]
May 14, 2018 12:22:04 PM net.sf.freecol.common.FreeColSeed getFreeColSeed
INFO: Using seed: 3796005804573514925
May 14, 2018 12:22:04 PM net.sf.freecol.server.FreeColServer readGame
INFO: Found savegame version 13
May 14, 2018 12:22:04 PM net.sf.freecol.common.model.Game readChild
INFO: Loading specification.
May 14, 2018 12:22:04 PM net.sf.freecol.common.model.Specification checkDifficultyOptionGroup
INFO: Check group model.difficulty.immigration
May 14, 2018 12:22:04 PM net.sf.freecol.common.model.Specification checkDifficultyOptionGroup
INFO: Check group model.difficulty.natives
May 14, 2018 12:22:04 PM net.sf.freecol.common.model.Specification checkDifficultyOptionGroup
INFO: Check group model.difficulty.monarch
May 14, 2018 12:22:04 PM net.sf.freecol.common.model.Specification checkDifficultyOptionGroup
INFO: Check group model.difficulty.government
May 14, 2018 12:22:04 PM net.sf.freecol.common.model.Specification checkDifficultyOptionGroup
INFO: Check group model.difficulty.other
May 14, 2018 12:22:04 PM net.sf.freecol.common.model.Specification checkDifficultyOptionGroup
INFO: Check group model.difficulty.cheat
May 14, 2018 12:22:04 PM net.sf.freecol.common.model.Specification applyDifficultyLevel
INFO: Applying difficulty level model.difficulty.medium
May 14, 2018 12:22:04 PM net.sf.freecol.common.model.Specification clean
INFO: Specification clean following load from stream complete, starting year=1492, season year=1600, ages=[1,109,309], seasons=2, 253 FreeColGameObjectTypes, 79 Abilities, 41 BuildingTypes, 14 Disasters, 9 EuropeanNationTypes, 2 Events, 25 FoundingFathers, 21 GoodsTypes, 8 IndianNationTypes, 59 Modifiers, 25 Nations, 161 Options, 23 Option Groups, 12 ResourceTypes, 11 Roles, 23 TileTypes, 6 TileImprovementTypes, 42 UnitTypes read.
May 14, 2018 12:22:04 PM net.sf.freecol.server.FreeColServer loadGame
INFO: Game integrity test succeeded.
May 14, 2018 12:22:04 PM net.sf.freecol.server.FreeColServer loadGame
INFO: AI integrity test succeeded
May 14, 2018 12:22:04 PM net.sf.freecol.common.FreeColSeed getFreeColSeed
INFO: Using seed: 7699717218048284310
May 14, 2018 12:22:05 PM net.sf.freecol.common.model.LandMap <init>
INFO: Using land generator model.option.landGeneratorType.classic
May 14, 2018 12:22:05 PM net.sf.freecol.common.util.LogBuilder log
INFO: Destroying: tileImprovement:4288
May 14, 2018 12:22:05 PM net.sf.freecol.common.util.LogBuilder log
INFO: Destroying: tileImprovement:4290
May 14, 2018 12:22:05 PM net.sf.freecol.common.util.LogBuilder log
INFO: Destroying: tileImprovement:4292
May 14, 2018 12:22:05 PM net.sf.freecol.common.util.LogBuilder log
INFO: Destroying: tileImprovement:4294
May 14, 2018 12:22:05 PM net.sf.freecol.common.util.LogBuilder log
INFO: Destroying: tileImprovement:4296
May 14, 2018 12:22:05 PM net.sf.freecol.common.util.LogBuilder log
INFO: Destroying: tileImprovement:4298
May 14, 2018 12:22:05 PM net.sf.freecol.common.util.LogBuilder log
INFO: Destroying: tileImprovement:4300
May 14, 2018 12:22:05 PM net.sf.freecol.common.util.LogBuilder log
INFO: Destroying: tileImprovement:4302
May 14, 2018 12:22:05 PM net.sf.freecol.common.util.LogBuilder log
INFO: Destroying: tileImprovement:4304
May 14, 2018 12:22:05 PM net.sf.freecol.common.util.LogBuilder log
INFO: Destroying: tileImprovement:4306
May 14, 2018 12:22:05 PM net.sf.freecol.common.util.LogBuilder log
INFO: Destroying: tileImprovement:4319
May 14, 2018 12:22:05 PM net.sf.freecol.common.util.LogBuilder log
INFO: Destroying: tileImprovement:4321
May 14, 2018 12:22:05 PM net.sf.freecol.common.util.LogBuilder log
INFO: Destroying: tileImprovement:4323
May 14, 2018 12:22:05 PM net.sf.freecol.common.util.LogBuilder log
INFO: Destroying: tileImprovement:4309
May 14, 2018 12:22:05 PM net.sf.freecol.common.util.LogBuilder log
INFO: Destroying: tileImprovement:4310
May 14, 2018 12:22:05 PM net.sf.freecol.common.util.LogBuilder log
INFO: Destroying: tileImprovement:4311
May 14, 2018 12:22:05 PM net.sf.freecol.common.util.LogBuilder log
INFO: Destroying: tileImprovement:4312
May 14, 2018 12:22:05 PM net.sf.freecol.common.util.LogBuilder log
INFO: Destroying: tileImprovement:4313
May 14, 2018 12:22:05 PM net.sf.freecol.common.util.LogBuilder log
INFO: Destroying: tileImprovement:4314
May 14, 2018 12:22:05 PM net.sf.freecol.common.util.LogBuilder log
INFO: Destroying: tileImprovement:4315
May 14, 2018 12:22:05 PM net.sf.freecol.common.util.LogBuilder log
INFO: Destroying: tileImprovement:4316
May 14, 2018 12:22:05 PM net.sf.freecol.common.util.LogBuilder log
INFO: Destroying: tileImprovement:4317
May 14, 2018 12:22:05 PM net.sf.freecol.common.util.LogBuilder log
INFO: Destroying: tileImprovement:4318
May 14, 2018 12:22:05 PM net.sf.freecol.common.util.LogBuilder log
INFO: Destroying: tileImprovement:4434
May 14, 2018 12:22:05 PM net.sf.freecol.common.util.LogBuilder log
INFO: Destroying: tileImprovement:4436
May 14, 2018 12:22:05 PM net.sf.freecol.common.util.LogBuilder log
INFO: Destroying: tileImprovement:4438
May 14, 2018 12:22:05 PM net.sf.freecol.common.util.LogBuilder log
INFO: Destroying: tileImprovement:4440
May 14, 2018 12:22:05 PM net.sf.freecol.common.util.LogBuilder log
INFO: Destroying: tileImprovement:4442
May 14, 2018 12:22:05 PM net.sf.freecol.common.util.LogBuilder log
INFO: Destroying: tileImprovement:4444
May 14, 2018 12:22:05 PM net.sf.freecol.common.util.LogBuilder log
INFO: Destroying: tileImprovement:4380
May 14, 2018 12:22:05 PM net.sf.freecol.common.util.LogBuilder log
INFO: Destroying: tileImprovement:4382
May 14, 2018 12:22:05 PM net.sf.freecol.common.util.LogBuilder log
INFO: Destroying: tileImprovement:4384
May 14, 2018 12:22:05 PM net.sf.freecol.common.util.LogBuilder log
INFO: Destroying: tileImprovement:4514
May 14, 2018 12:22:05 PM net.sf.freecol.common.util.LogBuilder log
INFO: Destroying: tileImprovement:4516
May 14, 2018 12:22:05 PM net.sf.freecol.common.util.LogBuilder log
INFO: Destroying: tileImprovement:4511
May 14, 2018 12:22:05 PM net.sf.freecol.common.util.LogBuilder log
INFO: Destroying: tileImprovement:4512
May 14, 2018 12:22:05 PM net.sf.freecol.common.util.LogBuilder log
INFO: Destroying: tileImprovement:4513
May 14, 2018 12:22:05 PM net.sf.freecol.common.util.LogBuilder log
INFO: Destroying: tileImprovement:4466
May 14, 2018 12:22:05 PM net.sf.freecol.common.util.LogBuilder log
INFO: Destroying: tileImprovement:4467
May 14, 2018 12:22:05 PM net.sf.freecol.common.util.LogBuilder log
INFO: Destroying: tileImprovement:4468
May 14, 2018 12:22:05 PM net.sf.freecol.common.util.LogBuilder log
INFO: Destroying: tileImprovement:4469
May 14, 2018 12:22:05 PM net.sf.freecol.common.util.LogBuilder log
INFO: Destroying: tileImprovement:4406
May 14, 2018 12:22:05 PM net.sf.freecol.common.util.LogBuilder log
INFO: Destroying: tileImprovement:4408
May 14, 2018 12:22:05 PM net.sf.freecol.common.util.LogBuilder log
INFO: Destroying: tileImprovement:4410
May 14, 2018 12:22:05 PM net.sf.freecol.common.util.LogBuilder log
INFO: Destroying: tileImprovement:4412
May 14, 2018 12:22:05 PM net.sf.freecol.common.util.LogBuilder log
INFO: Destroying: tileImprovement:4414
May 14, 2018 12:22:05 PM net.sf.freecol.common.util.LogBuilder log
INFO: Destroying: tileImprovement:4416
May 14, 2018 12:22:05 PM net.sf.freecol.common.util.LogBuilder log
INFO: Destroying: tileImprovement:4418
May 14, 2018 12:22:05 PM net.sf.freecol.common.util.LogBuilder log
INFO: Destroying: tileImprovement:4420
May 14, 2018 12:22:05 PM net.sf.freecol.common.util.LogBuilder log
INFO: Destroying: tileImprovement:4422
May 14, 2018 12:22:05 PM net.sf.freecol.common.util.LogBuilder log
INFO: Destroying: tileImprovement:4424
May 14, 2018 12:22:05 PM net.sf.freecol.common.util.LogBuilder log
INFO: Destroying: tileImprovement:4426
May 14, 2018 12:22:05 PM net.sf.freecol.common.util.LogBuilder log
INFO: Destroying: tileImprovement:4428
May 14, 2018 12:22:05 PM net.sf.freecol.common.util.LogBuilder log
INFO: Destroying: tileImprovement:4430
May 14, 2018 12:22:05 PM net.sf.freecol.common.util.LogBuilder log
INFO: Destroying: tileImprovement:4404
May 14, 2018 12:22:05 PM net.sf.freecol.common.util.LogBuilder log
INFO: Destroying: tileImprovement:4520
May 14, 2018 12:22:05 PM net.sf.freecol.common.util.LogBuilder log
INFO: Destroying: tileImprovement:4522
May 14, 2018 12:22:05 PM net.sf.freecol.common.util.LogBuilder log
INFO: Destroying: tileImprovement:4524
May 14, 2018 12:22:05 PM net.sf.freecol.common.util.LogBuilder log
INFO: Destroying: tileImprovement:4526
May 14, 2018 12:22:05 PM net.sf.freecol.common.util.LogBuilder log
INFO: Destroying: tileImprovement:4528
May 14, 2018 12:22:05 PM net.sf.freecol.common.util.LogBuilder log
INFO: Destroying: tileImprovement:4530
May 14, 2018 12:22:05 PM net.sf.freecol.common.util.LogBuilder log
INFO: Destroying: tileImprovement:4532
May 14, 2018 12:22:05 PM net.sf.freecol.common.util.LogBuilder log
INFO: Destroying: tileImprovement:4534
May 14, 2018 12:22:05 PM net.sf.freecol.common.util.LogBuilder log
INFO: Destroying: tileImprovement:4536
May 14, 2018 12:22:05 PM net.sf.freecol.common.util.LogBuilder log
INFO: Destroying: tileImprovement:4538
May 14, 2018 12:22:05 PM net.sf.freecol.common.util.LogBuilder log
INFO: Destroying: tileImprovement:4540
May 14, 2018 12:22:05 PM net.sf.freecol.common.util.LogBuilder log
INFO: Destroying: tileImprovement:4542
May 14, 2018 12:22:05 PM net.sf.freecol.common.util.LogBuilder log
INFO: Destroying: tileImprovement:4544
May 14, 2018 12:22:05 PM net.sf.freecol.common.util.LogBuilder log
INFO: Destroying: tileImprovement:4546
May 14, 2018 12:22:05 PM net.sf.freecol.common.util.LogBuilder log
INFO: Destroying: tileImprovement:4548
May 14, 2018 12:22:05 PM net.sf.freecol.common.util.LogBuilder log
INFO: Destroying: tileImprovement:4478
May 14, 2018 12:22:05 PM net.sf.freecol.common.util.LogBuilder log
INFO: Destroying: tileImprovement:4480
May 14, 2018 12:22:05 PM net.sf.freecol.common.util.LogBuilder log
INFO: Destroying: tileImprovement:4482
May 14, 2018 12:22:05 PM net.sf.freecol.common.util.LogBuilder log
INFO: Destroying: tileImprovement:4484
May 14, 2018 12:22:05 PM net.sf.freecol.common.util.LogBuilder log
INFO: Destroying: tileImprovement:4486
May 14, 2018 12:22:05 PM net.sf.freecol.common.util.LogBuilder log
INFO: Destroying: tileImprovement:4488
May 14, 2018 12:22:05 PM net.sf.freecol.common.util.LogBuilder log
INFO: Destroying: tileImprovement:4490
May 14, 2018 12:22:05 PM net.sf.freecol.common.util.LogBuilder log
INFO: Destroying: tileImprovement:4492
May 14, 2018 12:22:05 PM net.sf.freecol.common.util.LogBuilder log
INFO: Destroying: tileImprovement:4494
May 14, 2018 12:22:05 PM net.sf.freecol.common.util.LogBuilder log
INFO: Destroying: tileImprovement:4496
May 14, 2018 12:22:05 PM net.sf.freecol.common.util.LogBuilder log
INFO: Destroying: tileImprovement:4498
May 14, 2018 12:22:05 PM net.sf.freecol.common.util.LogBuilder log
INFO: Destroying: tileImprovement:4500
May 14, 2018 12:22:05 PM net.sf.freecol.common.util.LogBuilder log
INFO: Destroying: tileImprovement:4502
May 14, 2018 12:22:05 PM net.sf.freecol.common.util.LogBuilder log
INFO: Destroying: tileImprovement:4504
May 14, 2018 12:22:05 PM net.sf.freecol.common.util.LogBuilder log
INFO: Destroying: tileImprovement:4506
May 14, 2018 12:22:05 PM net.sf.freecol.common.util.LogBuilder log
INFO: Destroying: tileImprovement:4508
May 14, 2018 12:22:05 PM net.sf.freecol.common.util.LogBuilder log
INFO: Destroying: tileImprovement:4464
May 14, 2018 12:22:05 PM net.sf.freecol.common.util.LogBuilder log
INFO: Destroying: tileImprovement:4465
May 14, 2018 12:22:05 PM net.sf.freecol.common.util.LogBuilder log
INFO: Destroying: tileImprovement:4715
May 14, 2018 12:22:05 PM net.sf.freecol.common.util.LogBuilder log
INFO: Destroying: tileImprovement:4717
May 14, 2018 12:22:05 PM net.sf.freecol.common.util.LogBuilder log
INFO: Destroying: tileImprovement:4701
May 14, 2018 12:22:05 PM net.sf.freecol.common.util.LogBuilder log
INFO: Destroying: tileImprovement:4702
May 14, 2018 12:22:05 PM net.sf.freecol.common.util.LogBuilder log
INFO: Destroying: tileImprovement:4703
May 14, 2018 12:22:05 PM net.sf.freecol.common.util.LogBuilder log
INFO: Destroying: tileImprovement:4704
May 14, 2018 12:22:05 PM net.sf.freecol.common.util.LogBuilder log
INFO: Destroying: tileImprovement:4705
May 14, 2018 12:22:05 PM net.sf.freecol.common.util.LogBuilder log
INFO: Destroying: tileImprovement:4706
May 14, 2018 12:22:05 PM net.sf.freecol.common.util.LogBuilder log
INFO: Destroying: tileImprovement:4707
May 14, 2018 12:22:05 PM net.sf.freecol.common.util.LogBuilder log
INFO: Destroying: tileImprovement:4708
May 14, 2018 12:22:05 PM net.sf.freecol.common.util.LogBuilder log
INFO: Destroying: tileImprovement:4709
May 14, 2018 12:22:05 PM net.sf.freecol.common.util.LogBuilder log
INFO: Destroying: tileImprovement:4710
May 14, 2018 12:22:05 PM net.sf.freecol.common.util.LogBuilder log
INFO: Destroying: tileImprovement:4711
May 14, 2018 12:22:05 PM net.sf.freecol.common.util.LogBuilder log
INFO: Destroying: tileImprovement:4712
May 14, 2018 12:22:05 PM net.sf.freecol.common.util.LogBuilder log
INFO: Destroying: tileImprovement:4713
May 14, 2018 12:22:05 PM net.sf.freecol.common.util.LogBuilder log
INFO: Destroying: tileImprovement:4714
May 14, 2018 12:22:05 PM net.sf.freecol.common.util.LogBuilder log
INFO: Destroying: tileImprovement:4749
May 14, 2018 12:22:05 PM net.sf.freecol.common.util.LogBuilder log
INFO: Destroying: tileImprovement:4751
May 14, 2018 12:22:05 PM net.sf.freecol.common.util.LogBuilder log
INFO: Destroying: tileImprovement:4753
May 14, 2018 12:22:05 PM net.sf.freecol.common.util.LogBuilder log
INFO: Destroying: tileImprovement:4755
May 14, 2018 12:22:05 PM net.sf.freecol.common.util.LogBuilder log
INFO: Destroying: tileImprovement:4734
May 14, 2018 12:22:05 PM net.sf.freecol.common.util.LogBuilder log
INFO: Destroying: tileImprovement:4735
May 14, 2018 12:22:05 PM net.sf.freecol.common.util.LogBuilder log
INFO: Destroying: tileImprovement:4736
May 14, 2018 12:22:05 PM net.sf.freecol.common.util.LogBuilder log
INFO: Destroying: tileImprovement:4737
May 14, 2018 12:22:05 PM net.sf.freecol.common.util.LogBuilder log
INFO: Destroying: tileImprovement:4738
May 14, 2018 12:22:05 PM net.sf.freecol.common.util.LogBuilder log
INFO: Destroying: tileImprovement:4739
May 14, 2018 12:22:05 PM net.sf.freecol.common.util.LogBuilder log
INFO: Destroying: tileImprovement:4740
May 14, 2018 12:22:05 PM net.sf.freecol.common.util.LogBuilder log
INFO: Destroying: tileImprovement:4741
May 14, 2018 12:22:05 PM net.sf.freecol.common.util.LogBuilder log
INFO: Destroying: tileImprovement:4742
May 14, 2018 12:22:05 PM net.sf.freecol.common.util.LogBuilder log
INFO: Destroying: tileImprovement:4743
May 14, 2018 12:22:05 PM net.sf.freecol.common.util.LogBuilder log
INFO: Destroying: tileImprovement:4744
May 14, 2018 12:22:05 PM net.sf.freecol.common.util.LogBuilder log
INFO: Destroying: tileImprovement:4745
May 14, 2018 12:22:05 PM net.sf.freecol.common.util.LogBuilder log
INFO: Destroying: tileImprovement:4746
May 14, 2018 12:22:05 PM net.sf.freecol.common.util.LogBuilder log
INFO: Destroying: tileImprovement:4747
May 14, 2018 12:22:05 PM net.sf.freecol.common.util.LogBuilder log
INFO: Destroying: tileImprovement:4748
May 14, 2018 12:22:05 PM net.sf.freecol.common.util.LogBuilder log
INFO: Destroying: tileImprovement:4453
May 14, 2018 12:22:05 PM net.sf.freecol.common.util.LogBuilder log
INFO: Destroying: tileImprovement:4455
May 14, 2018 12:22:05 PM net.sf.freecol.common.util.LogBuilder log
INFO: Destroying: tileImprovement:4457
May 14, 2018 12:22:05 PM net.sf.freecol.common.util.LogBuilder log
INFO: Destroying: tileImprovement:4459
May 14, 2018 12:22:05 PM net.sf.freecol.common.util.LogBuilder log
INFO: Destroying: tileImprovement:4461
May 14, 2018 12:22:05 PM net.sf.freecol.common.util.LogBuilder log
INFO: Destroying: tileImprovement:4595
May 14, 2018 12:22:05 PM net.sf.freecol.common.util.LogBuilder log
INFO: Destroying: tileImprovement:4597
May 14, 2018 12:22:05 PM net.sf.freecol.common.util.LogBuilder log
INFO: Destroying: tileImprovement:4599
May 14, 2018 12:22:05 PM net.sf.freecol.common.util.LogBuilder log
INFO: Destroying: tileImprovement:4601
May 14, 2018 12:22:05 PM net.sf.freecol.common.util.LogBuilder log
INFO: Destroying: tileImprovement:4603
May 14, 2018 12:22:05 PM net.sf.freecol.common.util.LogBuilder log
INFO: Destroying: tileImprovement:4605
May 14, 2018 12:22:05 PM net.sf.freecol.common.util.LogBuilder log
INFO: Destroying: tileImprovement:4607
May 14, 2018 12:22:05 PM net.sf.freecol.common.util.LogBuilder log
INFO: Destroying: tileImprovement:4609
May 14, 2018 12:22:05 PM net.sf.freecol.common.util.LogBuilder log
INFO: Destroying: tileImprovement:4611
May 14, 2018 12:22:05 PM net.sf.freecol.common.util.LogBuilder log
INFO: Destroying: tileImprovement:4613
May 14, 2018 12:22:05 PM net.sf.freecol.common.util.LogBuilder log
INFO: Destroying: tileImprovement:4615
May 14, 2018 12:22:05 PM net.sf.freecol.common.util.LogBuilder log
INFO: Destroying: tileImprovement:4617
May 14, 2018 12:22:05 PM net.sf.freecol.common.util.LogBuilder log
INFO: Destroying: tileImprovement:4619
May 14, 2018 12:22:05 PM net.sf.freecol.common.util.LogBuilder log
INFO: Destroying: tileImprovement:4621
May 14, 2018 12:22:05 PM net.sf.freecol.common.util.LogBuilder log
INFO: Destroying: tileImprovement:4768
May 14, 2018 12:22:05 PM net.sf.freecol.common.util.LogBuilder log
INFO: Destroying: tileImprovement:4769
May 14, 2018 12:22:05 PM net.sf.freecol.common.util.LogBuilder log
INFO: Destroying: tileImprovement:4770
May 14, 2018 12:22:05 PM net.sf.freecol.common.util.LogBuilder log
INFO: Destroying: tileImprovement:4771
May 14, 2018 12:22:05 PM net.sf.freecol.common.util.LogBuilder log
INFO: Destroying: tileImprovement:4772
May 14, 2018 12:22:05 PM net.sf.freecol.common.util.LogBuilder log
INFO: Destroying: tileImprovement:4773
May 14, 2018 12:22:05 PM net.sf.freecol.common.util.LogBuilder log
INFO: Destroying: tileImprovement:4774
May 14, 2018 12:22:05 PM net.sf.freecol.common.util.LogBuilder log
INFO: Destroying: tileImprovement:4775
May 14, 2018 12:22:05 PM net.sf.freecol.common.util.LogBuilder log
INFO: Destroying: tileImprovement:4776
May 14, 2018 12:22:05 PM net.sf.freecol.common.util.LogBuilder log
INFO: Destroying: tileImprovement:4777
May 14, 2018 12:22:05 PM net.sf.freecol.common.util.LogBuilder log
INFO: Destroying: tileImprovement:4778
May 14, 2018 12:22:05 PM net.sf.freecol.common.util.LogBuilder log
INFO: Destroying: tileImprovement:4779
May 14, 2018 12:22:05 PM net.sf.freecol.common.util.LogBuilder log
INFO: Destroying: tileImprovement:4780
May 14, 2018 12:22:05 PM net.sf.freecol.common.util.LogBuilder log
INFO: Destroying: tileImprovement:4781
May 14, 2018 12:22:05 PM net.sf.freecol.common.util.LogBuilder log
INFO: Destroying: tileImprovement:4782
May 14, 2018 12:22:05 PM net.sf.freecol.common.util.LogBuilder log
INFO: Destroying: tileImprovement:4783
May 14, 2018 12:22:05 PM net.sf.freecol.common.util.LogBuilder log
INFO: Destroying: tileImprovement:4864
May 14, 2018 12:22:05 PM net.sf.freecol.common.util.LogBuilder log
INFO: Destroying: tileImprovement:4848
May 14, 2018 12:22:05 PM net.sf.freecol.common.util.LogBuilder log
INFO: Destroying: tileImprovement:4849
May 14, 2018 12:22:05 PM net.sf.freecol.common.util.LogBuilder log
INFO: Destroying: tileImprovement:4850
May 14, 2018 12:22:05 PM net.sf.freecol.common.util.LogBuilder log
INFO: Destroying: tileImprovement:4851
May 14, 2018 12:22:05 PM net.sf.freecol.common.util.LogBuilder log
INFO: Destroying: tileImprovement:4852
May 14, 2018 12:22:05 PM net.sf.freecol.common.util.LogBuilder log
INFO: Destroying: tileImprovement:4853
May 14, 2018 12:22:05 PM net.sf.freecol.common.util.LogBuilder log
INFO: Destroying: tileImprovement:4854
May 14, 2018 12:22:05 PM net.sf.freecol.common.util.LogBuilder log
INFO: Destroying: tileImprovement:4855
May 14, 2018 12:22:05 PM net.sf.freecol.common.util.LogBuilder log
INFO: Destroying: tileImprovement:4856
May 14, 2018 12:22:05 PM net.sf.freecol.common.util.LogBuilder log
INFO: Destroying: tileImprovement:4857
May 14, 2018 12:22:05 PM net.sf.freecol.common.util.LogBuilder log
INFO: Destroying: tileImprovement:4858
May 14, 2018 12:22:05 PM net.sf.freecol.common.util.LogBuilder log
INFO: Destroying: tileImprovement:4859
May 14, 2018 12:22:05 PM net.sf.freecol.common.util.LogBuilder log
INFO: Destroying: tileImprovement:4860
May 14, 2018 12:22:05 PM net.sf.freecol.common.util.LogBuilder log
INFO: Destroying: tileImprovement:4861
May 14, 2018 12:22:05 PM net.sf.freecol.common.util.LogBuilder log
INFO: Destroying: tileImprovement:4803
May 14, 2018 12:22:05 PM net.sf.freecol.common.util.LogBuilder log
INFO: Destroying: tileImprovement:4804
May 14, 2018 12:22:05 PM net.sf.freecol.common.util.LogBuilder log
INFO: Destroying: tileImprovement:4805
May 14, 2018 12:22:05 PM net.sf.freecol.common.util.LogBuilder log
INFO: Destroying: tileImprovement:4806
May 14, 2018 12:22:05 PM net.sf.freecol.common.util.LogBuilder log
INFO: Destroying: tileImprovement:4873
May 14, 2018 12:22:05 PM net.sf.freecol.common.util.LogBuilder log
INFO: Destroying: tileImprovement:4875
May 14, 2018 12:22:05 PM net.sf.freecol.common.util.LogBuilder log
INFO: Destroying: tileImprovement:4818
May 14, 2018 12:22:05 PM net.sf.freecol.common.util.LogBuilder log
INFO: Destroying: tileImprovement:4820
May 14, 2018 12:22:05 PM net.sf.freecol.common.util.LogBuilder log
INFO: Destroying: tileImprovement:4822
May 14, 2018 12:22:05 PM net.sf.freecol.common.util.LogBuilder log
INFO: Destroying: tileImprovement:4824
May 14, 2018 12:22:05 PM net.sf.freecol.common.util.LogBuilder log
INFO: Destroying: tileImprovement:4784
May 14, 2018 12:22:05 PM net.sf.freecol.common.util.LogBuilder log
INFO: Destroying: tileImprovement:4786
May 14, 2018 12:22:05 PM net.sf.freecol.common.util.LogBuilder log
INFO: Destroying: tileImprovement:4788
May 14, 2018 12:22:05 PM net.sf.freecol.common.util.LogBuilder log
INFO: Destroying: tileImprovement:4271
May 14, 2018 12:22:05 PM net.sf.freecol.common.util.LogBuilder log
INFO: Destroying: tileImprovement:4273
May 14, 2018 12:22:05 PM net.sf.freecol.common.util.LogBuilder log
INFO: Destroying: tileImprovement:4275
May 14, 2018 12:22:05 PM net.sf.freecol.common.util.LogBuilder log
INFO: Destroying: tileImprovement:4277
May 14, 2018 12:22:05 PM net.sf.freecol.common.util.LogBuilder log
INFO: Destroying: tileImprovement:4279
May 14, 2018 12:22:05 PM net.sf.freecol.common.util.LogBuilder log
INFO: Destroying: tileImprovement:4281
May 14, 2018 12:22:05 PM net.sf.freecol.server.networking.Server sendToAll
INFO: Reap dead connection: [DummyConnection Server connection - model.nation.dutch]
May 14, 2018 12:22:05 PM net.sf.freecol.server.networking.Server sendToAll
INFO: Reap dead connection: [DummyConnection Server connection - model.nation.english]
May 14, 2018 12:22:05 PM net.sf.freecol.server.networking.Server sendToAll
INFO: Reap dead connection: [DummyConnection Server connection - model.nation.apache]
May 14, 2018 12:22:05 PM net.sf.freecol.server.networking.Server sendToAll
INFO: Reap dead connection: [DummyConnection Server connection - model.nation.aztec]
May 14, 2018 12:22:05 PM net.sf.freecol.server.networking.Server sendToAll
INFO: Reap dead connection: [DummyConnection Server connection - model.nation.arawak]
May 14, 2018 12:22:05 PM net.sf.freecol.server.networking.Server sendToAll
INFO: Reap dead connection: [DummyConnection Server connection - model.nation.sioux]
May 14, 2018 12:22:05 PM net.sf.freecol.server.networking.Server sendToAll
INFO: Reap dead connection: [DummyConnection Server connection - model.nation.inca]
May 14, 2018 12:22:05 PM net.sf.freecol.server.networking.Server sendToAll
INFO: Reap dead connection: [DummyConnection Server connection - model.nation.iroquois]
May 14, 2018 12:22:05 PM net.sf.freecol.server.networking.Server sendToAll
INFO: Reap dead connection: [DummyConnection Server connection - model.nation.tupi]
May 14, 2018 12:22:05 PM net.sf.freecol.server.networking.Server sendToAll
INFO: Reap dead connection: [DummyConnection Server connection - model.nation.french]
May 14, 2018 12:22:05 PM net.sf.freecol.server.networking.Server sendToAll
INFO: Reap dead connection: [DummyConnection Server connection - model.nation.spanish]
May 14, 2018 12:22:05 PM net.sf.freecol.server.networking.Server sendToAll
INFO: Reap dead connection: [DummyConnection Server connection - model.nation.cherokee]
May 14, 2018 12:22:05 PM net.sf.freecol.server.FreeColServer readGame
INFO: Found savegame version 13
May 14, 2018 12:22:05 PM net.sf.freecol.common.model.Game readChild
INFO: Loading specification.
May 14, 2018 12:22:05 PM net.sf.freecol.common.model.Specification checkDifficultyOptionGroup
INFO: Check group model.difficulty.immigration
May 14, 2018 12:22:05 PM net.sf.freecol.common.model.Specification checkDifficultyOptionGroup
INFO: Check group model.difficulty.natives
May 14, 2018 12:22:05 PM net.sf.freecol.common.model.Specification checkDifficultyOptionGroup
INFO: Check group model.difficulty.monarch
May 14, 2018 12:22:05 PM net.sf.freecol.common.model.Specification checkDifficultyOptionGroup
INFO: Check group model.difficulty.government
May 14, 2018 12:22:05 PM net.sf.freecol.common.model.Specification checkDifficultyOptionGroup
INFO: Check group model.difficulty.other
May 14, 2018 12:22:05 PM net.sf.freecol.common.model.Specification checkDifficultyOptionGroup
INFO: Check group model.difficulty.cheat
May 14, 2018 12:22:05 PM net.sf.freecol.common.model.Specification applyDifficultyLevel
INFO: Applying difficulty level model.difficulty.medium
May 14, 2018 12:22:05 PM net.sf.freecol.common.model.Specification clean
INFO: Specification clean following load from stream complete, starting year=1492, season year=1600, ages=[1,109,309], seasons=2, 253 FreeColGameObjectTypes, 79 Abilities, 41 BuildingTypes, 14 Disasters, 9 EuropeanNationTypes, 2 Events, 25 FoundingFathers, 21 GoodsTypes, 8 IndianNationTypes, 59 Modifiers, 25 Nations, 161 Options, 23 Option Groups, 12 ResourceTypes, 11 Roles, 23 TileTypes, 6 TileImprovementTypes, 42 UnitTypes read.
May 14, 2018 12:22:05 PM net.sf.freecol.server.FreeColServer loadGame
INFO: Game integrity test succeeded.
May 14, 2018 12:22:05 PM net.sf.freecol.server.FreeColServer loadGame
INFO: AI integrity test succeeded
May 14, 2018 12:22:05 PM net.sf.freecol.common.FreeColSeed getFreeColSeed
INFO: Using seed: 6126902416056199819
May 14, 2018 12:22:05 PM net.sf.freecol.common.model.LandMap <init>
INFO: Using land generator model.option.landGeneratorType.classic
May 14, 2018 12:22:05 PM net.sf.freecol.common.util.LogBuilder log
INFO: Destroying: tileImprovement:4283
May 14, 2018 12:22:05 PM net.sf.freecol.common.util.LogBuilder log
INFO: Destroying: tileImprovement:4285
May 14, 2018 12:22:05 PM net.sf.freecol.common.util.LogBuilder log
INFO: Destroying: tileImprovement:4287
May 14, 2018 12:22:05 PM net.sf.freecol.common.util.LogBuilder log
INFO: Destroying: tileImprovement:4289
May 14, 2018 12:22:05 PM net.sf.freecol.common.util.LogBuilder log
INFO: Destroying: tileImprovement:4291
May 14, 2018 12:22:05 PM net.sf.freecol.common.util.LogBuilder log
INFO: Destroying: tileImprovement:4293
May 14, 2018 12:22:05 PM net.sf.freecol.common.util.LogBuilder log
INFO: Destroying: tileImprovement:4295
May 14, 2018 12:22:05 PM net.sf.freecol.common.util.LogBuilder log
INFO: Destroying: tileImprovement:4297
May 14, 2018 12:22:05 PM net.sf.freecol.common.util.LogBuilder log
INFO: Destroying: tileImprovement:4299
May 14, 2018 12:22:05 PM net.sf.freecol.common.util.LogBuilder log
INFO: Destroying: tileImprovement:4301
May 14, 2018 12:22:05 PM net.sf.freecol.common.util.LogBuilder log
INFO: Destroying: tileImprovement:4274
May 14, 2018 12:22:05 PM net.sf.freecol.common.util.LogBuilder log
INFO: Destroying: tileImprovement:4276
May 14, 2018 12:22:05 PM net.sf.freecol.common.util.LogBuilder log
INFO: Destroying: tileImprovement:4278
May 14, 2018 12:22:05 PM net.sf.freecol.common.util.LogBuilder log
INFO: Destroying: tileImprovement:4280
May 14, 2018 12:22:05 PM net.sf.freecol.common.util.LogBuilder log
INFO: Destroying: tileImprovement:4357
May 14, 2018 12:22:05 PM net.sf.freecol.common.util.LogBuilder log
INFO: Destroying: tileImprovement:4359
May 14, 2018 12:22:05 PM net.sf.freecol.common.util.LogBuilder log
INFO: Destroying: tileImprovement:4361
May 14, 2018 12:22:05 PM net.sf.freecol.common.util.LogBuilder log
INFO: Destroying: tileImprovement:4363
May 14, 2018 12:22:05 PM net.sf.freecol.common.util.LogBuilder log
INFO: Destroying: tileImprovement:4365
May 14, 2018 12:22:05 PM net.sf.freecol.common.util.LogBuilder log
INFO: Destroying: tileImprovement:4367
May 14, 2018 12:22:05 PM net.sf.freecol.common.util.LogBuilder log
INFO: Destroying: tileImprovement:4369
May 14, 2018 12:22:05 PM net.sf.freecol.common.util.LogBuilder log
INFO: Destroying: tileImprovement:4371
May 14, 2018 12:22:05 PM net.sf.freecol.common.util.LogBuilder log
INFO: Destroying: tileImprovement:4373
May 14, 2018 12:22:05 PM net.sf.freecol.common.util.LogBuilder log
INFO: Destroying: tileImprovement:4375
May 14, 2018 12:22:05 PM net.sf.freecol.common.util.LogBuilder log
INFO: Destroying: tileImprovement:4347
May 14, 2018 12:22:05 PM net.sf.freecol.common.util.LogBuilder log
INFO: Destroying: tileImprovement:4348
May 14, 2018 12:22:05 PM net.sf.freecol.common.util.LogBuilder log
INFO: Destroying: tileImprovement:4349
May 14, 2018 12:22:05 PM net.sf.freecol.common.util.LogBuilder log
INFO: Destroying: tileImprovement:4350
May 14, 2018 12:22:05 PM net.sf.freecol.common.util.LogBuilder log
INFO: Destroying: tileImprovement:4351
May 14, 2018 12:22:05 PM net.sf.freecol.common.util.LogBuilder log
INFO: Destroying: tileImprovement:4352
May 14, 2018 12:22:05 PM net.sf.freecol.common.util.LogBuilder log
INFO: Destroying: tileImprovement:4353
May 14, 2018 12:22:05 PM net.sf.freecol.common.util.LogBuilder log
INFO: Destroying: tileImprovement:4354
May 14, 2018 12:22:05 PM net.sf.freecol.common.util.LogBuilder log
INFO: Destroying: tileImprovement:4355
May 14, 2018 12:22:05 PM net.sf.freecol.common.util.LogBuilder log
INFO: Destroying: tileImprovement:4356
May 14, 2018 12:22:05 PM net.sf.freecol.common.util.LogBuilder log
INFO: Destroying: tileImprovement:4387
May 14, 2018 12:22:05 PM net.sf.freecol.common.util.LogBuilder log
INFO: Destroying: tileImprovement:4389
May 14, 2018 12:22:05 PM net.sf.freecol.common.util.LogBuilder log
INFO: Destroying: tileImprovement:4391
May 14, 2018 12:22:05 PM net.sf.freecol.common.util.LogBuilder log
INFO: Destroying: tileImprovement:4393
May 14, 2018 12:22:05 PM net.sf.freecol.common.util.LogBuilder log
INFO: Destroying: tileImprovement:4395
May 14, 2018 12:22:05 PM net.sf.freecol.common.util.LogBuilder log
INFO: Destroying: tileImprovement:4379
May 14, 2018 12:22:05 PM net.sf.freecol.common.util.LogBuilder log
INFO: Destroying: tileImprovement:4380
May 14, 2018 12:22:05 PM net.sf.freecol.common.util.LogBuilder log
INFO: Destroying: tileImprovement:4381
May 14, 2018 12:22:05 PM net.sf.freecol.common.util.LogBuilder log
INFO: Destroying: tileImprovement:4382
May 14, 2018 12:22:05 PM net.sf.freecol.common.util.LogBuilder log
INFO: Destroying: tileImprovement:4446
May 14, 2018 12:22:05 PM net.sf.freecol.common.util.LogBuilder log
INFO: Destroying: tileImprovement:4448
May 14, 2018 12:22:05 PM net.sf.freecol.common.util.LogBuilder log
INFO: Destroying: tileImprovement:4450
May 14, 2018 12:22:05 PM net.sf.freecol.common.util.LogBuilder log
INFO: Destroying: tileImprovement:4452
May 14, 2018 12:22:05 PM net.sf.freecol.common.util.LogBuilder log
INFO: Destroying: tileImprovement:4454
May 14, 2018 12:22:05 PM net.sf.freecol.common.util.LogBuilder log
INFO: Destroying: tileImprovement:4456
May 14, 2018 12:22:05 PM net.sf.freecol.common.util.LogBuilder log
INFO: Destroying: tileImprovement:4436
May 14, 2018 12:22:05 PM net.sf.freecol.common.util.LogBuilder log
INFO: Destroying: tileImprovement:4437
May 14, 2018 12:22:05 PM net.sf.freecol.common.util.LogBuilder log
INFO: Destroying: tileImprovement:4438
May 14, 2018 12:22:05 PM net.sf.freecol.common.util.LogBuilder log
INFO: Destroying: tileImprovement:4439
May 14, 2018 12:22:05 PM net.sf.freecol.common.util.LogBuilder log
INFO: Destroying: tileImprovement:4440
May 14, 2018 12:22:05 PM net.sf.freecol.common.util.LogBuilder log
INFO: Destroying: tileImprovement:4441
May 14, 2018 12:22:05 PM net.sf.freecol.common.util.LogBuilder log
INFO: Destroying: tileImprovement:4442
May 14, 2018 12:22:05 PM net.sf.freecol.common.util.LogBuilder log
INFO: Destroying: tileImprovement:4443
May 14, 2018 12:22:05 PM net.sf.freecol.common.util.LogBuilder log
INFO: Destroying: tileImprovement:4444
May 14, 2018 12:22:05 PM net.sf.freecol.common.util.LogBuilder log
INFO: Destroying: tileImprovement:4445
May 14, 2018 12:22:05 PM net.sf.freecol.common.util.LogBuilder log
INFO: Destroying: tileImprovement:4311
May 14, 2018 12:22:05 PM net.sf.freecol.common.util.LogBuilder log
INFO: Destroying: tileImprovement:4313
May 14, 2018 12:22:05 PM net.sf.freecol.common.util.LogBuilder log
INFO: Destroying: tileImprovement:4315
May 14, 2018 12:22:05 PM net.sf.freecol.common.util.LogBuilder log
INFO: Destroying: tileImprovement:4317
May 14, 2018 12:22:05 PM net.sf.freecol.common.util.LogBuilder log
INFO: Destroying: tileImprovement:4319
May 14, 2018 12:22:05 PM net.sf.freecol.common.util.LogBuilder log
INFO: Destroying: tileImprovement:4321
May 14, 2018 12:22:05 PM net.sf.freecol.common.util.LogBuilder log
INFO: Destroying: tileImprovement:4323
May 14, 2018 12:22:05 PM net.sf.freecol.common.util.LogBuilder log
INFO: Destroying: tileImprovement:4325
May 14, 2018 12:22:05 PM net.sf.freecol.common.util.LogBuilder log
INFO: Destroying: tileImprovement:4327
May 14, 2018 12:22:05 PM net.sf.freecol.common.util.LogBuilder log
INFO: Destroying: tileImprovement:4547
May 14, 2018 12:22:05 PM net.sf.freecol.common.util.LogBuilder log
INFO: Destroying: tileImprovement:4548
May 14, 2018 12:22:05 PM net.sf.freecol.common.util.LogBuilder log
INFO: Destroying: tileImprovement:4549
May 14, 2018 12:22:05 PM net.sf.freecol.common.util.LogBuilder log
INFO: Destroying: tileImprovement:4483
May 14, 2018 12:22:05 PM net.sf.freecol.common.util.LogBuilder log
INFO: Destroying: tileImprovement:4485
May 14, 2018 12:22:05 PM net.sf.freecol.common.util.LogBuilder log
INFO: Destroying: tileImprovement:4487
May 14, 2018 12:22:05 PM net.sf.freecol.common.util.LogBuilder log
INFO: Destroying: tileImprovement:4489
May 14, 2018 12:22:05 PM net.sf.freecol.common.util.LogBuilder log
INFO: Destroying: tileImprovement:4491
May 14, 2018 12:22:05 PM net.sf.freecol.common.util.LogBuilder log
INFO: Destroying: tileImprovement:4473
May 14, 2018 12:22:05 PM net.sf.freecol.common.util.LogBuilder log
INFO: Destroying: tileImprovement:4541
May 14, 2018 12:22:05 PM net.sf.freecol.common.util.LogBuilder log
INFO: Destroying: tileImprovement:4542
May 14, 2018 12:22:05 PM net.sf.freecol.common.util.LogBuilder log
INFO: Destroying: tileImprovement:4543
May 14, 2018 12:22:05 PM net.sf.freecol.common.util.LogBuilder log
INFO: Destroying: tileImprovement:4544
May 14, 2018 12:22:05 PM net.sf.freecol.common.util.LogBuilder log
INFO: Destroying: tileImprovement:4545
May 14, 2018 12:22:05 PM net.sf.freecol.common.util.LogBuilder log
INFO: Destroying: tileImprovement:4546
May 14, 2018 12:22:05 PM net.sf.freecol.common.util.LogBuilder log
INFO: Destroying: tileImprovement:4423
May 14, 2018 12:22:05 PM net.sf.freecol.common.util.LogBuilder log
INFO: Destroying: tileImprovement:4425
May 14, 2018 12:22:05 PM net.sf.freecol.common.util.LogBuilder log
INFO: Destroying: tileImprovement:4427
May 14, 2018 12:22:05 PM net.sf.freecol.common.util.LogBuilder log
INFO: Destroying: tileImprovement:4429
May 14, 2018 12:22:05 PM net.sf.freecol.common.util.LogBuilder log
INFO: Destroying: tileImprovement:4431
May 14, 2018 12:22:05 PM net.sf.freecol.common.util.LogBuilder log
INFO: Destroying: tileImprovement:4433
May 14, 2018 12:22:05 PM net.sf.freecol.common.util.LogBuilder log
INFO: Destroying: tileImprovement:4400
May 14, 2018 12:22:05 PM net.sf.freecol.common.util.LogBuilder log
INFO: Destroying: tileImprovement:4402
May 14, 2018 12:22:05 PM net.sf.freecol.common.util.LogBuilder log
INFO: Destroying: tileImprovement:4404
May 14, 2018 12:22:05 PM net.sf.freecol.common.util.LogBuilder log
INFO: Destroying: tileImprovement:4406
May 14, 2018 12:22:05 PM net.sf.freecol.common.util.LogBuilder log
INFO: Destroying: tileImprovement:4408
May 14, 2018 12:22:05 PM net.sf.freecol.common.util.LogBuilder log
INFO: Destroying: tileImprovement:4410
May 14, 2018 12:22:05 PM net.sf.freecol.common.util.LogBuilder log
INFO: Destroying: tileImprovement:4646
May 14, 2018 12:22:05 PM net.sf.freecol.common.util.LogBuilder log
INFO: Destroying: tileImprovement:4648
May 14, 2018 12:22:05 PM net.sf.freecol.common.util.LogBuilder log
INFO: Destroying: tileImprovement:4650
May 14, 2018 12:22:05 PM net.sf.freecol.common.util.LogBuilder log
INFO: Destroying: tileImprovement:4652
May 14, 2018 12:22:05 PM net.sf.freecol.common.util.LogBuilder log
INFO: Destroying: tileImprovement:4654
May 14, 2018 12:22:05 PM net.sf.freecol.common.util.LogBuilder log
INFO: Destroying: tileImprovement:4656
May 14, 2018 12:22:05 PM net.sf.freecol.common.util.LogBuilder log
INFO: Destroying: tileImprovement:4639
May 14, 2018 12:22:05 PM net.sf.freecol.common.util.LogBuilder log
INFO: Destroying: tileImprovement:4641
May 14, 2018 12:22:05 PM net.sf.freecol.common.util.LogBuilder log
INFO: Destroying: tileImprovement:4643
May 14, 2018 12:22:05 PM net.sf.freecol.common.util.LogBuilder log
INFO: Destroying: tileImprovement:4724
May 14, 2018 12:22:05 PM net.sf.freecol.common.util.LogBuilder log
INFO: Destroying: tileImprovement:4726
May 14, 2018 12:22:05 PM net.sf.freecol.common.util.LogBuilder log
INFO: Destroying: tileImprovement:4728
May 14, 2018 12:22:05 PM net.sf.freecol.common.util.LogBuilder log
INFO: Destroying: tileImprovement:4730
May 14, 2018 12:22:05 PM net.sf.freecol.common.util.LogBuilder log
INFO: Destroying: tileImprovement:4732
May 14, 2018 12:22:05 PM net.sf.freecol.common.util.LogBuilder log
INFO: Destroying: tileImprovement:4734
May 14, 2018 12:22:05 PM net.sf.freecol.common.util.LogBuilder log
INFO: Destroying: tileImprovement:4736
May 14, 2018 12:22:05 PM net.sf.freecol.common.util.LogBuilder log
INFO: Destroying: tileImprovement:4738
May 14, 2018 12:22:05 PM net.sf.freecol.common.util.LogBuilder log
INFO: Destroying: tileImprovement:4740
May 14, 2018 12:22:05 PM net.sf.freecol.common.util.LogBuilder log
INFO: Destroying: tileImprovement:4742
May 14, 2018 12:22:05 PM net.sf.freecol.common.util.LogBuilder log
INFO: Destroying: tileImprovement:4565
May 14, 2018 12:22:05 PM net.sf.freecol.common.util.LogBuilder log
INFO: Destroying: tileImprovement:4567
May 14, 2018 12:22:05 PM net.sf.freecol.common.util.LogBuilder log
INFO: Destroying: tileImprovement:4569
May 14, 2018 12:22:05 PM net.sf.freecol.common.util.LogBuilder log
INFO: Destroying: tileImprovement:4571
May 14, 2018 12:22:05 PM net.sf.freecol.common.util.LogBuilder log
INFO: Destroying: tileImprovement:4573
May 14, 2018 12:22:05 PM net.sf.freecol.common.util.LogBuilder log
INFO: Destroying: tileImprovement:4575
May 14, 2018 12:22:05 PM net.sf.freecol.common.util.LogBuilder log
INFO: Destroying: tileImprovement:4577
May 14, 2018 12:22:05 PM net.sf.freecol.common.util.LogBuilder log
INFO: Destroying: tileImprovement:4579
May 14, 2018 12:22:05 PM net.sf.freecol.common.util.LogBuilder log
INFO: Destroying: tileImprovement:4581
May 14, 2018 12:22:05 PM net.sf.freecol.common.util.LogBuilder log
INFO: Destroying: tileImprovement:4583
May 14, 2018 12:22:05 PM net.sf.freecol.common.util.LogBuilder log
INFO: Destroying: tileImprovement:4585
May 14, 2018 12:22:05 PM net.sf.freecol.common.util.LogBuilder log
INFO: Destroying: tileImprovement:4587
May 14, 2018 12:22:05 PM net.sf.freecol.common.util.LogBuilder log
INFO: Destroying: tileImprovement:4589
May 14, 2018 12:22:05 PM net.sf.freecol.common.util.LogBuilder log
INFO: Destroying: tileImprovement:4591
May 14, 2018 12:22:05 PM net.sf.freecol.common.util.LogBuilder log
INFO: Destroying: tileImprovement:4383
May 14, 2018 12:22:05 PM net.sf.freecol.common.util.LogBuilder log
INFO: Destroying: tileImprovement:4385
May 14, 2018 12:22:05 PM net.sf.freecol.common.util.LogBuilder log
INFO: Destroying: tileImprovement:4497
May 14, 2018 12:22:05 PM net.sf.freecol.common.util.LogBuilder log
INFO: Destroying: tileImprovement:4498
May 14, 2018 12:22:05 PM net.sf.freecol.common.util.LogBuilder log
INFO: Destroying: tileImprovement:4499
May 14, 2018 12:22:05 PM net.sf.freecol.common.util.LogBuilder log
INFO: Destroying: tileImprovement:4500
May 14, 2018 12:22:05 PM net.sf.freecol.common.util.LogBuilder log
INFO: Destroying: tileImprovement:4501
May 14, 2018 12:22:05 PM net.sf.freecol.common.util.LogBuilder log
INFO: Destroying: tileImprovement:4465
May 14, 2018 12:22:05 PM net.sf.freecol.common.util.LogBuilder log
INFO: Destroying: tileImprovement:4467
May 14, 2018 12:22:05 PM net.sf.freecol.common.util.LogBuilder log
INFO: Destroying: tileImprovement:4469
May 14, 2018 12:22:05 PM net.sf.freecol.common.util.LogBuilder log
INFO: Destroying: tileImprovement:4707
May 14, 2018 12:22:05 PM net.sf.freecol.common.util.LogBuilder log
INFO: Destroying: tileImprovement:4685
May 14, 2018 12:22:05 PM net.sf.freecol.common.util.LogBuilder log
INFO: Destroying: tileImprovement:4686
May 14, 2018 12:22:05 PM net.sf.freecol.common.util.LogBuilder log
INFO: Destroying: tileImprovement:4687
May 14, 2018 12:22:05 PM net.sf.freecol.common.util.LogBuilder log
INFO: Destroying: tileImprovement:4688
May 14, 2018 12:22:05 PM net.sf.freecol.common.util.LogBuilder log
INFO: Destroying: tileImprovement:4689
May 14, 2018 12:22:05 PM net.sf.freecol.common.util.LogBuilder log
INFO: Destroying: tileImprovement:4690
May 14, 2018 12:22:05 PM net.sf.freecol.common.util.LogBuilder log
INFO: Destroying: tileImprovement:4307
May 14, 2018 12:22:05 PM net.sf.freecol.common.util.LogBuilder log
INFO: Destroying: tileImprovement:4309
May 14, 2018 12:22:05 PM net.sf.freecol.common.util.LogBuilder log
INFO: Destroying: tileImprovement:4602
May 14, 2018 12:22:05 PM net.sf.freecol.common.util.LogBuilder log
INFO: Destroying: tileImprovement:4604
May 14, 2018 12:22:05 PM net.sf.freecol.common.util.LogBuilder log
INFO: Destroying: tileImprovement:4606
May 14, 2018 12:22:05 PM net.sf.freecol.common.util.LogBuilder log
INFO: Destroying: tileImprovement:4608
May 14, 2018 12:22:05 PM net.sf.freecol.common.util.LogBuilder log
INFO: Destroying: tileImprovement:4552
May 14, 2018 12:22:05 PM net.sf.freecol.common.util.LogBuilder log
INFO: Destroying: tileImprovement:4554
May 14, 2018 12:22:05 PM net.sf.freecol.common.util.LogBuilder log
INFO: Destroying: tileImprovement:4556
May 14, 2018 12:22:05 PM net.sf.freecol.common.util.LogBuilder log
INFO: Destroying: tileImprovement:4558
May 14, 2018 12:22:05 PM net.sf.freecol.common.util.LogBuilder log
INFO: Destroying: tileImprovement:4560
May 14, 2018 12:22:05 PM net.sf.freecol.common.util.LogBuilder log
INFO: Destroying: tileImprovement:4562
May 14, 2018 12:22:05 PM net.sf.freecol.common.util.LogBuilder log
INFO: Destroying: tileImprovement:4828
May 14, 2018 12:22:05 PM net.sf.freecol.common.util.LogBuilder log
INFO: Destroying: tileImprovement:4830
May 14, 2018 12:22:05 PM net.sf.freecol.common.util.LogBuilder log
INFO: Destroying: tileImprovement:4825
May 14, 2018 12:22:05 PM net.sf.freecol.common.util.LogBuilder log
INFO: Destroying: tileImprovement:4826
May 14, 2018 12:22:05 PM net.sf.freecol.common.util.LogBuilder log
INFO: Destroying: tileImprovement:4827
May 14, 2018 12:22:05 PM net.sf.freecol.server.networking.Server sendToAll
INFO: Reap dead connection: [DummyConnection Server connection - model.nation.aztec]
May 14, 2018 12:22:05 PM net.sf.freecol.server.networking.Server sendToAll
INFO: Reap dead connection: [DummyConnection Server connection - model.nation.apache]
May 14, 2018 12:22:05 PM net.sf.freecol.server.networking.Server sendToAll
INFO: Reap dead connection: [DummyConnection Server connection - model.nation.english]
May 14, 2018 12:22:05 PM net.sf.freecol.server.networking.Server sendToAll
INFO: Reap dead connection: [DummyConnection Server connection - model.nation.french]
May 14, 2018 12:22:05 PM net.sf.freecol.server.networking.Server sendToAll
INFO: Reap dead connection: [DummyConnection Server connection - model.nation.inca]
May 14, 2018 12:22:05 PM net.sf.freecol.server.networking.Server sendToAll
INFO: Reap dead connection: [DummyConnection Server connection - model.nation.arawak]
May 14, 2018 12:22:05 PM net.sf.freecol.server.networking.Server sendToAll
INFO: Reap dead connection: [DummyConnection Server connection - model.nation.tupi]
May 14, 2018 12:22:05 PM net.sf.freecol.server.networking.Server sendToAll
INFO: Reap dead connection: [DummyConnection Server connection - model.nation.iroquois]
May 14, 2018 12:22:05 PM net.sf.freecol.server.networking.Server sendToAll
INFO: Reap dead connection: [DummyConnection Server connection - model.nation.dutch]
May 14, 2018 12:22:05 PM net.sf.freecol.server.networking.Server sendToAll
INFO: Reap dead connection: [DummyConnection Server connection - model.nation.cherokee]
May 14, 2018 12:22:05 PM net.sf.freecol.server.networking.Server sendToAll
INFO: Reap dead connection: [DummyConnection Server connection - model.nation.spanish]
May 14, 2018 12:22:05 PM net.sf.freecol.server.networking.Server sendToAll
INFO: Reap dead connection: [DummyConnection Server connection - model.nation.sioux]
May 14, 2018 12:22:06 PM net.sf.freecol.common.FreeColSeed getFreeColSeed
INFO: Using seed: 7856005901207531663
May 14, 2018 12:22:06 PM net.sf.freecol.server.FreeColServer readGame
INFO: Found savegame version 13
May 14, 2018 12:22:06 PM net.sf.freecol.common.model.Game readChild
INFO: Reloading specification.
May 14, 2018 12:22:06 PM net.sf.freecol.common.model.Specification checkDifficultyOptionGroup
INFO: Check group model.difficulty.immigration
May 14, 2018 12:22:06 PM net.sf.freecol.common.model.Specification checkDifficultyOptionGroup
INFO: Check group model.difficulty.natives
May 14, 2018 12:22:06 PM net.sf.freecol.common.model.Specification checkDifficultyOptionGroup
INFO: Check group model.difficulty.monarch
May 14, 2018 12:22:06 PM net.sf.freecol.common.model.Specification checkDifficultyOptionGroup
INFO: Check group model.difficulty.government
May 14, 2018 12:22:06 PM net.sf.freecol.common.model.Specification checkDifficultyOptionGroup
INFO: Check group model.difficulty.other
May 14, 2018 12:22:06 PM net.sf.freecol.common.model.Specification checkDifficultyOptionGroup
INFO: Check group model.difficulty.cheat
May 14, 2018 12:22:06 PM net.sf.freecol.common.model.Specification applyDifficultyLevel
INFO: Applying difficulty level model.difficulty.medium
May 14, 2018 12:22:06 PM net.sf.freecol.common.model.Specification clean
INFO: Specification clean following load from stream complete, starting year=1492, season year=1600, ages=[1,109,309], seasons=2, 253 FreeColGameObjectTypes, 79 Abilities, 41 BuildingTypes, 14 Disasters, 9 EuropeanNationTypes, 2 Events, 25 FoundingFathers, 21 GoodsTypes, 8 IndianNationTypes, 59 Modifiers, 25 Nations, 161 Options, 23 Option Groups, 12 ResourceTypes, 11 Roles, 23 TileTypes, 6 TileImprovementTypes, 42 UnitTypes read.
May 14, 2018 12:22:06 PM net.sf.freecol.server.FreeColServer readGame
INFO: Imported file test\data\test.fsg
May 14, 2018 12:22:06 PM net.sf.freecol.server.networking.Server sendToAll
INFO: Reap dead connection: [DummyConnection Server connection - model.nation.aztec]
May 14, 2018 12:22:06 PM net.sf.freecol.server.networking.Server sendToAll
INFO: Reap dead connection: [DummyConnection Server connection - model.nation.iroquois]
May 14, 2018 12:22:06 PM net.sf.freecol.server.networking.Server sendToAll
INFO: Reap dead connection: [DummyConnection Server connection - model.nation.french]
May 14, 2018 12:22:06 PM net.sf.freecol.server.networking.Server sendToAll
INFO: Reap dead connection: [DummyConnection Server connection - model.nation.tupi]
May 14, 2018 12:22:06 PM net.sf.freecol.server.networking.Server sendToAll
INFO: Reap dead connection: [DummyConnection Server connection - model.nation.sioux]
May 14, 2018 12:22:06 PM net.sf.freecol.server.networking.Server sendToAll
INFO: Reap dead connection: [DummyConnection Server connection - model.nation.cherokee]
May 14, 2018 12:22:06 PM net.sf.freecol.server.networking.Server sendToAll
INFO: Reap dead connection: [DummyConnection Server connection - model.nation.english]
May 14, 2018 12:22:06 PM net.sf.freecol.server.networking.Server sendToAll
INFO: Reap dead connection: [DummyConnection Server connection - model.nation.apache]
May 14, 2018 12:22:06 PM net.sf.freecol.server.networking.Server sendToAll
INFO: Reap dead connection: [DummyConnection Server connection - model.nation.spanish]
May 14, 2018 12:22:06 PM net.sf.freecol.server.networking.Server sendToAll
INFO: Reap dead connection: [DummyConnection Server connection - model.nation.dutch]
May 14, 2018 12:22:06 PM net.sf.freecol.server.networking.Server sendToAll
INFO: Reap dead connection: [DummyConnection Server connection - model.nation.arawak]
May 14, 2018 12:22:06 PM net.sf.freecol.server.networking.Server sendToAll
INFO: Reap dead connection: [DummyConnection Server connection - model.nation.inca]
May 14, 2018 12:22:06 PM net.sf.freecol.common.model.Specification applyDifficultyLevel
INFO: Applying difficulty level model.difficulty.medium
May 14, 2018 12:22:06 PM net.sf.freecol.common.FreeColSeed getFreeColSeed
INFO: Using seed: 1750488024908025869
May 14, 2018 12:22:06 PM net.sf.freecol.server.networking.Server sendToAll
INFO: Reap dead connection: [DummyConnection Server connection - model.nation.tupi]
May 14, 2018 12:22:06 PM net.sf.freecol.server.networking.Server sendToAll
INFO: Reap dead connection: [DummyConnection Server connection - model.nation.english]
May 14, 2018 12:22:06 PM net.sf.freecol.server.networking.Server sendToAll
INFO: Reap dead connection: [DummyConnection Server connection - model.nation.aztec]
May 14, 2018 12:22:06 PM net.sf.freecol.server.networking.Server sendToAll
INFO: Reap dead connection: [DummyConnection Server connection - model.nation.sioux]
May 14, 2018 12:22:06 PM net.sf.freecol.server.networking.Server sendToAll
INFO: Reap dead connection: [DummyConnection Server connection - model.nation.dutch]
May 14, 2018 12:22:06 PM net.sf.freecol.server.networking.Server sendToAll
INFO: Reap dead connection: [DummyConnection Server connection - model.nation.iroquois]
May 14, 2018 12:22:06 PM net.sf.freecol.server.networking.Server sendToAll
INFO: Reap dead connection: [DummyConnection Server connection - model.nation.arawak]
May 14, 2018 12:22:06 PM net.sf.freecol.server.networking.Server sendToAll
INFO: Reap dead connection: [DummyConnection Server connection - model.nation.french]
May 14, 2018 12:22:06 PM net.sf.freecol.server.networking.Server sendToAll
INFO: Reap dead connection: [DummyConnection Server connection - model.nation.cherokee]
May 14, 2018 12:22:06 PM net.sf.freecol.server.networking.Server sendToAll
INFO: Reap dead connection: [DummyConnection Server connection - model.nation.apache]
May 14, 2018 12:22:06 PM net.sf.freecol.server.networking.Server sendToAll
INFO: Reap dead connection: [DummyConnection Server connection - model.nation.inca]
May 14, 2018 12:22:06 PM net.sf.freecol.server.networking.Server sendToAll
INFO: Reap dead connection: [DummyConnection Server connection - model.nation.spanish]
May 14, 2018 12:22:06 PM net.sf.freecol.common.model.Specification applyDifficultyLevel
INFO: Applying difficulty level model.difficulty.medium
May 14, 2018 12:22:06 PM net.sf.freecol.common.FreeColSeed getFreeColSeed
INFO: Using seed: -6897511226412055866
May 14, 2018 12:22:06 PM net.sf.freecol.server.networking.Server sendToAll
INFO: Reap dead connection: [DummyConnection Server connection - model.nation.english]
May 14, 2018 12:22:06 PM net.sf.freecol.server.networking.Server sendToAll
INFO: Reap dead connection: [DummyConnection Server connection - model.nation.cherokee]
May 14, 2018 12:22:06 PM net.sf.freecol.server.networking.Server sendToAll
INFO: Reap dead connection: [DummyConnection Server connection - model.nation.apache]
May 14, 2018 12:22:06 PM net.sf.freecol.server.networking.Server sendToAll
INFO: Reap dead connection: [DummyConnection Server connection - model.nation.sioux]
May 14, 2018 12:22:06 PM net.sf.freecol.server.networking.Server sendToAll
INFO: Reap dead connection: [DummyConnection Server connection - model.nation.iroquois]
May 14, 2018 12:22:06 PM net.sf.freecol.server.networking.Server sendToAll
INFO: Reap dead connection: [DummyConnection Server connection - model.nation.dutch]
May 14, 2018 12:22:06 PM net.sf.freecol.server.networking.Server sendToAll
INFO: Reap dead connection: [DummyConnection Server connection - model.nation.inca]
May 14, 2018 12:22:06 PM net.sf.freecol.server.networking.Server sendToAll
INFO: Reap dead connection: [DummyConnection Server connection - model.nation.spanish]
May 14, 2018 12:22:06 PM net.sf.freecol.server.networking.Server sendToAll
INFO: Reap dead connection: [DummyConnection Server connection - model.nation.tupi]
May 14, 2018 12:22:06 PM net.sf.freecol.server.networking.Server sendToAll
INFO: Reap dead connection: [DummyConnection Server connection - model.nation.french]
May 14, 2018 12:22:06 PM net.sf.freecol.server.networking.Server sendToAll
INFO: Reap dead connection: [DummyConnection Server connection - model.nation.aztec]
May 14, 2018 12:22:06 PM net.sf.freecol.server.networking.Server sendToAll
INFO: Reap dead connection: [DummyConnection Server connection - model.nation.arawak]
May 14, 2018 12:22:06 PM net.sf.freecol.common.model.Specification applyDifficultyLevel
INFO: Applying difficulty level model.difficulty.medium
May 14, 2018 12:22:06 PM net.sf.freecol.common.FreeColSeed getFreeColSeed
INFO: Using seed: 4185824252482706635
May 14, 2018 12:22:06 PM net.sf.freecol.server.networking.Server sendToAll
INFO: Reap dead connection: [DummyConnection Server connection - model.nation.dutch]
May 14, 2018 12:22:06 PM net.sf.freecol.server.networking.Server sendToAll
INFO: Reap dead connection: [DummyConnection Server connection - model.nation.english]
May 14, 2018 12:22:06 PM net.sf.freecol.server.networking.Server sendToAll
INFO: Reap dead connection: [DummyConnection Server connection - model.nation.tupi]
May 14, 2018 12:22:06 PM net.sf.freecol.server.networking.Server sendToAll
INFO: Reap dead connection: [DummyConnection Server connection - model.nation.spanish]
May 14, 2018 12:22:06 PM net.sf.freecol.server.networking.Server sendToAll
INFO: Reap dead connection: [DummyConnection Server connection - model.nation.cherokee]
May 14, 2018 12:22:06 PM net.sf.freecol.server.networking.Server sendToAll
INFO: Reap dead connection: [DummyConnection Server connection - model.nation.iroquois]
May 14, 2018 12:22:06 PM net.sf.freecol.server.networking.Server sendToAll
INFO: Reap dead connection: [DummyConnection Server connection - model.nation.sioux]
May 14, 2018 12:22:06 PM net.sf.freecol.server.networking.Server sendToAll
INFO: Reap dead connection: [DummyConnection Server connection - model.nation.french]
May 14, 2018 12:22:06 PM net.sf.freecol.server.networking.Server sendToAll
INFO: Reap dead connection: [DummyConnection Server connection - model.nation.inca]
May 14, 2018 12:22:06 PM net.sf.freecol.server.networking.Server sendToAll
INFO: Reap dead connection: [DummyConnection Server connection - model.nation.aztec]
May 14, 2018 12:22:06 PM net.sf.freecol.server.networking.Server sendToAll
INFO: Reap dead connection: [DummyConnection Server connection - model.nation.apache]
May 14, 2018 12:22:06 PM net.sf.freecol.server.networking.Server sendToAll
INFO: Reap dead connection: [DummyConnection Server connection - model.nation.arawak]
May 14, 2018 12:22:06 PM net.sf.freecol.common.model.Specification applyDifficultyLevel
INFO: Applying difficulty level model.difficulty.medium
May 14, 2018 12:22:06 PM net.sf.freecol.common.FreeColSeed getFreeColSeed
INFO: Using seed: -3735612121099674611
May 14, 2018 12:22:06 PM net.sf.freecol.server.networking.Server sendToAll
INFO: Reap dead connection: [DummyConnection Server connection - model.nation.spanish]
May 14, 2018 12:22:06 PM net.sf.freecol.server.networking.Server sendToAll
INFO: Reap dead connection: [DummyConnection Server connection - model.nation.apache]
May 14, 2018 12:22:06 PM net.sf.freecol.server.networking.Server sendToAll
INFO: Reap dead connection: [DummyConnection Server connection - model.nation.french]
May 14, 2018 12:22:06 PM net.sf.freecol.server.networking.Server sendToAll
INFO: Reap dead connection: [DummyConnection Server connection - model.nation.inca]
May 14, 2018 12:22:06 PM net.sf.freecol.server.networking.Server sendToAll
INFO: Reap dead connection: [DummyConnection Server connection - model.nation.aztec]
May 14, 2018 12:22:06 PM net.sf.freecol.server.networking.Server sendToAll
INFO: Reap dead connection: [DummyConnection Server connection - model.nation.arawak]
May 14, 2018 12:22:06 PM net.sf.freecol.server.networking.Server sendToAll
INFO: Reap dead connection: [DummyConnection Server connection - model.nation.cherokee]
May 14, 2018 12:22:06 PM net.sf.freecol.server.networking.Server sendToAll
INFO: Reap dead connection: [DummyConnection Server connection - model.nation.tupi]
May 14, 2018 12:22:06 PM net.sf.freecol.server.networking.Server sendToAll
INFO: Reap dead connection: [DummyConnection Server connection - model.nation.sioux]
May 14, 2018 12:22:06 PM net.sf.freecol.server.networking.Server sendToAll
INFO: Reap dead connection: [DummyConnection Server connection - model.nation.dutch]
May 14, 2018 12:22:06 PM net.sf.freecol.server.networking.Server sendToAll
INFO: Reap dead connection: [DummyConnection Server connection - model.nation.english]
May 14, 2018 12:22:06 PM net.sf.freecol.server.networking.Server sendToAll
INFO: Reap dead connection: [DummyConnection Server connection - model.nation.iroquois]
May 14, 2018 12:22:06 PM net.sf.freecol.common.model.Specification applyDifficultyLevel
INFO: Applying difficulty level model.difficulty.medium
May 14, 2018 12:22:06 PM net.sf.freecol.common.FreeColSeed getFreeColSeed
INFO: Using seed: -5612502700255493753
May 14, 2018 12:22:06 PM net.sf.freecol.server.networking.Server sendToAll
INFO: Reap dead connection: [DummyConnection Server connection - model.nation.iroquois]
May 14, 2018 12:22:06 PM net.sf.freecol.server.networking.Server sendToAll
INFO: Reap dead connection: [DummyConnection Server connection - model.nation.arawak]
May 14, 2018 12:22:06 PM net.sf.freecol.server.networking.Server sendToAll
INFO: Reap dead connection: [DummyConnection Server connection - model.nation.english]
May 14, 2018 12:22:06 PM net.sf.freecol.server.networking.Server sendToAll
INFO: Reap dead connection: [DummyConnection Server connection - model.nation.cherokee]
May 14, 2018 12:22:06 PM net.sf.freecol.server.networking.Server sendToAll
INFO: Reap dead connection: [DummyConnection Server connection - model.nation.inca]
May 14, 2018 12:22:06 PM net.sf.freecol.server.networking.Server sendToAll
INFO: Reap dead connection: [DummyConnection Server connection - model.nation.dutch]
May 14, 2018 12:22:06 PM net.sf.freecol.server.networking.Server sendToAll
INFO: Reap dead connection: [DummyConnection Server connection - model.nation.tupi]
May 14, 2018 12:22:06 PM net.sf.freecol.server.networking.Server sendToAll
INFO: Reap dead connection: [DummyConnection Server connection - model.nation.spanish]
May 14, 2018 12:22:06 PM net.sf.freecol.server.networking.Server sendToAll
INFO: Reap dead connection: [DummyConnection Server connection - model.nation.sioux]
May 14, 2018 12:22:06 PM net.sf.freecol.server.networking.Server sendToAll
INFO: Reap dead connection: [DummyConnection Server connection - model.nation.french]
May 14, 2018 12:22:06 PM net.sf.freecol.server.networking.Server sendToAll
INFO: Reap dead connection: [DummyConnection Server connection - model.nation.apache]
May 14, 2018 12:22:06 PM net.sf.freecol.server.networking.Server sendToAll
INFO: Reap dead connection: [DummyConnection Server connection - model.nation.aztec]
May 14, 2018 12:22:06 PM net.sf.freecol.server.model.ServerPlayer csChangeStance
INFO: Stance modification Louis XIV UNCONTACTED -> PEACE wrt Geronimo
May 14, 2018 12:22:06 PM net.sf.freecol.server.model.ServerPlayer csChangeStance
INFO: Stance modification Geronimo UNCONTACTED -> PEACE wrt Louis XIV (symmetric)
May 14, 2018 12:22:06 PM net.sf.freecol.common.model.Specification applyDifficultyLevel
INFO: Applying difficulty level model.difficulty.medium
May 14, 2018 12:22:06 PM net.sf.freecol.common.FreeColSeed getFreeColSeed
INFO: Using seed: -3426116888970382378
May 14, 2018 12:22:07 PM net.sf.freecol.server.networking.Server sendToAll
INFO: Reap dead connection: [DummyConnection Server connection - model.nation.iroquois]
May 14, 2018 12:22:07 PM net.sf.freecol.server.networking.Server sendToAll
INFO: Reap dead connection: [DummyConnection Server connection - model.nation.sioux]
May 14, 2018 12:22:07 PM net.sf.freecol.server.networking.Server sendToAll
INFO: Reap dead connection: [DummyConnection Server connection - model.nation.tupi]
May 14, 2018 12:22:07 PM net.sf.freecol.server.networking.Server sendToAll
INFO: Reap dead connection: [DummyConnection Server connection - model.nation.dutch]
May 14, 2018 12:22:07 PM net.sf.freecol.server.networking.Server sendToAll
INFO: Reap dead connection: [DummyConnection Server connection - model.nation.arawak]
May 14, 2018 12:22:07 PM net.sf.freecol.server.networking.Server sendToAll
INFO: Reap dead connection: [DummyConnection Server connection - model.nation.french]
May 14, 2018 12:22:07 PM net.sf.freecol.server.networking.Server sendToAll
INFO: Reap dead connection: [DummyConnection Server connection - model.nation.apache]
May 14, 2018 12:22:07 PM net.sf.freecol.server.networking.Server sendToAll
INFO: Reap dead connection: [DummyConnection Server connection - model.nation.inca]
May 14, 2018 12:22:07 PM net.sf.freecol.server.networking.Server sendToAll
INFO: Reap dead connection: [DummyConnection Server connection - model.nation.spanish]
May 14, 2018 12:22:07 PM net.sf.freecol.server.networking.Server sendToAll
INFO: Reap dead connection: [DummyConnection Server connection - model.nation.english]
May 14, 2018 12:22:07 PM net.sf.freecol.server.networking.Server sendToAll
INFO: Reap dead connection: [DummyConnection Server connection - model.nation.cherokee]
May 14, 2018 12:22:07 PM net.sf.freecol.server.networking.Server sendToAll
INFO: Reap dead connection: [DummyConnection Server connection - model.nation.aztec]
May 14, 2018 12:22:07 PM net.sf.freecol.server.model.ServerPlayer csChangeStance
INFO: Stance modification William I UNCONTACTED -> PEACE wrt Geronimo
May 14, 2018 12:22:07 PM net.sf.freecol.server.model.ServerPlayer csChangeStance
INFO: Stance modification Geronimo UNCONTACTED -> PEACE wrt William I (symmetric)
May 14, 2018 12:22:07 PM net.sf.freecol.common.model.Specification applyDifficultyLevel
INFO: Applying difficulty level model.difficulty.medium
May 14, 2018 12:22:07 PM net.sf.freecol.common.FreeColSeed getFreeColSeed
INFO: Using seed: -3920617882346497348
May 14, 2018 12:22:07 PM net.sf.freecol.server.networking.Server sendToAll
INFO: Reap dead connection: [DummyConnection Server connection - model.nation.iroquois]
May 14, 2018 12:22:07 PM net.sf.freecol.server.networking.Server sendToAll
INFO: Reap dead connection: [DummyConnection Server connection - model.nation.english]
May 14, 2018 12:22:07 PM net.sf.freecol.server.networking.Server sendToAll
INFO: Reap dead connection: [DummyConnection Server connection - model.nation.aztec]
May 14, 2018 12:22:07 PM net.sf.freecol.server.networking.Server sendToAll
INFO: Reap dead connection: [DummyConnection Server connection - model.nation.apache]
May 14, 2018 12:22:07 PM net.sf.freecol.server.networking.Server sendToAll
INFO: Reap dead connection: [DummyConnection Server connection - model.nation.sioux]
May 14, 2018 12:22:07 PM net.sf.freecol.server.networking.Server sendToAll
INFO: Reap dead connection: [DummyConnection Server connection - model.nation.cherokee]
May 14, 2018 12:22:07 PM net.sf.freecol.server.networking.Server sendToAll
INFO: Reap dead connection: [DummyConnection Server connection - model.nation.tupi]
May 14, 2018 12:22:07 PM net.sf.freecol.server.networking.Server sendToAll
INFO: Reap dead connection: [DummyConnection Server connection - model.nation.spanish]
May 14, 2018 12:22:07 PM net.sf.freecol.server.networking.Server sendToAll
INFO: Reap dead connection: [DummyConnection Server connection - model.nation.french]
May 14, 2018 12:22:07 PM net.sf.freecol.server.networking.Server sendToAll
INFO: Reap dead connection: [DummyConnection Server connection - model.nation.dutch]
May 14, 2018 12:22:07 PM net.sf.freecol.server.networking.Server sendToAll
INFO: Reap dead connection: [DummyConnection Server connection - model.nation.arawak]
May 14, 2018 12:22:07 PM net.sf.freecol.server.networking.Server sendToAll
INFO: Reap dead connection: [DummyConnection Server connection - model.nation.inca]
May 14, 2018 12:22:07 PM net.sf.freecol.common.model.Specification applyDifficultyLevel
INFO: Applying difficulty level model.difficulty.medium
May 14, 2018 12:22:07 PM net.sf.freecol.common.FreeColSeed getFreeColSeed
INFO: Using seed: 4435031211611706032
May 14, 2018 12:22:07 PM net.sf.freecol.server.networking.Server sendToAll
INFO: Reap dead connection: [DummyConnection Server connection - model.nation.tupi]
May 14, 2018 12:22:07 PM net.sf.freecol.server.networking.Server sendToAll
INFO: Reap dead connection: [DummyConnection Server connection - model.nation.inca]
May 14, 2018 12:22:07 PM net.sf.freecol.server.networking.Server sendToAll
INFO: Reap dead connection: [DummyConnection Server connection - model.nation.spanish]
May 14, 2018 12:22:07 PM net.sf.freecol.server.networking.Server sendToAll
INFO: Reap dead connection: [DummyConnection Server connection - model.nation.cherokee]
May 14, 2018 12:22:07 PM net.sf.freecol.server.networking.Server sendToAll
INFO: Reap dead connection: [DummyConnection Server connection - model.nation.iroquois]
May 14, 2018 12:22:07 PM net.sf.freecol.server.networking.Server sendToAll
INFO: Reap dead connection: [DummyConnection Server connection - model.nation.arawak]
May 14, 2018 12:22:07 PM net.sf.freecol.server.networking.Server sendToAll
INFO: Reap dead connection: [DummyConnection Server connection - model.nation.english]
May 14, 2018 12:22:07 PM net.sf.freecol.server.networking.Server sendToAll
INFO: Reap dead connection: [DummyConnection Server connection - model.nation.aztec]
May 14, 2018 12:22:07 PM net.sf.freecol.server.networking.Server sendToAll
INFO: Reap dead connection: [DummyConnection Server connection - model.nation.sioux]
May 14, 2018 12:22:07 PM net.sf.freecol.server.networking.Server sendToAll
INFO: Reap dead connection: [DummyConnection Server connection - model.nation.dutch]
May 14, 2018 12:22:07 PM net.sf.freecol.server.networking.Server sendToAll
INFO: Reap dead connection: [DummyConnection Server connection - model.nation.french]
May 14, 2018 12:22:07 PM net.sf.freecol.server.networking.Server sendToAll
INFO: Reap dead connection: [DummyConnection Server connection - model.nation.apache]
May 14, 2018 12:22:07 PM net.sf.freecol.common.model.Specification applyDifficultyLevel
INFO: Applying difficulty level model.difficulty.medium
May 14, 2018 12:22:07 PM net.sf.freecol.common.FreeColSeed getFreeColSeed
INFO: Using seed: 4220063387728539179
May 14, 2018 12:22:07 PM net.sf.freecol.server.networking.Server sendToAll
INFO: Reap dead connection: [DummyConnection Server connection - model.nation.dutch]
May 14, 2018 12:22:07 PM net.sf.freecol.server.networking.Server sendToAll
INFO: Reap dead connection: [DummyConnection Server connection - model.nation.french]
May 14, 2018 12:22:07 PM net.sf.freecol.server.networking.Server sendToAll
INFO: Reap dead connection: [DummyConnection Server connection - model.nation.sioux]
May 14, 2018 12:22:07 PM net.sf.freecol.server.networking.Server sendToAll
INFO: Reap dead connection: [DummyConnection Server connection - model.nation.inca]
May 14, 2018 12:22:07 PM net.sf.freecol.server.networking.Server sendToAll
INFO: Reap dead connection: [DummyConnection Server connection - model.nation.aztec]
May 14, 2018 12:22:07 PM net.sf.freecol.server.networking.Server sendToAll
INFO: Reap dead connection: [DummyConnection Server connection - model.nation.arawak]
May 14, 2018 12:22:07 PM net.sf.freecol.server.networking.Server sendToAll
INFO: Reap dead connection: [DummyConnection Server connection - model.nation.iroquois]
May 14, 2018 12:22:07 PM net.sf.freecol.server.networking.Server sendToAll
INFO: Reap dead connection: [DummyConnection Server connection - model.nation.english]
May 14, 2018 12:22:07 PM net.sf.freecol.server.networking.Server sendToAll
INFO: Reap dead connection: [DummyConnection Server connection - model.nation.spanish]
May 14, 2018 12:22:07 PM net.sf.freecol.server.networking.Server sendToAll
INFO: Reap dead connection: [DummyConnection Server connection - model.nation.tupi]
May 14, 2018 12:22:07 PM net.sf.freecol.server.networking.Server sendToAll
INFO: Reap dead connection: [DummyConnection Server connection - model.nation.cherokee]
May 14, 2018 12:22:07 PM net.sf.freecol.server.networking.Server sendToAll
INFO: Reap dead connection: [DummyConnection Server connection - model.nation.apache]
May 14, 2018 12:22:07 PM net.sf.freecol.common.model.Specification applyDifficultyLevel
INFO: Applying difficulty level model.difficulty.medium
May 14, 2018 12:22:07 PM net.sf.freecol.common.FreeColSeed getFreeColSeed
INFO: Using seed: 8481980520494729918
May 14, 2018 12:22:07 PM net.sf.freecol.server.networking.Server sendToAll
INFO: Reap dead connection: [DummyConnection Server connection - model.nation.french]
May 14, 2018 12:22:07 PM net.sf.freecol.server.networking.Server sendToAll
INFO: Reap dead connection: [DummyConnection Server connection - model.nation.spanish]
May 14, 2018 12:22:07 PM net.sf.freecol.server.networking.Server sendToAll
INFO: Reap dead connection: [DummyConnection Server connection - model.nation.tupi]
May 14, 2018 12:22:07 PM net.sf.freecol.server.networking.Server sendToAll
INFO: Reap dead connection: [DummyConnection Server connection - model.nation.cherokee]
May 14, 2018 12:22:07 PM net.sf.freecol.server.networking.Server sendToAll
INFO: Reap dead connection: [DummyConnection Server connection - model.nation.arawak]
May 14, 2018 12:22:07 PM net.sf.freecol.server.networking.Server sendToAll
INFO: Reap dead connection: [DummyConnection Server connection - model.nation.english]
May 14, 2018 12:22:07 PM net.sf.freecol.server.networking.Server sendToAll
INFO: Reap dead connection: [DummyConnection Server connection - model.nation.apache]
May 14, 2018 12:22:07 PM net.sf.freecol.server.networking.Server sendToAll
INFO: Reap dead connection: [DummyConnection Server connection - model.nation.dutch]
May 14, 2018 12:22:07 PM net.sf.freecol.server.networking.Server sendToAll
INFO: Reap dead connection: [DummyConnection Server connection - model.nation.aztec]
May 14, 2018 12:22:07 PM net.sf.freecol.server.networking.Server sendToAll
INFO: Reap dead connection: [DummyConnection Server connection - model.nation.sioux]
May 14, 2018 12:22:07 PM net.sf.freecol.server.networking.Server sendToAll
INFO: Reap dead connection: [DummyConnection Server connection - model.nation.inca]
May 14, 2018 12:22:07 PM net.sf.freecol.server.networking.Server sendToAll
INFO: Reap dead connection: [DummyConnection Server connection - model.nation.iroquois]
May 14, 2018 12:22:07 PM net.sf.freecol.server.model.ServerPlayer csChangeStance
INFO: Stance modification William I UNCONTACTED -> PEACE wrt Segoyewatha
May 14, 2018 12:22:07 PM net.sf.freecol.server.model.ServerPlayer csChangeStance
INFO: Stance modification Segoyewatha UNCONTACTED -> PEACE wrt William I (symmetric)
May 14, 2018 12:22:07 PM net.sf.freecol.common.model.Specification applyDifficultyLevel
INFO: Applying difficulty level model.difficulty.medium
May 14, 2018 12:22:07 PM net.sf.freecol.common.FreeColSeed getFreeColSeed
INFO: Using seed: 1443087957341821542
May 14, 2018 12:22:07 PM net.sf.freecol.server.networking.Server sendToAll
INFO: Reap dead connection: [DummyConnection Server connection - model.nation.cherokee]
May 14, 2018 12:22:07 PM net.sf.freecol.server.networking.Server sendToAll
INFO: Reap dead connection: [DummyConnection Server connection - model.nation.apache]
May 14, 2018 12:22:07 PM net.sf.freecol.server.networking.Server sendToAll
INFO: Reap dead connection: [DummyConnection Server connection - model.nation.sioux]
May 14, 2018 12:22:07 PM net.sf.freecol.server.networking.Server sendToAll
INFO: Reap dead connection: [DummyConnection Server connection - model.nation.spanish]
May 14, 2018 12:22:07 PM net.sf.freecol.server.networking.Server sendToAll
INFO: Reap dead connection: [DummyConnection Server connection - model.nation.arawak]
May 14, 2018 12:22:07 PM net.sf.freecol.server.networking.Server sendToAll
INFO: Reap dead connection: [DummyConnection Server connection - model.nation.iroquois]
May 14, 2018 12:22:07 PM net.sf.freecol.server.networking.Server sendToAll
INFO: Reap dead connection: [DummyConnection Server connection - model.nation.inca]
May 14, 2018 12:22:07 PM net.sf.freecol.server.networking.Server sendToAll
INFO: Reap dead connection: [DummyConnection Server connection - model.nation.dutch]
May 14, 2018 12:22:07 PM net.sf.freecol.server.networking.Server sendToAll
INFO: Reap dead connection: [DummyConnection Server connection - model.nation.aztec]
May 14, 2018 12:22:07 PM net.sf.freecol.server.networking.Server sendToAll
INFO: Reap dead connection: [DummyConnection Server connection - model.nation.tupi]
May 14, 2018 12:22:07 PM net.sf.freecol.server.networking.Server sendToAll
INFO: Reap dead connection: [DummyConnection Server connection - model.nation.french]
May 14, 2018 12:22:07 PM net.sf.freecol.server.networking.Server sendToAll
INFO: Reap dead connection: [DummyConnection Server connection - model.nation.english]
May 14, 2018 12:22:07 PM net.sf.freecol.server.model.ServerPlayer csChangeStance
INFO: Stance modification William I UNCONTACTED -> PEACE wrt Segoyewatha
May 14, 2018 12:22:07 PM net.sf.freecol.server.model.ServerPlayer csChangeStance
INFO: Stance modification Segoyewatha UNCONTACTED -> PEACE wrt William I (symmetric)
May 14, 2018 12:22:07 PM net.sf.freecol.common.model.Specification applyDifficultyLevel
INFO: Applying difficulty level model.difficulty.medium
May 14, 2018 12:22:07 PM net.sf.freecol.common.FreeColSeed getFreeColSeed
INFO: Using seed: -1465382623007269559
May 14, 2018 12:22:07 PM net.sf.freecol.server.networking.Server sendToAll
INFO: Reap dead connection: [DummyConnection Server connection - model.nation.aztec]
May 14, 2018 12:22:07 PM net.sf.freecol.server.networking.Server sendToAll
INFO: Reap dead connection: [DummyConnection Server connection - model.nation.iroquois]
May 14, 2018 12:22:07 PM net.sf.freecol.server.networking.Server sendToAll
INFO: Reap dead connection: [DummyConnection Server connection - model.nation.french]
May 14, 2018 12:22:07 PM net.sf.freecol.server.networking.Server sendToAll
INFO: Reap dead connection: [DummyConnection Server connection - model.nation.dutch]
May 14, 2018 12:22:07 PM net.sf.freecol.server.networking.Server sendToAll
INFO: Reap dead connection: [DummyConnection Server connection - model.nation.inca]
May 14, 2018 12:22:07 PM net.sf.freecol.server.networking.Server sendToAll
INFO: Reap dead connection: [DummyConnection Server connection - model.nation.apache]
May 14, 2018 12:22:07 PM net.sf.freecol.server.networking.Server sendToAll
INFO: Reap dead connection: [DummyConnection Server connection - model.nation.cherokee]
May 14, 2018 12:22:07 PM net.sf.freecol.server.networking.Server sendToAll
INFO: Reap dead connection: [DummyConnection Server connection - model.nation.tupi]
May 14, 2018 12:22:07 PM net.sf.freecol.server.networking.Server sendToAll
INFO: Reap dead connection: [DummyConnection Server connection - model.nation.english]
May 14, 2018 12:22:07 PM net.sf.freecol.server.networking.Server sendToAll
INFO: Reap dead connection: [DummyConnection Server connection - model.nation.sioux]
May 14, 2018 12:22:07 PM net.sf.freecol.server.networking.Server sendToAll
INFO: Reap dead connection: [DummyConnection Server connection - model.nation.arawak]
May 14, 2018 12:22:07 PM net.sf.freecol.server.networking.Server sendToAll
INFO: Reap dead connection: [DummyConnection Server connection - model.nation.spanish]
May 14, 2018 12:22:07 PM net.sf.freecol.common.model.Specification applyDifficultyLevel
INFO: Applying difficulty level model.difficulty.medium
May 14, 2018 12:22:07 PM net.sf.freecol.common.model.Specification applyDifficultyLevel
INFO: Applying difficulty level model.difficulty.medium
May 14, 2018 12:22:07 PM net.sf.freecol.common.model.Specification applyDifficultyLevel
INFO: Applying difficulty level model.difficulty.medium
May 14, 2018 12:22:07 PM net.sf.freecol.common.FreeColSeed getFreeColSeed
INFO: Using seed: -6489470916402786663
May 14, 2018 12:22:07 PM net.sf.freecol.server.networking.Server sendToAll
INFO: Reap dead connection: [DummyConnection Server connection - model.nation.arawak]
May 14, 2018 12:22:07 PM net.sf.freecol.server.networking.Server sendToAll
INFO: Reap dead connection: [DummyConnection Server connection - model.nation.iroquois]
May 14, 2018 12:22:07 PM net.sf.freecol.server.networking.Server sendToAll
INFO: Reap dead connection: [DummyConnection Server connection - model.nation.english]
May 14, 2018 12:22:07 PM net.sf.freecol.server.networking.Server sendToAll
INFO: Reap dead connection: [DummyConnection Server connection - model.nation.sioux]
May 14, 2018 12:22:07 PM net.sf.freecol.server.networking.Server sendToAll
INFO: Reap dead connection: [DummyConnection Server connection - model.nation.tupi]
May 14, 2018 12:22:07 PM net.sf.freecol.server.networking.Server sendToAll
INFO: Reap dead connection: [DummyConnection Server connection - model.nation.aztec]
May 14, 2018 12:22:07 PM net.sf.freecol.server.networking.Server sendToAll
INFO: Reap dead connection: [DummyConnection Server connection - model.nation.cherokee]
May 14, 2018 12:22:07 PM net.sf.freecol.server.networking.Server sendToAll
INFO: Reap dead connection: [DummyConnection Server connection - model.nation.french]
May 14, 2018 12:22:07 PM net.sf.freecol.server.networking.Server sendToAll
INFO: Reap dead connection: [DummyConnection Server connection - model.nation.apache]
May 14, 2018 12:22:07 PM net.sf.freecol.server.networking.Server sendToAll
INFO: Reap dead connection: [DummyConnection Server connection - model.nation.spanish]
May 14, 2018 12:22:07 PM net.sf.freecol.server.networking.Server sendToAll
INFO: Reap dead connection: [DummyConnection Server connection - model.nation.dutch]
May 14, 2018 12:22:07 PM net.sf.freecol.server.networking.Server sendToAll
INFO: Reap dead connection: [DummyConnection Server connection - model.nation.inca]
May 14, 2018 12:22:07 PM net.sf.freecol.common.model.Specification applyDifficultyLevel
INFO: Applying difficulty level model.difficulty.medium
May 14, 2018 12:22:07 PM net.sf.freecol.common.FreeColSeed getFreeColSeed
INFO: Using seed: 4764538481996061949
May 14, 2018 12:22:07 PM net.sf.freecol.server.networking.Server sendToAll
INFO: Reap dead connection: [DummyConnection Server connection - model.nation.spanish]
May 14, 2018 12:22:07 PM net.sf.freecol.server.networking.Server sendToAll
INFO: Reap dead connection: [DummyConnection Server connection - model.nation.english]
May 14, 2018 12:22:07 PM net.sf.freecol.server.networking.Server sendToAll
INFO: Reap dead connection: [DummyConnection Server connection - model.nation.tupi]
May 14, 2018 12:22:07 PM net.sf.freecol.server.networking.Server sendToAll
INFO: Reap dead connection: [DummyConnection Server connection - model.nation.inca]
May 14, 2018 12:22:07 PM net.sf.freecol.server.networking.Server sendToAll
INFO: Reap dead connection: [DummyConnection Server connection - model.nation.iroquois]
May 14, 2018 12:22:07 PM net.sf.freecol.server.networking.Server sendToAll
INFO: Reap dead connection: [DummyConnection Server connection - model.nation.aztec]
May 14, 2018 12:22:07 PM net.sf.freecol.server.networking.Server sendToAll
INFO: Reap dead connection: [DummyConnection Server connection - model.nation.cherokee]
May 14, 2018 12:22:07 PM net.sf.freecol.server.networking.Server sendToAll
INFO: Reap dead connection: [DummyConnection Server connection - model.nation.dutch]
May 14, 2018 12:22:07 PM net.sf.freecol.server.networking.Server sendToAll
INFO: Reap dead connection: [DummyConnection Server connection - model.nation.arawak]
May 14, 2018 12:22:07 PM net.sf.freecol.server.networking.Server sendToAll
INFO: Reap dead connection: [DummyConnection Server connection - model.nation.apache]
May 14, 2018 12:22:07 PM net.sf.freecol.server.networking.Server sendToAll
INFO: Reap dead connection: [DummyConnection Server connection - model.nation.sioux]
May 14, 2018 12:22:07 PM net.sf.freecol.server.networking.Server sendToAll
INFO: Reap dead connection: [DummyConnection Server connection - model.nation.french]
May 14, 2018 12:22:07 PM net.sf.freecol.common.model.Specification applyDifficultyLevel
INFO: Applying difficulty level model.difficulty.medium
May 14, 2018 12:22:07 PM net.sf.freecol.common.FreeColSeed getFreeColSeed
INFO: Using seed: -3748564560343564486
May 14, 2018 12:22:07 PM net.sf.freecol.server.networking.Server sendToAll
INFO: Reap dead connection: [DummyConnection Server connection - model.nation.english]
May 14, 2018 12:22:07 PM net.sf.freecol.server.networking.Server sendToAll
INFO: Reap dead connection: [DummyConnection Server connection - model.nation.cherokee]
May 14, 2018 12:22:07 PM net.sf.freecol.server.networking.Server sendToAll
INFO: Reap dead connection: [DummyConnection Server connection - model.nation.dutch]
May 14, 2018 12:22:07 PM net.sf.freecol.server.networking.Server sendToAll
INFO: Reap dead connection: [DummyConnection Server connection - model.nation.arawak]
May 14, 2018 12:22:07 PM net.sf.freecol.server.networking.Server sendToAll
INFO: Reap dead connection: [DummyConnection Server connection - model.nation.inca]
May 14, 2018 12:22:07 PM net.sf.freecol.server.networking.Server sendToAll
INFO: Reap dead connection: [DummyConnection Server connection - model.nation.spanish]
May 14, 2018 12:22:07 PM net.sf.freecol.server.networking.Server sendToAll
INFO: Reap dead connection: [DummyConnection Server connection - model.nation.tupi]
May 14, 2018 12:22:07 PM net.sf.freecol.server.networking.Server sendToAll
INFO: Reap dead connection: [DummyConnection Server connection - model.nation.apache]
May 14, 2018 12:22:07 PM net.sf.freecol.server.networking.Server sendToAll
INFO: Reap dead connection: [DummyConnection Server connection - model.nation.iroquois]
May 14, 2018 12:22:07 PM net.sf.freecol.server.networking.Server sendToAll
INFO: Reap dead connection: [DummyConnection Server connection - model.nation.french]
May 14, 2018 12:22:07 PM net.sf.freecol.server.networking.Server sendToAll
INFO: Reap dead connection: [DummyConnection Server connection - model.nation.sioux]
May 14, 2018 12:22:07 PM net.sf.freecol.server.networking.Server sendToAll
INFO: Reap dead connection: [DummyConnection Server connection - model.nation.aztec]
May 14, 2018 12:22:07 PM net.sf.freecol.common.model.Specification applyDifficultyLevel
INFO: Applying difficulty level model.difficulty.medium
May 14, 2018 12:22:07 PM net.sf.freecol.common.FreeColSeed getFreeColSeed
INFO: Using seed: -1490995803345460124
May 14, 2018 12:22:07 PM net.sf.freecol.server.networking.Server sendToAll
INFO: Reap dead connection: [DummyConnection Server connection - model.nation.apache]
May 14, 2018 12:22:07 PM net.sf.freecol.server.networking.Server sendToAll
INFO: Reap dead connection: [DummyConnection Server connection - model.nation.sioux]
May 14, 2018 12:22:07 PM net.sf.freecol.server.networking.Server sendToAll
INFO: Reap dead connection: [DummyConnection Server connection - model.nation.arawak]
May 14, 2018 12:22:07 PM net.sf.freecol.server.networking.Server sendToAll
INFO: Reap dead connection: [DummyConnection Server connection - model.nation.french]
May 14, 2018 12:22:07 PM net.sf.freecol.server.networking.Server sendToAll
INFO: Reap dead connection: [DummyConnection Server connection - model.nation.cherokee]
May 14, 2018 12:22:07 PM net.sf.freecol.server.networking.Server sendToAll
INFO: Reap dead connection: [DummyConnection Server connection - model.nation.tupi]
May 14, 2018 12:22:07 PM net.sf.freecol.server.networking.Server sendToAll
INFO: Reap dead connection: [DummyConnection Server connection - model.nation.spanish]
May 14, 2018 12:22:07 PM net.sf.freecol.server.networking.Server sendToAll
INFO: Reap dead connection: [DummyConnection Server connection - model.nation.iroquois]
May 14, 2018 12:22:07 PM net.sf.freecol.server.networking.Server sendToAll
INFO: Reap dead connection: [DummyConnection Server connection - model.nation.english]
May 14, 2018 12:22:07 PM net.sf.freecol.server.networking.Server sendToAll
INFO: Reap dead connection: [DummyConnection Server connection - model.nation.inca]
May 14, 2018 12:22:07 PM net.sf.freecol.server.networking.Server sendToAll
INFO: Reap dead connection: [DummyConnection Server connection - model.nation.aztec]
May 14, 2018 12:22:07 PM net.sf.freecol.server.networking.Server sendToAll
INFO: Reap dead connection: [DummyConnection Server connection - model.nation.dutch]
May 14, 2018 12:22:07 PM net.sf.freecol.common.model.Specification applyDifficultyLevel
INFO: Applying difficulty level model.difficulty.medium
May 14, 2018 12:22:07 PM net.sf.freecol.common.FreeColSeed getFreeColSeed
INFO: Using seed: -607926386713028869
May 14, 2018 12:22:07 PM net.sf.freecol.server.networking.Server sendToAll
INFO: Reap dead connection: [DummyConnection Server connection - model.nation.spanish]
May 14, 2018 12:22:07 PM net.sf.freecol.server.networking.Server sendToAll
INFO: Reap dead connection: [DummyConnection Server connection - model.nation.aztec]
May 14, 2018 12:22:07 PM net.sf.freecol.server.networking.Server sendToAll
INFO: Reap dead connection: [DummyConnection Server connection - model.nation.sioux]
May 14, 2018 12:22:07 PM net.sf.freecol.server.networking.Server sendToAll
INFO: Reap dead connection: [DummyConnection Server connection - model.nation.english]
May 14, 2018 12:22:07 PM net.sf.freecol.server.networking.Server sendToAll
INFO: Reap dead connection: [DummyConnection Server connection - model.nation.apache]
May 14, 2018 12:22:07 PM net.sf.freecol.server.networking.Server sendToAll
INFO: Reap dead connection: [DummyConnection Server connection - model.nation.dutch]
May 14, 2018 12:22:07 PM net.sf.freecol.server.networking.Server sendToAll
INFO: Reap dead connection: [DummyConnection Server connection - model.nation.french]
May 14, 2018 12:22:07 PM net.sf.freecol.server.networking.Server sendToAll
INFO: Reap dead connection: [DummyConnection Server connection - model.nation.arawak]
May 14, 2018 12:22:07 PM net.sf.freecol.server.networking.Server sendToAll
INFO: Reap dead connection: [DummyConnection Server connection - model.nation.cherokee]
May 14, 2018 12:22:07 PM net.sf.freecol.server.networking.Server sendToAll
INFO: Reap dead connection: [DummyConnection Server connection - model.nation.iroquois]
May 14, 2018 12:22:07 PM net.sf.freecol.server.networking.Server sendToAll
INFO: Reap dead connection: [DummyConnection Server connection - model.nation.tupi]
May 14, 2018 12:22:07 PM net.sf.freecol.server.networking.Server sendToAll
INFO: Reap dead connection: [DummyConnection Server connection - model.nation.inca]
May 14, 2018 12:22:07 PM net.sf.freecol.common.model.Specification applyDifficultyLevel
INFO: Applying difficulty level model.difficulty.medium
May 14, 2018 12:22:07 PM net.sf.freecol.common.FreeColSeed getFreeColSeed
INFO: Using seed: 6714118261175451471
May 14, 2018 12:22:07 PM net.sf.freecol.server.networking.Server sendToAll
INFO: Reap dead connection: [DummyConnection Server connection - model.nation.sioux]
May 14, 2018 12:22:07 PM net.sf.freecol.server.networking.Server sendToAll
INFO: Reap dead connection: [DummyConnection Server connection - model.nation.french]
May 14, 2018 12:22:07 PM net.sf.freecol.server.networking.Server sendToAll
INFO: Reap dead connection: [DummyConnection Server connection - model.nation.tupi]
May 14, 2018 12:22:07 PM net.sf.freecol.server.networking.Server sendToAll
INFO: Reap dead connection: [DummyConnection Server connection - model.nation.iroquois]
May 14, 2018 12:22:07 PM net.sf.freecol.server.networking.Server sendToAll
INFO: Reap dead connection: [DummyConnection Server connection - model.nation.spanish]
May 14, 2018 12:22:07 PM net.sf.freecol.server.networking.Server sendToAll
INFO: Reap dead connection: [DummyConnection Server connection - model.nation.cherokee]
May 14, 2018 12:22:07 PM net.sf.freecol.server.networking.Server sendToAll
INFO: Reap dead connection: [DummyConnection Server connection - model.nation.arawak]
May 14, 2018 12:22:07 PM net.sf.freecol.server.networking.Server sendToAll
INFO: Reap dead connection: [DummyConnection Server connection - model.nation.dutch]
May 14, 2018 12:22:07 PM net.sf.freecol.server.networking.Server sendToAll
INFO: Reap dead connection: [DummyConnection Server connection - model.nation.aztec]
May 14, 2018 12:22:07 PM net.sf.freecol.server.networking.Server sendToAll
INFO: Reap dead connection: [DummyConnection Server connection - model.nation.apache]
May 14, 2018 12:22:07 PM net.sf.freecol.server.networking.Server sendToAll
INFO: Reap dead connection: [DummyConnection Server connection - model.nation.english]
May 14, 2018 12:22:07 PM net.sf.freecol.server.networking.Server sendToAll
INFO: Reap dead connection: [DummyConnection Server connection - model.nation.inca]
May 14, 2018 12:22:07 PM net.sf.freecol.common.model.Specification applyDifficultyLevel
INFO: Applying difficulty level model.difficulty.medium
May 14, 2018 12:22:07 PM net.sf.freecol.common.FreeColSeed getFreeColSeed
INFO: Using seed: 139056630309851155
May 14, 2018 12:22:07 PM net.sf.freecol.server.networking.Server sendToAll
INFO: Reap dead connection: [DummyConnection Server connection - model.nation.aztec]
May 14, 2018 12:22:07 PM net.sf.freecol.server.networking.Server sendToAll
INFO: Reap dead connection: [DummyConnection Server connection - model.nation.english]
May 14, 2018 12:22:07 PM net.sf.freecol.server.networking.Server sendToAll
INFO: Reap dead connection: [DummyConnection Server connection - model.nation.apache]
May 14, 2018 12:22:07 PM net.sf.freecol.server.networking.Server sendToAll
INFO: Reap dead connection: [DummyConnection Server connection - model.nation.iroquois]
May 14, 2018 12:22:07 PM net.sf.freecol.server.networking.Server sendToAll
INFO: Reap dead connection: [DummyConnection Server connection - model.nation.french]
May 14, 2018 12:22:07 PM net.sf.freecol.server.networking.Server sendToAll
INFO: Reap dead connection: [DummyConnection Server connection - model.nation.arawak]
May 14, 2018 12:22:07 PM net.sf.freecol.server.networking.Server sendToAll
INFO: Reap dead connection: [DummyConnection Server connection - model.nation.inca]
May 14, 2018 12:22:07 PM net.sf.freecol.server.networking.Server sendToAll
INFO: Reap dead connection: [DummyConnection Server connection - model.nation.cherokee]
May 14, 2018 12:22:07 PM net.sf.freecol.server.networking.Server sendToAll
INFO: Reap dead connection: [DummyConnection Server connection - model.nation.sioux]
May 14, 2018 12:22:07 PM net.sf.freecol.server.networking.Server sendToAll
INFO: Reap dead connection: [DummyConnection Server connection - model.nation.spanish]
May 14, 2018 12:22:07 PM net.sf.freecol.server.networking.Server sendToAll
INFO: Reap dead connection: [DummyConnection Server connection - model.nation.tupi]
May 14, 2018 12:22:07 PM net.sf.freecol.server.networking.Server sendToAll
INFO: Reap dead connection: [DummyConnection Server connection - model.nation.dutch]
May 14, 2018 12:22:08 PM net.sf.freecol.common.model.Specification applyDifficultyLevel
INFO: Applying difficulty level model.difficulty.medium
May 14, 2018 12:22:08 PM net.sf.freecol.common.FreeColSeed getFreeColSeed
INFO: Using seed: 3110033821586342952
May 14, 2018 12:22:08 PM net.sf.freecol.server.networking.Server sendToAll
INFO: Reap dead connection: [DummyConnection Server connection - model.nation.apache]
May 14, 2018 12:22:08 PM net.sf.freecol.server.networking.Server sendToAll
INFO: Reap dead connection: [DummyConnection Server connection - model.nation.spanish]
May 14, 2018 12:22:08 PM net.sf.freecol.server.networking.Server sendToAll
INFO: Reap dead connection: [DummyConnection Server connection - model.nation.inca]
May 14, 2018 12:22:08 PM net.sf.freecol.server.networking.Server sendToAll
INFO: Reap dead connection: [DummyConnection Server connection - model.nation.cherokee]
May 14, 2018 12:22:08 PM net.sf.freecol.server.networking.Server sendToAll
INFO: Reap dead connection: [DummyConnection Server connection - model.nation.english]
May 14, 2018 12:22:08 PM net.sf.freecol.server.networking.Server sendToAll
INFO: Reap dead connection: [DummyConnection Server connection - model.nation.tupi]
May 14, 2018 12:22:08 PM net.sf.freecol.server.networking.Server sendToAll
INFO: Reap dead connection: [DummyConnection Server connection - model.nation.dutch]
May 14, 2018 12:22:08 PM net.sf.freecol.server.networking.Server sendToAll
INFO: Reap dead connection: [DummyConnection Server connection - model.nation.french]
May 14, 2018 12:22:08 PM net.sf.freecol.server.networking.Server sendToAll
INFO: Reap dead connection: [DummyConnection Server connection - model.nation.arawak]
May 14, 2018 12:22:08 PM net.sf.freecol.server.networking.Server sendToAll
INFO: Reap dead connection: [DummyConnection Server connection - model.nation.iroquois]
May 14, 2018 12:22:08 PM net.sf.freecol.server.networking.Server sendToAll
INFO: Reap dead connection: [DummyConnection Server connection - model.nation.sioux]
May 14, 2018 12:22:08 PM net.sf.freecol.server.networking.Server sendToAll
INFO: Reap dead connection: [DummyConnection Server connection - model.nation.aztec]
May 14, 2018 12:22:08 PM net.sf.freecol.common.model.Specification applyDifficultyLevel
INFO: Applying difficulty level model.difficulty.medium
May 14, 2018 12:22:08 PM net.sf.freecol.common.FreeColSeed getFreeColSeed
INFO: Using seed: -7281146964687558973
May 14, 2018 12:22:08 PM net.sf.freecol.server.networking.Server sendToAll
INFO: Reap dead connection: [DummyConnection Server connection - model.nation.french]
May 14, 2018 12:22:08 PM net.sf.freecol.server.networking.Server sendToAll
INFO: Reap dead connection: [DummyConnection Server connection - model.nation.iroquois]
May 14, 2018 12:22:08 PM net.sf.freecol.server.networking.Server sendToAll
INFO: Reap dead connection: [DummyConnection Server connection - model.nation.sioux]
May 14, 2018 12:22:08 PM net.sf.freecol.server.networking.Server sendToAll
INFO: Reap dead connection: [DummyConnection Server connection - model.nation.aztec]
May 14, 2018 12:22:08 PM net.sf.freecol.server.networking.Server sendToAll
INFO: Reap dead connection: [DummyConnection Server connection - model.nation.dutch]
May 14, 2018 12:22:08 PM net.sf.freecol.server.networking.Server sendToAll
INFO: Reap dead connection: [DummyConnection Server connection - model.nation.inca]
May 14, 2018 12:22:08 PM net.sf.freecol.server.networking.Server sendToAll
INFO: Reap dead connection: [DummyConnection Server connection - model.nation.cherokee]
May 14, 2018 12:22:08 PM net.sf.freecol.server.networking.Server sendToAll
INFO: Reap dead connection: [DummyConnection Server connection - model.nation.english]
May 14, 2018 12:22:08 PM net.sf.freecol.server.networking.Server sendToAll
INFO: Reap dead connection: [DummyConnection Server connection - model.nation.apache]
May 14, 2018 12:22:08 PM net.sf.freecol.server.networking.Server sendToAll
INFO: Reap dead connection: [DummyConnection Server connection - model.nation.tupi]
May 14, 2018 12:22:08 PM net.sf.freecol.server.networking.Server sendToAll
INFO: Reap dead connection: [DummyConnection Server connection - model.nation.arawak]
May 14, 2018 12:22:08 PM net.sf.freecol.server.networking.Server sendToAll
INFO: Reap dead connection: [DummyConnection Server connection - model.nation.spanish]
May 14, 2018 12:22:08 PM net.sf.freecol.common.model.Specification applyDifficultyLevel
INFO: Applying difficulty level model.difficulty.medium
May 14, 2018 12:22:08 PM net.sf.freecol.common.FreeColSeed getFreeColSeed
INFO: Using seed: 7970184088873637740
May 14, 2018 12:22:08 PM net.sf.freecol.server.networking.Server sendToAll
INFO: Reap dead connection: [DummyConnection Server connection - model.nation.inca]
May 14, 2018 12:22:08 PM net.sf.freecol.server.networking.Server sendToAll
INFO: Reap dead connection: [DummyConnection Server connection - model.nation.spanish]
May 14, 2018 12:22:08 PM net.sf.freecol.server.networking.Server sendToAll
INFO: Reap dead connection: [DummyConnection Server connection - model.nation.arawak]
May 14, 2018 12:22:08 PM net.sf.freecol.server.networking.Server sendToAll
INFO: Reap dead connection: [DummyConnection Server connection - model.nation.dutch]
May 14, 2018 12:22:08 PM net.sf.freecol.server.networking.Server sendToAll
INFO: Reap dead connection: [DummyConnection Server connection - model.nation.iroquois]
May 14, 2018 12:22:08 PM net.sf.freecol.server.networking.Server sendToAll
INFO: Reap dead connection: [DummyConnection Server connection - model.nation.sioux]
May 14, 2018 12:22:08 PM net.sf.freecol.server.networking.Server sendToAll
INFO: Reap dead connection: [DummyConnection Server connection - model.nation.apache]
May 14, 2018 12:22:08 PM net.sf.freecol.server.networking.Server sendToAll
INFO: Reap dead connection: [DummyConnection Server connection - model.nation.tupi]
May 14, 2018 12:22:08 PM net.sf.freecol.server.networking.Server sendToAll
INFO: Reap dead connection: [DummyConnection Server connection - model.nation.french]
May 14, 2018 12:22:08 PM net.sf.freecol.server.networking.Server sendToAll
INFO: Reap dead connection: [DummyConnection Server connection - model.nation.english]
May 14, 2018 12:22:08 PM net.sf.freecol.server.networking.Server sendToAll
INFO: Reap dead connection: [DummyConnection Server connection - model.nation.aztec]
May 14, 2018 12:22:08 PM net.sf.freecol.server.networking.Server sendToAll
INFO: Reap dead connection: [DummyConnection Server connection - model.nation.cherokee]
May 14, 2018 12:22:08 PM net.sf.freecol.common.model.Specification applyDifficultyLevel
INFO: Applying difficulty level model.difficulty.medium
May 14, 2018 12:22:08 PM net.sf.freecol.common.FreeColSeed getFreeColSeed
INFO: Using seed: -7978864892530374523
May 14, 2018 12:22:08 PM net.sf.freecol.server.networking.Server sendToAll
INFO: Reap dead connection: [DummyConnection Server connection - model.nation.arawak]
May 14, 2018 12:22:08 PM net.sf.freecol.server.networking.Server sendToAll
INFO: Reap dead connection: [DummyConnection Server connection - model.nation.sioux]
May 14, 2018 12:22:08 PM net.sf.freecol.server.networking.Server sendToAll
INFO: Reap dead connection: [DummyConnection Server connection - model.nation.iroquois]
May 14, 2018 12:22:08 PM net.sf.freecol.server.networking.Server sendToAll
INFO: Reap dead connection: [DummyConnection Server connection - model.nation.apache]
May 14, 2018 12:22:08 PM net.sf.freecol.server.networking.Server sendToAll
INFO: Reap dead connection: [DummyConnection Server connection - model.nation.spanish]
May 14, 2018 12:22:08 PM net.sf.freecol.server.networking.Server sendToAll
INFO: Reap dead connection: [DummyConnection Server connection - model.nation.dutch]
May 14, 2018 12:22:08 PM net.sf.freecol.server.networking.Server sendToAll
INFO: Reap dead connection: [DummyConnection Server connection - model.nation.aztec]
May 14, 2018 12:22:08 PM net.sf.freecol.server.networking.Server sendToAll
INFO: Reap dead connection: [DummyConnection Server connection - model.nation.tupi]
May 14, 2018 12:22:08 PM net.sf.freecol.server.networking.Server sendToAll
INFO: Reap dead connection: [DummyConnection Server connection - model.nation.cherokee]
May 14, 2018 12:22:08 PM net.sf.freecol.server.networking.Server sendToAll
INFO: Reap dead connection: [DummyConnection Server connection - model.nation.english]
May 14, 2018 12:22:08 PM net.sf.freecol.server.networking.Server sendToAll
INFO: Reap dead connection: [DummyConnection Server connection - model.nation.french]
May 14, 2018 12:22:08 PM net.sf.freecol.server.networking.Server sendToAll
INFO: Reap dead connection: [DummyConnection Server connection - model.nation.inca]
May 14, 2018 12:22:08 PM net.sf.freecol.common.model.Specification applyDifficultyLevel
INFO: Applying difficulty level model.difficulty.medium
May 14, 2018 12:22:08 PM net.sf.freecol.common.FreeColSeed getFreeColSeed
INFO: Using seed: 6571964551967971564
May 14, 2018 12:22:08 PM net.sf.freecol.server.networking.Server sendToAll
INFO: Reap dead connection: [DummyConnection Server connection - model.nation.cherokee]
May 14, 2018 12:22:08 PM net.sf.freecol.server.networking.Server sendToAll
INFO: Reap dead connection: [DummyConnection Server connection - model.nation.english]
May 14, 2018 12:22:08 PM net.sf.freecol.server.networking.Server sendToAll
INFO: Reap dead connection: [DummyConnection Server connection - model.nation.apache]
May 14, 2018 12:22:08 PM net.sf.freecol.server.networking.Server sendToAll
INFO: Reap dead connection: [DummyConnection Server connection - model.nation.aztec]
May 14, 2018 12:22:08 PM net.sf.freecol.server.networking.Server sendToAll
INFO: Reap dead connection: [DummyConnection Server connection - model.nation.iroquois]
May 14, 2018 12:22:08 PM net.sf.freecol.server.networking.Server sendToAll
INFO: Reap dead connection: [DummyConnection Server connection - model.nation.inca]
May 14, 2018 12:22:08 PM net.sf.freecol.server.networking.Server sendToAll
INFO: Reap dead connection: [DummyConnection Server connection - model.nation.dutch]
May 14, 2018 12:22:08 PM net.sf.freecol.server.networking.Server sendToAll
INFO: Reap dead connection: [DummyConnection Server connection - model.nation.sioux]
May 14, 2018 12:22:08 PM net.sf.freecol.server.networking.Server sendToAll
INFO: Reap dead connection: [DummyConnection Server connection - model.nation.spanish]
May 14, 2018 12:22:08 PM net.sf.freecol.server.networking.Server sendToAll
INFO: Reap dead connection: [DummyConnection Server connection - model.nation.tupi]
May 14, 2018 12:22:08 PM net.sf.freecol.server.networking.Server sendToAll
INFO: Reap dead connection: [DummyConnection Server connection - model.nation.french]
May 14, 2018 12:22:08 PM net.sf.freecol.server.networking.Server sendToAll
INFO: Reap dead connection: [DummyConnection Server connection - model.nation.arawak]
May 14, 2018 12:22:08 PM net.sf.freecol.common.model.Specification applyDifficultyLevel
INFO: Applying difficulty level model.difficulty.medium
May 14, 2018 12:22:08 PM net.sf.freecol.common.FreeColSeed getFreeColSeed
INFO: Using seed: 8148926717638416345
May 14, 2018 12:22:08 PM net.sf.freecol.server.networking.Server sendToAll
INFO: Reap dead connection: [DummyConnection Server connection - model.nation.english]
May 14, 2018 12:22:08 PM net.sf.freecol.server.networking.Server sendToAll
INFO: Reap dead connection: [DummyConnection Server connection - model.nation.inca]
May 14, 2018 12:22:08 PM net.sf.freecol.server.networking.Server sendToAll
INFO: Reap dead connection: [DummyConnection Server connection - model.nation.sioux]
May 14, 2018 12:22:08 PM net.sf.freecol.server.networking.Server sendToAll
INFO: Reap dead connection: [DummyConnection Server connection - model.nation.dutch]
May 14, 2018 12:22:08 PM net.sf.freecol.server.networking.Server sendToAll
INFO: Reap dead connection: [DummyConnection Server connection - model.nation.arawak]
May 14, 2018 12:22:08 PM net.sf.freecol.server.networking.Server sendToAll
INFO: Reap dead connection: [DummyConnection Server connection - model.nation.aztec]
May 14, 2018 12:22:08 PM net.sf.freecol.server.networking.Server sendToAll
INFO: Reap dead connection: [DummyConnection Server connection - model.nation.apache]
May 14, 2018 12:22:08 PM net.sf.freecol.server.networking.Server sendToAll
INFO: Reap dead connection: [DummyConnection Server connection - model.nation.cherokee]
May 14, 2018 12:22:08 PM net.sf.freecol.server.networking.Server sendToAll
INFO: Reap dead connection: [DummyConnection Server connection - model.nation.french]
May 14, 2018 12:22:08 PM net.sf.freecol.server.networking.Server sendToAll
INFO: Reap dead connection: [DummyConnection Server connection - model.nation.tupi]
May 14, 2018 12:22:08 PM net.sf.freecol.server.networking.Server sendToAll
INFO: Reap dead connection: [DummyConnection Server connection - model.nation.spanish]
May 14, 2018 12:22:08 PM net.sf.freecol.server.networking.Server sendToAll
INFO: Reap dead connection: [DummyConnection Server connection - model.nation.iroquois]
May 14, 2018 12:22:08 PM net.sf.freecol.common.model.Specification applyDifficultyLevel
INFO: Applying difficulty level model.difficulty.medium
May 14, 2018 12:22:08 PM net.sf.freecol.common.FreeColSeed getFreeColSeed
INFO: Using seed: -6378329482316778112
May 14, 2018 12:22:08 PM net.sf.freecol.server.networking.Server sendToAll
INFO: Reap dead connection: [DummyConnection Server connection - model.nation.dutch]
May 14, 2018 12:22:08 PM net.sf.freecol.server.networking.Server sendToAll
INFO: Reap dead connection: [DummyConnection Server connection - model.nation.sioux]
May 14, 2018 12:22:08 PM net.sf.freecol.server.networking.Server sendToAll
INFO: Reap dead connection: [DummyConnection Server connection - model.nation.iroquois]
May 14, 2018 12:22:08 PM net.sf.freecol.server.networking.Server sendToAll
INFO: Reap dead connection: [DummyConnection Server connection - model.nation.tupi]
May 14, 2018 12:22:08 PM net.sf.freecol.server.networking.Server sendToAll
INFO: Reap dead connection: [DummyConnection Server connection - model.nation.arawak]
May 14, 2018 12:22:08 PM net.sf.freecol.server.networking.Server sendToAll
INFO: Reap dead connection: [DummyConnection Server connection - model.nation.apache]
May 14, 2018 12:22:08 PM net.sf.freecol.server.networking.Server sendToAll
INFO: Reap dead connection: [DummyConnection Server connection - model.nation.spanish]
May 14, 2018 12:22:08 PM net.sf.freecol.server.networking.Server sendToAll
INFO: Reap dead connection: [DummyConnection Server connection - model.nation.english]
May 14, 2018 12:22:08 PM net.sf.freecol.server.networking.Server sendToAll
INFO: Reap dead connection: [DummyConnection Server connection - model.nation.aztec]
May 14, 2018 12:22:08 PM net.sf.freecol.server.networking.Server sendToAll
INFO: Reap dead connection: [DummyConnection Server connection - model.nation.french]
May 14, 2018 12:22:08 PM net.sf.freecol.server.networking.Server sendToAll
INFO: Reap dead connection: [DummyConnection Server connection - model.nation.inca]
May 14, 2018 12:22:08 PM net.sf.freecol.server.networking.Server sendToAll
INFO: Reap dead connection: [DummyConnection Server connection - model.nation.cherokee]
May 14, 2018 12:22:08 PM net.sf.freecol.common.model.Specification applyDifficultyLevel
INFO: Applying difficulty level model.difficulty.medium
May 14, 2018 12:22:08 PM net.sf.freecol.common.FreeColSeed getFreeColSeed
INFO: Using seed: -624731109746342996
May 14, 2018 12:22:08 PM net.sf.freecol.server.networking.Server sendToAll
INFO: Reap dead connection: [DummyConnection Server connection - model.nation.iroquois]
May 14, 2018 12:22:08 PM net.sf.freecol.server.networking.Server sendToAll
INFO: Reap dead connection: [DummyConnection Server connection - model.nation.arawak]
May 14, 2018 12:22:08 PM net.sf.freecol.server.networking.Server sendToAll
INFO: Reap dead connection: [DummyConnection Server connection - model.nation.tupi]
May 14, 2018 12:22:08 PM net.sf.freecol.server.networking.Server sendToAll
INFO: Reap dead connection: [DummyConnection Server connection - model.nation.dutch]
May 14, 2018 12:22:08 PM net.sf.freecol.server.networking.Server sendToAll
INFO: Reap dead connection: [DummyConnection Server connection - model.nation.sioux]
May 14, 2018 12:22:08 PM net.sf.freecol.server.networking.Server sendToAll
INFO: Reap dead connection: [DummyConnection Server connection - model.nation.french]
May 14, 2018 12:22:08 PM net.sf.freecol.server.networking.Server sendToAll
INFO: Reap dead connection: [DummyConnection Server connection - model.nation.aztec]
May 14, 2018 12:22:08 PM net.sf.freecol.server.networking.Server sendToAll
INFO: Reap dead connection: [DummyConnection Server connection - model.nation.spanish]
May 14, 2018 12:22:08 PM net.sf.freecol.server.networking.Server sendToAll
INFO: Reap dead connection: [DummyConnection Server connection - model.nation.apache]
May 14, 2018 12:22:08 PM net.sf.freecol.server.networking.Server sendToAll
INFO: Reap dead connection: [DummyConnection Server connection - model.nation.inca]
May 14, 2018 12:22:08 PM net.sf.freecol.server.networking.Server sendToAll
INFO: Reap dead connection: [DummyConnection Server connection - model.nation.english]
May 14, 2018 12:22:08 PM net.sf.freecol.server.networking.Server sendToAll
INFO: Reap dead connection: [DummyConnection Server connection - model.nation.cherokee]
May 14, 2018 12:22:08 PM net.sf.freecol.common.model.Specification applyDifficultyLevel
INFO: Applying difficulty level model.difficulty.medium
May 14, 2018 12:22:08 PM net.sf.freecol.common.FreeColSeed getFreeColSeed
INFO: Using seed: -1857820813278132442
May 14, 2018 12:22:08 PM net.sf.freecol.server.networking.Server sendToAll
INFO: Reap dead connection: [DummyConnection Server connection - model.nation.iroquois]
May 14, 2018 12:22:08 PM net.sf.freecol.server.networking.Server sendToAll
INFO: Reap dead connection: [DummyConnection Server connection - model.nation.french]
May 14, 2018 12:22:08 PM net.sf.freecol.server.networking.Server sendToAll
INFO: Reap dead connection: [DummyConnection Server connection - model.nation.arawak]
May 14, 2018 12:22:08 PM net.sf.freecol.server.networking.Server sendToAll
INFO: Reap dead connection: [DummyConnection Server connection - model.nation.inca]
May 14, 2018 12:22:08 PM net.sf.freecol.server.networking.Server sendToAll
INFO: Reap dead connection: [DummyConnection Server connection - model.nation.english]
May 14, 2018 12:22:08 PM net.sf.freecol.server.networking.Server sendToAll
INFO: Reap dead connection: [DummyConnection Server connection - model.nation.aztec]
May 14, 2018 12:22:08 PM net.sf.freecol.server.networking.Server sendToAll
INFO: Reap dead connection: [DummyConnection Server connection - model.nation.spanish]
May 14, 2018 12:22:08 PM net.sf.freecol.server.networking.Server sendToAll
INFO: Reap dead connection: [DummyConnection Server connection - model.nation.sioux]
May 14, 2018 12:22:08 PM net.sf.freecol.server.networking.Server sendToAll
INFO: Reap dead connection: [DummyConnection Server connection - model.nation.tupi]
May 14, 2018 12:22:08 PM net.sf.freecol.server.networking.Server sendToAll
INFO: Reap dead connection: [DummyConnection Server connection - model.nation.dutch]
May 14, 2018 12:22:08 PM net.sf.freecol.server.networking.Server sendToAll
INFO: Reap dead connection: [DummyConnection Server connection - model.nation.apache]
May 14, 2018 12:22:08 PM net.sf.freecol.server.networking.Server sendToAll
INFO: Reap dead connection: [DummyConnection Server connection - model.nation.cherokee]
May 14, 2018 12:22:08 PM net.sf.freecol.common.model.Specification applyDifficultyLevel
INFO: Applying difficulty level model.difficulty.medium
May 14, 2018 12:22:08 PM net.sf.freecol.common.FreeColSeed getFreeColSeed
INFO: Using seed: -2975977675665533340
May 14, 2018 12:22:08 PM net.sf.freecol.server.networking.Server sendToAll
INFO: Reap dead connection: [DummyConnection Server connection - model.nation.apache]
May 14, 2018 12:22:08 PM net.sf.freecol.server.networking.Server sendToAll
INFO: Reap dead connection: [DummyConnection Server connection - model.nation.aztec]
May 14, 2018 12:22:08 PM net.sf.freecol.server.networking.Server sendToAll
INFO: Reap dead connection: [DummyConnection Server connection - model.nation.arawak]
May 14, 2018 12:22:08 PM net.sf.freecol.server.networking.Server sendToAll
INFO: Reap dead connection: [DummyConnection Server connection - model.nation.inca]
May 14, 2018 12:22:08 PM net.sf.freecol.server.networking.Server sendToAll
INFO: Reap dead connection: [DummyConnection Server connection - model.nation.french]
May 14, 2018 12:22:08 PM net.sf.freecol.server.networking.Server sendToAll
INFO: Reap dead connection: [DummyConnection Server connection - model.nation.tupi]
May 14, 2018 12:22:08 PM net.sf.freecol.server.networking.Server sendToAll
INFO: Reap dead connection: [DummyConnection Server connection - model.nation.sioux]
May 14, 2018 12:22:08 PM net.sf.freecol.server.networking.Server sendToAll
INFO: Reap dead connection: [DummyConnection Server connection - model.nation.dutch]
May 14, 2018 12:22:08 PM net.sf.freecol.server.networking.Server sendToAll
INFO: Reap dead connection: [DummyConnection Server connection - model.nation.spanish]
May 14, 2018 12:22:08 PM net.sf.freecol.server.networking.Server sendToAll
INFO: Reap dead connection: [DummyConnection Server connection - model.nation.iroquois]
May 14, 2018 12:22:08 PM net.sf.freecol.server.networking.Server sendToAll
INFO: Reap dead connection: [DummyConnection Server connection - model.nation.cherokee]
May 14, 2018 12:22:08 PM net.sf.freecol.server.networking.Server sendToAll
INFO: Reap dead connection: [DummyConnection Server connection - model.nation.english]
May 14, 2018 12:22:08 PM net.sf.freecol.common.model.Specification applyDifficultyLevel
INFO: Applying difficulty level model.difficulty.medium
May 14, 2018 12:22:08 PM net.sf.freecol.common.FreeColSeed getFreeColSeed
INFO: Using seed: -7623756436358697214
May 14, 2018 12:22:08 PM net.sf.freecol.server.networking.Server sendToAll
INFO: Reap dead connection: [DummyConnection Server connection - model.nation.english]
May 14, 2018 12:22:08 PM net.sf.freecol.server.networking.Server sendToAll
INFO: Reap dead connection: [DummyConnection Server connection - model.nation.aztec]
May 14, 2018 12:22:08 PM net.sf.freecol.server.networking.Server sendToAll
INFO: Reap dead connection: [DummyConnection Server connection - model.nation.iroquois]
May 14, 2018 12:22:08 PM net.sf.freecol.server.networking.Server sendToAll
INFO: Reap dead connection: [DummyConnection Server connection - model.nation.tupi]
May 14, 2018 12:22:08 PM net.sf.freecol.server.networking.Server sendToAll
INFO: Reap dead connection: [DummyConnection Server connection - model.nation.dutch]
May 14, 2018 12:22:08 PM net.sf.freecol.server.networking.Server sendToAll
INFO: Reap dead connection: [DummyConnection Server connection - model.nation.french]
May 14, 2018 12:22:08 PM net.sf.freecol.server.networking.Server sendToAll
INFO: Reap dead connection: [DummyConnection Server connection - model.nation.apache]
May 14, 2018 12:22:08 PM net.sf.freecol.server.networking.Server sendToAll
INFO: Reap dead connection: [DummyConnection Server connection - model.nation.sioux]
May 14, 2018 12:22:08 PM net.sf.freecol.server.networking.Server sendToAll
INFO: Reap dead connection: [DummyConnection Server connection - model.nation.arawak]
May 14, 2018 12:22:08 PM net.sf.freecol.server.networking.Server sendToAll
INFO: Reap dead connection: [DummyConnection Server connection - model.nation.inca]
May 14, 2018 12:22:08 PM net.sf.freecol.server.networking.Server sendToAll
INFO: Reap dead connection: [DummyConnection Server connection - model.nation.spanish]
May 14, 2018 12:22:08 PM net.sf.freecol.server.networking.Server sendToAll
INFO: Reap dead connection: [DummyConnection Server connection - model.nation.cherokee]
May 14, 2018 12:22:08 PM net.sf.freecol.common.networking.DOMMessage clientError
WARNING: Received message: move out of turn from player: model.nation.dutch
May 14, 2018 12:22:08 PM net.sf.freecol.server.ai.AIMessage checkError
WARNING: AIMessage.move error, messageId: server.reject message: Received message: move out of turn from player: model.nation.dutch
May 14, 2018 12:22:08 PM net.sf.freecol.common.model.Specification applyDifficultyLevel
INFO: Applying difficulty level model.difficulty.medium
May 14, 2018 12:22:08 PM net.sf.freecol.common.FreeColSeed getFreeColSeed
INFO: Using seed: 1682133750429627901
May 14, 2018 12:22:08 PM net.sf.freecol.server.networking.Server sendToAll
INFO: Reap dead connection: [DummyConnection Server connection - model.nation.arawak]
May 14, 2018 12:22:08 PM net.sf.freecol.server.networking.Server sendToAll
INFO: Reap dead connection: [DummyConnection Server connection - model.nation.french]
May 14, 2018 12:22:08 PM net.sf.freecol.server.networking.Server sendToAll
INFO: Reap dead connection: [DummyConnection Server connection - model.nation.apache]
May 14, 2018 12:22:08 PM net.sf.freecol.server.networking.Server sendToAll
INFO: Reap dead connection: [DummyConnection Server connection - model.nation.tupi]
May 14, 2018 12:22:08 PM net.sf.freecol.server.networking.Server sendToAll
INFO: Reap dead connection: [DummyConnection Server connection - model.nation.inca]
May 14, 2018 12:22:08 PM net.sf.freecol.server.networking.Server sendToAll
INFO: Reap dead connection: [DummyConnection Server connection - model.nation.sioux]
May 14, 2018 12:22:08 PM net.sf.freecol.server.networking.Server sendToAll
INFO: Reap dead connection: [DummyConnection Server connection - model.nation.english]
May 14, 2018 12:22:08 PM net.sf.freecol.server.networking.Server sendToAll
INFO: Reap dead connection: [DummyConnection Server connection - model.nation.spanish]
May 14, 2018 12:22:08 PM net.sf.freecol.server.networking.Server sendToAll
INFO: Reap dead connection: [DummyConnection Server connection - model.nation.iroquois]
May 14, 2018 12:22:08 PM net.sf.freecol.server.networking.Server sendToAll
INFO: Reap dead connection: [DummyConnection Server connection - model.nation.dutch]
May 14, 2018 12:22:08 PM net.sf.freecol.server.networking.Server sendToAll
INFO: Reap dead connection: [DummyConnection Server connection - model.nation.aztec]
May 14, 2018 12:22:08 PM net.sf.freecol.server.networking.Server sendToAll
INFO: Reap dead connection: [DummyConnection Server connection - model.nation.cherokee]
May 14, 2018 12:22:08 PM net.sf.freecol.common.networking.DOMMessage clientError
WARNING: Received message: move out of turn from player: model.nation.dutch
May 14, 2018 12:22:08 PM net.sf.freecol.server.ai.AIMessage checkError
WARNING: AIMessage.move error, messageId: server.reject message: Received message: move out of turn from player: model.nation.dutch
May 14, 2018 12:22:08 PM net.sf.freecol.common.model.Specification applyDifficultyLevel
INFO: Applying difficulty level model.difficulty.medium
May 14, 2018 12:22:08 PM net.sf.freecol.common.FreeColSeed getFreeColSeed
INFO: Using seed: 787863190041844097
May 14, 2018 12:22:08 PM net.sf.freecol.server.networking.Server sendToAll
INFO: Reap dead connection: [DummyConnection Server connection - model.nation.french]
May 14, 2018 12:22:08 PM net.sf.freecol.server.networking.Server sendToAll
INFO: Reap dead connection: [DummyConnection Server connection - model.nation.cherokee]
May 14, 2018 12:22:08 PM net.sf.freecol.server.networking.Server sendToAll
INFO: Reap dead connection: [DummyConnection Server connection - model.nation.spanish]
May 14, 2018 12:22:08 PM net.sf.freecol.server.networking.Server sendToAll
INFO: Reap dead connection: [DummyConnection Server connection - model.nation.iroquois]
May 14, 2018 12:22:08 PM net.sf.freecol.server.networking.Server sendToAll
INFO: Reap dead connection: [DummyConnection Server connection - model.nation.english]
May 14, 2018 12:22:08 PM net.sf.freecol.server.networking.Server sendToAll
INFO: Reap dead connection: [DummyConnection Server connection - model.nation.apache]
May 14, 2018 12:22:08 PM net.sf.freecol.server.networking.Server sendToAll
INFO: Reap dead connection: [DummyConnection Server connection - model.nation.dutch]
May 14, 2018 12:22:08 PM net.sf.freecol.server.networking.Server sendToAll
INFO: Reap dead connection: [DummyConnection Server connection - model.nation.inca]
May 14, 2018 12:22:08 PM net.sf.freecol.server.networking.Server sendToAll
INFO: Reap dead connection: [DummyConnection Server connection - model.nation.sioux]
May 14, 2018 12:22:08 PM net.sf.freecol.server.networking.Server sendToAll
INFO: Reap dead connection: [DummyConnection Server connection - model.nation.tupi]
May 14, 2018 12:22:08 PM net.sf.freecol.server.networking.Server sendToAll
INFO: Reap dead connection: [DummyConnection Server connection - model.nation.arawak]
May 14, 2018 12:22:08 PM net.sf.freecol.server.networking.Server sendToAll
INFO: Reap dead connection: [DummyConnection Server connection - model.nation.aztec]
May 14, 2018 12:22:08 PM net.sf.freecol.common.networking.DOMMessage clientError
WARNING: Received message: move out of turn from player: model.nation.dutch
May 14, 2018 12:22:08 PM net.sf.freecol.server.ai.AIMessage checkError
WARNING: AIMessage.move error, messageId: server.reject message: Received message: move out of turn from player: model.nation.dutch
May 14, 2018 12:22:08 PM net.sf.freecol.common.model.Specification applyDifficultyLevel
INFO: Applying difficulty level model.difficulty.medium
May 14, 2018 12:22:08 PM net.sf.freecol.common.FreeColSeed getFreeColSeed
INFO: Using seed: 5408555297674415346
May 14, 2018 12:22:08 PM net.sf.freecol.server.networking.Server sendToAll
INFO: Reap dead connection: [DummyConnection Server connection - model.nation.iroquois]
May 14, 2018 12:22:08 PM net.sf.freecol.server.networking.Server sendToAll
INFO: Reap dead connection: [DummyConnection Server connection - model.nation.aztec]
May 14, 2018 12:22:08 PM net.sf.freecol.server.networking.Server sendToAll
INFO: Reap dead connection: [DummyConnection Server connection - model.nation.sioux]
May 14, 2018 12:22:08 PM net.sf.freecol.server.networking.Server sendToAll
INFO: Reap dead connection: [DummyConnection Server connection - model.nation.dutch]
May 14, 2018 12:22:08 PM net.sf.freecol.server.networking.Server sendToAll
INFO: Reap dead connection: [DummyConnection Server connection - model.nation.arawak]
May 14, 2018 12:22:08 PM net.sf.freecol.server.networking.Server sendToAll
INFO: Reap dead connection: [DummyConnection Server connection - model.nation.french]
May 14, 2018 12:22:08 PM net.sf.freecol.server.networking.Server sendToAll
INFO: Reap dead connection: [DummyConnection Server connection - model.nation.english]
May 14, 2018 12:22:08 PM net.sf.freecol.server.networking.Server sendToAll
INFO: Reap dead connection: [DummyConnection Server connection - model.nation.apache]
May 14, 2018 12:22:08 PM net.sf.freecol.server.networking.Server sendToAll
INFO: Reap dead connection: [DummyConnection Server connection - model.nation.tupi]
May 14, 2018 12:22:08 PM net.sf.freecol.server.networking.Server sendToAll
INFO: Reap dead connection: [DummyConnection Server connection - model.nation.spanish]
May 14, 2018 12:22:08 PM net.sf.freecol.server.networking.Server sendToAll
INFO: Reap dead connection: [DummyConnection Server connection - model.nation.inca]
May 14, 2018 12:22:08 PM net.sf.freecol.server.networking.Server sendToAll
INFO: Reap dead connection: [DummyConnection Server connection - model.nation.cherokee]
May 14, 2018 12:22:08 PM net.sf.freecol.common.util.LogBuilder log
INFO: Combat attacker=unit:250-privateer [Modifier model.modifier.offence (model.source.baseOffence) ADDITIVE 8.0 index=10] [Modifier model.modifier.attackBonus (model.source.attackBonus) PERCENTAGE 50.0 index=50] = 12.0 defender=unit:247-galleon [Modifier model.modifier.defence (model.source.baseDefence) ADDITIVE 10.0 index=10] = 10.0 odds=0.5454545454545454 random(1.0)=0.5254545211791992 great=false Attack WIN DAMAGE_SHIP_ATTACK
May 14, 2018 12:22:08 PM net.sf.freecol.common.util.LogBuilder log
INFO: Destroying: unit:249
May 14, 2018 12:22:08 PM net.sf.freecol.common.model.Specification applyDifficultyLevel
INFO: Applying difficulty level model.difficulty.medium
May 14, 2018 12:22:08 PM net.sf.freecol.common.FreeColSeed getFreeColSeed
INFO: Using seed: 5508754405397720231
May 14, 2018 12:22:09 PM net.sf.freecol.server.networking.Server sendToAll
INFO: Reap dead connection: [DummyConnection Server connection - model.nation.english]
May 14, 2018 12:22:09 PM net.sf.freecol.server.networking.Server sendToAll
INFO: Reap dead connection: [DummyConnection Server connection - model.nation.sioux]
May 14, 2018 12:22:09 PM net.sf.freecol.server.networking.Server sendToAll
INFO: Reap dead connection: [DummyConnection Server connection - model.nation.apache]
May 14, 2018 12:22:09 PM net.sf.freecol.server.networking.Server sendToAll
INFO: Reap dead connection: [DummyConnection Server connection - model.nation.french]
May 14, 2018 12:22:09 PM net.sf.freecol.server.networking.Server sendToAll
INFO: Reap dead connection: [DummyConnection Server connection - model.nation.arawak]
May 14, 2018 12:22:09 PM net.sf.freecol.server.networking.Server sendToAll
INFO: Reap dead connection: [DummyConnection Server connection - model.nation.spanish]
May 14, 2018 12:22:09 PM net.sf.freecol.server.networking.Server sendToAll
INFO: Reap dead connection: [DummyConnection Server connection - model.nation.tupi]
May 14, 2018 12:22:09 PM net.sf.freecol.server.networking.Server sendToAll
INFO: Reap dead connection: [DummyConnection Server connection - model.nation.dutch]
May 14, 2018 12:22:09 PM net.sf.freecol.server.networking.Server sendToAll
INFO: Reap dead connection: [DummyConnection Server connection - model.nation.aztec]
May 14, 2018 12:22:09 PM net.sf.freecol.server.networking.Server sendToAll
INFO: Reap dead connection: [DummyConnection Server connection - model.nation.iroquois]
May 14, 2018 12:22:09 PM net.sf.freecol.server.networking.Server sendToAll
INFO: Reap dead connection: [DummyConnection Server connection - model.nation.inca]
May 14, 2018 12:22:09 PM net.sf.freecol.server.networking.Server sendToAll
INFO: Reap dead connection: [DummyConnection Server connection - model.nation.cherokee]
May 14, 2018 12:22:09 PM net.sf.freecol.common.model.Specification applyDifficultyLevel
INFO: Applying difficulty level model.difficulty.medium
May 14, 2018 12:22:09 PM net.sf.freecol.common.FreeColSeed getFreeColSeed
INFO: Using seed: -3891724517082292666
May 14, 2018 12:22:09 PM net.sf.freecol.server.networking.Server sendToAll
INFO: Reap dead connection: [DummyConnection Server connection - model.nation.iroquois]
May 14, 2018 12:22:09 PM net.sf.freecol.server.networking.Server sendToAll
INFO: Reap dead connection: [DummyConnection Server connection - model.nation.sioux]
May 14, 2018 12:22:09 PM net.sf.freecol.server.networking.Server sendToAll
INFO: Reap dead connection: [DummyConnection Server connection - model.nation.tupi]
May 14, 2018 12:22:09 PM net.sf.freecol.server.networking.Server sendToAll
INFO: Reap dead connection: [DummyConnection Server connection - model.nation.inca]
May 14, 2018 12:22:09 PM net.sf.freecol.server.networking.Server sendToAll
INFO: Reap dead connection: [DummyConnection Server connection - model.nation.spanish]
May 14, 2018 12:22:09 PM net.sf.freecol.server.networking.Server sendToAll
INFO: Reap dead connection: [DummyConnection Server connection - model.nation.dutch]
May 14, 2018 12:22:09 PM net.sf.freecol.server.networking.Server sendToAll
INFO: Reap dead connection: [DummyConnection Server connection - model.nation.french]
May 14, 2018 12:22:09 PM net.sf.freecol.server.networking.Server sendToAll
INFO: Reap dead connection: [DummyConnection Server connection - model.nation.apache]
May 14, 2018 12:22:09 PM net.sf.freecol.server.networking.Server sendToAll
INFO: Reap dead connection: [DummyConnection Server connection - model.nation.aztec]
May 14, 2018 12:22:09 PM net.sf.freecol.server.networking.Server sendToAll
INFO: Reap dead connection: [DummyConnection Server connection - model.nation.arawak]
May 14, 2018 12:22:09 PM net.sf.freecol.server.networking.Server sendToAll
INFO: Reap dead connection: [DummyConnection Server connection - model.nation.english]
May 14, 2018 12:22:09 PM net.sf.freecol.server.networking.Server sendToAll
INFO: Reap dead connection: [DummyConnection Server connection - model.nation.cherokee]
May 14, 2018 12:22:09 PM net.sf.freecol.common.model.Specification applyDifficultyLevel
INFO: Applying difficulty level model.difficulty.medium
May 14, 2018 12:22:09 PM net.sf.freecol.common.FreeColSeed getFreeColSeed
INFO: Using seed: -324980785372430536
May 14, 2018 12:22:09 PM net.sf.freecol.server.networking.Server sendToAll
INFO: Reap dead connection: [DummyConnection Server connection - model.nation.tupi]
May 14, 2018 12:22:09 PM net.sf.freecol.server.networking.Server sendToAll
INFO: Reap dead connection: [DummyConnection Server connection - model.nation.french]
May 14, 2018 12:22:09 PM net.sf.freecol.server.networking.Server sendToAll
INFO: Reap dead connection: [DummyConnection Server connection - model.nation.spanish]
May 14, 2018 12:22:09 PM net.sf.freecol.server.networking.Server sendToAll
INFO: Reap dead connection: [DummyConnection Server connection - model.nation.apache]
May 14, 2018 12:22:09 PM net.sf.freecol.server.networking.Server sendToAll
INFO: Reap dead connection: [DummyConnection Server connection - model.nation.arawak]
May 14, 2018 12:22:09 PM net.sf.freecol.server.networking.Server sendToAll
INFO: Reap dead connection: [DummyConnection Server connection - model.nation.cherokee]
May 14, 2018 12:22:09 PM net.sf.freecol.server.networking.Server sendToAll
INFO: Reap dead connection: [DummyConnection Server connection - model.nation.dutch]
May 14, 2018 12:22:09 PM net.sf.freecol.server.networking.Server sendToAll
INFO: Reap dead connection: [DummyConnection Server connection - model.nation.iroquois]
May 14, 2018 12:22:09 PM net.sf.freecol.server.networking.Server sendToAll
INFO: Reap dead connection: [DummyConnection Server connection - model.nation.english]
May 14, 2018 12:22:09 PM net.sf.freecol.server.networking.Server sendToAll
INFO: Reap dead connection: [DummyConnection Server connection - model.nation.sioux]
May 14, 2018 12:22:09 PM net.sf.freecol.server.networking.Server sendToAll
INFO: Reap dead connection: [DummyConnection Server connection - model.nation.inca]
May 14, 2018 12:22:09 PM net.sf.freecol.server.networking.Server sendToAll
INFO: Reap dead connection: [DummyConnection Server connection - model.nation.aztec]
May 14, 2018 12:22:09 PM net.sf.freecol.server.model.ServerPlayer csChangeStance
INFO: Stance modification William I PEACE -> WAR wrt Atahualpa
May 14, 2018 12:22:09 PM net.sf.freecol.server.model.ServerPlayer csChangeStance
INFO: Stance modification Atahualpa PEACE -> WAR wrt William I (symmetric)
May 14, 2018 12:22:09 PM net.sf.freecol.common.model.Specification applyDifficultyLevel
INFO: Applying difficulty level model.difficulty.medium
May 14, 2018 12:22:09 PM net.sf.freecol.common.FreeColSeed getFreeColSeed
INFO: Using seed: 6095255012429350529
May 14, 2018 12:22:09 PM net.sf.freecol.server.networking.Server sendToAll
INFO: Reap dead connection: [DummyConnection Server connection - model.nation.sioux]
May 14, 2018 12:22:09 PM net.sf.freecol.server.networking.Server sendToAll
INFO: Reap dead connection: [DummyConnection Server connection - model.nation.dutch]
May 14, 2018 12:22:09 PM net.sf.freecol.server.networking.Server sendToAll
INFO: Reap dead connection: [DummyConnection Server connection - model.nation.arawak]
May 14, 2018 12:22:09 PM net.sf.freecol.server.networking.Server sendToAll
INFO: Reap dead connection: [DummyConnection Server connection - model.nation.french]
May 14, 2018 12:22:09 PM net.sf.freecol.server.networking.Server sendToAll
INFO: Reap dead connection: [DummyConnection Server connection - model.nation.tupi]
May 14, 2018 12:22:09 PM net.sf.freecol.server.networking.Server sendToAll
INFO: Reap dead connection: [DummyConnection Server connection - model.nation.apache]
May 14, 2018 12:22:09 PM net.sf.freecol.server.networking.Server sendToAll
INFO: Reap dead connection: [DummyConnection Server connection - model.nation.inca]
May 14, 2018 12:22:09 PM net.sf.freecol.server.networking.Server sendToAll
INFO: Reap dead connection: [DummyConnection Server connection - model.nation.cherokee]
May 14, 2018 12:22:09 PM net.sf.freecol.server.networking.Server sendToAll
INFO: Reap dead connection: [DummyConnection Server connection - model.nation.iroquois]
May 14, 2018 12:22:09 PM net.sf.freecol.server.networking.Server sendToAll
INFO: Reap dead connection: [DummyConnection Server connection - model.nation.spanish]
May 14, 2018 12:22:09 PM net.sf.freecol.server.networking.Server sendToAll
INFO: Reap dead connection: [DummyConnection Server connection - model.nation.english]
May 14, 2018 12:22:09 PM net.sf.freecol.server.networking.Server sendToAll
INFO: Reap dead connection: [DummyConnection Server connection - model.nation.aztec]
May 14, 2018 12:22:09 PM net.sf.freecol.server.model.ServerPlayer csChangeStance
INFO: Stance modification William I UNCONTACTED -> WAR wrt Louis XIV
May 14, 2018 12:22:09 PM net.sf.freecol.server.model.ServerPlayer csChangeStance
INFO: Stance modification Louis XIV UNCONTACTED -> WAR wrt William I (symmetric)
May 14, 2018 12:22:09 PM net.sf.freecol.common.util.LogBuilder log
INFO: Combat attacker=unit:247-artillery [Modifier model.modifier.offence (model.source.baseOffence) ADDITIVE 7.0 index=10] [Modifier model.modifier.artilleryInTheOpen (model.source.artilleryInTheOpen) PERCENTAGE -75.0 index=50] [Modifier model.modifier.attackBonus (model.source.attackBonus) PERCENTAGE 50.0 index=50] = 2.625 defender=unit:248-freeColonist-soldier [Modifier model.modifier.defence (model.source.baseDefence) ADDITIVE 1.0 index=10] [Modifier model.modifier.defence (model.role.soldier) ADDITIVE 1.0 index=30] = 2.0 odds=0.5675675675675675 random(1.0)=0.5875675678253174 great=false Attack LOSE DEMOTE_UNIT
May 14, 2018 12:22:09 PM net.sf.freecol.common.util.LogBuilder log
INFO: Combat attacker=unit:247-damagedArtillery [Modifier model.modifier.offence (model.source.baseOffence) ADDITIVE 5.0 index=10] [Modifier model.modifier.artilleryInTheOpen (model.source.artilleryInTheOpen) PERCENTAGE -75.0 index=50] [Modifier model.modifier.attackBonus (model.source.attackBonus) PERCENTAGE 50.0 index=50] = 1.875 defender=unit:248-freeColonist-soldier [Modifier model.modifier.defence (model.source.baseDefence) ADDITIVE 1.0 index=10] [Modifier model.modifier.defence (model.role.soldier) ADDITIVE 1.0 index=30] = 2.0 odds=0.4838709677419355 random(1.0)=0.503870964050293 great=false Attack LOSE SLAUGHTER_UNIT
May 14, 2018 12:22:09 PM net.sf.freecol.common.util.LogBuilder log
INFO: Destroying: unit:247
May 14, 2018 12:22:09 PM net.sf.freecol.common.model.Specification applyDifficultyLevel
INFO: Applying difficulty level model.difficulty.medium
May 14, 2018 12:22:09 PM net.sf.freecol.common.FreeColSeed getFreeColSeed
INFO: Using seed: -7235632399091494697
May 14, 2018 12:22:09 PM net.sf.freecol.server.networking.Server sendToAll
INFO: Reap dead connection: [DummyConnection Server connection - model.nation.tupi]
May 14, 2018 12:22:09 PM net.sf.freecol.server.networking.Server sendToAll
INFO: Reap dead connection: [DummyConnection Server connection - model.nation.sioux]
May 14, 2018 12:22:09 PM net.sf.freecol.server.networking.Server sendToAll
INFO: Reap dead connection: [DummyConnection Server connection - model.nation.apache]
May 14, 2018 12:22:09 PM net.sf.freecol.server.networking.Server sendToAll
INFO: Reap dead connection: [DummyConnection Server connection - model.nation.inca]
May 14, 2018 12:22:09 PM net.sf.freecol.server.networking.Server sendToAll
INFO: Reap dead connection: [DummyConnection Server connection - model.nation.iroquois]
May 14, 2018 12:22:09 PM net.sf.freecol.server.networking.Server sendToAll
INFO: Reap dead connection: [DummyConnection Server connection - model.nation.cherokee]
May 14, 2018 12:22:09 PM net.sf.freecol.server.networking.Server sendToAll
INFO: Reap dead connection: [DummyConnection Server connection - model.nation.french]
May 14, 2018 12:22:09 PM net.sf.freecol.server.networking.Server sendToAll
INFO: Reap dead connection: [DummyConnection Server connection - model.nation.spanish]
May 14, 2018 12:22:09 PM net.sf.freecol.server.networking.Server sendToAll
INFO: Reap dead connection: [DummyConnection Server connection - model.nation.dutch]
May 14, 2018 12:22:09 PM net.sf.freecol.server.networking.Server sendToAll
INFO: Reap dead connection: [DummyConnection Server connection - model.nation.english]
May 14, 2018 12:22:09 PM net.sf.freecol.server.networking.Server sendToAll
INFO: Reap dead connection: [DummyConnection Server connection - model.nation.arawak]
May 14, 2018 12:22:09 PM net.sf.freecol.server.networking.Server sendToAll
INFO: Reap dead connection: [DummyConnection Server connection - model.nation.aztec]
May 14, 2018 12:22:09 PM net.sf.freecol.server.model.ServerPlayer csChangeStance
INFO: Stance modification William I WAR -> PEACE wrt Louis XIV
May 14, 2018 12:22:09 PM net.sf.freecol.server.model.ServerPlayer csChangeStance
INFO: Stance modification Louis XIV WAR -> PEACE wrt William I (symmetric)
May 14, 2018 12:22:09 PM net.sf.freecol.common.model.Specification applyDifficultyLevel
INFO: Applying difficulty level model.difficulty.medium
May 14, 2018 12:22:09 PM net.sf.freecol.common.FreeColSeed getFreeColSeed
INFO: Using seed: -8953951953710014947
May 14, 2018 12:22:09 PM net.sf.freecol.server.networking.Server sendToAll
INFO: Reap dead connection: [DummyConnection Server connection - model.nation.french]
May 14, 2018 12:22:09 PM net.sf.freecol.server.networking.Server sendToAll
INFO: Reap dead connection: [DummyConnection Server connection - model.nation.arawak]
May 14, 2018 12:22:09 PM net.sf.freecol.server.networking.Server sendToAll
INFO: Reap dead connection: [DummyConnection Server connection - model.nation.spanish]
May 14, 2018 12:22:09 PM net.sf.freecol.server.networking.Server sendToAll
INFO: Reap dead connection: [DummyConnection Server connection - model.nation.dutch]
May 14, 2018 12:22:09 PM net.sf.freecol.server.networking.Server sendToAll
INFO: Reap dead connection: [DummyConnection Server connection - model.nation.aztec]
May 14, 2018 12:22:09 PM net.sf.freecol.server.networking.Server sendToAll
INFO: Reap dead connection: [DummyConnection Server connection - model.nation.english]
May 14, 2018 12:22:09 PM net.sf.freecol.server.networking.Server sendToAll
INFO: Reap dead connection: [DummyConnection Server connection - model.nation.tupi]
May 14, 2018 12:22:09 PM net.sf.freecol.server.networking.Server sendToAll
INFO: Reap dead connection: [DummyConnection Server connection - model.nation.iroquois]
May 14, 2018 12:22:09 PM net.sf.freecol.server.networking.Server sendToAll
INFO: Reap dead connection: [DummyConnection Server connection - model.nation.apache]
May 14, 2018 12:22:09 PM net.sf.freecol.server.networking.Server sendToAll
INFO: Reap dead connection: [DummyConnection Server connection - model.nation.cherokee]
May 14, 2018 12:22:09 PM net.sf.freecol.server.networking.Server sendToAll
INFO: Reap dead connection: [DummyConnection Server connection - model.nation.sioux]
May 14, 2018 12:22:09 PM net.sf.freecol.server.networking.Server sendToAll
INFO: Reap dead connection: [DummyConnection Server connection - model.nation.inca]
May 14, 2018 12:22:09 PM net.sf.freecol.server.model.ServerPlayer csChangeStance
INFO: Stance modification William I UNCONTACTED -> WAR wrt Louis XIV
May 14, 2018 12:22:09 PM net.sf.freecol.server.model.ServerPlayer csChangeStance
INFO: Stance modification Louis XIV UNCONTACTED -> WAR wrt William I (symmetric)
May 14, 2018 12:22:09 PM net.sf.freecol.common.util.LogBuilder log
INFO: Combat attacker=unit:248-veteranSoldier-soldier [Modifier model.modifier.offence (model.source.baseOffence) ADDITIVE 0.0 index=10] [Modifier model.modifier.offence (model.role.soldier) ADDITIVE 2.0 index=30] [Modifier model.modifier.offence (model.unit.veteranSoldier) PERCENTAGE 50.0 index=40] [Modifier model.modifier.attackBonus (model.source.attackBonus) PERCENTAGE 50.0 index=50] = 4.5 defender=unit:247-freeColonist-scout [Modifier model.modifier.defence (model.source.baseDefence) ADDITIVE 1.0 index=10] [Modifier model.modifier.defence (model.role.scout) ADDITIVE 1.0 index=30] = 2.0 odds=0.6923076923076923 random(1.0)=0.6723076701164246 great=false Attack WIN SLAUGHTER_UNIT
May 14, 2018 12:22:09 PM net.sf.freecol.common.util.LogBuilder log
INFO: Destroying: unit:247
May 14, 2018 12:22:09 PM net.sf.freecol.common.model.Specification applyDifficultyLevel
INFO: Applying difficulty level model.difficulty.medium
May 14, 2018 12:22:09 PM net.sf.freecol.common.FreeColSeed getFreeColSeed
INFO: Using seed: 7010317203876448539
May 14, 2018 12:22:09 PM net.sf.freecol.server.networking.Server sendToAll
INFO: Reap dead connection: [DummyConnection Server connection - model.nation.english]
May 14, 2018 12:22:09 PM net.sf.freecol.server.networking.Server sendToAll
INFO: Reap dead connection: [DummyConnection Server connection - model.nation.aztec]
May 14, 2018 12:22:09 PM net.sf.freecol.server.networking.Server sendToAll
INFO: Reap dead connection: [DummyConnection Server connection - model.nation.iroquois]
May 14, 2018 12:22:09 PM net.sf.freecol.server.networking.Server sendToAll
INFO: Reap dead connection: [DummyConnection Server connection - model.nation.sioux]
May 14, 2018 12:22:09 PM net.sf.freecol.server.networking.Server sendToAll
INFO: Reap dead connection: [DummyConnection Server connection - model.nation.french]
May 14, 2018 12:22:09 PM net.sf.freecol.server.networking.Server sendToAll
INFO: Reap dead connection: [DummyConnection Server connection - model.nation.dutch]
May 14, 2018 12:22:09 PM net.sf.freecol.server.networking.Server sendToAll
INFO: Reap dead connection: [DummyConnection Server connection - model.nation.apache]
May 14, 2018 12:22:09 PM net.sf.freecol.server.networking.Server sendToAll
INFO: Reap dead connection: [DummyConnection Server connection - model.nation.tupi]
May 14, 2018 12:22:09 PM net.sf.freecol.server.networking.Server sendToAll
INFO: Reap dead connection: [DummyConnection Server connection - model.nation.cherokee]
May 14, 2018 12:22:09 PM net.sf.freecol.server.networking.Server sendToAll
INFO: Reap dead connection: [DummyConnection Server connection - model.nation.arawak]
May 14, 2018 12:22:09 PM net.sf.freecol.server.networking.Server sendToAll
INFO: Reap dead connection: [DummyConnection Server connection - model.nation.inca]
May 14, 2018 12:22:09 PM net.sf.freecol.server.networking.Server sendToAll
INFO: Reap dead connection: [DummyConnection Server connection - model.nation.spanish]
May 14, 2018 12:22:09 PM net.sf.freecol.server.model.ServerPlayer csChangeStance
INFO: Stance modification William I UNCONTACTED -> WAR wrt Atahualpa
May 14, 2018 12:22:09 PM net.sf.freecol.server.model.ServerPlayer csChangeStance
INFO: Stance modification Atahualpa UNCONTACTED -> WAR wrt William I (symmetric)
May 14, 2018 12:22:09 PM net.sf.freecol.common.util.LogBuilder log
INFO: Combat attacker=unit:259-freeColonist-dragoon [Modifier model.modifier.offence (model.source.baseOffence) ADDITIVE 0.0 index=10] [Modifier model.modifier.offence (model.role.dragoon) ADDITIVE 3.0 index=30] [Modifier model.modifier.attackBonus (model.source.attackBonus) PERCENTAGE 50.0 index=50] = 4.5 defender=unit:260-brave [Modifier model.modifier.defence (model.source.baseDefence) ADDITIVE 1.0 index=10] = 1.0 odds=0.8181818181818182 random(1.0)=0.8381817936897278 great=false Attack LOSE CAPTURE_EQUIP
May 14, 2018 12:22:09 PM net.sf.freecol.common.util.LogBuilder log
INFO: Combat attacker=unit:259-freeColonist-soldier [Modifier model.modifier.offence (model.source.baseOffence) ADDITIVE 0.0 index=10] [Modifier model.modifier.offence (model.role.soldier) ADDITIVE 2.0 index=30] [Modifier model.modifier.attackBonus (model.source.attackBonus) PERCENTAGE 50.0 index=50] = 3.0 defender=unit:260-brave-mountedBrave [Modifier model.modifier.defence (model.source.baseDefence) ADDITIVE 1.0 index=10] [Modifier model.modifier.defence (model.role.mountedBrave) ADDITIVE 1.0 index=30] = 2.0 odds=0.6 random(1.0)=0.6200000047683716 great=false Attack LOSE CAPTURE_EQUIP
May 14, 2018 12:22:09 PM net.sf.freecol.common.util.LogBuilder log
INFO: Combat attacker=unit:259-freeColonist [Modifier model.modifier.offence (model.source.baseOffence) ADDITIVE 0.0 index=10] [Modifier model.modifier.attackBonus (model.source.attackBonus) PERCENTAGE 50.0 index=50] = 0.0 defender=unit:260-brave-nativeDragoon [Modifier model.modifier.defence (model.source.baseDefence) ADDITIVE 1.0 index=10] [Modifier model.modifier.defence (model.role.nativeDragoon) ADDITIVE 2.0 index=30] = 3.0 odds=0.0 random(1.0)=0.019999999552965164 great=false Attack LOSE SLAUGHTER_UNIT
May 14, 2018 12:22:09 PM net.sf.freecol.common.util.LogBuilder log
INFO: Destroying: unit:259
May 14, 2018 12:22:09 PM net.sf.freecol.common.model.Specification applyDifficultyLevel
INFO: Applying difficulty level model.difficulty.medium
May 14, 2018 12:22:09 PM net.sf.freecol.common.FreeColSeed getFreeColSeed
INFO: Using seed: 1427954800722780132
May 14, 2018 12:22:09 PM net.sf.freecol.server.networking.Server sendToAll
INFO: Reap dead connection: [DummyConnection Server connection - model.nation.apache]
May 14, 2018 12:22:09 PM net.sf.freecol.server.networking.Server sendToAll
INFO: Reap dead connection: [DummyConnection Server connection - model.nation.spanish]
May 14, 2018 12:22:09 PM net.sf.freecol.server.networking.Server sendToAll
INFO: Reap dead connection: [DummyConnection Server connection - model.nation.cherokee]
May 14, 2018 12:22:09 PM net.sf.freecol.server.networking.Server sendToAll
INFO: Reap dead connection: [DummyConnection Server connection - model.nation.inca]
May 14, 2018 12:22:09 PM net.sf.freecol.server.networking.Server sendToAll
INFO: Reap dead connection: [DummyConnection Server connection - model.nation.tupi]
May 14, 2018 12:22:09 PM net.sf.freecol.server.networking.Server sendToAll
INFO: Reap dead connection: [DummyConnection Server connection - model.nation.sioux]
May 14, 2018 12:22:09 PM net.sf.freecol.server.networking.Server sendToAll
INFO: Reap dead connection: [DummyConnection Server connection - model.nation.dutch]
May 14, 2018 12:22:09 PM net.sf.freecol.server.networking.Server sendToAll
INFO: Reap dead connection: [DummyConnection Server connection - model.nation.french]
May 14, 2018 12:22:09 PM net.sf.freecol.server.networking.Server sendToAll
INFO: Reap dead connection: [DummyConnection Server connection - model.nation.arawak]
May 14, 2018 12:22:09 PM net.sf.freecol.server.networking.Server sendToAll
INFO: Reap dead connection: [DummyConnection Server connection - model.nation.english]
May 14, 2018 12:22:09 PM net.sf.freecol.server.networking.Server sendToAll
INFO: Reap dead connection: [DummyConnection Server connection - model.nation.aztec]
May 14, 2018 12:22:09 PM net.sf.freecol.server.networking.Server sendToAll
INFO: Reap dead connection: [DummyConnection Server connection - model.nation.iroquois]
May 14, 2018 12:22:09 PM net.sf.freecol.server.model.ServerPlayer csChangeStance
INFO: Stance modification William I WAR -> CEASE_FIRE wrt Louis XIV
May 14, 2018 12:22:09 PM net.sf.freecol.server.model.ServerPlayer csChangeStance
INFO: Stance modification Louis XIV WAR -> CEASE_FIRE wrt William I (symmetric)
May 14, 2018 12:22:09 PM net.sf.freecol.common.model.Specification applyDifficultyLevel
INFO: Applying difficulty level model.difficulty.medium
May 14, 2018 12:22:09 PM net.sf.freecol.common.FreeColSeed getFreeColSeed
INFO: Using seed: -229698229740807406
May 14, 2018 12:22:09 PM net.sf.freecol.server.networking.Server sendToAll
INFO: Reap dead connection: [DummyConnection Server connection - model.nation.spanish]
May 14, 2018 12:22:09 PM net.sf.freecol.server.networking.Server sendToAll
INFO: Reap dead connection: [DummyConnection Server connection - model.nation.iroquois]
May 14, 2018 12:22:09 PM net.sf.freecol.server.networking.Server sendToAll
INFO: Reap dead connection: [DummyConnection Server connection - model.nation.apache]
May 14, 2018 12:22:09 PM net.sf.freecol.server.networking.Server sendToAll
INFO: Reap dead connection: [DummyConnection Server connection - model.nation.inca]
May 14, 2018 12:22:09 PM net.sf.freecol.server.networking.Server sendToAll
INFO: Reap dead connection: [DummyConnection Server connection - model.nation.tupi]
May 14, 2018 12:22:09 PM net.sf.freecol.server.networking.Server sendToAll
INFO: Reap dead connection: [DummyConnection Server connection - model.nation.english]
May 14, 2018 12:22:09 PM net.sf.freecol.server.networking.Server sendToAll
INFO: Reap dead connection: [DummyConnection Server connection - model.nation.cherokee]
May 14, 2018 12:22:09 PM net.sf.freecol.server.networking.Server sendToAll
INFO: Reap dead connection: [DummyConnection Server connection - model.nation.arawak]
May 14, 2018 12:22:09 PM net.sf.freecol.server.networking.Server sendToAll
INFO: Reap dead connection: [DummyConnection Server connection - model.nation.french]
May 14, 2018 12:22:09 PM net.sf.freecol.server.networking.Server sendToAll
INFO: Reap dead connection: [DummyConnection Server connection - model.nation.sioux]
May 14, 2018 12:22:09 PM net.sf.freecol.server.networking.Server sendToAll
INFO: Reap dead connection: [DummyConnection Server connection - model.nation.dutch]
May 14, 2018 12:22:09 PM net.sf.freecol.server.networking.Server sendToAll
INFO: Reap dead connection: [DummyConnection Server connection - model.nation.aztec]
May 14, 2018 12:22:09 PM net.sf.freecol.server.model.ServerPlayer csChangeStance
INFO: Stance modification Louis XIV PEACE -> WAR wrt William I
May 14, 2018 12:22:09 PM net.sf.freecol.server.model.ServerPlayer csChangeStance
INFO: Stance modification William I PEACE -> WAR wrt Louis XIV (symmetric)
May 14, 2018 12:22:09 PM net.sf.freecol.common.model.Specification applyDifficultyLevel
INFO: Applying difficulty level model.difficulty.medium
May 14, 2018 12:22:09 PM net.sf.freecol.common.FreeColSeed getFreeColSeed
INFO: Using seed: 2384258474201962624
May 14, 2018 12:22:09 PM net.sf.freecol.server.networking.Server sendToAll
INFO: Reap dead connection: [DummyConnection Server connection - model.nation.iroquois]
May 14, 2018 12:22:09 PM net.sf.freecol.server.networking.Server sendToAll
INFO: Reap dead connection: [DummyConnection Server connection - model.nation.french]
May 14, 2018 12:22:09 PM net.sf.freecol.server.networking.Server sendToAll
INFO: Reap dead connection: [DummyConnection Server connection - model.nation.aztec]
May 14, 2018 12:22:09 PM net.sf.freecol.server.networking.Server sendToAll
INFO: Reap dead connection: [DummyConnection Server connection - model.nation.sioux]
May 14, 2018 12:22:09 PM net.sf.freecol.server.networking.Server sendToAll
INFO: Reap dead connection: [DummyConnection Server connection - model.nation.dutch]
May 14, 2018 12:22:09 PM net.sf.freecol.server.networking.Server sendToAll
INFO: Reap dead connection: [DummyConnection Server connection - model.nation.cherokee]
May 14, 2018 12:22:09 PM net.sf.freecol.server.networking.Server sendToAll
INFO: Reap dead connection: [DummyConnection Server connection - model.nation.tupi]
May 14, 2018 12:22:09 PM net.sf.freecol.server.networking.Server sendToAll
INFO: Reap dead connection: [DummyConnection Server connection - model.nation.apache]
May 14, 2018 12:22:09 PM net.sf.freecol.server.networking.Server sendToAll
INFO: Reap dead connection: [DummyConnection Server connection - model.nation.arawak]
May 14, 2018 12:22:09 PM net.sf.freecol.server.networking.Server sendToAll
INFO: Reap dead connection: [DummyConnection Server connection - model.nation.english]
May 14, 2018 12:22:09 PM net.sf.freecol.server.networking.Server sendToAll
INFO: Reap dead connection: [DummyConnection Server connection - model.nation.spanish]
May 14, 2018 12:22:09 PM net.sf.freecol.server.networking.Server sendToAll
INFO: Reap dead connection: [DummyConnection Server connection - model.nation.inca]
May 14, 2018 12:22:09 PM net.sf.freecol.server.model.ServerPlayer csChangeStance
INFO: Stance modification Louis XIV UNCONTACTED -> WAR wrt William I
May 14, 2018 12:22:09 PM net.sf.freecol.server.model.ServerPlayer csChangeStance
INFO: Stance modification William I UNCONTACTED -> WAR wrt Louis XIV (symmetric)
May 14, 2018 12:22:09 PM net.sf.freecol.common.util.LogBuilder log
INFO: Combat attacker=unit:272-veteranSoldier-dragoon [Modifier model.modifier.offence (model.source.baseOffence) ADDITIVE 0.0 index=10] [Modifier model.modifier.offence (model.role.dragoon) ADDITIVE 3.0 index=30] [Modifier model.modifier.offence (model.unit.veteranSoldier) PERCENTAGE 50.0 index=40] [Modifier model.modifier.attackBonus (model.source.attackBonus) PERCENTAGE 50.0 index=50] = 6.75 defender=unit:271-veteranSoldier-dragoon [Modifier model.modifier.defence (model.source.baseDefence) ADDITIVE 1.0 index=10] [Modifier model.modifier.defence (model.role.dragoon) ADDITIVE 2.0 index=30] [Modifier model.modifier.defence (model.unit.veteranSoldier) PERCENTAGE 50.0 index=40] [Modifier model.modifier.defence (model.settlement.colony) PERCENTAGE 50.0 index=50] = 6.75 odds=0.5 random(1.0)=0.47999998927116394 great=false Attack WIN LOSE_EQUIP
May 14, 2018 12:22:09 PM net.sf.freecol.common.util.LogBuilder log
INFO: Combat attacker=unit:272-veteranSoldier-dragoon [Modifier model.modifier.offence (model.source.baseOffence) ADDITIVE 0.0 index=10] [Modifier model.modifier.offence (model.role.dragoon) ADDITIVE 3.0 index=30] [Modifier model.modifier.offence (model.unit.veteranSoldier) PERCENTAGE 50.0 index=40] [Modifier model.modifier.attackBonus (model.source.attackBonus) PERCENTAGE 50.0 index=50] = 6.75 defender=unit:271-veteranSoldier-soldier [Modifier model.modifier.defence (model.source.baseDefence) ADDITIVE 1.0 index=10] [Modifier model.modifier.defence (model.role.soldier) ADDITIVE 1.0 index=30] [Modifier model.modifier.defence (model.unit.veteranSoldier) PERCENTAGE 50.0 index=40] [Modifier model.modifier.defence (model.settlement.colony) PERCENTAGE 50.0 index=50] = 4.5 odds=0.6 random(1.0)=0.6200000047683716 great=false Attack LOSE LOSE_EQUIP
May 14, 2018 12:22:09 PM net.sf.freecol.common.util.LogBuilder log
INFO: Combat attacker=unit:272-veteranSoldier-soldier [Modifier model.modifier.offence (model.source.baseOffence) ADDITIVE 0.0 index=10] [Modifier model.modifier.offence (model.role.soldier) ADDITIVE 2.0 index=30] [Modifier model.modifier.offence (model.unit.veteranSoldier) PERCENTAGE 50.0 index=40] [Modifier model.modifier.attackBonus (model.source.attackBonus) PERCENTAGE 50.0 index=50] = 4.5 defender=unit:271-veteranSoldier-soldier [Modifier model.modifier.defence (model.source.baseDefence) ADDITIVE 1.0 index=10] [Modifier model.modifier.defence (model.role.soldier) ADDITIVE 1.0 index=30] [Modifier model.modifier.defence (model.unit.veteranSoldier) PERCENTAGE 50.0 index=40] [Modifier model.modifier.defence (model.settlement.colony) PERCENTAGE 50.0 index=50] = 4.5 odds=0.5 random(1.0)=0.47999998927116394 great=false Attack WIN LOSE_EQUIP
May 14, 2018 12:22:09 PM net.sf.freecol.common.util.LogBuilder log
INFO: Combat attacker=unit:272-veteranSoldier-soldier [Modifier model.modifier.offence (model.source.baseOffence) ADDITIVE 0.0 index=10] [Modifier model.modifier.offence (model.role.soldier) ADDITIVE 2.0 index=30] [Modifier model.modifier.offence (model.unit.veteranSoldier) PERCENTAGE 50.0 index=40] [Modifier model.modifier.attackBonus (model.source.attackBonus) PERCENTAGE 50.0 index=50] = 4.5 defender=unit:271-veteranSoldier [Modifier model.modifier.defence (model.source.baseDefence) ADDITIVE 1.0 index=10] [Modifier model.modifier.defence (model.unit.veteranSoldier) PERCENTAGE 50.0 index=40] [Modifier model.modifier.defence (model.settlement.colony) PERCENTAGE 50.0 index=50] = 2.25 odds=0.6666666666666666 random(1.0)=0.6466666460037231 great=false Attack WIN CAPTURE_COLONY
May 14, 2018 12:22:09 PM net.sf.freecol.common.model.Specification applyDifficultyLevel
INFO: Applying difficulty level model.difficulty.medium
May 14, 2018 12:22:09 PM net.sf.freecol.common.FreeColSeed getFreeColSeed
INFO: Using seed: -1181524409226774534
May 14, 2018 12:22:09 PM net.sf.freecol.server.networking.Server sendToAll
INFO: Reap dead connection: [DummyConnection Server connection - model.nation.iroquois]
May 14, 2018 12:22:09 PM net.sf.freecol.server.networking.Server sendToAll
INFO: Reap dead connection: [DummyConnection Server connection - model.nation.inca]
May 14, 2018 12:22:09 PM net.sf.freecol.server.networking.Server sendToAll
INFO: Reap dead connection: [DummyConnection Server connection - model.nation.sioux]
May 14, 2018 12:22:09 PM net.sf.freecol.server.networking.Server sendToAll
INFO: Reap dead connection: [DummyConnection Server connection - model.nation.arawak]
May 14, 2018 12:22:09 PM net.sf.freecol.server.networking.Server sendToAll
INFO: Reap dead connection: [DummyConnection Server connection - model.nation.dutch]
May 14, 2018 12:22:09 PM net.sf.freecol.server.networking.Server sendToAll
INFO: Reap dead connection: [DummyConnection Server connection - model.nation.french]
May 14, 2018 12:22:09 PM net.sf.freecol.server.networking.Server sendToAll
INFO: Reap dead connection: [DummyConnection Server connection - model.nation.apache]
May 14, 2018 12:22:09 PM net.sf.freecol.server.networking.Server sendToAll
INFO: Reap dead connection: [DummyConnection Server connection - model.nation.tupi]
May 14, 2018 12:22:09 PM net.sf.freecol.server.networking.Server sendToAll
INFO: Reap dead connection: [DummyConnection Server connection - model.nation.spanish]
May 14, 2018 12:22:09 PM net.sf.freecol.server.networking.Server sendToAll
INFO: Reap dead connection: [DummyConnection Server connection - model.nation.english]
May 14, 2018 12:22:09 PM net.sf.freecol.server.networking.Server sendToAll
INFO: Reap dead connection: [DummyConnection Server connection - model.nation.cherokee]
May 14, 2018 12:22:09 PM net.sf.freecol.server.networking.Server sendToAll
INFO: Reap dead connection: [DummyConnection Server connection - model.nation.aztec]
May 14, 2018 12:22:09 PM net.sf.freecol.server.model.ServerPlayer csChangeStance
INFO: Stance modification William I UNCONTACTED -> WAR wrt Louis XIV
May 14, 2018 12:22:09 PM net.sf.freecol.server.model.ServerPlayer csChangeStance
INFO: Stance modification Louis XIV UNCONTACTED -> WAR wrt William I (symmetric)
May 14, 2018 12:22:09 PM net.sf.freecol.common.util.LogBuilder log
INFO: Combat attacker=unit:247-freeColonist-dragoon [Modifier model.modifier.offence (model.source.baseOffence) ADDITIVE 0.0 index=10] [Modifier model.modifier.offence (model.role.dragoon) ADDITIVE 3.0 index=30] [Modifier model.modifier.attackBonus (model.source.attackBonus) PERCENTAGE 50.0 index=50] = 4.5 defender=unit:248-freeColonist-soldier [Modifier model.modifier.defence (model.source.baseDefence) ADDITIVE 1.0 index=10] [Modifier model.modifier.defence (model.role.soldier) ADDITIVE 1.0 index=30] = 2.0 odds=0.6923076923076923 random(1.0)=0.7123076915740967 great=false Attack LOSE LOSE_EQUIP
May 14, 2018 12:22:09 PM net.sf.freecol.common.util.LogBuilder log
INFO: Combat attacker=unit:247-freeColonist-soldier [Modifier model.modifier.offence (model.source.baseOffence) ADDITIVE 0.0 index=10] [Modifier model.modifier.offence (model.role.soldier) ADDITIVE 2.0 index=30] [Modifier model.modifier.attackBonus (model.source.attackBonus) PERCENTAGE 50.0 index=50] = 3.0 defender=unit:248-freeColonist-soldier [Modifier model.modifier.defence (model.source.baseDefence) ADDITIVE 1.0 index=10] [Modifier model.modifier.defence (model.role.soldier) ADDITIVE 1.0 index=30] = 2.0 odds=0.6 random(1.0)=0.6200000047683716 great=false Attack LOSE LOSE_EQUIP
May 14, 2018 12:22:09 PM net.sf.freecol.common.util.LogBuilder log
INFO: Combat attacker=unit:248-freeColonist-soldier [Modifier model.modifier.offence (model.source.baseOffence) ADDITIVE 0.0 index=10] [Modifier model.modifier.offence (model.role.soldier) ADDITIVE 2.0 index=30] [Modifier model.modifier.attackBonus (model.source.attackBonus) PERCENTAGE 50.0 index=50] = 3.0 defender=unit:247-freeColonist [Modifier model.modifier.defence (model.source.baseDefence) ADDITIVE 1.0 index=10] = 1.0 odds=0.75 random(1.0)=0.7300000190734863 great=false Attack WIN CAPTURE_UNIT
May 14, 2018 12:22:09 PM net.sf.freecol.common.model.Specification applyDifficultyLevel
INFO: Applying difficulty level model.difficulty.medium
May 14, 2018 12:22:09 PM net.sf.freecol.common.FreeColSeed getFreeColSeed
INFO: Using seed: -2876832897133958646
May 14, 2018 12:22:09 PM net.sf.freecol.server.networking.Server sendToAll
INFO: Reap dead connection: [DummyConnection Server connection - model.nation.tupi]
May 14, 2018 12:22:09 PM net.sf.freecol.server.networking.Server sendToAll
INFO: Reap dead connection: [DummyConnection Server connection - model.nation.inca]
May 14, 2018 12:22:09 PM net.sf.freecol.server.networking.Server sendToAll
INFO: Reap dead connection: [DummyConnection Server connection - model.nation.arawak]
May 14, 2018 12:22:09 PM net.sf.freecol.server.networking.Server sendToAll
INFO: Reap dead connection: [DummyConnection Server connection - model.nation.english]
May 14, 2018 12:22:09 PM net.sf.freecol.server.networking.Server sendToAll
INFO: Reap dead connection: [DummyConnection Server connection - model.nation.iroquois]
May 14, 2018 12:22:09 PM net.sf.freecol.server.networking.Server sendToAll
INFO: Reap dead connection: [DummyConnection Server connection - model.nation.aztec]
May 14, 2018 12:22:09 PM net.sf.freecol.server.networking.Server sendToAll
INFO: Reap dead connection: [DummyConnection Server connection - model.nation.french]
May 14, 2018 12:22:09 PM net.sf.freecol.server.networking.Server sendToAll
INFO: Reap dead connection: [DummyConnection Server connection - model.nation.cherokee]
May 14, 2018 12:22:09 PM net.sf.freecol.server.networking.Server sendToAll
INFO: Reap dead connection: [DummyConnection Server connection - model.nation.dutch]
May 14, 2018 12:22:09 PM net.sf.freecol.server.networking.Server sendToAll
INFO: Reap dead connection: [DummyConnection Server connection - model.nation.spanish]
May 14, 2018 12:22:09 PM net.sf.freecol.server.networking.Server sendToAll
INFO: Reap dead connection: [DummyConnection Server connection - model.nation.apache]
May 14, 2018 12:22:09 PM net.sf.freecol.server.networking.Server sendToAll
INFO: Reap dead connection: [DummyConnection Server connection - model.nation.sioux]
May 14, 2018 12:22:09 PM net.sf.freecol.common.model.Specification applyDifficultyLevel
INFO: Applying difficulty level model.difficulty.medium
May 14, 2018 12:22:09 PM net.sf.freecol.common.FreeColSeed getFreeColSeed
INFO: Using seed: 3462287737674828017
May 14, 2018 12:22:09 PM net.sf.freecol.server.networking.Server sendToAll
INFO: Reap dead connection: [DummyConnection Server connection - model.nation.arawak]
May 14, 2018 12:22:09 PM net.sf.freecol.server.networking.Server sendToAll
INFO: Reap dead connection: [DummyConnection Server connection - model.nation.sioux]
May 14, 2018 12:22:09 PM net.sf.freecol.server.networking.Server sendToAll
INFO: Reap dead connection: [DummyConnection Server connection - model.nation.apache]
May 14, 2018 12:22:09 PM net.sf.freecol.server.networking.Server sendToAll
INFO: Reap dead connection: [DummyConnection Server connection - model.nation.english]
May 14, 2018 12:22:09 PM net.sf.freecol.server.networking.Server sendToAll
INFO: Reap dead connection: [DummyConnection Server connection - model.nation.iroquois]
May 14, 2018 12:22:09 PM net.sf.freecol.server.networking.Server sendToAll
INFO: Reap dead connection: [DummyConnection Server connection - model.nation.inca]
May 14, 2018 12:22:09 PM net.sf.freecol.server.networking.Server sendToAll
INFO: Reap dead connection: [DummyConnection Server connection - model.nation.cherokee]
May 14, 2018 12:22:09 PM net.sf.freecol.server.networking.Server sendToAll
INFO: Reap dead connection: [DummyConnection Server connection - model.nation.aztec]
May 14, 2018 12:22:09 PM net.sf.freecol.server.networking.Server sendToAll
INFO: Reap dead connection: [DummyConnection Server connection - model.nation.spanish]
May 14, 2018 12:22:09 PM net.sf.freecol.server.networking.Server sendToAll
INFO: Reap dead connection: [DummyConnection Server connection - model.nation.dutch]
May 14, 2018 12:22:09 PM net.sf.freecol.server.networking.Server sendToAll
INFO: Reap dead connection: [DummyConnection Server connection - model.nation.french]
May 14, 2018 12:22:09 PM net.sf.freecol.server.networking.Server sendToAll
INFO: Reap dead connection: [DummyConnection Server connection - model.nation.tupi]
May 14, 2018 12:22:09 PM net.sf.freecol.common.networking.DOMMessage clientError
WARNING: Too few goods
May 14, 2018 12:22:09 PM net.sf.freecol.common.model.Specification applyDifficultyLevel
INFO: Applying difficulty level model.difficulty.medium
May 14, 2018 12:22:09 PM net.sf.freecol.common.FreeColSeed getFreeColSeed
INFO: Using seed: -6283975418760692694
May 14, 2018 12:22:09 PM net.sf.freecol.server.networking.Server sendToAll
INFO: Reap dead connection: [DummyConnection Server connection - model.nation.arawak]
May 14, 2018 12:22:09 PM net.sf.freecol.server.networking.Server sendToAll
INFO: Reap dead connection: [DummyConnection Server connection - model.nation.french]
May 14, 2018 12:22:09 PM net.sf.freecol.server.networking.Server sendToAll
INFO: Reap dead connection: [DummyConnection Server connection - model.nation.iroquois]
May 14, 2018 12:22:09 PM net.sf.freecol.server.networking.Server sendToAll
INFO: Reap dead connection: [DummyConnection Server connection - model.nation.aztec]
May 14, 2018 12:22:09 PM net.sf.freecol.server.networking.Server sendToAll
INFO: Reap dead connection: [DummyConnection Server connection - model.nation.tupi]
May 14, 2018 12:22:09 PM net.sf.freecol.server.networking.Server sendToAll
INFO: Reap dead connection: [DummyConnection Server connection - model.nation.inca]
May 14, 2018 12:22:09 PM net.sf.freecol.server.networking.Server sendToAll
INFO: Reap dead connection: [DummyConnection Server connection - model.nation.apache]
May 14, 2018 12:22:09 PM net.sf.freecol.server.networking.Server sendToAll
INFO: Reap dead connection: [DummyConnection Server connection - model.nation.spanish]
May 14, 2018 12:22:09 PM net.sf.freecol.server.networking.Server sendToAll
INFO: Reap dead connection: [DummyConnection Server connection - model.nation.sioux]
May 14, 2018 12:22:09 PM net.sf.freecol.server.networking.Server sendToAll
INFO: Reap dead connection: [DummyConnection Server connection - model.nation.dutch]
May 14, 2018 12:22:09 PM net.sf.freecol.server.networking.Server sendToAll
INFO: Reap dead connection: [DummyConnection Server connection - model.nation.english]
May 14, 2018 12:22:09 PM net.sf.freecol.server.networking.Server sendToAll
INFO: Reap dead connection: [DummyConnection Server connection - model.nation.cherokee]
May 14, 2018 12:22:09 PM net.sf.freecol.server.model.ServerPlayer csChangeStance
INFO: Stance modification Louis XIV UNCONTACTED -> WAR wrt William I
May 14, 2018 12:22:09 PM net.sf.freecol.server.model.ServerPlayer csChangeStance
INFO: Stance modification William I UNCONTACTED -> WAR wrt Louis XIV (symmetric)
May 14, 2018 12:22:09 PM net.sf.freecol.common.util.LogBuilder log
INFO: Combat attacker=unit:249-privateer [Modifier model.modifier.offence (model.source.baseOffence) ADDITIVE 8.0 index=10] [Modifier model.modifier.attackBonus (model.source.attackBonus) PERCENTAGE 50.0 index=50] = 12.0 defender=unit:247-galleon [Modifier model.modifier.defence (model.source.baseDefence) ADDITIVE 10.0 index=10] [Modifier model.modifier.cargoPenalty (model.source.cargoPenalty) PERCENTAGE -12.5 index=50] = 8.75 odds=0.5783132530120482 random(1.0)=0.558313250541687 great=false Attack WIN LOOT_SHIP DAMAGE_SHIP_ATTACK
May 14, 2018 12:22:09 PM net.sf.freecol.common.networking.DOMMessage clientError
WARNING: Received message: lootCargo out of turn from player: model.nation.french
May 14, 2018 12:22:09 PM net.sf.freecol.server.ai.AIMessage checkError
WARNING: AIMessage.lootCargo error, messageId: server.reject message: Received message: lootCargo out of turn from player: model.nation.french
May 14, 2018 12:22:09 PM net.sf.freecol.common.model.Specification applyDifficultyLevel
INFO: Applying difficulty level model.difficulty.medium
May 14, 2018 12:22:09 PM net.sf.freecol.common.FreeColSeed getFreeColSeed
INFO: Using seed: 8659720413592718654
May 14, 2018 12:22:09 PM net.sf.freecol.server.networking.Server sendToAll
INFO: Reap dead connection: [DummyConnection Server connection - model.nation.aztec]
May 14, 2018 12:22:09 PM net.sf.freecol.server.networking.Server sendToAll
INFO: Reap dead connection: [DummyConnection Server connection - model.nation.cherokee]
May 14, 2018 12:22:09 PM net.sf.freecol.server.networking.Server sendToAll
INFO: Reap dead connection: [DummyConnection Server connection - model.nation.sioux]
May 14, 2018 12:22:09 PM net.sf.freecol.server.networking.Server sendToAll
INFO: Reap dead connection: [DummyConnection Server connection - model.nation.french]
May 14, 2018 12:22:09 PM net.sf.freecol.server.networking.Server sendToAll
INFO: Reap dead connection: [DummyConnection Server connection - model.nation.inca]
May 14, 2018 12:22:09 PM net.sf.freecol.server.networking.Server sendToAll
INFO: Reap dead connection: [DummyConnection Server connection - model.nation.arawak]
May 14, 2018 12:22:09 PM net.sf.freecol.server.networking.Server sendToAll
INFO: Reap dead connection: [DummyConnection Server connection - model.nation.dutch]
May 14, 2018 12:22:09 PM net.sf.freecol.server.networking.Server sendToAll
INFO: Reap dead connection: [DummyConnection Server connection - model.nation.iroquois]
May 14, 2018 12:22:09 PM net.sf.freecol.server.networking.Server sendToAll
INFO: Reap dead connection: [DummyConnection Server connection - model.nation.english]
May 14, 2018 12:22:09 PM net.sf.freecol.server.networking.Server sendToAll
INFO: Reap dead connection: [DummyConnection Server connection - model.nation.tupi]
May 14, 2018 12:22:09 PM net.sf.freecol.server.networking.Server sendToAll
INFO: Reap dead connection: [DummyConnection Server connection - model.nation.spanish]
May 14, 2018 12:22:09 PM net.sf.freecol.server.networking.Server sendToAll
INFO: Reap dead connection: [DummyConnection Server connection - model.nation.apache]
May 14, 2018 12:22:09 PM net.sf.freecol.common.model.Specification applyDifficultyLevel
INFO: Applying difficulty level model.difficulty.medium
May 14, 2018 12:22:09 PM net.sf.freecol.common.FreeColSeed getFreeColSeed
INFO: Using seed: -2724615585585015926
May 14, 2018 12:22:09 PM net.sf.freecol.server.networking.Server sendToAll
INFO: Reap dead connection: [DummyConnection Server connection - model.nation.inca]
May 14, 2018 12:22:09 PM net.sf.freecol.server.networking.Server sendToAll
INFO: Reap dead connection: [DummyConnection Server connection - model.nation.apache]
May 14, 2018 12:22:09 PM net.sf.freecol.server.networking.Server sendToAll
INFO: Reap dead connection: [DummyConnection Server connection - model.nation.english]
May 14, 2018 12:22:09 PM net.sf.freecol.server.networking.Server sendToAll
INFO: Reap dead connection: [DummyConnection Server connection - model.nation.spanish]
May 14, 2018 12:22:09 PM net.sf.freecol.server.networking.Server sendToAll
INFO: Reap dead connection: [DummyConnection Server connection - model.nation.tupi]
May 14, 2018 12:22:09 PM net.sf.freecol.server.networking.Server sendToAll
INFO: Reap dead connection: [DummyConnection Server connection - model.nation.arawak]
May 14, 2018 12:22:09 PM net.sf.freecol.server.networking.Server sendToAll
INFO: Reap dead connection: [DummyConnection Server connection - model.nation.sioux]
May 14, 2018 12:22:09 PM net.sf.freecol.server.networking.Server sendToAll
INFO: Reap dead connection: [DummyConnection Server connection - model.nation.dutch]
May 14, 2018 12:22:09 PM net.sf.freecol.server.networking.Server sendToAll
INFO: Reap dead connection: [DummyConnection Server connection - model.nation.french]
May 14, 2018 12:22:09 PM net.sf.freecol.server.networking.Server sendToAll
INFO: Reap dead connection: [DummyConnection Server connection - model.nation.iroquois]
May 14, 2018 12:22:09 PM net.sf.freecol.server.networking.Server sendToAll
INFO: Reap dead connection: [DummyConnection Server connection - model.nation.aztec]
May 14, 2018 12:22:09 PM net.sf.freecol.server.networking.Server sendToAll
INFO: Reap dead connection: [DummyConnection Server connection - model.nation.cherokee]
May 14, 2018 12:22:09 PM net.sf.freecol.server.model.ServerPlayer csChangeStance
INFO: Stance modification Guaira PEACE -> WAR wrt William I
May 14, 2018 12:22:09 PM net.sf.freecol.server.model.ServerPlayer csChangeStance
INFO: Stance modification William I PEACE -> WAR wrt Guaira (symmetric)
May 14, 2018 12:22:09 PM net.sf.freecol.server.model.ServerPlayer csChangeStance
INFO: Stance modification William I WAR -> PEACE wrt Guaira
May 14, 2018 12:22:09 PM net.sf.freecol.server.model.ServerPlayer csChangeStance
INFO: Stance modification Guaira WAR -> PEACE wrt William I (symmetric)
May 14, 2018 12:22:09 PM net.sf.freecol.common.model.Specification applyDifficultyLevel
INFO: Applying difficulty level model.difficulty.medium
May 14, 2018 12:22:09 PM net.sf.freecol.common.FreeColSeed getFreeColSeed
INFO: Using seed: -1902800530159676988
May 14, 2018 12:22:10 PM net.sf.freecol.server.networking.Server sendToAll
INFO: Reap dead connection: [DummyConnection Server connection - model.nation.sioux]
May 14, 2018 12:22:10 PM net.sf.freecol.server.networking.Server sendToAll
INFO: Reap dead connection: [DummyConnection Server connection - model.nation.aztec]
May 14, 2018 12:22:10 PM net.sf.freecol.server.networking.Server sendToAll
INFO: Reap dead connection: [DummyConnection Server connection - model.nation.tupi]
May 14, 2018 12:22:10 PM net.sf.freecol.server.networking.Server sendToAll
INFO: Reap dead connection: [DummyConnection Server connection - model.nation.cherokee]
May 14, 2018 12:22:10 PM net.sf.freecol.server.networking.Server sendToAll
INFO: Reap dead connection: [DummyConnection Server connection - model.nation.iroquois]
May 14, 2018 12:22:10 PM net.sf.freecol.server.networking.Server sendToAll
INFO: Reap dead connection: [DummyConnection Server connection - model.nation.french]
May 14, 2018 12:22:10 PM net.sf.freecol.server.networking.Server sendToAll
INFO: Reap dead connection: [DummyConnection Server connection - model.nation.english]
May 14, 2018 12:22:10 PM net.sf.freecol.server.networking.Server sendToAll
INFO: Reap dead connection: [DummyConnection Server connection - model.nation.inca]
May 14, 2018 12:22:10 PM net.sf.freecol.server.networking.Server sendToAll
INFO: Reap dead connection: [DummyConnection Server connection - model.nation.spanish]
May 14, 2018 12:22:10 PM net.sf.freecol.server.networking.Server sendToAll
INFO: Reap dead connection: [DummyConnection Server connection - model.nation.dutch]
May 14, 2018 12:22:10 PM net.sf.freecol.server.networking.Server sendToAll
INFO: Reap dead connection: [DummyConnection Server connection - model.nation.apache]
May 14, 2018 12:22:10 PM net.sf.freecol.server.networking.Server sendToAll
INFO: Reap dead connection: [DummyConnection Server connection - model.nation.arawak]
May 14, 2018 12:22:10 PM net.sf.freecol.common.util.LogBuilder log
INFO: Combat attacker=unit:248-veteranSoldier-dragoon [Modifier model.modifier.offence (model.source.baseOffence) ADDITIVE 0.0 index=10] [Modifier model.modifier.offence (model.role.dragoon) ADDITIVE 3.0 index=30] [Modifier model.modifier.offence (model.unit.veteranSoldier) PERCENTAGE 50.0 index=40] [Modifier model.modifier.attackBonus (model.source.attackBonus) PERCENTAGE 50.0 index=50] [Modifier model.modifier.bigMovementPenalty (model.source.movementPenalty) PERCENTAGE -66.0 index=50] = 2.2950000762939453 defender=unit:247-freeColonist-pioneer.5 [Modifier model.modifier.defence (model.source.baseDefence) ADDITIVE 1.0 index=10] = 1.0 odds=0.6965098704565885 random(1.0)=0.6765098571777344 great=false Attack WIN SLAUGHTER_UNIT
May 14, 2018 12:22:10 PM net.sf.freecol.common.util.LogBuilder log
INFO: Destroying: unit:247
May 14, 2018 12:22:10 PM net.sf.freecol.server.model.ServerPlayer csChangeStance
INFO: Stance modification Louis XIV UNCONTACTED -> WAR wrt William I
May 14, 2018 12:22:10 PM net.sf.freecol.server.model.ServerPlayer csChangeStance
INFO: Stance modification William I UNCONTACTED -> WAR wrt Louis XIV (symmetric)
May 14, 2018 12:22:10 PM net.sf.freecol.common.model.Specification applyDifficultyLevel
INFO: Applying difficulty level model.difficulty.medium
May 14, 2018 12:22:10 PM net.sf.freecol.common.FreeColSeed getFreeColSeed
INFO: Using seed: -627173163848889397
May 14, 2018 12:22:10 PM net.sf.freecol.server.networking.Server sendToAll
INFO: Reap dead connection: [DummyConnection Server connection - model.nation.spanish]
May 14, 2018 12:22:10 PM net.sf.freecol.server.networking.Server sendToAll
INFO: Reap dead connection: [DummyConnection Server connection - model.nation.apache]
May 14, 2018 12:22:10 PM net.sf.freecol.server.networking.Server sendToAll
INFO: Reap dead connection: [DummyConnection Server connection - model.nation.tupi]
May 14, 2018 12:22:10 PM net.sf.freecol.server.networking.Server sendToAll
INFO: Reap dead connection: [DummyConnection Server connection - model.nation.inca]
May 14, 2018 12:22:10 PM net.sf.freecol.server.networking.Server sendToAll
INFO: Reap dead connection: [DummyConnection Server connection - model.nation.iroquois]
May 14, 2018 12:22:10 PM net.sf.freecol.server.networking.Server sendToAll
INFO: Reap dead connection: [DummyConnection Server connection - model.nation.arawak]
May 14, 2018 12:22:10 PM net.sf.freecol.server.networking.Server sendToAll
INFO: Reap dead connection: [DummyConnection Server connection - model.nation.cherokee]
May 14, 2018 12:22:10 PM net.sf.freecol.server.networking.Server sendToAll
INFO: Reap dead connection: [DummyConnection Server connection - model.nation.english]
May 14, 2018 12:22:10 PM net.sf.freecol.server.networking.Server sendToAll
INFO: Reap dead connection: [DummyConnection Server connection - model.nation.dutch]
May 14, 2018 12:22:10 PM net.sf.freecol.server.networking.Server sendToAll
INFO: Reap dead connection: [DummyConnection Server connection - model.nation.sioux]
May 14, 2018 12:22:10 PM net.sf.freecol.server.networking.Server sendToAll
INFO: Reap dead connection: [DummyConnection Server connection - model.nation.french]
May 14, 2018 12:22:10 PM net.sf.freecol.server.networking.Server sendToAll
INFO: Reap dead connection: [DummyConnection Server connection - model.nation.aztec]
May 14, 2018 12:22:10 PM net.sf.freecol.server.model.ServerPlayer csChangeStance
INFO: Stance modification William I UNCONTACTED -> WAR wrt Louis XIV
May 14, 2018 12:22:10 PM net.sf.freecol.server.model.ServerPlayer csChangeStance
INFO: Stance modification Louis XIV UNCONTACTED -> WAR wrt William I (symmetric)
May 14, 2018 12:22:10 PM net.sf.freecol.common.util.LogBuilder log
INFO: Combat attacker=unit:247-pettyCriminal-soldier [Modifier model.modifier.offence (model.source.baseOffence) ADDITIVE 0.0 index=10] [Modifier model.modifier.offence (model.role.soldier) ADDITIVE 2.0 index=30] [Modifier model.modifier.attackBonus (model.source.attackBonus) PERCENTAGE 50.0 index=50] = 3.0 defender=unit:248-freeColonist-soldier [Modifier model.modifier.defence (model.source.baseDefence) ADDITIVE 1.0 index=10] [Modifier model.modifier.defence (model.role.soldier) ADDITIVE 1.0 index=30] = 2.0 odds=0.6 random(1.0)=0.5799999833106995 great=false Attack WIN LOSE_EQUIP PROMOTE_UNIT
May 14, 2018 12:22:10 PM net.sf.freecol.common.util.LogBuilder log
INFO: Combat attacker=unit:247-indenturedServant-soldier [Modifier model.modifier.offence (model.source.baseOffence) ADDITIVE 0.0 index=10] [Modifier model.modifier.offence (model.role.soldier) ADDITIVE 2.0 index=30] [Modifier model.modifier.attackBonus (model.source.attackBonus) PERCENTAGE 50.0 index=50] = 3.0 defender=unit:248-freeColonist-soldier [Modifier model.modifier.defence (model.source.baseDefence) ADDITIVE 1.0 index=10] [Modifier model.modifier.defence (model.role.soldier) ADDITIVE 1.0 index=30] = 2.0 odds=0.6 random(1.0)=0.5799999833106995 great=false Attack WIN LOSE_EQUIP PROMOTE_UNIT
May 14, 2018 12:22:10 PM net.sf.freecol.common.util.LogBuilder log
INFO: Combat attacker=unit:247-freeColonist-soldier [Modifier model.modifier.offence (model.source.baseOffence) ADDITIVE 0.0 index=10] [Modifier model.modifier.offence (model.role.soldier) ADDITIVE 2.0 index=30] [Modifier model.modifier.attackBonus (model.source.attackBonus) PERCENTAGE 50.0 index=50] = 3.0 defender=unit:248-freeColonist-soldier [Modifier model.modifier.defence (model.source.baseDefence) ADDITIVE 1.0 index=10] [Modifier model.modifier.defence (model.role.soldier) ADDITIVE 1.0 index=30] = 2.0 odds=0.6 random(1.0)=0.5799999833106995 great=false Attack WIN LOSE_EQUIP PROMOTE_UNIT
May 14, 2018 12:22:10 PM net.sf.freecol.common.util.LogBuilder log
INFO: Combat attacker=unit:247-veteranSoldier-soldier [Modifier model.modifier.offence (model.source.baseOffence) ADDITIVE 0.0 index=10] [Modifier model.modifier.offence (model.role.soldier) ADDITIVE 2.0 index=30] [Modifier model.modifier.offence (model.unit.veteranSoldier) PERCENTAGE 50.0 index=40] [Modifier model.modifier.attackBonus (model.source.attackBonus) PERCENTAGE 50.0 index=50] = 4.5 defender=unit:248-freeColonist-soldier [Modifier model.modifier.defence (model.source.baseDefence) ADDITIVE 1.0 index=10] [Modifier model.modifier.defence (model.role.soldier) ADDITIVE 1.0 index=30] = 2.0 odds=0.6923076923076923 random(1.0)=0.6723076701164246 great=false Attack WIN LOSE_EQUIP PROMOTE_UNIT
May 14, 2018 12:22:10 PM net.sf.freecol.common.util.LogBuilder log
INFO: Combat attacker=unit:247-colonialRegular-soldier [Modifier model.modifier.offence (model.source.baseOffence) ADDITIVE 0.0 index=10] [Modifier model.modifier.offence (model.unit.colonialRegular) ADDITIVE 3.0 index=20] [Modifier model.modifier.offence (model.role.soldier) ADDITIVE 2.0 index=30] [Modifier model.modifier.attackBonus (model.source.attackBonus) PERCENTAGE 50.0 index=50] = 7.5 defender=unit:248-freeColonist-soldier [Modifier model.modifier.defence (model.source.baseDefence) ADDITIVE 1.0 index=10] [Modifier model.modifier.defence (model.role.soldier) ADDITIVE 1.0 index=30] = 2.0 odds=0.7894736842105263 random(1.0)=0.769473671913147 great=false Attack WIN LOSE_EQUIP
May 14, 2018 12:22:10 PM net.sf.freecol.common.model.Specification applyDifficultyLevel
INFO: Applying difficulty level model.difficulty.medium
May 14, 2018 12:22:10 PM net.sf.freecol.common.FreeColSeed getFreeColSeed
INFO: Using seed: -1559560835006028463
May 14, 2018 12:22:10 PM net.sf.freecol.server.networking.Server sendToAll
INFO: Reap dead connection: [DummyConnection Server connection - model.nation.english]
May 14, 2018 12:22:10 PM net.sf.freecol.server.networking.Server sendToAll
INFO: Reap dead connection: [DummyConnection Server connection - model.nation.dutch]
May 14, 2018 12:22:10 PM net.sf.freecol.server.networking.Server sendToAll
INFO: Reap dead connection: [DummyConnection Server connection - model.nation.french]
May 14, 2018 12:22:10 PM net.sf.freecol.server.networking.Server sendToAll
INFO: Reap dead connection: [DummyConnection Server connection - model.nation.sioux]
May 14, 2018 12:22:10 PM net.sf.freecol.server.networking.Server sendToAll
INFO: Reap dead connection: [DummyConnection Server connection - model.nation.cherokee]
May 14, 2018 12:22:10 PM net.sf.freecol.server.networking.Server sendToAll
INFO: Reap dead connection: [DummyConnection Server connection - model.nation.arawak]
May 14, 2018 12:22:10 PM net.sf.freecol.server.networking.Server sendToAll
INFO: Reap dead connection: [DummyConnection Server connection - model.nation.tupi]
May 14, 2018 12:22:10 PM net.sf.freecol.server.networking.Server sendToAll
INFO: Reap dead connection: [DummyConnection Server connection - model.nation.apache]
May 14, 2018 12:22:10 PM net.sf.freecol.server.networking.Server sendToAll
INFO: Reap dead connection: [DummyConnection Server connection - model.nation.aztec]
May 14, 2018 12:22:10 PM net.sf.freecol.server.networking.Server sendToAll
INFO: Reap dead connection: [DummyConnection Server connection - model.nation.iroquois]
May 14, 2018 12:22:10 PM net.sf.freecol.server.networking.Server sendToAll
INFO: Reap dead connection: [DummyConnection Server connection - model.nation.inca]
May 14, 2018 12:22:10 PM net.sf.freecol.server.networking.Server sendToAll
INFO: Reap dead connection: [DummyConnection Server connection - model.nation.spanish]
May 14, 2018 12:22:10 PM net.sf.freecol.common.networking.DOMMessage clientError
WARNING: Can not clear speciality of a teacher.
May 14, 2018 12:22:10 PM net.sf.freecol.common.model.Specification applyDifficultyLevel
INFO: Applying difficulty level model.difficulty.medium
May 14, 2018 12:22:10 PM net.sf.freecol.common.FreeColSeed getFreeColSeed
INFO: Using seed: -6567662471280904698
May 14, 2018 12:22:10 PM net.sf.freecol.server.networking.Server sendToAll
INFO: Reap dead connection: [DummyConnection Server connection - model.nation.apache]
May 14, 2018 12:22:10 PM net.sf.freecol.server.networking.Server sendToAll
INFO: Reap dead connection: [DummyConnection Server connection - model.nation.spanish]
May 14, 2018 12:22:10 PM net.sf.freecol.server.networking.Server sendToAll
INFO: Reap dead connection: [DummyConnection Server connection - model.nation.english]
May 14, 2018 12:22:10 PM net.sf.freecol.server.networking.Server sendToAll
INFO: Reap dead connection: [DummyConnection Server connection - model.nation.cherokee]
May 14, 2018 12:22:10 PM net.sf.freecol.server.networking.Server sendToAll
INFO: Reap dead connection: [DummyConnection Server connection - model.nation.iroquois]
May 14, 2018 12:22:10 PM net.sf.freecol.server.networking.Server sendToAll
INFO: Reap dead connection: [DummyConnection Server connection - model.nation.dutch]
May 14, 2018 12:22:10 PM net.sf.freecol.server.networking.Server sendToAll
INFO: Reap dead connection: [DummyConnection Server connection - model.nation.tupi]
May 14, 2018 12:22:10 PM net.sf.freecol.server.networking.Server sendToAll
INFO: Reap dead connection: [DummyConnection Server connection - model.nation.sioux]
May 14, 2018 12:22:10 PM net.sf.freecol.server.networking.Server sendToAll
INFO: Reap dead connection: [DummyConnection Server connection - model.nation.inca]
May 14, 2018 12:22:10 PM net.sf.freecol.server.networking.Server sendToAll
INFO: Reap dead connection: [DummyConnection Server connection - model.nation.aztec]
May 14, 2018 12:22:10 PM net.sf.freecol.server.networking.Server sendToAll
INFO: Reap dead connection: [DummyConnection Server connection - model.nation.french]
May 14, 2018 12:22:10 PM net.sf.freecol.server.networking.Server sendToAll
INFO: Reap dead connection: [DummyConnection Server connection - model.nation.arawak]
May 14, 2018 12:22:10 PM net.sf.freecol.server.model.ServerPlayer csChangeStance
INFO: Stance modification William I CEASE_FIRE -> PEACE wrt Louis XIV
May 14, 2018 12:22:10 PM net.sf.freecol.server.model.ServerPlayer csChangeStance
INFO: Stance modification Louis XIV CEASE_FIRE -> PEACE wrt William I (symmetric)
May 14, 2018 12:22:10 PM net.sf.freecol.common.model.Specification applyDifficultyLevel
INFO: Applying difficulty level model.difficulty.medium
May 14, 2018 12:22:10 PM net.sf.freecol.common.FreeColSeed getFreeColSeed
INFO: Using seed: 4225037016203410058
May 14, 2018 12:22:10 PM net.sf.freecol.server.networking.Server sendToAll
INFO: Reap dead connection: [DummyConnection Server connection - model.nation.french]
May 14, 2018 12:22:10 PM net.sf.freecol.server.networking.Server sendToAll
INFO: Reap dead connection: [DummyConnection Server connection - model.nation.aztec]
May 14, 2018 12:22:10 PM net.sf.freecol.server.networking.Server sendToAll
INFO: Reap dead connection: [DummyConnection Server connection - model.nation.cherokee]
May 14, 2018 12:22:10 PM net.sf.freecol.server.networking.Server sendToAll
INFO: Reap dead connection: [DummyConnection Server connection - model.nation.spanish]
May 14, 2018 12:22:10 PM net.sf.freecol.server.networking.Server sendToAll
INFO: Reap dead connection: [DummyConnection Server connection - model.nation.arawak]
May 14, 2018 12:22:10 PM net.sf.freecol.server.networking.Server sendToAll
INFO: Reap dead connection: [DummyConnection Server connection - model.nation.iroquois]
May 14, 2018 12:22:10 PM net.sf.freecol.server.networking.Server sendToAll
INFO: Reap dead connection: [DummyConnection Server connection - model.nation.apache]
May 14, 2018 12:22:10 PM net.sf.freecol.server.networking.Server sendToAll
INFO: Reap dead connection: [DummyConnection Server connection - model.nation.inca]
May 14, 2018 12:22:10 PM net.sf.freecol.server.networking.Server sendToAll
INFO: Reap dead connection: [DummyConnection Server connection - model.nation.english]
May 14, 2018 12:22:10 PM net.sf.freecol.server.networking.Server sendToAll
INFO: Reap dead connection: [DummyConnection Server connection - model.nation.tupi]
May 14, 2018 12:22:10 PM net.sf.freecol.server.networking.Server sendToAll
INFO: Reap dead connection: [DummyConnection Server connection - model.nation.dutch]
May 14, 2018 12:22:10 PM net.sf.freecol.server.networking.Server sendToAll
INFO: Reap dead connection: [DummyConnection Server connection - model.nation.sioux]
May 14, 2018 12:22:10 PM net.sf.freecol.common.model.Specification applyDifficultyLevel
INFO: Applying difficulty level model.difficulty.medium
May 14, 2018 12:22:10 PM net.sf.freecol.common.FreeColSeed getFreeColSeed
INFO: Using seed: -3309292601547695671
May 14, 2018 12:22:10 PM net.sf.freecol.server.networking.Server sendToAll
INFO: Reap dead connection: [DummyConnection Server connection - model.nation.tupi]
May 14, 2018 12:22:10 PM net.sf.freecol.server.networking.Server sendToAll
INFO: Reap dead connection: [DummyConnection Server connection - model.nation.english]
May 14, 2018 12:22:10 PM net.sf.freecol.server.networking.Server sendToAll
INFO: Reap dead connection: [DummyConnection Server connection - model.nation.inca]
May 14, 2018 12:22:10 PM net.sf.freecol.server.networking.Server sendToAll
INFO: Reap dead connection: [DummyConnection Server connection - model.nation.arawak]
May 14, 2018 12:22:10 PM net.sf.freecol.server.networking.Server sendToAll
INFO: Reap dead connection: [DummyConnection Server connection - model.nation.iroquois]
May 14, 2018 12:22:10 PM net.sf.freecol.server.networking.Server sendToAll
INFO: Reap dead connection: [DummyConnection Server connection - model.nation.apache]
May 14, 2018 12:22:10 PM net.sf.freecol.server.networking.Server sendToAll
INFO: Reap dead connection: [DummyConnection Server connection - model.nation.french]
May 14, 2018 12:22:10 PM net.sf.freecol.server.networking.Server sendToAll
INFO: Reap dead connection: [DummyConnection Server connection - model.nation.spanish]
May 14, 2018 12:22:10 PM net.sf.freecol.server.networking.Server sendToAll
INFO: Reap dead connection: [DummyConnection Server connection - model.nation.aztec]
May 14, 2018 12:22:10 PM net.sf.freecol.server.networking.Server sendToAll
INFO: Reap dead connection: [DummyConnection Server connection - model.nation.sioux]
May 14, 2018 12:22:10 PM net.sf.freecol.server.networking.Server sendToAll
INFO: Reap dead connection: [DummyConnection Server connection - model.nation.cherokee]
May 14, 2018 12:22:10 PM net.sf.freecol.server.networking.Server sendToAll
INFO: Reap dead connection: [DummyConnection Server connection - model.nation.dutch]
May 14, 2018 12:22:10 PM net.sf.freecol.common.model.Specification applyDifficultyLevel
INFO: Applying difficulty level model.difficulty.medium
May 14, 2018 12:22:10 PM net.sf.freecol.common.FreeColSeed getFreeColSeed
INFO: Using seed: -556669442684261115
May 14, 2018 12:22:10 PM net.sf.freecol.server.networking.Server sendToAll
INFO: Reap dead connection: [DummyConnection Server connection - model.nation.arawak]
May 14, 2018 12:22:10 PM net.sf.freecol.server.networking.Server sendToAll
INFO: Reap dead connection: [DummyConnection Server connection - model.nation.inca]
May 14, 2018 12:22:10 PM net.sf.freecol.server.networking.Server sendToAll
INFO: Reap dead connection: [DummyConnection Server connection - model.nation.dutch]
May 14, 2018 12:22:10 PM net.sf.freecol.server.networking.Server sendToAll
INFO: Reap dead connection: [DummyConnection Server connection - model.nation.spanish]
May 14, 2018 12:22:10 PM net.sf.freecol.server.networking.Server sendToAll
INFO: Reap dead connection: [DummyConnection Server connection - model.nation.sioux]
May 14, 2018 12:22:10 PM net.sf.freecol.server.networking.Server sendToAll
INFO: Reap dead connection: [DummyConnection Server connection - model.nation.english]
May 14, 2018 12:22:10 PM net.sf.freecol.server.networking.Server sendToAll
INFO: Reap dead connection: [DummyConnection Server connection - model.nation.apache]
May 14, 2018 12:22:10 PM net.sf.freecol.server.networking.Server sendToAll
INFO: Reap dead connection: [DummyConnection Server connection - model.nation.iroquois]
May 14, 2018 12:22:10 PM net.sf.freecol.server.networking.Server sendToAll
INFO: Reap dead connection: [DummyConnection Server connection - model.nation.tupi]
May 14, 2018 12:22:10 PM net.sf.freecol.server.networking.Server sendToAll
INFO: Reap dead connection: [DummyConnection Server connection - model.nation.french]
May 14, 2018 12:22:10 PM net.sf.freecol.server.networking.Server sendToAll
INFO: Reap dead connection: [DummyConnection Server connection - model.nation.aztec]
May 14, 2018 12:22:10 PM net.sf.freecol.server.networking.Server sendToAll
INFO: Reap dead connection: [DummyConnection Server connection - model.nation.cherokee]
May 14, 2018 12:22:10 PM net.sf.freecol.common.model.Unit setLocation
WARNING: Can not add [unit:249 dutch treasureTrain 1/1] to tile:629
May 14, 2018 12:22:10 PM net.sf.freecol.common.util.LogBuilder log
INFO: Destroying: unit:249
May 14, 2018 12:22:10 PM net.sf.freecol.common.model.Unit setLocation
WARNING: Can not add [unit:250 dutch treasureTrain 1/1] to tile:629
May 14, 2018 12:22:10 PM net.sf.freecol.common.model.Specification applyDifficultyLevel
INFO: Applying difficulty level model.difficulty.medium
May 14, 2018 12:22:10 PM net.sf.freecol.common.FreeColSeed getFreeColSeed
INFO: Using seed: -86549139355100580
May 14, 2018 12:22:10 PM net.sf.freecol.server.networking.Server sendToAll
INFO: Reap dead connection: [DummyConnection Server connection - model.nation.cherokee]
May 14, 2018 12:22:10 PM net.sf.freecol.server.networking.Server sendToAll
INFO: Reap dead connection: [DummyConnection Server connection - model.nation.apache]
May 14, 2018 12:22:10 PM net.sf.freecol.server.networking.Server sendToAll
INFO: Reap dead connection: [DummyConnection Server connection - model.nation.sioux]
May 14, 2018 12:22:10 PM net.sf.freecol.server.networking.Server sendToAll
INFO: Reap dead connection: [DummyConnection Server connection - model.nation.dutch]
May 14, 2018 12:22:10 PM net.sf.freecol.server.networking.Server sendToAll
INFO: Reap dead connection: [DummyConnection Server connection - model.nation.inca]
May 14, 2018 12:22:10 PM net.sf.freecol.server.networking.Server sendToAll
INFO: Reap dead connection: [DummyConnection Server connection - model.nation.aztec]
May 14, 2018 12:22:10 PM net.sf.freecol.server.networking.Server sendToAll
INFO: Reap dead connection: [DummyConnection Server connection - model.nation.iroquois]
May 14, 2018 12:22:10 PM net.sf.freecol.server.networking.Server sendToAll
INFO: Reap dead connection: [DummyConnection Server connection - model.nation.english]
May 14, 2018 12:22:10 PM net.sf.freecol.server.networking.Server sendToAll
INFO: Reap dead connection: [DummyConnection Server connection - model.nation.spanish]
May 14, 2018 12:22:10 PM net.sf.freecol.server.networking.Server sendToAll
INFO: Reap dead connection: [DummyConnection Server connection - model.nation.tupi]
May 14, 2018 12:22:10 PM net.sf.freecol.server.networking.Server sendToAll
INFO: Reap dead connection: [DummyConnection Server connection - model.nation.french]
May 14, 2018 12:22:10 PM net.sf.freecol.server.networking.Server sendToAll
INFO: Reap dead connection: [DummyConnection Server connection - model.nation.arawak]
May 14, 2018 12:22:10 PM net.sf.freecol.common.model.Specification applyDifficultyLevel
INFO: Applying difficulty level model.difficulty.medium
May 14, 2018 12:22:10 PM net.sf.freecol.common.FreeColSeed getFreeColSeed
INFO: Using seed: 6120304502586379142
May 14, 2018 12:22:10 PM net.sf.freecol.server.networking.Server sendToAll
INFO: Reap dead connection: [DummyConnection Server connection - model.nation.tupi]
May 14, 2018 12:22:10 PM net.sf.freecol.server.networking.Server sendToAll
INFO: Reap dead connection: [DummyConnection Server connection - model.nation.inca]
May 14, 2018 12:22:10 PM net.sf.freecol.server.networking.Server sendToAll
INFO: Reap dead connection: [DummyConnection Server connection - model.nation.sioux]
May 14, 2018 12:22:10 PM net.sf.freecol.server.networking.Server sendToAll
INFO: Reap dead connection: [DummyConnection Server connection - model.nation.french]
May 14, 2018 12:22:10 PM net.sf.freecol.server.networking.Server sendToAll
INFO: Reap dead connection: [DummyConnection Server connection - model.nation.cherokee]
May 14, 2018 12:22:10 PM net.sf.freecol.server.networking.Server sendToAll
INFO: Reap dead connection: [DummyConnection Server connection - model.nation.aztec]
May 14, 2018 12:22:10 PM net.sf.freecol.server.networking.Server sendToAll
INFO: Reap dead connection: [DummyConnection Server connection - model.nation.spanish]
May 14, 2018 12:22:10 PM net.sf.freecol.server.networking.Server sendToAll
INFO: Reap dead connection: [DummyConnection Server connection - model.nation.apache]
May 14, 2018 12:22:10 PM net.sf.freecol.server.networking.Server sendToAll
INFO: Reap dead connection: [DummyConnection Server connection - model.nation.english]
May 14, 2018 12:22:10 PM net.sf.freecol.server.networking.Server sendToAll
INFO: Reap dead connection: [DummyConnection Server connection - model.nation.dutch]
May 14, 2018 12:22:10 PM net.sf.freecol.server.networking.Server sendToAll
INFO: Reap dead connection: [DummyConnection Server connection - model.nation.arawak]
May 14, 2018 12:22:10 PM net.sf.freecol.server.networking.Server sendToAll
INFO: Reap dead connection: [DummyConnection Server connection - model.nation.iroquois]
May 14, 2018 12:22:10 PM net.sf.freecol.common.model.Specification applyDifficultyLevel
INFO: Applying difficulty level model.difficulty.medium
May 14, 2018 12:22:10 PM net.sf.freecol.common.FreeColSeed getFreeColSeed
INFO: Using seed: -3259626952636869583
May 14, 2018 12:22:10 PM net.sf.freecol.server.networking.Server sendToAll
INFO: Reap dead connection: [DummyConnection Server connection - model.nation.arawak]
May 14, 2018 12:22:10 PM net.sf.freecol.server.networking.Server sendToAll
INFO: Reap dead connection: [DummyConnection Server connection - model.nation.iroquois]
May 14, 2018 12:22:10 PM net.sf.freecol.server.networking.Server sendToAll
INFO: Reap dead connection: [DummyConnection Server connection - model.nation.apache]
May 14, 2018 12:22:10 PM net.sf.freecol.server.networking.Server sendToAll
INFO: Reap dead connection: [DummyConnection Server connection - model.nation.spanish]
May 14, 2018 12:22:10 PM net.sf.freecol.server.networking.Server sendToAll
INFO: Reap dead connection: [DummyConnection Server connection - model.nation.dutch]
May 14, 2018 12:22:10 PM net.sf.freecol.server.networking.Server sendToAll
INFO: Reap dead connection: [DummyConnection Server connection - model.nation.inca]
May 14, 2018 12:22:10 PM net.sf.freecol.server.networking.Server sendToAll
INFO: Reap dead connection: [DummyConnection Server connection - model.nation.english]
May 14, 2018 12:22:10 PM net.sf.freecol.server.networking.Server sendToAll
INFO: Reap dead connection: [DummyConnection Server connection - model.nation.french]
May 14, 2018 12:22:10 PM net.sf.freecol.server.networking.Server sendToAll
INFO: Reap dead connection: [DummyConnection Server connection - model.nation.tupi]
May 14, 2018 12:22:10 PM net.sf.freecol.server.networking.Server sendToAll
INFO: Reap dead connection: [DummyConnection Server connection - model.nation.aztec]
May 14, 2018 12:22:10 PM net.sf.freecol.server.networking.Server sendToAll
INFO: Reap dead connection: [DummyConnection Server connection - model.nation.cherokee]
May 14, 2018 12:22:10 PM net.sf.freecol.server.networking.Server sendToAll
INFO: Reap dead connection: [DummyConnection Server connection - model.nation.sioux]
May 14, 2018 12:22:10 PM net.sf.freecol.server.model.ServerPlayer csChangeStance
INFO: Stance modification William I UNCONTACTED -> WAR wrt Louis XIV
May 14, 2018 12:22:10 PM net.sf.freecol.server.model.ServerPlayer csChangeStance
INFO: Stance modification Louis XIV UNCONTACTED -> WAR wrt William I (symmetric)
May 14, 2018 12:22:10 PM net.sf.freecol.common.util.LogBuilder log
INFO: Combat attacker=unit:247-freeColonist-soldier [Modifier model.modifier.offence (model.source.baseOffence) ADDITIVE 0.0 index=10] [Modifier model.modifier.offence (model.role.soldier) ADDITIVE 2.0 index=30] [Modifier model.modifier.attackBonus (model.source.attackBonus) PERCENTAGE 50.0 index=50] = 3.0 defender=unit:248-freeColonist-soldier [Modifier model.modifier.defence (model.source.baseDefence) ADDITIVE 1.0 index=10] [Modifier model.modifier.defence (model.role.soldier) ADDITIVE 1.0 index=30] = 2.0 odds=0.6 random(1.0)=0.6200000047683716 great=false Attack LOSE LOSE_EQUIP
May 14, 2018 12:22:10 PM net.sf.freecol.common.util.LogBuilder log
INFO: Combat attacker=unit:247-freeColonist [Modifier model.modifier.offence (model.source.baseOffence) ADDITIVE 0.0 index=10] [Modifier model.modifier.attackBonus (model.source.attackBonus) PERCENTAGE 50.0 index=50] = 0.0 defender=unit:248-freeColonist-soldier [Modifier model.modifier.defence (model.source.baseDefence) ADDITIVE 1.0 index=10] [Modifier model.modifier.defence (model.role.soldier) ADDITIVE 1.0 index=30] = 2.0 odds=0.0 random(1.0)=0.019999999552965164 great=false Attack LOSE CAPTURE_UNIT
May 14, 2018 12:22:10 PM net.sf.freecol.common.model.Specification applyDifficultyLevel
INFO: Applying difficulty level model.difficulty.medium
May 14, 2018 12:22:10 PM net.sf.freecol.common.FreeColSeed getFreeColSeed
INFO: Using seed: 1182030044759248875
May 14, 2018 12:22:10 PM net.sf.freecol.server.networking.Server sendToAll
INFO: Reap dead connection: [DummyConnection Server connection - model.nation.aztec]
May 14, 2018 12:22:10 PM net.sf.freecol.server.networking.Server sendToAll
INFO: Reap dead connection: [DummyConnection Server connection - model.nation.spanish]
May 14, 2018 12:22:10 PM net.sf.freecol.server.networking.Server sendToAll
INFO: Reap dead connection: [DummyConnection Server connection - model.nation.english]
May 14, 2018 12:22:10 PM net.sf.freecol.server.networking.Server sendToAll
INFO: Reap dead connection: [DummyConnection Server connection - model.nation.sioux]
May 14, 2018 12:22:10 PM net.sf.freecol.server.networking.Server sendToAll
INFO: Reap dead connection: [DummyConnection Server connection - model.nation.dutch]
May 14, 2018 12:22:10 PM net.sf.freecol.server.networking.Server sendToAll
INFO: Reap dead connection: [DummyConnection Server connection - model.nation.arawak]
May 14, 2018 12:22:10 PM net.sf.freecol.server.networking.Server sendToAll
INFO: Reap dead connection: [DummyConnection Server connection - model.nation.inca]
May 14, 2018 12:22:10 PM net.sf.freecol.server.networking.Server sendToAll
INFO: Reap dead connection: [DummyConnection Server connection - model.nation.tupi]
May 14, 2018 12:22:10 PM net.sf.freecol.server.networking.Server sendToAll
INFO: Reap dead connection: [DummyConnection Server connection - model.nation.cherokee]
May 14, 2018 12:22:10 PM net.sf.freecol.server.networking.Server sendToAll
INFO: Reap dead connection: [DummyConnection Server connection - model.nation.iroquois]
May 14, 2018 12:22:10 PM net.sf.freecol.server.networking.Server sendToAll
INFO: Reap dead connection: [DummyConnection Server connection - model.nation.french]
May 14, 2018 12:22:10 PM net.sf.freecol.server.networking.Server sendToAll
INFO: Reap dead connection: [DummyConnection Server connection - model.nation.apache]
May 14, 2018 12:22:10 PM net.sf.freecol.server.model.ServerPlayer csChangeStance
INFO: Stance modification Louis XIV UNCONTACTED -> WAR wrt William I
May 14, 2018 12:22:10 PM net.sf.freecol.server.model.ServerPlayer csChangeStance
INFO: Stance modification William I UNCONTACTED -> WAR wrt Louis XIV (symmetric)
May 14, 2018 12:22:10 PM net.sf.freecol.common.util.LogBuilder log
INFO: Combat attacker=unit:248-veteranSoldier-soldier [Modifier model.modifier.offence (model.source.baseOffence) ADDITIVE 0.0 index=10] [Modifier model.modifier.offence (model.role.soldier) ADDITIVE 2.0 index=30] [Modifier model.modifier.offence (model.unit.veteranSoldier) PERCENTAGE 50.0 index=40] [Modifier model.modifier.attackBonus (model.source.attackBonus) PERCENTAGE 50.0 index=50] = 4.5 defender=unit:247-colonialRegular-soldier [Modifier model.modifier.defence (model.source.baseDefence) ADDITIVE 1.0 index=10] [Modifier model.modifier.defence (model.unit.colonialRegular) ADDITIVE 3.0 index=20] [Modifier model.modifier.defence (model.role.soldier) ADDITIVE 1.0 index=30] = 5.0 odds=0.47368421052631576 random(1.0)=0.4536842107772827 great=false Attack WIN LOSE_EQUIP DEMOTE_UNIT
May 14, 2018 12:22:10 PM net.sf.freecol.common.util.LogBuilder log
INFO: Combat attacker=unit:248-veteranSoldier-soldier [Modifier model.modifier.offence (model.source.baseOffence) ADDITIVE 0.0 index=10] [Modifier model.modifier.offence (model.role.soldier) ADDITIVE 2.0 index=30] [Modifier model.modifier.offence (model.unit.veteranSoldier) PERCENTAGE 50.0 index=40] [Modifier model.modifier.attackBonus (model.source.attackBonus) PERCENTAGE 50.0 index=50] = 4.5 defender=unit:247-veteranSoldier [Modifier model.modifier.defence (model.source.baseDefence) ADDITIVE 1.0 index=10] [Modifier model.modifier.defence (model.unit.veteranSoldier) PERCENTAGE 50.0 index=40] = 1.5 odds=0.75 random(1.0)=0.7300000190734863 great=false Attack WIN CAPTURE_UNIT
May 14, 2018 12:22:10 PM net.sf.freecol.common.model.Specification applyDifficultyLevel
INFO: Applying difficulty level model.difficulty.medium
May 14, 2018 12:22:10 PM net.sf.freecol.common.FreeColSeed getFreeColSeed
INFO: Using seed: -6299760228519971908
May 14, 2018 12:22:10 PM net.sf.freecol.server.networking.Server sendToAll
INFO: Reap dead connection: [DummyConnection Server connection - model.nation.sioux]
May 14, 2018 12:22:10 PM net.sf.freecol.server.networking.Server sendToAll
INFO: Reap dead connection: [DummyConnection Server connection - model.nation.iroquois]
May 14, 2018 12:22:10 PM net.sf.freecol.server.networking.Server sendToAll
INFO: Reap dead connection: [DummyConnection Server connection - model.nation.spanish]
May 14, 2018 12:22:10 PM net.sf.freecol.server.networking.Server sendToAll
INFO: Reap dead connection: [DummyConnection Server connection - model.nation.apache]
May 14, 2018 12:22:10 PM net.sf.freecol.server.networking.Server sendToAll
INFO: Reap dead connection: [DummyConnection Server connection - model.nation.cherokee]
May 14, 2018 12:22:10 PM net.sf.freecol.server.networking.Server sendToAll
INFO: Reap dead connection: [DummyConnection Server connection - model.nation.french]
May 14, 2018 12:22:10 PM net.sf.freecol.server.networking.Server sendToAll
INFO: Reap dead connection: [DummyConnection Server connection - model.nation.aztec]
May 14, 2018 12:22:10 PM net.sf.freecol.server.networking.Server sendToAll
INFO: Reap dead connection: [DummyConnection Server connection - model.nation.english]
May 14, 2018 12:22:10 PM net.sf.freecol.server.networking.Server sendToAll
INFO: Reap dead connection: [DummyConnection Server connection - model.nation.arawak]
May 14, 2018 12:22:10 PM net.sf.freecol.server.networking.Server sendToAll
INFO: Reap dead connection: [DummyConnection Server connection - model.nation.inca]
May 14, 2018 12:22:10 PM net.sf.freecol.server.networking.Server sendToAll
INFO: Reap dead connection: [DummyConnection Server connection - model.nation.tupi]
May 14, 2018 12:22:10 PM net.sf.freecol.server.networking.Server sendToAll
INFO: Reap dead connection: [DummyConnection Server connection - model.nation.dutch]
May 14, 2018 12:22:10 PM net.sf.freecol.server.ai.AIUnit dispose
WARNING: Disposing of unit:271 but owner is null!
May 14, 2018 12:22:10 PM net.sf.freecol.server.ai.AIUnit dispose
WARNING: Disposing of unit:270 but owner is null!
May 14, 2018 12:22:10 PM net.sf.freecol.common.model.Specification applyDifficultyLevel
INFO: Applying difficulty level model.difficulty.medium
May 14, 2018 12:22:10 PM net.sf.freecol.common.FreeColSeed getFreeColSeed
INFO: Using seed: 3636493620882617455
May 14, 2018 12:22:10 PM net.sf.freecol.server.networking.Server sendToAll
INFO: Reap dead connection: [DummyConnection Server connection - model.nation.iroquois]
May 14, 2018 12:22:10 PM net.sf.freecol.server.networking.Server sendToAll
INFO: Reap dead connection: [DummyConnection Server connection - model.nation.french]
May 14, 2018 12:22:10 PM net.sf.freecol.server.networking.Server sendToAll
INFO: Reap dead connection: [DummyConnection Server connection - model.nation.apache]
May 14, 2018 12:22:10 PM net.sf.freecol.server.networking.Server sendToAll
INFO: Reap dead connection: [DummyConnection Server connection - model.nation.cherokee]
May 14, 2018 12:22:10 PM net.sf.freecol.server.networking.Server sendToAll
INFO: Reap dead connection: [DummyConnection Server connection - model.nation.aztec]
May 14, 2018 12:22:10 PM net.sf.freecol.server.networking.Server sendToAll
INFO: Reap dead connection: [DummyConnection Server connection - model.nation.spanish]
May 14, 2018 12:22:10 PM net.sf.freecol.server.networking.Server sendToAll
INFO: Reap dead connection: [DummyConnection Server connection - model.nation.sioux]
May 14, 2018 12:22:10 PM net.sf.freecol.server.networking.Server sendToAll
INFO: Reap dead connection: [DummyConnection Server connection - model.nation.english]
May 14, 2018 12:22:10 PM net.sf.freecol.server.networking.Server sendToAll
INFO: Reap dead connection: [DummyConnection Server connection - model.nation.inca]
May 14, 2018 12:22:10 PM net.sf.freecol.server.networking.Server sendToAll
INFO: Reap dead connection: [DummyConnection Server connection - model.nation.arawak]
May 14, 2018 12:22:10 PM net.sf.freecol.server.networking.Server sendToAll
INFO: Reap dead connection: [DummyConnection Server connection - model.nation.tupi]
May 14, 2018 12:22:10 PM net.sf.freecol.server.networking.Server sendToAll
INFO: Reap dead connection: [DummyConnection Server connection - model.nation.dutch]
May 14, 2018 12:22:10 PM net.sf.freecol.server.model.ServerPlayer csChangeStance
INFO: Stance modification William I UNCONTACTED -> PEACE wrt Guaira
May 14, 2018 12:22:10 PM net.sf.freecol.server.model.ServerPlayer csChangeStance
INFO: Stance modification Guaira UNCONTACTED -> PEACE wrt William I (symmetric)
May 14, 2018 12:22:10 PM net.sf.freecol.common.util.LogBuilder log
INFO: Destroying: unit:253
May 14, 2018 12:22:10 PM net.sf.freecol.server.model.ServerPlayer csChangeStance
INFO: Stance modification Louis XIV UNCONTACTED -> PEACE wrt Guaira
May 14, 2018 12:22:10 PM net.sf.freecol.server.model.ServerPlayer csChangeStance
INFO: Stance modification Guaira UNCONTACTED -> PEACE wrt Louis XIV (symmetric)
May 14, 2018 12:22:10 PM net.sf.freecol.common.model.Specification applyDifficultyLevel
INFO: Applying difficulty level model.difficulty.medium
May 14, 2018 12:22:10 PM net.sf.freecol.common.FreeColSeed getFreeColSeed
INFO: Using seed: -1317246110428198931
May 14, 2018 12:22:10 PM net.sf.freecol.server.networking.Server sendToAll
INFO: Reap dead connection: [DummyConnection Server connection - model.nation.cherokee]
May 14, 2018 12:22:10 PM net.sf.freecol.server.networking.Server sendToAll
INFO: Reap dead connection: [DummyConnection Server connection - model.nation.dutch]
May 14, 2018 12:22:10 PM net.sf.freecol.server.networking.Server sendToAll
INFO: Reap dead connection: [DummyConnection Server connection - model.nation.aztec]
May 14, 2018 12:22:10 PM net.sf.freecol.server.networking.Server sendToAll
INFO: Reap dead connection: [DummyConnection Server connection - model.nation.tupi]
May 14, 2018 12:22:10 PM net.sf.freecol.server.networking.Server sendToAll
INFO: Reap dead connection: [DummyConnection Server connection - model.nation.english]
May 14, 2018 12:22:10 PM net.sf.freecol.server.networking.Server sendToAll
INFO: Reap dead connection: [DummyConnection Server connection - model.nation.arawak]
May 14, 2018 12:22:10 PM net.sf.freecol.server.networking.Server sendToAll
INFO: Reap dead connection: [DummyConnection Server connection - model.nation.inca]
May 14, 2018 12:22:10 PM net.sf.freecol.server.networking.Server sendToAll
INFO: Reap dead connection: [DummyConnection Server connection - model.nation.iroquois]
May 14, 2018 12:22:10 PM net.sf.freecol.server.networking.Server sendToAll
INFO: Reap dead connection: [DummyConnection Server connection - model.nation.french]
May 14, 2018 12:22:10 PM net.sf.freecol.server.networking.Server sendToAll
INFO: Reap dead connection: [DummyConnection Server connection - model.nation.spanish]
May 14, 2018 12:22:10 PM net.sf.freecol.server.networking.Server sendToAll
INFO: Reap dead connection: [DummyConnection Server connection - model.nation.sioux]
May 14, 2018 12:22:10 PM net.sf.freecol.server.networking.Server sendToAll
INFO: Reap dead connection: [DummyConnection Server connection - model.nation.apache]
May 14, 2018 12:22:10 PM net.sf.freecol.common.model.Specification applyDifficultyLevel
INFO: Applying difficulty level model.difficulty.medium
May 14, 2018 12:22:10 PM net.sf.freecol.common.FreeColSeed getFreeColSeed
INFO: Using seed: -2306014635304814193
May 14, 2018 12:22:10 PM net.sf.freecol.server.networking.Server sendToAll
INFO: Reap dead connection: [DummyConnection Server connection - model.nation.french]
May 14, 2018 12:22:10 PM net.sf.freecol.server.networking.Server sendToAll
INFO: Reap dead connection: [DummyConnection Server connection - model.nation.english]
May 14, 2018 12:22:10 PM net.sf.freecol.server.networking.Server sendToAll
INFO: Reap dead connection: [DummyConnection Server connection - model.nation.spanish]
May 14, 2018 12:22:10 PM net.sf.freecol.server.networking.Server sendToAll
INFO: Reap dead connection: [DummyConnection Server connection - model.nation.cherokee]
May 14, 2018 12:22:10 PM net.sf.freecol.server.networking.Server sendToAll
INFO: Reap dead connection: [DummyConnection Server connection - model.nation.iroquois]
May 14, 2018 12:22:10 PM net.sf.freecol.server.networking.Server sendToAll
INFO: Reap dead connection: [DummyConnection Server connection - model.nation.sioux]
May 14, 2018 12:22:10 PM net.sf.freecol.server.networking.Server sendToAll
INFO: Reap dead connection: [DummyConnection Server connection - model.nation.aztec]
May 14, 2018 12:22:10 PM net.sf.freecol.server.networking.Server sendToAll
INFO: Reap dead connection: [DummyConnection Server connection - model.nation.tupi]
May 14, 2018 12:22:10 PM net.sf.freecol.server.networking.Server sendToAll
INFO: Reap dead connection: [DummyConnection Server connection - model.nation.dutch]
May 14, 2018 12:22:10 PM net.sf.freecol.server.networking.Server sendToAll
INFO: Reap dead connection: [DummyConnection Server connection - model.nation.apache]
May 14, 2018 12:22:10 PM net.sf.freecol.server.networking.Server sendToAll
INFO: Reap dead connection: [DummyConnection Server connection - model.nation.inca]
May 14, 2018 12:22:10 PM net.sf.freecol.server.networking.Server sendToAll
INFO: Reap dead connection: [DummyConnection Server connection - model.nation.arawak]
May 14, 2018 12:22:10 PM net.sf.freecol.common.model.Specification applyDifficultyLevel
INFO: Applying difficulty level model.difficulty.medium
May 14, 2018 12:22:10 PM net.sf.freecol.common.FreeColSeed getFreeColSeed
INFO: Using seed: -1367958971860101154
May 14, 2018 12:22:10 PM net.sf.freecol.server.networking.Server sendToAll
INFO: Reap dead connection: [DummyConnection Server connection - model.nation.apache]
May 14, 2018 12:22:10 PM net.sf.freecol.server.networking.Server sendToAll
INFO: Reap dead connection: [DummyConnection Server connection - model.nation.tupi]
May 14, 2018 12:22:10 PM net.sf.freecol.server.networking.Server sendToAll
INFO: Reap dead connection: [DummyConnection Server connection - model.nation.spanish]
May 14, 2018 12:22:10 PM net.sf.freecol.server.networking.Server sendToAll
INFO: Reap dead connection: [DummyConnection Server connection - model.nation.french]
May 14, 2018 12:22:10 PM net.sf.freecol.server.networking.Server sendToAll
INFO: Reap dead connection: [DummyConnection Server connection - model.nation.sioux]
May 14, 2018 12:22:10 PM net.sf.freecol.server.networking.Server sendToAll
INFO: Reap dead connection: [DummyConnection Server connection - model.nation.dutch]
May 14, 2018 12:22:10 PM net.sf.freecol.server.networking.Server sendToAll
INFO: Reap dead connection: [DummyConnection Server connection - model.nation.inca]
May 14, 2018 12:22:10 PM net.sf.freecol.server.networking.Server sendToAll
INFO: Reap dead connection: [DummyConnection Server connection - model.nation.arawak]
May 14, 2018 12:22:10 PM net.sf.freecol.server.networking.Server sendToAll
INFO: Reap dead connection: [DummyConnection Server connection - model.nation.cherokee]
May 14, 2018 12:22:10 PM net.sf.freecol.server.networking.Server sendToAll
INFO: Reap dead connection: [DummyConnection Server connection - model.nation.aztec]
May 14, 2018 12:22:10 PM net.sf.freecol.server.networking.Server sendToAll
INFO: Reap dead connection: [DummyConnection Server connection - model.nation.iroquois]
May 14, 2018 12:22:10 PM net.sf.freecol.server.networking.Server sendToAll
INFO: Reap dead connection: [DummyConnection Server connection - model.nation.english]
May 14, 2018 12:22:10 PM net.sf.freecol.common.model.Specification applyDifficultyLevel
INFO: Applying difficulty level model.difficulty.medium
May 14, 2018 12:22:10 PM net.sf.freecol.common.FreeColSeed getFreeColSeed
INFO: Using seed: 6828002256907705349
May 14, 2018 12:22:10 PM net.sf.freecol.server.networking.Server sendToAll
INFO: Reap dead connection: [DummyConnection Server connection - model.nation.tupi]
May 14, 2018 12:22:10 PM net.sf.freecol.server.networking.Server sendToAll
INFO: Reap dead connection: [DummyConnection Server connection - model.nation.inca]
May 14, 2018 12:22:10 PM net.sf.freecol.server.networking.Server sendToAll
INFO: Reap dead connection: [DummyConnection Server connection - model.nation.apache]
May 14, 2018 12:22:10 PM net.sf.freecol.server.networking.Server sendToAll
INFO: Reap dead connection: [DummyConnection Server connection - model.nation.dutch]
May 14, 2018 12:22:10 PM net.sf.freecol.server.networking.Server sendToAll
INFO: Reap dead connection: [DummyConnection Server connection - model.nation.aztec]
May 14, 2018 12:22:10 PM net.sf.freecol.server.networking.Server sendToAll
INFO: Reap dead connection: [DummyConnection Server connection - model.nation.iroquois]
May 14, 2018 12:22:10 PM net.sf.freecol.server.networking.Server sendToAll
INFO: Reap dead connection: [DummyConnection Server connection - model.nation.french]
May 14, 2018 12:22:10 PM net.sf.freecol.server.networking.Server sendToAll
INFO: Reap dead connection: [DummyConnection Server connection - model.nation.arawak]
May 14, 2018 12:22:10 PM net.sf.freecol.server.networking.Server sendToAll
INFO: Reap dead connection: [DummyConnection Server connection - model.nation.spanish]
May 14, 2018 12:22:10 PM net.sf.freecol.server.networking.Server sendToAll
INFO: Reap dead connection: [DummyConnection Server connection - model.nation.cherokee]
May 14, 2018 12:22:10 PM net.sf.freecol.server.networking.Server sendToAll
INFO: Reap dead connection: [DummyConnection Server connection - model.nation.sioux]
May 14, 2018 12:22:10 PM net.sf.freecol.server.networking.Server sendToAll
INFO: Reap dead connection: [DummyConnection Server connection - model.nation.english]
May 14, 2018 12:22:10 PM net.sf.freecol.common.model.Specification applyDifficultyLevel
INFO: Applying difficulty level model.difficulty.medium
May 14, 2018 12:22:10 PM net.sf.freecol.common.FreeColSeed getFreeColSeed
INFO: Using seed: 4595207372555104638
May 14, 2018 12:22:10 PM net.sf.freecol.server.networking.Server sendToAll
INFO: Reap dead connection: [DummyConnection Server connection - model.nation.inca]
May 14, 2018 12:22:10 PM net.sf.freecol.server.networking.Server sendToAll
INFO: Reap dead connection: [DummyConnection Server connection - model.nation.dutch]
May 14, 2018 12:22:10 PM net.sf.freecol.server.networking.Server sendToAll
INFO: Reap dead connection: [DummyConnection Server connection - model.nation.arawak]
May 14, 2018 12:22:10 PM net.sf.freecol.server.networking.Server sendToAll
INFO: Reap dead connection: [DummyConnection Server connection - model.nation.apache]
May 14, 2018 12:22:10 PM net.sf.freecol.server.networking.Server sendToAll
INFO: Reap dead connection: [DummyConnection Server connection - model.nation.tupi]
May 14, 2018 12:22:10 PM net.sf.freecol.server.networking.Server sendToAll
INFO: Reap dead connection: [DummyConnection Server connection - model.nation.english]
May 14, 2018 12:22:10 PM net.sf.freecol.server.networking.Server sendToAll
INFO: Reap dead connection: [DummyConnection Server connection - model.nation.spanish]
May 14, 2018 12:22:10 PM net.sf.freecol.server.networking.Server sendToAll
INFO: Reap dead connection: [DummyConnection Server connection - model.nation.cherokee]
May 14, 2018 12:22:10 PM net.sf.freecol.server.networking.Server sendToAll
INFO: Reap dead connection: [DummyConnection Server connection - model.nation.french]
May 14, 2018 12:22:10 PM net.sf.freecol.server.networking.Server sendToAll
INFO: Reap dead connection: [DummyConnection Server connection - model.nation.aztec]
May 14, 2018 12:22:10 PM net.sf.freecol.server.networking.Server sendToAll
INFO: Reap dead connection: [DummyConnection Server connection - model.nation.iroquois]
May 14, 2018 12:22:10 PM net.sf.freecol.server.networking.Server sendToAll
INFO: Reap dead connection: [DummyConnection Server connection - model.nation.sioux]
May 14, 2018 12:22:10 PM net.sf.freecol.common.model.Specification applyDifficultyLevel
INFO: Applying difficulty level model.difficulty.medium
May 14, 2018 12:22:10 PM net.sf.freecol.common.FreeColSeed getFreeColSeed
INFO: Using seed: 3905119633200580956
May 14, 2018 12:22:10 PM net.sf.freecol.server.networking.Server sendToAll
INFO: Reap dead connection: [DummyConnection Server connection - model.nation.apache]
May 14, 2018 12:22:10 PM net.sf.freecol.server.networking.Server sendToAll
INFO: Reap dead connection: [DummyConnection Server connection - model.nation.french]
May 14, 2018 12:22:10 PM net.sf.freecol.server.networking.Server sendToAll
INFO: Reap dead connection: [DummyConnection Server connection - model.nation.aztec]
May 14, 2018 12:22:10 PM net.sf.freecol.server.networking.Server sendToAll
INFO: Reap dead connection: [DummyConnection Server connection - model.nation.dutch]
May 14, 2018 12:22:10 PM net.sf.freecol.server.networking.Server sendToAll
INFO: Reap dead connection: [DummyConnection Server connection - model.nation.sioux]
May 14, 2018 12:22:10 PM net.sf.freecol.server.networking.Server sendToAll
INFO: Reap dead connection: [DummyConnection Server connection - model.nation.arawak]
May 14, 2018 12:22:10 PM net.sf.freecol.server.networking.Server sendToAll
INFO: Reap dead connection: [DummyConnection Server connection - model.nation.tupi]
May 14, 2018 12:22:10 PM net.sf.freecol.server.networking.Server sendToAll
INFO: Reap dead connection: [DummyConnection Server connection - model.nation.english]
May 14, 2018 12:22:10 PM net.sf.freecol.server.networking.Server sendToAll
INFO: Reap dead connection: [DummyConnection Server connection - model.nation.iroquois]
May 14, 2018 12:22:10 PM net.sf.freecol.server.networking.Server sendToAll
INFO: Reap dead connection: [DummyConnection Server connection - model.nation.inca]
May 14, 2018 12:22:10 PM net.sf.freecol.server.networking.Server sendToAll
INFO: Reap dead connection: [DummyConnection Server connection - model.nation.spanish]
May 14, 2018 12:22:10 PM net.sf.freecol.server.networking.Server sendToAll
INFO: Reap dead connection: [DummyConnection Server connection - model.nation.cherokee]
May 14, 2018 12:22:10 PM net.sf.freecol.common.model.Specification applyDifficultyLevel
INFO: Applying difficulty level model.difficulty.medium
May 14, 2018 12:22:10 PM net.sf.freecol.common.FreeColSeed getFreeColSeed
INFO: Using seed: 6481872164013505590
May 14, 2018 12:22:10 PM net.sf.freecol.server.networking.Server sendToAll
INFO: Reap dead connection: [DummyConnection Server connection - model.nation.iroquois]
May 14, 2018 12:22:10 PM net.sf.freecol.server.networking.Server sendToAll
INFO: Reap dead connection: [DummyConnection Server connection - model.nation.tupi]
May 14, 2018 12:22:10 PM net.sf.freecol.server.networking.Server sendToAll
INFO: Reap dead connection: [DummyConnection Server connection - model.nation.aztec]
May 14, 2018 12:22:10 PM net.sf.freecol.server.networking.Server sendToAll
INFO: Reap dead connection: [DummyConnection Server connection - model.nation.cherokee]
May 14, 2018 12:22:10 PM net.sf.freecol.server.networking.Server sendToAll
INFO: Reap dead connection: [DummyConnection Server connection - model.nation.inca]
May 14, 2018 12:22:10 PM net.sf.freecol.server.networking.Server sendToAll
INFO: Reap dead connection: [DummyConnection Server connection - model.nation.sioux]
May 14, 2018 12:22:10 PM net.sf.freecol.server.networking.Server sendToAll
INFO: Reap dead connection: [DummyConnection Server connection - model.nation.english]
May 14, 2018 12:22:10 PM net.sf.freecol.server.networking.Server sendToAll
INFO: Reap dead connection: [DummyConnection Server connection - model.nation.french]
May 14, 2018 12:22:10 PM net.sf.freecol.server.networking.Server sendToAll
INFO: Reap dead connection: [DummyConnection Server connection - model.nation.dutch]
May 14, 2018 12:22:10 PM net.sf.freecol.server.networking.Server sendToAll
INFO: Reap dead connection: [DummyConnection Server connection - model.nation.spanish]
May 14, 2018 12:22:10 PM net.sf.freecol.server.networking.Server sendToAll
INFO: Reap dead connection: [DummyConnection Server connection - model.nation.apache]
May 14, 2018 12:22:10 PM net.sf.freecol.server.networking.Server sendToAll
INFO: Reap dead connection: [DummyConnection Server connection - model.nation.arawak]
May 14, 2018 12:22:10 PM net.sf.freecol.common.model.Specification applyDifficultyLevel
INFO: Applying difficulty level model.difficulty.medium
May 14, 2018 12:22:10 PM net.sf.freecol.common.FreeColSeed getFreeColSeed
INFO: Using seed: 56902157397163486
May 14, 2018 12:22:10 PM net.sf.freecol.server.networking.Server sendToAll
INFO: Reap dead connection: [DummyConnection Server connection - model.nation.tupi]
May 14, 2018 12:22:10 PM net.sf.freecol.server.networking.Server sendToAll
INFO: Reap dead connection: [DummyConnection Server connection - model.nation.french]
May 14, 2018 12:22:10 PM net.sf.freecol.server.networking.Server sendToAll
INFO: Reap dead connection: [DummyConnection Server connection - model.nation.inca]
May 14, 2018 12:22:10 PM net.sf.freecol.server.networking.Server sendToAll
INFO: Reap dead connection: [DummyConnection Server connection - model.nation.english]
May 14, 2018 12:22:10 PM net.sf.freecol.server.networking.Server sendToAll
INFO: Reap dead connection: [DummyConnection Server connection - model.nation.dutch]
May 14, 2018 12:22:10 PM net.sf.freecol.server.networking.Server sendToAll
INFO: Reap dead connection: [DummyConnection Server connection - model.nation.aztec]
May 14, 2018 12:22:10 PM net.sf.freecol.server.networking.Server sendToAll
INFO: Reap dead connection: [DummyConnection Server connection - model.nation.cherokee]
May 14, 2018 12:22:10 PM net.sf.freecol.server.networking.Server sendToAll
INFO: Reap dead connection: [DummyConnection Server connection - model.nation.sioux]
May 14, 2018 12:22:10 PM net.sf.freecol.server.networking.Server sendToAll
INFO: Reap dead connection: [DummyConnection Server connection - model.nation.iroquois]
May 14, 2018 12:22:10 PM net.sf.freecol.server.networking.Server sendToAll
INFO: Reap dead connection: [DummyConnection Server connection - model.nation.spanish]
May 14, 2018 12:22:10 PM net.sf.freecol.server.networking.Server sendToAll
INFO: Reap dead connection: [DummyConnection Server connection - model.nation.arawak]
May 14, 2018 12:22:10 PM net.sf.freecol.server.networking.Server sendToAll
INFO: Reap dead connection: [DummyConnection Server connection - model.nation.apache]
May 14, 2018 12:22:10 PM net.sf.freecol.common.model.Specification applyDifficultyLevel
INFO: Applying difficulty level model.difficulty.medium
May 14, 2018 12:22:10 PM net.sf.freecol.common.FreeColSeed getFreeColSeed
INFO: Using seed: 5072116840451739002
May 14, 2018 12:22:11 PM net.sf.freecol.server.networking.Server sendToAll
INFO: Reap dead connection: [DummyConnection Server connection - model.nation.dutch]
May 14, 2018 12:22:11 PM net.sf.freecol.server.networking.Server sendToAll
INFO: Reap dead connection: [DummyConnection Server connection - model.nation.arawak]
May 14, 2018 12:22:11 PM net.sf.freecol.server.networking.Server sendToAll
INFO: Reap dead connection: [DummyConnection Server connection - model.nation.aztec]
May 14, 2018 12:22:11 PM net.sf.freecol.server.networking.Server sendToAll
INFO: Reap dead connection: [DummyConnection Server connection - model.nation.french]
May 14, 2018 12:22:11 PM net.sf.freecol.server.networking.Server sendToAll
INFO: Reap dead connection: [DummyConnection Server connection - model.nation.iroquois]
May 14, 2018 12:22:11 PM net.sf.freecol.server.networking.Server sendToAll
INFO: Reap dead connection: [DummyConnection Server connection - model.nation.cherokee]
May 14, 2018 12:22:11 PM net.sf.freecol.server.networking.Server sendToAll
INFO: Reap dead connection: [DummyConnection Server connection - model.nation.english]
May 14, 2018 12:22:11 PM net.sf.freecol.server.networking.Server sendToAll
INFO: Reap dead connection: [DummyConnection Server connection - model.nation.tupi]
May 14, 2018 12:22:11 PM net.sf.freecol.server.networking.Server sendToAll
INFO: Reap dead connection: [DummyConnection Server connection - model.nation.apache]
May 14, 2018 12:22:11 PM net.sf.freecol.server.networking.Server sendToAll
INFO: Reap dead connection: [DummyConnection Server connection - model.nation.spanish]
May 14, 2018 12:22:11 PM net.sf.freecol.server.networking.Server sendToAll
INFO: Reap dead connection: [DummyConnection Server connection - model.nation.inca]
May 14, 2018 12:22:11 PM net.sf.freecol.server.networking.Server sendToAll
INFO: Reap dead connection: [DummyConnection Server connection - model.nation.sioux]
May 14, 2018 12:22:11 PM net.sf.freecol.common.model.Specification applyDifficultyLevel
INFO: Applying difficulty level model.difficulty.medium
May 14, 2018 12:22:11 PM net.sf.freecol.common.FreeColSeed getFreeColSeed
INFO: Using seed: 5557366355489187622
May 14, 2018 12:22:11 PM net.sf.freecol.server.networking.Server sendToAll
INFO: Reap dead connection: [DummyConnection Server connection - model.nation.inca]
May 14, 2018 12:22:11 PM net.sf.freecol.server.networking.Server sendToAll
INFO: Reap dead connection: [DummyConnection Server connection - model.nation.apache]
May 14, 2018 12:22:11 PM net.sf.freecol.server.networking.Server sendToAll
INFO: Reap dead connection: [DummyConnection Server connection - model.nation.spanish]
May 14, 2018 12:22:11 PM net.sf.freecol.server.networking.Server sendToAll
INFO: Reap dead connection: [DummyConnection Server connection - model.nation.aztec]
May 14, 2018 12:22:11 PM net.sf.freecol.server.networking.Server sendToAll
INFO: Reap dead connection: [DummyConnection Server connection - model.nation.tupi]
May 14, 2018 12:22:11 PM net.sf.freecol.server.networking.Server sendToAll
INFO: Reap dead connection: [DummyConnection Server connection - model.nation.arawak]
May 14, 2018 12:22:11 PM net.sf.freecol.server.networking.Server sendToAll
INFO: Reap dead connection: [DummyConnection Server connection - model.nation.cherokee]
May 14, 2018 12:22:11 PM net.sf.freecol.server.networking.Server sendToAll
INFO: Reap dead connection: [DummyConnection Server connection - model.nation.iroquois]
May 14, 2018 12:22:11 PM net.sf.freecol.server.networking.Server sendToAll
INFO: Reap dead connection: [DummyConnection Server connection - model.nation.sioux]
May 14, 2018 12:22:11 PM net.sf.freecol.server.networking.Server sendToAll
INFO: Reap dead connection: [DummyConnection Server connection - model.nation.french]
May 14, 2018 12:22:11 PM net.sf.freecol.server.networking.Server sendToAll
INFO: Reap dead connection: [DummyConnection Server connection - model.nation.dutch]
May 14, 2018 12:22:11 PM net.sf.freecol.server.networking.Server sendToAll
INFO: Reap dead connection: [DummyConnection Server connection - model.nation.english]
May 14, 2018 12:22:11 PM net.sf.freecol.common.model.Specification applyDifficultyLevel
INFO: Applying difficulty level model.difficulty.medium
May 14, 2018 12:22:11 PM net.sf.freecol.common.FreeColSeed getFreeColSeed
INFO: Using seed: 2361122868097476883
May 14, 2018 12:22:11 PM net.sf.freecol.server.networking.Server sendToAll
INFO: Reap dead connection: [DummyConnection Server connection - model.nation.english]
May 14, 2018 12:22:11 PM net.sf.freecol.server.networking.Server sendToAll
INFO: Reap dead connection: [DummyConnection Server connection - model.nation.arawak]
May 14, 2018 12:22:11 PM net.sf.freecol.server.networking.Server sendToAll
INFO: Reap dead connection: [DummyConnection Server connection - model.nation.inca]
May 14, 2018 12:22:11 PM net.sf.freecol.server.networking.Server sendToAll
INFO: Reap dead connection: [DummyConnection Server connection - model.nation.cherokee]
May 14, 2018 12:22:11 PM net.sf.freecol.server.networking.Server sendToAll
INFO: Reap dead connection: [DummyConnection Server connection - model.nation.french]
May 14, 2018 12:22:11 PM net.sf.freecol.server.networking.Server sendToAll
INFO: Reap dead connection: [DummyConnection Server connection - model.nation.sioux]
May 14, 2018 12:22:11 PM net.sf.freecol.server.networking.Server sendToAll
INFO: Reap dead connection: [DummyConnection Server connection - model.nation.iroquois]
May 14, 2018 12:22:11 PM net.sf.freecol.server.networking.Server sendToAll
INFO: Reap dead connection: [DummyConnection Server connection - model.nation.spanish]
May 14, 2018 12:22:11 PM net.sf.freecol.server.networking.Server sendToAll
INFO: Reap dead connection: [DummyConnection Server connection - model.nation.apache]
May 14, 2018 12:22:11 PM net.sf.freecol.server.networking.Server sendToAll
INFO: Reap dead connection: [DummyConnection Server connection - model.nation.tupi]
May 14, 2018 12:22:11 PM net.sf.freecol.server.networking.Server sendToAll
INFO: Reap dead connection: [DummyConnection Server connection - model.nation.dutch]
May 14, 2018 12:22:11 PM net.sf.freecol.server.networking.Server sendToAll
INFO: Reap dead connection: [DummyConnection Server connection - model.nation.aztec]
May 14, 2018 12:22:11 PM net.sf.freecol.common.model.Specification applyDifficultyLevel
INFO: Applying difficulty level model.difficulty.medium
May 14, 2018 12:22:11 PM net.sf.freecol.common.FreeColSeed getFreeColSeed
INFO: Using seed: -3356191560226758292
May 14, 2018 12:22:11 PM net.sf.freecol.server.networking.Server sendToAll
INFO: Reap dead connection: [DummyConnection Server connection - model.nation.english]
May 14, 2018 12:22:11 PM net.sf.freecol.server.networking.Server sendToAll
INFO: Reap dead connection: [DummyConnection Server connection - model.nation.inca]
May 14, 2018 12:22:11 PM net.sf.freecol.server.networking.Server sendToAll
INFO: Reap dead connection: [DummyConnection Server connection - model.nation.apache]
May 14, 2018 12:22:11 PM net.sf.freecol.server.networking.Server sendToAll
INFO: Reap dead connection: [DummyConnection Server connection - model.nation.iroquois]
May 14, 2018 12:22:11 PM net.sf.freecol.server.networking.Server sendToAll
INFO: Reap dead connection: [DummyConnection Server connection - model.nation.dutch]
May 14, 2018 12:22:11 PM net.sf.freecol.server.networking.Server sendToAll
INFO: Reap dead connection: [DummyConnection Server connection - model.nation.sioux]
May 14, 2018 12:22:11 PM net.sf.freecol.server.networking.Server sendToAll
INFO: Reap dead connection: [DummyConnection Server connection - model.nation.aztec]
May 14, 2018 12:22:11 PM net.sf.freecol.server.networking.Server sendToAll
INFO: Reap dead connection: [DummyConnection Server connection - model.nation.cherokee]
May 14, 2018 12:22:11 PM net.sf.freecol.server.networking.Server sendToAll
INFO: Reap dead connection: [DummyConnection Server connection - model.nation.tupi]
May 14, 2018 12:22:11 PM net.sf.freecol.server.networking.Server sendToAll
INFO: Reap dead connection: [DummyConnection Server connection - model.nation.french]
May 14, 2018 12:22:11 PM net.sf.freecol.server.networking.Server sendToAll
INFO: Reap dead connection: [DummyConnection Server connection - model.nation.spanish]
May 14, 2018 12:22:11 PM net.sf.freecol.server.networking.Server sendToAll
INFO: Reap dead connection: [DummyConnection Server connection - model.nation.arawak]
May 14, 2018 12:22:11 PM net.sf.freecol.common.model.Specification applyDifficultyLevel
INFO: Applying difficulty level model.difficulty.medium
May 14, 2018 12:22:11 PM net.sf.freecol.common.FreeColSeed getFreeColSeed
INFO: Using seed: 5695177597322939819
May 14, 2018 12:22:11 PM net.sf.freecol.server.networking.Server sendToAll
INFO: Reap dead connection: [DummyConnection Server connection - model.nation.arawak]
May 14, 2018 12:22:11 PM net.sf.freecol.server.networking.Server sendToAll
INFO: Reap dead connection: [DummyConnection Server connection - model.nation.aztec]
May 14, 2018 12:22:11 PM net.sf.freecol.server.networking.Server sendToAll
INFO: Reap dead connection: [DummyConnection Server connection - model.nation.english]
May 14, 2018 12:22:11 PM net.sf.freecol.server.networking.Server sendToAll
INFO: Reap dead connection: [DummyConnection Server connection - model.nation.iroquois]
May 14, 2018 12:22:11 PM net.sf.freecol.server.networking.Server sendToAll
INFO: Reap dead connection: [DummyConnection Server connection - model.nation.tupi]
May 14, 2018 12:22:11 PM net.sf.freecol.server.networking.Server sendToAll
INFO: Reap dead connection: [DummyConnection Server connection - model.nation.sioux]
May 14, 2018 12:22:11 PM net.sf.freecol.server.networking.Server sendToAll
INFO: Reap dead connection: [DummyConnection Server connection - model.nation.spanish]
May 14, 2018 12:22:11 PM net.sf.freecol.server.networking.Server sendToAll
INFO: Reap dead connection: [DummyConnection Server connection - model.nation.apache]
May 14, 2018 12:22:11 PM net.sf.freecol.server.networking.Server sendToAll
INFO: Reap dead connection: [DummyConnection Server connection - model.nation.inca]
May 14, 2018 12:22:11 PM net.sf.freecol.server.networking.Server sendToAll
INFO: Reap dead connection: [DummyConnection Server connection - model.nation.french]
May 14, 2018 12:22:11 PM net.sf.freecol.server.networking.Server sendToAll
INFO: Reap dead connection: [DummyConnection Server connection - model.nation.dutch]
May 14, 2018 12:22:11 PM net.sf.freecol.server.networking.Server sendToAll
INFO: Reap dead connection: [DummyConnection Server connection - model.nation.cherokee]
May 14, 2018 12:22:11 PM net.sf.freecol.common.model.Specification applyDifficultyLevel
INFO: Applying difficulty level model.difficulty.medium
May 14, 2018 12:22:11 PM net.sf.freecol.common.FreeColSeed getFreeColSeed
INFO: Using seed: -5546924787117708298
May 14, 2018 12:22:11 PM net.sf.freecol.server.networking.Server sendToAll
INFO: Reap dead connection: [DummyConnection Server connection - model.nation.french]
May 14, 2018 12:22:11 PM net.sf.freecol.server.networking.Server sendToAll
INFO: Reap dead connection: [DummyConnection Server connection - model.nation.cherokee]
May 14, 2018 12:22:11 PM net.sf.freecol.server.networking.Server sendToAll
INFO: Reap dead connection: [DummyConnection Server connection - model.nation.sioux]
May 14, 2018 12:22:11 PM net.sf.freecol.server.networking.Server sendToAll
INFO: Reap dead connection: [DummyConnection Server connection - model.nation.english]
May 14, 2018 12:22:11 PM net.sf.freecol.server.networking.Server sendToAll
INFO: Reap dead connection: [DummyConnection Server connection - model.nation.apache]
May 14, 2018 12:22:11 PM net.sf.freecol.server.networking.Server sendToAll
INFO: Reap dead connection: [DummyConnection Server connection - model.nation.inca]
May 14, 2018 12:22:11 PM net.sf.freecol.server.networking.Server sendToAll
INFO: Reap dead connection: [DummyConnection Server connection - model.nation.tupi]
May 14, 2018 12:22:11 PM net.sf.freecol.server.networking.Server sendToAll
INFO: Reap dead connection: [DummyConnection Server connection - model.nation.iroquois]
May 14, 2018 12:22:11 PM net.sf.freecol.server.networking.Server sendToAll
INFO: Reap dead connection: [DummyConnection Server connection - model.nation.dutch]
May 14, 2018 12:22:11 PM net.sf.freecol.server.networking.Server sendToAll
INFO: Reap dead connection: [DummyConnection Server connection - model.nation.arawak]
May 14, 2018 12:22:11 PM net.sf.freecol.server.networking.Server sendToAll
INFO: Reap dead connection: [DummyConnection Server connection - model.nation.aztec]
May 14, 2018 12:22:11 PM net.sf.freecol.server.networking.Server sendToAll
INFO: Reap dead connection: [DummyConnection Server connection - model.nation.spanish]
May 14, 2018 12:22:11 PM net.sf.freecol.common.model.Specification applyDifficultyLevel
INFO: Applying difficulty level model.difficulty.medium
May 14, 2018 12:22:11 PM net.sf.freecol.common.FreeColSeed getFreeColSeed
INFO: Using seed: -3226441496414052811
May 14, 2018 12:22:11 PM net.sf.freecol.server.networking.Server sendToAll
INFO: Reap dead connection: [DummyConnection Server connection - model.nation.sioux]
May 14, 2018 12:22:11 PM net.sf.freecol.server.networking.Server sendToAll
INFO: Reap dead connection: [DummyConnection Server connection - model.nation.dutch]
May 14, 2018 12:22:11 PM net.sf.freecol.server.networking.Server sendToAll
INFO: Reap dead connection: [DummyConnection Server connection - model.nation.spanish]
May 14, 2018 12:22:11 PM net.sf.freecol.server.networking.Server sendToAll
INFO: Reap dead connection: [DummyConnection Server connection - model.nation.arawak]
May 14, 2018 12:22:11 PM net.sf.freecol.server.networking.Server sendToAll
INFO: Reap dead connection: [DummyConnection Server connection - model.nation.tupi]
May 14, 2018 12:22:11 PM net.sf.freecol.server.networking.Server sendToAll
INFO: Reap dead connection: [DummyConnection Server connection - model.nation.apache]
May 14, 2018 12:22:11 PM net.sf.freecol.server.networking.Server sendToAll
INFO: Reap dead connection: [DummyConnection Server connection - model.nation.aztec]
May 14, 2018 12:22:11 PM net.sf.freecol.server.networking.Server sendToAll
INFO: Reap dead connection: [DummyConnection Server connection - model.nation.cherokee]
May 14, 2018 12:22:11 PM net.sf.freecol.server.networking.Server sendToAll
INFO: Reap dead connection: [DummyConnection Server connection - model.nation.inca]
May 14, 2018 12:22:11 PM net.sf.freecol.server.networking.Server sendToAll
INFO: Reap dead connection: [DummyConnection Server connection - model.nation.iroquois]
May 14, 2018 12:22:11 PM net.sf.freecol.server.networking.Server sendToAll
INFO: Reap dead connection: [DummyConnection Server connection - model.nation.english]
May 14, 2018 12:22:11 PM net.sf.freecol.server.networking.Server sendToAll
INFO: Reap dead connection: [DummyConnection Server connection - model.nation.french]
May 14, 2018 12:22:11 PM net.sf.freecol.common.model.Specification applyDifficultyLevel
INFO: Applying difficulty level model.difficulty.medium
May 14, 2018 12:22:11 PM net.sf.freecol.common.FreeColSeed getFreeColSeed
INFO: Using seed: -8329301770713318820
May 14, 2018 12:22:11 PM net.sf.freecol.server.networking.Server sendToAll
INFO: Reap dead connection: [DummyConnection Server connection - model.nation.english]
May 14, 2018 12:22:11 PM net.sf.freecol.server.networking.Server sendToAll
INFO: Reap dead connection: [DummyConnection Server connection - model.nation.dutch]
May 14, 2018 12:22:11 PM net.sf.freecol.server.networking.Server sendToAll
INFO: Reap dead connection: [DummyConnection Server connection - model.nation.french]
May 14, 2018 12:22:11 PM net.sf.freecol.server.networking.Server sendToAll
INFO: Reap dead connection: [DummyConnection Server connection - model.nation.sioux]
May 14, 2018 12:22:11 PM net.sf.freecol.server.networking.Server sendToAll
INFO: Reap dead connection: [DummyConnection Server connection - model.nation.inca]
May 14, 2018 12:22:11 PM net.sf.freecol.server.networking.Server sendToAll
INFO: Reap dead connection: [DummyConnection Server connection - model.nation.cherokee]
May 14, 2018 12:22:11 PM net.sf.freecol.server.networking.Server sendToAll
INFO: Reap dead connection: [DummyConnection Server connection - model.nation.tupi]
May 14, 2018 12:22:11 PM net.sf.freecol.server.networking.Server sendToAll
INFO: Reap dead connection: [DummyConnection Server connection - model.nation.iroquois]
May 14, 2018 12:22:11 PM net.sf.freecol.server.networking.Server sendToAll
INFO: Reap dead connection: [DummyConnection Server connection - model.nation.arawak]
May 14, 2018 12:22:11 PM net.sf.freecol.server.networking.Server sendToAll
INFO: Reap dead connection: [DummyConnection Server connection - model.nation.apache]
May 14, 2018 12:22:11 PM net.sf.freecol.server.networking.Server sendToAll
INFO: Reap dead connection: [DummyConnection Server connection - model.nation.aztec]
May 14, 2018 12:22:11 PM net.sf.freecol.server.networking.Server sendToAll
INFO: Reap dead connection: [DummyConnection Server connection - model.nation.spanish]
May 14, 2018 12:22:11 PM net.sf.freecol.common.model.Specification applyDifficultyLevel
INFO: Applying difficulty level model.difficulty.medium
May 14, 2018 12:22:11 PM net.sf.freecol.common.FreeColSeed getFreeColSeed
INFO: Using seed: -2725226663686187009
May 14, 2018 12:22:11 PM net.sf.freecol.server.networking.Server sendToAll
INFO: Reap dead connection: [DummyConnection Server connection - model.nation.iroquois]
May 14, 2018 12:22:11 PM net.sf.freecol.server.networking.Server sendToAll
INFO: Reap dead connection: [DummyConnection Server connection - model.nation.inca]
May 14, 2018 12:22:11 PM net.sf.freecol.server.networking.Server sendToAll
INFO: Reap dead connection: [DummyConnection Server connection - model.nation.tupi]
May 14, 2018 12:22:11 PM net.sf.freecol.server.networking.Server sendToAll
INFO: Reap dead connection: [DummyConnection Server connection - model.nation.aztec]
May 14, 2018 12:22:11 PM net.sf.freecol.server.networking.Server sendToAll
INFO: Reap dead connection: [DummyConnection Server connection - model.nation.sioux]
May 14, 2018 12:22:11 PM net.sf.freecol.server.networking.Server sendToAll
INFO: Reap dead connection: [DummyConnection Server connection - model.nation.french]
May 14, 2018 12:22:11 PM net.sf.freecol.server.networking.Server sendToAll
INFO: Reap dead connection: [DummyConnection Server connection - model.nation.apache]
May 14, 2018 12:22:11 PM net.sf.freecol.server.networking.Server sendToAll
INFO: Reap dead connection: [DummyConnection Server connection - model.nation.spanish]
May 14, 2018 12:22:11 PM net.sf.freecol.server.networking.Server sendToAll
INFO: Reap dead connection: [DummyConnection Server connection - model.nation.cherokee]
May 14, 2018 12:22:11 PM net.sf.freecol.server.networking.Server sendToAll
INFO: Reap dead connection: [DummyConnection Server connection - model.nation.english]
May 14, 2018 12:22:11 PM net.sf.freecol.server.networking.Server sendToAll
INFO: Reap dead connection: [DummyConnection Server connection - model.nation.dutch]
May 14, 2018 12:22:11 PM net.sf.freecol.server.networking.Server sendToAll
INFO: Reap dead connection: [DummyConnection Server connection - model.nation.arawak]
May 14, 2018 12:22:11 PM net.sf.freecol.common.model.Specification applyDifficultyLevel
INFO: Applying difficulty level model.difficulty.medium
May 14, 2018 12:22:11 PM net.sf.freecol.common.FreeColSeed getFreeColSeed
INFO: Using seed: 1326798835269455995
May 14, 2018 12:22:11 PM net.sf.freecol.server.networking.Server sendToAll
INFO: Reap dead connection: [DummyConnection Server connection - model.nation.spanish]
May 14, 2018 12:22:11 PM net.sf.freecol.server.networking.Server sendToAll
INFO: Reap dead connection: [DummyConnection Server connection - model.nation.aztec]
May 14, 2018 12:22:11 PM net.sf.freecol.server.networking.Server sendToAll
INFO: Reap dead connection: [DummyConnection Server connection - model.nation.cherokee]
May 14, 2018 12:22:11 PM net.sf.freecol.server.networking.Server sendToAll
INFO: Reap dead connection: [DummyConnection Server connection - model.nation.dutch]
May 14, 2018 12:22:11 PM net.sf.freecol.server.networking.Server sendToAll
INFO: Reap dead connection: [DummyConnection Server connection - model.nation.inca]
May 14, 2018 12:22:11 PM net.sf.freecol.server.networking.Server sendToAll
INFO: Reap dead connection: [DummyConnection Server connection - model.nation.sioux]
May 14, 2018 12:22:11 PM net.sf.freecol.server.networking.Server sendToAll
INFO: Reap dead connection: [DummyConnection Server connection - model.nation.iroquois]
May 14, 2018 12:22:11 PM net.sf.freecol.server.networking.Server sendToAll
INFO: Reap dead connection: [DummyConnection Server connection - model.nation.tupi]
May 14, 2018 12:22:11 PM net.sf.freecol.server.networking.Server sendToAll
INFO: Reap dead connection: [DummyConnection Server connection - model.nation.arawak]
May 14, 2018 12:22:11 PM net.sf.freecol.server.networking.Server sendToAll
INFO: Reap dead connection: [DummyConnection Server connection - model.nation.english]
May 14, 2018 12:22:11 PM net.sf.freecol.server.networking.Server sendToAll
INFO: Reap dead connection: [DummyConnection Server connection - model.nation.french]
May 14, 2018 12:22:11 PM net.sf.freecol.server.networking.Server sendToAll
INFO: Reap dead connection: [DummyConnection Server connection - model.nation.apache]
May 14, 2018 12:22:11 PM net.sf.freecol.common.model.Specification applyDifficultyLevel
INFO: Applying difficulty level model.difficulty.medium
May 14, 2018 12:22:11 PM net.sf.freecol.common.FreeColSeed getFreeColSeed
INFO: Using seed: 8419578268943237460
May 14, 2018 12:22:11 PM net.sf.freecol.server.networking.Server sendToAll
INFO: Reap dead connection: [DummyConnection Server connection - model.nation.apache]
May 14, 2018 12:22:11 PM net.sf.freecol.server.networking.Server sendToAll
INFO: Reap dead connection: [DummyConnection Server connection - model.nation.inca]
May 14, 2018 12:22:11 PM net.sf.freecol.server.networking.Server sendToAll
INFO: Reap dead connection: [DummyConnection Server connection - model.nation.spanish]
May 14, 2018 12:22:11 PM net.sf.freecol.server.networking.Server sendToAll
INFO: Reap dead connection: [DummyConnection Server connection - model.nation.sioux]
May 14, 2018 12:22:11 PM net.sf.freecol.server.networking.Server sendToAll
INFO: Reap dead connection: [DummyConnection Server connection - model.nation.cherokee]
May 14, 2018 12:22:11 PM net.sf.freecol.server.networking.Server sendToAll
INFO: Reap dead connection: [DummyConnection Server connection - model.nation.iroquois]
May 14, 2018 12:22:11 PM net.sf.freecol.server.networking.Server sendToAll
INFO: Reap dead connection: [DummyConnection Server connection - model.nation.french]
May 14, 2018 12:22:11 PM net.sf.freecol.server.networking.Server sendToAll
INFO: Reap dead connection: [DummyConnection Server connection - model.nation.arawak]
May 14, 2018 12:22:11 PM net.sf.freecol.server.networking.Server sendToAll
INFO: Reap dead connection: [DummyConnection Server connection - model.nation.tupi]
May 14, 2018 12:22:11 PM net.sf.freecol.server.networking.Server sendToAll
INFO: Reap dead connection: [DummyConnection Server connection - model.nation.english]
May 14, 2018 12:22:11 PM net.sf.freecol.server.networking.Server sendToAll
INFO: Reap dead connection: [DummyConnection Server connection - model.nation.aztec]
May 14, 2018 12:22:11 PM net.sf.freecol.server.networking.Server sendToAll
INFO: Reap dead connection: [DummyConnection Server connection - model.nation.dutch]
May 14, 2018 12:22:11 PM net.sf.freecol.common.model.Specification applyDifficultyLevel
INFO: Applying difficulty level model.difficulty.medium
May 14, 2018 12:22:11 PM net.sf.freecol.common.FreeColSeed getFreeColSeed
INFO: Using seed: -3177871170718873828
May 14, 2018 12:22:11 PM net.sf.freecol.server.networking.Server sendToAll
INFO: Reap dead connection: [DummyConnection Server connection - model.nation.sioux]
May 14, 2018 12:22:11 PM net.sf.freecol.server.networking.Server sendToAll
INFO: Reap dead connection: [DummyConnection Server connection - model.nation.tupi]
May 14, 2018 12:22:11 PM net.sf.freecol.server.networking.Server sendToAll
INFO: Reap dead connection: [DummyConnection Server connection - model.nation.cherokee]
May 14, 2018 12:22:11 PM net.sf.freecol.server.networking.Server sendToAll
INFO: Reap dead connection: [DummyConnection Server connection - model.nation.iroquois]
May 14, 2018 12:22:11 PM net.sf.freecol.server.networking.Server sendToAll
INFO: Reap dead connection: [DummyConnection Server connection - model.nation.inca]
May 14, 2018 12:22:11 PM net.sf.freecol.server.networking.Server sendToAll
INFO: Reap dead connection: [DummyConnection Server connection - model.nation.aztec]
May 14, 2018 12:22:11 PM net.sf.freecol.server.networking.Server sendToAll
INFO: Reap dead connection: [DummyConnection Server connection - model.nation.spanish]
May 14, 2018 12:22:11 PM net.sf.freecol.server.networking.Server sendToAll
INFO: Reap dead connection: [DummyConnection Server connection - model.nation.french]
May 14, 2018 12:22:11 PM net.sf.freecol.server.networking.Server sendToAll
INFO: Reap dead connection: [DummyConnection Server connection - model.nation.arawak]
May 14, 2018 12:22:11 PM net.sf.freecol.server.networking.Server sendToAll
INFO: Reap dead connection: [DummyConnection Server connection - model.nation.english]
May 14, 2018 12:22:11 PM net.sf.freecol.server.networking.Server sendToAll
INFO: Reap dead connection: [DummyConnection Server connection - model.nation.dutch]
May 14, 2018 12:22:11 PM net.sf.freecol.server.networking.Server sendToAll
INFO: Reap dead connection: [DummyConnection Server connection - model.nation.apache]
May 14, 2018 12:22:11 PM net.sf.freecol.common.model.Specification applyDifficultyLevel
INFO: Applying difficulty level model.difficulty.medium
May 14, 2018 12:22:11 PM net.sf.freecol.common.FreeColSeed getFreeColSeed
INFO: Using seed: -451050505352598198
May 14, 2018 12:22:11 PM net.sf.freecol.server.networking.Server sendToAll
INFO: Reap dead connection: [DummyConnection Server connection - model.nation.apache]
May 14, 2018 12:22:11 PM net.sf.freecol.server.networking.Server sendToAll
INFO: Reap dead connection: [DummyConnection Server connection - model.nation.spanish]
May 14, 2018 12:22:11 PM net.sf.freecol.server.networking.Server sendToAll
INFO: Reap dead connection: [DummyConnection Server connection - model.nation.french]
May 14, 2018 12:22:11 PM net.sf.freecol.server.networking.Server sendToAll
INFO: Reap dead connection: [DummyConnection Server connection - model.nation.sioux]
May 14, 2018 12:22:11 PM net.sf.freecol.server.networking.Server sendToAll
INFO: Reap dead connection: [DummyConnection Server connection - model.nation.dutch]
May 14, 2018 12:22:11 PM net.sf.freecol.server.networking.Server sendToAll
INFO: Reap dead connection: [DummyConnection Server connection - model.nation.english]
May 14, 2018 12:22:11 PM net.sf.freecol.server.networking.Server sendToAll
INFO: Reap dead connection: [DummyConnection Server connection - model.nation.aztec]
May 14, 2018 12:22:11 PM net.sf.freecol.server.networking.Server sendToAll
INFO: Reap dead connection: [DummyConnection Server connection - model.nation.inca]
May 14, 2018 12:22:11 PM net.sf.freecol.server.networking.Server sendToAll
INFO: Reap dead connection: [DummyConnection Server connection - model.nation.tupi]
May 14, 2018 12:22:11 PM net.sf.freecol.server.networking.Server sendToAll
INFO: Reap dead connection: [DummyConnection Server connection - model.nation.cherokee]
May 14, 2018 12:22:11 PM net.sf.freecol.server.networking.Server sendToAll
INFO: Reap dead connection: [DummyConnection Server connection - model.nation.iroquois]
May 14, 2018 12:22:11 PM net.sf.freecol.server.networking.Server sendToAll
INFO: Reap dead connection: [DummyConnection Server connection - model.nation.arawak]
May 14, 2018 12:22:11 PM net.sf.freecol.common.model.Specification applyDifficultyLevel
INFO: Applying difficulty level model.difficulty.medium
May 14, 2018 12:22:11 PM net.sf.freecol.common.FreeColSeed getFreeColSeed
INFO: Using seed: -1185003377189413759
May 14, 2018 12:22:11 PM net.sf.freecol.server.networking.Server sendToAll
INFO: Reap dead connection: [DummyConnection Server connection - model.nation.dutch]
May 14, 2018 12:22:11 PM net.sf.freecol.server.networking.Server sendToAll
INFO: Reap dead connection: [DummyConnection Server connection - model.nation.arawak]
May 14, 2018 12:22:11 PM net.sf.freecol.server.networking.Server sendToAll
INFO: Reap dead connection: [DummyConnection Server connection - model.nation.aztec]
May 14, 2018 12:22:11 PM net.sf.freecol.server.networking.Server sendToAll
INFO: Reap dead connection: [DummyConnection Server connection - model.nation.sioux]
May 14, 2018 12:22:11 PM net.sf.freecol.server.networking.Server sendToAll
INFO: Reap dead connection: [DummyConnection Server connection - model.nation.inca]
May 14, 2018 12:22:11 PM net.sf.freecol.server.networking.Server sendToAll
INFO: Reap dead connection: [DummyConnection Server connection - model.nation.spanish]
May 14, 2018 12:22:11 PM net.sf.freecol.server.networking.Server sendToAll
INFO: Reap dead connection: [DummyConnection Server connection - model.nation.cherokee]
May 14, 2018 12:22:11 PM net.sf.freecol.server.networking.Server sendToAll
INFO: Reap dead connection: [DummyConnection Server connection - model.nation.french]
May 14, 2018 12:22:11 PM net.sf.freecol.server.networking.Server sendToAll
INFO: Reap dead connection: [DummyConnection Server connection - model.nation.tupi]
May 14, 2018 12:22:11 PM net.sf.freecol.server.networking.Server sendToAll
INFO: Reap dead connection: [DummyConnection Server connection - model.nation.iroquois]
May 14, 2018 12:22:11 PM net.sf.freecol.server.networking.Server sendToAll
INFO: Reap dead connection: [DummyConnection Server connection - model.nation.english]
May 14, 2018 12:22:11 PM net.sf.freecol.server.networking.Server sendToAll
INFO: Reap dead connection: [DummyConnection Server connection - model.nation.apache]
May 14, 2018 12:22:11 PM net.sf.freecol.common.model.Specification applyDifficultyLevel
INFO: Applying difficulty level model.difficulty.medium
May 14, 2018 12:22:11 PM net.sf.freecol.common.FreeColSeed getFreeColSeed
INFO: Using seed: 3745467835893366544
May 14, 2018 12:22:11 PM net.sf.freecol.server.networking.Server sendToAll
INFO: Reap dead connection: [DummyConnection Server connection - model.nation.iroquois]
May 14, 2018 12:22:11 PM net.sf.freecol.server.networking.Server sendToAll
INFO: Reap dead connection: [DummyConnection Server connection - model.nation.dutch]
May 14, 2018 12:22:11 PM net.sf.freecol.server.networking.Server sendToAll
INFO: Reap dead connection: [DummyConnection Server connection - model.nation.inca]
May 14, 2018 12:22:11 PM net.sf.freecol.server.networking.Server sendToAll
INFO: Reap dead connection: [DummyConnection Server connection - model.nation.apache]
May 14, 2018 12:22:11 PM net.sf.freecol.server.networking.Server sendToAll
INFO: Reap dead connection: [DummyConnection Server connection - model.nation.sioux]
May 14, 2018 12:22:11 PM net.sf.freecol.server.networking.Server sendToAll
INFO: Reap dead connection: [DummyConnection Server connection - model.nation.spanish]
May 14, 2018 12:22:11 PM net.sf.freecol.server.networking.Server sendToAll
INFO: Reap dead connection: [DummyConnection Server connection - model.nation.cherokee]
May 14, 2018 12:22:11 PM net.sf.freecol.server.networking.Server sendToAll
INFO: Reap dead connection: [DummyConnection Server connection - model.nation.tupi]
May 14, 2018 12:22:11 PM net.sf.freecol.server.networking.Server sendToAll
INFO: Reap dead connection: [DummyConnection Server connection - model.nation.english]
May 14, 2018 12:22:11 PM net.sf.freecol.server.networking.Server sendToAll
INFO: Reap dead connection: [DummyConnection Server connection - model.nation.french]
May 14, 2018 12:22:11 PM net.sf.freecol.server.networking.Server sendToAll
INFO: Reap dead connection: [DummyConnection Server connection - model.nation.aztec]
May 14, 2018 12:22:11 PM net.sf.freecol.server.networking.Server sendToAll
INFO: Reap dead connection: [DummyConnection Server connection - model.nation.arawak]
May 14, 2018 12:22:11 PM net.sf.freecol.common.model.Specification applyDifficultyLevel
INFO: Applying difficulty level model.difficulty.medium
May 14, 2018 12:22:11 PM net.sf.freecol.common.FreeColSeed getFreeColSeed
INFO: Using seed: -3235106604874982410
May 14, 2018 12:22:11 PM net.sf.freecol.server.networking.Server sendToAll
INFO: Reap dead connection: [DummyConnection Server connection - model.nation.aztec]
May 14, 2018 12:22:11 PM net.sf.freecol.server.networking.Server sendToAll
INFO: Reap dead connection: [DummyConnection Server connection - model.nation.french]
May 14, 2018 12:22:11 PM net.sf.freecol.server.networking.Server sendToAll
INFO: Reap dead connection: [DummyConnection Server connection - model.nation.cherokee]
May 14, 2018 12:22:11 PM net.sf.freecol.server.networking.Server sendToAll
INFO: Reap dead connection: [DummyConnection Server connection - model.nation.english]
May 14, 2018 12:22:11 PM net.sf.freecol.server.networking.Server sendToAll
INFO: Reap dead connection: [DummyConnection Server connection - model.nation.tupi]
May 14, 2018 12:22:11 PM net.sf.freecol.server.networking.Server sendToAll
INFO: Reap dead connection: [DummyConnection Server connection - model.nation.inca]
May 14, 2018 12:22:11 PM net.sf.freecol.server.networking.Server sendToAll
INFO: Reap dead connection: [DummyConnection Server connection - model.nation.spanish]
May 14, 2018 12:22:11 PM net.sf.freecol.server.networking.Server sendToAll
INFO: Reap dead connection: [DummyConnection Server connection - model.nation.sioux]
May 14, 2018 12:22:11 PM net.sf.freecol.server.networking.Server sendToAll
INFO: Reap dead connection: [DummyConnection Server connection - model.nation.dutch]
May 14, 2018 12:22:11 PM net.sf.freecol.server.networking.Server sendToAll
INFO: Reap dead connection: [DummyConnection Server connection - model.nation.arawak]
May 14, 2018 12:22:11 PM net.sf.freecol.server.networking.Server sendToAll
INFO: Reap dead connection: [DummyConnection Server connection - model.nation.apache]
May 14, 2018 12:22:11 PM net.sf.freecol.server.networking.Server sendToAll
INFO: Reap dead connection: [DummyConnection Server connection - model.nation.iroquois]
May 14, 2018 12:22:11 PM net.sf.freecol.common.model.Specification applyDifficultyLevel
INFO: Applying difficulty level model.difficulty.medium
May 14, 2018 12:22:11 PM net.sf.freecol.common.FreeColSeed getFreeColSeed
INFO: Using seed: 7878265506334783154
May 14, 2018 12:22:11 PM net.sf.freecol.server.networking.Server sendToAll
INFO: Reap dead connection: [DummyConnection Server connection - model.nation.inca]
May 14, 2018 12:22:11 PM net.sf.freecol.server.networking.Server sendToAll
INFO: Reap dead connection: [DummyConnection Server connection - model.nation.aztec]
May 14, 2018 12:22:11 PM net.sf.freecol.server.networking.Server sendToAll
INFO: Reap dead connection: [DummyConnection Server connection - model.nation.sioux]
May 14, 2018 12:22:11 PM net.sf.freecol.server.networking.Server sendToAll
INFO: Reap dead connection: [DummyConnection Server connection - model.nation.english]
May 14, 2018 12:22:11 PM net.sf.freecol.server.networking.Server sendToAll
INFO: Reap dead connection: [DummyConnection Server connection - model.nation.french]
May 14, 2018 12:22:11 PM net.sf.freecol.server.networking.Server sendToAll
INFO: Reap dead connection: [DummyConnection Server connection - model.nation.dutch]
May 14, 2018 12:22:11 PM net.sf.freecol.server.networking.Server sendToAll
INFO: Reap dead connection: [DummyConnection Server connection - model.nation.arawak]
May 14, 2018 12:22:11 PM net.sf.freecol.server.networking.Server sendToAll
INFO: Reap dead connection: [DummyConnection Server connection - model.nation.spanish]
May 14, 2018 12:22:11 PM net.sf.freecol.server.networking.Server sendToAll
INFO: Reap dead connection: [DummyConnection Server connection - model.nation.cherokee]
May 14, 2018 12:22:11 PM net.sf.freecol.server.networking.Server sendToAll
INFO: Reap dead connection: [DummyConnection Server connection - model.nation.iroquois]
May 14, 2018 12:22:11 PM net.sf.freecol.server.networking.Server sendToAll
INFO: Reap dead connection: [DummyConnection Server connection - model.nation.tupi]
May 14, 2018 12:22:11 PM net.sf.freecol.server.networking.Server sendToAll
INFO: Reap dead connection: [DummyConnection Server connection - model.nation.apache]
May 14, 2018 12:22:11 PM net.sf.freecol.common.model.Specification applyDifficultyLevel
INFO: Applying difficulty level model.difficulty.medium
May 14, 2018 12:22:11 PM net.sf.freecol.common.FreeColSeed getFreeColSeed
INFO: Using seed: 9197126209993342341
May 14, 2018 12:22:11 PM net.sf.freecol.server.networking.Server sendToAll
INFO: Reap dead connection: [DummyConnection Server connection - model.nation.apache]
May 14, 2018 12:22:11 PM net.sf.freecol.server.networking.Server sendToAll
INFO: Reap dead connection: [DummyConnection Server connection - model.nation.aztec]
May 14, 2018 12:22:11 PM net.sf.freecol.server.networking.Server sendToAll
INFO: Reap dead connection: [DummyConnection Server connection - model.nation.sioux]
May 14, 2018 12:22:11 PM net.sf.freecol.server.networking.Server sendToAll
INFO: Reap dead connection: [DummyConnection Server connection - model.nation.english]
May 14, 2018 12:22:11 PM net.sf.freecol.server.networking.Server sendToAll
INFO: Reap dead connection: [DummyConnection Server connection - model.nation.arawak]
May 14, 2018 12:22:11 PM net.sf.freecol.server.networking.Server sendToAll
INFO: Reap dead connection: [DummyConnection Server connection - model.nation.inca]
May 14, 2018 12:22:11 PM net.sf.freecol.server.networking.Server sendToAll
INFO: Reap dead connection: [DummyConnection Server connection - model.nation.iroquois]
May 14, 2018 12:22:11 PM net.sf.freecol.server.networking.Server sendToAll
INFO: Reap dead connection: [DummyConnection Server connection - model.nation.spanish]
May 14, 2018 12:22:11 PM net.sf.freecol.server.networking.Server sendToAll
INFO: Reap dead connection: [DummyConnection Server connection - model.nation.cherokee]
May 14, 2018 12:22:11 PM net.sf.freecol.server.networking.Server sendToAll
INFO: Reap dead connection: [DummyConnection Server connection - model.nation.tupi]
May 14, 2018 12:22:11 PM net.sf.freecol.server.networking.Server sendToAll
INFO: Reap dead connection: [DummyConnection Server connection - model.nation.dutch]
May 14, 2018 12:22:11 PM net.sf.freecol.server.networking.Server sendToAll
INFO: Reap dead connection: [DummyConnection Server connection - model.nation.french]
May 14, 2018 12:22:11 PM net.sf.freecol.common.model.Specification applyDifficultyLevel
INFO: Applying difficulty level model.difficulty.medium
May 14, 2018 12:22:11 PM net.sf.freecol.common.FreeColSeed getFreeColSeed
INFO: Using seed: 5414702635771052243
May 14, 2018 12:22:11 PM net.sf.freecol.server.networking.Server sendToAll
INFO: Reap dead connection: [DummyConnection Server connection - model.nation.tupi]
May 14, 2018 12:22:11 PM net.sf.freecol.server.networking.Server sendToAll
INFO: Reap dead connection: [DummyConnection Server connection - model.nation.arawak]
May 14, 2018 12:22:11 PM net.sf.freecol.server.networking.Server sendToAll
INFO: Reap dead connection: [DummyConnection Server connection - model.nation.inca]
May 14, 2018 12:22:11 PM net.sf.freecol.server.networking.Server sendToAll
INFO: Reap dead connection: [DummyConnection Server connection - model.nation.cherokee]
May 14, 2018 12:22:11 PM net.sf.freecol.server.networking.Server sendToAll
INFO: Reap dead connection: [DummyConnection Server connection - model.nation.english]
May 14, 2018 12:22:11 PM net.sf.freecol.server.networking.Server sendToAll
INFO: Reap dead connection: [DummyConnection Server connection - model.nation.iroquois]
May 14, 2018 12:22:11 PM net.sf.freecol.server.networking.Server sendToAll
INFO: Reap dead connection: [DummyConnection Server connection - model.nation.apache]
May 14, 2018 12:22:11 PM net.sf.freecol.server.networking.Server sendToAll
INFO: Reap dead connection: [DummyConnection Server connection - model.nation.aztec]
May 14, 2018 12:22:11 PM net.sf.freecol.server.networking.Server sendToAll
INFO: Reap dead connection: [DummyConnection Server connection - model.nation.french]
May 14, 2018 12:22:11 PM net.sf.freecol.server.networking.Server sendToAll
INFO: Reap dead connection: [DummyConnection Server connection - model.nation.spanish]
May 14, 2018 12:22:11 PM net.sf.freecol.server.networking.Server sendToAll
INFO: Reap dead connection: [DummyConnection Server connection - model.nation.sioux]
May 14, 2018 12:22:11 PM net.sf.freecol.server.networking.Server sendToAll
INFO: Reap dead connection: [DummyConnection Server connection - model.nation.dutch]
May 14, 2018 12:22:11 PM net.sf.freecol.common.model.Specification applyDifficultyLevel
INFO: Applying difficulty level model.difficulty.medium
May 14, 2018 12:22:11 PM net.sf.freecol.common.FreeColSeed getFreeColSeed
INFO: Using seed: 2096229872682132378
May 14, 2018 12:22:11 PM net.sf.freecol.server.networking.Server sendToAll
INFO: Reap dead connection: [DummyConnection Server connection - model.nation.inca]
May 14, 2018 12:22:11 PM net.sf.freecol.server.networking.Server sendToAll
INFO: Reap dead connection: [DummyConnection Server connection - model.nation.dutch]
May 14, 2018 12:22:11 PM net.sf.freecol.server.networking.Server sendToAll
INFO: Reap dead connection: [DummyConnection Server connection - model.nation.aztec]
May 14, 2018 12:22:11 PM net.sf.freecol.server.networking.Server sendToAll
INFO: Reap dead connection: [DummyConnection Server connection - model.nation.cherokee]
May 14, 2018 12:22:11 PM net.sf.freecol.server.networking.Server sendToAll
INFO: Reap dead connection: [DummyConnection Server connection - model.nation.tupi]
May 14, 2018 12:22:11 PM net.sf.freecol.server.networking.Server sendToAll
INFO: Reap dead connection: [DummyConnection Server connection - model.nation.arawak]
May 14, 2018 12:22:11 PM net.sf.freecol.server.networking.Server sendToAll
INFO: Reap dead connection: [DummyConnection Server connection - model.nation.french]
May 14, 2018 12:22:11 PM net.sf.freecol.server.networking.Server sendToAll
INFO: Reap dead connection: [DummyConnection Server connection - model.nation.iroquois]
May 14, 2018 12:22:11 PM net.sf.freecol.server.networking.Server sendToAll
INFO: Reap dead connection: [DummyConnection Server connection - model.nation.sioux]
May 14, 2018 12:22:11 PM net.sf.freecol.server.networking.Server sendToAll
INFO: Reap dead connection: [DummyConnection Server connection - model.nation.spanish]
May 14, 2018 12:22:11 PM net.sf.freecol.server.networking.Server sendToAll
INFO: Reap dead connection: [DummyConnection Server connection - model.nation.english]
May 14, 2018 12:22:11 PM net.sf.freecol.server.networking.Server sendToAll
INFO: Reap dead connection: [DummyConnection Server connection - model.nation.apache]
May 14, 2018 12:22:11 PM net.sf.freecol.common.model.Specification applyDifficultyLevel
INFO: Applying difficulty level model.difficulty.medium
May 14, 2018 12:22:11 PM net.sf.freecol.common.FreeColSeed getFreeColSeed
INFO: Using seed: -1416032894688081761
May 14, 2018 12:22:11 PM net.sf.freecol.server.networking.Server sendToAll
INFO: Reap dead connection: [DummyConnection Server connection - model.nation.spanish]
May 14, 2018 12:22:11 PM net.sf.freecol.server.networking.Server sendToAll
INFO: Reap dead connection: [DummyConnection Server connection - model.nation.aztec]
May 14, 2018 12:22:11 PM net.sf.freecol.server.networking.Server sendToAll
INFO: Reap dead connection: [DummyConnection Server connection - model.nation.english]
May 14, 2018 12:22:11 PM net.sf.freecol.server.networking.Server sendToAll
INFO: Reap dead connection: [DummyConnection Server connection - model.nation.tupi]
May 14, 2018 12:22:11 PM net.sf.freecol.server.networking.Server sendToAll
INFO: Reap dead connection: [DummyConnection Server connection - model.nation.arawak]
May 14, 2018 12:22:11 PM net.sf.freecol.server.networking.Server sendToAll
INFO: Reap dead connection: [DummyConnection Server connection - model.nation.sioux]
May 14, 2018 12:22:11 PM net.sf.freecol.server.networking.Server sendToAll
INFO: Reap dead connection: [DummyConnection Server connection - model.nation.cherokee]
May 14, 2018 12:22:11 PM net.sf.freecol.server.networking.Server sendToAll
INFO: Reap dead connection: [DummyConnection Server connection - model.nation.french]
May 14, 2018 12:22:11 PM net.sf.freecol.server.networking.Server sendToAll
INFO: Reap dead connection: [DummyConnection Server connection - model.nation.apache]
May 14, 2018 12:22:11 PM net.sf.freecol.server.networking.Server sendToAll
INFO: Reap dead connection: [DummyConnection Server connection - model.nation.iroquois]
May 14, 2018 12:22:11 PM net.sf.freecol.server.networking.Server sendToAll
INFO: Reap dead connection: [DummyConnection Server connection - model.nation.dutch]
May 14, 2018 12:22:11 PM net.sf.freecol.server.networking.Server sendToAll
INFO: Reap dead connection: [DummyConnection Server connection - model.nation.inca]
May 14, 2018 12:22:11 PM net.sf.freecol.common.model.Specification applyDifficultyLevel
INFO: Applying difficulty level model.difficulty.medium
May 14, 2018 12:22:11 PM net.sf.freecol.common.FreeColSeed getFreeColSeed
INFO: Using seed: 120428068101449307
May 14, 2018 12:22:11 PM net.sf.freecol.server.networking.Server sendToAll
INFO: Reap dead connection: [DummyConnection Server connection - model.nation.aztec]
May 14, 2018 12:22:11 PM net.sf.freecol.server.networking.Server sendToAll
INFO: Reap dead connection: [DummyConnection Server connection - model.nation.spanish]
May 14, 2018 12:22:11 PM net.sf.freecol.server.networking.Server sendToAll
INFO: Reap dead connection: [DummyConnection Server connection - model.nation.dutch]
May 14, 2018 12:22:11 PM net.sf.freecol.server.networking.Server sendToAll
INFO: Reap dead connection: [DummyConnection Server connection - model.nation.inca]
May 14, 2018 12:22:11 PM net.sf.freecol.server.networking.Server sendToAll
INFO: Reap dead connection: [DummyConnection Server connection - model.nation.tupi]
May 14, 2018 12:22:11 PM net.sf.freecol.server.networking.Server sendToAll
INFO: Reap dead connection: [DummyConnection Server connection - model.nation.french]
May 14, 2018 12:22:11 PM net.sf.freecol.server.networking.Server sendToAll
INFO: Reap dead connection: [DummyConnection Server connection - model.nation.iroquois]
May 14, 2018 12:22:11 PM net.sf.freecol.server.networking.Server sendToAll
INFO: Reap dead connection: [DummyConnection Server connection - model.nation.apache]
May 14, 2018 12:22:11 PM net.sf.freecol.server.networking.Server sendToAll
INFO: Reap dead connection: [DummyConnection Server connection - model.nation.sioux]
May 14, 2018 12:22:11 PM net.sf.freecol.server.networking.Server sendToAll
INFO: Reap dead connection: [DummyConnection Server connection - model.nation.english]
May 14, 2018 12:22:11 PM net.sf.freecol.server.networking.Server sendToAll
INFO: Reap dead connection: [DummyConnection Server connection - model.nation.arawak]
May 14, 2018 12:22:11 PM net.sf.freecol.server.networking.Server sendToAll
INFO: Reap dead connection: [DummyConnection Server connection - model.nation.cherokee]
May 14, 2018 12:22:11 PM net.sf.freecol.common.model.Specification applyDifficultyLevel
INFO: Applying difficulty level model.difficulty.medium
May 14, 2018 12:22:11 PM net.sf.freecol.common.FreeColSeed getFreeColSeed
INFO: Using seed: 1071816728685056942
May 14, 2018 12:22:12 PM net.sf.freecol.server.networking.Server sendToAll
INFO: Reap dead connection: [DummyConnection Server connection - model.nation.iroquois]
May 14, 2018 12:22:12 PM net.sf.freecol.server.networking.Server sendToAll
INFO: Reap dead connection: [DummyConnection Server connection - model.nation.dutch]
May 14, 2018 12:22:12 PM net.sf.freecol.server.networking.Server sendToAll
INFO: Reap dead connection: [DummyConnection Server connection - model.nation.tupi]
May 14, 2018 12:22:12 PM net.sf.freecol.server.networking.Server sendToAll
INFO: Reap dead connection: [DummyConnection Server connection - model.nation.english]
May 14, 2018 12:22:12 PM net.sf.freecol.server.networking.Server sendToAll
INFO: Reap dead connection: [DummyConnection Server connection - model.nation.arawak]
May 14, 2018 12:22:12 PM net.sf.freecol.server.networking.Server sendToAll
INFO: Reap dead connection: [DummyConnection Server connection - model.nation.apache]
May 14, 2018 12:22:12 PM net.sf.freecol.server.networking.Server sendToAll
INFO: Reap dead connection: [DummyConnection Server connection - model.nation.inca]
May 14, 2018 12:22:12 PM net.sf.freecol.server.networking.Server sendToAll
INFO: Reap dead connection: [DummyConnection Server connection - model.nation.cherokee]
May 14, 2018 12:22:12 PM net.sf.freecol.server.networking.Server sendToAll
INFO: Reap dead connection: [DummyConnection Server connection - model.nation.aztec]
May 14, 2018 12:22:12 PM net.sf.freecol.server.networking.Server sendToAll
INFO: Reap dead connection: [DummyConnection Server connection - model.nation.french]
May 14, 2018 12:22:12 PM net.sf.freecol.server.networking.Server sendToAll
INFO: Reap dead connection: [DummyConnection Server connection - model.nation.spanish]
May 14, 2018 12:22:12 PM net.sf.freecol.server.networking.Server sendToAll
INFO: Reap dead connection: [DummyConnection Server connection - model.nation.sioux]
May 14, 2018 12:22:12 PM net.sf.freecol.common.model.Specification applyDifficultyLevel
INFO: Applying difficulty level model.difficulty.medium
May 14, 2018 12:22:12 PM net.sf.freecol.common.FreeColSeed getFreeColSeed
INFO: Using seed: -2137999258928790680
May 14, 2018 12:22:12 PM net.sf.freecol.server.networking.Server sendToAll
INFO: Reap dead connection: [DummyConnection Server connection - model.nation.inca]
May 14, 2018 12:22:12 PM net.sf.freecol.server.networking.Server sendToAll
INFO: Reap dead connection: [DummyConnection Server connection - model.nation.french]
May 14, 2018 12:22:12 PM net.sf.freecol.server.networking.Server sendToAll
INFO: Reap dead connection: [DummyConnection Server connection - model.nation.english]
May 14, 2018 12:22:12 PM net.sf.freecol.server.networking.Server sendToAll
INFO: Reap dead connection: [DummyConnection Server connection - model.nation.apache]
May 14, 2018 12:22:12 PM net.sf.freecol.server.networking.Server sendToAll
INFO: Reap dead connection: [DummyConnection Server connection - model.nation.cherokee]
May 14, 2018 12:22:12 PM net.sf.freecol.server.networking.Server sendToAll
INFO: Reap dead connection: [DummyConnection Server connection - model.nation.dutch]
May 14, 2018 12:22:12 PM net.sf.freecol.server.networking.Server sendToAll
INFO: Reap dead connection: [DummyConnection Server connection - model.nation.iroquois]
May 14, 2018 12:22:12 PM net.sf.freecol.server.networking.Server sendToAll
INFO: Reap dead connection: [DummyConnection Server connection - model.nation.arawak]
May 14, 2018 12:22:12 PM net.sf.freecol.server.networking.Server sendToAll
INFO: Reap dead connection: [DummyConnection Server connection - model.nation.sioux]
May 14, 2018 12:22:12 PM net.sf.freecol.server.networking.Server sendToAll
INFO: Reap dead connection: [DummyConnection Server connection - model.nation.aztec]
May 14, 2018 12:22:12 PM net.sf.freecol.server.networking.Server sendToAll
INFO: Reap dead connection: [DummyConnection Server connection - model.nation.spanish]
May 14, 2018 12:22:12 PM net.sf.freecol.server.networking.Server sendToAll
INFO: Reap dead connection: [DummyConnection Server connection - model.nation.tupi]
May 14, 2018 12:22:12 PM net.sf.freecol.common.model.Specification applyDifficultyLevel
INFO: Applying difficulty level model.difficulty.medium
May 14, 2018 12:22:12 PM net.sf.freecol.common.FreeColSeed getFreeColSeed
INFO: Using seed: 8622775590089068542
May 14, 2018 12:22:12 PM net.sf.freecol.server.networking.Server sendToAll
INFO: Reap dead connection: [DummyConnection Server connection - model.nation.cherokee]
May 14, 2018 12:22:12 PM net.sf.freecol.server.networking.Server sendToAll
INFO: Reap dead connection: [DummyConnection Server connection - model.nation.dutch]
May 14, 2018 12:22:12 PM net.sf.freecol.server.networking.Server sendToAll
INFO: Reap dead connection: [DummyConnection Server connection - model.nation.inca]
May 14, 2018 12:22:12 PM net.sf.freecol.server.networking.Server sendToAll
INFO: Reap dead connection: [DummyConnection Server connection - model.nation.iroquois]
May 14, 2018 12:22:12 PM net.sf.freecol.server.networking.Server sendToAll
INFO: Reap dead connection: [DummyConnection Server connection - model.nation.tupi]
May 14, 2018 12:22:12 PM net.sf.freecol.server.networking.Server sendToAll
INFO: Reap dead connection: [DummyConnection Server connection - model.nation.spanish]
May 14, 2018 12:22:12 PM net.sf.freecol.server.networking.Server sendToAll
INFO: Reap dead connection: [DummyConnection Server connection - model.nation.arawak]
May 14, 2018 12:22:12 PM net.sf.freecol.server.networking.Server sendToAll
INFO: Reap dead connection: [DummyConnection Server connection - model.nation.apache]
May 14, 2018 12:22:12 PM net.sf.freecol.server.networking.Server sendToAll
INFO: Reap dead connection: [DummyConnection Server connection - model.nation.aztec]
May 14, 2018 12:22:12 PM net.sf.freecol.server.networking.Server sendToAll
INFO: Reap dead connection: [DummyConnection Server connection - model.nation.english]
May 14, 2018 12:22:12 PM net.sf.freecol.server.networking.Server sendToAll
INFO: Reap dead connection: [DummyConnection Server connection - model.nation.sioux]
May 14, 2018 12:22:12 PM net.sf.freecol.server.networking.Server sendToAll
INFO: Reap dead connection: [DummyConnection Server connection - model.nation.french]
May 14, 2018 12:22:12 PM net.sf.freecol.common.model.Specification applyDifficultyLevel
INFO: Applying difficulty level model.difficulty.medium
May 14, 2018 12:22:12 PM net.sf.freecol.common.FreeColSeed getFreeColSeed
INFO: Using seed: 6958495811945806498
May 14, 2018 12:22:12 PM net.sf.freecol.server.networking.Server sendToAll
INFO: Reap dead connection: [DummyConnection Server connection - model.nation.arawak]
May 14, 2018 12:22:12 PM net.sf.freecol.server.networking.Server sendToAll
INFO: Reap dead connection: [DummyConnection Server connection - model.nation.aztec]
May 14, 2018 12:22:12 PM net.sf.freecol.server.networking.Server sendToAll
INFO: Reap dead connection: [DummyConnection Server connection - model.nation.french]
May 14, 2018 12:22:12 PM net.sf.freecol.server.networking.Server sendToAll
INFO: Reap dead connection: [DummyConnection Server connection - model.nation.iroquois]
May 14, 2018 12:22:12 PM net.sf.freecol.server.networking.Server sendToAll
INFO: Reap dead connection: [DummyConnection Server connection - model.nation.inca]
May 14, 2018 12:22:12 PM net.sf.freecol.server.networking.Server sendToAll
INFO: Reap dead connection: [DummyConnection Server connection - model.nation.cherokee]
May 14, 2018 12:22:12 PM net.sf.freecol.server.networking.Server sendToAll
INFO: Reap dead connection: [DummyConnection Server connection - model.nation.spanish]
May 14, 2018 12:22:12 PM net.sf.freecol.server.networking.Server sendToAll
INFO: Reap dead connection: [DummyConnection Server connection - model.nation.dutch]
May 14, 2018 12:22:12 PM net.sf.freecol.server.networking.Server sendToAll
INFO: Reap dead connection: [DummyConnection Server connection - model.nation.english]
May 14, 2018 12:22:12 PM net.sf.freecol.server.networking.Server sendToAll
INFO: Reap dead connection: [DummyConnection Server connection - model.nation.apache]
May 14, 2018 12:22:12 PM net.sf.freecol.server.networking.Server sendToAll
INFO: Reap dead connection: [DummyConnection Server connection - model.nation.tupi]
May 14, 2018 12:22:12 PM net.sf.freecol.server.networking.Server sendToAll
INFO: Reap dead connection: [DummyConnection Server connection - model.nation.sioux]
May 14, 2018 12:22:12 PM net.sf.freecol.common.model.Specification applyDifficultyLevel
INFO: Applying difficulty level model.difficulty.medium
May 14, 2018 12:22:12 PM net.sf.freecol.common.FreeColSeed getFreeColSeed
INFO: Using seed: -5104885922492195987
May 14, 2018 12:22:12 PM net.sf.freecol.server.networking.Server sendToAll
INFO: Reap dead connection: [DummyConnection Server connection - model.nation.tupi]
May 14, 2018 12:22:12 PM net.sf.freecol.server.networking.Server sendToAll
INFO: Reap dead connection: [DummyConnection Server connection - model.nation.french]
May 14, 2018 12:22:12 PM net.sf.freecol.server.networking.Server sendToAll
INFO: Reap dead connection: [DummyConnection Server connection - model.nation.cherokee]
May 14, 2018 12:22:12 PM net.sf.freecol.server.networking.Server sendToAll
INFO: Reap dead connection: [DummyConnection Server connection - model.nation.sioux]
May 14, 2018 12:22:12 PM net.sf.freecol.server.networking.Server sendToAll
INFO: Reap dead connection: [DummyConnection Server connection - model.nation.spanish]
May 14, 2018 12:22:12 PM net.sf.freecol.server.networking.Server sendToAll
INFO: Reap dead connection: [DummyConnection Server connection - model.nation.arawak]
May 14, 2018 12:22:12 PM net.sf.freecol.server.networking.Server sendToAll
INFO: Reap dead connection: [DummyConnection Server connection - model.nation.inca]
May 14, 2018 12:22:12 PM net.sf.freecol.server.networking.Server sendToAll
INFO: Reap dead connection: [DummyConnection Server connection - model.nation.apache]
May 14, 2018 12:22:12 PM net.sf.freecol.server.networking.Server sendToAll
INFO: Reap dead connection: [DummyConnection Server connection - model.nation.english]
May 14, 2018 12:22:12 PM net.sf.freecol.server.networking.Server sendToAll
INFO: Reap dead connection: [DummyConnection Server connection - model.nation.iroquois]
May 14, 2018 12:22:12 PM net.sf.freecol.server.networking.Server sendToAll
INFO: Reap dead connection: [DummyConnection Server connection - model.nation.aztec]
May 14, 2018 12:22:12 PM net.sf.freecol.server.networking.Server sendToAll
INFO: Reap dead connection: [DummyConnection Server connection - model.nation.dutch]
May 14, 2018 12:22:12 PM net.sf.freecol.common.model.Specification applyDifficultyLevel
INFO: Applying difficulty level model.difficulty.medium
May 14, 2018 12:22:12 PM net.sf.freecol.common.FreeColSeed getFreeColSeed
INFO: Using seed: -7650380884698357746
May 14, 2018 12:22:12 PM net.sf.freecol.server.networking.Server sendToAll
INFO: Reap dead connection: [DummyConnection Server connection - model.nation.french]
May 14, 2018 12:22:12 PM net.sf.freecol.server.networking.Server sendToAll
INFO: Reap dead connection: [DummyConnection Server connection - model.nation.apache]
May 14, 2018 12:22:12 PM net.sf.freecol.server.networking.Server sendToAll
INFO: Reap dead connection: [DummyConnection Server connection - model.nation.sioux]
May 14, 2018 12:22:12 PM net.sf.freecol.server.networking.Server sendToAll
INFO: Reap dead connection: [DummyConnection Server connection - model.nation.spanish]
May 14, 2018 12:22:12 PM net.sf.freecol.server.networking.Server sendToAll
INFO: Reap dead connection: [DummyConnection Server connection - model.nation.tupi]
May 14, 2018 12:22:12 PM net.sf.freecol.server.networking.Server sendToAll
INFO: Reap dead connection: [DummyConnection Server connection - model.nation.dutch]
May 14, 2018 12:22:12 PM net.sf.freecol.server.networking.Server sendToAll
INFO: Reap dead connection: [DummyConnection Server connection - model.nation.inca]
May 14, 2018 12:22:12 PM net.sf.freecol.server.networking.Server sendToAll
INFO: Reap dead connection: [DummyConnection Server connection - model.nation.arawak]
May 14, 2018 12:22:12 PM net.sf.freecol.server.networking.Server sendToAll
INFO: Reap dead connection: [DummyConnection Server connection - model.nation.iroquois]
May 14, 2018 12:22:12 PM net.sf.freecol.server.networking.Server sendToAll
INFO: Reap dead connection: [DummyConnection Server connection - model.nation.cherokee]
May 14, 2018 12:22:12 PM net.sf.freecol.server.networking.Server sendToAll
INFO: Reap dead connection: [DummyConnection Server connection - model.nation.english]
May 14, 2018 12:22:12 PM net.sf.freecol.server.networking.Server sendToAll
INFO: Reap dead connection: [DummyConnection Server connection - model.nation.aztec]
May 14, 2018 12:22:12 PM net.sf.freecol.common.model.Specification applyDifficultyLevel
INFO: Applying difficulty level model.difficulty.medium
May 14, 2018 12:22:12 PM net.sf.freecol.common.FreeColSeed getFreeColSeed
INFO: Using seed: -7938366967630015906
May 14, 2018 12:22:12 PM net.sf.freecol.server.networking.Server sendToAll
INFO: Reap dead connection: [DummyConnection Server connection - model.nation.arawak]
May 14, 2018 12:22:12 PM net.sf.freecol.server.networking.Server sendToAll
INFO: Reap dead connection: [DummyConnection Server connection - model.nation.english]
May 14, 2018 12:22:12 PM net.sf.freecol.server.networking.Server sendToAll
INFO: Reap dead connection: [DummyConnection Server connection - model.nation.tupi]
May 14, 2018 12:22:12 PM net.sf.freecol.server.networking.Server sendToAll
INFO: Reap dead connection: [DummyConnection Server connection - model.nation.inca]
May 14, 2018 12:22:12 PM net.sf.freecol.server.networking.Server sendToAll
INFO: Reap dead connection: [DummyConnection Server connection - model.nation.apache]
May 14, 2018 12:22:12 PM net.sf.freecol.server.networking.Server sendToAll
INFO: Reap dead connection: [DummyConnection Server connection - model.nation.aztec]
May 14, 2018 12:22:12 PM net.sf.freecol.server.networking.Server sendToAll
INFO: Reap dead connection: [DummyConnection Server connection - model.nation.spanish]
May 14, 2018 12:22:12 PM net.sf.freecol.server.networking.Server sendToAll
INFO: Reap dead connection: [DummyConnection Server connection - model.nation.iroquois]
May 14, 2018 12:22:12 PM net.sf.freecol.server.networking.Server sendToAll
INFO: Reap dead connection: [DummyConnection Server connection - model.nation.dutch]
May 14, 2018 12:22:12 PM net.sf.freecol.server.networking.Server sendToAll
INFO: Reap dead connection: [DummyConnection Server connection - model.nation.cherokee]
May 14, 2018 12:22:12 PM net.sf.freecol.server.networking.Server sendToAll
INFO: Reap dead connection: [DummyConnection Server connection - model.nation.sioux]
May 14, 2018 12:22:12 PM net.sf.freecol.server.networking.Server sendToAll
INFO: Reap dead connection: [DummyConnection Server connection - model.nation.french]
May 14, 2018 12:22:12 PM net.sf.freecol.common.model.Specification applyDifficultyLevel
INFO: Applying difficulty level model.difficulty.medium
May 14, 2018 12:22:12 PM net.sf.freecol.common.FreeColSeed getFreeColSeed
INFO: Using seed: -885964655756092295
May 14, 2018 12:22:12 PM net.sf.freecol.server.networking.Server sendToAll
INFO: Reap dead connection: [DummyConnection Server connection - model.nation.aztec]
May 14, 2018 12:22:12 PM net.sf.freecol.server.networking.Server sendToAll
INFO: Reap dead connection: [DummyConnection Server connection - model.nation.sioux]
May 14, 2018 12:22:12 PM net.sf.freecol.server.networking.Server sendToAll
INFO: Reap dead connection: [DummyConnection Server connection - model.nation.dutch]
May 14, 2018 12:22:12 PM net.sf.freecol.server.networking.Server sendToAll
INFO: Reap dead connection: [DummyConnection Server connection - model.nation.tupi]
May 14, 2018 12:22:12 PM net.sf.freecol.server.networking.Server sendToAll
INFO: Reap dead connection: [DummyConnection Server connection - model.nation.cherokee]
May 14, 2018 12:22:12 PM net.sf.freecol.server.networking.Server sendToAll
INFO: Reap dead connection: [DummyConnection Server connection - model.nation.inca]
May 14, 2018 12:22:12 PM net.sf.freecol.server.networking.Server sendToAll
INFO: Reap dead connection: [DummyConnection Server connection - model.nation.iroquois]
May 14, 2018 12:22:12 PM net.sf.freecol.server.networking.Server sendToAll
INFO: Reap dead connection: [DummyConnection Server connection - model.nation.french]
May 14, 2018 12:22:12 PM net.sf.freecol.server.networking.Server sendToAll
INFO: Reap dead connection: [DummyConnection Server connection - model.nation.spanish]
May 14, 2018 12:22:12 PM net.sf.freecol.server.networking.Server sendToAll
INFO: Reap dead connection: [DummyConnection Server connection - model.nation.english]
May 14, 2018 12:22:12 PM net.sf.freecol.server.networking.Server sendToAll
INFO: Reap dead connection: [DummyConnection Server connection - model.nation.apache]
May 14, 2018 12:22:12 PM net.sf.freecol.server.networking.Server sendToAll
INFO: Reap dead connection: [DummyConnection Server connection - model.nation.arawak]
May 14, 2018 12:22:12 PM net.sf.freecol.common.model.Specification applyDifficultyLevel
INFO: Applying difficulty level model.difficulty.medium
May 14, 2018 12:22:12 PM net.sf.freecol.common.FreeColSeed getFreeColSeed
INFO: Using seed: 7499952278974861848
May 14, 2018 12:22:12 PM net.sf.freecol.server.networking.Server sendToAll
INFO: Reap dead connection: [DummyConnection Server connection - model.nation.tupi]
May 14, 2018 12:22:12 PM net.sf.freecol.server.networking.Server sendToAll
INFO: Reap dead connection: [DummyConnection Server connection - model.nation.sioux]
May 14, 2018 12:22:12 PM net.sf.freecol.server.networking.Server sendToAll
INFO: Reap dead connection: [DummyConnection Server connection - model.nation.arawak]
May 14, 2018 12:22:12 PM net.sf.freecol.server.networking.Server sendToAll
INFO: Reap dead connection: [DummyConnection Server connection - model.nation.dutch]
May 14, 2018 12:22:12 PM net.sf.freecol.server.networking.Server sendToAll
INFO: Reap dead connection: [DummyConnection Server connection - model.nation.iroquois]
May 14, 2018 12:22:12 PM net.sf.freecol.server.networking.Server sendToAll
INFO: Reap dead connection: [DummyConnection Server connection - model.nation.spanish]
May 14, 2018 12:22:12 PM net.sf.freecol.server.networking.Server sendToAll
INFO: Reap dead connection: [DummyConnection Server connection - model.nation.cherokee]
May 14, 2018 12:22:12 PM net.sf.freecol.server.networking.Server sendToAll
INFO: Reap dead connection: [DummyConnection Server connection - model.nation.aztec]
May 14, 2018 12:22:12 PM net.sf.freecol.server.networking.Server sendToAll
INFO: Reap dead connection: [DummyConnection Server connection - model.nation.french]
May 14, 2018 12:22:12 PM net.sf.freecol.server.networking.Server sendToAll
INFO: Reap dead connection: [DummyConnection Server connection - model.nation.english]
May 14, 2018 12:22:12 PM net.sf.freecol.server.networking.Server sendToAll
INFO: Reap dead connection: [DummyConnection Server connection - model.nation.apache]
May 14, 2018 12:22:12 PM net.sf.freecol.server.networking.Server sendToAll
INFO: Reap dead connection: [DummyConnection Server connection - model.nation.inca]
May 14, 2018 12:22:12 PM net.sf.freecol.common.model.Specification applyDifficultyLevel
INFO: Applying difficulty level model.difficulty.medium
May 14, 2018 12:22:12 PM net.sf.freecol.common.FreeColSeed getFreeColSeed
INFO: Using seed: 6488487947810670551
May 14, 2018 12:22:12 PM net.sf.freecol.server.networking.Server sendToAll
INFO: Reap dead connection: [DummyConnection Server connection - model.nation.sioux]
May 14, 2018 12:22:12 PM net.sf.freecol.server.networking.Server sendToAll
INFO: Reap dead connection: [DummyConnection Server connection - model.nation.apache]
May 14, 2018 12:22:12 PM net.sf.freecol.server.networking.Server sendToAll
INFO: Reap dead connection: [DummyConnection Server connection - model.nation.tupi]
May 14, 2018 12:22:12 PM net.sf.freecol.server.networking.Server sendToAll
INFO: Reap dead connection: [DummyConnection Server connection - model.nation.iroquois]
May 14, 2018 12:22:12 PM net.sf.freecol.server.networking.Server sendToAll
INFO: Reap dead connection: [DummyConnection Server connection - model.nation.dutch]
May 14, 2018 12:22:12 PM net.sf.freecol.server.networking.Server sendToAll
INFO: Reap dead connection: [DummyConnection Server connection - model.nation.french]
May 14, 2018 12:22:12 PM net.sf.freecol.server.networking.Server sendToAll
INFO: Reap dead connection: [DummyConnection Server connection - model.nation.english]
May 14, 2018 12:22:12 PM net.sf.freecol.server.networking.Server sendToAll
INFO: Reap dead connection: [DummyConnection Server connection - model.nation.cherokee]
May 14, 2018 12:22:12 PM net.sf.freecol.server.networking.Server sendToAll
INFO: Reap dead connection: [DummyConnection Server connection - model.nation.arawak]
May 14, 2018 12:22:12 PM net.sf.freecol.server.networking.Server sendToAll
INFO: Reap dead connection: [DummyConnection Server connection - model.nation.aztec]
May 14, 2018 12:22:12 PM net.sf.freecol.server.networking.Server sendToAll
INFO: Reap dead connection: [DummyConnection Server connection - model.nation.spanish]
May 14, 2018 12:22:12 PM net.sf.freecol.server.networking.Server sendToAll
INFO: Reap dead connection: [DummyConnection Server connection - model.nation.inca]
May 14, 2018 12:22:12 PM net.sf.freecol.common.model.Specification applyDifficultyLevel
INFO: Applying difficulty level model.difficulty.medium
May 14, 2018 12:22:12 PM net.sf.freecol.common.FreeColSeed getFreeColSeed
INFO: Using seed: 4597291350894140067
May 14, 2018 12:22:12 PM net.sf.freecol.server.networking.Server sendToAll
INFO: Reap dead connection: [DummyConnection Server connection - model.nation.inca]
May 14, 2018 12:22:12 PM net.sf.freecol.server.networking.Server sendToAll
INFO: Reap dead connection: [DummyConnection Server connection - model.nation.aztec]
May 14, 2018 12:22:12 PM net.sf.freecol.server.networking.Server sendToAll
INFO: Reap dead connection: [DummyConnection Server connection - model.nation.arawak]
May 14, 2018 12:22:12 PM net.sf.freecol.server.networking.Server sendToAll
INFO: Reap dead connection: [DummyConnection Server connection - model.nation.english]
May 14, 2018 12:22:12 PM net.sf.freecol.server.networking.Server sendToAll
INFO: Reap dead connection: [DummyConnection Server connection - model.nation.spanish]
May 14, 2018 12:22:12 PM net.sf.freecol.server.networking.Server sendToAll
INFO: Reap dead connection: [DummyConnection Server connection - model.nation.dutch]
May 14, 2018 12:22:12 PM net.sf.freecol.server.networking.Server sendToAll
INFO: Reap dead connection: [DummyConnection Server connection - model.nation.cherokee]
May 14, 2018 12:22:12 PM net.sf.freecol.server.networking.Server sendToAll
INFO: Reap dead connection: [DummyConnection Server connection - model.nation.tupi]
May 14, 2018 12:22:12 PM net.sf.freecol.server.networking.Server sendToAll
INFO: Reap dead connection: [DummyConnection Server connection - model.nation.french]
May 14, 2018 12:22:12 PM net.sf.freecol.server.networking.Server sendToAll
INFO: Reap dead connection: [DummyConnection Server connection - model.nation.sioux]
May 14, 2018 12:22:12 PM net.sf.freecol.server.networking.Server sendToAll
INFO: Reap dead connection: [DummyConnection Server connection - model.nation.apache]
May 14, 2018 12:22:12 PM net.sf.freecol.server.networking.Server sendToAll
INFO: Reap dead connection: [DummyConnection Server connection - model.nation.iroquois]
May 14, 2018 12:22:12 PM net.sf.freecol.common.model.Specification applyDifficultyLevel
INFO: Applying difficulty level model.difficulty.medium
May 14, 2018 12:22:12 PM net.sf.freecol.common.FreeColSeed getFreeColSeed
INFO: Using seed: -6455346035755919303
May 14, 2018 12:22:12 PM net.sf.freecol.server.networking.Server sendToAll
INFO: Reap dead connection: [DummyConnection Server connection - model.nation.sioux]
May 14, 2018 12:22:12 PM net.sf.freecol.server.networking.Server sendToAll
INFO: Reap dead connection: [DummyConnection Server connection - model.nation.tupi]
May 14, 2018 12:22:12 PM net.sf.freecol.server.networking.Server sendToAll
INFO: Reap dead connection: [DummyConnection Server connection - model.nation.arawak]
May 14, 2018 12:22:12 PM net.sf.freecol.server.networking.Server sendToAll
INFO: Reap dead connection: [DummyConnection Server connection - model.nation.dutch]
May 14, 2018 12:22:12 PM net.sf.freecol.server.networking.Server sendToAll
INFO: Reap dead connection: [DummyConnection Server connection - model.nation.inca]
May 14, 2018 12:22:12 PM net.sf.freecol.server.networking.Server sendToAll
INFO: Reap dead connection: [DummyConnection Server connection - model.nation.spanish]
May 14, 2018 12:22:12 PM net.sf.freecol.server.networking.Server sendToAll
INFO: Reap dead connection: [DummyConnection Server connection - model.nation.aztec]
May 14, 2018 12:22:12 PM net.sf.freecol.server.networking.Server sendToAll
INFO: Reap dead connection: [DummyConnection Server connection - model.nation.english]
May 14, 2018 12:22:12 PM net.sf.freecol.server.networking.Server sendToAll
INFO: Reap dead connection: [DummyConnection Server connection - model.nation.iroquois]
May 14, 2018 12:22:12 PM net.sf.freecol.server.networking.Server sendToAll
INFO: Reap dead connection: [DummyConnection Server connection - model.nation.french]
May 14, 2018 12:22:12 PM net.sf.freecol.server.networking.Server sendToAll
INFO: Reap dead connection: [DummyConnection Server connection - model.nation.cherokee]
May 14, 2018 12:22:12 PM net.sf.freecol.server.networking.Server sendToAll
INFO: Reap dead connection: [DummyConnection Server connection - model.nation.apache]
May 14, 2018 12:22:12 PM net.sf.freecol.common.model.Specification applyDifficultyLevel
INFO: Applying difficulty level model.difficulty.medium
May 14, 2018 12:22:12 PM net.sf.freecol.common.FreeColSeed getFreeColSeed
INFO: Using seed: -6463194254172393184
May 14, 2018 12:22:12 PM net.sf.freecol.server.networking.Server sendToAll
INFO: Reap dead connection: [DummyConnection Server connection - model.nation.dutch]
May 14, 2018 12:22:12 PM net.sf.freecol.server.networking.Server sendToAll
INFO: Reap dead connection: [DummyConnection Server connection - model.nation.english]
May 14, 2018 12:22:12 PM net.sf.freecol.server.networking.Server sendToAll
INFO: Reap dead connection: [DummyConnection Server connection - model.nation.apache]
May 14, 2018 12:22:12 PM net.sf.freecol.server.networking.Server sendToAll
INFO: Reap dead connection: [DummyConnection Server connection - model.nation.aztec]
May 14, 2018 12:22:12 PM net.sf.freecol.server.networking.Server sendToAll
INFO: Reap dead connection: [DummyConnection Server connection - model.nation.spanish]
May 14, 2018 12:22:12 PM net.sf.freecol.server.networking.Server sendToAll
INFO: Reap dead connection: [DummyConnection Server connection - model.nation.iroquois]
May 14, 2018 12:22:12 PM net.sf.freecol.server.networking.Server sendToAll
INFO: Reap dead connection: [DummyConnection Server connection - model.nation.sioux]
May 14, 2018 12:22:12 PM net.sf.freecol.server.networking.Server sendToAll
INFO: Reap dead connection: [DummyConnection Server connection - model.nation.arawak]
May 14, 2018 12:22:12 PM net.sf.freecol.server.networking.Server sendToAll
INFO: Reap dead connection: [DummyConnection Server connection - model.nation.french]
May 14, 2018 12:22:12 PM net.sf.freecol.server.networking.Server sendToAll
INFO: Reap dead connection: [DummyConnection Server connection - model.nation.cherokee]
May 14, 2018 12:22:12 PM net.sf.freecol.server.networking.Server sendToAll
INFO: Reap dead connection: [DummyConnection Server connection - model.nation.tupi]
May 14, 2018 12:22:12 PM net.sf.freecol.server.networking.Server sendToAll
INFO: Reap dead connection: [DummyConnection Server connection - model.nation.inca]
May 14, 2018 12:22:12 PM net.sf.freecol.common.model.Specification applyDifficultyLevel
INFO: Applying difficulty level model.difficulty.medium
May 14, 2018 12:22:12 PM net.sf.freecol.common.FreeColSeed getFreeColSeed
INFO: Using seed: 6113247053308221840
May 14, 2018 12:22:12 PM net.sf.freecol.server.networking.Server sendToAll
INFO: Reap dead connection: [DummyConnection Server connection - model.nation.english]
May 14, 2018 12:22:12 PM net.sf.freecol.server.networking.Server sendToAll
INFO: Reap dead connection: [DummyConnection Server connection - model.nation.aztec]
May 14, 2018 12:22:12 PM net.sf.freecol.server.networking.Server sendToAll
INFO: Reap dead connection: [DummyConnection Server connection - model.nation.dutch]
May 14, 2018 12:22:12 PM net.sf.freecol.server.networking.Server sendToAll
INFO: Reap dead connection: [DummyConnection Server connection - model.nation.tupi]
May 14, 2018 12:22:12 PM net.sf.freecol.server.networking.Server sendToAll
INFO: Reap dead connection: [DummyConnection Server connection - model.nation.spanish]
May 14, 2018 12:22:12 PM net.sf.freecol.server.networking.Server sendToAll
INFO: Reap dead connection: [DummyConnection Server connection - model.nation.sioux]
May 14, 2018 12:22:12 PM net.sf.freecol.server.networking.Server sendToAll
INFO: Reap dead connection: [DummyConnection Server connection - model.nation.iroquois]
May 14, 2018 12:22:12 PM net.sf.freecol.server.networking.Server sendToAll
INFO: Reap dead connection: [DummyConnection Server connection - model.nation.cherokee]
May 14, 2018 12:22:12 PM net.sf.freecol.server.networking.Server sendToAll
INFO: Reap dead connection: [DummyConnection Server connection - model.nation.inca]
May 14, 2018 12:22:12 PM net.sf.freecol.server.networking.Server sendToAll
INFO: Reap dead connection: [DummyConnection Server connection - model.nation.arawak]
May 14, 2018 12:22:12 PM net.sf.freecol.server.networking.Server sendToAll
INFO: Reap dead connection: [DummyConnection Server connection - model.nation.apache]
May 14, 2018 12:22:12 PM net.sf.freecol.server.networking.Server sendToAll
INFO: Reap dead connection: [DummyConnection Server connection - model.nation.french]
May 14, 2018 12:22:12 PM net.sf.freecol.common.model.Specification applyDifficultyLevel
INFO: Applying difficulty level model.difficulty.medium
May 14, 2018 12:22:12 PM net.sf.freecol.common.FreeColSeed getFreeColSeed
INFO: Using seed: 2328183083647244106
May 14, 2018 12:22:12 PM net.sf.freecol.server.networking.Server sendToAll
INFO: Reap dead connection: [DummyConnection Server connection - model.nation.cherokee]
May 14, 2018 12:22:12 PM net.sf.freecol.server.networking.Server sendToAll
INFO: Reap dead connection: [DummyConnection Server connection - model.nation.apache]
May 14, 2018 12:22:12 PM net.sf.freecol.server.networking.Server sendToAll
INFO: Reap dead connection: [DummyConnection Server connection - model.nation.spanish]
May 14, 2018 12:22:12 PM net.sf.freecol.server.networking.Server sendToAll
INFO: Reap dead connection: [DummyConnection Server connection - model.nation.aztec]
May 14, 2018 12:22:12 PM net.sf.freecol.server.networking.Server sendToAll
INFO: Reap dead connection: [DummyConnection Server connection - model.nation.arawak]
May 14, 2018 12:22:12 PM net.sf.freecol.server.networking.Server sendToAll
INFO: Reap dead connection: [DummyConnection Server connection - model.nation.french]
May 14, 2018 12:22:12 PM net.sf.freecol.server.networking.Server sendToAll
INFO: Reap dead connection: [DummyConnection Server connection - model.nation.dutch]
May 14, 2018 12:22:12 PM net.sf.freecol.server.networking.Server sendToAll
INFO: Reap dead connection: [DummyConnection Server connection - model.nation.iroquois]
May 14, 2018 12:22:12 PM net.sf.freecol.server.networking.Server sendToAll
INFO: Reap dead connection: [DummyConnection Server connection - model.nation.inca]
May 14, 2018 12:22:12 PM net.sf.freecol.server.networking.Server sendToAll
INFO: Reap dead connection: [DummyConnection Server connection - model.nation.english]
May 14, 2018 12:22:12 PM net.sf.freecol.server.networking.Server sendToAll
INFO: Reap dead connection: [DummyConnection Server connection - model.nation.sioux]
May 14, 2018 12:22:12 PM net.sf.freecol.server.networking.Server sendToAll
INFO: Reap dead connection: [DummyConnection Server connection - model.nation.tupi]
May 14, 2018 12:22:12 PM net.sf.freecol.common.model.Specification applyDifficultyLevel
INFO: Applying difficulty level model.difficulty.medium
May 14, 2018 12:22:12 PM net.sf.freecol.common.FreeColSeed getFreeColSeed
INFO: Using seed: -5206082335819580474
May 14, 2018 12:22:12 PM net.sf.freecol.server.networking.Server sendToAll
INFO: Reap dead connection: [DummyConnection Server connection - model.nation.apache]
May 14, 2018 12:22:12 PM net.sf.freecol.server.networking.Server sendToAll
INFO: Reap dead connection: [DummyConnection Server connection - model.nation.spanish]
May 14, 2018 12:22:12 PM net.sf.freecol.server.networking.Server sendToAll
INFO: Reap dead connection: [DummyConnection Server connection - model.nation.iroquois]
May 14, 2018 12:22:12 PM net.sf.freecol.server.networking.Server sendToAll
INFO: Reap dead connection: [DummyConnection Server connection - model.nation.tupi]
May 14, 2018 12:22:12 PM net.sf.freecol.server.networking.Server sendToAll
INFO: Reap dead connection: [DummyConnection Server connection - model.nation.inca]
May 14, 2018 12:22:12 PM net.sf.freecol.server.networking.Server sendToAll
INFO: Reap dead connection: [DummyConnection Server connection - model.nation.cherokee]
May 14, 2018 12:22:12 PM net.sf.freecol.server.networking.Server sendToAll
INFO: Reap dead connection: [DummyConnection Server connection - model.nation.arawak]
May 14, 2018 12:22:12 PM net.sf.freecol.server.networking.Server sendToAll
INFO: Reap dead connection: [DummyConnection Server connection - model.nation.english]
May 14, 2018 12:22:12 PM net.sf.freecol.server.networking.Server sendToAll
INFO: Reap dead connection: [DummyConnection Server connection - model.nation.aztec]
May 14, 2018 12:22:12 PM net.sf.freecol.server.networking.Server sendToAll
INFO: Reap dead connection: [DummyConnection Server connection - model.nation.french]
May 14, 2018 12:22:12 PM net.sf.freecol.server.networking.Server sendToAll
INFO: Reap dead connection: [DummyConnection Server connection - model.nation.dutch]
May 14, 2018 12:22:12 PM net.sf.freecol.server.networking.Server sendToAll
INFO: Reap dead connection: [DummyConnection Server connection - model.nation.sioux]
May 14, 2018 12:22:12 PM net.sf.freecol.common.model.Specification applyDifficultyLevel
INFO: Applying difficulty level model.difficulty.medium
May 14, 2018 12:22:12 PM net.sf.freecol.common.FreeColSeed getFreeColSeed
INFO: Using seed: -6160578574253282703
May 14, 2018 12:22:12 PM net.sf.freecol.server.networking.Server sendToAll
INFO: Reap dead connection: [DummyConnection Server connection - model.nation.dutch]
May 14, 2018 12:22:12 PM net.sf.freecol.server.networking.Server sendToAll
INFO: Reap dead connection: [DummyConnection Server connection - model.nation.inca]
May 14, 2018 12:22:12 PM net.sf.freecol.server.networking.Server sendToAll
INFO: Reap dead connection: [DummyConnection Server connection - model.nation.french]
May 14, 2018 12:22:12 PM net.sf.freecol.server.networking.Server sendToAll
INFO: Reap dead connection: [DummyConnection Server connection - model.nation.spanish]
May 14, 2018 12:22:12 PM net.sf.freecol.server.networking.Server sendToAll
INFO: Reap dead connection: [DummyConnection Server connection - model.nation.aztec]
May 14, 2018 12:22:12 PM net.sf.freecol.server.networking.Server sendToAll
INFO: Reap dead connection: [DummyConnection Server connection - model.nation.sioux]
May 14, 2018 12:22:12 PM net.sf.freecol.server.networking.Server sendToAll
INFO: Reap dead connection: [DummyConnection Server connection - model.nation.cherokee]
May 14, 2018 12:22:12 PM net.sf.freecol.server.networking.Server sendToAll
INFO: Reap dead connection: [DummyConnection Server connection - model.nation.english]
May 14, 2018 12:22:12 PM net.sf.freecol.server.networking.Server sendToAll
INFO: Reap dead connection: [DummyConnection Server connection - model.nation.iroquois]
May 14, 2018 12:22:12 PM net.sf.freecol.server.networking.Server sendToAll
INFO: Reap dead connection: [DummyConnection Server connection - model.nation.apache]
May 14, 2018 12:22:12 PM net.sf.freecol.server.networking.Server sendToAll
INFO: Reap dead connection: [DummyConnection Server connection - model.nation.tupi]
May 14, 2018 12:22:12 PM net.sf.freecol.server.networking.Server sendToAll
INFO: Reap dead connection: [DummyConnection Server connection - model.nation.arawak]
May 14, 2018 12:22:12 PM net.sf.freecol.common.model.Specification applyDifficultyLevel
INFO: Applying difficulty level model.difficulty.medium
May 14, 2018 12:22:12 PM net.sf.freecol.common.FreeColSeed getFreeColSeed
INFO: Using seed: -1080599615427088701
May 14, 2018 12:22:12 PM net.sf.freecol.server.networking.Server sendToAll
INFO: Reap dead connection: [DummyConnection Server connection - model.nation.sioux]
May 14, 2018 12:22:12 PM net.sf.freecol.server.networking.Server sendToAll
INFO: Reap dead connection: [DummyConnection Server connection - model.nation.spanish]
May 14, 2018 12:22:12 PM net.sf.freecol.server.networking.Server sendToAll
INFO: Reap dead connection: [DummyConnection Server connection - model.nation.iroquois]
May 14, 2018 12:22:12 PM net.sf.freecol.server.networking.Server sendToAll
INFO: Reap dead connection: [DummyConnection Server connection - model.nation.aztec]
May 14, 2018 12:22:12 PM net.sf.freecol.server.networking.Server sendToAll
INFO: Reap dead connection: [DummyConnection Server connection - model.nation.dutch]
May 14, 2018 12:22:12 PM net.sf.freecol.server.networking.Server sendToAll
INFO: Reap dead connection: [DummyConnection Server connection - model.nation.apache]
May 14, 2018 12:22:12 PM net.sf.freecol.server.networking.Server sendToAll
INFO: Reap dead connection: [DummyConnection Server connection - model.nation.tupi]
May 14, 2018 12:22:12 PM net.sf.freecol.server.networking.Server sendToAll
INFO: Reap dead connection: [DummyConnection Server connection - model.nation.french]
May 14, 2018 12:22:12 PM net.sf.freecol.server.networking.Server sendToAll
INFO: Reap dead connection: [DummyConnection Server connection - model.nation.inca]
May 14, 2018 12:22:12 PM net.sf.freecol.server.networking.Server sendToAll
INFO: Reap dead connection: [DummyConnection Server connection - model.nation.english]
May 14, 2018 12:22:12 PM net.sf.freecol.server.networking.Server sendToAll
INFO: Reap dead connection: [DummyConnection Server connection - model.nation.arawak]
May 14, 2018 12:22:12 PM net.sf.freecol.server.networking.Server sendToAll
INFO: Reap dead connection: [DummyConnection Server connection - model.nation.cherokee]
May 14, 2018 12:22:12 PM net.sf.freecol.common.model.Specification applyDifficultyLevel
INFO: Applying difficulty level model.difficulty.medium
May 14, 2018 12:22:12 PM net.sf.freecol.common.FreeColSeed getFreeColSeed
INFO: Using seed: -4615935484239624992
May 14, 2018 12:22:12 PM net.sf.freecol.server.networking.Server sendToAll
INFO: Reap dead connection: [DummyConnection Server connection - model.nation.spanish]
May 14, 2018 12:22:12 PM net.sf.freecol.server.networking.Server sendToAll
INFO: Reap dead connection: [DummyConnection Server connection - model.nation.french]
May 14, 2018 12:22:12 PM net.sf.freecol.server.networking.Server sendToAll
INFO: Reap dead connection: [DummyConnection Server connection - model.nation.iroquois]
May 14, 2018 12:22:12 PM net.sf.freecol.server.networking.Server sendToAll
INFO: Reap dead connection: [DummyConnection Server connection - model.nation.apache]
May 14, 2018 12:22:12 PM net.sf.freecol.server.networking.Server sendToAll
INFO: Reap dead connection: [DummyConnection Server connection - model.nation.aztec]
May 14, 2018 12:22:12 PM net.sf.freecol.server.networking.Server sendToAll
INFO: Reap dead connection: [DummyConnection Server connection - model.nation.sioux]
May 14, 2018 12:22:12 PM net.sf.freecol.server.networking.Server sendToAll
INFO: Reap dead connection: [DummyConnection Server connection - model.nation.dutch]
May 14, 2018 12:22:12 PM net.sf.freecol.server.networking.Server sendToAll
INFO: Reap dead connection: [DummyConnection Server connection - model.nation.english]
May 14, 2018 12:22:12 PM net.sf.freecol.server.networking.Server sendToAll
INFO: Reap dead connection: [DummyConnection Server connection - model.nation.cherokee]
May 14, 2018 12:22:12 PM net.sf.freecol.server.networking.Server sendToAll
INFO: Reap dead connection: [DummyConnection Server connection - model.nation.tupi]
May 14, 2018 12:22:12 PM net.sf.freecol.server.networking.Server sendToAll
INFO: Reap dead connection: [DummyConnection Server connection - model.nation.arawak]
May 14, 2018 12:22:12 PM net.sf.freecol.server.networking.Server sendToAll
INFO: Reap dead connection: [DummyConnection Server connection - model.nation.inca]
May 14, 2018 12:22:12 PM net.sf.freecol.common.model.Specification applyDifficultyLevel
INFO: Applying difficulty level model.difficulty.medium
May 14, 2018 12:22:12 PM net.sf.freecol.common.FreeColSeed getFreeColSeed
INFO: Using seed: -4845405294864160586
May 14, 2018 12:22:12 PM net.sf.freecol.server.networking.Server sendToAll
INFO: Reap dead connection: [DummyConnection Server connection - model.nation.spanish]
May 14, 2018 12:22:12 PM net.sf.freecol.server.networking.Server sendToAll
INFO: Reap dead connection: [DummyConnection Server connection - model.nation.sioux]
May 14, 2018 12:22:12 PM net.sf.freecol.server.networking.Server sendToAll
INFO: Reap dead connection: [DummyConnection Server connection - model.nation.apache]
May 14, 2018 12:22:12 PM net.sf.freecol.server.networking.Server sendToAll
INFO: Reap dead connection: [DummyConnection Server connection - model.nation.english]
May 14, 2018 12:22:12 PM net.sf.freecol.server.networking.Server sendToAll
INFO: Reap dead connection: [DummyConnection Server connection - model.nation.tupi]
May 14, 2018 12:22:12 PM net.sf.freecol.server.networking.Server sendToAll
INFO: Reap dead connection: [DummyConnection Server connection - model.nation.dutch]
May 14, 2018 12:22:12 PM net.sf.freecol.server.networking.Server sendToAll
INFO: Reap dead connection: [DummyConnection Server connection - model.nation.arawak]
May 14, 2018 12:22:12 PM net.sf.freecol.server.networking.Server sendToAll
INFO: Reap dead connection: [DummyConnection Server connection - model.nation.aztec]
May 14, 2018 12:22:12 PM net.sf.freecol.server.networking.Server sendToAll
INFO: Reap dead connection: [DummyConnection Server connection - model.nation.cherokee]
May 14, 2018 12:22:12 PM net.sf.freecol.server.networking.Server sendToAll
INFO: Reap dead connection: [DummyConnection Server connection - model.nation.french]
May 14, 2018 12:22:12 PM net.sf.freecol.server.networking.Server sendToAll
INFO: Reap dead connection: [DummyConnection Server connection - model.nation.inca]
May 14, 2018 12:22:12 PM net.sf.freecol.server.networking.Server sendToAll
INFO: Reap dead connection: [DummyConnection Server connection - model.nation.iroquois]
May 14, 2018 12:22:12 PM net.sf.freecol.common.model.Specification applyDifficultyLevel
INFO: Applying difficulty level model.difficulty.medium
May 14, 2018 12:22:12 PM net.sf.freecol.common.FreeColSeed getFreeColSeed
INFO: Using seed: -1357283548567690127
May 14, 2018 12:22:12 PM net.sf.freecol.server.networking.Server sendToAll
INFO: Reap dead connection: [DummyConnection Server connection - model.nation.dutch]
May 14, 2018 12:22:12 PM net.sf.freecol.server.networking.Server sendToAll
INFO: Reap dead connection: [DummyConnection Server connection - model.nation.spanish]
May 14, 2018 12:22:12 PM net.sf.freecol.server.networking.Server sendToAll
INFO: Reap dead connection: [DummyConnection Server connection - model.nation.arawak]
May 14, 2018 12:22:12 PM net.sf.freecol.server.networking.Server sendToAll
INFO: Reap dead connection: [DummyConnection Server connection - model.nation.cherokee]
May 14, 2018 12:22:12 PM net.sf.freecol.server.networking.Server sendToAll
INFO: Reap dead connection: [DummyConnection Server connection - model.nation.tupi]
May 14, 2018 12:22:12 PM net.sf.freecol.server.networking.Server sendToAll
INFO: Reap dead connection: [DummyConnection Server connection - model.nation.english]
May 14, 2018 12:22:12 PM net.sf.freecol.server.networking.Server sendToAll
INFO: Reap dead connection: [DummyConnection Server connection - model.nation.french]
May 14, 2018 12:22:12 PM net.sf.freecol.server.networking.Server sendToAll
INFO: Reap dead connection: [DummyConnection Server connection - model.nation.inca]
May 14, 2018 12:22:12 PM net.sf.freecol.server.networking.Server sendToAll
INFO: Reap dead connection: [DummyConnection Server connection - model.nation.apache]
May 14, 2018 12:22:12 PM net.sf.freecol.server.networking.Server sendToAll
INFO: Reap dead connection: [DummyConnection Server connection - model.nation.sioux]
May 14, 2018 12:22:12 PM net.sf.freecol.server.networking.Server sendToAll
INFO: Reap dead connection: [DummyConnection Server connection - model.nation.aztec]
May 14, 2018 12:22:12 PM net.sf.freecol.server.networking.Server sendToAll
INFO: Reap dead connection: [DummyConnection Server connection - model.nation.iroquois]
May 14, 2018 12:22:12 PM net.sf.freecol.common.model.Specification applyDifficultyLevel
INFO: Applying difficulty level model.difficulty.medium
May 14, 2018 12:22:12 PM net.sf.freecol.common.FreeColSeed getFreeColSeed
INFO: Using seed: 8744795517629497752
May 14, 2018 12:22:12 PM net.sf.freecol.server.networking.Server sendToAll
INFO: Reap dead connection: [DummyConnection Server connection - model.nation.english]
May 14, 2018 12:22:12 PM net.sf.freecol.server.networking.Server sendToAll
INFO: Reap dead connection: [DummyConnection Server connection - model.nation.french]
May 14, 2018 12:22:12 PM net.sf.freecol.server.networking.Server sendToAll
INFO: Reap dead connection: [DummyConnection Server connection - model.nation.arawak]
May 14, 2018 12:22:12 PM net.sf.freecol.server.networking.Server sendToAll
INFO: Reap dead connection: [DummyConnection Server connection - model.nation.apache]
May 14, 2018 12:22:12 PM net.sf.freecol.server.networking.Server sendToAll
INFO: Reap dead connection: [DummyConnection Server connection - model.nation.tupi]
May 14, 2018 12:22:12 PM net.sf.freecol.server.networking.Server sendToAll
INFO: Reap dead connection: [DummyConnection Server connection - model.nation.inca]
May 14, 2018 12:22:12 PM net.sf.freecol.server.networking.Server sendToAll
INFO: Reap dead connection: [DummyConnection Server connection - model.nation.aztec]
May 14, 2018 12:22:12 PM net.sf.freecol.server.networking.Server sendToAll
INFO: Reap dead connection: [DummyConnection Server connection - model.nation.spanish]
May 14, 2018 12:22:12 PM net.sf.freecol.server.networking.Server sendToAll
INFO: Reap dead connection: [DummyConnection Server connection - model.nation.iroquois]
May 14, 2018 12:22:12 PM net.sf.freecol.server.networking.Server sendToAll
INFO: Reap dead connection: [DummyConnection Server connection - model.nation.cherokee]
May 14, 2018 12:22:12 PM net.sf.freecol.server.networking.Server sendToAll
INFO: Reap dead connection: [DummyConnection Server connection - model.nation.dutch]
May 14, 2018 12:22:12 PM net.sf.freecol.server.networking.Server sendToAll
INFO: Reap dead connection: [DummyConnection Server connection - model.nation.sioux]
May 14, 2018 12:22:12 PM net.sf.freecol.common.model.Specification applyDifficultyLevel
INFO: Applying difficulty level model.difficulty.medium
May 14, 2018 12:22:12 PM net.sf.freecol.common.FreeColSeed getFreeColSeed
INFO: Using seed: 842088501505467517
May 14, 2018 12:22:13 PM net.sf.freecol.server.networking.Server sendToAll
INFO: Reap dead connection: [DummyConnection Server connection - model.nation.english]
May 14, 2018 12:22:13 PM net.sf.freecol.server.networking.Server sendToAll
INFO: Reap dead connection: [DummyConnection Server connection - model.nation.cherokee]
May 14, 2018 12:22:13 PM net.sf.freecol.server.networking.Server sendToAll
INFO: Reap dead connection: [DummyConnection Server connection - model.nation.spanish]
May 14, 2018 12:22:13 PM net.sf.freecol.server.networking.Server sendToAll
INFO: Reap dead connection: [DummyConnection Server connection - model.nation.arawak]
May 14, 2018 12:22:13 PM net.sf.freecol.server.networking.Server sendToAll
INFO: Reap dead connection: [DummyConnection Server connection - model.nation.tupi]
May 14, 2018 12:22:13 PM net.sf.freecol.server.networking.Server sendToAll
INFO: Reap dead connection: [DummyConnection Server connection - model.nation.aztec]
May 14, 2018 12:22:13 PM net.sf.freecol.server.networking.Server sendToAll
INFO: Reap dead connection: [DummyConnection Server connection - model.nation.french]
May 14, 2018 12:22:13 PM net.sf.freecol.server.networking.Server sendToAll
INFO: Reap dead connection: [DummyConnection Server connection - model.nation.apache]
May 14, 2018 12:22:13 PM net.sf.freecol.server.networking.Server sendToAll
INFO: Reap dead connection: [DummyConnection Server connection - model.nation.inca]
May 14, 2018 12:22:13 PM net.sf.freecol.server.networking.Server sendToAll
INFO: Reap dead connection: [DummyConnection Server connection - model.nation.sioux]
May 14, 2018 12:22:13 PM net.sf.freecol.server.networking.Server sendToAll
INFO: Reap dead connection: [DummyConnection Server connection - model.nation.iroquois]
May 14, 2018 12:22:13 PM net.sf.freecol.server.networking.Server sendToAll
INFO: Reap dead connection: [DummyConnection Server connection - model.nation.dutch]
May 14, 2018 12:22:13 PM net.sf.freecol.common.networking.DOMMessage clientError
WARNING: Naval unit unit:250 can not embark.
May 14, 2018 12:22:13 PM net.sf.freecol.common.networking.DOMMessage clientError
WARNING: Carrier: unit:248 can not carry unit:252: CAPACITY_EXCEEDED
May 14, 2018 12:22:13 PM net.sf.freecol.common.model.Specification applyDifficultyLevel
INFO: Applying difficulty level model.difficulty.medium
May 14, 2018 12:22:13 PM net.sf.freecol.common.FreeColSeed getFreeColSeed
INFO: Using seed: 728616038857853780
May 14, 2018 12:22:13 PM net.sf.freecol.server.networking.Server sendToAll
INFO: Reap dead connection: [DummyConnection Server connection - model.nation.english]
May 14, 2018 12:22:13 PM net.sf.freecol.server.networking.Server sendToAll
INFO: Reap dead connection: [DummyConnection Server connection - model.nation.aztec]
May 14, 2018 12:22:13 PM net.sf.freecol.server.networking.Server sendToAll
INFO: Reap dead connection: [DummyConnection Server connection - model.nation.tupi]
May 14, 2018 12:22:13 PM net.sf.freecol.server.networking.Server sendToAll
INFO: Reap dead connection: [DummyConnection Server connection - model.nation.french]
May 14, 2018 12:22:13 PM net.sf.freecol.server.networking.Server sendToAll
INFO: Reap dead connection: [DummyConnection Server connection - model.nation.spanish]
May 14, 2018 12:22:13 PM net.sf.freecol.server.networking.Server sendToAll
INFO: Reap dead connection: [DummyConnection Server connection - model.nation.inca]
May 14, 2018 12:22:13 PM net.sf.freecol.server.networking.Server sendToAll
INFO: Reap dead connection: [DummyConnection Server connection - model.nation.sioux]
May 14, 2018 12:22:13 PM net.sf.freecol.server.networking.Server sendToAll
INFO: Reap dead connection: [DummyConnection Server connection - model.nation.dutch]
May 14, 2018 12:22:13 PM net.sf.freecol.server.networking.Server sendToAll
INFO: Reap dead connection: [DummyConnection Server connection - model.nation.arawak]
May 14, 2018 12:22:13 PM net.sf.freecol.server.networking.Server sendToAll
INFO: Reap dead connection: [DummyConnection Server connection - model.nation.apache]
May 14, 2018 12:22:13 PM net.sf.freecol.server.networking.Server sendToAll
INFO: Reap dead connection: [DummyConnection Server connection - model.nation.iroquois]
May 14, 2018 12:22:13 PM net.sf.freecol.server.networking.Server sendToAll
INFO: Reap dead connection: [DummyConnection Server connection - model.nation.cherokee]
May 14, 2018 12:22:13 PM net.sf.freecol.server.model.ServerPlayer csChangeStance
INFO: Stance modification William I UNCONTACTED -> WAR wrt Louis XIV
May 14, 2018 12:22:13 PM net.sf.freecol.server.model.ServerPlayer csChangeStance
INFO: Stance modification Louis XIV UNCONTACTED -> WAR wrt William I (symmetric)
May 14, 2018 12:22:13 PM net.sf.freecol.common.util.LogBuilder log
INFO: Combat attacker=unit:247-veteranSoldier-soldier [Modifier model.modifier.offence (model.source.baseOffence) ADDITIVE 0.0 index=10] [Modifier model.modifier.offence (model.role.soldier) ADDITIVE 2.0 index=30] [Modifier model.modifier.offence (model.unit.veteranSoldier) PERCENTAGE 50.0 index=40] [Modifier model.modifier.attackBonus (model.source.attackBonus) PERCENTAGE 50.0 index=50] = 4.5 defender=unit:248-freeColonist-soldier [Modifier model.modifier.defence (model.source.baseDefence) ADDITIVE 1.0 index=10] [Modifier model.modifier.defence (model.role.soldier) ADDITIVE 1.0 index=30] = 2.0 odds=0.6923076923076923 random(1.0)=0.7123076915740967 great=false Attack LOSE LOSE_EQUIP
May 14, 2018 12:22:13 PM net.sf.freecol.common.util.LogBuilder log
INFO: Combat attacker=unit:247-veteranSoldier [Modifier model.modifier.offence (model.source.baseOffence) ADDITIVE 0.0 index=10] [Modifier model.modifier.offence (model.unit.veteranSoldier) PERCENTAGE 50.0 index=40] [Modifier model.modifier.attackBonus (model.source.attackBonus) PERCENTAGE 50.0 index=50] = 0.0 defender=unit:248-freeColonist-soldier [Modifier model.modifier.defence (model.source.baseDefence) ADDITIVE 1.0 index=10] [Modifier model.modifier.defence (model.role.soldier) ADDITIVE 1.0 index=30] = 2.0 odds=0.0 random(1.0)=0.019999999552965164 great=false Attack LOSE CAPTURE_UNIT
May 14, 2018 12:22:13 PM net.sf.freecol.common.model.Specification applyDifficultyLevel
INFO: Applying difficulty level model.difficulty.medium
May 14, 2018 12:22:13 PM net.sf.freecol.common.FreeColSeed getFreeColSeed
INFO: Using seed: -6478720013773448262
May 14, 2018 12:22:13 PM net.sf.freecol.server.networking.Server sendToAll
INFO: Reap dead connection: [DummyConnection Server connection - model.nation.arawak]
May 14, 2018 12:22:13 PM net.sf.freecol.server.networking.Server sendToAll
INFO: Reap dead connection: [DummyConnection Server connection - model.nation.sioux]
May 14, 2018 12:22:13 PM net.sf.freecol.server.networking.Server sendToAll
INFO: Reap dead connection: [DummyConnection Server connection - model.nation.english]
May 14, 2018 12:22:13 PM net.sf.freecol.server.networking.Server sendToAll
INFO: Reap dead connection: [DummyConnection Server connection - model.nation.inca]
May 14, 2018 12:22:13 PM net.sf.freecol.server.networking.Server sendToAll
INFO: Reap dead connection: [DummyConnection Server connection - model.nation.aztec]
May 14, 2018 12:22:13 PM net.sf.freecol.server.networking.Server sendToAll
INFO: Reap dead connection: [DummyConnection Server connection - model.nation.french]
May 14, 2018 12:22:13 PM net.sf.freecol.server.networking.Server sendToAll
INFO: Reap dead connection: [DummyConnection Server connection - model.nation.cherokee]
May 14, 2018 12:22:13 PM net.sf.freecol.server.networking.Server sendToAll
INFO: Reap dead connection: [DummyConnection Server connection - model.nation.spanish]
May 14, 2018 12:22:13 PM net.sf.freecol.server.networking.Server sendToAll
INFO: Reap dead connection: [DummyConnection Server connection - model.nation.dutch]
May 14, 2018 12:22:13 PM net.sf.freecol.server.networking.Server sendToAll
INFO: Reap dead connection: [DummyConnection Server connection - model.nation.tupi]
May 14, 2018 12:22:13 PM net.sf.freecol.server.networking.Server sendToAll
INFO: Reap dead connection: [DummyConnection Server connection - model.nation.iroquois]
May 14, 2018 12:22:13 PM net.sf.freecol.server.networking.Server sendToAll
INFO: Reap dead connection: [DummyConnection Server connection - model.nation.apache]
May 14, 2018 12:22:13 PM net.sf.freecol.server.model.ServerPlayer csChangeStance
INFO: Stance modification William I UNCONTACTED -> WAR wrt Atahualpa
May 14, 2018 12:22:13 PM net.sf.freecol.server.model.ServerPlayer csChangeStance
INFO: Stance modification Atahualpa UNCONTACTED -> WAR wrt William I (symmetric)
May 14, 2018 12:22:13 PM net.sf.freecol.common.util.LogBuilder log
INFO: Combat attacker=unit:271-brave-nativeDragoon [Modifier model.modifier.offence (model.source.baseOffence) ADDITIVE 1.0 index=10] [Modifier model.modifier.offence (model.role.nativeDragoon) ADDITIVE 3.0 index=30] [Modifier model.modifier.attackBonus (model.source.attackBonus) PERCENTAGE 50.0 index=50] = 6.0 defender=unit:270-freeColonist [Modifier model.modifier.defence (model.source.baseDefence) ADDITIVE 1.0 index=10] [Modifier model.modifier.defence (model.role.soldier) ADDITIVE 1.0 index=30] [Modifier model.modifier.defence (model.settlement.colony) PERCENTAGE 50.0 index=50] = 3.0 odds=0.6666666666666666 random(1.0)=0.6466666460037231 great=false Attack WIN AUTOEQUIP_UNIT LOSE_AUTOEQUIP
May 14, 2018 12:22:13 PM net.sf.freecol.common.model.Specification applyDifficultyLevel
INFO: Applying difficulty level model.difficulty.medium
May 14, 2018 12:22:13 PM net.sf.freecol.common.FreeColSeed getFreeColSeed
INFO: Using seed: -7667672136912086816
May 14, 2018 12:22:13 PM net.sf.freecol.server.networking.Server sendToAll
INFO: Reap dead connection: [DummyConnection Server connection - model.nation.dutch]
May 14, 2018 12:22:13 PM net.sf.freecol.server.networking.Server sendToAll
INFO: Reap dead connection: [DummyConnection Server connection - model.nation.english]
May 14, 2018 12:22:13 PM net.sf.freecol.server.networking.Server sendToAll
INFO: Reap dead connection: [DummyConnection Server connection - model.nation.iroquois]
May 14, 2018 12:22:13 PM net.sf.freecol.server.networking.Server sendToAll
INFO: Reap dead connection: [DummyConnection Server connection - model.nation.tupi]
May 14, 2018 12:22:13 PM net.sf.freecol.server.networking.Server sendToAll
INFO: Reap dead connection: [DummyConnection Server connection - model.nation.apache]
May 14, 2018 12:22:13 PM net.sf.freecol.server.networking.Server sendToAll
INFO: Reap dead connection: [DummyConnection Server connection - model.nation.arawak]
May 14, 2018 12:22:13 PM net.sf.freecol.server.networking.Server sendToAll
INFO: Reap dead connection: [DummyConnection Server connection - model.nation.aztec]
May 14, 2018 12:22:13 PM net.sf.freecol.server.networking.Server sendToAll
INFO: Reap dead connection: [DummyConnection Server connection - model.nation.cherokee]
May 14, 2018 12:22:13 PM net.sf.freecol.server.networking.Server sendToAll
INFO: Reap dead connection: [DummyConnection Server connection - model.nation.spanish]
May 14, 2018 12:22:13 PM net.sf.freecol.server.networking.Server sendToAll
INFO: Reap dead connection: [DummyConnection Server connection - model.nation.sioux]
May 14, 2018 12:22:13 PM net.sf.freecol.server.networking.Server sendToAll
INFO: Reap dead connection: [DummyConnection Server connection - model.nation.french]
May 14, 2018 12:22:13 PM net.sf.freecol.server.networking.Server sendToAll
INFO: Reap dead connection: [DummyConnection Server connection - model.nation.inca]
May 14, 2018 12:22:13 PM net.sf.freecol.common.model.Specification applyDifficultyLevel
INFO: Applying difficulty level model.difficulty.medium
May 14, 2018 12:22:13 PM net.sf.freecol.common.FreeColSeed getFreeColSeed
INFO: Using seed: -1330930107816672201
May 14, 2018 12:22:13 PM net.sf.freecol.server.networking.Server sendToAll
INFO: Reap dead connection: [DummyConnection Server connection - model.nation.tupi]
May 14, 2018 12:22:13 PM net.sf.freecol.server.networking.Server sendToAll
INFO: Reap dead connection: [DummyConnection Server connection - model.nation.dutch]
May 14, 2018 12:22:13 PM net.sf.freecol.server.networking.Server sendToAll
INFO: Reap dead connection: [DummyConnection Server connection - model.nation.english]
May 14, 2018 12:22:13 PM net.sf.freecol.server.networking.Server sendToAll
INFO: Reap dead connection: [DummyConnection Server connection - model.nation.french]
May 14, 2018 12:22:13 PM net.sf.freecol.server.networking.Server sendToAll
INFO: Reap dead connection: [DummyConnection Server connection - model.nation.iroquois]
May 14, 2018 12:22:13 PM net.sf.freecol.server.networking.Server sendToAll
INFO: Reap dead connection: [DummyConnection Server connection - model.nation.cherokee]
May 14, 2018 12:22:13 PM net.sf.freecol.server.networking.Server sendToAll
INFO: Reap dead connection: [DummyConnection Server connection - model.nation.apache]
May 14, 2018 12:22:13 PM net.sf.freecol.server.networking.Server sendToAll
INFO: Reap dead connection: [DummyConnection Server connection - model.nation.aztec]
May 14, 2018 12:22:13 PM net.sf.freecol.server.networking.Server sendToAll
INFO: Reap dead connection: [DummyConnection Server connection - model.nation.arawak]
May 14, 2018 12:22:13 PM net.sf.freecol.server.networking.Server sendToAll
INFO: Reap dead connection: [DummyConnection Server connection - model.nation.inca]
May 14, 2018 12:22:13 PM net.sf.freecol.server.networking.Server sendToAll
INFO: Reap dead connection: [DummyConnection Server connection - model.nation.sioux]
May 14, 2018 12:22:13 PM net.sf.freecol.server.networking.Server sendToAll
INFO: Reap dead connection: [DummyConnection Server connection - model.nation.spanish]
May 14, 2018 12:22:13 PM net.sf.freecol.server.model.ServerPlayer csChangeStance
INFO: Stance modification William I UNCONTACTED -> WAR wrt Louis XIV
May 14, 2018 12:22:13 PM net.sf.freecol.server.model.ServerPlayer csChangeStance
INFO: Stance modification Louis XIV UNCONTACTED -> WAR wrt William I (symmetric)
May 14, 2018 12:22:13 PM net.sf.freecol.common.util.LogBuilder log
INFO: Combat attacker=unit:247-freeColonist [Modifier model.modifier.offence (model.source.baseOffence) ADDITIVE 0.0 index=10] [Modifier model.modifier.attackBonus (model.source.attackBonus) PERCENTAGE 50.0 index=50] = 0.0 defender=unit:248-freeColonist-soldier [Modifier model.modifier.defence (model.source.baseDefence) ADDITIVE 1.0 index=10] [Modifier model.modifier.defence (model.role.soldier) ADDITIVE 1.0 index=30] = 2.0 odds=0.0 random(1.0)=0.019999999552965164 great=false Attack LOSE CAPTURE_UNIT
May 14, 2018 12:22:13 PM net.sf.freecol.common.model.Specification applyDifficultyLevel
INFO: Applying difficulty level model.difficulty.medium
May 14, 2018 12:22:13 PM net.sf.freecol.common.FreeColSeed getFreeColSeed
INFO: Using seed: 1431852932791234378
May 14, 2018 12:22:13 PM net.sf.freecol.server.networking.Server sendToAll
INFO: Reap dead connection: [DummyConnection Server connection - model.nation.aztec]
May 14, 2018 12:22:13 PM net.sf.freecol.server.networking.Server sendToAll
INFO: Reap dead connection: [DummyConnection Server connection - model.nation.french]
May 14, 2018 12:22:13 PM net.sf.freecol.server.networking.Server sendToAll
INFO: Reap dead connection: [DummyConnection Server connection - model.nation.iroquois]
May 14, 2018 12:22:13 PM net.sf.freecol.server.networking.Server sendToAll
INFO: Reap dead connection: [DummyConnection Server connection - model.nation.apache]
May 14, 2018 12:22:13 PM net.sf.freecol.server.networking.Server sendToAll
INFO: Reap dead connection: [DummyConnection Server connection - model.nation.english]
May 14, 2018 12:22:13 PM net.sf.freecol.server.networking.Server sendToAll
INFO: Reap dead connection: [DummyConnection Server connection - model.nation.sioux]
May 14, 2018 12:22:13 PM net.sf.freecol.server.networking.Server sendToAll
INFO: Reap dead connection: [DummyConnection Server connection - model.nation.inca]
May 14, 2018 12:22:13 PM net.sf.freecol.server.networking.Server sendToAll
INFO: Reap dead connection: [DummyConnection Server connection - model.nation.dutch]
May 14, 2018 12:22:13 PM net.sf.freecol.server.networking.Server sendToAll
INFO: Reap dead connection: [DummyConnection Server connection - model.nation.tupi]
May 14, 2018 12:22:13 PM net.sf.freecol.server.networking.Server sendToAll
INFO: Reap dead connection: [DummyConnection Server connection - model.nation.arawak]
May 14, 2018 12:22:13 PM net.sf.freecol.server.networking.Server sendToAll
INFO: Reap dead connection: [DummyConnection Server connection - model.nation.spanish]
May 14, 2018 12:22:13 PM net.sf.freecol.server.networking.Server sendToAll
INFO: Reap dead connection: [DummyConnection Server connection - model.nation.cherokee]
May 14, 2018 12:22:13 PM net.sf.freecol.server.model.ServerPlayer csChangeStance
INFO: Stance modification William I UNCONTACTED -> WAR wrt Louis XIV
May 14, 2018 12:22:13 PM net.sf.freecol.server.model.ServerPlayer csChangeStance
INFO: Stance modification Louis XIV UNCONTACTED -> WAR wrt William I (symmetric)
May 14, 2018 12:22:13 PM net.sf.freecol.common.util.LogBuilder log
INFO: Combat attacker=unit:247-freeColonist-scout [Modifier model.modifier.offence (model.source.baseOffence) ADDITIVE 0.0 index=10] [Modifier model.modifier.offence (model.role.scout) ADDITIVE 1.0 index=30] [Modifier model.modifier.attackBonus (model.source.attackBonus) PERCENTAGE 50.0 index=50] = 1.5 defender=unit:248-freeColonist-soldier [Modifier model.modifier.defence (model.source.baseDefence) ADDITIVE 1.0 index=10] [Modifier model.modifier.defence (model.role.soldier) ADDITIVE 1.0 index=30] = 2.0 odds=0.42857142857142855 random(1.0)=0.44857141375541687 great=false Attack LOSE SLAUGHTER_UNIT
May 14, 2018 12:22:13 PM net.sf.freecol.common.util.LogBuilder log
INFO: Destroying: unit:247
May 14, 2018 12:22:13 PM net.sf.freecol.common.model.Specification applyDifficultyLevel
INFO: Applying difficulty level model.difficulty.medium
May 14, 2018 12:22:13 PM net.sf.freecol.common.FreeColSeed getFreeColSeed
INFO: Using seed: 4039843040117945410
May 14, 2018 12:22:13 PM net.sf.freecol.server.networking.Server sendToAll
INFO: Reap dead connection: [DummyConnection Server connection - model.nation.french]
May 14, 2018 12:22:13 PM net.sf.freecol.server.networking.Server sendToAll
INFO: Reap dead connection: [DummyConnection Server connection - model.nation.apache]
May 14, 2018 12:22:13 PM net.sf.freecol.server.networking.Server sendToAll
INFO: Reap dead connection: [DummyConnection Server connection - model.nation.tupi]
May 14, 2018 12:22:13 PM net.sf.freecol.server.networking.Server sendToAll
INFO: Reap dead connection: [DummyConnection Server connection - model.nation.english]
May 14, 2018 12:22:13 PM net.sf.freecol.server.networking.Server sendToAll
INFO: Reap dead connection: [DummyConnection Server connection - model.nation.iroquois]
May 14, 2018 12:22:13 PM net.sf.freecol.server.networking.Server sendToAll
INFO: Reap dead connection: [DummyConnection Server connection - model.nation.inca]
May 14, 2018 12:22:13 PM net.sf.freecol.server.networking.Server sendToAll
INFO: Reap dead connection: [DummyConnection Server connection - model.nation.cherokee]
May 14, 2018 12:22:13 PM net.sf.freecol.server.networking.Server sendToAll
INFO: Reap dead connection: [DummyConnection Server connection - model.nation.arawak]
May 14, 2018 12:22:13 PM net.sf.freecol.server.networking.Server sendToAll
INFO: Reap dead connection: [DummyConnection Server connection - model.nation.sioux]
May 14, 2018 12:22:13 PM net.sf.freecol.server.networking.Server sendToAll
INFO: Reap dead connection: [DummyConnection Server connection - model.nation.dutch]
May 14, 2018 12:22:13 PM net.sf.freecol.server.networking.Server sendToAll
INFO: Reap dead connection: [DummyConnection Server connection - model.nation.aztec]
May 14, 2018 12:22:13 PM net.sf.freecol.server.networking.Server sendToAll
INFO: Reap dead connection: [DummyConnection Server connection - model.nation.spanish]
May 14, 2018 12:22:13 PM net.sf.freecol.common.model.Specification applyDifficultyLevel
INFO: Applying difficulty level model.difficulty.medium
May 14, 2018 12:22:13 PM net.sf.freecol.common.FreeColSeed getFreeColSeed
INFO: Using seed: -8963992611274594817
May 14, 2018 12:22:13 PM net.sf.freecol.server.networking.Server sendToAll
INFO: Reap dead connection: [DummyConnection Server connection - model.nation.french]
May 14, 2018 12:22:13 PM net.sf.freecol.server.networking.Server sendToAll
INFO: Reap dead connection: [DummyConnection Server connection - model.nation.arawak]
May 14, 2018 12:22:13 PM net.sf.freecol.server.networking.Server sendToAll
INFO: Reap dead connection: [DummyConnection Server connection - model.nation.dutch]
May 14, 2018 12:22:13 PM net.sf.freecol.server.networking.Server sendToAll
INFO: Reap dead connection: [DummyConnection Server connection - model.nation.aztec]
May 14, 2018 12:22:13 PM net.sf.freecol.server.networking.Server sendToAll
INFO: Reap dead connection: [DummyConnection Server connection - model.nation.cherokee]
May 14, 2018 12:22:13 PM net.sf.freecol.server.networking.Server sendToAll
INFO: Reap dead connection: [DummyConnection Server connection - model.nation.tupi]
May 14, 2018 12:22:13 PM net.sf.freecol.server.networking.Server sendToAll
INFO: Reap dead connection: [DummyConnection Server connection - model.nation.apache]
May 14, 2018 12:22:13 PM net.sf.freecol.server.networking.Server sendToAll
INFO: Reap dead connection: [DummyConnection Server connection - model.nation.english]
May 14, 2018 12:22:13 PM net.sf.freecol.server.networking.Server sendToAll
INFO: Reap dead connection: [DummyConnection Server connection - model.nation.sioux]
May 14, 2018 12:22:13 PM net.sf.freecol.server.networking.Server sendToAll
INFO: Reap dead connection: [DummyConnection Server connection - model.nation.spanish]
May 14, 2018 12:22:13 PM net.sf.freecol.server.networking.Server sendToAll
INFO: Reap dead connection: [DummyConnection Server connection - model.nation.iroquois]
May 14, 2018 12:22:13 PM net.sf.freecol.server.networking.Server sendToAll
INFO: Reap dead connection: [DummyConnection Server connection - model.nation.inca]
May 14, 2018 12:22:13 PM net.sf.freecol.server.model.ServerPlayer csChangeStance
INFO: Stance modification William I UNCONTACTED -> WAR wrt Atahualpa
May 14, 2018 12:22:13 PM net.sf.freecol.server.model.ServerPlayer csChangeStance
INFO: Stance modification Atahualpa UNCONTACTED -> WAR wrt William I (symmetric)
May 14, 2018 12:22:13 PM net.sf.freecol.common.util.LogBuilder log
INFO: Combat attacker=unit:272-brave-nativeDragoon [Modifier model.modifier.offence (model.source.baseOffence) ADDITIVE 1.0 index=10] [Modifier model.modifier.offence (model.role.nativeDragoon) ADDITIVE 3.0 index=30] [Modifier model.modifier.attackBonus (model.source.attackBonus) PERCENTAGE 50.0 index=50] = 6.0 defender=unit:271-veteranSoldier-dragoon [Modifier model.modifier.defence (model.source.baseDefence) ADDITIVE 1.0 index=10] [Modifier model.modifier.defence (model.role.dragoon) ADDITIVE 2.0 index=30] [Modifier model.modifier.defence (model.unit.veteranSoldier) PERCENTAGE 50.0 index=40] [Modifier model.modifier.defence (model.settlement.colony) PERCENTAGE 50.0 index=50] = 6.75 odds=0.47058823529411764 random(1.0)=0.4505882263183594 great=false Attack WIN LOSE_EQUIP
May 14, 2018 12:22:13 PM net.sf.freecol.common.util.LogBuilder log
INFO: Combat attacker=unit:272-brave-nativeDragoon [Modifier model.modifier.offence (model.source.baseOffence) ADDITIVE 1.0 index=10] [Modifier model.modifier.offence (model.role.nativeDragoon) ADDITIVE 3.0 index=30] [Modifier model.modifier.attackBonus (model.source.attackBonus) PERCENTAGE 50.0 index=50] = 6.0 defender=unit:271-veteranSoldier-soldier [Modifier model.modifier.defence (model.source.baseDefence) ADDITIVE 1.0 index=10] [Modifier model.modifier.defence (model.role.soldier) ADDITIVE 1.0 index=30] [Modifier model.modifier.defence (model.unit.veteranSoldier) PERCENTAGE 50.0 index=40] [Modifier model.modifier.defence (model.settlement.colony) PERCENTAGE 50.0 index=50] = 4.5 odds=0.5714285714285714 random(1.0)=0.5514285564422607 great=false Attack WIN LOSE_EQUIP
May 14, 2018 12:22:13 PM net.sf.freecol.common.util.LogBuilder log
INFO: Combat attacker=unit:272-brave-nativeDragoon [Modifier model.modifier.offence (model.source.baseOffence) ADDITIVE 1.0 index=10] [Modifier model.modifier.offence (model.role.nativeDragoon) ADDITIVE 3.0 index=30] [Modifier model.modifier.attackBonus (model.source.attackBonus) PERCENTAGE 50.0 index=50] = 6.0 defender=unit:271-veteranSoldier [Modifier model.modifier.defence (model.source.baseDefence) ADDITIVE 1.0 index=10] [Modifier model.modifier.defence (model.unit.veteranSoldier) PERCENTAGE 50.0 index=40] [Modifier model.modifier.defence (model.settlement.colony) PERCENTAGE 50.0 index=50] = 2.25 odds=0.7272727272727273 random(1.0)=0.7072727084159851 great=false Attack WIN SLAUGHTER_UNIT
May 14, 2018 12:22:13 PM net.sf.freecol.common.util.LogBuilder log
INFO: Destroying: unit:271
May 14, 2018 12:22:13 PM net.sf.freecol.common.util.LogBuilder log
INFO: Combat attacker=unit:272-brave-nativeDragoon [Modifier model.modifier.offence (model.source.baseOffence) ADDITIVE 1.0 index=10] [Modifier model.modifier.offence (model.role.nativeDragoon) ADDITIVE 3.0 index=30] [Modifier model.modifier.attackBonus (model.source.attackBonus) PERCENTAGE 50.0 index=50] = 6.0 defender=unit:270-freeColonist [Modifier model.modifier.defence (model.source.baseDefence) ADDITIVE 1.0 index=10] [Modifier model.modifier.defence (model.settlement.colony) PERCENTAGE 50.0 index=50] = 1.5 odds=0.8 random(1.0)=0.7799999713897705 great=false Attack WIN PILLAGE_COLONY
May 14, 2018 12:22:13 PM net.sf.freecol.common.util.LogBuilder log
INFO: Destroying: building:274
May 14, 2018 12:22:13 PM net.sf.freecol.common.util.LogBuilder log
INFO: Combat attacker=unit:272-brave-nativeDragoon [Modifier model.modifier.offence (model.source.baseOffence) ADDITIVE 1.0 index=10] [Modifier model.modifier.offence (model.role.nativeDragoon) ADDITIVE 3.0 index=30] [Modifier model.modifier.attackBonus (model.source.attackBonus) PERCENTAGE 50.0 index=50] = 6.0 defender=unit:270-freeColonist [Modifier model.modifier.defence (model.source.baseDefence) ADDITIVE 1.0 index=10] [Modifier model.modifier.defence (model.settlement.colony) PERCENTAGE 50.0 index=50] = 1.5 odds=0.8 random(1.0)=0.7799999713897705 great=false Attack WIN PILLAGE_COLONY
May 14, 2018 12:22:13 PM net.sf.freecol.common.util.LogBuilder log
INFO: Combat attacker=unit:272-brave-nativeDragoon [Modifier model.modifier.offence (model.source.baseOffence) ADDITIVE 1.0 index=10] [Modifier model.modifier.offence (model.role.nativeDragoon) ADDITIVE 3.0 index=30] [Modifier model.modifier.attackBonus (model.source.attackBonus) PERCENTAGE 50.0 index=50] = 6.0 defender=unit:270-freeColonist [Modifier model.modifier.defence (model.source.baseDefence) ADDITIVE 1.0 index=10] [Modifier model.modifier.defence (model.settlement.colony) PERCENTAGE 50.0 index=50] = 1.5 odds=0.8 random(1.0)=0.7799999713897705 great=false Attack WIN PILLAGE_COLONY
May 14, 2018 12:22:13 PM net.sf.freecol.common.util.LogBuilder log
INFO: Combat attacker=unit:272-brave-nativeDragoon [Modifier model.modifier.offence (model.source.baseOffence) ADDITIVE 1.0 index=10] [Modifier model.modifier.offence (model.role.nativeDragoon) ADDITIVE 3.0 index=30] [Modifier model.modifier.attackBonus (model.source.attackBonus) PERCENTAGE 50.0 index=50] = 6.0 defender=unit:270-freeColonist [Modifier model.modifier.defence (model.source.baseDefence) ADDITIVE 1.0 index=10] [Modifier model.modifier.defence (model.settlement.colony) PERCENTAGE 50.0 index=50] = 1.5 odds=0.8 random(1.0)=0.7799999713897705 great=false Attack WIN PILLAGE_COLONY
May 14, 2018 12:22:13 PM net.sf.freecol.common.util.LogBuilder log
INFO: Combat attacker=unit:272-brave-nativeDragoon [Modifier model.modifier.offence (model.source.baseOffence) ADDITIVE 1.0 index=10] [Modifier model.modifier.offence (model.role.nativeDragoon) ADDITIVE 3.0 index=30] [Modifier model.modifier.attackBonus (model.source.attackBonus) PERCENTAGE 50.0 index=50] = 6.0 defender=unit:270-freeColonist [Modifier model.modifier.defence (model.source.baseDefence) ADDITIVE 1.0 index=10] [Modifier model.modifier.defence (model.settlement.colony) PERCENTAGE 50.0 index=50] = 1.5 odds=0.8 random(1.0)=0.7799999713897705 great=false Attack WIN SLAUGHTER_UNIT DESTROY_COLONY
May 14, 2018 12:22:13 PM net.sf.freecol.common.util.LogBuilder log
INFO: Destroying: unit:270
May 14, 2018 12:22:13 PM net.sf.freecol.common.util.LogBuilder log
INFO: Destroying: colonyTile:249 colonyTile:250 colonyTile:251 colonyTile:252 colonyTile:253 colonyTile:254 colonyTile:255 colonyTile:256 colonyTile:257 building:258 building:260 building:259 building:262 building:266 building:267 building:261 building:263 building:264 building:265 goodsContainer:248 colony:247
May 14, 2018 12:22:13 PM net.sf.freecol.common.model.Specification applyDifficultyLevel
INFO: Applying difficulty level model.difficulty.medium
May 14, 2018 12:22:13 PM net.sf.freecol.common.FreeColSeed getFreeColSeed
INFO: Using seed: -8970073653514312850
May 14, 2018 12:22:13 PM net.sf.freecol.server.networking.Server sendToAll
INFO: Reap dead connection: [DummyConnection Server connection - model.nation.dutch]
May 14, 2018 12:22:13 PM net.sf.freecol.server.networking.Server sendToAll
INFO: Reap dead connection: [DummyConnection Server connection - model.nation.iroquois]
May 14, 2018 12:22:13 PM net.sf.freecol.server.networking.Server sendToAll
INFO: Reap dead connection: [DummyConnection Server connection - model.nation.french]
May 14, 2018 12:22:13 PM net.sf.freecol.server.networking.Server sendToAll
INFO: Reap dead connection: [DummyConnection Server connection - model.nation.english]
May 14, 2018 12:22:13 PM net.sf.freecol.server.networking.Server sendToAll
INFO: Reap dead connection: [DummyConnection Server connection - model.nation.spanish]
May 14, 2018 12:22:13 PM net.sf.freecol.server.networking.Server sendToAll
INFO: Reap dead connection: [DummyConnection Server connection - model.nation.apache]
May 14, 2018 12:22:13 PM net.sf.freecol.server.networking.Server sendToAll
INFO: Reap dead connection: [DummyConnection Server connection - model.nation.aztec]
May 14, 2018 12:22:13 PM net.sf.freecol.server.networking.Server sendToAll
INFO: Reap dead connection: [DummyConnection Server connection - model.nation.arawak]
May 14, 2018 12:22:13 PM net.sf.freecol.server.networking.Server sendToAll
INFO: Reap dead connection: [DummyConnection Server connection - model.nation.inca]
May 14, 2018 12:22:13 PM net.sf.freecol.server.networking.Server sendToAll
INFO: Reap dead connection: [DummyConnection Server connection - model.nation.sioux]
May 14, 2018 12:22:13 PM net.sf.freecol.server.networking.Server sendToAll
INFO: Reap dead connection: [DummyConnection Server connection - model.nation.tupi]
May 14, 2018 12:22:13 PM net.sf.freecol.server.networking.Server sendToAll
INFO: Reap dead connection: [DummyConnection Server connection - model.nation.cherokee]
May 14, 2018 12:22:13 PM net.sf.freecol.common.model.Specification applyDifficultyLevel
INFO: Applying difficulty level model.difficulty.medium
May 14, 2018 12:22:13 PM net.sf.freecol.common.FreeColSeed getFreeColSeed
INFO: Using seed: 5270457361801244383
May 14, 2018 12:22:13 PM net.sf.freecol.server.networking.Server sendToAll
INFO: Reap dead connection: [DummyConnection Server connection - model.nation.apache]
May 14, 2018 12:22:13 PM net.sf.freecol.server.networking.Server sendToAll
INFO: Reap dead connection: [DummyConnection Server connection - model.nation.tupi]
May 14, 2018 12:22:13 PM net.sf.freecol.server.networking.Server sendToAll
INFO: Reap dead connection: [DummyConnection Server connection - model.nation.dutch]
May 14, 2018 12:22:13 PM net.sf.freecol.server.networking.Server sendToAll
INFO: Reap dead connection: [DummyConnection Server connection - model.nation.arawak]
May 14, 2018 12:22:13 PM net.sf.freecol.server.networking.Server sendToAll
INFO: Reap dead connection: [DummyConnection Server connection - model.nation.iroquois]
May 14, 2018 12:22:13 PM net.sf.freecol.server.networking.Server sendToAll
INFO: Reap dead connection: [DummyConnection Server connection - model.nation.cherokee]
May 14, 2018 12:22:13 PM net.sf.freecol.server.networking.Server sendToAll
INFO: Reap dead connection: [DummyConnection Server connection - model.nation.inca]
May 14, 2018 12:22:13 PM net.sf.freecol.server.networking.Server sendToAll
INFO: Reap dead connection: [DummyConnection Server connection - model.nation.aztec]
May 14, 2018 12:22:13 PM net.sf.freecol.server.networking.Server sendToAll
INFO: Reap dead connection: [DummyConnection Server connection - model.nation.spanish]
May 14, 2018 12:22:13 PM net.sf.freecol.server.networking.Server sendToAll
INFO: Reap dead connection: [DummyConnection Server connection - model.nation.french]
May 14, 2018 12:22:13 PM net.sf.freecol.server.networking.Server sendToAll
INFO: Reap dead connection: [DummyConnection Server connection - model.nation.english]
May 14, 2018 12:22:13 PM net.sf.freecol.server.networking.Server sendToAll
INFO: Reap dead connection: [DummyConnection Server connection - model.nation.sioux]
May 14, 2018 12:22:13 PM net.sf.freecol.common.model.Specification applyDifficultyLevel
INFO: Applying difficulty level model.difficulty.medium
May 14, 2018 12:22:13 PM net.sf.freecol.common.FreeColSeed getFreeColSeed
INFO: Using seed: -1243196786367743988
May 14, 2018 12:22:13 PM net.sf.freecol.server.networking.Server sendToAll
INFO: Reap dead connection: [DummyConnection Server connection - model.nation.aztec]
May 14, 2018 12:22:13 PM net.sf.freecol.server.networking.Server sendToAll
INFO: Reap dead connection: [DummyConnection Server connection - model.nation.iroquois]
May 14, 2018 12:22:13 PM net.sf.freecol.server.networking.Server sendToAll
INFO: Reap dead connection: [DummyConnection Server connection - model.nation.cherokee]
May 14, 2018 12:22:13 PM net.sf.freecol.server.networking.Server sendToAll
INFO: Reap dead connection: [DummyConnection Server connection - model.nation.english]
May 14, 2018 12:22:13 PM net.sf.freecol.server.networking.Server sendToAll
INFO: Reap dead connection: [DummyConnection Server connection - model.nation.inca]
May 14, 2018 12:22:13 PM net.sf.freecol.server.networking.Server sendToAll
INFO: Reap dead connection: [DummyConnection Server connection - model.nation.french]
May 14, 2018 12:22:13 PM net.sf.freecol.server.networking.Server sendToAll
INFO: Reap dead connection: [DummyConnection Server connection - model.nation.sioux]
May 14, 2018 12:22:13 PM net.sf.freecol.server.networking.Server sendToAll
INFO: Reap dead connection: [DummyConnection Server connection - model.nation.arawak]
May 14, 2018 12:22:13 PM net.sf.freecol.server.networking.Server sendToAll
INFO: Reap dead connection: [DummyConnection Server connection - model.nation.spanish]
May 14, 2018 12:22:13 PM net.sf.freecol.server.networking.Server sendToAll
INFO: Reap dead connection: [DummyConnection Server connection - model.nation.dutch]
May 14, 2018 12:22:13 PM net.sf.freecol.server.networking.Server sendToAll
INFO: Reap dead connection: [DummyConnection Server connection - model.nation.tupi]
May 14, 2018 12:22:13 PM net.sf.freecol.server.networking.Server sendToAll
INFO: Reap dead connection: [DummyConnection Server connection - model.nation.apache]
May 14, 2018 12:22:13 PM net.sf.freecol.common.model.Specification applyDifficultyLevel
INFO: Applying difficulty level model.difficulty.medium
May 14, 2018 12:22:13 PM net.sf.freecol.common.FreeColSeed getFreeColSeed
INFO: Using seed: -3107561614203994485
May 14, 2018 12:22:13 PM net.sf.freecol.server.networking.Server sendToAll
INFO: Reap dead connection: [DummyConnection Server connection - model.nation.aztec]
May 14, 2018 12:22:13 PM net.sf.freecol.server.networking.Server sendToAll
INFO: Reap dead connection: [DummyConnection Server connection - model.nation.cherokee]
May 14, 2018 12:22:13 PM net.sf.freecol.server.networking.Server sendToAll
INFO: Reap dead connection: [DummyConnection Server connection - model.nation.iroquois]
May 14, 2018 12:22:13 PM net.sf.freecol.server.networking.Server sendToAll
INFO: Reap dead connection: [DummyConnection Server connection - model.nation.french]
May 14, 2018 12:22:13 PM net.sf.freecol.server.networking.Server sendToAll
INFO: Reap dead connection: [DummyConnection Server connection - model.nation.english]
May 14, 2018 12:22:13 PM net.sf.freecol.server.networking.Server sendToAll
INFO: Reap dead connection: [DummyConnection Server connection - model.nation.tupi]
May 14, 2018 12:22:13 PM net.sf.freecol.server.networking.Server sendToAll
INFO: Reap dead connection: [DummyConnection Server connection - model.nation.inca]
May 14, 2018 12:22:13 PM net.sf.freecol.server.networking.Server sendToAll
INFO: Reap dead connection: [DummyConnection Server connection - model.nation.sioux]
May 14, 2018 12:22:13 PM net.sf.freecol.server.networking.Server sendToAll
INFO: Reap dead connection: [DummyConnection Server connection - model.nation.arawak]
May 14, 2018 12:22:13 PM net.sf.freecol.server.networking.Server sendToAll
INFO: Reap dead connection: [DummyConnection Server connection - model.nation.spanish]
May 14, 2018 12:22:13 PM net.sf.freecol.server.networking.Server sendToAll
INFO: Reap dead connection: [DummyConnection Server connection - model.nation.dutch]
May 14, 2018 12:22:13 PM net.sf.freecol.server.networking.Server sendToAll
INFO: Reap dead connection: [DummyConnection Server connection - model.nation.apache]
May 14, 2018 12:22:13 PM net.sf.freecol.common.model.Specification applyDifficultyLevel
INFO: Applying difficulty level model.difficulty.medium
May 14, 2018 12:22:13 PM net.sf.freecol.common.FreeColSeed getFreeColSeed
INFO: Using seed: -7811997667362879866
May 14, 2018 12:22:13 PM net.sf.freecol.server.networking.Server sendToAll
INFO: Reap dead connection: [DummyConnection Server connection - model.nation.apache]
May 14, 2018 12:22:13 PM net.sf.freecol.server.networking.Server sendToAll
INFO: Reap dead connection: [DummyConnection Server connection - model.nation.aztec]
May 14, 2018 12:22:13 PM net.sf.freecol.server.networking.Server sendToAll
INFO: Reap dead connection: [DummyConnection Server connection - model.nation.spanish]
May 14, 2018 12:22:13 PM net.sf.freecol.server.networking.Server sendToAll
INFO: Reap dead connection: [DummyConnection Server connection - model.nation.iroquois]
May 14, 2018 12:22:13 PM net.sf.freecol.server.networking.Server sendToAll
INFO: Reap dead connection: [DummyConnection Server connection - model.nation.cherokee]
May 14, 2018 12:22:13 PM net.sf.freecol.server.networking.Server sendToAll
INFO: Reap dead connection: [DummyConnection Server connection - model.nation.inca]
May 14, 2018 12:22:13 PM net.sf.freecol.server.networking.Server sendToAll
INFO: Reap dead connection: [DummyConnection Server connection - model.nation.sioux]
May 14, 2018 12:22:13 PM net.sf.freecol.server.networking.Server sendToAll
INFO: Reap dead connection: [DummyConnection Server connection - model.nation.english]
May 14, 2018 12:22:13 PM net.sf.freecol.server.networking.Server sendToAll
INFO: Reap dead connection: [DummyConnection Server connection - model.nation.french]
May 14, 2018 12:22:13 PM net.sf.freecol.server.networking.Server sendToAll
INFO: Reap dead connection: [DummyConnection Server connection - model.nation.tupi]
May 14, 2018 12:22:13 PM net.sf.freecol.server.networking.Server sendToAll
INFO: Reap dead connection: [DummyConnection Server connection - model.nation.arawak]
May 14, 2018 12:22:13 PM net.sf.freecol.server.networking.Server sendToAll
INFO: Reap dead connection: [DummyConnection Server connection - model.nation.dutch]
May 14, 2018 12:22:13 PM net.sf.freecol.common.model.Specification applyDifficultyLevel
INFO: Applying difficulty level model.difficulty.medium
May 14, 2018 12:22:13 PM net.sf.freecol.common.FreeColSeed getFreeColSeed
INFO: Using seed: 3530313651143207156
May 14, 2018 12:22:13 PM net.sf.freecol.server.networking.Server sendToAll
INFO: Reap dead connection: [DummyConnection Server connection - model.nation.english]
May 14, 2018 12:22:13 PM net.sf.freecol.server.networking.Server sendToAll
INFO: Reap dead connection: [DummyConnection Server connection - model.nation.cherokee]
May 14, 2018 12:22:13 PM net.sf.freecol.server.networking.Server sendToAll
INFO: Reap dead connection: [DummyConnection Server connection - model.nation.iroquois]
May 14, 2018 12:22:13 PM net.sf.freecol.server.networking.Server sendToAll
INFO: Reap dead connection: [DummyConnection Server connection - model.nation.french]
May 14, 2018 12:22:13 PM net.sf.freecol.server.networking.Server sendToAll
INFO: Reap dead connection: [DummyConnection Server connection - model.nation.spanish]
May 14, 2018 12:22:13 PM net.sf.freecol.server.networking.Server sendToAll
INFO: Reap dead connection: [DummyConnection Server connection - model.nation.arawak]
May 14, 2018 12:22:13 PM net.sf.freecol.server.networking.Server sendToAll
INFO: Reap dead connection: [DummyConnection Server connection - model.nation.sioux]
May 14, 2018 12:22:13 PM net.sf.freecol.server.networking.Server sendToAll
INFO: Reap dead connection: [DummyConnection Server connection - model.nation.tupi]
May 14, 2018 12:22:13 PM net.sf.freecol.server.networking.Server sendToAll
INFO: Reap dead connection: [DummyConnection Server connection - model.nation.inca]
May 14, 2018 12:22:13 PM net.sf.freecol.server.networking.Server sendToAll
INFO: Reap dead connection: [DummyConnection Server connection - model.nation.aztec]
May 14, 2018 12:22:13 PM net.sf.freecol.server.networking.Server sendToAll
INFO: Reap dead connection: [DummyConnection Server connection - model.nation.dutch]
May 14, 2018 12:22:13 PM net.sf.freecol.server.networking.Server sendToAll
INFO: Reap dead connection: [DummyConnection Server connection - model.nation.apache]
May 14, 2018 12:22:13 PM net.sf.freecol.common.model.Specification applyDifficultyLevel
INFO: Applying difficulty level model.difficulty.medium
May 14, 2018 12:22:13 PM net.sf.freecol.common.FreeColSeed getFreeColSeed
INFO: Using seed: 4917977432221820235
May 14, 2018 12:22:13 PM net.sf.freecol.server.networking.Server sendToAll
INFO: Reap dead connection: [DummyConnection Server connection - model.nation.apache]
May 14, 2018 12:22:13 PM net.sf.freecol.server.networking.Server sendToAll
INFO: Reap dead connection: [DummyConnection Server connection - model.nation.tupi]
May 14, 2018 12:22:13 PM net.sf.freecol.server.networking.Server sendToAll
INFO: Reap dead connection: [DummyConnection Server connection - model.nation.inca]
May 14, 2018 12:22:13 PM net.sf.freecol.server.networking.Server sendToAll
INFO: Reap dead connection: [DummyConnection Server connection - model.nation.arawak]
May 14, 2018 12:22:13 PM net.sf.freecol.server.networking.Server sendToAll
INFO: Reap dead connection: [DummyConnection Server connection - model.nation.sioux]
May 14, 2018 12:22:13 PM net.sf.freecol.server.networking.Server sendToAll
INFO: Reap dead connection: [DummyConnection Server connection - model.nation.spanish]
May 14, 2018 12:22:13 PM net.sf.freecol.server.networking.Server sendToAll
INFO: Reap dead connection: [DummyConnection Server connection - model.nation.cherokee]
May 14, 2018 12:22:13 PM net.sf.freecol.server.networking.Server sendToAll
INFO: Reap dead connection: [DummyConnection Server connection - model.nation.dutch]
May 14, 2018 12:22:13 PM net.sf.freecol.server.networking.Server sendToAll
INFO: Reap dead connection: [DummyConnection Server connection - model.nation.aztec]
May 14, 2018 12:22:13 PM net.sf.freecol.server.networking.Server sendToAll
INFO: Reap dead connection: [DummyConnection Server connection - model.nation.iroquois]
May 14, 2018 12:22:13 PM net.sf.freecol.server.networking.Server sendToAll
INFO: Reap dead connection: [DummyConnection Server connection - model.nation.french]
May 14, 2018 12:22:13 PM net.sf.freecol.server.networking.Server sendToAll
INFO: Reap dead connection: [DummyConnection Server connection - model.nation.english]
May 14, 2018 12:22:13 PM net.sf.freecol.common.model.Unit setLocation
WARNING: Can not add [unit:272 dutch pettyCriminal 0/1] to building:258
May 14, 2018 12:22:13 PM net.sf.freecol.common.model.Specification applyDifficultyLevel
INFO: Applying difficulty level model.difficulty.medium
May 14, 2018 12:22:13 PM net.sf.freecol.common.FreeColSeed getFreeColSeed
INFO: Using seed: -2939702058549552545
May 14, 2018 12:22:13 PM net.sf.freecol.server.networking.Server sendToAll
INFO: Reap dead connection: [DummyConnection Server connection - model.nation.dutch]
May 14, 2018 12:22:13 PM net.sf.freecol.server.networking.Server sendToAll
INFO: Reap dead connection: [DummyConnection Server connection - model.nation.spanish]
May 14, 2018 12:22:13 PM net.sf.freecol.server.networking.Server sendToAll
INFO: Reap dead connection: [DummyConnection Server connection - model.nation.tupi]
May 14, 2018 12:22:13 PM net.sf.freecol.server.networking.Server sendToAll
INFO: Reap dead connection: [DummyConnection Server connection - model.nation.french]
May 14, 2018 12:22:13 PM net.sf.freecol.server.networking.Server sendToAll
INFO: Reap dead connection: [DummyConnection Server connection - model.nation.sioux]
May 14, 2018 12:22:13 PM net.sf.freecol.server.networking.Server sendToAll
INFO: Reap dead connection: [DummyConnection Server connection - model.nation.english]
May 14, 2018 12:22:13 PM net.sf.freecol.server.networking.Server sendToAll
INFO: Reap dead connection: [DummyConnection Server connection - model.nation.apache]
May 14, 2018 12:22:13 PM net.sf.freecol.server.networking.Server sendToAll
INFO: Reap dead connection: [DummyConnection Server connection - model.nation.iroquois]
May 14, 2018 12:22:13 PM net.sf.freecol.server.networking.Server sendToAll
INFO: Reap dead connection: [DummyConnection Server connection - model.nation.arawak]
May 14, 2018 12:22:13 PM net.sf.freecol.server.networking.Server sendToAll
INFO: Reap dead connection: [DummyConnection Server connection - model.nation.cherokee]
May 14, 2018 12:22:13 PM net.sf.freecol.server.networking.Server sendToAll
INFO: Reap dead connection: [DummyConnection Server connection - model.nation.inca]
May 14, 2018 12:22:13 PM net.sf.freecol.server.networking.Server sendToAll
INFO: Reap dead connection: [DummyConnection Server connection - model.nation.aztec]
May 14, 2018 12:22:13 PM net.sf.freecol.common.model.Specification applyDifficultyLevel
INFO: Applying difficulty level model.difficulty.medium
May 14, 2018 12:22:13 PM net.sf.freecol.common.FreeColSeed getFreeColSeed
INFO: Using seed: 7788163321803382911
May 14, 2018 12:22:13 PM net.sf.freecol.server.networking.Server sendToAll
INFO: Reap dead connection: [DummyConnection Server connection - model.nation.french]
May 14, 2018 12:22:13 PM net.sf.freecol.server.networking.Server sendToAll
INFO: Reap dead connection: [DummyConnection Server connection - model.nation.spanish]
May 14, 2018 12:22:13 PM net.sf.freecol.server.networking.Server sendToAll
INFO: Reap dead connection: [DummyConnection Server connection - model.nation.iroquois]
May 14, 2018 12:22:13 PM net.sf.freecol.server.networking.Server sendToAll
INFO: Reap dead connection: [DummyConnection Server connection - model.nation.tupi]
May 14, 2018 12:22:13 PM net.sf.freecol.server.networking.Server sendToAll
INFO: Reap dead connection: [DummyConnection Server connection - model.nation.sioux]
May 14, 2018 12:22:13 PM net.sf.freecol.server.networking.Server sendToAll
INFO: Reap dead connection: [DummyConnection Server connection - model.nation.cherokee]
May 14, 2018 12:22:13 PM net.sf.freecol.server.networking.Server sendToAll
INFO: Reap dead connection: [DummyConnection Server connection - model.nation.arawak]
May 14, 2018 12:22:13 PM net.sf.freecol.server.networking.Server sendToAll
INFO: Reap dead connection: [DummyConnection Server connection - model.nation.inca]
May 14, 2018 12:22:13 PM net.sf.freecol.server.networking.Server sendToAll
INFO: Reap dead connection: [DummyConnection Server connection - model.nation.english]
May 14, 2018 12:22:13 PM net.sf.freecol.server.networking.Server sendToAll
INFO: Reap dead connection: [DummyConnection Server connection - model.nation.dutch]
May 14, 2018 12:22:13 PM net.sf.freecol.server.networking.Server sendToAll
INFO: Reap dead connection: [DummyConnection Server connection - model.nation.aztec]
May 14, 2018 12:22:13 PM net.sf.freecol.server.networking.Server sendToAll
INFO: Reap dead connection: [DummyConnection Server connection - model.nation.apache]
May 14, 2018 12:22:13 PM net.sf.freecol.common.model.Specification applyDifficultyLevel
INFO: Applying difficulty level model.difficulty.medium
May 14, 2018 12:22:13 PM net.sf.freecol.common.FreeColSeed getFreeColSeed
INFO: Using seed: 179353852889517919
May 14, 2018 12:22:13 PM net.sf.freecol.server.networking.Server sendToAll
INFO: Reap dead connection: [DummyConnection Server connection - model.nation.iroquois]
May 14, 2018 12:22:13 PM net.sf.freecol.server.networking.Server sendToAll
INFO: Reap dead connection: [DummyConnection Server connection - model.nation.tupi]
May 14, 2018 12:22:13 PM net.sf.freecol.server.networking.Server sendToAll
INFO: Reap dead connection: [DummyConnection Server connection - model.nation.dutch]
May 14, 2018 12:22:13 PM net.sf.freecol.server.networking.Server sendToAll
INFO: Reap dead connection: [DummyConnection Server connection - model.nation.cherokee]
May 14, 2018 12:22:13 PM net.sf.freecol.server.networking.Server sendToAll
INFO: Reap dead connection: [DummyConnection Server connection - model.nation.english]
May 14, 2018 12:22:13 PM net.sf.freecol.server.networking.Server sendToAll
INFO: Reap dead connection: [DummyConnection Server connection - model.nation.aztec]
May 14, 2018 12:22:13 PM net.sf.freecol.server.networking.Server sendToAll
INFO: Reap dead connection: [DummyConnection Server connection - model.nation.spanish]
May 14, 2018 12:22:13 PM net.sf.freecol.server.networking.Server sendToAll
INFO: Reap dead connection: [DummyConnection Server connection - model.nation.inca]
May 14, 2018 12:22:13 PM net.sf.freecol.server.networking.Server sendToAll
INFO: Reap dead connection: [DummyConnection Server connection - model.nation.arawak]
May 14, 2018 12:22:13 PM net.sf.freecol.server.networking.Server sendToAll
INFO: Reap dead connection: [DummyConnection Server connection - model.nation.french]
May 14, 2018 12:22:13 PM net.sf.freecol.server.networking.Server sendToAll
INFO: Reap dead connection: [DummyConnection Server connection - model.nation.apache]
May 14, 2018 12:22:13 PM net.sf.freecol.server.networking.Server sendToAll
INFO: Reap dead connection: [DummyConnection Server connection - model.nation.sioux]
May 14, 2018 12:22:13 PM net.sf.freecol.common.model.Specification applyDifficultyLevel
INFO: Applying difficulty level model.difficulty.medium
May 14, 2018 12:22:13 PM net.sf.freecol.common.FreeColSeed getFreeColSeed
INFO: Using seed: 2204816539243208861
May 14, 2018 12:22:14 PM net.sf.freecol.server.networking.Server sendToAll
INFO: Reap dead connection: [DummyConnection Server connection - model.nation.dutch]
May 14, 2018 12:22:14 PM net.sf.freecol.server.networking.Server sendToAll
INFO: Reap dead connection: [DummyConnection Server connection - model.nation.sioux]
May 14, 2018 12:22:14 PM net.sf.freecol.server.networking.Server sendToAll
INFO: Reap dead connection: [DummyConnection Server connection - model.nation.arawak]
May 14, 2018 12:22:14 PM net.sf.freecol.server.networking.Server sendToAll
INFO: Reap dead connection: [DummyConnection Server connection - model.nation.aztec]
May 14, 2018 12:22:14 PM net.sf.freecol.server.networking.Server sendToAll
INFO: Reap dead connection: [DummyConnection Server connection - model.nation.tupi]
May 14, 2018 12:22:14 PM net.sf.freecol.server.networking.Server sendToAll
INFO: Reap dead connection: [DummyConnection Server connection - model.nation.english]
May 14, 2018 12:22:14 PM net.sf.freecol.server.networking.Server sendToAll
INFO: Reap dead connection: [DummyConnection Server connection - model.nation.iroquois]
May 14, 2018 12:22:14 PM net.sf.freecol.server.networking.Server sendToAll
INFO: Reap dead connection: [DummyConnection Server connection - model.nation.apache]
May 14, 2018 12:22:14 PM net.sf.freecol.server.networking.Server sendToAll
INFO: Reap dead connection: [DummyConnection Server connection - model.nation.inca]
May 14, 2018 12:22:14 PM net.sf.freecol.server.networking.Server sendToAll
INFO: Reap dead connection: [DummyConnection Server connection - model.nation.spanish]
May 14, 2018 12:22:14 PM net.sf.freecol.server.networking.Server sendToAll
INFO: Reap dead connection: [DummyConnection Server connection - model.nation.french]
May 14, 2018 12:22:14 PM net.sf.freecol.server.networking.Server sendToAll
INFO: Reap dead connection: [DummyConnection Server connection - model.nation.cherokee]
May 14, 2018 12:22:14 PM net.sf.freecol.common.model.Specification applyDifficultyLevel
INFO: Applying difficulty level model.difficulty.medium
May 14, 2018 12:22:14 PM net.sf.freecol.common.FreeColSeed getFreeColSeed
INFO: Using seed: -4872967151465568381
May 14, 2018 12:22:14 PM net.sf.freecol.server.networking.Server sendToAll
INFO: Reap dead connection: [DummyConnection Server connection - model.nation.sioux]
May 14, 2018 12:22:14 PM net.sf.freecol.server.networking.Server sendToAll
INFO: Reap dead connection: [DummyConnection Server connection - model.nation.french]
May 14, 2018 12:22:14 PM net.sf.freecol.server.networking.Server sendToAll
INFO: Reap dead connection: [DummyConnection Server connection - model.nation.inca]
May 14, 2018 12:22:14 PM net.sf.freecol.server.networking.Server sendToAll
INFO: Reap dead connection: [DummyConnection Server connection - model.nation.iroquois]
May 14, 2018 12:22:14 PM net.sf.freecol.server.networking.Server sendToAll
INFO: Reap dead connection: [DummyConnection Server connection - model.nation.aztec]
May 14, 2018 12:22:14 PM net.sf.freecol.server.networking.Server sendToAll
INFO: Reap dead connection: [DummyConnection Server connection - model.nation.spanish]
May 14, 2018 12:22:14 PM net.sf.freecol.server.networking.Server sendToAll
INFO: Reap dead connection: [DummyConnection Server connection - model.nation.english]
May 14, 2018 12:22:14 PM net.sf.freecol.server.networking.Server sendToAll
INFO: Reap dead connection: [DummyConnection Server connection - model.nation.tupi]
May 14, 2018 12:22:14 PM net.sf.freecol.server.networking.Server sendToAll
INFO: Reap dead connection: [DummyConnection Server connection - model.nation.apache]
May 14, 2018 12:22:14 PM net.sf.freecol.server.networking.Server sendToAll
INFO: Reap dead connection: [DummyConnection Server connection - model.nation.cherokee]
May 14, 2018 12:22:14 PM net.sf.freecol.server.networking.Server sendToAll
INFO: Reap dead connection: [DummyConnection Server connection - model.nation.arawak]
May 14, 2018 12:22:14 PM net.sf.freecol.server.networking.Server sendToAll
INFO: Reap dead connection: [DummyConnection Server connection - model.nation.dutch]
May 14, 2018 12:22:14 PM net.sf.freecol.common.model.Specification applyDifficultyLevel
INFO: Applying difficulty level model.difficulty.medium
May 14, 2018 12:22:14 PM net.sf.freecol.common.FreeColSeed getFreeColSeed
INFO: Using seed: 6648683815897656241
May 14, 2018 12:22:14 PM net.sf.freecol.server.networking.Server sendToAll
INFO: Reap dead connection: [DummyConnection Server connection - model.nation.iroquois]
May 14, 2018 12:22:14 PM net.sf.freecol.server.networking.Server sendToAll
INFO: Reap dead connection: [DummyConnection Server connection - model.nation.arawak]
May 14, 2018 12:22:14 PM net.sf.freecol.server.networking.Server sendToAll
INFO: Reap dead connection: [DummyConnection Server connection - model.nation.apache]
May 14, 2018 12:22:14 PM net.sf.freecol.server.networking.Server sendToAll
INFO: Reap dead connection: [DummyConnection Server connection - model.nation.spanish]
May 14, 2018 12:22:14 PM net.sf.freecol.server.networking.Server sendToAll
INFO: Reap dead connection: [DummyConnection Server connection - model.nation.sioux]
May 14, 2018 12:22:14 PM net.sf.freecol.server.networking.Server sendToAll
INFO: Reap dead connection: [DummyConnection Server connection - model.nation.french]
May 14, 2018 12:22:14 PM net.sf.freecol.server.networking.Server sendToAll
INFO: Reap dead connection: [DummyConnection Server connection - model.nation.aztec]
May 14, 2018 12:22:14 PM net.sf.freecol.server.networking.Server sendToAll
INFO: Reap dead connection: [DummyConnection Server connection - model.nation.cherokee]
May 14, 2018 12:22:14 PM net.sf.freecol.server.networking.Server sendToAll
INFO: Reap dead connection: [DummyConnection Server connection - model.nation.inca]
May 14, 2018 12:22:14 PM net.sf.freecol.server.networking.Server sendToAll
INFO: Reap dead connection: [DummyConnection Server connection - model.nation.dutch]
May 14, 2018 12:22:14 PM net.sf.freecol.server.networking.Server sendToAll
INFO: Reap dead connection: [DummyConnection Server connection - model.nation.tupi]
May 14, 2018 12:22:14 PM net.sf.freecol.server.networking.Server sendToAll
INFO: Reap dead connection: [DummyConnection Server connection - model.nation.english]
May 14, 2018 12:22:14 PM net.sf.freecol.common.model.Specification applyDifficultyLevel
INFO: Applying difficulty level model.difficulty.medium
May 14, 2018 12:22:14 PM net.sf.freecol.common.FreeColSeed getFreeColSeed
INFO: Using seed: -617367213446706612
May 14, 2018 12:22:14 PM net.sf.freecol.server.networking.Server sendToAll
INFO: Reap dead connection: [DummyConnection Server connection - model.nation.french]
May 14, 2018 12:22:14 PM net.sf.freecol.server.networking.Server sendToAll
INFO: Reap dead connection: [DummyConnection Server connection - model.nation.tupi]
May 14, 2018 12:22:14 PM net.sf.freecol.server.networking.Server sendToAll
INFO: Reap dead connection: [DummyConnection Server connection - model.nation.sioux]
May 14, 2018 12:22:14 PM net.sf.freecol.server.networking.Server sendToAll
INFO: Reap dead connection: [DummyConnection Server connection - model.nation.spanish]
May 14, 2018 12:22:14 PM net.sf.freecol.server.networking.Server sendToAll
INFO: Reap dead connection: [DummyConnection Server connection - model.nation.cherokee]
May 14, 2018 12:22:14 PM net.sf.freecol.server.networking.Server sendToAll
INFO: Reap dead connection: [DummyConnection Server connection - model.nation.inca]
May 14, 2018 12:22:14 PM net.sf.freecol.server.networking.Server sendToAll
INFO: Reap dead connection: [DummyConnection Server connection - model.nation.apache]
May 14, 2018 12:22:14 PM net.sf.freecol.server.networking.Server sendToAll
INFO: Reap dead connection: [DummyConnection Server connection - model.nation.aztec]
May 14, 2018 12:22:14 PM net.sf.freecol.server.networking.Server sendToAll
INFO: Reap dead connection: [DummyConnection Server connection - model.nation.english]
May 14, 2018 12:22:14 PM net.sf.freecol.server.networking.Server sendToAll
INFO: Reap dead connection: [DummyConnection Server connection - model.nation.arawak]
May 14, 2018 12:22:14 PM net.sf.freecol.server.networking.Server sendToAll
INFO: Reap dead connection: [DummyConnection Server connection - model.nation.iroquois]
May 14, 2018 12:22:14 PM net.sf.freecol.server.networking.Server sendToAll
INFO: Reap dead connection: [DummyConnection Server connection - model.nation.dutch]
May 14, 2018 12:22:14 PM net.sf.freecol.common.model.Specification applyDifficultyLevel
INFO: Applying difficulty level model.difficulty.medium
May 14, 2018 12:22:14 PM net.sf.freecol.common.FreeColSeed getFreeColSeed
INFO: Using seed: 8318121987492665383
May 14, 2018 12:22:14 PM net.sf.freecol.server.networking.Server sendToAll
INFO: Reap dead connection: [DummyConnection Server connection - model.nation.apache]
May 14, 2018 12:22:14 PM net.sf.freecol.server.networking.Server sendToAll
INFO: Reap dead connection: [DummyConnection Server connection - model.nation.dutch]
May 14, 2018 12:22:14 PM net.sf.freecol.server.networking.Server sendToAll
INFO: Reap dead connection: [DummyConnection Server connection - model.nation.english]
May 14, 2018 12:22:14 PM net.sf.freecol.server.networking.Server sendToAll
INFO: Reap dead connection: [DummyConnection Server connection - model.nation.aztec]
May 14, 2018 12:22:14 PM net.sf.freecol.server.networking.Server sendToAll
INFO: Reap dead connection: [DummyConnection Server connection - model.nation.tupi]
May 14, 2018 12:22:14 PM net.sf.freecol.server.networking.Server sendToAll
INFO: Reap dead connection: [DummyConnection Server connection - model.nation.french]
May 14, 2018 12:22:14 PM net.sf.freecol.server.networking.Server sendToAll
INFO: Reap dead connection: [DummyConnection Server connection - model.nation.inca]
May 14, 2018 12:22:14 PM net.sf.freecol.server.networking.Server sendToAll
INFO: Reap dead connection: [DummyConnection Server connection - model.nation.sioux]
May 14, 2018 12:22:14 PM net.sf.freecol.server.networking.Server sendToAll
INFO: Reap dead connection: [DummyConnection Server connection - model.nation.arawak]
May 14, 2018 12:22:14 PM net.sf.freecol.server.networking.Server sendToAll
INFO: Reap dead connection: [DummyConnection Server connection - model.nation.iroquois]
May 14, 2018 12:22:14 PM net.sf.freecol.server.networking.Server sendToAll
INFO: Reap dead connection: [DummyConnection Server connection - model.nation.spanish]
May 14, 2018 12:22:14 PM net.sf.freecol.server.networking.Server sendToAll
INFO: Reap dead connection: [DummyConnection Server connection - model.nation.cherokee]
May 14, 2018 12:22:14 PM net.sf.freecol.common.model.Specification applyDifficultyLevel
INFO: Applying difficulty level model.difficulty.medium
May 14, 2018 12:22:14 PM net.sf.freecol.common.FreeColSeed getFreeColSeed
INFO: Using seed: 8669357946303708567
May 14, 2018 12:22:14 PM net.sf.freecol.server.networking.Server sendToAll
INFO: Reap dead connection: [DummyConnection Server connection - model.nation.aztec]
May 14, 2018 12:22:14 PM net.sf.freecol.server.networking.Server sendToAll
INFO: Reap dead connection: [DummyConnection Server connection - model.nation.sioux]
May 14, 2018 12:22:14 PM net.sf.freecol.server.networking.Server sendToAll
INFO: Reap dead connection: [DummyConnection Server connection - model.nation.apache]
May 14, 2018 12:22:14 PM net.sf.freecol.server.networking.Server sendToAll
INFO: Reap dead connection: [DummyConnection Server connection - model.nation.iroquois]
May 14, 2018 12:22:14 PM net.sf.freecol.server.networking.Server sendToAll
INFO: Reap dead connection: [DummyConnection Server connection - model.nation.arawak]
May 14, 2018 12:22:14 PM net.sf.freecol.server.networking.Server sendToAll
INFO: Reap dead connection: [DummyConnection Server connection - model.nation.inca]
May 14, 2018 12:22:14 PM net.sf.freecol.server.networking.Server sendToAll
INFO: Reap dead connection: [DummyConnection Server connection - model.nation.french]
May 14, 2018 12:22:14 PM net.sf.freecol.server.networking.Server sendToAll
INFO: Reap dead connection: [DummyConnection Server connection - model.nation.cherokee]
May 14, 2018 12:22:14 PM net.sf.freecol.server.networking.Server sendToAll
INFO: Reap dead connection: [DummyConnection Server connection - model.nation.english]
May 14, 2018 12:22:14 PM net.sf.freecol.server.networking.Server sendToAll
INFO: Reap dead connection: [DummyConnection Server connection - model.nation.dutch]
May 14, 2018 12:22:14 PM net.sf.freecol.server.networking.Server sendToAll
INFO: Reap dead connection: [DummyConnection Server connection - model.nation.spanish]
May 14, 2018 12:22:14 PM net.sf.freecol.server.networking.Server sendToAll
INFO: Reap dead connection: [DummyConnection Server connection - model.nation.tupi]
May 14, 2018 12:22:14 PM net.sf.freecol.common.model.Specification applyDifficultyLevel
INFO: Applying difficulty level model.difficulty.medium
May 14, 2018 12:22:14 PM net.sf.freecol.common.FreeColSeed getFreeColSeed
INFO: Using seed: 4380966376429297432
May 14, 2018 12:22:14 PM net.sf.freecol.server.networking.Server sendToAll
INFO: Reap dead connection: [DummyConnection Server connection - model.nation.sioux]
May 14, 2018 12:22:14 PM net.sf.freecol.server.networking.Server sendToAll
INFO: Reap dead connection: [DummyConnection Server connection - model.nation.aztec]
May 14, 2018 12:22:14 PM net.sf.freecol.server.networking.Server sendToAll
INFO: Reap dead connection: [DummyConnection Server connection - model.nation.arawak]
May 14, 2018 12:22:14 PM net.sf.freecol.server.networking.Server sendToAll
INFO: Reap dead connection: [DummyConnection Server connection - model.nation.spanish]
May 14, 2018 12:22:14 PM net.sf.freecol.server.networking.Server sendToAll
INFO: Reap dead connection: [DummyConnection Server connection - model.nation.iroquois]
May 14, 2018 12:22:14 PM net.sf.freecol.server.networking.Server sendToAll
INFO: Reap dead connection: [DummyConnection Server connection - model.nation.dutch]
May 14, 2018 12:22:14 PM net.sf.freecol.server.networking.Server sendToAll
INFO: Reap dead connection: [DummyConnection Server connection - model.nation.tupi]
May 14, 2018 12:22:14 PM net.sf.freecol.server.networking.Server sendToAll
INFO: Reap dead connection: [DummyConnection Server connection - model.nation.english]
May 14, 2018 12:22:14 PM net.sf.freecol.server.networking.Server sendToAll
INFO: Reap dead connection: [DummyConnection Server connection - model.nation.cherokee]
May 14, 2018 12:22:14 PM net.sf.freecol.server.networking.Server sendToAll
INFO: Reap dead connection: [DummyConnection Server connection - model.nation.french]
May 14, 2018 12:22:14 PM net.sf.freecol.server.networking.Server sendToAll
INFO: Reap dead connection: [DummyConnection Server connection - model.nation.inca]
May 14, 2018 12:22:14 PM net.sf.freecol.server.networking.Server sendToAll
INFO: Reap dead connection: [DummyConnection Server connection - model.nation.apache]
May 14, 2018 12:22:14 PM net.sf.freecol.common.model.Specification applyDifficultyLevel
INFO: Applying difficulty level model.difficulty.medium
May 14, 2018 12:22:14 PM net.sf.freecol.common.FreeColSeed getFreeColSeed
INFO: Using seed: 993546589343474423
May 14, 2018 12:22:14 PM net.sf.freecol.server.networking.Server sendToAll
INFO: Reap dead connection: [DummyConnection Server connection - model.nation.arawak]
May 14, 2018 12:22:14 PM net.sf.freecol.server.networking.Server sendToAll
INFO: Reap dead connection: [DummyConnection Server connection - model.nation.apache]
May 14, 2018 12:22:14 PM net.sf.freecol.server.networking.Server sendToAll
INFO: Reap dead connection: [DummyConnection Server connection - model.nation.aztec]
May 14, 2018 12:22:14 PM net.sf.freecol.server.networking.Server sendToAll
INFO: Reap dead connection: [DummyConnection Server connection - model.nation.french]
May 14, 2018 12:22:14 PM net.sf.freecol.server.networking.Server sendToAll
INFO: Reap dead connection: [DummyConnection Server connection - model.nation.spanish]
May 14, 2018 12:22:14 PM net.sf.freecol.server.networking.Server sendToAll
INFO: Reap dead connection: [DummyConnection Server connection - model.nation.sioux]
May 14, 2018 12:22:14 PM net.sf.freecol.server.networking.Server sendToAll
INFO: Reap dead connection: [DummyConnection Server connection - model.nation.cherokee]
May 14, 2018 12:22:14 PM net.sf.freecol.server.networking.Server sendToAll
INFO: Reap dead connection: [DummyConnection Server connection - model.nation.tupi]
May 14, 2018 12:22:14 PM net.sf.freecol.server.networking.Server sendToAll
INFO: Reap dead connection: [DummyConnection Server connection - model.nation.iroquois]
May 14, 2018 12:22:14 PM net.sf.freecol.server.networking.Server sendToAll
INFO: Reap dead connection: [DummyConnection Server connection - model.nation.english]
May 14, 2018 12:22:14 PM net.sf.freecol.server.networking.Server sendToAll
INFO: Reap dead connection: [DummyConnection Server connection - model.nation.inca]
May 14, 2018 12:22:14 PM net.sf.freecol.server.networking.Server sendToAll
INFO: Reap dead connection: [DummyConnection Server connection - model.nation.dutch]
May 14, 2018 12:22:14 PM net.sf.freecol.common.model.Specification applyDifficultyLevel
INFO: Applying difficulty level model.difficulty.medium
May 14, 2018 12:22:14 PM net.sf.freecol.common.FreeColSeed getFreeColSeed
INFO: Using seed: -9107681550443873588
May 14, 2018 12:22:14 PM net.sf.freecol.server.networking.Server sendToAll
INFO: Reap dead connection: [DummyConnection Server connection - model.nation.iroquois]
May 14, 2018 12:22:14 PM net.sf.freecol.server.networking.Server sendToAll
INFO: Reap dead connection: [DummyConnection Server connection - model.nation.dutch]
May 14, 2018 12:22:14 PM net.sf.freecol.server.networking.Server sendToAll
INFO: Reap dead connection: [DummyConnection Server connection - model.nation.apache]
May 14, 2018 12:22:14 PM net.sf.freecol.server.networking.Server sendToAll
INFO: Reap dead connection: [DummyConnection Server connection - model.nation.french]
May 14, 2018 12:22:14 PM net.sf.freecol.server.networking.Server sendToAll
INFO: Reap dead connection: [DummyConnection Server connection - model.nation.cherokee]
May 14, 2018 12:22:14 PM net.sf.freecol.server.networking.Server sendToAll
INFO: Reap dead connection: [DummyConnection Server connection - model.nation.aztec]
May 14, 2018 12:22:14 PM net.sf.freecol.server.networking.Server sendToAll
INFO: Reap dead connection: [DummyConnection Server connection - model.nation.tupi]
May 14, 2018 12:22:14 PM net.sf.freecol.server.networking.Server sendToAll
INFO: Reap dead connection: [DummyConnection Server connection - model.nation.arawak]
May 14, 2018 12:22:14 PM net.sf.freecol.server.networking.Server sendToAll
INFO: Reap dead connection: [DummyConnection Server connection - model.nation.sioux]
May 14, 2018 12:22:14 PM net.sf.freecol.server.networking.Server sendToAll
INFO: Reap dead connection: [DummyConnection Server connection - model.nation.inca]
May 14, 2018 12:22:14 PM net.sf.freecol.server.networking.Server sendToAll
INFO: Reap dead connection: [DummyConnection Server connection - model.nation.spanish]
May 14, 2018 12:22:14 PM net.sf.freecol.server.networking.Server sendToAll
INFO: Reap dead connection: [DummyConnection Server connection - model.nation.english]
May 14, 2018 12:22:14 PM net.sf.freecol.common.model.Specification applyDifficultyLevel
INFO: Applying difficulty level model.difficulty.medium
May 14, 2018 12:22:14 PM net.sf.freecol.common.FreeColSeed getFreeColSeed
INFO: Using seed: 3522417292038249973
May 14, 2018 12:22:14 PM net.sf.freecol.server.networking.Server sendToAll
INFO: Reap dead connection: [DummyConnection Server connection - model.nation.dutch]
May 14, 2018 12:22:14 PM net.sf.freecol.server.networking.Server sendToAll
INFO: Reap dead connection: [DummyConnection Server connection - model.nation.arawak]
May 14, 2018 12:22:14 PM net.sf.freecol.server.networking.Server sendToAll
INFO: Reap dead connection: [DummyConnection Server connection - model.nation.english]
May 14, 2018 12:22:14 PM net.sf.freecol.server.networking.Server sendToAll
INFO: Reap dead connection: [DummyConnection Server connection - model.nation.french]
May 14, 2018 12:22:14 PM net.sf.freecol.server.networking.Server sendToAll
INFO: Reap dead connection: [DummyConnection Server connection - model.nation.sioux]
May 14, 2018 12:22:14 PM net.sf.freecol.server.networking.Server sendToAll
INFO: Reap dead connection: [DummyConnection Server connection - model.nation.aztec]
May 14, 2018 12:22:14 PM net.sf.freecol.server.networking.Server sendToAll
INFO: Reap dead connection: [DummyConnection Server connection - model.nation.cherokee]
May 14, 2018 12:22:14 PM net.sf.freecol.server.networking.Server sendToAll
INFO: Reap dead connection: [DummyConnection Server connection - model.nation.tupi]
May 14, 2018 12:22:14 PM net.sf.freecol.server.networking.Server sendToAll
INFO: Reap dead connection: [DummyConnection Server connection - model.nation.inca]
May 14, 2018 12:22:14 PM net.sf.freecol.server.networking.Server sendToAll
INFO: Reap dead connection: [DummyConnection Server connection - model.nation.spanish]
May 14, 2018 12:22:14 PM net.sf.freecol.server.networking.Server sendToAll
INFO: Reap dead connection: [DummyConnection Server connection - model.nation.iroquois]
May 14, 2018 12:22:14 PM net.sf.freecol.server.networking.Server sendToAll
INFO: Reap dead connection: [DummyConnection Server connection - model.nation.apache]
May 14, 2018 12:22:14 PM net.sf.freecol.common.model.Specification applyDifficultyLevel
INFO: Applying difficulty level model.difficulty.medium
May 14, 2018 12:22:14 PM net.sf.freecol.common.FreeColSeed getFreeColSeed
INFO: Using seed: -8616635480899834105
May 14, 2018 12:22:14 PM net.sf.freecol.server.networking.Server sendToAll
INFO: Reap dead connection: [DummyConnection Server connection - model.nation.cherokee]
May 14, 2018 12:22:14 PM net.sf.freecol.server.networking.Server sendToAll
INFO: Reap dead connection: [DummyConnection Server connection - model.nation.dutch]
May 14, 2018 12:22:14 PM net.sf.freecol.server.networking.Server sendToAll
INFO: Reap dead connection: [DummyConnection Server connection - model.nation.sioux]
May 14, 2018 12:22:14 PM net.sf.freecol.server.networking.Server sendToAll
INFO: Reap dead connection: [DummyConnection Server connection - model.nation.english]
May 14, 2018 12:22:14 PM net.sf.freecol.server.networking.Server sendToAll
INFO: Reap dead connection: [DummyConnection Server connection - model.nation.tupi]
May 14, 2018 12:22:14 PM net.sf.freecol.server.networking.Server sendToAll
INFO: Reap dead connection: [DummyConnection Server connection - model.nation.arawak]
May 14, 2018 12:22:14 PM net.sf.freecol.server.networking.Server sendToAll
INFO: Reap dead connection: [DummyConnection Server connection - model.nation.french]
May 14, 2018 12:22:14 PM net.sf.freecol.server.networking.Server sendToAll
INFO: Reap dead connection: [DummyConnection Server connection - model.nation.iroquois]
May 14, 2018 12:22:14 PM net.sf.freecol.server.networking.Server sendToAll
INFO: Reap dead connection: [DummyConnection Server connection - model.nation.aztec]
May 14, 2018 12:22:14 PM net.sf.freecol.server.networking.Server sendToAll
INFO: Reap dead connection: [DummyConnection Server connection - model.nation.spanish]
May 14, 2018 12:22:14 PM net.sf.freecol.server.networking.Server sendToAll
INFO: Reap dead connection: [DummyConnection Server connection - model.nation.inca]
May 14, 2018 12:22:14 PM net.sf.freecol.server.networking.Server sendToAll
INFO: Reap dead connection: [DummyConnection Server connection - model.nation.apache]
May 14, 2018 12:22:14 PM net.sf.freecol.common.model.Specification applyDifficultyLevel
INFO: Applying difficulty level model.difficulty.medium
May 14, 2018 12:22:14 PM net.sf.freecol.common.FreeColSeed getFreeColSeed
INFO: Using seed: 6867072031674682886
May 14, 2018 12:22:14 PM net.sf.freecol.server.networking.Server sendToAll
INFO: Reap dead connection: [DummyConnection Server connection - model.nation.apache]
May 14, 2018 12:22:14 PM net.sf.freecol.server.networking.Server sendToAll
INFO: Reap dead connection: [DummyConnection Server connection - model.nation.french]
May 14, 2018 12:22:14 PM net.sf.freecol.server.networking.Server sendToAll
INFO: Reap dead connection: [DummyConnection Server connection - model.nation.tupi]
May 14, 2018 12:22:14 PM net.sf.freecol.server.networking.Server sendToAll
INFO: Reap dead connection: [DummyConnection Server connection - model.nation.iroquois]
May 14, 2018 12:22:14 PM net.sf.freecol.server.networking.Server sendToAll
INFO: Reap dead connection: [DummyConnection Server connection - model.nation.cherokee]
May 14, 2018 12:22:14 PM net.sf.freecol.server.networking.Server sendToAll
INFO: Reap dead connection: [DummyConnection Server connection - model.nation.dutch]
May 14, 2018 12:22:14 PM net.sf.freecol.server.networking.Server sendToAll
INFO: Reap dead connection: [DummyConnection Server connection - model.nation.english]
May 14, 2018 12:22:14 PM net.sf.freecol.server.networking.Server sendToAll
INFO: Reap dead connection: [DummyConnection Server connection - model.nation.sioux]
May 14, 2018 12:22:14 PM net.sf.freecol.server.networking.Server sendToAll
INFO: Reap dead connection: [DummyConnection Server connection - model.nation.spanish]
May 14, 2018 12:22:14 PM net.sf.freecol.server.networking.Server sendToAll
INFO: Reap dead connection: [DummyConnection Server connection - model.nation.aztec]
May 14, 2018 12:22:14 PM net.sf.freecol.server.networking.Server sendToAll
INFO: Reap dead connection: [DummyConnection Server connection - model.nation.inca]
May 14, 2018 12:22:14 PM net.sf.freecol.server.networking.Server sendToAll
INFO: Reap dead connection: [DummyConnection Server connection - model.nation.arawak]
May 14, 2018 12:22:14 PM net.sf.freecol.common.model.Specification applyDifficultyLevel
INFO: Applying difficulty level model.difficulty.medium
May 14, 2018 12:22:14 PM net.sf.freecol.common.FreeColSeed getFreeColSeed
INFO: Using seed: 523036352846758910
May 14, 2018 12:22:14 PM net.sf.freecol.server.networking.Server sendToAll
INFO: Reap dead connection: [DummyConnection Server connection - model.nation.iroquois]
May 14, 2018 12:22:14 PM net.sf.freecol.server.networking.Server sendToAll
INFO: Reap dead connection: [DummyConnection Server connection - model.nation.apache]
May 14, 2018 12:22:14 PM net.sf.freecol.server.networking.Server sendToAll
INFO: Reap dead connection: [DummyConnection Server connection - model.nation.english]
May 14, 2018 12:22:14 PM net.sf.freecol.server.networking.Server sendToAll
INFO: Reap dead connection: [DummyConnection Server connection - model.nation.sioux]
May 14, 2018 12:22:14 PM net.sf.freecol.server.networking.Server sendToAll
INFO: Reap dead connection: [DummyConnection Server connection - model.nation.dutch]
May 14, 2018 12:22:14 PM net.sf.freecol.server.networking.Server sendToAll
INFO: Reap dead connection: [DummyConnection Server connection - model.nation.tupi]
May 14, 2018 12:22:14 PM net.sf.freecol.server.networking.Server sendToAll
INFO: Reap dead connection: [DummyConnection Server connection - model.nation.spanish]
May 14, 2018 12:22:14 PM net.sf.freecol.server.networking.Server sendToAll
INFO: Reap dead connection: [DummyConnection Server connection - model.nation.french]
May 14, 2018 12:22:14 PM net.sf.freecol.server.networking.Server sendToAll
INFO: Reap dead connection: [DummyConnection Server connection - model.nation.aztec]
May 14, 2018 12:22:14 PM net.sf.freecol.server.networking.Server sendToAll
INFO: Reap dead connection: [DummyConnection Server connection - model.nation.cherokee]
May 14, 2018 12:22:14 PM net.sf.freecol.server.networking.Server sendToAll
INFO: Reap dead connection: [DummyConnection Server connection - model.nation.arawak]
May 14, 2018 12:22:14 PM net.sf.freecol.server.networking.Server sendToAll
INFO: Reap dead connection: [DummyConnection Server connection - model.nation.inca]
May 14, 2018 12:22:14 PM net.sf.freecol.common.model.Specification applyDifficultyLevel
INFO: Applying difficulty level model.difficulty.medium
May 14, 2018 12:22:14 PM net.sf.freecol.common.FreeColSeed getFreeColSeed
INFO: Using seed: -42287290751386411
May 14, 2018 12:22:14 PM net.sf.freecol.server.networking.Server sendToAll
INFO: Reap dead connection: [DummyConnection Server connection - model.nation.french]
May 14, 2018 12:22:14 PM net.sf.freecol.server.networking.Server sendToAll
INFO: Reap dead connection: [DummyConnection Server connection - model.nation.aztec]
May 14, 2018 12:22:14 PM net.sf.freecol.server.networking.Server sendToAll
INFO: Reap dead connection: [DummyConnection Server connection - model.nation.sioux]
May 14, 2018 12:22:14 PM net.sf.freecol.server.networking.Server sendToAll
INFO: Reap dead connection: [DummyConnection Server connection - model.nation.spanish]
May 14, 2018 12:22:14 PM net.sf.freecol.server.networking.Server sendToAll
INFO: Reap dead connection: [DummyConnection Server connection - model.nation.dutch]
May 14, 2018 12:22:14 PM net.sf.freecol.server.networking.Server sendToAll
INFO: Reap dead connection: [DummyConnection Server connection - model.nation.inca]
May 14, 2018 12:22:14 PM net.sf.freecol.server.networking.Server sendToAll
INFO: Reap dead connection: [DummyConnection Server connection - model.nation.cherokee]
May 14, 2018 12:22:14 PM net.sf.freecol.server.networking.Server sendToAll
INFO: Reap dead connection: [DummyConnection Server connection - model.nation.tupi]
May 14, 2018 12:22:14 PM net.sf.freecol.server.networking.Server sendToAll
INFO: Reap dead connection: [DummyConnection Server connection - model.nation.english]
May 14, 2018 12:22:14 PM net.sf.freecol.server.networking.Server sendToAll
INFO: Reap dead connection: [DummyConnection Server connection - model.nation.iroquois]
May 14, 2018 12:22:14 PM net.sf.freecol.server.networking.Server sendToAll
INFO: Reap dead connection: [DummyConnection Server connection - model.nation.apache]
May 14, 2018 12:22:14 PM net.sf.freecol.server.networking.Server sendToAll
INFO: Reap dead connection: [DummyConnection Server connection - model.nation.arawak]
May 14, 2018 12:22:14 PM net.sf.freecol.common.model.Specification applyDifficultyLevel
INFO: Applying difficulty level model.difficulty.medium
May 14, 2018 12:22:14 PM net.sf.freecol.common.FreeColSeed getFreeColSeed
INFO: Using seed: 5104979996844825466
May 14, 2018 12:22:14 PM net.sf.freecol.server.networking.Server sendToAll
INFO: Reap dead connection: [DummyConnection Server connection - model.nation.inca]
May 14, 2018 12:22:14 PM net.sf.freecol.server.networking.Server sendToAll
INFO: Reap dead connection: [DummyConnection Server connection - model.nation.dutch]
May 14, 2018 12:22:14 PM net.sf.freecol.server.networking.Server sendToAll
INFO: Reap dead connection: [DummyConnection Server connection - model.nation.aztec]
May 14, 2018 12:22:14 PM net.sf.freecol.server.networking.Server sendToAll
INFO: Reap dead connection: [DummyConnection Server connection - model.nation.english]
May 14, 2018 12:22:14 PM net.sf.freecol.server.networking.Server sendToAll
INFO: Reap dead connection: [DummyConnection Server connection - model.nation.arawak]
May 14, 2018 12:22:14 PM net.sf.freecol.server.networking.Server sendToAll
INFO: Reap dead connection: [DummyConnection Server connection - model.nation.cherokee]
May 14, 2018 12:22:14 PM net.sf.freecol.server.networking.Server sendToAll
INFO: Reap dead connection: [DummyConnection Server connection - model.nation.apache]
May 14, 2018 12:22:14 PM net.sf.freecol.server.networking.Server sendToAll
INFO: Reap dead connection: [DummyConnection Server connection - model.nation.tupi]
May 14, 2018 12:22:14 PM net.sf.freecol.server.networking.Server sendToAll
INFO: Reap dead connection: [DummyConnection Server connection - model.nation.iroquois]
May 14, 2018 12:22:14 PM net.sf.freecol.server.networking.Server sendToAll
INFO: Reap dead connection: [DummyConnection Server connection - model.nation.sioux]
May 14, 2018 12:22:14 PM net.sf.freecol.server.networking.Server sendToAll
INFO: Reap dead connection: [DummyConnection Server connection - model.nation.french]
May 14, 2018 12:22:14 PM net.sf.freecol.server.networking.Server sendToAll
INFO: Reap dead connection: [DummyConnection Server connection - model.nation.spanish]
May 14, 2018 12:22:14 PM net.sf.freecol.common.util.LogBuilder log
INFO: Destroying: unit:271
May 14, 2018 12:22:14 PM net.sf.freecol.common.model.Specification applyDifficultyLevel
INFO: Applying difficulty level model.difficulty.medium
May 14, 2018 12:22:14 PM net.sf.freecol.common.FreeColSeed getFreeColSeed
INFO: Using seed: 645679159959012767
May 14, 2018 12:22:14 PM net.sf.freecol.server.networking.Server sendToAll
INFO: Reap dead connection: [DummyConnection Server connection - model.nation.arawak]
May 14, 2018 12:22:14 PM net.sf.freecol.server.networking.Server sendToAll
INFO: Reap dead connection: [DummyConnection Server connection - model.nation.apache]
May 14, 2018 12:22:14 PM net.sf.freecol.server.networking.Server sendToAll
INFO: Reap dead connection: [DummyConnection Server connection - model.nation.iroquois]
May 14, 2018 12:22:14 PM net.sf.freecol.server.networking.Server sendToAll
INFO: Reap dead connection: [DummyConnection Server connection - model.nation.french]
May 14, 2018 12:22:14 PM net.sf.freecol.server.networking.Server sendToAll
INFO: Reap dead connection: [DummyConnection Server connection - model.nation.dutch]
May 14, 2018 12:22:14 PM net.sf.freecol.server.networking.Server sendToAll
INFO: Reap dead connection: [DummyConnection Server connection - model.nation.english]
May 14, 2018 12:22:14 PM net.sf.freecol.server.networking.Server sendToAll
INFO: Reap dead connection: [DummyConnection Server connection - model.nation.cherokee]
May 14, 2018 12:22:14 PM net.sf.freecol.server.networking.Server sendToAll
INFO: Reap dead connection: [DummyConnection Server connection - model.nation.inca]
May 14, 2018 12:22:14 PM net.sf.freecol.server.networking.Server sendToAll
INFO: Reap dead connection: [DummyConnection Server connection - model.nation.spanish]
May 14, 2018 12:22:14 PM net.sf.freecol.server.networking.Server sendToAll
INFO: Reap dead connection: [DummyConnection Server connection - model.nation.tupi]
May 14, 2018 12:22:14 PM net.sf.freecol.server.networking.Server sendToAll
INFO: Reap dead connection: [DummyConnection Server connection - model.nation.sioux]
May 14, 2018 12:22:14 PM net.sf.freecol.server.networking.Server sendToAll
INFO: Reap dead connection: [DummyConnection Server connection - model.nation.aztec]
May 14, 2018 12:22:14 PM net.sf.freecol.server.model.ServerColony csBuildBuilding
INFO: New building in New Amsterdam: warehouse
May 14, 2018 12:22:14 PM net.sf.freecol.common.model.Specification applyDifficultyLevel
INFO: Applying difficulty level model.difficulty.medium
May 14, 2018 12:22:14 PM net.sf.freecol.common.FreeColSeed getFreeColSeed
INFO: Using seed: -3427377548374788893
May 14, 2018 12:22:14 PM net.sf.freecol.server.networking.Server sendToAll
INFO: Reap dead connection: [DummyConnection Server connection - model.nation.sioux]
May 14, 2018 12:22:14 PM net.sf.freecol.server.networking.Server sendToAll
INFO: Reap dead connection: [DummyConnection Server connection - model.nation.english]
May 14, 2018 12:22:14 PM net.sf.freecol.server.networking.Server sendToAll
INFO: Reap dead connection: [DummyConnection Server connection - model.nation.french]
May 14, 2018 12:22:14 PM net.sf.freecol.server.networking.Server sendToAll
INFO: Reap dead connection: [DummyConnection Server connection - model.nation.spanish]
May 14, 2018 12:22:14 PM net.sf.freecol.server.networking.Server sendToAll
INFO: Reap dead connection: [DummyConnection Server connection - model.nation.aztec]
May 14, 2018 12:22:14 PM net.sf.freecol.server.networking.Server sendToAll
INFO: Reap dead connection: [DummyConnection Server connection - model.nation.tupi]
May 14, 2018 12:22:14 PM net.sf.freecol.server.networking.Server sendToAll
INFO: Reap dead connection: [DummyConnection Server connection - model.nation.inca]
May 14, 2018 12:22:14 PM net.sf.freecol.server.networking.Server sendToAll
INFO: Reap dead connection: [DummyConnection Server connection - model.nation.arawak]
May 14, 2018 12:22:14 PM net.sf.freecol.server.networking.Server sendToAll
INFO: Reap dead connection: [DummyConnection Server connection - model.nation.apache]
May 14, 2018 12:22:14 PM net.sf.freecol.server.networking.Server sendToAll
INFO: Reap dead connection: [DummyConnection Server connection - model.nation.dutch]
May 14, 2018 12:22:14 PM net.sf.freecol.server.networking.Server sendToAll
INFO: Reap dead connection: [DummyConnection Server connection - model.nation.cherokee]
May 14, 2018 12:22:14 PM net.sf.freecol.server.networking.Server sendToAll
INFO: Reap dead connection: [DummyConnection Server connection - model.nation.iroquois]
May 14, 2018 12:22:14 PM net.sf.freecol.server.model.ServerColony csBuildBuilding
INFO: New building in New Amsterdam: lumberMill
May 14, 2018 12:22:14 PM net.sf.freecol.common.model.Specification applyDifficultyLevel
INFO: Applying difficulty level model.difficulty.medium
May 14, 2018 12:22:14 PM net.sf.freecol.common.FreeColSeed getFreeColSeed
INFO: Using seed: -7449033638313958356
May 14, 2018 12:22:14 PM net.sf.freecol.server.networking.Server sendToAll
INFO: Reap dead connection: [DummyConnection Server connection - model.nation.iroquois]
May 14, 2018 12:22:14 PM net.sf.freecol.server.networking.Server sendToAll
INFO: Reap dead connection: [DummyConnection Server connection - model.nation.aztec]
May 14, 2018 12:22:14 PM net.sf.freecol.server.networking.Server sendToAll
INFO: Reap dead connection: [DummyConnection Server connection - model.nation.sioux]
May 14, 2018 12:22:14 PM net.sf.freecol.server.networking.Server sendToAll
INFO: Reap dead connection: [DummyConnection Server connection - model.nation.english]
May 14, 2018 12:22:14 PM net.sf.freecol.server.networking.Server sendToAll
INFO: Reap dead connection: [DummyConnection Server connection - model.nation.dutch]
May 14, 2018 12:22:14 PM net.sf.freecol.server.networking.Server sendToAll
INFO: Reap dead connection: [DummyConnection Server connection - model.nation.apache]
May 14, 2018 12:22:14 PM net.sf.freecol.server.networking.Server sendToAll
INFO: Reap dead connection: [DummyConnection Server connection - model.nation.spanish]
May 14, 2018 12:22:14 PM net.sf.freecol.server.networking.Server sendToAll
INFO: Reap dead connection: [DummyConnection Server connection - model.nation.tupi]
May 14, 2018 12:22:14 PM net.sf.freecol.server.networking.Server sendToAll
INFO: Reap dead connection: [DummyConnection Server connection - model.nation.inca]
May 14, 2018 12:22:14 PM net.sf.freecol.server.networking.Server sendToAll
INFO: Reap dead connection: [DummyConnection Server connection - model.nation.arawak]
May 14, 2018 12:22:14 PM net.sf.freecol.server.networking.Server sendToAll
INFO: Reap dead connection: [DummyConnection Server connection - model.nation.cherokee]
May 14, 2018 12:22:14 PM net.sf.freecol.server.networking.Server sendToAll
INFO: Reap dead connection: [DummyConnection Server connection - model.nation.french]
May 14, 2018 12:22:14 PM net.sf.freecol.server.model.ServerColony csBuildUnit
INFO: New unit in New Amsterdam: freeColonist
May 14, 2018 12:22:14 PM net.sf.freecol.common.model.Specification applyDifficultyLevel
INFO: Applying difficulty level model.difficulty.medium
May 14, 2018 12:22:14 PM net.sf.freecol.common.model.Specification applyDifficultyLevel
INFO: Applying difficulty level model.difficulty.medium
May 14, 2018 12:22:14 PM net.sf.freecol.common.FreeColSeed getFreeColSeed
INFO: Using seed: 480849493320638722
May 14, 2018 12:22:14 PM net.sf.freecol.server.networking.Server sendToAll
INFO: Reap dead connection: [DummyConnection Server connection - model.nation.arawak]
May 14, 2018 12:22:14 PM net.sf.freecol.server.networking.Server sendToAll
INFO: Reap dead connection: [DummyConnection Server connection - model.nation.inca]
May 14, 2018 12:22:14 PM net.sf.freecol.server.networking.Server sendToAll
INFO: Reap dead connection: [DummyConnection Server connection - model.nation.english]
May 14, 2018 12:22:14 PM net.sf.freecol.server.networking.Server sendToAll
INFO: Reap dead connection: [DummyConnection Server connection - model.nation.iroquois]
May 14, 2018 12:22:14 PM net.sf.freecol.server.networking.Server sendToAll
INFO: Reap dead connection: [DummyConnection Server connection - model.nation.apache]
May 14, 2018 12:22:14 PM net.sf.freecol.server.networking.Server sendToAll
INFO: Reap dead connection: [DummyConnection Server connection - model.nation.spanish]
May 14, 2018 12:22:14 PM net.sf.freecol.server.networking.Server sendToAll
INFO: Reap dead connection: [DummyConnection Server connection - model.nation.tupi]
May 14, 2018 12:22:14 PM net.sf.freecol.server.networking.Server sendToAll
INFO: Reap dead connection: [DummyConnection Server connection - model.nation.french]
May 14, 2018 12:22:14 PM net.sf.freecol.server.networking.Server sendToAll
INFO: Reap dead connection: [DummyConnection Server connection - model.nation.aztec]
May 14, 2018 12:22:14 PM net.sf.freecol.server.networking.Server sendToAll
INFO: Reap dead connection: [DummyConnection Server connection - model.nation.sioux]
May 14, 2018 12:22:14 PM net.sf.freecol.server.networking.Server sendToAll
INFO: Reap dead connection: [DummyConnection Server connection - model.nation.dutch]
May 14, 2018 12:22:14 PM net.sf.freecol.server.networking.Server sendToAll
INFO: Reap dead connection: [DummyConnection Server connection - model.nation.cherokee]
May 14, 2018 12:22:14 PM net.sf.freecol.common.model.Specification applyDifficultyLevel
INFO: Applying difficulty level model.difficulty.medium
May 14, 2018 12:22:14 PM net.sf.freecol.common.FreeColSeed getFreeColSeed
INFO: Using seed: -5918657942897104713
May 14, 2018 12:22:14 PM net.sf.freecol.server.networking.Server sendToAll
INFO: Reap dead connection: [DummyConnection Server connection - model.nation.arawak]
May 14, 2018 12:22:14 PM net.sf.freecol.server.networking.Server sendToAll
INFO: Reap dead connection: [DummyConnection Server connection - model.nation.aztec]
May 14, 2018 12:22:14 PM net.sf.freecol.server.networking.Server sendToAll
INFO: Reap dead connection: [DummyConnection Server connection - model.nation.tupi]
May 14, 2018 12:22:14 PM net.sf.freecol.server.networking.Server sendToAll
INFO: Reap dead connection: [DummyConnection Server connection - model.nation.french]
May 14, 2018 12:22:14 PM net.sf.freecol.server.networking.Server sendToAll
INFO: Reap dead connection: [DummyConnection Server connection - model.nation.english]
May 14, 2018 12:22:14 PM net.sf.freecol.server.networking.Server sendToAll
INFO: Reap dead connection: [DummyConnection Server connection - model.nation.dutch]
May 14, 2018 12:22:14 PM net.sf.freecol.server.networking.Server sendToAll
INFO: Reap dead connection: [DummyConnection Server connection - model.nation.sioux]
May 14, 2018 12:22:14 PM net.sf.freecol.server.networking.Server sendToAll
INFO: Reap dead connection: [DummyConnection Server connection - model.nation.spanish]
May 14, 2018 12:22:14 PM net.sf.freecol.server.networking.Server sendToAll
INFO: Reap dead connection: [DummyConnection Server connection - model.nation.apache]
May 14, 2018 12:22:14 PM net.sf.freecol.server.networking.Server sendToAll
INFO: Reap dead connection: [DummyConnection Server connection - model.nation.cherokee]
May 14, 2018 12:22:14 PM net.sf.freecol.server.networking.Server sendToAll
INFO: Reap dead connection: [DummyConnection Server connection - model.nation.iroquois]
May 14, 2018 12:22:14 PM net.sf.freecol.server.networking.Server sendToAll
INFO: Reap dead connection: [DummyConnection Server connection - model.nation.inca]
May 14, 2018 12:22:14 PM net.sf.freecol.common.model.Specification applyDifficultyLevel
INFO: Applying difficulty level model.difficulty.medium
May 14, 2018 12:22:14 PM net.sf.freecol.common.FreeColSeed getFreeColSeed
INFO: Using seed: 1833951994233601445
May 14, 2018 12:22:14 PM net.sf.freecol.server.networking.Server sendToAll
INFO: Reap dead connection: [DummyConnection Server connection - model.nation.iroquois]
May 14, 2018 12:22:14 PM net.sf.freecol.server.networking.Server sendToAll
INFO: Reap dead connection: [DummyConnection Server connection - model.nation.inca]
May 14, 2018 12:22:14 PM net.sf.freecol.server.networking.Server sendToAll
INFO: Reap dead connection: [DummyConnection Server connection - model.nation.french]
May 14, 2018 12:22:14 PM net.sf.freecol.server.networking.Server sendToAll
INFO: Reap dead connection: [DummyConnection Server connection - model.nation.tupi]
May 14, 2018 12:22:14 PM net.sf.freecol.server.networking.Server sendToAll
INFO: Reap dead connection: [DummyConnection Server connection - model.nation.spanish]
May 14, 2018 12:22:14 PM net.sf.freecol.server.networking.Server sendToAll
INFO: Reap dead connection: [DummyConnection Server connection - model.nation.dutch]
May 14, 2018 12:22:14 PM net.sf.freecol.server.networking.Server sendToAll
INFO: Reap dead connection: [DummyConnection Server connection - model.nation.apache]
May 14, 2018 12:22:14 PM net.sf.freecol.server.networking.Server sendToAll
INFO: Reap dead connection: [DummyConnection Server connection - model.nation.cherokee]
May 14, 2018 12:22:14 PM net.sf.freecol.server.networking.Server sendToAll
INFO: Reap dead connection: [DummyConnection Server connection - model.nation.aztec]
May 14, 2018 12:22:14 PM net.sf.freecol.server.networking.Server sendToAll
INFO: Reap dead connection: [DummyConnection Server connection - model.nation.english]
May 14, 2018 12:22:14 PM net.sf.freecol.server.networking.Server sendToAll
INFO: Reap dead connection: [DummyConnection Server connection - model.nation.sioux]
May 14, 2018 12:22:14 PM net.sf.freecol.server.networking.Server sendToAll
INFO: Reap dead connection: [DummyConnection Server connection - model.nation.arawak]
May 14, 2018 12:22:14 PM net.sf.freecol.common.util.LogBuilder log
INFO: Destroying: goodsContainer:252 unit:251
May 14, 2018 12:22:14 PM net.sf.freecol.common.model.Specification applyDifficultyLevel
INFO: Applying difficulty level model.difficulty.medium
May 14, 2018 12:22:14 PM net.sf.freecol.common.FreeColSeed getFreeColSeed
INFO: Using seed: 2904873855940989876
May 14, 2018 12:22:14 PM net.sf.freecol.server.networking.Server sendToAll
INFO: Reap dead connection: [DummyConnection Server connection - model.nation.tupi]
May 14, 2018 12:22:14 PM net.sf.freecol.server.networking.Server sendToAll
INFO: Reap dead connection: [DummyConnection Server connection - model.nation.sioux]
May 14, 2018 12:22:14 PM net.sf.freecol.server.networking.Server sendToAll
INFO: Reap dead connection: [DummyConnection Server connection - model.nation.inca]
May 14, 2018 12:22:14 PM net.sf.freecol.server.networking.Server sendToAll
INFO: Reap dead connection: [DummyConnection Server connection - model.nation.spanish]
May 14, 2018 12:22:14 PM net.sf.freecol.server.networking.Server sendToAll
INFO: Reap dead connection: [DummyConnection Server connection - model.nation.french]
May 14, 2018 12:22:14 PM net.sf.freecol.server.networking.Server sendToAll
INFO: Reap dead connection: [DummyConnection Server connection - model.nation.aztec]
May 14, 2018 12:22:14 PM net.sf.freecol.server.networking.Server sendToAll
INFO: Reap dead connection: [DummyConnection Server connection - model.nation.cherokee]
May 14, 2018 12:22:14 PM net.sf.freecol.server.networking.Server sendToAll
INFO: Reap dead connection: [DummyConnection Server connection - model.nation.iroquois]
May 14, 2018 12:22:14 PM net.sf.freecol.server.networking.Server sendToAll
INFO: Reap dead connection: [DummyConnection Server connection - model.nation.dutch]
May 14, 2018 12:22:14 PM net.sf.freecol.server.networking.Server sendToAll
INFO: Reap dead connection: [DummyConnection Server connection - model.nation.arawak]
May 14, 2018 12:22:14 PM net.sf.freecol.server.networking.Server sendToAll
INFO: Reap dead connection: [DummyConnection Server connection - model.nation.english]
May 14, 2018 12:22:14 PM net.sf.freecol.server.networking.Server sendToAll
INFO: Reap dead connection: [DummyConnection Server connection - model.nation.apache]
May 14, 2018 12:22:14 PM net.sf.freecol.common.model.Specification applyDifficultyLevel
INFO: Applying difficulty level model.difficulty.medium
May 14, 2018 12:22:14 PM net.sf.freecol.common.FreeColSeed getFreeColSeed
INFO: Using seed: 527116397734436572
May 14, 2018 12:22:15 PM net.sf.freecol.server.networking.Server sendToAll
INFO: Reap dead connection: [DummyConnection Server connection - model.nation.inca]
May 14, 2018 12:22:15 PM net.sf.freecol.server.networking.Server sendToAll
INFO: Reap dead connection: [DummyConnection Server connection - model.nation.iroquois]
May 14, 2018 12:22:15 PM net.sf.freecol.server.networking.Server sendToAll
INFO: Reap dead connection: [DummyConnection Server connection - model.nation.english]
May 14, 2018 12:22:15 PM net.sf.freecol.server.networking.Server sendToAll
INFO: Reap dead connection: [DummyConnection Server connection - model.nation.arawak]
May 14, 2018 12:22:15 PM net.sf.freecol.server.networking.Server sendToAll
INFO: Reap dead connection: [DummyConnection Server connection - model.nation.sioux]
May 14, 2018 12:22:15 PM net.sf.freecol.server.networking.Server sendToAll
INFO: Reap dead connection: [DummyConnection Server connection - model.nation.spanish]
May 14, 2018 12:22:15 PM net.sf.freecol.server.networking.Server sendToAll
INFO: Reap dead connection: [DummyConnection Server connection - model.nation.cherokee]
May 14, 2018 12:22:15 PM net.sf.freecol.server.networking.Server sendToAll
INFO: Reap dead connection: [DummyConnection Server connection - model.nation.apache]
May 14, 2018 12:22:15 PM net.sf.freecol.server.networking.Server sendToAll
INFO: Reap dead connection: [DummyConnection Server connection - model.nation.tupi]
May 14, 2018 12:22:15 PM net.sf.freecol.server.networking.Server sendToAll
INFO: Reap dead connection: [DummyConnection Server connection - model.nation.dutch]
May 14, 2018 12:22:15 PM net.sf.freecol.server.networking.Server sendToAll
INFO: Reap dead connection: [DummyConnection Server connection - model.nation.french]
May 14, 2018 12:22:15 PM net.sf.freecol.server.networking.Server sendToAll
INFO: Reap dead connection: [DummyConnection Server connection - model.nation.aztec]
May 14, 2018 12:22:15 PM net.sf.freecol.common.model.Specification applyDifficultyLevel
INFO: Applying difficulty level model.difficulty.medium
May 14, 2018 12:22:15 PM net.sf.freecol.common.FreeColSeed getFreeColSeed
INFO: Using seed: 3678524867791696593
May 14, 2018 12:22:15 PM net.sf.freecol.server.networking.Server sendToAll
INFO: Reap dead connection: [DummyConnection Server connection - model.nation.aztec]
May 14, 2018 12:22:15 PM net.sf.freecol.server.networking.Server sendToAll
INFO: Reap dead connection: [DummyConnection Server connection - model.nation.iroquois]
May 14, 2018 12:22:15 PM net.sf.freecol.server.networking.Server sendToAll
INFO: Reap dead connection: [DummyConnection Server connection - model.nation.inca]
May 14, 2018 12:22:15 PM net.sf.freecol.server.networking.Server sendToAll
INFO: Reap dead connection: [DummyConnection Server connection - model.nation.french]
May 14, 2018 12:22:15 PM net.sf.freecol.server.networking.Server sendToAll
INFO: Reap dead connection: [DummyConnection Server connection - model.nation.arawak]
May 14, 2018 12:22:15 PM net.sf.freecol.server.networking.Server sendToAll
INFO: Reap dead connection: [DummyConnection Server connection - model.nation.tupi]
May 14, 2018 12:22:15 PM net.sf.freecol.server.networking.Server sendToAll
INFO: Reap dead connection: [DummyConnection Server connection - model.nation.sioux]
May 14, 2018 12:22:15 PM net.sf.freecol.server.networking.Server sendToAll
INFO: Reap dead connection: [DummyConnection Server connection - model.nation.dutch]
May 14, 2018 12:22:15 PM net.sf.freecol.server.networking.Server sendToAll
INFO: Reap dead connection: [DummyConnection Server connection - model.nation.english]
May 14, 2018 12:22:15 PM net.sf.freecol.server.networking.Server sendToAll
INFO: Reap dead connection: [DummyConnection Server connection - model.nation.cherokee]
May 14, 2018 12:22:15 PM net.sf.freecol.server.networking.Server sendToAll
INFO: Reap dead connection: [DummyConnection Server connection - model.nation.spanish]
May 14, 2018 12:22:15 PM net.sf.freecol.server.networking.Server sendToAll
INFO: Reap dead connection: [DummyConnection Server connection - model.nation.apache]
May 14, 2018 12:22:15 PM net.sf.freecol.common.model.Specification applyDifficultyLevel
INFO: Applying difficulty level model.difficulty.medium
May 14, 2018 12:22:15 PM net.sf.freecol.common.FreeColSeed getFreeColSeed
INFO: Using seed: 1841922709214353533
May 14, 2018 12:22:15 PM net.sf.freecol.server.networking.Server sendToAll
INFO: Reap dead connection: [DummyConnection Server connection - model.nation.cherokee]
May 14, 2018 12:22:15 PM net.sf.freecol.server.networking.Server sendToAll
INFO: Reap dead connection: [DummyConnection Server connection - model.nation.inca]
May 14, 2018 12:22:15 PM net.sf.freecol.server.networking.Server sendToAll
INFO: Reap dead connection: [DummyConnection Server connection - model.nation.spanish]
May 14, 2018 12:22:15 PM net.sf.freecol.server.networking.Server sendToAll
INFO: Reap dead connection: [DummyConnection Server connection - model.nation.tupi]
May 14, 2018 12:22:15 PM net.sf.freecol.server.networking.Server sendToAll
INFO: Reap dead connection: [DummyConnection Server connection - model.nation.sioux]
May 14, 2018 12:22:15 PM net.sf.freecol.server.networking.Server sendToAll
INFO: Reap dead connection: [DummyConnection Server connection - model.nation.apache]
May 14, 2018 12:22:15 PM net.sf.freecol.server.networking.Server sendToAll
INFO: Reap dead connection: [DummyConnection Server connection - model.nation.dutch]
May 14, 2018 12:22:15 PM net.sf.freecol.server.networking.Server sendToAll
INFO: Reap dead connection: [DummyConnection Server connection - model.nation.english]
May 14, 2018 12:22:15 PM net.sf.freecol.server.networking.Server sendToAll
INFO: Reap dead connection: [DummyConnection Server connection - model.nation.iroquois]
May 14, 2018 12:22:15 PM net.sf.freecol.server.networking.Server sendToAll
INFO: Reap dead connection: [DummyConnection Server connection - model.nation.arawak]
May 14, 2018 12:22:15 PM net.sf.freecol.server.networking.Server sendToAll
INFO: Reap dead connection: [DummyConnection Server connection - model.nation.french]
May 14, 2018 12:22:15 PM net.sf.freecol.server.networking.Server sendToAll
INFO: Reap dead connection: [DummyConnection Server connection - model.nation.aztec]
May 14, 2018 12:22:15 PM net.sf.freecol.server.model.ServerPlayer checkForDeath
INFO: William I alive, can buy colonist.
May 14, 2018 12:22:15 PM net.sf.freecol.common.model.Specification applyDifficultyLevel
INFO: Applying difficulty level model.difficulty.medium
May 14, 2018 12:22:15 PM net.sf.freecol.common.FreeColSeed getFreeColSeed
INFO: Using seed: 8269005859443216331
May 14, 2018 12:22:15 PM net.sf.freecol.server.networking.Server sendToAll
INFO: Reap dead connection: [DummyConnection Server connection - model.nation.tupi]
May 14, 2018 12:22:15 PM net.sf.freecol.server.networking.Server sendToAll
INFO: Reap dead connection: [DummyConnection Server connection - model.nation.english]
May 14, 2018 12:22:15 PM net.sf.freecol.server.networking.Server sendToAll
INFO: Reap dead connection: [DummyConnection Server connection - model.nation.french]
May 14, 2018 12:22:15 PM net.sf.freecol.server.networking.Server sendToAll
INFO: Reap dead connection: [DummyConnection Server connection - model.nation.sioux]
May 14, 2018 12:22:15 PM net.sf.freecol.server.networking.Server sendToAll
INFO: Reap dead connection: [DummyConnection Server connection - model.nation.dutch]
May 14, 2018 12:22:15 PM net.sf.freecol.server.networking.Server sendToAll
INFO: Reap dead connection: [DummyConnection Server connection - model.nation.apache]
May 14, 2018 12:22:15 PM net.sf.freecol.server.networking.Server sendToAll
INFO: Reap dead connection: [DummyConnection Server connection - model.nation.aztec]
May 14, 2018 12:22:15 PM net.sf.freecol.server.networking.Server sendToAll
INFO: Reap dead connection: [DummyConnection Server connection - model.nation.iroquois]
May 14, 2018 12:22:15 PM net.sf.freecol.server.networking.Server sendToAll
INFO: Reap dead connection: [DummyConnection Server connection - model.nation.cherokee]
May 14, 2018 12:22:15 PM net.sf.freecol.server.networking.Server sendToAll
INFO: Reap dead connection: [DummyConnection Server connection - model.nation.spanish]
May 14, 2018 12:22:15 PM net.sf.freecol.server.networking.Server sendToAll
INFO: Reap dead connection: [DummyConnection Server connection - model.nation.arawak]
May 14, 2018 12:22:15 PM net.sf.freecol.server.networking.Server sendToAll
INFO: Reap dead connection: [DummyConnection Server connection - model.nation.inca]
May 14, 2018 12:22:15 PM net.sf.freecol.server.model.ServerPlayer checkForDeath
INFO: William I survives by autorecruit.
May 14, 2018 12:22:15 PM net.sf.freecol.server.model.ServerPlayer checkForDeath
INFO: William I alive, has waiting colonist.
May 14, 2018 12:22:15 PM net.sf.freecol.server.model.ServerPlayer checkForDeath
INFO: William I dead, no presence >= 1600
May 14, 2018 12:22:15 PM net.sf.freecol.common.model.Specification applyDifficultyLevel
INFO: Applying difficulty level model.difficulty.medium
May 14, 2018 12:22:15 PM net.sf.freecol.common.FreeColSeed getFreeColSeed
INFO: Using seed: 2239152245041803138
May 14, 2018 12:22:15 PM net.sf.freecol.server.networking.Server sendToAll
INFO: Reap dead connection: [DummyConnection Server connection - model.nation.apache]
May 14, 2018 12:22:15 PM net.sf.freecol.server.networking.Server sendToAll
INFO: Reap dead connection: [DummyConnection Server connection - model.nation.sioux]
May 14, 2018 12:22:15 PM net.sf.freecol.server.networking.Server sendToAll
INFO: Reap dead connection: [DummyConnection Server connection - model.nation.spanish]
May 14, 2018 12:22:15 PM net.sf.freecol.server.networking.Server sendToAll
INFO: Reap dead connection: [DummyConnection Server connection - model.nation.french]
May 14, 2018 12:22:15 PM net.sf.freecol.server.networking.Server sendToAll
INFO: Reap dead connection: [DummyConnection Server connection - model.nation.inca]
May 14, 2018 12:22:15 PM net.sf.freecol.server.networking.Server sendToAll
INFO: Reap dead connection: [DummyConnection Server connection - model.nation.english]
May 14, 2018 12:22:15 PM net.sf.freecol.server.networking.Server sendToAll
INFO: Reap dead connection: [DummyConnection Server connection - model.nation.iroquois]
May 14, 2018 12:22:15 PM net.sf.freecol.server.networking.Server sendToAll
INFO: Reap dead connection: [DummyConnection Server connection - model.nation.tupi]
May 14, 2018 12:22:15 PM net.sf.freecol.server.networking.Server sendToAll
INFO: Reap dead connection: [DummyConnection Server connection - model.nation.arawak]
May 14, 2018 12:22:15 PM net.sf.freecol.server.networking.Server sendToAll
INFO: Reap dead connection: [DummyConnection Server connection - model.nation.aztec]
May 14, 2018 12:22:15 PM net.sf.freecol.server.networking.Server sendToAll
INFO: Reap dead connection: [DummyConnection Server connection - model.nation.dutch]
May 14, 2018 12:22:15 PM net.sf.freecol.server.networking.Server sendToAll
INFO: Reap dead connection: [DummyConnection Server connection - model.nation.cherokee]
May 14, 2018 12:22:15 PM net.sf.freecol.server.model.ServerPlayer checkForDeath
INFO: William I alive, unit unit:247 on map.
May 14, 2018 12:22:15 PM net.sf.freecol.common.model.Specification applyDifficultyLevel
INFO: Applying difficulty level model.difficulty.medium
May 14, 2018 12:22:15 PM net.sf.freecol.common.FreeColSeed getFreeColSeed
INFO: Using seed: 507434922538140779
May 14, 2018 12:22:15 PM net.sf.freecol.server.networking.Server sendToAll
INFO: Reap dead connection: [DummyConnection Server connection - model.nation.sioux]
May 14, 2018 12:22:15 PM net.sf.freecol.server.networking.Server sendToAll
INFO: Reap dead connection: [DummyConnection Server connection - model.nation.french]
May 14, 2018 12:22:15 PM net.sf.freecol.server.networking.Server sendToAll
INFO: Reap dead connection: [DummyConnection Server connection - model.nation.inca]
May 14, 2018 12:22:15 PM net.sf.freecol.server.networking.Server sendToAll
INFO: Reap dead connection: [DummyConnection Server connection - model.nation.cherokee]
May 14, 2018 12:22:15 PM net.sf.freecol.server.networking.Server sendToAll
INFO: Reap dead connection: [DummyConnection Server connection - model.nation.aztec]
May 14, 2018 12:22:15 PM net.sf.freecol.server.networking.Server sendToAll
INFO: Reap dead connection: [DummyConnection Server connection - model.nation.iroquois]
May 14, 2018 12:22:15 PM net.sf.freecol.server.networking.Server sendToAll
INFO: Reap dead connection: [DummyConnection Server connection - model.nation.apache]
May 14, 2018 12:22:15 PM net.sf.freecol.server.networking.Server sendToAll
INFO: Reap dead connection: [DummyConnection Server connection - model.nation.arawak]
May 14, 2018 12:22:15 PM net.sf.freecol.server.networking.Server sendToAll
INFO: Reap dead connection: [DummyConnection Server connection - model.nation.english]
May 14, 2018 12:22:15 PM net.sf.freecol.server.networking.Server sendToAll
INFO: Reap dead connection: [DummyConnection Server connection - model.nation.spanish]
May 14, 2018 12:22:15 PM net.sf.freecol.server.networking.Server sendToAll
INFO: Reap dead connection: [DummyConnection Server connection - model.nation.tupi]
May 14, 2018 12:22:15 PM net.sf.freecol.server.networking.Server sendToAll
INFO: Reap dead connection: [DummyConnection Server connection - model.nation.dutch]
May 14, 2018 12:22:15 PM net.sf.freecol.common.model.Specification applyDifficultyLevel
INFO: Applying difficulty level model.difficulty.medium
May 14, 2018 12:22:15 PM net.sf.freecol.common.FreeColSeed getFreeColSeed
INFO: Using seed: 8113258520565763747
May 14, 2018 12:22:15 PM net.sf.freecol.server.networking.Server sendToAll
INFO: Reap dead connection: [DummyConnection Server connection - model.nation.french]
May 14, 2018 12:22:15 PM net.sf.freecol.server.networking.Server sendToAll
INFO: Reap dead connection: [DummyConnection Server connection - model.nation.apache]
May 14, 2018 12:22:15 PM net.sf.freecol.server.networking.Server sendToAll
INFO: Reap dead connection: [DummyConnection Server connection - model.nation.inca]
May 14, 2018 12:22:15 PM net.sf.freecol.server.networking.Server sendToAll
INFO: Reap dead connection: [DummyConnection Server connection - model.nation.arawak]
May 14, 2018 12:22:15 PM net.sf.freecol.server.networking.Server sendToAll
INFO: Reap dead connection: [DummyConnection Server connection - model.nation.spanish]
May 14, 2018 12:22:15 PM net.sf.freecol.server.networking.Server sendToAll
INFO: Reap dead connection: [DummyConnection Server connection - model.nation.cherokee]
May 14, 2018 12:22:15 PM net.sf.freecol.server.networking.Server sendToAll
INFO: Reap dead connection: [DummyConnection Server connection - model.nation.iroquois]
May 14, 2018 12:22:15 PM net.sf.freecol.server.networking.Server sendToAll
INFO: Reap dead connection: [DummyConnection Server connection - model.nation.tupi]
May 14, 2018 12:22:15 PM net.sf.freecol.server.networking.Server sendToAll
INFO: Reap dead connection: [DummyConnection Server connection - model.nation.sioux]
May 14, 2018 12:22:15 PM net.sf.freecol.server.networking.Server sendToAll
INFO: Reap dead connection: [DummyConnection Server connection - model.nation.english]
May 14, 2018 12:22:15 PM net.sf.freecol.server.networking.Server sendToAll
INFO: Reap dead connection: [DummyConnection Server connection - model.nation.dutch]
May 14, 2018 12:22:15 PM net.sf.freecol.server.networking.Server sendToAll
INFO: Reap dead connection: [DummyConnection Server connection - model.nation.aztec]
May 14, 2018 12:22:15 PM net.sf.freecol.common.model.Specification applyDifficultyLevel
INFO: Applying difficulty level model.difficulty.medium
May 14, 2018 12:22:15 PM net.sf.freecol.common.FreeColSeed getFreeColSeed
INFO: Using seed: -145861642138043032
May 14, 2018 12:22:15 PM net.sf.freecol.server.networking.Server sendToAll
INFO: Reap dead connection: [DummyConnection Server connection - model.nation.dutch]
May 14, 2018 12:22:15 PM net.sf.freecol.server.networking.Server sendToAll
INFO: Reap dead connection: [DummyConnection Server connection - model.nation.arawak]
May 14, 2018 12:22:15 PM net.sf.freecol.server.networking.Server sendToAll
INFO: Reap dead connection: [DummyConnection Server connection - model.nation.aztec]
May 14, 2018 12:22:15 PM net.sf.freecol.server.networking.Server sendToAll
INFO: Reap dead connection: [DummyConnection Server connection - model.nation.sioux]
May 14, 2018 12:22:15 PM net.sf.freecol.server.networking.Server sendToAll
INFO: Reap dead connection: [DummyConnection Server connection - model.nation.french]
May 14, 2018 12:22:15 PM net.sf.freecol.server.networking.Server sendToAll
INFO: Reap dead connection: [DummyConnection Server connection - model.nation.tupi]
May 14, 2018 12:22:15 PM net.sf.freecol.server.networking.Server sendToAll
INFO: Reap dead connection: [DummyConnection Server connection - model.nation.english]
May 14, 2018 12:22:15 PM net.sf.freecol.server.networking.Server sendToAll
INFO: Reap dead connection: [DummyConnection Server connection - model.nation.iroquois]
May 14, 2018 12:22:15 PM net.sf.freecol.server.networking.Server sendToAll
INFO: Reap dead connection: [DummyConnection Server connection - model.nation.apache]
May 14, 2018 12:22:15 PM net.sf.freecol.server.networking.Server sendToAll
INFO: Reap dead connection: [DummyConnection Server connection - model.nation.spanish]
May 14, 2018 12:22:15 PM net.sf.freecol.server.networking.Server sendToAll
INFO: Reap dead connection: [DummyConnection Server connection - model.nation.inca]
May 14, 2018 12:22:15 PM net.sf.freecol.server.networking.Server sendToAll
INFO: Reap dead connection: [DummyConnection Server connection - model.nation.cherokee]
May 14, 2018 12:22:15 PM net.sf.freecol.server.model.ServerPlayer checkForDeath
INFO: William I alive, has embarked unit.
May 14, 2018 12:22:15 PM net.sf.freecol.server.model.ServerPlayer checkForDeath
INFO: William I dead, no presence >= 1600
May 14, 2018 12:22:15 PM net.sf.freecol.common.model.Specification applyDifficultyLevel
INFO: Applying difficulty level model.difficulty.medium
May 14, 2018 12:22:15 PM net.sf.freecol.common.model.Specification applyDifficultyLevel
INFO: Applying difficulty level model.difficulty.medium
May 14, 2018 12:22:15 PM net.sf.freecol.common.model.Specification applyDifficultyLevel
INFO: Applying difficulty level model.difficulty.medium
May 14, 2018 12:22:15 PM net.sf.freecol.common.FreeColSeed getFreeColSeed
INFO: Using seed: -2845594636183290169
May 14, 2018 12:22:15 PM net.sf.freecol.server.networking.Server sendToAll
INFO: Reap dead connection: [DummyConnection Server connection - model.nation.tupi]
May 14, 2018 12:22:15 PM net.sf.freecol.server.networking.Server sendToAll
INFO: Reap dead connection: [DummyConnection Server connection - model.nation.dutch]
May 14, 2018 12:22:15 PM net.sf.freecol.server.networking.Server sendToAll
INFO: Reap dead connection: [DummyConnection Server connection - model.nation.english]
May 14, 2018 12:22:15 PM net.sf.freecol.server.networking.Server sendToAll
INFO: Reap dead connection: [DummyConnection Server connection - model.nation.inca]
May 14, 2018 12:22:15 PM net.sf.freecol.server.networking.Server sendToAll
INFO: Reap dead connection: [DummyConnection Server connection - model.nation.aztec]
May 14, 2018 12:22:15 PM net.sf.freecol.server.networking.Server sendToAll
INFO: Reap dead connection: [DummyConnection Server connection - model.nation.cherokee]
May 14, 2018 12:22:15 PM net.sf.freecol.server.networking.Server sendToAll
INFO: Reap dead connection: [DummyConnection Server connection - model.nation.french]
May 14, 2018 12:22:15 PM net.sf.freecol.server.networking.Server sendToAll
INFO: Reap dead connection: [DummyConnection Server connection - model.nation.apache]
May 14, 2018 12:22:15 PM net.sf.freecol.server.networking.Server sendToAll
INFO: Reap dead connection: [DummyConnection Server connection - model.nation.spanish]
May 14, 2018 12:22:15 PM net.sf.freecol.server.networking.Server sendToAll
INFO: Reap dead connection: [DummyConnection Server connection - model.nation.arawak]
May 14, 2018 12:22:15 PM net.sf.freecol.server.networking.Server sendToAll
INFO: Reap dead connection: [DummyConnection Server connection - model.nation.iroquois]
May 14, 2018 12:22:15 PM net.sf.freecol.server.networking.Server sendToAll
INFO: Reap dead connection: [DummyConnection Server connection - model.nation.sioux]
May 14, 2018 12:22:15 PM net.sf.freecol.common.model.Specification applyDifficultyLevel
INFO: Applying difficulty level model.difficulty.medium
May 14, 2018 12:22:15 PM net.sf.freecol.common.FreeColSeed getFreeColSeed
INFO: Using seed: 9140869745844249825
May 14, 2018 12:22:15 PM net.sf.freecol.server.networking.Server sendToAll
INFO: Reap dead connection: [DummyConnection Server connection - model.nation.arawak]
May 14, 2018 12:22:15 PM net.sf.freecol.server.networking.Server sendToAll
INFO: Reap dead connection: [DummyConnection Server connection - model.nation.tupi]
May 14, 2018 12:22:15 PM net.sf.freecol.server.networking.Server sendToAll
INFO: Reap dead connection: [DummyConnection Server connection - model.nation.dutch]
May 14, 2018 12:22:15 PM net.sf.freecol.server.networking.Server sendToAll
INFO: Reap dead connection: [DummyConnection Server connection - model.nation.inca]
May 14, 2018 12:22:15 PM net.sf.freecol.server.networking.Server sendToAll
INFO: Reap dead connection: [DummyConnection Server connection - model.nation.french]
May 14, 2018 12:22:15 PM net.sf.freecol.server.networking.Server sendToAll
INFO: Reap dead connection: [DummyConnection Server connection - model.nation.iroquois]
May 14, 2018 12:22:15 PM net.sf.freecol.server.networking.Server sendToAll
INFO: Reap dead connection: [DummyConnection Server connection - model.nation.sioux]
May 14, 2018 12:22:15 PM net.sf.freecol.server.networking.Server sendToAll
INFO: Reap dead connection: [DummyConnection Server connection - model.nation.cherokee]
May 14, 2018 12:22:15 PM net.sf.freecol.server.networking.Server sendToAll
INFO: Reap dead connection: [DummyConnection Server connection - model.nation.english]
May 14, 2018 12:22:15 PM net.sf.freecol.server.networking.Server sendToAll
INFO: Reap dead connection: [DummyConnection Server connection - model.nation.spanish]
May 14, 2018 12:22:15 PM net.sf.freecol.server.networking.Server sendToAll
INFO: Reap dead connection: [DummyConnection Server connection - model.nation.aztec]
May 14, 2018 12:22:15 PM net.sf.freecol.server.networking.Server sendToAll
INFO: Reap dead connection: [DummyConnection Server connection - model.nation.apache]
May 14, 2018 12:22:15 PM net.sf.freecol.common.model.Specification applyDifficultyLevel
INFO: Applying difficulty level model.difficulty.medium
May 14, 2018 12:22:15 PM net.sf.freecol.common.FreeColSeed getFreeColSeed
INFO: Using seed: 6253988107077205658
May 14, 2018 12:22:15 PM net.sf.freecol.server.networking.Server sendToAll
INFO: Reap dead connection: [DummyConnection Server connection - model.nation.arawak]
May 14, 2018 12:22:15 PM net.sf.freecol.server.networking.Server sendToAll
INFO: Reap dead connection: [DummyConnection Server connection - model.nation.inca]
May 14, 2018 12:22:15 PM net.sf.freecol.server.networking.Server sendToAll
INFO: Reap dead connection: [DummyConnection Server connection - model.nation.apache]
May 14, 2018 12:22:15 PM net.sf.freecol.server.networking.Server sendToAll
INFO: Reap dead connection: [DummyConnection Server connection - model.nation.aztec]
May 14, 2018 12:22:15 PM net.sf.freecol.server.networking.Server sendToAll
INFO: Reap dead connection: [DummyConnection Server connection - model.nation.sioux]
May 14, 2018 12:22:15 PM net.sf.freecol.server.networking.Server sendToAll
INFO: Reap dead connection: [DummyConnection Server connection - model.nation.iroquois]
May 14, 2018 12:22:15 PM net.sf.freecol.server.networking.Server sendToAll
INFO: Reap dead connection: [DummyConnection Server connection - model.nation.tupi]
May 14, 2018 12:22:15 PM net.sf.freecol.server.networking.Server sendToAll
INFO: Reap dead connection: [DummyConnection Server connection - model.nation.dutch]
May 14, 2018 12:22:15 PM net.sf.freecol.server.networking.Server sendToAll
INFO: Reap dead connection: [DummyConnection Server connection - model.nation.cherokee]
May 14, 2018 12:22:15 PM net.sf.freecol.server.networking.Server sendToAll
INFO: Reap dead connection: [DummyConnection Server connection - model.nation.french]
May 14, 2018 12:22:15 PM net.sf.freecol.server.networking.Server sendToAll
INFO: Reap dead connection: [DummyConnection Server connection - model.nation.spanish]
May 14, 2018 12:22:15 PM net.sf.freecol.server.networking.Server sendToAll
INFO: Reap dead connection: [DummyConnection Server connection - model.nation.english]
May 14, 2018 12:22:15 PM net.sf.freecol.server.model.ServerPlayer checkForDeath
INFO: William I dead, can not buy carrier.
May 14, 2018 12:22:15 PM net.sf.freecol.common.model.Specification applyDifficultyLevel
INFO: Applying difficulty level model.difficulty.medium
May 14, 2018 12:22:15 PM net.sf.freecol.common.FreeColSeed getFreeColSeed
INFO: Using seed: 4068171932682677255
May 14, 2018 12:22:15 PM net.sf.freecol.server.networking.Server sendToAll
INFO: Reap dead connection: [DummyConnection Server connection - model.nation.iroquois]
May 14, 2018 12:22:15 PM net.sf.freecol.server.networking.Server sendToAll
INFO: Reap dead connection: [DummyConnection Server connection - model.nation.inca]
May 14, 2018 12:22:15 PM net.sf.freecol.server.networking.Server sendToAll
INFO: Reap dead connection: [DummyConnection Server connection - model.nation.arawak]
May 14, 2018 12:22:15 PM net.sf.freecol.server.networking.Server sendToAll
INFO: Reap dead connection: [DummyConnection Server connection - model.nation.tupi]
May 14, 2018 12:22:15 PM net.sf.freecol.server.networking.Server sendToAll
INFO: Reap dead connection: [DummyConnection Server connection - model.nation.aztec]
May 14, 2018 12:22:15 PM net.sf.freecol.server.networking.Server sendToAll
INFO: Reap dead connection: [DummyConnection Server connection - model.nation.english]
May 14, 2018 12:22:15 PM net.sf.freecol.server.networking.Server sendToAll
INFO: Reap dead connection: [DummyConnection Server connection - model.nation.spanish]
May 14, 2018 12:22:15 PM net.sf.freecol.server.networking.Server sendToAll
INFO: Reap dead connection: [DummyConnection Server connection - model.nation.cherokee]
May 14, 2018 12:22:15 PM net.sf.freecol.server.networking.Server sendToAll
INFO: Reap dead connection: [DummyConnection Server connection - model.nation.apache]
May 14, 2018 12:22:15 PM net.sf.freecol.server.networking.Server sendToAll
INFO: Reap dead connection: [DummyConnection Server connection - model.nation.sioux]
May 14, 2018 12:22:15 PM net.sf.freecol.server.networking.Server sendToAll
INFO: Reap dead connection: [DummyConnection Server connection - model.nation.dutch]
May 14, 2018 12:22:15 PM net.sf.freecol.server.networking.Server sendToAll
INFO: Reap dead connection: [DummyConnection Server connection - model.nation.french]
May 14, 2018 12:22:15 PM net.sf.freecol.server.model.ServerPlayer checkForDeath
INFO: William I alive, has embarked unit.
May 14, 2018 12:22:15 PM net.sf.freecol.server.model.ServerPlayer checkForDeath
INFO: William I dead, no presence >= 1600
May 14, 2018 12:22:15 PM net.sf.freecol.common.model.Specification applyDifficultyLevel
INFO: Applying difficulty level model.difficulty.medium
May 14, 2018 12:22:15 PM net.sf.freecol.common.FreeColSeed getFreeColSeed
INFO: Using seed: -733736718004352060
May 14, 2018 12:22:15 PM net.sf.freecol.server.networking.Server sendToAll
INFO: Reap dead connection: [DummyConnection Server connection - model.nation.iroquois]
May 14, 2018 12:22:15 PM net.sf.freecol.server.networking.Server sendToAll
INFO: Reap dead connection: [DummyConnection Server connection - model.nation.tupi]
May 14, 2018 12:22:15 PM net.sf.freecol.server.networking.Server sendToAll
INFO: Reap dead connection: [DummyConnection Server connection - model.nation.aztec]
May 14, 2018 12:22:15 PM net.sf.freecol.server.networking.Server sendToAll
INFO: Reap dead connection: [DummyConnection Server connection - model.nation.sioux]
May 14, 2018 12:22:15 PM net.sf.freecol.server.networking.Server sendToAll
INFO: Reap dead connection: [DummyConnection Server connection - model.nation.dutch]
May 14, 2018 12:22:15 PM net.sf.freecol.server.networking.Server sendToAll
INFO: Reap dead connection: [DummyConnection Server connection - model.nation.apache]
May 14, 2018 12:22:15 PM net.sf.freecol.server.networking.Server sendToAll
INFO: Reap dead connection: [DummyConnection Server connection - model.nation.spanish]
May 14, 2018 12:22:15 PM net.sf.freecol.server.networking.Server sendToAll
INFO: Reap dead connection: [DummyConnection Server connection - model.nation.inca]
May 14, 2018 12:22:15 PM net.sf.freecol.server.networking.Server sendToAll
INFO: Reap dead connection: [DummyConnection Server connection - model.nation.cherokee]
May 14, 2018 12:22:15 PM net.sf.freecol.server.networking.Server sendToAll
INFO: Reap dead connection: [DummyConnection Server connection - model.nation.french]
May 14, 2018 12:22:15 PM net.sf.freecol.server.networking.Server sendToAll
INFO: Reap dead connection: [DummyConnection Server connection - model.nation.english]
May 14, 2018 12:22:15 PM net.sf.freecol.server.networking.Server sendToAll
INFO: Reap dead connection: [DummyConnection Server connection - model.nation.arawak]
May 14, 2018 12:22:15 PM net.sf.freecol.common.model.MarketData price
INFO: Clamped price fall for marketData:67 from 10 to 16
May 14, 2018 12:22:15 PM net.sf.freecol.common.model.Specification applyDifficultyLevel
INFO: Applying difficulty level model.difficulty.medium
May 14, 2018 12:22:15 PM net.sf.freecol.common.FreeColSeed getFreeColSeed
INFO: Using seed: 7082952218767877173
May 14, 2018 12:22:15 PM net.sf.freecol.server.networking.Server sendToAll
INFO: Reap dead connection: [DummyConnection Server connection - model.nation.iroquois]
May 14, 2018 12:22:15 PM net.sf.freecol.server.networking.Server sendToAll
INFO: Reap dead connection: [DummyConnection Server connection - model.nation.apache]
May 14, 2018 12:22:15 PM net.sf.freecol.server.networking.Server sendToAll
INFO: Reap dead connection: [DummyConnection Server connection - model.nation.tupi]
May 14, 2018 12:22:15 PM net.sf.freecol.server.networking.Server sendToAll
INFO: Reap dead connection: [DummyConnection Server connection - model.nation.sioux]
May 14, 2018 12:22:15 PM net.sf.freecol.server.networking.Server sendToAll
INFO: Reap dead connection: [DummyConnection Server connection - model.nation.french]
May 14, 2018 12:22:15 PM net.sf.freecol.server.networking.Server sendToAll
INFO: Reap dead connection: [DummyConnection Server connection - model.nation.english]
May 14, 2018 12:22:15 PM net.sf.freecol.server.networking.Server sendToAll
INFO: Reap dead connection: [DummyConnection Server connection - model.nation.spanish]
May 14, 2018 12:22:15 PM net.sf.freecol.server.networking.Server sendToAll
INFO: Reap dead connection: [DummyConnection Server connection - model.nation.aztec]
May 14, 2018 12:22:15 PM net.sf.freecol.server.networking.Server sendToAll
INFO: Reap dead connection: [DummyConnection Server connection - model.nation.cherokee]
May 14, 2018 12:22:15 PM net.sf.freecol.server.networking.Server sendToAll
INFO: Reap dead connection: [DummyConnection Server connection - model.nation.dutch]
May 14, 2018 12:22:15 PM net.sf.freecol.server.networking.Server sendToAll
INFO: Reap dead connection: [DummyConnection Server connection - model.nation.inca]
May 14, 2018 12:22:15 PM net.sf.freecol.server.networking.Server sendToAll
INFO: Reap dead connection: [DummyConnection Server connection - model.nation.arawak]
May 14, 2018 12:22:15 PM net.sf.freecol.common.model.MarketData price
INFO: Clamped price fall for marketData:88 from 13 to 16
May 14, 2018 12:22:15 PM net.sf.freecol.common.model.Specification applyDifficultyLevel
INFO: Applying difficulty level model.difficulty.medium
May 14, 2018 12:22:15 PM net.sf.freecol.common.FreeColSeed getFreeColSeed
INFO: Using seed: -1904626251899273981
May 14, 2018 12:22:15 PM net.sf.freecol.server.networking.Server sendToAll
INFO: Reap dead connection: [DummyConnection Server connection - model.nation.french]
May 14, 2018 12:22:15 PM net.sf.freecol.server.networking.Server sendToAll
INFO: Reap dead connection: [DummyConnection Server connection - model.nation.spanish]
May 14, 2018 12:22:15 PM net.sf.freecol.server.networking.Server sendToAll
INFO: Reap dead connection: [DummyConnection Server connection - model.nation.dutch]
May 14, 2018 12:22:15 PM net.sf.freecol.server.networking.Server sendToAll
INFO: Reap dead connection: [DummyConnection Server connection - model.nation.apache]
May 14, 2018 12:22:15 PM net.sf.freecol.server.networking.Server sendToAll
INFO: Reap dead connection: [DummyConnection Server connection - model.nation.sioux]
May 14, 2018 12:22:15 PM net.sf.freecol.server.networking.Server sendToAll
INFO: Reap dead connection: [DummyConnection Server connection - model.nation.english]
May 14, 2018 12:22:15 PM net.sf.freecol.server.networking.Server sendToAll
INFO: Reap dead connection: [DummyConnection Server connection - model.nation.inca]
May 14, 2018 12:22:15 PM net.sf.freecol.server.networking.Server sendToAll
INFO: Reap dead connection: [DummyConnection Server connection - model.nation.aztec]
May 14, 2018 12:22:15 PM net.sf.freecol.server.networking.Server sendToAll
INFO: Reap dead connection: [DummyConnection Server connection - model.nation.iroquois]
May 14, 2018 12:22:15 PM net.sf.freecol.server.networking.Server sendToAll
INFO: Reap dead connection: [DummyConnection Server connection - model.nation.tupi]
May 14, 2018 12:22:15 PM net.sf.freecol.server.networking.Server sendToAll
INFO: Reap dead connection: [DummyConnection Server connection - model.nation.arawak]
May 14, 2018 12:22:15 PM net.sf.freecol.server.networking.Server sendToAll
INFO: Reap dead connection: [DummyConnection Server connection - model.nation.cherokee]
May 14, 2018 12:22:15 PM net.sf.freecol.common.networking.DOMMessage clientError
WARNING: Carrier not at location: New Amsterdam
May 14, 2018 12:22:15 PM net.sf.freecol.common.networking.DOMMessage clientError
WARNING: Too much goods
May 14, 2018 12:22:15 PM net.sf.freecol.common.networking.DOMMessage clientError
WARNING: Too much goods
May 14, 2018 12:22:15 PM net.sf.freecol.common.model.Specification applyDifficultyLevel
INFO: Applying difficulty level model.difficulty.medium
May 14, 2018 12:22:15 PM net.sf.freecol.common.FreeColSeed getFreeColSeed
INFO: Using seed: -2915277421870053236
May 14, 2018 12:22:15 PM net.sf.freecol.server.networking.Server sendToAll
INFO: Reap dead connection: [DummyConnection Server connection - model.nation.arawak]
May 14, 2018 12:22:15 PM net.sf.freecol.server.networking.Server sendToAll
INFO: Reap dead connection: [DummyConnection Server connection - model.nation.sioux]
May 14, 2018 12:22:15 PM net.sf.freecol.server.networking.Server sendToAll
INFO: Reap dead connection: [DummyConnection Server connection - model.nation.inca]
May 14, 2018 12:22:15 PM net.sf.freecol.server.networking.Server sendToAll
INFO: Reap dead connection: [DummyConnection Server connection - model.nation.aztec]
May 14, 2018 12:22:15 PM net.sf.freecol.server.networking.Server sendToAll
INFO: Reap dead connection: [DummyConnection Server connection - model.nation.iroquois]
May 14, 2018 12:22:15 PM net.sf.freecol.server.networking.Server sendToAll
INFO: Reap dead connection: [DummyConnection Server connection - model.nation.tupi]
May 14, 2018 12:22:15 PM net.sf.freecol.server.networking.Server sendToAll
INFO: Reap dead connection: [DummyConnection Server connection - model.nation.french]
May 14, 2018 12:22:15 PM net.sf.freecol.server.networking.Server sendToAll
INFO: Reap dead connection: [DummyConnection Server connection - model.nation.english]
May 14, 2018 12:22:15 PM net.sf.freecol.server.networking.Server sendToAll
INFO: Reap dead connection: [DummyConnection Server connection - model.nation.apache]
May 14, 2018 12:22:15 PM net.sf.freecol.server.networking.Server sendToAll
INFO: Reap dead connection: [DummyConnection Server connection - model.nation.cherokee]
May 14, 2018 12:22:15 PM net.sf.freecol.server.networking.Server sendToAll
INFO: Reap dead connection: [DummyConnection Server connection - model.nation.dutch]
May 14, 2018 12:22:15 PM net.sf.freecol.server.networking.Server sendToAll
INFO: Reap dead connection: [DummyConnection Server connection - model.nation.spanish]
May 14, 2018 12:22:15 PM net.sf.freecol.common.model.Unit setLocation
WARNING: Can not add [unit:249 dutch privateer 8/8] to tile:491
May 14, 2018 12:22:15 PM net.sf.freecol.common.networking.DOMMessage clientError
WARNING: Player William I tried to buy 10 cotton
May 14, 2018 12:22:15 PM net.sf.freecol.common.networking.DOMMessage clientError
WARNING: Carrier not in Europe: Europe
May 14, 2018 12:22:15 PM net.sf.freecol.common.networking.DOMMessage clientError
WARNING: Can not trade boycotted goods
May 14, 2018 12:22:15 PM net.sf.freecol.common.model.Specification applyDifficultyLevel
INFO: Applying difficulty level model.difficulty.medium
May 14, 2018 12:22:15 PM net.sf.freecol.common.FreeColSeed getFreeColSeed
INFO: Using seed: -5938802326153069981
May 14, 2018 12:22:15 PM net.sf.freecol.server.networking.Server sendToAll
INFO: Reap dead connection: [DummyConnection Server connection - model.nation.dutch]
May 14, 2018 12:22:15 PM net.sf.freecol.server.networking.Server sendToAll
INFO: Reap dead connection: [DummyConnection Server connection - model.nation.aztec]
May 14, 2018 12:22:15 PM net.sf.freecol.server.networking.Server sendToAll
INFO: Reap dead connection: [DummyConnection Server connection - model.nation.arawak]
May 14, 2018 12:22:15 PM net.sf.freecol.server.networking.Server sendToAll
INFO: Reap dead connection: [DummyConnection Server connection - model.nation.sioux]
May 14, 2018 12:22:15 PM net.sf.freecol.server.networking.Server sendToAll
INFO: Reap dead connection: [DummyConnection Server connection - model.nation.english]
May 14, 2018 12:22:15 PM net.sf.freecol.server.networking.Server sendToAll
INFO: Reap dead connection: [DummyConnection Server connection - model.nation.cherokee]
May 14, 2018 12:22:15 PM net.sf.freecol.server.networking.Server sendToAll
INFO: Reap dead connection: [DummyConnection Server connection - model.nation.iroquois]
May 14, 2018 12:22:15 PM net.sf.freecol.server.networking.Server sendToAll
INFO: Reap dead connection: [DummyConnection Server connection - model.nation.apache]
May 14, 2018 12:22:15 PM net.sf.freecol.server.networking.Server sendToAll
INFO: Reap dead connection: [DummyConnection Server connection - model.nation.inca]
May 14, 2018 12:22:15 PM net.sf.freecol.server.networking.Server sendToAll
INFO: Reap dead connection: [DummyConnection Server connection - model.nation.spanish]
May 14, 2018 12:22:15 PM net.sf.freecol.server.networking.Server sendToAll
INFO: Reap dead connection: [DummyConnection Server connection - model.nation.tupi]
May 14, 2018 12:22:15 PM net.sf.freecol.server.networking.Server sendToAll
INFO: Reap dead connection: [DummyConnection Server connection - model.nation.french]
May 14, 2018 12:22:15 PM net.sf.freecol.common.model.Specification applyDifficultyLevel
INFO: Applying difficulty level model.difficulty.medium
May 14, 2018 12:22:15 PM net.sf.freecol.common.FreeColSeed getFreeColSeed
INFO: Using seed: -6485974095047294645
May 14, 2018 12:22:15 PM net.sf.freecol.server.networking.Server sendToAll
INFO: Reap dead connection: [DummyConnection Server connection - model.nation.cherokee]
May 14, 2018 12:22:15 PM net.sf.freecol.server.networking.Server sendToAll
INFO: Reap dead connection: [DummyConnection Server connection - model.nation.aztec]
May 14, 2018 12:22:15 PM net.sf.freecol.server.networking.Server sendToAll
INFO: Reap dead connection: [DummyConnection Server connection - model.nation.sioux]
May 14, 2018 12:22:15 PM net.sf.freecol.server.networking.Server sendToAll
INFO: Reap dead connection: [DummyConnection Server connection - model.nation.french]
May 14, 2018 12:22:15 PM net.sf.freecol.server.networking.Server sendToAll
INFO: Reap dead connection: [DummyConnection Server connection - model.nation.tupi]
May 14, 2018 12:22:15 PM net.sf.freecol.server.networking.Server sendToAll
INFO: Reap dead connection: [DummyConnection Server connection - model.nation.apache]
May 14, 2018 12:22:15 PM net.sf.freecol.server.networking.Server sendToAll
INFO: Reap dead connection: [DummyConnection Server connection - model.nation.iroquois]
May 14, 2018 12:22:15 PM net.sf.freecol.server.networking.Server sendToAll
INFO: Reap dead connection: [DummyConnection Server connection - model.nation.arawak]
May 14, 2018 12:22:15 PM net.sf.freecol.server.networking.Server sendToAll
INFO: Reap dead connection: [DummyConnection Server connection - model.nation.english]
May 14, 2018 12:22:15 PM net.sf.freecol.server.networking.Server sendToAll
INFO: Reap dead connection: [DummyConnection Server connection - model.nation.inca]
May 14, 2018 12:22:15 PM net.sf.freecol.server.networking.Server sendToAll
INFO: Reap dead connection: [DummyConnection Server connection - model.nation.spanish]
May 14, 2018 12:22:15 PM net.sf.freecol.server.networking.Server sendToAll
INFO: Reap dead connection: [DummyConnection Server connection - model.nation.dutch]
May 14, 2018 12:22:15 PM net.sf.freecol.common.model.Specification applyDifficultyLevel
INFO: Applying difficulty level model.difficulty.medium
May 14, 2018 12:22:15 PM net.sf.freecol.common.FreeColSeed getFreeColSeed
INFO: Using seed: 9132699439960461878
May 14, 2018 12:22:15 PM net.sf.freecol.server.networking.Server sendToAll
INFO: Reap dead connection: [DummyConnection Server connection - model.nation.dutch]
May 14, 2018 12:22:15 PM net.sf.freecol.server.networking.Server sendToAll
INFO: Reap dead connection: [DummyConnection Server connection - model.nation.english]
May 14, 2018 12:22:15 PM net.sf.freecol.server.networking.Server sendToAll
INFO: Reap dead connection: [DummyConnection Server connection - model.nation.arawak]
May 14, 2018 12:22:15 PM net.sf.freecol.server.networking.Server sendToAll
INFO: Reap dead connection: [DummyConnection Server connection - model.nation.tupi]
May 14, 2018 12:22:15 PM net.sf.freecol.server.networking.Server sendToAll
INFO: Reap dead connection: [DummyConnection Server connection - model.nation.spanish]
May 14, 2018 12:22:15 PM net.sf.freecol.server.networking.Server sendToAll
INFO: Reap dead connection: [DummyConnection Server connection - model.nation.apache]
May 14, 2018 12:22:15 PM net.sf.freecol.server.networking.Server sendToAll
INFO: Reap dead connection: [DummyConnection Server connection - model.nation.inca]
May 14, 2018 12:22:15 PM net.sf.freecol.server.networking.Server sendToAll
INFO: Reap dead connection: [DummyConnection Server connection - model.nation.iroquois]
May 14, 2018 12:22:15 PM net.sf.freecol.server.networking.Server sendToAll
INFO: Reap dead connection: [DummyConnection Server connection - model.nation.cherokee]
May 14, 2018 12:22:15 PM net.sf.freecol.server.networking.Server sendToAll
INFO: Reap dead connection: [DummyConnection Server connection - model.nation.aztec]
May 14, 2018 12:22:15 PM net.sf.freecol.server.networking.Server sendToAll
INFO: Reap dead connection: [DummyConnection Server connection - model.nation.sioux]
May 14, 2018 12:22:15 PM net.sf.freecol.server.networking.Server sendToAll
INFO: Reap dead connection: [DummyConnection Server connection - model.nation.french]
May 14, 2018 12:22:15 PM net.sf.freecol.common.util.LogBuilder log
INFO: Destroying: tileImprovement:248
May 14, 2018 12:22:15 PM net.sf.freecol.common.model.Specification applyDifficultyLevel
INFO: Applying difficulty level model.difficulty.medium
May 14, 2018 12:22:15 PM net.sf.freecol.common.FreeColSeed getFreeColSeed
INFO: Using seed: -1225383575200879695
May 14, 2018 12:22:15 PM net.sf.freecol.server.networking.Server sendToAll
INFO: Reap dead connection: [DummyConnection Server connection - model.nation.iroquois]
May 14, 2018 12:22:15 PM net.sf.freecol.server.networking.Server sendToAll
INFO: Reap dead connection: [DummyConnection Server connection - model.nation.arawak]
May 14, 2018 12:22:15 PM net.sf.freecol.server.networking.Server sendToAll
INFO: Reap dead connection: [DummyConnection Server connection - model.nation.spanish]
May 14, 2018 12:22:15 PM net.sf.freecol.server.networking.Server sendToAll
INFO: Reap dead connection: [DummyConnection Server connection - model.nation.english]
May 14, 2018 12:22:15 PM net.sf.freecol.server.networking.Server sendToAll
INFO: Reap dead connection: [DummyConnection Server connection - model.nation.french]
May 14, 2018 12:22:15 PM net.sf.freecol.server.networking.Server sendToAll
INFO: Reap dead connection: [DummyConnection Server connection - model.nation.aztec]
May 14, 2018 12:22:15 PM net.sf.freecol.server.networking.Server sendToAll
INFO: Reap dead connection: [DummyConnection Server connection - model.nation.cherokee]
May 14, 2018 12:22:15 PM net.sf.freecol.server.networking.Server sendToAll
INFO: Reap dead connection: [DummyConnection Server connection - model.nation.dutch]
May 14, 2018 12:22:15 PM net.sf.freecol.server.networking.Server sendToAll
INFO: Reap dead connection: [DummyConnection Server connection - model.nation.tupi]
May 14, 2018 12:22:15 PM net.sf.freecol.server.networking.Server sendToAll
INFO: Reap dead connection: [DummyConnection Server connection - model.nation.sioux]
May 14, 2018 12:22:15 PM net.sf.freecol.server.networking.Server sendToAll
INFO: Reap dead connection: [DummyConnection Server connection - model.nation.apache]
May 14, 2018 12:22:15 PM net.sf.freecol.server.networking.Server sendToAll
INFO: Reap dead connection: [DummyConnection Server connection - model.nation.inca]
May 14, 2018 12:22:15 PM net.sf.freecol.common.util.LogBuilder log
INFO: Destroying: tileImprovement:252
May 14, 2018 12:22:15 PM net.sf.freecol.common.model.Specification applyDifficultyLevel
INFO: Applying difficulty level model.difficulty.medium
May 14, 2018 12:22:15 PM net.sf.freecol.common.FreeColSeed getFreeColSeed
INFO: Using seed: 5228303578201721937
May 14, 2018 12:22:15 PM net.sf.freecol.server.networking.Server sendToAll
INFO: Reap dead connection: [DummyConnection Server connection - model.nation.apache]
May 14, 2018 12:22:15 PM net.sf.freecol.server.networking.Server sendToAll
INFO: Reap dead connection: [DummyConnection Server connection - model.nation.tupi]
May 14, 2018 12:22:15 PM net.sf.freecol.server.networking.Server sendToAll
INFO: Reap dead connection: [DummyConnection Server connection - model.nation.iroquois]
May 14, 2018 12:22:15 PM net.sf.freecol.server.networking.Server sendToAll
INFO: Reap dead connection: [DummyConnection Server connection - model.nation.dutch]
May 14, 2018 12:22:15 PM net.sf.freecol.server.networking.Server sendToAll
INFO: Reap dead connection: [DummyConnection Server connection - model.nation.inca]
May 14, 2018 12:22:15 PM net.sf.freecol.server.networking.Server sendToAll
INFO: Reap dead connection: [DummyConnection Server connection - model.nation.aztec]
May 14, 2018 12:22:15 PM net.sf.freecol.server.networking.Server sendToAll
INFO: Reap dead connection: [DummyConnection Server connection - model.nation.french]
May 14, 2018 12:22:15 PM net.sf.freecol.server.networking.Server sendToAll
INFO: Reap dead connection: [DummyConnection Server connection - model.nation.english]
May 14, 2018 12:22:15 PM net.sf.freecol.server.networking.Server sendToAll
INFO: Reap dead connection: [DummyConnection Server connection - model.nation.arawak]
May 14, 2018 12:22:15 PM net.sf.freecol.server.networking.Server sendToAll
INFO: Reap dead connection: [DummyConnection Server connection - model.nation.sioux]
May 14, 2018 12:22:15 PM net.sf.freecol.server.networking.Server sendToAll
INFO: Reap dead connection: [DummyConnection Server connection - model.nation.cherokee]
May 14, 2018 12:22:15 PM net.sf.freecol.server.networking.Server sendToAll
INFO: Reap dead connection: [DummyConnection Server connection - model.nation.spanish]
May 14, 2018 12:22:15 PM net.sf.freecol.common.model.Specification applyDifficultyLevel
INFO: Applying difficulty level model.difficulty.medium
May 14, 2018 12:22:15 PM net.sf.freecol.common.FreeColSeed getFreeColSeed
INFO: Using seed: -5276437089723415737
May 14, 2018 12:22:16 PM net.sf.freecol.server.networking.Server sendToAll
INFO: Reap dead connection: [DummyConnection Server connection - model.nation.arawak]
May 14, 2018 12:22:16 PM net.sf.freecol.server.networking.Server sendToAll
INFO: Reap dead connection: [DummyConnection Server connection - model.nation.cherokee]
May 14, 2018 12:22:16 PM net.sf.freecol.server.networking.Server sendToAll
INFO: Reap dead connection: [DummyConnection Server connection - model.nation.aztec]
May 14, 2018 12:22:16 PM net.sf.freecol.server.networking.Server sendToAll
INFO: Reap dead connection: [DummyConnection Server connection - model.nation.spanish]
May 14, 2018 12:22:16 PM net.sf.freecol.server.networking.Server sendToAll
INFO: Reap dead connection: [DummyConnection Server connection - model.nation.sioux]
May 14, 2018 12:22:16 PM net.sf.freecol.server.networking.Server sendToAll
INFO: Reap dead connection: [DummyConnection Server connection - model.nation.english]
May 14, 2018 12:22:16 PM net.sf.freecol.server.networking.Server sendToAll
INFO: Reap dead connection: [DummyConnection Server connection - model.nation.dutch]
May 14, 2018 12:22:16 PM net.sf.freecol.server.networking.Server sendToAll
INFO: Reap dead connection: [DummyConnection Server connection - model.nation.iroquois]
May 14, 2018 12:22:16 PM net.sf.freecol.server.networking.Server sendToAll
INFO: Reap dead connection: [DummyConnection Server connection - model.nation.french]
May 14, 2018 12:22:16 PM net.sf.freecol.server.networking.Server sendToAll
INFO: Reap dead connection: [DummyConnection Server connection - model.nation.tupi]
May 14, 2018 12:22:16 PM net.sf.freecol.server.networking.Server sendToAll
INFO: Reap dead connection: [DummyConnection Server connection - model.nation.inca]
May 14, 2018 12:22:16 PM net.sf.freecol.server.networking.Server sendToAll
INFO: Reap dead connection: [DummyConnection Server connection - model.nation.apache]
May 14, 2018 12:22:16 PM net.sf.freecol.common.model.Specification applyDifficultyLevel
INFO: Applying difficulty level model.difficulty.medium
May 14, 2018 12:22:16 PM net.sf.freecol.common.FreeColSeed getFreeColSeed
INFO: Using seed: 1069670892474233063
May 14, 2018 12:22:16 PM net.sf.freecol.server.networking.Server sendToAll
INFO: Reap dead connection: [DummyConnection Server connection - model.nation.iroquois]
May 14, 2018 12:22:16 PM net.sf.freecol.server.networking.Server sendToAll
INFO: Reap dead connection: [DummyConnection Server connection - model.nation.cherokee]
May 14, 2018 12:22:16 PM net.sf.freecol.server.networking.Server sendToAll
INFO: Reap dead connection: [DummyConnection Server connection - model.nation.english]
May 14, 2018 12:22:16 PM net.sf.freecol.server.networking.Server sendToAll
INFO: Reap dead connection: [DummyConnection Server connection - model.nation.spanish]
May 14, 2018 12:22:16 PM net.sf.freecol.server.networking.Server sendToAll
INFO: Reap dead connection: [DummyConnection Server connection - model.nation.dutch]
May 14, 2018 12:22:16 PM net.sf.freecol.server.networking.Server sendToAll
INFO: Reap dead connection: [DummyConnection Server connection - model.nation.french]
May 14, 2018 12:22:16 PM net.sf.freecol.server.networking.Server sendToAll
INFO: Reap dead connection: [DummyConnection Server connection - model.nation.sioux]
May 14, 2018 12:22:16 PM net.sf.freecol.server.networking.Server sendToAll
INFO: Reap dead connection: [DummyConnection Server connection - model.nation.arawak]
May 14, 2018 12:22:16 PM net.sf.freecol.server.networking.Server sendToAll
INFO: Reap dead connection: [DummyConnection Server connection - model.nation.tupi]
May 14, 2018 12:22:16 PM net.sf.freecol.server.networking.Server sendToAll
INFO: Reap dead connection: [DummyConnection Server connection - model.nation.inca]
May 14, 2018 12:22:16 PM net.sf.freecol.server.networking.Server sendToAll
INFO: Reap dead connection: [DummyConnection Server connection - model.nation.apache]
May 14, 2018 12:22:16 PM net.sf.freecol.server.networking.Server sendToAll
INFO: Reap dead connection: [DummyConnection Server connection - model.nation.aztec]
May 14, 2018 12:22:16 PM net.sf.freecol.common.util.LogBuilder log
INFO: Destroying: tileImprovement:274
May 14, 2018 12:22:16 PM net.sf.freecol.common.util.LogBuilder log
INFO: Destroying: tileImprovement:276
May 14, 2018 12:22:16 PM net.sf.freecol.common.model.Specification applyDifficultyLevel
INFO: Applying difficulty level model.difficulty.medium
May 14, 2018 12:22:16 PM net.sf.freecol.common.FreeColSeed getFreeColSeed
INFO: Using seed: 1388907686461032600
May 14, 2018 12:22:16 PM net.sf.freecol.server.networking.Server sendToAll
INFO: Reap dead connection: [DummyConnection Server connection - model.nation.sioux]
May 14, 2018 12:22:16 PM net.sf.freecol.server.networking.Server sendToAll
INFO: Reap dead connection: [DummyConnection Server connection - model.nation.french]
May 14, 2018 12:22:16 PM net.sf.freecol.server.networking.Server sendToAll
INFO: Reap dead connection: [DummyConnection Server connection - model.nation.apache]
May 14, 2018 12:22:16 PM net.sf.freecol.server.networking.Server sendToAll
INFO: Reap dead connection: [DummyConnection Server connection - model.nation.spanish]
May 14, 2018 12:22:16 PM net.sf.freecol.server.networking.Server sendToAll
INFO: Reap dead connection: [DummyConnection Server connection - model.nation.iroquois]
May 14, 2018 12:22:16 PM net.sf.freecol.server.networking.Server sendToAll
INFO: Reap dead connection: [DummyConnection Server connection - model.nation.cherokee]
May 14, 2018 12:22:16 PM net.sf.freecol.server.networking.Server sendToAll
INFO: Reap dead connection: [DummyConnection Server connection - model.nation.arawak]
May 14, 2018 12:22:16 PM net.sf.freecol.server.networking.Server sendToAll
INFO: Reap dead connection: [DummyConnection Server connection - model.nation.dutch]
May 14, 2018 12:22:16 PM net.sf.freecol.server.networking.Server sendToAll
INFO: Reap dead connection: [DummyConnection Server connection - model.nation.tupi]
May 14, 2018 12:22:16 PM net.sf.freecol.server.networking.Server sendToAll
INFO: Reap dead connection: [DummyConnection Server connection - model.nation.english]
May 14, 2018 12:22:16 PM net.sf.freecol.server.networking.Server sendToAll
INFO: Reap dead connection: [DummyConnection Server connection - model.nation.inca]
May 14, 2018 12:22:16 PM net.sf.freecol.server.networking.Server sendToAll
INFO: Reap dead connection: [DummyConnection Server connection - model.nation.aztec]
May 14, 2018 12:22:16 PM net.sf.freecol.common.model.LandMap <init>
INFO: Using land generator model.option.landGeneratorType.classic
May 14, 2018 12:22:16 PM net.sf.freecol.common.util.LogBuilder log
INFO: Destroying: tileImprovement:4066
May 14, 2018 12:22:16 PM net.sf.freecol.common.util.LogBuilder log
INFO: Destroying: tileImprovement:4068
May 14, 2018 12:22:16 PM net.sf.freecol.common.util.LogBuilder log
INFO: Destroying: tileImprovement:4070
May 14, 2018 12:22:16 PM net.sf.freecol.common.util.LogBuilder log
INFO: Destroying: tileImprovement:4047
May 14, 2018 12:22:16 PM net.sf.freecol.common.util.LogBuilder log
INFO: Destroying: tileImprovement:4049
May 14, 2018 12:22:16 PM net.sf.freecol.common.util.LogBuilder log
INFO: Destroying: tileImprovement:4051
May 14, 2018 12:22:16 PM net.sf.freecol.common.util.LogBuilder log
INFO: Destroying: tileImprovement:4053
May 14, 2018 12:22:16 PM net.sf.freecol.common.util.LogBuilder log
INFO: Destroying: tileImprovement:4055
May 14, 2018 12:22:16 PM net.sf.freecol.common.util.LogBuilder log
INFO: Destroying: tileImprovement:4057
May 14, 2018 12:22:16 PM net.sf.freecol.common.util.LogBuilder log
INFO: Destroying: tileImprovement:4059
May 14, 2018 12:22:16 PM net.sf.freecol.common.util.LogBuilder log
INFO: Destroying: tileImprovement:4202
May 14, 2018 12:22:16 PM net.sf.freecol.common.util.LogBuilder log
INFO: Destroying: tileImprovement:4204
May 14, 2018 12:22:16 PM net.sf.freecol.common.util.LogBuilder log
INFO: Destroying: tileImprovement:4206
May 14, 2018 12:22:16 PM net.sf.freecol.common.util.LogBuilder log
INFO: Destroying: tileImprovement:4208
May 14, 2018 12:22:16 PM net.sf.freecol.common.util.LogBuilder log
INFO: Destroying: tileImprovement:4210
May 14, 2018 12:22:16 PM net.sf.freecol.common.util.LogBuilder log
INFO: Destroying: tileImprovement:4212
May 14, 2018 12:22:16 PM net.sf.freecol.common.util.LogBuilder log
INFO: Destroying: tileImprovement:4236
May 14, 2018 12:22:16 PM net.sf.freecol.common.util.LogBuilder log
INFO: Destroying: tileImprovement:4237
May 14, 2018 12:22:16 PM net.sf.freecol.common.util.LogBuilder log
INFO: Destroying: tileImprovement:4238
May 14, 2018 12:22:16 PM net.sf.freecol.common.util.LogBuilder log
INFO: Destroying: tileImprovement:4239
May 14, 2018 12:22:16 PM net.sf.freecol.common.util.LogBuilder log
INFO: Destroying: tileImprovement:4240
May 14, 2018 12:22:16 PM net.sf.freecol.common.util.LogBuilder log
INFO: Destroying: tileImprovement:4241
May 14, 2018 12:22:16 PM net.sf.freecol.common.util.LogBuilder log
INFO: Destroying: tileImprovement:4242
May 14, 2018 12:22:16 PM net.sf.freecol.common.util.LogBuilder log
INFO: Destroying: tileImprovement:4260
May 14, 2018 12:22:16 PM net.sf.freecol.common.util.LogBuilder log
INFO: Destroying: tileImprovement:4262
May 14, 2018 12:22:16 PM net.sf.freecol.common.util.LogBuilder log
INFO: Destroying: tileImprovement:4264
May 14, 2018 12:22:16 PM net.sf.freecol.common.util.LogBuilder log
INFO: Destroying: tileImprovement:4254
May 14, 2018 12:22:16 PM net.sf.freecol.common.util.LogBuilder log
INFO: Destroying: tileImprovement:4255
May 14, 2018 12:22:16 PM net.sf.freecol.common.util.LogBuilder log
INFO: Destroying: tileImprovement:4256
May 14, 2018 12:22:16 PM net.sf.freecol.common.util.LogBuilder log
INFO: Destroying: tileImprovement:4257
May 14, 2018 12:22:16 PM net.sf.freecol.common.util.LogBuilder log
INFO: Destroying: tileImprovement:4258
May 14, 2018 12:22:16 PM net.sf.freecol.common.util.LogBuilder log
INFO: Destroying: tileImprovement:4259
May 14, 2018 12:22:16 PM net.sf.freecol.common.util.LogBuilder log
INFO: Destroying: tileImprovement:4183
May 14, 2018 12:22:16 PM net.sf.freecol.common.util.LogBuilder log
INFO: Destroying: tileImprovement:4185
May 14, 2018 12:22:16 PM net.sf.freecol.common.util.LogBuilder log
INFO: Destroying: tileImprovement:4187
May 14, 2018 12:22:16 PM net.sf.freecol.common.util.LogBuilder log
INFO: Destroying: tileImprovement:4189
May 14, 2018 12:22:16 PM net.sf.freecol.common.util.LogBuilder log
INFO: Destroying: tileImprovement:4062
May 14, 2018 12:22:16 PM net.sf.freecol.common.util.LogBuilder log
INFO: Destroying: tileImprovement:4064
May 14, 2018 12:22:16 PM net.sf.freecol.common.util.LogBuilder log
INFO: Destroying: tileImprovement:4217
May 14, 2018 12:22:16 PM net.sf.freecol.common.util.LogBuilder log
INFO: Destroying: tileImprovement:4218
May 14, 2018 12:22:16 PM net.sf.freecol.common.util.LogBuilder log
INFO: Destroying: tileImprovement:4219
May 14, 2018 12:22:16 PM net.sf.freecol.common.util.LogBuilder log
INFO: Destroying: tileImprovement:4192
May 14, 2018 12:22:16 PM net.sf.freecol.common.util.LogBuilder log
INFO: Destroying: tileImprovement:4194
May 14, 2018 12:22:16 PM net.sf.freecol.common.util.LogBuilder log
INFO: Destroying: tileImprovement:4196
May 14, 2018 12:22:16 PM net.sf.freecol.common.util.LogBuilder log
INFO: Destroying: tileImprovement:4157
May 14, 2018 12:22:16 PM net.sf.freecol.common.util.LogBuilder log
INFO: Destroying: tileImprovement:4159
May 14, 2018 12:22:16 PM net.sf.freecol.common.util.LogBuilder log
INFO: Destroying: tileImprovement:4161
May 14, 2018 12:22:16 PM net.sf.freecol.common.util.LogBuilder log
INFO: Destroying: tileImprovement:4163
May 14, 2018 12:22:16 PM net.sf.freecol.common.util.LogBuilder log
INFO: Destroying: tileImprovement:4165
May 14, 2018 12:22:16 PM net.sf.freecol.common.util.LogBuilder log
INFO: Destroying: tileImprovement:4167
May 14, 2018 12:22:16 PM net.sf.freecol.common.util.LogBuilder log
INFO: Destroying: tileImprovement:4169
May 14, 2018 12:22:16 PM net.sf.freecol.common.util.LogBuilder log
INFO: Destroying: tileImprovement:4171
May 14, 2018 12:22:16 PM net.sf.freecol.common.util.LogBuilder log
INFO: Destroying: tileImprovement:4173
May 14, 2018 12:22:16 PM net.sf.freecol.common.util.LogBuilder log
INFO: Destroying: tileImprovement:4175
May 14, 2018 12:22:16 PM net.sf.freecol.common.util.LogBuilder log
INFO: Destroying: tileImprovement:4177
May 14, 2018 12:22:16 PM net.sf.freecol.common.util.LogBuilder log
INFO: Destroying: tileImprovement:4179
May 14, 2018 12:22:16 PM net.sf.freecol.common.util.LogBuilder log
INFO: Destroying: tileImprovement:4181
May 14, 2018 12:22:16 PM net.sf.freecol.common.util.LogBuilder log
INFO: Destroying: tileImprovement:4363
May 14, 2018 12:22:16 PM net.sf.freecol.common.util.LogBuilder log
INFO: Destroying: tileImprovement:4364
May 14, 2018 12:22:16 PM net.sf.freecol.common.util.LogBuilder log
INFO: Destroying: tileImprovement:4365
May 14, 2018 12:22:16 PM net.sf.freecol.common.util.LogBuilder log
INFO: Destroying: tileImprovement:4366
May 14, 2018 12:22:16 PM net.sf.freecol.common.util.LogBuilder log
INFO: Destroying: tileImprovement:4514
May 14, 2018 12:22:16 PM net.sf.freecol.common.util.LogBuilder log
INFO: Destroying: tileImprovement:4516
May 14, 2018 12:22:16 PM net.sf.freecol.common.util.LogBuilder log
INFO: Destroying: tileImprovement:4518
May 14, 2018 12:22:16 PM net.sf.freecol.common.util.LogBuilder log
INFO: Destroying: tileImprovement:4520
May 14, 2018 12:22:16 PM net.sf.freecol.common.util.LogBuilder log
INFO: Destroying: tileImprovement:4522
May 14, 2018 12:22:16 PM net.sf.freecol.common.util.LogBuilder log
INFO: Destroying: tileImprovement:4524
May 14, 2018 12:22:16 PM net.sf.freecol.common.util.LogBuilder log
INFO: Destroying: tileImprovement:4526
May 14, 2018 12:22:16 PM net.sf.freecol.common.util.LogBuilder log
INFO: Destroying: tileImprovement:4528
May 14, 2018 12:22:16 PM net.sf.freecol.common.util.LogBuilder log
INFO: Destroying: tileImprovement:4506
May 14, 2018 12:22:16 PM net.sf.freecol.common.util.LogBuilder log
INFO: Destroying: tileImprovement:4508
May 14, 2018 12:22:16 PM net.sf.freecol.common.util.LogBuilder log
INFO: Destroying: tileImprovement:4510
May 14, 2018 12:22:16 PM net.sf.freecol.common.util.LogBuilder log
INFO: Destroying: tileImprovement:4512
May 14, 2018 12:22:16 PM net.sf.freecol.common.util.LogBuilder log
INFO: Destroying: tileImprovement:4550
May 14, 2018 12:22:16 PM net.sf.freecol.common.util.LogBuilder log
INFO: Destroying: tileImprovement:4551
May 14, 2018 12:22:16 PM net.sf.freecol.common.util.LogBuilder log
INFO: Destroying: tileImprovement:4552
May 14, 2018 12:22:16 PM net.sf.freecol.common.util.LogBuilder log
INFO: Destroying: tileImprovement:4553
May 14, 2018 12:22:16 PM net.sf.freecol.common.util.LogBuilder log
INFO: Destroying: tileImprovement:4554
May 14, 2018 12:22:16 PM net.sf.freecol.common.util.LogBuilder log
INFO: Destroying: tileImprovement:4555
May 14, 2018 12:22:16 PM net.sf.freecol.common.util.LogBuilder log
INFO: Destroying: tileImprovement:4556
May 14, 2018 12:22:16 PM net.sf.freecol.common.util.LogBuilder log
INFO: Destroying: tileImprovement:4557
May 14, 2018 12:22:16 PM net.sf.freecol.common.util.LogBuilder log
INFO: Destroying: tileImprovement:4376
May 14, 2018 12:22:16 PM net.sf.freecol.common.util.LogBuilder log
INFO: Destroying: tileImprovement:4377
May 14, 2018 12:22:16 PM net.sf.freecol.common.util.LogBuilder log
INFO: Destroying: tileImprovement:4486
May 14, 2018 12:22:16 PM net.sf.freecol.common.util.LogBuilder log
INFO: Destroying: tileImprovement:4488
May 14, 2018 12:22:16 PM net.sf.freecol.common.util.LogBuilder log
INFO: Destroying: tileImprovement:4490
May 14, 2018 12:22:16 PM net.sf.freecol.common.util.LogBuilder log
INFO: Destroying: tileImprovement:4492
May 14, 2018 12:22:16 PM net.sf.freecol.common.util.LogBuilder log
INFO: Destroying: tileImprovement:4494
May 14, 2018 12:22:16 PM net.sf.freecol.common.util.LogBuilder log
INFO: Destroying: tileImprovement:4496
May 14, 2018 12:22:16 PM net.sf.freecol.common.util.LogBuilder log
INFO: Destroying: tileImprovement:4473
May 14, 2018 12:22:16 PM net.sf.freecol.common.util.LogBuilder log
INFO: Destroying: tileImprovement:4474
May 14, 2018 12:22:16 PM net.sf.freecol.common.util.LogBuilder log
INFO: Destroying: tileImprovement:4475
May 14, 2018 12:22:16 PM net.sf.freecol.common.util.LogBuilder log
INFO: Destroying: tileImprovement:4476
May 14, 2018 12:22:16 PM net.sf.freecol.common.util.LogBuilder log
INFO: Destroying: tileImprovement:4477
May 14, 2018 12:22:16 PM net.sf.freecol.common.util.LogBuilder log
INFO: Destroying: tileImprovement:4478
May 14, 2018 12:22:16 PM net.sf.freecol.common.util.LogBuilder log
INFO: Destroying: tileImprovement:4479
May 14, 2018 12:22:16 PM net.sf.freecol.common.util.LogBuilder log
INFO: Destroying: tileImprovement:4480
May 14, 2018 12:22:16 PM net.sf.freecol.common.util.LogBuilder log
INFO: Destroying: tileImprovement:4481
May 14, 2018 12:22:16 PM net.sf.freecol.common.util.LogBuilder log
INFO: Destroying: tileImprovement:4482
May 14, 2018 12:22:16 PM net.sf.freecol.common.util.LogBuilder log
INFO: Destroying: tileImprovement:4483
May 14, 2018 12:22:16 PM net.sf.freecol.common.util.LogBuilder log
INFO: Destroying: tileImprovement:4484
May 14, 2018 12:22:16 PM net.sf.freecol.common.util.LogBuilder log
INFO: Destroying: tileImprovement:4485
May 14, 2018 12:22:16 PM net.sf.freecol.common.util.LogBuilder log
INFO: Destroying: tileImprovement:4301
May 14, 2018 12:22:16 PM net.sf.freecol.common.util.LogBuilder log
INFO: Destroying: tileImprovement:4303
May 14, 2018 12:22:16 PM net.sf.freecol.common.util.LogBuilder log
INFO: Destroying: tileImprovement:4305
May 14, 2018 12:22:16 PM net.sf.freecol.common.util.LogBuilder log
INFO: Destroying: tileImprovement:4594
May 14, 2018 12:22:16 PM net.sf.freecol.common.util.LogBuilder log
INFO: Destroying: tileImprovement:4596
May 14, 2018 12:22:16 PM net.sf.freecol.common.util.LogBuilder log
INFO: Destroying: tileImprovement:4598
May 14, 2018 12:22:16 PM net.sf.freecol.common.util.LogBuilder log
INFO: Destroying: tileImprovement:4289
May 14, 2018 12:22:16 PM net.sf.freecol.common.util.LogBuilder log
INFO: Destroying: tileImprovement:4291
May 14, 2018 12:22:16 PM net.sf.freecol.common.util.LogBuilder log
INFO: Destroying: tileImprovement:4293
May 14, 2018 12:22:16 PM net.sf.freecol.common.util.LogBuilder log
INFO: Destroying: tileImprovement:4736
May 14, 2018 12:22:16 PM net.sf.freecol.common.util.LogBuilder log
INFO: Destroying: tileImprovement:4737
May 14, 2018 12:22:16 PM net.sf.freecol.common.util.LogBuilder log
INFO: Destroying: tileImprovement:4738
May 14, 2018 12:22:16 PM net.sf.freecol.common.util.LogBuilder log
INFO: Destroying: tileImprovement:4720
May 14, 2018 12:22:16 PM net.sf.freecol.common.util.LogBuilder log
INFO: Destroying: tileImprovement:4722
May 14, 2018 12:22:16 PM net.sf.freecol.common.util.LogBuilder log
INFO: Destroying: tileImprovement:4717
May 14, 2018 12:22:16 PM net.sf.freecol.common.util.LogBuilder log
INFO: Destroying: tileImprovement:4718
May 14, 2018 12:22:16 PM net.sf.freecol.common.util.LogBuilder log
INFO: Destroying: tileImprovement:4719
May 14, 2018 12:22:16 PM net.sf.freecol.common.util.LogBuilder log
INFO: Destroying: tileImprovement:4243
May 14, 2018 12:22:16 PM net.sf.freecol.common.util.LogBuilder log
INFO: Destroying: tileImprovement:4245
May 14, 2018 12:22:16 PM net.sf.freecol.common.util.LogBuilder log
INFO: Destroying: tileImprovement:4247
May 14, 2018 12:22:16 PM net.sf.freecol.common.util.LogBuilder log
INFO: Destroying: tileImprovement:4249
May 14, 2018 12:22:16 PM net.sf.freecol.common.util.LogBuilder log
INFO: Destroying: tileImprovement:4251
May 14, 2018 12:22:16 PM net.sf.freecol.common.util.LogBuilder log
INFO: Destroying: tileImprovement:4590
May 14, 2018 12:22:16 PM net.sf.freecol.common.util.LogBuilder log
INFO: Destroying: tileImprovement:4592
May 14, 2018 12:22:16 PM net.sf.freecol.server.FreeColServer readGame
INFO: Found savegame version 11
May 14, 2018 12:22:16 PM net.sf.freecol.server.FreeColServer readGame
INFO: Imported file data\maps\Africa.fsg
May 14, 2018 12:22:16 PM net.sf.freecol.server.FreeColServer readGame
INFO: Found savegame version 13
May 14, 2018 12:22:16 PM net.sf.freecol.server.FreeColServer readGame
INFO: Imported file data\maps\America_large.fsg
May 14, 2018 12:22:16 PM net.sf.freecol.server.FreeColServer readGame
INFO: Found savegame version 11
May 14, 2018 12:22:16 PM net.sf.freecol.server.FreeColServer readGame
INFO: Imported file data\maps\Australia.fsg
May 14, 2018 12:22:16 PM net.sf.freecol.server.FreeColServer readGame
INFO: Found savegame version 11
May 14, 2018 12:22:16 PM net.sf.freecol.server.FreeColServer readGame
INFO: Imported file data\maps\Caribbean_basin.fsg
May 14, 2018 12:22:16 PM net.sf.freecol.common.model.LandMap <init>
INFO: Using land generator model.option.landGeneratorType.classic
May 14, 2018 12:22:16 PM net.sf.freecol.common.util.LogBuilder log
INFO: Destroying: tileImprovement:4045
May 14, 2018 12:22:16 PM net.sf.freecol.common.util.LogBuilder log
INFO: Destroying: tileImprovement:4047
May 14, 2018 12:22:16 PM net.sf.freecol.common.util.LogBuilder log
INFO: Destroying: tileImprovement:4049
May 14, 2018 12:22:16 PM net.sf.freecol.common.util.LogBuilder log
INFO: Destroying: tileImprovement:4026
May 14, 2018 12:22:16 PM net.sf.freecol.common.util.LogBuilder log
INFO: Destroying: tileImprovement:4028
May 14, 2018 12:22:16 PM net.sf.freecol.common.util.LogBuilder log
INFO: Destroying: tileImprovement:4030
May 14, 2018 12:22:16 PM net.sf.freecol.common.util.LogBuilder log
INFO: Destroying: tileImprovement:4032
May 14, 2018 12:22:16 PM net.sf.freecol.common.util.LogBuilder log
INFO: Destroying: tileImprovement:4034
May 14, 2018 12:22:16 PM net.sf.freecol.common.util.LogBuilder log
INFO: Destroying: tileImprovement:4036
May 14, 2018 12:22:16 PM net.sf.freecol.common.util.LogBuilder log
INFO: Destroying: tileImprovement:4038
May 14, 2018 12:22:16 PM net.sf.freecol.common.util.LogBuilder log
INFO: Destroying: tileImprovement:4181
May 14, 2018 12:22:16 PM net.sf.freecol.common.util.LogBuilder log
INFO: Destroying: tileImprovement:4183
May 14, 2018 12:22:16 PM net.sf.freecol.common.util.LogBuilder log
INFO: Destroying: tileImprovement:4185
May 14, 2018 12:22:16 PM net.sf.freecol.common.util.LogBuilder log
INFO: Destroying: tileImprovement:4187
May 14, 2018 12:22:16 PM net.sf.freecol.common.util.LogBuilder log
INFO: Destroying: tileImprovement:4189
May 14, 2018 12:22:16 PM net.sf.freecol.common.util.LogBuilder log
INFO: Destroying: tileImprovement:4191
May 14, 2018 12:22:16 PM net.sf.freecol.common.util.LogBuilder log
INFO: Destroying: tileImprovement:4215
May 14, 2018 12:22:16 PM net.sf.freecol.common.util.LogBuilder log
INFO: Destroying: tileImprovement:4216
May 14, 2018 12:22:16 PM net.sf.freecol.common.util.LogBuilder log
INFO: Destroying: tileImprovement:4217
May 14, 2018 12:22:16 PM net.sf.freecol.common.util.LogBuilder log
INFO: Destroying: tileImprovement:4218
May 14, 2018 12:22:16 PM net.sf.freecol.common.util.LogBuilder log
INFO: Destroying: tileImprovement:4219
May 14, 2018 12:22:16 PM net.sf.freecol.common.util.LogBuilder log
INFO: Destroying: tileImprovement:4220
May 14, 2018 12:22:16 PM net.sf.freecol.common.util.LogBuilder log
INFO: Destroying: tileImprovement:4221
May 14, 2018 12:22:16 PM net.sf.freecol.common.util.LogBuilder log
INFO: Destroying: tileImprovement:4239
May 14, 2018 12:22:16 PM net.sf.freecol.common.util.LogBuilder log
INFO: Destroying: tileImprovement:4241
May 14, 2018 12:22:16 PM net.sf.freecol.common.util.LogBuilder log
INFO: Destroying: tileImprovement:4243
May 14, 2018 12:22:16 PM net.sf.freecol.common.util.LogBuilder log
INFO: Destroying: tileImprovement:4233
May 14, 2018 12:22:16 PM net.sf.freecol.common.util.LogBuilder log
INFO: Destroying: tileImprovement:4234
May 14, 2018 12:22:16 PM net.sf.freecol.common.util.LogBuilder log
INFO: Destroying: tileImprovement:4235
May 14, 2018 12:22:16 PM net.sf.freecol.common.util.LogBuilder log
INFO: Destroying: tileImprovement:4236
May 14, 2018 12:22:16 PM net.sf.freecol.common.util.LogBuilder log
INFO: Destroying: tileImprovement:4237
May 14, 2018 12:22:16 PM net.sf.freecol.common.util.LogBuilder log
INFO: Destroying: tileImprovement:4238
May 14, 2018 12:22:16 PM net.sf.freecol.common.util.LogBuilder log
INFO: Destroying: tileImprovement:4162
May 14, 2018 12:22:16 PM net.sf.freecol.common.util.LogBuilder log
INFO: Destroying: tileImprovement:4164
May 14, 2018 12:22:16 PM net.sf.freecol.common.util.LogBuilder log
INFO: Destroying: tileImprovement:4166
May 14, 2018 12:22:16 PM net.sf.freecol.common.util.LogBuilder log
INFO: Destroying: tileImprovement:4168
May 14, 2018 12:22:16 PM net.sf.freecol.common.util.LogBuilder log
INFO: Destroying: tileImprovement:4041
May 14, 2018 12:22:16 PM net.sf.freecol.common.util.LogBuilder log
INFO: Destroying: tileImprovement:4043
May 14, 2018 12:22:16 PM net.sf.freecol.common.util.LogBuilder log
INFO: Destroying: tileImprovement:4196
May 14, 2018 12:22:16 PM net.sf.freecol.common.util.LogBuilder log
INFO: Destroying: tileImprovement:4197
May 14, 2018 12:22:16 PM net.sf.freecol.common.util.LogBuilder log
INFO: Destroying: tileImprovement:4198
May 14, 2018 12:22:16 PM net.sf.freecol.common.util.LogBuilder log
INFO: Destroying: tileImprovement:4171
May 14, 2018 12:22:16 PM net.sf.freecol.common.util.LogBuilder log
INFO: Destroying: tileImprovement:4173
May 14, 2018 12:22:16 PM net.sf.freecol.common.util.LogBuilder log
INFO: Destroying: tileImprovement:4175
May 14, 2018 12:22:16 PM net.sf.freecol.common.util.LogBuilder log
INFO: Destroying: tileImprovement:4136
May 14, 2018 12:22:16 PM net.sf.freecol.common.util.LogBuilder log
INFO: Destroying: tileImprovement:4138
May 14, 2018 12:22:16 PM net.sf.freecol.common.util.LogBuilder log
INFO: Destroying: tileImprovement:4140
May 14, 2018 12:22:16 PM net.sf.freecol.common.util.LogBuilder log
INFO: Destroying: tileImprovement:4142
May 14, 2018 12:22:16 PM net.sf.freecol.common.util.LogBuilder log
INFO: Destroying: tileImprovement:4144
May 14, 2018 12:22:16 PM net.sf.freecol.common.util.LogBuilder log
INFO: Destroying: tileImprovement:4146
May 14, 2018 12:22:16 PM net.sf.freecol.common.util.LogBuilder log
INFO: Destroying: tileImprovement:4148
May 14, 2018 12:22:16 PM net.sf.freecol.common.util.LogBuilder log
INFO: Destroying: tileImprovement:4150
May 14, 2018 12:22:16 PM net.sf.freecol.common.util.LogBuilder log
INFO: Destroying: tileImprovement:4152
May 14, 2018 12:22:16 PM net.sf.freecol.common.util.LogBuilder log
INFO: Destroying: tileImprovement:4154
May 14, 2018 12:22:16 PM net.sf.freecol.common.util.LogBuilder log
INFO: Destroying: tileImprovement:4156
May 14, 2018 12:22:16 PM net.sf.freecol.common.util.LogBuilder log
INFO: Destroying: tileImprovement:4158
May 14, 2018 12:22:16 PM net.sf.freecol.common.util.LogBuilder log
INFO: Destroying: tileImprovement:4160
May 14, 2018 12:22:16 PM net.sf.freecol.common.util.LogBuilder log
INFO: Destroying: tileImprovement:4342
May 14, 2018 12:22:16 PM net.sf.freecol.common.util.LogBuilder log
INFO: Destroying: tileImprovement:4343
May 14, 2018 12:22:16 PM net.sf.freecol.common.util.LogBuilder log
INFO: Destroying: tileImprovement:4344
May 14, 2018 12:22:16 PM net.sf.freecol.common.util.LogBuilder log
INFO: Destroying: tileImprovement:4345
May 14, 2018 12:22:16 PM net.sf.freecol.common.util.LogBuilder log
INFO: Destroying: tileImprovement:4493
May 14, 2018 12:22:16 PM net.sf.freecol.common.util.LogBuilder log
INFO: Destroying: tileImprovement:4495
May 14, 2018 12:22:16 PM net.sf.freecol.common.util.LogBuilder log
INFO: Destroying: tileImprovement:4497
May 14, 2018 12:22:17 PM net.sf.freecol.common.util.LogBuilder log
INFO: Destroying: tileImprovement:4499
May 14, 2018 12:22:17 PM net.sf.freecol.common.util.LogBuilder log
INFO: Destroying: tileImprovement:4501
May 14, 2018 12:22:17 PM net.sf.freecol.common.util.LogBuilder log
INFO: Destroying: tileImprovement:4503
May 14, 2018 12:22:17 PM net.sf.freecol.common.util.LogBuilder log
INFO: Destroying: tileImprovement:4505
May 14, 2018 12:22:17 PM net.sf.freecol.common.util.LogBuilder log
INFO: Destroying: tileImprovement:4507
May 14, 2018 12:22:17 PM net.sf.freecol.common.util.LogBuilder log
INFO: Destroying: tileImprovement:4485
May 14, 2018 12:22:17 PM net.sf.freecol.common.util.LogBuilder log
INFO: Destroying: tileImprovement:4487
May 14, 2018 12:22:17 PM net.sf.freecol.common.util.LogBuilder log
INFO: Destroying: tileImprovement:4489
May 14, 2018 12:22:17 PM net.sf.freecol.common.util.LogBuilder log
INFO: Destroying: tileImprovement:4491
May 14, 2018 12:22:17 PM net.sf.freecol.common.util.LogBuilder log
INFO: Destroying: tileImprovement:4529
May 14, 2018 12:22:17 PM net.sf.freecol.common.util.LogBuilder log
INFO: Destroying: tileImprovement:4530
May 14, 2018 12:22:17 PM net.sf.freecol.common.util.LogBuilder log
INFO: Destroying: tileImprovement:4531
May 14, 2018 12:22:17 PM net.sf.freecol.common.util.LogBuilder log
INFO: Destroying: tileImprovement:4532
May 14, 2018 12:22:17 PM net.sf.freecol.common.util.LogBuilder log
INFO: Destroying: tileImprovement:4533
May 14, 2018 12:22:17 PM net.sf.freecol.common.util.LogBuilder log
INFO: Destroying: tileImprovement:4534
May 14, 2018 12:22:17 PM net.sf.freecol.common.util.LogBuilder log
INFO: Destroying: tileImprovement:4535
May 14, 2018 12:22:17 PM net.sf.freecol.common.util.LogBuilder log
INFO: Destroying: tileImprovement:4536
May 14, 2018 12:22:17 PM net.sf.freecol.common.util.LogBuilder log
INFO: Destroying: tileImprovement:4355
May 14, 2018 12:22:17 PM net.sf.freecol.common.util.LogBuilder log
INFO: Destroying: tileImprovement:4356
May 14, 2018 12:22:17 PM net.sf.freecol.common.util.LogBuilder log
INFO: Destroying: tileImprovement:4465
May 14, 2018 12:22:17 PM net.sf.freecol.common.util.LogBuilder log
INFO: Destroying: tileImprovement:4467
May 14, 2018 12:22:17 PM net.sf.freecol.common.util.LogBuilder log
INFO: Destroying: tileImprovement:4469
May 14, 2018 12:22:17 PM net.sf.freecol.common.util.LogBuilder log
INFO: Destroying: tileImprovement:4471
May 14, 2018 12:22:17 PM net.sf.freecol.common.util.LogBuilder log
INFO: Destroying: tileImprovement:4473
May 14, 2018 12:22:17 PM net.sf.freecol.common.util.LogBuilder log
INFO: Destroying: tileImprovement:4475
May 14, 2018 12:22:17 PM net.sf.freecol.common.util.LogBuilder log
INFO: Destroying: tileImprovement:4452
May 14, 2018 12:22:17 PM net.sf.freecol.common.util.LogBuilder log
INFO: Destroying: tileImprovement:4453
May 14, 2018 12:22:17 PM net.sf.freecol.common.util.LogBuilder log
INFO: Destroying: tileImprovement:4454
May 14, 2018 12:22:17 PM net.sf.freecol.common.util.LogBuilder log
INFO: Destroying: tileImprovement:4455
May 14, 2018 12:22:17 PM net.sf.freecol.common.util.LogBuilder log
INFO: Destroying: tileImprovement:4456
May 14, 2018 12:22:17 PM net.sf.freecol.common.util.LogBuilder log
INFO: Destroying: tileImprovement:4457
May 14, 2018 12:22:17 PM net.sf.freecol.common.util.LogBuilder log
INFO: Destroying: tileImprovement:4458
May 14, 2018 12:22:17 PM net.sf.freecol.common.util.LogBuilder log
INFO: Destroying: tileImprovement:4459
May 14, 2018 12:22:17 PM net.sf.freecol.common.util.LogBuilder log
INFO: Destroying: tileImprovement:4460
May 14, 2018 12:22:17 PM net.sf.freecol.common.util.LogBuilder log
INFO: Destroying: tileImprovement:4461
May 14, 2018 12:22:17 PM net.sf.freecol.common.util.LogBuilder log
INFO: Destroying: tileImprovement:4462
May 14, 2018 12:22:17 PM net.sf.freecol.common.util.LogBuilder log
INFO: Destroying: tileImprovement:4463
May 14, 2018 12:22:17 PM net.sf.freecol.common.util.LogBuilder log
INFO: Destroying: tileImprovement:4464
May 14, 2018 12:22:17 PM net.sf.freecol.common.util.LogBuilder log
INFO: Destroying: tileImprovement:4280
May 14, 2018 12:22:17 PM net.sf.freecol.common.util.LogBuilder log
INFO: Destroying: tileImprovement:4282
May 14, 2018 12:22:17 PM net.sf.freecol.common.util.LogBuilder log
INFO: Destroying: tileImprovement:4284
May 14, 2018 12:22:17 PM net.sf.freecol.common.util.LogBuilder log
INFO: Destroying: tileImprovement:4573
May 14, 2018 12:22:17 PM net.sf.freecol.common.util.LogBuilder log
INFO: Destroying: tileImprovement:4575
May 14, 2018 12:22:17 PM net.sf.freecol.common.util.LogBuilder log
INFO: Destroying: tileImprovement:4577
May 14, 2018 12:22:17 PM net.sf.freecol.common.util.LogBuilder log
INFO: Destroying: tileImprovement:4268
May 14, 2018 12:22:17 PM net.sf.freecol.common.util.LogBuilder log
INFO: Destroying: tileImprovement:4270
May 14, 2018 12:22:17 PM net.sf.freecol.common.util.LogBuilder log
INFO: Destroying: tileImprovement:4272
May 14, 2018 12:22:17 PM net.sf.freecol.common.util.LogBuilder log
INFO: Destroying: tileImprovement:4715
May 14, 2018 12:22:17 PM net.sf.freecol.common.util.LogBuilder log
INFO: Destroying: tileImprovement:4716
May 14, 2018 12:22:17 PM net.sf.freecol.common.util.LogBuilder log
INFO: Destroying: tileImprovement:4717
May 14, 2018 12:22:17 PM net.sf.freecol.common.util.LogBuilder log
INFO: Destroying: tileImprovement:4699
May 14, 2018 12:22:17 PM net.sf.freecol.common.util.LogBuilder log
INFO: Destroying: tileImprovement:4701
May 14, 2018 12:22:17 PM net.sf.freecol.common.util.LogBuilder log
INFO: Destroying: tileImprovement:4696
May 14, 2018 12:22:17 PM net.sf.freecol.common.util.LogBuilder log
INFO: Destroying: tileImprovement:4697
May 14, 2018 12:22:17 PM net.sf.freecol.common.util.LogBuilder log
INFO: Destroying: tileImprovement:4698
May 14, 2018 12:22:17 PM net.sf.freecol.common.util.LogBuilder log
INFO: Destroying: tileImprovement:4222
May 14, 2018 12:22:17 PM net.sf.freecol.common.util.LogBuilder log
INFO: Destroying: tileImprovement:4224
May 14, 2018 12:22:17 PM net.sf.freecol.common.util.LogBuilder log
INFO: Destroying: tileImprovement:4226
May 14, 2018 12:22:17 PM net.sf.freecol.common.util.LogBuilder log
INFO: Destroying: tileImprovement:4228
May 14, 2018 12:22:17 PM net.sf.freecol.common.util.LogBuilder log
INFO: Destroying: tileImprovement:4230
May 14, 2018 12:22:17 PM net.sf.freecol.common.util.LogBuilder log
INFO: Destroying: tileImprovement:4569
May 14, 2018 12:22:17 PM net.sf.freecol.common.util.LogBuilder log
INFO: Destroying: tileImprovement:4571
May 14, 2018 12:22:17 PM net.sf.freecol.common.model.Game addPlayer
WARNING: Game already full, but tried to add: Dom Manuel I
May 14, 2018 12:22:17 PM net.sf.freecol.common.model.Game addPlayer
WARNING: Game already full, but tried to add: Charles XI
May 14, 2018 12:22:17 PM net.sf.freecol.common.model.Game addPlayer
WARNING: Game already full, but tried to add: Frederick II
May 14, 2018 12:22:17 PM net.sf.freecol.common.model.Game addPlayer
WARNING: Game already full, but tried to add: Peter I
May 14, 2018 12:22:17 PM net.sf.freecol.common.model.LandMap <init>
INFO: Using land generator model.option.landGeneratorType.classic
May 14, 2018 12:22:17 PM net.sf.freecol.common.util.LogBuilder log
INFO: Destroying: tileImprovement:4213
May 14, 2018 12:22:17 PM net.sf.freecol.common.util.LogBuilder log
INFO: Destroying: tileImprovement:4215
May 14, 2018 12:22:17 PM net.sf.freecol.common.util.LogBuilder log
INFO: Destroying: tileImprovement:4217
May 14, 2018 12:22:17 PM net.sf.freecol.common.util.LogBuilder log
INFO: Destroying: tileImprovement:4194
May 14, 2018 12:22:17 PM net.sf.freecol.common.util.LogBuilder log
INFO: Destroying: tileImprovement:4196
May 14, 2018 12:22:17 PM net.sf.freecol.common.util.LogBuilder log
INFO: Destroying: tileImprovement:4198
May 14, 2018 12:22:17 PM net.sf.freecol.common.util.LogBuilder log
INFO: Destroying: tileImprovement:4200
May 14, 2018 12:22:17 PM net.sf.freecol.common.util.LogBuilder log
INFO: Destroying: tileImprovement:4202
May 14, 2018 12:22:17 PM net.sf.freecol.common.util.LogBuilder log
INFO: Destroying: tileImprovement:4204
May 14, 2018 12:22:17 PM net.sf.freecol.common.util.LogBuilder log
INFO: Destroying: tileImprovement:4206
May 14, 2018 12:22:17 PM net.sf.freecol.common.util.LogBuilder log
INFO: Destroying: tileImprovement:4349
May 14, 2018 12:22:17 PM net.sf.freecol.common.util.LogBuilder log
INFO: Destroying: tileImprovement:4351
May 14, 2018 12:22:17 PM net.sf.freecol.common.util.LogBuilder log
INFO: Destroying: tileImprovement:4353
May 14, 2018 12:22:17 PM net.sf.freecol.common.util.LogBuilder log
INFO: Destroying: tileImprovement:4355
May 14, 2018 12:22:17 PM net.sf.freecol.common.util.LogBuilder log
INFO: Destroying: tileImprovement:4357
May 14, 2018 12:22:17 PM net.sf.freecol.common.util.LogBuilder log
INFO: Destroying: tileImprovement:4359
May 14, 2018 12:22:17 PM net.sf.freecol.common.util.LogBuilder log
INFO: Destroying: tileImprovement:4383
May 14, 2018 12:22:17 PM net.sf.freecol.common.util.LogBuilder log
INFO: Destroying: tileImprovement:4384
May 14, 2018 12:22:17 PM net.sf.freecol.common.util.LogBuilder log
INFO: Destroying: tileImprovement:4385
May 14, 2018 12:22:17 PM net.sf.freecol.common.util.LogBuilder log
INFO: Destroying: tileImprovement:4386
May 14, 2018 12:22:17 PM net.sf.freecol.common.util.LogBuilder log
INFO: Destroying: tileImprovement:4387
May 14, 2018 12:22:17 PM net.sf.freecol.common.util.LogBuilder log
INFO: Destroying: tileImprovement:4388
May 14, 2018 12:22:17 PM net.sf.freecol.common.util.LogBuilder log
INFO: Destroying: tileImprovement:4389
May 14, 2018 12:22:17 PM net.sf.freecol.common.util.LogBuilder log
INFO: Destroying: tileImprovement:4407
May 14, 2018 12:22:17 PM net.sf.freecol.common.util.LogBuilder log
INFO: Destroying: tileImprovement:4409
May 14, 2018 12:22:17 PM net.sf.freecol.common.util.LogBuilder log
INFO: Destroying: tileImprovement:4411
May 14, 2018 12:22:17 PM net.sf.freecol.common.util.LogBuilder log
INFO: Destroying: tileImprovement:4401
May 14, 2018 12:22:17 PM net.sf.freecol.common.util.LogBuilder log
INFO: Destroying: tileImprovement:4402
May 14, 2018 12:22:17 PM net.sf.freecol.common.util.LogBuilder log
INFO: Destroying: tileImprovement:4403
May 14, 2018 12:22:17 PM net.sf.freecol.common.util.LogBuilder log
INFO: Destroying: tileImprovement:4404
May 14, 2018 12:22:17 PM net.sf.freecol.common.util.LogBuilder log
INFO: Destroying: tileImprovement:4405
May 14, 2018 12:22:17 PM net.sf.freecol.common.util.LogBuilder log
INFO: Destroying: tileImprovement:4406
May 14, 2018 12:22:17 PM net.sf.freecol.common.util.LogBuilder log
INFO: Destroying: tileImprovement:4330
May 14, 2018 12:22:17 PM net.sf.freecol.common.util.LogBuilder log
INFO: Destroying: tileImprovement:4332
May 14, 2018 12:22:17 PM net.sf.freecol.common.util.LogBuilder log
INFO: Destroying: tileImprovement:4334
May 14, 2018 12:22:17 PM net.sf.freecol.common.util.LogBuilder log
INFO: Destroying: tileImprovement:4336
May 14, 2018 12:22:17 PM net.sf.freecol.common.util.LogBuilder log
INFO: Destroying: tileImprovement:4209
May 14, 2018 12:22:17 PM net.sf.freecol.common.util.LogBuilder log
INFO: Destroying: tileImprovement:4211
May 14, 2018 12:22:17 PM net.sf.freecol.common.util.LogBuilder log
INFO: Destroying: tileImprovement:4364
May 14, 2018 12:22:17 PM net.sf.freecol.common.util.LogBuilder log
INFO: Destroying: tileImprovement:4365
May 14, 2018 12:22:17 PM net.sf.freecol.common.util.LogBuilder log
INFO: Destroying: tileImprovement:4366
May 14, 2018 12:22:17 PM net.sf.freecol.common.util.LogBuilder log
INFO: Destroying: tileImprovement:4339
May 14, 2018 12:22:17 PM net.sf.freecol.common.util.LogBuilder log
INFO: Destroying: tileImprovement:4341
May 14, 2018 12:22:17 PM net.sf.freecol.common.util.LogBuilder log
INFO: Destroying: tileImprovement:4343
May 14, 2018 12:22:17 PM net.sf.freecol.common.util.LogBuilder log
INFO: Destroying: tileImprovement:4304
May 14, 2018 12:22:17 PM net.sf.freecol.common.util.LogBuilder log
INFO: Destroying: tileImprovement:4306
May 14, 2018 12:22:17 PM net.sf.freecol.common.util.LogBuilder log
INFO: Destroying: tileImprovement:4308
May 14, 2018 12:22:17 PM net.sf.freecol.common.util.LogBuilder log
INFO: Destroying: tileImprovement:4310
May 14, 2018 12:22:17 PM net.sf.freecol.common.util.LogBuilder log
INFO: Destroying: tileImprovement:4312
May 14, 2018 12:22:17 PM net.sf.freecol.common.util.LogBuilder log
INFO: Destroying: tileImprovement:4314
May 14, 2018 12:22:17 PM net.sf.freecol.common.util.LogBuilder log
INFO: Destroying: tileImprovement:4316
May 14, 2018 12:22:17 PM net.sf.freecol.common.util.LogBuilder log
INFO: Destroying: tileImprovement:4318
May 14, 2018 12:22:17 PM net.sf.freecol.common.util.LogBuilder log
INFO: Destroying: tileImprovement:4320
May 14, 2018 12:22:17 PM net.sf.freecol.common.util.LogBuilder log
INFO: Destroying: tileImprovement:4322
May 14, 2018 12:22:17 PM net.sf.freecol.common.util.LogBuilder log
INFO: Destroying: tileImprovement:4324
May 14, 2018 12:22:17 PM net.sf.freecol.common.util.LogBuilder log
INFO: Destroying: tileImprovement:4326
May 14, 2018 12:22:17 PM net.sf.freecol.common.util.LogBuilder log
INFO: Destroying: tileImprovement:4328
May 14, 2018 12:22:17 PM net.sf.freecol.common.util.LogBuilder log
INFO: Destroying: tileImprovement:4510
May 14, 2018 12:22:17 PM net.sf.freecol.common.util.LogBuilder log
INFO: Destroying: tileImprovement:4511
May 14, 2018 12:22:17 PM net.sf.freecol.common.util.LogBuilder log
INFO: Destroying: tileImprovement:4512
May 14, 2018 12:22:17 PM net.sf.freecol.common.util.LogBuilder log
INFO: Destroying: tileImprovement:4513
May 14, 2018 12:22:17 PM net.sf.freecol.common.util.LogBuilder log
INFO: Destroying: tileImprovement:4661
May 14, 2018 12:22:17 PM net.sf.freecol.common.util.LogBuilder log
INFO: Destroying: tileImprovement:4663
May 14, 2018 12:22:17 PM net.sf.freecol.common.util.LogBuilder log
INFO: Destroying: tileImprovement:4665
May 14, 2018 12:22:17 PM net.sf.freecol.common.util.LogBuilder log
INFO: Destroying: tileImprovement:4667
May 14, 2018 12:22:17 PM net.sf.freecol.common.util.LogBuilder log
INFO: Destroying: tileImprovement:4669
May 14, 2018 12:22:17 PM net.sf.freecol.common.util.LogBuilder log
INFO: Destroying: tileImprovement:4671
May 14, 2018 12:22:17 PM net.sf.freecol.common.util.LogBuilder log
INFO: Destroying: tileImprovement:4673
May 14, 2018 12:22:17 PM net.sf.freecol.common.util.LogBuilder log
INFO: Destroying: tileImprovement:4675
May 14, 2018 12:22:17 PM net.sf.freecol.common.util.LogBuilder log
INFO: Destroying: tileImprovement:4653
May 14, 2018 12:22:17 PM net.sf.freecol.common.util.LogBuilder log
INFO: Destroying: tileImprovement:4655
May 14, 2018 12:22:17 PM net.sf.freecol.common.util.LogBuilder log
INFO: Destroying: tileImprovement:4657
May 14, 2018 12:22:17 PM net.sf.freecol.common.util.LogBuilder log
INFO: Destroying: tileImprovement:4659
May 14, 2018 12:22:17 PM net.sf.freecol.common.util.LogBuilder log
INFO: Destroying: tileImprovement:4697
May 14, 2018 12:22:17 PM net.sf.freecol.common.util.LogBuilder log
INFO: Destroying: tileImprovement:4698
May 14, 2018 12:22:17 PM net.sf.freecol.common.util.LogBuilder log
INFO: Destroying: tileImprovement:4699
May 14, 2018 12:22:17 PM net.sf.freecol.common.util.LogBuilder log
INFO: Destroying: tileImprovement:4700
May 14, 2018 12:22:17 PM net.sf.freecol.common.util.LogBuilder log
INFO: Destroying: tileImprovement:4701
May 14, 2018 12:22:17 PM net.sf.freecol.common.util.LogBuilder log
INFO: Destroying: tileImprovement:4702
May 14, 2018 12:22:17 PM net.sf.freecol.common.util.LogBuilder log
INFO: Destroying: tileImprovement:4703
May 14, 2018 12:22:17 PM net.sf.freecol.common.util.LogBuilder log
INFO: Destroying: tileImprovement:4704
May 14, 2018 12:22:17 PM net.sf.freecol.common.util.LogBuilder log
INFO: Destroying: tileImprovement:4523
May 14, 2018 12:22:17 PM net.sf.freecol.common.util.LogBuilder log
INFO: Destroying: tileImprovement:4524
May 14, 2018 12:22:17 PM net.sf.freecol.common.util.LogBuilder log
INFO: Destroying: tileImprovement:4633
May 14, 2018 12:22:17 PM net.sf.freecol.common.util.LogBuilder log
INFO: Destroying: tileImprovement:4635
May 14, 2018 12:22:17 PM net.sf.freecol.common.util.LogBuilder log
INFO: Destroying: tileImprovement:4637
May 14, 2018 12:22:17 PM net.sf.freecol.common.util.LogBuilder log
INFO: Destroying: tileImprovement:4639
May 14, 2018 12:22:17 PM net.sf.freecol.common.util.LogBuilder log
INFO: Destroying: tileImprovement:4641
May 14, 2018 12:22:17 PM net.sf.freecol.common.util.LogBuilder log
INFO: Destroying: tileImprovement:4643
May 14, 2018 12:22:17 PM net.sf.freecol.common.util.LogBuilder log
INFO: Destroying: tileImprovement:4620
May 14, 2018 12:22:17 PM net.sf.freecol.common.util.LogBuilder log
INFO: Destroying: tileImprovement:4621
May 14, 2018 12:22:17 PM net.sf.freecol.common.util.LogBuilder log
INFO: Destroying: tileImprovement:4622
May 14, 2018 12:22:17 PM net.sf.freecol.common.util.LogBuilder log
INFO: Destroying: tileImprovement:4623
May 14, 2018 12:22:17 PM net.sf.freecol.common.util.LogBuilder log
INFO: Destroying: tileImprovement:4624
May 14, 2018 12:22:17 PM net.sf.freecol.common.util.LogBuilder log
INFO: Destroying: tileImprovement:4625
May 14, 2018 12:22:17 PM net.sf.freecol.common.util.LogBuilder log
INFO: Destroying: tileImprovement:4626
May 14, 2018 12:22:17 PM net.sf.freecol.common.util.LogBuilder log
INFO: Destroying: tileImprovement:4627
May 14, 2018 12:22:17 PM net.sf.freecol.common.util.LogBuilder log
INFO: Destroying: tileImprovement:4628
May 14, 2018 12:22:17 PM net.sf.freecol.common.util.LogBuilder log
INFO: Destroying: tileImprovement:4629
May 14, 2018 12:22:17 PM net.sf.freecol.common.util.LogBuilder log
INFO: Destroying: tileImprovement:4630
May 14, 2018 12:22:17 PM net.sf.freecol.common.util.LogBuilder log
INFO: Destroying: tileImprovement:4631
May 14, 2018 12:22:17 PM net.sf.freecol.common.util.LogBuilder log
INFO: Destroying: tileImprovement:4632
May 14, 2018 12:22:17 PM net.sf.freecol.common.util.LogBuilder log
INFO: Destroying: tileImprovement:4448
May 14, 2018 12:22:17 PM net.sf.freecol.common.util.LogBuilder log
INFO: Destroying: tileImprovement:4450
May 14, 2018 12:22:17 PM net.sf.freecol.common.util.LogBuilder log
INFO: Destroying: tileImprovement:4452
May 14, 2018 12:22:17 PM net.sf.freecol.common.util.LogBuilder log
INFO: Destroying: tileImprovement:4741
May 14, 2018 12:22:17 PM net.sf.freecol.common.util.LogBuilder log
INFO: Destroying: tileImprovement:4743
May 14, 2018 12:22:17 PM net.sf.freecol.common.util.LogBuilder log
INFO: Destroying: tileImprovement:4745
May 14, 2018 12:22:17 PM net.sf.freecol.common.util.LogBuilder log
INFO: Destroying: tileImprovement:4436
May 14, 2018 12:22:17 PM net.sf.freecol.common.util.LogBuilder log
INFO: Destroying: tileImprovement:4438
May 14, 2018 12:22:17 PM net.sf.freecol.common.util.LogBuilder log
INFO: Destroying: tileImprovement:4440
May 14, 2018 12:22:17 PM net.sf.freecol.common.util.LogBuilder log
INFO: Destroying: tileImprovement:4883
May 14, 2018 12:22:17 PM net.sf.freecol.common.util.LogBuilder log
INFO: Destroying: tileImprovement:4884
May 14, 2018 12:22:17 PM net.sf.freecol.common.util.LogBuilder log
INFO: Destroying: tileImprovement:4885
May 14, 2018 12:22:17 PM net.sf.freecol.common.util.LogBuilder log
INFO: Destroying: tileImprovement:4867
May 14, 2018 12:22:17 PM net.sf.freecol.common.util.LogBuilder log
INFO: Destroying: tileImprovement:4869
May 14, 2018 12:22:17 PM net.sf.freecol.common.util.LogBuilder log
INFO: Destroying: tileImprovement:4864
May 14, 2018 12:22:17 PM net.sf.freecol.common.util.LogBuilder log
INFO: Destroying: tileImprovement:4865
May 14, 2018 12:22:17 PM net.sf.freecol.common.util.LogBuilder log
INFO: Destroying: tileImprovement:4866
May 14, 2018 12:22:17 PM net.sf.freecol.common.util.LogBuilder log
INFO: Destroying: tileImprovement:4390
May 14, 2018 12:22:17 PM net.sf.freecol.common.util.LogBuilder log
INFO: Destroying: tileImprovement:4392
May 14, 2018 12:22:17 PM net.sf.freecol.common.util.LogBuilder log
INFO: Destroying: tileImprovement:4394
May 14, 2018 12:22:17 PM net.sf.freecol.common.util.LogBuilder log
INFO: Destroying: tileImprovement:4396
May 14, 2018 12:22:17 PM net.sf.freecol.common.util.LogBuilder log
INFO: Destroying: tileImprovement:4398
May 14, 2018 12:22:17 PM net.sf.freecol.common.util.LogBuilder log
INFO: Destroying: tileImprovement:4737
May 14, 2018 12:22:17 PM net.sf.freecol.common.util.LogBuilder log
INFO: Destroying: tileImprovement:4739
May 14, 2018 12:22:17 PM net.sf.freecol.common.model.Game addPlayer
WARNING: Game already full, but tried to add: Dom Manuel I
May 14, 2018 12:22:17 PM net.sf.freecol.common.model.Game addPlayer
WARNING: Game already full, but tried to add: Charles XI
May 14, 2018 12:22:17 PM net.sf.freecol.common.model.Game addPlayer
WARNING: Game already full, but tried to add: Frederick II
May 14, 2018 12:22:17 PM net.sf.freecol.common.model.Game addPlayer
WARNING: Game already full, but tried to add: Peter I
May 14, 2018 12:22:17 PM net.sf.freecol.common.model.LandMap <init>
INFO: Using land generator model.option.landGeneratorType.classic
May 14, 2018 12:22:17 PM net.sf.freecol.common.util.LogBuilder log
INFO: Destroying: tileImprovement:4517
May 14, 2018 12:22:17 PM net.sf.freecol.common.util.LogBuilder log
INFO: Destroying: tileImprovement:4519
May 14, 2018 12:22:17 PM net.sf.freecol.common.util.LogBuilder log
INFO: Destroying: tileImprovement:4521
May 14, 2018 12:22:17 PM net.sf.freecol.common.util.LogBuilder log
INFO: Destroying: tileImprovement:4498
May 14, 2018 12:22:17 PM net.sf.freecol.common.util.LogBuilder log
INFO: Destroying: tileImprovement:4500
May 14, 2018 12:22:17 PM net.sf.freecol.common.util.LogBuilder log
INFO: Destroying: tileImprovement:4502
May 14, 2018 12:22:17 PM net.sf.freecol.common.util.LogBuilder log
INFO: Destroying: tileImprovement:4504
May 14, 2018 12:22:17 PM net.sf.freecol.common.util.LogBuilder log
INFO: Destroying: tileImprovement:4506
May 14, 2018 12:22:17 PM net.sf.freecol.common.util.LogBuilder log
INFO: Destroying: tileImprovement:4508
May 14, 2018 12:22:17 PM net.sf.freecol.common.util.LogBuilder log
INFO: Destroying: tileImprovement:4510
May 14, 2018 12:22:17 PM net.sf.freecol.common.util.LogBuilder log
INFO: Destroying: tileImprovement:4653
May 14, 2018 12:22:17 PM net.sf.freecol.common.util.LogBuilder log
INFO: Destroying: tileImprovement:4655
May 14, 2018 12:22:17 PM net.sf.freecol.common.util.LogBuilder log
INFO: Destroying: tileImprovement:4657
May 14, 2018 12:22:17 PM net.sf.freecol.common.util.LogBuilder log
INFO: Destroying: tileImprovement:4659
May 14, 2018 12:22:17 PM net.sf.freecol.common.util.LogBuilder log
INFO: Destroying: tileImprovement:4661
May 14, 2018 12:22:17 PM net.sf.freecol.common.util.LogBuilder log
INFO: Destroying: tileImprovement:4663
May 14, 2018 12:22:17 PM net.sf.freecol.common.util.LogBuilder log
INFO: Destroying: tileImprovement:4687
May 14, 2018 12:22:17 PM net.sf.freecol.common.util.LogBuilder log
INFO: Destroying: tileImprovement:4688
May 14, 2018 12:22:17 PM net.sf.freecol.common.util.LogBuilder log
INFO: Destroying: tileImprovement:4689
May 14, 2018 12:22:17 PM net.sf.freecol.common.util.LogBuilder log
INFO: Destroying: tileImprovement:4690
May 14, 2018 12:22:17 PM net.sf.freecol.common.util.LogBuilder log
INFO: Destroying: tileImprovement:4691
May 14, 2018 12:22:17 PM net.sf.freecol.common.util.LogBuilder log
INFO: Destroying: tileImprovement:4692
May 14, 2018 12:22:17 PM net.sf.freecol.common.util.LogBuilder log
INFO: Destroying: tileImprovement:4693
May 14, 2018 12:22:17 PM net.sf.freecol.common.util.LogBuilder log
INFO: Destroying: tileImprovement:4711
May 14, 2018 12:22:17 PM net.sf.freecol.common.util.LogBuilder log
INFO: Destroying: tileImprovement:4713
May 14, 2018 12:22:17 PM net.sf.freecol.common.util.LogBuilder log
INFO: Destroying: tileImprovement:4715
May 14, 2018 12:22:17 PM net.sf.freecol.common.util.LogBuilder log
INFO: Destroying: tileImprovement:4705
May 14, 2018 12:22:17 PM net.sf.freecol.common.util.LogBuilder log
INFO: Destroying: tileImprovement:4706
May 14, 2018 12:22:17 PM net.sf.freecol.common.util.LogBuilder log
INFO: Destroying: tileImprovement:4707
May 14, 2018 12:22:17 PM net.sf.freecol.common.util.LogBuilder log
INFO: Destroying: tileImprovement:4708
May 14, 2018 12:22:17 PM net.sf.freecol.common.util.LogBuilder log
INFO: Destroying: tileImprovement:4709
May 14, 2018 12:22:17 PM net.sf.freecol.common.util.LogBuilder log
INFO: Destroying: tileImprovement:4710
May 14, 2018 12:22:17 PM net.sf.freecol.common.util.LogBuilder log
INFO: Destroying: tileImprovement:4634
May 14, 2018 12:22:17 PM net.sf.freecol.common.util.LogBuilder log
INFO: Destroying: tileImprovement:4636
May 14, 2018 12:22:17 PM net.sf.freecol.common.util.LogBuilder log
INFO: Destroying: tileImprovement:4638
May 14, 2018 12:22:17 PM net.sf.freecol.common.util.LogBuilder log
INFO: Destroying: tileImprovement:4640
May 14, 2018 12:22:17 PM net.sf.freecol.common.util.LogBuilder log
INFO: Destroying: tileImprovement:4513
May 14, 2018 12:22:17 PM net.sf.freecol.common.util.LogBuilder log
INFO: Destroying: tileImprovement:4515
May 14, 2018 12:22:17 PM net.sf.freecol.common.util.LogBuilder log
INFO: Destroying: tileImprovement:4668
May 14, 2018 12:22:17 PM net.sf.freecol.common.util.LogBuilder log
INFO: Destroying: tileImprovement:4669
May 14, 2018 12:22:17 PM net.sf.freecol.common.util.LogBuilder log
INFO: Destroying: tileImprovement:4670
May 14, 2018 12:22:17 PM net.sf.freecol.common.util.LogBuilder log
INFO: Destroying: tileImprovement:4643
May 14, 2018 12:22:17 PM net.sf.freecol.common.util.LogBuilder log
INFO: Destroying: tileImprovement:4645
May 14, 2018 12:22:17 PM net.sf.freecol.common.util.LogBuilder log
INFO: Destroying: tileImprovement:4647
May 14, 2018 12:22:17 PM net.sf.freecol.common.util.LogBuilder log
INFO: Destroying: tileImprovement:4608
May 14, 2018 12:22:17 PM net.sf.freecol.common.util.LogBuilder log
INFO: Destroying: tileImprovement:4610
May 14, 2018 12:22:17 PM net.sf.freecol.common.util.LogBuilder log
INFO: Destroying: tileImprovement:4612
May 14, 2018 12:22:17 PM net.sf.freecol.common.util.LogBuilder log
INFO: Destroying: tileImprovement:4614
May 14, 2018 12:22:17 PM net.sf.freecol.common.util.LogBuilder log
INFO: Destroying: tileImprovement:4616
May 14, 2018 12:22:17 PM net.sf.freecol.common.util.LogBuilder log
INFO: Destroying: tileImprovement:4618
May 14, 2018 12:22:17 PM net.sf.freecol.common.util.LogBuilder log
INFO: Destroying: tileImprovement:4620
May 14, 2018 12:22:17 PM net.sf.freecol.common.util.LogBuilder log
INFO: Destroying: tileImprovement:4622
May 14, 2018 12:22:17 PM net.sf.freecol.common.util.LogBuilder log
INFO: Destroying: tileImprovement:4624
May 14, 2018 12:22:17 PM net.sf.freecol.common.util.LogBuilder log
INFO: Destroying: tileImprovement:4626
May 14, 2018 12:22:17 PM net.sf.freecol.common.util.LogBuilder log
INFO: Destroying: tileImprovement:4628
May 14, 2018 12:22:17 PM net.sf.freecol.common.util.LogBuilder log
INFO: Destroying: tileImprovement:4630
May 14, 2018 12:22:17 PM net.sf.freecol.common.util.LogBuilder log
INFO: Destroying: tileImprovement:4632
May 14, 2018 12:22:17 PM net.sf.freecol.common.util.LogBuilder log
INFO: Destroying: tileImprovement:4814
May 14, 2018 12:22:17 PM net.sf.freecol.common.util.LogBuilder log
INFO: Destroying: tileImprovement:4815
May 14, 2018 12:22:17 PM net.sf.freecol.common.util.LogBuilder log
INFO: Destroying: tileImprovement:4816
May 14, 2018 12:22:17 PM net.sf.freecol.common.util.LogBuilder log
INFO: Destroying: tileImprovement:4817
May 14, 2018 12:22:17 PM net.sf.freecol.common.util.LogBuilder log
INFO: Destroying: tileImprovement:4965
May 14, 2018 12:22:17 PM net.sf.freecol.common.util.LogBuilder log
INFO: Destroying: tileImprovement:4967
May 14, 2018 12:22:17 PM net.sf.freecol.common.util.LogBuilder log
INFO: Destroying: tileImprovement:4969
May 14, 2018 12:22:17 PM net.sf.freecol.common.util.LogBuilder log
INFO: Destroying: tileImprovement:4971
May 14, 2018 12:22:17 PM net.sf.freecol.common.util.LogBuilder log
INFO: Destroying: tileImprovement:4973
May 14, 2018 12:22:17 PM net.sf.freecol.common.util.LogBuilder log
INFO: Destroying: tileImprovement:4975
May 14, 2018 12:22:17 PM net.sf.freecol.common.util.LogBuilder log
INFO: Destroying: tileImprovement:4977
May 14, 2018 12:22:17 PM net.sf.freecol.common.util.LogBuilder log
INFO: Destroying: tileImprovement:4979
May 14, 2018 12:22:17 PM net.sf.freecol.common.util.LogBuilder log
INFO: Destroying: tileImprovement:4957
May 14, 2018 12:22:17 PM net.sf.freecol.common.util.LogBuilder log
INFO: Destroying: tileImprovement:4959
May 14, 2018 12:22:17 PM net.sf.freecol.common.util.LogBuilder log
INFO: Destroying: tileImprovement:4961
May 14, 2018 12:22:17 PM net.sf.freecol.common.util.LogBuilder log
INFO: Destroying: tileImprovement:4963
May 14, 2018 12:22:17 PM net.sf.freecol.common.util.LogBuilder log
INFO: Destroying: tileImprovement:5001
May 14, 2018 12:22:17 PM net.sf.freecol.common.util.LogBuilder log
INFO: Destroying: tileImprovement:5002
May 14, 2018 12:22:17 PM net.sf.freecol.common.util.LogBuilder log
INFO: Destroying: tileImprovement:5003
May 14, 2018 12:22:17 PM net.sf.freecol.common.util.LogBuilder log
INFO: Destroying: tileImprovement:5004
May 14, 2018 12:22:17 PM net.sf.freecol.common.util.LogBuilder log
INFO: Destroying: tileImprovement:5005
May 14, 2018 12:22:17 PM net.sf.freecol.common.util.LogBuilder log
INFO: Destroying: tileImprovement:5006
May 14, 2018 12:22:17 PM net.sf.freecol.common.util.LogBuilder log
INFO: Destroying: tileImprovement:5007
May 14, 2018 12:22:17 PM net.sf.freecol.common.util.LogBuilder log
INFO: Destroying: tileImprovement:5008
May 14, 2018 12:22:17 PM net.sf.freecol.common.util.LogBuilder log
INFO: Destroying: tileImprovement:4827
May 14, 2018 12:22:17 PM net.sf.freecol.common.util.LogBuilder log
INFO: Destroying: tileImprovement:4828
May 14, 2018 12:22:17 PM net.sf.freecol.common.util.LogBuilder log
INFO: Destroying: tileImprovement:4937
May 14, 2018 12:22:17 PM net.sf.freecol.common.util.LogBuilder log
INFO: Destroying: tileImprovement:4939
May 14, 2018 12:22:17 PM net.sf.freecol.common.util.LogBuilder log
INFO: Destroying: tileImprovement:4941
May 14, 2018 12:22:17 PM net.sf.freecol.common.util.LogBuilder log
INFO: Destroying: tileImprovement:4943
May 14, 2018 12:22:17 PM net.sf.freecol.common.util.LogBuilder log
INFO: Destroying: tileImprovement:4945
May 14, 2018 12:22:17 PM net.sf.freecol.common.util.LogBuilder log
INFO: Destroying: tileImprovement:4947
May 14, 2018 12:22:17 PM net.sf.freecol.common.util.LogBuilder log
INFO: Destroying: tileImprovement:4924
May 14, 2018 12:22:17 PM net.sf.freecol.common.util.LogBuilder log
INFO: Destroying: tileImprovement:4925
May 14, 2018 12:22:17 PM net.sf.freecol.common.util.LogBuilder log
INFO: Destroying: tileImprovement:4926
May 14, 2018 12:22:17 PM net.sf.freecol.common.util.LogBuilder log
INFO: Destroying: tileImprovement:4927
May 14, 2018 12:22:17 PM net.sf.freecol.common.util.LogBuilder log
INFO: Destroying: tileImprovement:4928
May 14, 2018 12:22:17 PM net.sf.freecol.common.util.LogBuilder log
INFO: Destroying: tileImprovement:4929
May 14, 2018 12:22:17 PM net.sf.freecol.common.util.LogBuilder log
INFO: Destroying: tileImprovement:4930
May 14, 2018 12:22:17 PM net.sf.freecol.common.util.LogBuilder log
INFO: Destroying: tileImprovement:4931
May 14, 2018 12:22:17 PM net.sf.freecol.common.util.LogBuilder log
INFO: Destroying: tileImprovement:4932
May 14, 2018 12:22:17 PM net.sf.freecol.common.util.LogBuilder log
INFO: Destroying: tileImprovement:4933
May 14, 2018 12:22:17 PM net.sf.freecol.common.util.LogBuilder log
INFO: Destroying: tileImprovement:4934
May 14, 2018 12:22:17 PM net.sf.freecol.common.util.LogBuilder log
INFO: Destroying: tileImprovement:4935
May 14, 2018 12:22:17 PM net.sf.freecol.common.util.LogBuilder log
INFO: Destroying: tileImprovement:4936
May 14, 2018 12:22:17 PM net.sf.freecol.common.util.LogBuilder log
INFO: Destroying: tileImprovement:4752
May 14, 2018 12:22:17 PM net.sf.freecol.common.util.LogBuilder log
INFO: Destroying: tileImprovement:4754
May 14, 2018 12:22:17 PM net.sf.freecol.common.util.LogBuilder log
INFO: Destroying: tileImprovement:4756
May 14, 2018 12:22:17 PM net.sf.freecol.common.util.LogBuilder log
INFO: Destroying: tileImprovement:5045
May 14, 2018 12:22:17 PM net.sf.freecol.common.util.LogBuilder log
INFO: Destroying: tileImprovement:5047
May 14, 2018 12:22:17 PM net.sf.freecol.common.util.LogBuilder log
INFO: Destroying: tileImprovement:5049
May 14, 2018 12:22:17 PM net.sf.freecol.common.util.LogBuilder log
INFO: Destroying: tileImprovement:4740
May 14, 2018 12:22:17 PM net.sf.freecol.common.util.LogBuilder log
INFO: Destroying: tileImprovement:4742
May 14, 2018 12:22:17 PM net.sf.freecol.common.util.LogBuilder log
INFO: Destroying: tileImprovement:4744
May 14, 2018 12:22:17 PM net.sf.freecol.common.util.LogBuilder log
INFO: Destroying: tileImprovement:5187
May 14, 2018 12:22:17 PM net.sf.freecol.common.util.LogBuilder log
INFO: Destroying: tileImprovement:5188
May 14, 2018 12:22:17 PM net.sf.freecol.common.util.LogBuilder log
INFO: Destroying: tileImprovement:5189
May 14, 2018 12:22:17 PM net.sf.freecol.common.util.LogBuilder log
INFO: Destroying: tileImprovement:5171
May 14, 2018 12:22:17 PM net.sf.freecol.common.util.LogBuilder log
INFO: Destroying: tileImprovement:5173
May 14, 2018 12:22:17 PM net.sf.freecol.common.util.LogBuilder log
INFO: Destroying: tileImprovement:5168
May 14, 2018 12:22:17 PM net.sf.freecol.common.util.LogBuilder log
INFO: Destroying: tileImprovement:5169
May 14, 2018 12:22:17 PM net.sf.freecol.common.util.LogBuilder log
INFO: Destroying: tileImprovement:5170
May 14, 2018 12:22:17 PM net.sf.freecol.common.util.LogBuilder log
INFO: Destroying: tileImprovement:4694
May 14, 2018 12:22:17 PM net.sf.freecol.common.util.LogBuilder log
INFO: Destroying: tileImprovement:4696
May 14, 2018 12:22:17 PM net.sf.freecol.common.util.LogBuilder log
INFO: Destroying: tileImprovement:4698
May 14, 2018 12:22:17 PM net.sf.freecol.common.util.LogBuilder log
INFO: Destroying: tileImprovement:4700
May 14, 2018 12:22:17 PM net.sf.freecol.common.util.LogBuilder log
INFO: Destroying: tileImprovement:4702
May 14, 2018 12:22:17 PM net.sf.freecol.common.util.LogBuilder log
INFO: Destroying: tileImprovement:5041
May 14, 2018 12:22:17 PM net.sf.freecol.common.util.LogBuilder log
INFO: Destroying: tileImprovement:5043
May 14, 2018 12:22:17 PM net.sf.freecol.common.model.Game addPlayer
WARNING: Game already full, but tried to add: Dom Manuel I
May 14, 2018 12:22:17 PM net.sf.freecol.common.model.Game addPlayer
WARNING: Game already full, but tried to add: Charles XI
May 14, 2018 12:22:17 PM net.sf.freecol.common.model.Game addPlayer
WARNING: Game already full, but tried to add: Frederick II
May 14, 2018 12:22:17 PM net.sf.freecol.common.model.Game addPlayer
WARNING: Game already full, but tried to add: Peter I
May 14, 2018 12:22:17 PM net.sf.freecol.common.model.LandMap <init>
INFO: Using land generator model.option.landGeneratorType.classic
May 14, 2018 12:22:17 PM net.sf.freecol.common.util.LogBuilder log
INFO: Destroying: tileImprovement:4517
May 14, 2018 12:22:17 PM net.sf.freecol.common.util.LogBuilder log
INFO: Destroying: tileImprovement:4519
May 14, 2018 12:22:17 PM net.sf.freecol.common.util.LogBuilder log
INFO: Destroying: tileImprovement:4521
May 14, 2018 12:22:17 PM net.sf.freecol.common.util.LogBuilder log
INFO: Destroying: tileImprovement:4498
May 14, 2018 12:22:17 PM net.sf.freecol.common.util.LogBuilder log
INFO: Destroying: tileImprovement:4500
May 14, 2018 12:22:17 PM net.sf.freecol.common.util.LogBuilder log
INFO: Destroying: tileImprovement:4502
May 14, 2018 12:22:17 PM net.sf.freecol.common.util.LogBuilder log
INFO: Destroying: tileImprovement:4504
May 14, 2018 12:22:17 PM net.sf.freecol.common.util.LogBuilder log
INFO: Destroying: tileImprovement:4506
May 14, 2018 12:22:17 PM net.sf.freecol.common.util.LogBuilder log
INFO: Destroying: tileImprovement:4508
May 14, 2018 12:22:17 PM net.sf.freecol.common.util.LogBuilder log
INFO: Destroying: tileImprovement:4510
May 14, 2018 12:22:17 PM net.sf.freecol.common.util.LogBuilder log
INFO: Destroying: tileImprovement:4653
May 14, 2018 12:22:17 PM net.sf.freecol.common.util.LogBuilder log
INFO: Destroying: tileImprovement:4655
May 14, 2018 12:22:17 PM net.sf.freecol.common.util.LogBuilder log
INFO: Destroying: tileImprovement:4657
May 14, 2018 12:22:17 PM net.sf.freecol.common.util.LogBuilder log
INFO: Destroying: tileImprovement:4659
May 14, 2018 12:22:17 PM net.sf.freecol.common.util.LogBuilder log
INFO: Destroying: tileImprovement:4661
May 14, 2018 12:22:17 PM net.sf.freecol.common.util.LogBuilder log
INFO: Destroying: tileImprovement:4663
May 14, 2018 12:22:17 PM net.sf.freecol.common.util.LogBuilder log
INFO: Destroying: tileImprovement:4687
May 14, 2018 12:22:17 PM net.sf.freecol.common.util.LogBuilder log
INFO: Destroying: tileImprovement:4688
May 14, 2018 12:22:17 PM net.sf.freecol.common.util.LogBuilder log
INFO: Destroying: tileImprovement:4689
May 14, 2018 12:22:17 PM net.sf.freecol.common.util.LogBuilder log
INFO: Destroying: tileImprovement:4690
May 14, 2018 12:22:17 PM net.sf.freecol.common.util.LogBuilder log
INFO: Destroying: tileImprovement:4691
May 14, 2018 12:22:17 PM net.sf.freecol.common.util.LogBuilder log
INFO: Destroying: tileImprovement:4692
May 14, 2018 12:22:17 PM net.sf.freecol.common.util.LogBuilder log
INFO: Destroying: tileImprovement:4693
May 14, 2018 12:22:17 PM net.sf.freecol.common.util.LogBuilder log
INFO: Destroying: tileImprovement:4711
May 14, 2018 12:22:17 PM net.sf.freecol.common.util.LogBuilder log
INFO: Destroying: tileImprovement:4713
May 14, 2018 12:22:17 PM net.sf.freecol.common.util.LogBuilder log
INFO: Destroying: tileImprovement:4715
May 14, 2018 12:22:17 PM net.sf.freecol.common.util.LogBuilder log
INFO: Destroying: tileImprovement:4705
May 14, 2018 12:22:17 PM net.sf.freecol.common.util.LogBuilder log
INFO: Destroying: tileImprovement:4706
May 14, 2018 12:22:17 PM net.sf.freecol.common.util.LogBuilder log
INFO: Destroying: tileImprovement:4707
May 14, 2018 12:22:17 PM net.sf.freecol.common.util.LogBuilder log
INFO: Destroying: tileImprovement:4708
May 14, 2018 12:22:17 PM net.sf.freecol.common.util.LogBuilder log
INFO: Destroying: tileImprovement:4709
May 14, 2018 12:22:17 PM net.sf.freecol.common.util.LogBuilder log
INFO: Destroying: tileImprovement:4710
May 14, 2018 12:22:17 PM net.sf.freecol.common.util.LogBuilder log
INFO: Destroying: tileImprovement:4634
May 14, 2018 12:22:17 PM net.sf.freecol.common.util.LogBuilder log
INFO: Destroying: tileImprovement:4636
May 14, 2018 12:22:17 PM net.sf.freecol.common.util.LogBuilder log
INFO: Destroying: tileImprovement:4638
May 14, 2018 12:22:17 PM net.sf.freecol.common.util.LogBuilder log
INFO: Destroying: tileImprovement:4640
May 14, 2018 12:22:17 PM net.sf.freecol.common.util.LogBuilder log
INFO: Destroying: tileImprovement:4513
May 14, 2018 12:22:17 PM net.sf.freecol.common.util.LogBuilder log
INFO: Destroying: tileImprovement:4515
May 14, 2018 12:22:17 PM net.sf.freecol.common.util.LogBuilder log
INFO: Destroying: tileImprovement:4668
May 14, 2018 12:22:17 PM net.sf.freecol.common.util.LogBuilder log
INFO: Destroying: tileImprovement:4669
May 14, 2018 12:22:17 PM net.sf.freecol.common.util.LogBuilder log
INFO: Destroying: tileImprovement:4670
May 14, 2018 12:22:17 PM net.sf.freecol.common.util.LogBuilder log
INFO: Destroying: tileImprovement:4643
May 14, 2018 12:22:17 PM net.sf.freecol.common.util.LogBuilder log
INFO: Destroying: tileImprovement:4645
May 14, 2018 12:22:17 PM net.sf.freecol.common.util.LogBuilder log
INFO: Destroying: tileImprovement:4647
May 14, 2018 12:22:17 PM net.sf.freecol.common.util.LogBuilder log
INFO: Destroying: tileImprovement:4608
May 14, 2018 12:22:17 PM net.sf.freecol.common.util.LogBuilder log
INFO: Destroying: tileImprovement:4610
May 14, 2018 12:22:17 PM net.sf.freecol.common.util.LogBuilder log
INFO: Destroying: tileImprovement:4612
May 14, 2018 12:22:17 PM net.sf.freecol.common.util.LogBuilder log
INFO: Destroying: tileImprovement:4614
May 14, 2018 12:22:17 PM net.sf.freecol.common.util.LogBuilder log
INFO: Destroying: tileImprovement:4616
May 14, 2018 12:22:17 PM net.sf.freecol.common.util.LogBuilder log
INFO: Destroying: tileImprovement:4618
May 14, 2018 12:22:17 PM net.sf.freecol.common.util.LogBuilder log
INFO: Destroying: tileImprovement:4620
May 14, 2018 12:22:17 PM net.sf.freecol.common.util.LogBuilder log
INFO: Destroying: tileImprovement:4622
May 14, 2018 12:22:17 PM net.sf.freecol.common.util.LogBuilder log
INFO: Destroying: tileImprovement:4624
May 14, 2018 12:22:17 PM net.sf.freecol.common.util.LogBuilder log
INFO: Destroying: tileImprovement:4626
May 14, 2018 12:22:17 PM net.sf.freecol.common.util.LogBuilder log
INFO: Destroying: tileImprovement:4628
May 14, 2018 12:22:17 PM net.sf.freecol.common.util.LogBuilder log
INFO: Destroying: tileImprovement:4630
May 14, 2018 12:22:17 PM net.sf.freecol.common.util.LogBuilder log
INFO: Destroying: tileImprovement:4632
May 14, 2018 12:22:17 PM net.sf.freecol.common.util.LogBuilder log
INFO: Destroying: tileImprovement:4814
May 14, 2018 12:22:17 PM net.sf.freecol.common.util.LogBuilder log
INFO: Destroying: tileImprovement:4815
May 14, 2018 12:22:17 PM net.sf.freecol.common.util.LogBuilder log
INFO: Destroying: tileImprovement:4816
May 14, 2018 12:22:17 PM net.sf.freecol.common.util.LogBuilder log
INFO: Destroying: tileImprovement:4817
May 14, 2018 12:22:17 PM net.sf.freecol.common.util.LogBuilder log
INFO: Destroying: tileImprovement:4965
May 14, 2018 12:22:17 PM net.sf.freecol.common.util.LogBuilder log
INFO: Destroying: tileImprovement:4967
May 14, 2018 12:22:17 PM net.sf.freecol.common.util.LogBuilder log
INFO: Destroying: tileImprovement:4969
May 14, 2018 12:22:17 PM net.sf.freecol.common.util.LogBuilder log
INFO: Destroying: tileImprovement:4971
May 14, 2018 12:22:17 PM net.sf.freecol.common.util.LogBuilder log
INFO: Destroying: tileImprovement:4973
May 14, 2018 12:22:17 PM net.sf.freecol.common.util.LogBuilder log
INFO: Destroying: tileImprovement:4975
May 14, 2018 12:22:17 PM net.sf.freecol.common.util.LogBuilder log
INFO: Destroying: tileImprovement:4977
May 14, 2018 12:22:17 PM net.sf.freecol.common.util.LogBuilder log
INFO: Destroying: tileImprovement:4979
May 14, 2018 12:22:17 PM net.sf.freecol.common.util.LogBuilder log
INFO: Destroying: tileImprovement:4957
May 14, 2018 12:22:17 PM net.sf.freecol.common.util.LogBuilder log
INFO: Destroying: tileImprovement:4959
May 14, 2018 12:22:17 PM net.sf.freecol.common.util.LogBuilder log
INFO: Destroying: tileImprovement:4961
May 14, 2018 12:22:17 PM net.sf.freecol.common.util.LogBuilder log
INFO: Destroying: tileImprovement:4963
May 14, 2018 12:22:17 PM net.sf.freecol.common.util.LogBuilder log
INFO: Destroying: tileImprovement:5001
May 14, 2018 12:22:17 PM net.sf.freecol.common.util.LogBuilder log
INFO: Destroying: tileImprovement:5002
May 14, 2018 12:22:17 PM net.sf.freecol.common.util.LogBuilder log
INFO: Destroying: tileImprovement:5003
May 14, 2018 12:22:17 PM net.sf.freecol.common.util.LogBuilder log
INFO: Destroying: tileImprovement:5004
May 14, 2018 12:22:17 PM net.sf.freecol.common.util.LogBuilder log
INFO: Destroying: tileImprovement:5005
May 14, 2018 12:22:17 PM net.sf.freecol.common.util.LogBuilder log
INFO: Destroying: tileImprovement:5006
May 14, 2018 12:22:17 PM net.sf.freecol.common.util.LogBuilder log
INFO: Destroying: tileImprovement:5007
May 14, 2018 12:22:17 PM net.sf.freecol.common.util.LogBuilder log
INFO: Destroying: tileImprovement:5008
May 14, 2018 12:22:17 PM net.sf.freecol.common.util.LogBuilder log
INFO: Destroying: tileImprovement:4827
May 14, 2018 12:22:17 PM net.sf.freecol.common.util.LogBuilder log
INFO: Destroying: tileImprovement:4828
May 14, 2018 12:22:17 PM net.sf.freecol.common.util.LogBuilder log
INFO: Destroying: tileImprovement:4937
May 14, 2018 12:22:17 PM net.sf.freecol.common.util.LogBuilder log
INFO: Destroying: tileImprovement:4939
May 14, 2018 12:22:17 PM net.sf.freecol.common.util.LogBuilder log
INFO: Destroying: tileImprovement:4941
May 14, 2018 12:22:17 PM net.sf.freecol.common.util.LogBuilder log
INFO: Destroying: tileImprovement:4943
May 14, 2018 12:22:17 PM net.sf.freecol.common.util.LogBuilder log
INFO: Destroying: tileImprovement:4945
May 14, 2018 12:22:17 PM net.sf.freecol.common.util.LogBuilder log
INFO: Destroying: tileImprovement:4947
May 14, 2018 12:22:17 PM net.sf.freecol.common.util.LogBuilder log
INFO: Destroying: tileImprovement:4924
May 14, 2018 12:22:17 PM net.sf.freecol.common.util.LogBuilder log
INFO: Destroying: tileImprovement:4925
May 14, 2018 12:22:17 PM net.sf.freecol.common.util.LogBuilder log
INFO: Destroying: tileImprovement:4926
May 14, 2018 12:22:17 PM net.sf.freecol.common.util.LogBuilder log
INFO: Destroying: tileImprovement:4927
May 14, 2018 12:22:17 PM net.sf.freecol.common.util.LogBuilder log
INFO: Destroying: tileImprovement:4928
May 14, 2018 12:22:17 PM net.sf.freecol.common.util.LogBuilder log
INFO: Destroying: tileImprovement:4929
May 14, 2018 12:22:17 PM net.sf.freecol.common.util.LogBuilder log
INFO: Destroying: tileImprovement:4930
May 14, 2018 12:22:17 PM net.sf.freecol.common.util.LogBuilder log
INFO: Destroying: tileImprovement:4931
May 14, 2018 12:22:17 PM net.sf.freecol.common.util.LogBuilder log
INFO: Destroying: tileImprovement:4932
May 14, 2018 12:22:17 PM net.sf.freecol.common.util.LogBuilder log
INFO: Destroying: tileImprovement:4933
May 14, 2018 12:22:17 PM net.sf.freecol.common.util.LogBuilder log
INFO: Destroying: tileImprovement:4934
May 14, 2018 12:22:17 PM net.sf.freecol.common.util.LogBuilder log
INFO: Destroying: tileImprovement:4935
May 14, 2018 12:22:17 PM net.sf.freecol.common.util.LogBuilder log
INFO: Destroying: tileImprovement:4936
May 14, 2018 12:22:17 PM net.sf.freecol.common.util.LogBuilder log
INFO: Destroying: tileImprovement:4752
May 14, 2018 12:22:17 PM net.sf.freecol.common.util.LogBuilder log
INFO: Destroying: tileImprovement:4754
May 14, 2018 12:22:17 PM net.sf.freecol.common.util.LogBuilder log
INFO: Destroying: tileImprovement:4756
May 14, 2018 12:22:17 PM net.sf.freecol.common.util.LogBuilder log
INFO: Destroying: tileImprovement:5045
May 14, 2018 12:22:17 PM net.sf.freecol.common.util.LogBuilder log
INFO: Destroying: tileImprovement:5047
May 14, 2018 12:22:17 PM net.sf.freecol.common.util.LogBuilder log
INFO: Destroying: tileImprovement:5049
May 14, 2018 12:22:17 PM net.sf.freecol.common.util.LogBuilder log
INFO: Destroying: tileImprovement:4740
May 14, 2018 12:22:17 PM net.sf.freecol.common.util.LogBuilder log
INFO: Destroying: tileImprovement:4742
May 14, 2018 12:22:17 PM net.sf.freecol.common.util.LogBuilder log
INFO: Destroying: tileImprovement:4744
May 14, 2018 12:22:17 PM net.sf.freecol.common.util.LogBuilder log
INFO: Destroying: tileImprovement:5187
May 14, 2018 12:22:17 PM net.sf.freecol.common.util.LogBuilder log
INFO: Destroying: tileImprovement:5188
May 14, 2018 12:22:17 PM net.sf.freecol.common.util.LogBuilder log
INFO: Destroying: tileImprovement:5189
May 14, 2018 12:22:17 PM net.sf.freecol.common.util.LogBuilder log
INFO: Destroying: tileImprovement:5171
May 14, 2018 12:22:17 PM net.sf.freecol.common.util.LogBuilder log
INFO: Destroying: tileImprovement:5173
May 14, 2018 12:22:17 PM net.sf.freecol.common.util.LogBuilder log
INFO: Destroying: tileImprovement:5168
May 14, 2018 12:22:17 PM net.sf.freecol.common.util.LogBuilder log
INFO: Destroying: tileImprovement:5169
May 14, 2018 12:22:17 PM net.sf.freecol.common.util.LogBuilder log
INFO: Destroying: tileImprovement:5170
May 14, 2018 12:22:17 PM net.sf.freecol.common.util.LogBuilder log
INFO: Destroying: tileImprovement:4694
May 14, 2018 12:22:17 PM net.sf.freecol.common.util.LogBuilder log
INFO: Destroying: tileImprovement:4696
May 14, 2018 12:22:17 PM net.sf.freecol.common.util.LogBuilder log
INFO: Destroying: tileImprovement:4698
May 14, 2018 12:22:17 PM net.sf.freecol.common.util.LogBuilder log
INFO: Destroying: tileImprovement:4700
May 14, 2018 12:22:17 PM net.sf.freecol.common.util.LogBuilder log
INFO: Destroying: tileImprovement:4702
May 14, 2018 12:22:17 PM net.sf.freecol.common.util.LogBuilder log
INFO: Destroying: tileImprovement:5041
May 14, 2018 12:22:17 PM net.sf.freecol.common.util.LogBuilder log
>>>>>>> master
INFO: Destroying: tileImprovement:5043
]]></system-err>
</testsuite>
